[2023-06-23T15:25:05.291+0000] {logging_mixin.py:149} INFO - Changing /opt/***/logs/dag_id=1_Project_Badge_5/run_id=scheduled__2023-06-20T00:00:00+00:00/task_id=create_file_format permission to 509
[2023-06-23T15:25:05.292+0000] {logging_mixin.py:149} INFO - Failed to change /opt/***/logs/dag_id=1_Project_Badge_5/run_id=scheduled__2023-06-20T00:00:00+00:00/task_id=create_file_format permission to 509: [Errno 1] Operation not permitted: '/opt/***/logs/dag_id=1_Project_Badge_5/run_id=scheduled__2023-06-20T00:00:00+00:00/task_id=create_file_format'
[2023-06-23T15:25:05.331+0000] {logging_mixin.py:149} INFO - Changing /opt/***/logs/dag_id=1_Project_Badge_5/run_id=scheduled__2023-06-20T00:00:00+00:00/task_id=create_file_format permission to 509
[2023-06-23T15:25:05.332+0000] {logging_mixin.py:149} INFO - Failed to change /opt/***/logs/dag_id=1_Project_Badge_5/run_id=scheduled__2023-06-20T00:00:00+00:00/task_id=create_file_format permission to 509: [Errno 1] Operation not permitted: '/opt/***/logs/dag_id=1_Project_Badge_5/run_id=scheduled__2023-06-20T00:00:00+00:00/task_id=create_file_format'
[2023-06-23T15:25:05.554+0000] {taskinstance.py:1103} INFO - Dependencies all met for dep_context=non-requeueable deps ti=<TaskInstance: 1_Project_Badge_5.create_file_format scheduled__2023-06-20T00:00:00+00:00 [queued]>
[2023-06-23T15:25:05.564+0000] {taskinstance.py:1103} INFO - Dependencies all met for dep_context=requeueable deps ti=<TaskInstance: 1_Project_Badge_5.create_file_format scheduled__2023-06-20T00:00:00+00:00 [queued]>
[2023-06-23T15:25:05.565+0000] {taskinstance.py:1308} INFO - Starting attempt 1 of 1
[2023-06-23T15:25:05.580+0000] {taskinstance.py:1327} INFO - Executing <Task(BashOperator): create_file_format> on 2023-06-20 00:00:00+00:00
[2023-06-23T15:25:05.585+0000] {standard_task_runner.py:57} INFO - Started process 1875 to run task
[2023-06-23T15:25:05.590+0000] {standard_task_runner.py:84} INFO - Running: ['***', 'tasks', 'run', '1_Project_Badge_5', 'create_file_format', 'scheduled__2023-06-20T00:00:00+00:00', '--job-id', '45', '--raw', '--subdir', 'DAGS_FOLDER/init.py', '--cfg-path', '/tmp/tmpef4gd7yc']
[2023-06-23T15:25:05.593+0000] {standard_task_runner.py:85} INFO - Job 45: Subtask create_file_format
[2023-06-23T15:25:05.641+0000] {logging_mixin.py:149} INFO - Changing /opt/***/logs/dag_id=1_Project_Badge_5/run_id=scheduled__2023-06-20T00:00:00+00:00/task_id=create_file_format permission to 509
[2023-06-23T15:25:05.642+0000] {logging_mixin.py:149} INFO - Failed to change /opt/***/logs/dag_id=1_Project_Badge_5/run_id=scheduled__2023-06-20T00:00:00+00:00/task_id=create_file_format permission to 509: [Errno 1] Operation not permitted: '/opt/***/logs/dag_id=1_Project_Badge_5/run_id=scheduled__2023-06-20T00:00:00+00:00/task_id=create_file_format'
[2023-06-23T15:25:05.644+0000] {task_command.py:410} INFO - Running <TaskInstance: 1_Project_Badge_5.create_file_format scheduled__2023-06-20T00:00:00+00:00 [running]> on host 9b03f6d5dc98
[2023-06-23T15:25:05.760+0000] {taskinstance.py:1547} INFO - Exporting env vars: AIRFLOW_CTX_DAG_OWNER='***' AIRFLOW_CTX_DAG_ID='1_Project_Badge_5' AIRFLOW_CTX_TASK_ID='create_file_format' AIRFLOW_CTX_EXECUTION_DATE='2023-06-20T00:00:00+00:00' AIRFLOW_CTX_TRY_NUMBER='1' AIRFLOW_CTX_DAG_RUN_ID='scheduled__2023-06-20T00:00:00+00:00'
[2023-06-23T15:25:05.763+0000] {subprocess.py:63} INFO - Tmp dir root location: 
 /tmp
[2023-06-23T15:25:05.764+0000] {subprocess.py:75} INFO - Running command: ['/bin/bash', '-c', 'cd /dbt &&             dbt run-operation create_file_format \\--args \'{                "file_format_name": "ff_json_logs",                 "file_format_type": "JSON",                 "strip_outer_array": true,                 "dry_run": false}\'']
[2023-06-23T15:25:05.774+0000] {subprocess.py:86} INFO - Output:
[2023-06-23T15:25:08.860+0000] {subprocess.py:93} INFO - [0m15:25:08  Running with dbt=1.5.1
[2023-06-23T15:25:12.968+0000] {subprocess.py:93} INFO - [0m15:25:12  [[33mWARNING[0m]: Configuration paths exist in your dbt_project.yml file which do not apply to any resources.
[2023-06-23T15:25:12.968+0000] {subprocess.py:93} INFO - There are 2 unused configuration paths:
[2023-06-23T15:25:12.969+0000] {subprocess.py:93} INFO - - models.badge_5.create_stage
[2023-06-23T15:25:12.969+0000] {subprocess.py:93} INFO - - models.badge_5.time_of_day
[2023-06-23T15:25:13.019+0000] {subprocess.py:93} INFO - [0m15:25:13  Found 1 model, 0 tests, 0 snapshots, 0 analyses, 453 macros, 0 operations, 1 seed file, 0 sources, 0 exposures, 0 metrics, 0 groups
[2023-06-23T15:25:14.384+0000] {subprocess.py:97} INFO - Command exited with return code 0
[2023-06-23T15:25:14.416+0000] {taskinstance.py:1350} INFO - Marking task as SUCCESS. dag_id=1_Project_Badge_5, task_id=create_file_format, execution_date=20230620T000000, start_date=20230623T152505, end_date=20230623T152514
[2023-06-23T15:25:14.452+0000] {local_task_job_runner.py:225} INFO - Task exited with return code 0
[2023-06-23T15:25:14.475+0000] {taskinstance.py:2651} INFO - 0 downstream tasks scheduled from follow-on schedule check
