[2023-06-19T15:45:50.348+0000] {logging_mixin.py:149} INFO - Changing /opt/***/logs/dag_id=1_init_once_seed_todl/run_id=manual__2023-06-19T15:45:49.218650+00:00/task_id=load_seed_todl_once permission to 509
[2023-06-19T15:45:50.349+0000] {logging_mixin.py:149} INFO - Failed to change /opt/***/logs/dag_id=1_init_once_seed_todl/run_id=manual__2023-06-19T15:45:49.218650+00:00/task_id=load_seed_todl_once permission to 509: [Errno 1] Operation not permitted: '/opt/***/logs/dag_id=1_init_once_seed_todl/run_id=manual__2023-06-19T15:45:49.218650+00:00/task_id=load_seed_todl_once'
[2023-06-19T15:45:50.373+0000] {logging_mixin.py:149} INFO - Changing /opt/***/logs/dag_id=1_init_once_seed_todl/run_id=manual__2023-06-19T15:45:49.218650+00:00/task_id=load_seed_todl_once permission to 509
[2023-06-19T15:45:50.373+0000] {logging_mixin.py:149} INFO - Failed to change /opt/***/logs/dag_id=1_init_once_seed_todl/run_id=manual__2023-06-19T15:45:49.218650+00:00/task_id=load_seed_todl_once permission to 509: [Errno 1] Operation not permitted: '/opt/***/logs/dag_id=1_init_once_seed_todl/run_id=manual__2023-06-19T15:45:49.218650+00:00/task_id=load_seed_todl_once'
[2023-06-19T15:45:50.572+0000] {taskinstance.py:1103} INFO - Dependencies all met for dep_context=non-requeueable deps ti=<TaskInstance: 1_init_once_seed_todl.load_seed_todl_once manual__2023-06-19T15:45:49.218650+00:00 [queued]>
[2023-06-19T15:45:50.583+0000] {taskinstance.py:1103} INFO - Dependencies all met for dep_context=requeueable deps ti=<TaskInstance: 1_init_once_seed_todl.load_seed_todl_once manual__2023-06-19T15:45:49.218650+00:00 [queued]>
[2023-06-19T15:45:50.583+0000] {taskinstance.py:1308} INFO - Starting attempt 1 of 1
[2023-06-19T15:45:50.601+0000] {taskinstance.py:1327} INFO - Executing <Task(BashOperator): load_seed_todl_once> on 2023-06-19 15:45:49.218650+00:00
[2023-06-19T15:45:50.608+0000] {standard_task_runner.py:57} INFO - Started process 129 to run task
[2023-06-19T15:45:50.621+0000] {standard_task_runner.py:84} INFO - Running: ['***', 'tasks', 'run', '1_init_once_seed_todl', 'load_seed_todl_once', 'manual__2023-06-19T15:45:49.218650+00:00', '--job-id', '4', '--raw', '--subdir', 'DAGS_FOLDER/init.py', '--cfg-path', '/tmp/tmpjqo_139m']
[2023-06-19T15:45:50.629+0000] {standard_task_runner.py:85} INFO - Job 4: Subtask load_seed_todl_once
[2023-06-19T15:45:50.723+0000] {logging_mixin.py:149} INFO - Changing /opt/***/logs/dag_id=1_init_once_seed_todl/run_id=manual__2023-06-19T15:45:49.218650+00:00/task_id=load_seed_todl_once permission to 509
[2023-06-19T15:45:50.724+0000] {logging_mixin.py:149} INFO - Failed to change /opt/***/logs/dag_id=1_init_once_seed_todl/run_id=manual__2023-06-19T15:45:49.218650+00:00/task_id=load_seed_todl_once permission to 509: [Errno 1] Operation not permitted: '/opt/***/logs/dag_id=1_init_once_seed_todl/run_id=manual__2023-06-19T15:45:49.218650+00:00/task_id=load_seed_todl_once'
[2023-06-19T15:45:50.729+0000] {task_command.py:410} INFO - Running <TaskInstance: 1_init_once_seed_todl.load_seed_todl_once manual__2023-06-19T15:45:49.218650+00:00 [running]> on host 4b00305fbb31
[2023-06-19T15:45:50.985+0000] {taskinstance.py:1547} INFO - Exporting env vars: AIRFLOW_CTX_DAG_OWNER='***' AIRFLOW_CTX_DAG_ID='1_init_once_seed_todl' AIRFLOW_CTX_TASK_ID='load_seed_todl_once' AIRFLOW_CTX_EXECUTION_DATE='2023-06-19T15:45:49.218650+00:00' AIRFLOW_CTX_TRY_NUMBER='1' AIRFLOW_CTX_DAG_RUN_ID='manual__2023-06-19T15:45:49.218650+00:00'
[2023-06-19T15:45:50.992+0000] {subprocess.py:63} INFO - Tmp dir root location: 
 /tmp
[2023-06-19T15:45:50.994+0000] {subprocess.py:75} INFO - Running command: ['/bin/bash', '-c', 'cd /dbt && dbt seed --profiles-dir .']
[2023-06-19T15:45:51.005+0000] {subprocess.py:86} INFO - Output:
[2023-06-19T15:45:54.267+0000] {subprocess.py:93} INFO - [0m15:45:54  Running with dbt=1.5.1
[2023-06-19T15:45:55.640+0000] {subprocess.py:93} INFO - [0m15:45:55  Unable to do partial parsing because saved manifest not found. Starting full parse.
[2023-06-19T15:45:57.000+0000] {subprocess.py:93} INFO - [0m15:45:56  Found 3 models, 4 tests, 0 snapshots, 0 analyses, 321 macros, 0 operations, 1 seed file, 0 sources, 0 exposures, 0 metrics, 0 groups
[2023-06-19T15:45:57.003+0000] {subprocess.py:93} INFO - [0m15:45:57
[2023-06-19T15:45:58.614+0000] {subprocess.py:93} INFO - [0m15:45:58  Concurrency: 200 threads (target='dev')
[2023-06-19T15:45:58.616+0000] {subprocess.py:93} INFO - [0m15:45:58
[2023-06-19T15:45:58.694+0000] {subprocess.py:93} INFO - [0m15:45:58  1 of 1 START seed file ***.time_of_day_lu .................................. [RUN]
[2023-06-19T15:46:00.333+0000] {subprocess.py:93} INFO - [0m15:46:00  1 of 1 OK loaded seed file ***.time_of_day_lu .............................. [[32mINSERT 24[0m in 1.64s]
[2023-06-19T15:46:00.421+0000] {subprocess.py:93} INFO - [0m15:46:00
[2023-06-19T15:46:00.422+0000] {subprocess.py:93} INFO - [0m15:46:00  Finished running 1 seed in 0 hours 0 minutes and 3.42 seconds (3.42s).
[2023-06-19T15:46:00.544+0000] {subprocess.py:93} INFO - [0m15:46:00
[2023-06-19T15:46:00.546+0000] {subprocess.py:93} INFO - [0m15:46:00  [32mCompleted successfully[0m
[2023-06-19T15:46:00.547+0000] {subprocess.py:93} INFO - [0m15:46:00
[2023-06-19T15:46:00.548+0000] {subprocess.py:93} INFO - [0m15:46:00  Done. PASS=1 WARN=0 ERROR=0 SKIP=0 TOTAL=1
[2023-06-19T15:46:01.252+0000] {subprocess.py:97} INFO - Command exited with return code 0
[2023-06-19T15:46:01.282+0000] {taskinstance.py:1350} INFO - Marking task as SUCCESS. dag_id=1_init_once_seed_todl, task_id=load_seed_todl_once, execution_date=20230619T154549, start_date=20230619T154550, end_date=20230619T154601
[2023-06-19T15:46:01.328+0000] {local_task_job_runner.py:225} INFO - Task exited with return code 0
[2023-06-19T15:46:01.345+0000] {taskinstance.py:2651} INFO - 0 downstream tasks scheduled from follow-on schedule check
