[2023-06-23T15:26:38.390+0000] {logging_mixin.py:149} INFO - Changing /opt/***/logs/dag_id=1_Project_Badge_5/run_id=manual__2023-06-23T15:26:37.115887+00:00/task_id=create_stage permission to 509
[2023-06-23T15:26:38.391+0000] {logging_mixin.py:149} INFO - Failed to change /opt/***/logs/dag_id=1_Project_Badge_5/run_id=manual__2023-06-23T15:26:37.115887+00:00/task_id=create_stage permission to 509: [Errno 1] Operation not permitted: '/opt/***/logs/dag_id=1_Project_Badge_5/run_id=manual__2023-06-23T15:26:37.115887+00:00/task_id=create_stage'
[2023-06-23T15:26:38.419+0000] {logging_mixin.py:149} INFO - Changing /opt/***/logs/dag_id=1_Project_Badge_5/run_id=manual__2023-06-23T15:26:37.115887+00:00/task_id=create_stage permission to 509
[2023-06-23T15:26:38.420+0000] {logging_mixin.py:149} INFO - Failed to change /opt/***/logs/dag_id=1_Project_Badge_5/run_id=manual__2023-06-23T15:26:37.115887+00:00/task_id=create_stage permission to 509: [Errno 1] Operation not permitted: '/opt/***/logs/dag_id=1_Project_Badge_5/run_id=manual__2023-06-23T15:26:37.115887+00:00/task_id=create_stage'
[2023-06-23T15:26:38.595+0000] {taskinstance.py:1103} INFO - Dependencies all met for dep_context=non-requeueable deps ti=<TaskInstance: 1_Project_Badge_5.create_stage manual__2023-06-23T15:26:37.115887+00:00 [queued]>
[2023-06-23T15:26:38.604+0000] {taskinstance.py:1103} INFO - Dependencies all met for dep_context=requeueable deps ti=<TaskInstance: 1_Project_Badge_5.create_stage manual__2023-06-23T15:26:37.115887+00:00 [queued]>
[2023-06-23T15:26:38.605+0000] {taskinstance.py:1308} INFO - Starting attempt 1 of 1
[2023-06-23T15:26:38.619+0000] {taskinstance.py:1327} INFO - Executing <Task(BashOperator): create_stage> on 2023-06-23 15:26:37.115887+00:00
[2023-06-23T15:26:38.624+0000] {standard_task_runner.py:57} INFO - Started process 2395 to run task
[2023-06-23T15:26:38.627+0000] {standard_task_runner.py:84} INFO - Running: ['***', 'tasks', 'run', '1_Project_Badge_5', 'create_stage', 'manual__2023-06-23T15:26:37.115887+00:00', '--job-id', '48', '--raw', '--subdir', 'DAGS_FOLDER/init.py', '--cfg-path', '/tmp/tmpoq84k1ht']
[2023-06-23T15:26:38.630+0000] {standard_task_runner.py:85} INFO - Job 48: Subtask create_stage
[2023-06-23T15:26:38.682+0000] {logging_mixin.py:149} INFO - Changing /opt/***/logs/dag_id=1_Project_Badge_5/run_id=manual__2023-06-23T15:26:37.115887+00:00/task_id=create_stage permission to 509
[2023-06-23T15:26:38.683+0000] {logging_mixin.py:149} INFO - Failed to change /opt/***/logs/dag_id=1_Project_Badge_5/run_id=manual__2023-06-23T15:26:37.115887+00:00/task_id=create_stage permission to 509: [Errno 1] Operation not permitted: '/opt/***/logs/dag_id=1_Project_Badge_5/run_id=manual__2023-06-23T15:26:37.115887+00:00/task_id=create_stage'
[2023-06-23T15:26:38.685+0000] {task_command.py:410} INFO - Running <TaskInstance: 1_Project_Badge_5.create_stage manual__2023-06-23T15:26:37.115887+00:00 [running]> on host 9b03f6d5dc98
[2023-06-23T15:26:38.829+0000] {taskinstance.py:1547} INFO - Exporting env vars: AIRFLOW_CTX_DAG_OWNER='***' AIRFLOW_CTX_DAG_ID='1_Project_Badge_5' AIRFLOW_CTX_TASK_ID='create_stage' AIRFLOW_CTX_EXECUTION_DATE='2023-06-23T15:26:37.115887+00:00' AIRFLOW_CTX_TRY_NUMBER='1' AIRFLOW_CTX_DAG_RUN_ID='manual__2023-06-23T15:26:37.115887+00:00'
[2023-06-23T15:26:38.831+0000] {subprocess.py:63} INFO - Tmp dir root location: 
 /tmp
[2023-06-23T15:26:38.833+0000] {subprocess.py:75} INFO - Running command: ['/bin/bash', '-c', 'cd /dbt && dbt run-operation create_stage --args \'{"stage_name": "uni_kishore_pipeline", "stage_url": "s3://uni-kishore-pipeline", "dry_run": false}\'']
[2023-06-23T15:26:38.846+0000] {subprocess.py:86} INFO - Output:
[2023-06-23T15:26:42.247+0000] {subprocess.py:93} INFO - [0m15:26:42  Running with dbt=1.5.1
[2023-06-23T15:26:46.421+0000] {subprocess.py:93} INFO - [0m15:26:46  [[33mWARNING[0m]: Configuration paths exist in your dbt_project.yml file which do not apply to any resources.
[2023-06-23T15:26:46.422+0000] {subprocess.py:93} INFO - There are 2 unused configuration paths:
[2023-06-23T15:26:46.423+0000] {subprocess.py:93} INFO - - models.badge_5.time_of_day
[2023-06-23T15:26:46.424+0000] {subprocess.py:93} INFO - - models.badge_5.create_stage
[2023-06-23T15:26:46.465+0000] {subprocess.py:93} INFO - [0m15:26:46  Found 1 model, 0 tests, 0 snapshots, 0 analyses, 453 macros, 0 operations, 1 seed file, 0 sources, 0 exposures, 0 metrics, 0 groups
[2023-06-23T15:26:48.315+0000] {subprocess.py:97} INFO - Command exited with return code 0
[2023-06-23T15:26:48.348+0000] {taskinstance.py:1350} INFO - Marking task as SUCCESS. dag_id=1_Project_Badge_5, task_id=create_stage, execution_date=20230623T152637, start_date=20230623T152638, end_date=20230623T152648
[2023-06-23T15:26:48.398+0000] {local_task_job_runner.py:225} INFO - Task exited with return code 0
[2023-06-23T15:26:48.452+0000] {taskinstance.py:2651} INFO - 0 downstream tasks scheduled from follow-on schedule check
