[2023-06-20T09:10:18.345+0000] {logging_mixin.py:149} INFO - Changing /opt/***/logs/dag_id=Badge_5/run_id=manual__2023-06-20T09:10:15.682153+00:00/task_id=load_seed_todl_once permission to 509
[2023-06-20T09:10:18.346+0000] {logging_mixin.py:149} INFO - Failed to change /opt/***/logs/dag_id=Badge_5/run_id=manual__2023-06-20T09:10:15.682153+00:00/task_id=load_seed_todl_once permission to 509: [Errno 1] Operation not permitted: '/opt/***/logs/dag_id=Badge_5/run_id=manual__2023-06-20T09:10:15.682153+00:00/task_id=load_seed_todl_once'
[2023-06-20T09:10:18.527+0000] {logging_mixin.py:149} INFO - Changing /opt/***/logs/dag_id=Badge_5/run_id=manual__2023-06-20T09:10:15.682153+00:00/task_id=load_seed_todl_once permission to 509
[2023-06-20T09:10:18.528+0000] {logging_mixin.py:149} INFO - Failed to change /opt/***/logs/dag_id=Badge_5/run_id=manual__2023-06-20T09:10:15.682153+00:00/task_id=load_seed_todl_once permission to 509: [Errno 1] Operation not permitted: '/opt/***/logs/dag_id=Badge_5/run_id=manual__2023-06-20T09:10:15.682153+00:00/task_id=load_seed_todl_once'
[2023-06-20T09:10:18.572+0000] {taskinstance.py:1103} INFO - Dependencies all met for dep_context=non-requeueable deps ti=<TaskInstance: Badge_5.load_seed_todl_once manual__2023-06-20T09:10:15.682153+00:00 [queued]>
[2023-06-20T09:10:18.582+0000] {taskinstance.py:1103} INFO - Dependencies all met for dep_context=requeueable deps ti=<TaskInstance: Badge_5.load_seed_todl_once manual__2023-06-20T09:10:15.682153+00:00 [queued]>
[2023-06-20T09:10:18.583+0000] {taskinstance.py:1308} INFO - Starting attempt 1 of 1
[2023-06-20T09:10:18.601+0000] {taskinstance.py:1327} INFO - Executing <Task(BashOperator): load_seed_todl_once> on 2023-06-20 09:10:15.682153+00:00
[2023-06-20T09:10:18.607+0000] {standard_task_runner.py:57} INFO - Started process 70 to run task
[2023-06-20T09:10:18.611+0000] {standard_task_runner.py:84} INFO - Running: ['***', 'tasks', 'run', 'Badge_5', 'load_seed_todl_once', 'manual__2023-06-20T09:10:15.682153+00:00', '--job-id', '13', '--raw', '--subdir', 'DAGS_FOLDER/init.py', '--cfg-path', '/tmp/tmpdjbun1p4']
[2023-06-20T09:10:18.613+0000] {standard_task_runner.py:85} INFO - Job 13: Subtask load_seed_todl_once
[2023-06-20T09:10:18.673+0000] {logging_mixin.py:149} INFO - Changing /opt/***/logs/dag_id=Badge_5/run_id=manual__2023-06-20T09:10:15.682153+00:00/task_id=load_seed_todl_once permission to 509
[2023-06-20T09:10:18.674+0000] {logging_mixin.py:149} INFO - Failed to change /opt/***/logs/dag_id=Badge_5/run_id=manual__2023-06-20T09:10:15.682153+00:00/task_id=load_seed_todl_once permission to 509: [Errno 1] Operation not permitted: '/opt/***/logs/dag_id=Badge_5/run_id=manual__2023-06-20T09:10:15.682153+00:00/task_id=load_seed_todl_once'
[2023-06-20T09:10:18.677+0000] {task_command.py:410} INFO - Running <TaskInstance: Badge_5.load_seed_todl_once manual__2023-06-20T09:10:15.682153+00:00 [running]> on host 79d4b5a39d3a
[2023-06-20T09:10:18.818+0000] {taskinstance.py:1547} INFO - Exporting env vars: AIRFLOW_CTX_DAG_OWNER='***' AIRFLOW_CTX_DAG_ID='Badge_5' AIRFLOW_CTX_TASK_ID='load_seed_todl_once' AIRFLOW_CTX_EXECUTION_DATE='2023-06-20T09:10:15.682153+00:00' AIRFLOW_CTX_TRY_NUMBER='1' AIRFLOW_CTX_DAG_RUN_ID='manual__2023-06-20T09:10:15.682153+00:00'
[2023-06-20T09:10:18.821+0000] {subprocess.py:63} INFO - Tmp dir root location: 
 /tmp
[2023-06-20T09:10:18.822+0000] {subprocess.py:75} INFO - Running command: ['/bin/bash', '-c', 'cd /dbt && dbt seed --profiles-dir .']
[2023-06-20T09:10:18.832+0000] {subprocess.py:86} INFO - Output:
[2023-06-20T09:10:21.983+0000] {subprocess.py:93} INFO - [0m09:10:21  Running with dbt=1.5.1
[2023-06-20T09:10:23.555+0000] {subprocess.py:93} INFO - [0m09:10:23  [[33mWARNING[0m]: Configuration paths exist in your dbt_project.yml file which do not apply to any resources.
[2023-06-20T09:10:23.555+0000] {subprocess.py:93} INFO - There are 1 unused configuration paths:
[2023-06-20T09:10:23.556+0000] {subprocess.py:93} INFO - - models.badge_5.time_of_day
[2023-06-20T09:10:23.700+0000] {subprocess.py:93} INFO - [0m09:10:23  Found 3 models, 4 tests, 0 snapshots, 0 analyses, 321 macros, 0 operations, 1 seed file, 0 sources, 0 exposures, 0 metrics, 0 groups
[2023-06-20T09:10:23.714+0000] {subprocess.py:93} INFO - [0m09:10:23
[2023-06-20T09:10:25.855+0000] {subprocess.py:93} INFO - [0m09:10:25  Concurrency: 200 threads (target='dev')
[2023-06-20T09:10:25.856+0000] {subprocess.py:93} INFO - [0m09:10:25
[2023-06-20T09:10:25.910+0000] {subprocess.py:93} INFO - [0m09:10:25  1 of 1 START seed file ***.time_of_day_lu .................................. [RUN]
[2023-06-20T09:10:28.909+0000] {subprocess.py:93} INFO - [0m09:10:28  1 of 1 OK loaded seed file ***.time_of_day_lu .............................. [[32mINSERT 24[0m in 3.00s]
[2023-06-20T09:10:28.962+0000] {subprocess.py:93} INFO - [0m09:10:28
[2023-06-20T09:10:28.963+0000] {subprocess.py:93} INFO - [0m09:10:28  Finished running 1 seed in 0 hours 0 minutes and 5.25 seconds (5.25s).
[2023-06-20T09:10:28.993+0000] {subprocess.py:93} INFO - [0m09:10:28
[2023-06-20T09:10:28.995+0000] {subprocess.py:93} INFO - [0m09:10:28  [32mCompleted successfully[0m
[2023-06-20T09:10:28.996+0000] {subprocess.py:93} INFO - [0m09:10:28
[2023-06-20T09:10:28.998+0000] {subprocess.py:93} INFO - [0m09:10:28  Done. PASS=1 WARN=0 ERROR=0 SKIP=0 TOTAL=1
[2023-06-20T09:10:29.672+0000] {subprocess.py:97} INFO - Command exited with return code 0
[2023-06-20T09:10:29.699+0000] {taskinstance.py:1350} INFO - Marking task as SUCCESS. dag_id=Badge_5, task_id=load_seed_todl_once, execution_date=20230620T091015, start_date=20230620T091018, end_date=20230620T091029
[2023-06-20T09:10:29.821+0000] {local_task_job_runner.py:225} INFO - Task exited with return code 0
[2023-06-20T09:10:29.848+0000] {taskinstance.py:2651} INFO - 1 downstream tasks scheduled from follow-on schedule check
