[2023-06-19T15:41:59.286+0000] {processor.py:157} INFO - Started process (PID=61) to work on /home/airflow/.local/lib/python3.7/site-packages/airflow/example_dags/example_bash_operator.py
[2023-06-19T15:41:59.288+0000] {processor.py:826} INFO - Processing file /home/airflow/.local/lib/python3.7/site-packages/airflow/example_dags/example_bash_operator.py for tasks to queue
[2023-06-19T15:41:59.289+0000] {logging_mixin.py:149} INFO - [2023-06-19T15:41:59.289+0000] {dagbag.py:541} INFO - Filling up the DagBag from /home/airflow/.local/lib/python3.7/site-packages/airflow/example_dags/example_bash_operator.py
[2023-06-19T15:41:59.308+0000] {processor.py:836} INFO - DAG(s) dict_keys(['example_bash_operator']) retrieved from /home/airflow/.local/lib/python3.7/site-packages/airflow/example_dags/example_bash_operator.py
[2023-06-19T15:41:59.471+0000] {logging_mixin.py:149} INFO - [2023-06-19T15:41:59.471+0000] {manager.py:504} INFO - Created Permission View: can delete on DAG:example_bash_operator
[2023-06-19T15:41:59.486+0000] {logging_mixin.py:149} INFO - [2023-06-19T15:41:59.486+0000] {manager.py:504} INFO - Created Permission View: can read on DAG:example_bash_operator
[2023-06-19T15:41:59.497+0000] {logging_mixin.py:149} INFO - [2023-06-19T15:41:59.497+0000] {manager.py:504} INFO - Created Permission View: can edit on DAG:example_bash_operator
[2023-06-19T15:41:59.498+0000] {logging_mixin.py:149} INFO - [2023-06-19T15:41:59.498+0000] {dag.py:2726} INFO - Sync 1 DAGs
[2023-06-19T15:41:59.513+0000] {logging_mixin.py:149} INFO - [2023-06-19T15:41:59.513+0000] {dag.py:2747} INFO - Creating ORM DAG for example_bash_operator
[2023-06-19T15:41:59.528+0000] {logging_mixin.py:149} INFO - [2023-06-19T15:41:59.528+0000] {dag.py:3490} INFO - Setting next_dagrun for example_bash_operator to 2023-06-18T00:00:00+00:00, run_after=2023-06-19T00:00:00+00:00
[2023-06-19T15:41:59.549+0000] {processor.py:179} INFO - Processing /home/airflow/.local/lib/python3.7/site-packages/airflow/example_dags/example_bash_operator.py took 0.270 seconds
[2023-06-19T15:42:30.321+0000] {processor.py:157} INFO - Started process (PID=127) to work on /home/airflow/.local/lib/python3.7/site-packages/airflow/example_dags/example_bash_operator.py
[2023-06-19T15:42:30.322+0000] {processor.py:826} INFO - Processing file /home/airflow/.local/lib/python3.7/site-packages/airflow/example_dags/example_bash_operator.py for tasks to queue
[2023-06-19T15:42:30.323+0000] {logging_mixin.py:149} INFO - [2023-06-19T15:42:30.323+0000] {dagbag.py:541} INFO - Filling up the DagBag from /home/airflow/.local/lib/python3.7/site-packages/airflow/example_dags/example_bash_operator.py
[2023-06-19T15:42:30.336+0000] {processor.py:836} INFO - DAG(s) dict_keys(['example_bash_operator']) retrieved from /home/airflow/.local/lib/python3.7/site-packages/airflow/example_dags/example_bash_operator.py
[2023-06-19T15:42:30.372+0000] {logging_mixin.py:149} INFO - [2023-06-19T15:42:30.371+0000] {dag.py:2726} INFO - Sync 1 DAGs
[2023-06-19T15:42:30.398+0000] {logging_mixin.py:149} INFO - [2023-06-19T15:42:30.398+0000] {dag.py:3490} INFO - Setting next_dagrun for example_bash_operator to 2023-06-18T00:00:00+00:00, run_after=2023-06-19T00:00:00+00:00
[2023-06-19T15:42:30.418+0000] {processor.py:179} INFO - Processing /home/airflow/.local/lib/python3.7/site-packages/airflow/example_dags/example_bash_operator.py took 0.099 seconds
[2023-06-19T15:43:00.521+0000] {processor.py:157} INFO - Started process (PID=192) to work on /home/airflow/.local/lib/python3.7/site-packages/airflow/example_dags/example_bash_operator.py
[2023-06-19T15:43:00.522+0000] {processor.py:826} INFO - Processing file /home/airflow/.local/lib/python3.7/site-packages/airflow/example_dags/example_bash_operator.py for tasks to queue
[2023-06-19T15:43:00.523+0000] {logging_mixin.py:149} INFO - [2023-06-19T15:43:00.523+0000] {dagbag.py:541} INFO - Filling up the DagBag from /home/airflow/.local/lib/python3.7/site-packages/airflow/example_dags/example_bash_operator.py
[2023-06-19T15:43:00.536+0000] {processor.py:836} INFO - DAG(s) dict_keys(['example_bash_operator']) retrieved from /home/airflow/.local/lib/python3.7/site-packages/airflow/example_dags/example_bash_operator.py
[2023-06-19T15:43:00.572+0000] {logging_mixin.py:149} INFO - [2023-06-19T15:43:00.572+0000] {dag.py:2726} INFO - Sync 1 DAGs
[2023-06-19T15:43:00.596+0000] {logging_mixin.py:149} INFO - [2023-06-19T15:43:00.596+0000] {dag.py:3490} INFO - Setting next_dagrun for example_bash_operator to 2023-06-18T00:00:00+00:00, run_after=2023-06-19T00:00:00+00:00
[2023-06-19T15:43:00.614+0000] {processor.py:179} INFO - Processing /home/airflow/.local/lib/python3.7/site-packages/airflow/example_dags/example_bash_operator.py took 0.096 seconds
[2023-06-19T15:43:30.725+0000] {processor.py:157} INFO - Started process (PID=257) to work on /home/airflow/.local/lib/python3.7/site-packages/airflow/example_dags/example_bash_operator.py
[2023-06-19T15:43:30.726+0000] {processor.py:826} INFO - Processing file /home/airflow/.local/lib/python3.7/site-packages/airflow/example_dags/example_bash_operator.py for tasks to queue
[2023-06-19T15:43:30.727+0000] {logging_mixin.py:149} INFO - [2023-06-19T15:43:30.727+0000] {dagbag.py:541} INFO - Filling up the DagBag from /home/airflow/.local/lib/python3.7/site-packages/airflow/example_dags/example_bash_operator.py
[2023-06-19T15:43:30.740+0000] {processor.py:836} INFO - DAG(s) dict_keys(['example_bash_operator']) retrieved from /home/airflow/.local/lib/python3.7/site-packages/airflow/example_dags/example_bash_operator.py
[2023-06-19T15:43:30.776+0000] {logging_mixin.py:149} INFO - [2023-06-19T15:43:30.776+0000] {dag.py:2726} INFO - Sync 1 DAGs
[2023-06-19T15:43:30.800+0000] {logging_mixin.py:149} INFO - [2023-06-19T15:43:30.800+0000] {dag.py:3490} INFO - Setting next_dagrun for example_bash_operator to 2023-06-18T00:00:00+00:00, run_after=2023-06-19T00:00:00+00:00
[2023-06-19T15:43:30.819+0000] {processor.py:179} INFO - Processing /home/airflow/.local/lib/python3.7/site-packages/airflow/example_dags/example_bash_operator.py took 0.097 seconds
[2023-06-19T15:44:00.999+0000] {processor.py:157} INFO - Started process (PID=323) to work on /home/airflow/.local/lib/python3.7/site-packages/airflow/example_dags/example_bash_operator.py
[2023-06-19T15:44:01.000+0000] {processor.py:826} INFO - Processing file /home/airflow/.local/lib/python3.7/site-packages/airflow/example_dags/example_bash_operator.py for tasks to queue
[2023-06-19T15:44:01.001+0000] {logging_mixin.py:149} INFO - [2023-06-19T15:44:01.001+0000] {dagbag.py:541} INFO - Filling up the DagBag from /home/airflow/.local/lib/python3.7/site-packages/airflow/example_dags/example_bash_operator.py
[2023-06-19T15:44:01.014+0000] {processor.py:836} INFO - DAG(s) dict_keys(['example_bash_operator']) retrieved from /home/airflow/.local/lib/python3.7/site-packages/airflow/example_dags/example_bash_operator.py
[2023-06-19T15:44:01.048+0000] {logging_mixin.py:149} INFO - [2023-06-19T15:44:01.048+0000] {dag.py:2726} INFO - Sync 1 DAGs
[2023-06-19T15:44:01.072+0000] {logging_mixin.py:149} INFO - [2023-06-19T15:44:01.072+0000] {dag.py:3490} INFO - Setting next_dagrun for example_bash_operator to 2023-06-18T00:00:00+00:00, run_after=2023-06-19T00:00:00+00:00
[2023-06-19T15:44:01.091+0000] {processor.py:179} INFO - Processing /home/airflow/.local/lib/python3.7/site-packages/airflow/example_dags/example_bash_operator.py took 0.094 seconds
[2023-06-19T15:44:31.388+0000] {processor.py:157} INFO - Started process (PID=387) to work on /home/airflow/.local/lib/python3.7/site-packages/airflow/example_dags/example_bash_operator.py
[2023-06-19T15:44:31.390+0000] {processor.py:826} INFO - Processing file /home/airflow/.local/lib/python3.7/site-packages/airflow/example_dags/example_bash_operator.py for tasks to queue
[2023-06-19T15:44:31.391+0000] {logging_mixin.py:149} INFO - [2023-06-19T15:44:31.391+0000] {dagbag.py:541} INFO - Filling up the DagBag from /home/airflow/.local/lib/python3.7/site-packages/airflow/example_dags/example_bash_operator.py
[2023-06-19T15:44:31.407+0000] {processor.py:836} INFO - DAG(s) dict_keys(['example_bash_operator']) retrieved from /home/airflow/.local/lib/python3.7/site-packages/airflow/example_dags/example_bash_operator.py
[2023-06-19T15:44:31.449+0000] {logging_mixin.py:149} INFO - [2023-06-19T15:44:31.449+0000] {dag.py:2726} INFO - Sync 1 DAGs
[2023-06-19T15:44:31.480+0000] {logging_mixin.py:149} INFO - [2023-06-19T15:44:31.480+0000] {dag.py:3490} INFO - Setting next_dagrun for example_bash_operator to 2023-06-18T00:00:00+00:00, run_after=2023-06-19T00:00:00+00:00
[2023-06-19T15:44:31.506+0000] {processor.py:179} INFO - Processing /home/airflow/.local/lib/python3.7/site-packages/airflow/example_dags/example_bash_operator.py took 0.121 seconds
[2023-06-19T15:45:01.830+0000] {processor.py:157} INFO - Started process (PID=452) to work on /home/airflow/.local/lib/python3.7/site-packages/airflow/example_dags/example_bash_operator.py
[2023-06-19T15:45:01.831+0000] {processor.py:826} INFO - Processing file /home/airflow/.local/lib/python3.7/site-packages/airflow/example_dags/example_bash_operator.py for tasks to queue
[2023-06-19T15:45:01.832+0000] {logging_mixin.py:149} INFO - [2023-06-19T15:45:01.832+0000] {dagbag.py:541} INFO - Filling up the DagBag from /home/airflow/.local/lib/python3.7/site-packages/airflow/example_dags/example_bash_operator.py
[2023-06-19T15:45:01.845+0000] {processor.py:836} INFO - DAG(s) dict_keys(['example_bash_operator']) retrieved from /home/airflow/.local/lib/python3.7/site-packages/airflow/example_dags/example_bash_operator.py
[2023-06-19T15:45:01.881+0000] {logging_mixin.py:149} INFO - [2023-06-19T15:45:01.881+0000] {dag.py:2726} INFO - Sync 1 DAGs
[2023-06-19T15:45:01.905+0000] {logging_mixin.py:149} INFO - [2023-06-19T15:45:01.905+0000] {dag.py:3490} INFO - Setting next_dagrun for example_bash_operator to 2023-06-18T00:00:00+00:00, run_after=2023-06-19T00:00:00+00:00
[2023-06-19T15:45:01.925+0000] {processor.py:179} INFO - Processing /home/airflow/.local/lib/python3.7/site-packages/airflow/example_dags/example_bash_operator.py took 0.097 seconds
[2023-06-19T15:45:32.274+0000] {processor.py:157} INFO - Started process (PID=517) to work on /home/airflow/.local/lib/python3.7/site-packages/airflow/example_dags/example_bash_operator.py
[2023-06-19T15:45:32.275+0000] {processor.py:826} INFO - Processing file /home/airflow/.local/lib/python3.7/site-packages/airflow/example_dags/example_bash_operator.py for tasks to queue
[2023-06-19T15:45:32.276+0000] {logging_mixin.py:149} INFO - [2023-06-19T15:45:32.275+0000] {dagbag.py:541} INFO - Filling up the DagBag from /home/airflow/.local/lib/python3.7/site-packages/airflow/example_dags/example_bash_operator.py
[2023-06-19T15:45:32.289+0000] {processor.py:836} INFO - DAG(s) dict_keys(['example_bash_operator']) retrieved from /home/airflow/.local/lib/python3.7/site-packages/airflow/example_dags/example_bash_operator.py
[2023-06-19T15:45:32.325+0000] {logging_mixin.py:149} INFO - [2023-06-19T15:45:32.325+0000] {dag.py:2726} INFO - Sync 1 DAGs
[2023-06-19T15:45:32.350+0000] {logging_mixin.py:149} INFO - [2023-06-19T15:45:32.350+0000] {dag.py:3490} INFO - Setting next_dagrun for example_bash_operator to 2023-06-18T00:00:00+00:00, run_after=2023-06-19T00:00:00+00:00
[2023-06-19T15:45:32.369+0000] {processor.py:179} INFO - Processing /home/airflow/.local/lib/python3.7/site-packages/airflow/example_dags/example_bash_operator.py took 0.098 seconds
[2023-06-19T15:46:02.727+0000] {processor.py:157} INFO - Started process (PID=582) to work on /home/airflow/.local/lib/python3.7/site-packages/airflow/example_dags/example_bash_operator.py
[2023-06-19T15:46:02.728+0000] {processor.py:826} INFO - Processing file /home/airflow/.local/lib/python3.7/site-packages/airflow/example_dags/example_bash_operator.py for tasks to queue
[2023-06-19T15:46:02.729+0000] {logging_mixin.py:149} INFO - [2023-06-19T15:46:02.729+0000] {dagbag.py:541} INFO - Filling up the DagBag from /home/airflow/.local/lib/python3.7/site-packages/airflow/example_dags/example_bash_operator.py
[2023-06-19T15:46:02.742+0000] {processor.py:836} INFO - DAG(s) dict_keys(['example_bash_operator']) retrieved from /home/airflow/.local/lib/python3.7/site-packages/airflow/example_dags/example_bash_operator.py
[2023-06-19T15:46:02.777+0000] {logging_mixin.py:149} INFO - [2023-06-19T15:46:02.777+0000] {dag.py:2726} INFO - Sync 1 DAGs
[2023-06-19T15:46:02.800+0000] {logging_mixin.py:149} INFO - [2023-06-19T15:46:02.800+0000] {dag.py:3490} INFO - Setting next_dagrun for example_bash_operator to 2023-06-18T00:00:00+00:00, run_after=2023-06-19T00:00:00+00:00
[2023-06-19T15:46:02.821+0000] {processor.py:179} INFO - Processing /home/airflow/.local/lib/python3.7/site-packages/airflow/example_dags/example_bash_operator.py took 0.097 seconds
[2023-06-19T15:46:32.969+0000] {processor.py:157} INFO - Started process (PID=647) to work on /home/airflow/.local/lib/python3.7/site-packages/airflow/example_dags/example_bash_operator.py
[2023-06-19T15:46:32.971+0000] {processor.py:826} INFO - Processing file /home/airflow/.local/lib/python3.7/site-packages/airflow/example_dags/example_bash_operator.py for tasks to queue
[2023-06-19T15:46:32.972+0000] {logging_mixin.py:149} INFO - [2023-06-19T15:46:32.972+0000] {dagbag.py:541} INFO - Filling up the DagBag from /home/airflow/.local/lib/python3.7/site-packages/airflow/example_dags/example_bash_operator.py
[2023-06-19T15:46:32.988+0000] {processor.py:836} INFO - DAG(s) dict_keys(['example_bash_operator']) retrieved from /home/airflow/.local/lib/python3.7/site-packages/airflow/example_dags/example_bash_operator.py
[2023-06-19T15:46:33.029+0000] {logging_mixin.py:149} INFO - [2023-06-19T15:46:33.029+0000] {dag.py:2726} INFO - Sync 1 DAGs
[2023-06-19T15:46:33.061+0000] {logging_mixin.py:149} INFO - [2023-06-19T15:46:33.061+0000] {dag.py:3490} INFO - Setting next_dagrun for example_bash_operator to 2023-06-18T00:00:00+00:00, run_after=2023-06-19T00:00:00+00:00
[2023-06-19T15:46:33.092+0000] {processor.py:179} INFO - Processing /home/airflow/.local/lib/python3.7/site-packages/airflow/example_dags/example_bash_operator.py took 0.126 seconds
