[2023-06-19T15:41:58.831+0000] {processor.py:157} INFO - Started process (PID=58) to work on /home/airflow/.local/lib/python3.7/site-packages/airflow/example_dags/example_nested_branch_dag.py
[2023-06-19T15:41:58.832+0000] {processor.py:826} INFO - Processing file /home/airflow/.local/lib/python3.7/site-packages/airflow/example_dags/example_nested_branch_dag.py for tasks to queue
[2023-06-19T15:41:58.833+0000] {logging_mixin.py:149} INFO - [2023-06-19T15:41:58.833+0000] {dagbag.py:541} INFO - Filling up the DagBag from /home/airflow/.local/lib/python3.7/site-packages/airflow/example_dags/example_nested_branch_dag.py
[2023-06-19T15:41:58.845+0000] {processor.py:836} INFO - DAG(s) dict_keys(['example_nested_branch_dag']) retrieved from /home/airflow/.local/lib/python3.7/site-packages/airflow/example_dags/example_nested_branch_dag.py
[2023-06-19T15:41:58.968+0000] {logging_mixin.py:149} INFO - [2023-06-19T15:41:58.968+0000] {manager.py:504} INFO - Created Permission View: can delete on DAG:example_nested_branch_dag
[2023-06-19T15:41:58.978+0000] {logging_mixin.py:149} INFO - [2023-06-19T15:41:58.978+0000] {manager.py:504} INFO - Created Permission View: can read on DAG:example_nested_branch_dag
[2023-06-19T15:41:58.987+0000] {logging_mixin.py:149} INFO - [2023-06-19T15:41:58.987+0000] {manager.py:504} INFO - Created Permission View: can edit on DAG:example_nested_branch_dag
[2023-06-19T15:41:58.988+0000] {logging_mixin.py:149} INFO - [2023-06-19T15:41:58.988+0000] {dag.py:2726} INFO - Sync 1 DAGs
[2023-06-19T15:41:59.007+0000] {logging_mixin.py:149} INFO - [2023-06-19T15:41:59.007+0000] {dag.py:2747} INFO - Creating ORM DAG for example_nested_branch_dag
[2023-06-19T15:41:59.024+0000] {logging_mixin.py:149} INFO - [2023-06-19T15:41:59.024+0000] {dag.py:3490} INFO - Setting next_dagrun for example_nested_branch_dag to 2023-06-18T00:00:00+00:00, run_after=2023-06-19T00:00:00+00:00
[2023-06-19T15:41:59.046+0000] {processor.py:179} INFO - Processing /home/airflow/.local/lib/python3.7/site-packages/airflow/example_dags/example_nested_branch_dag.py took 0.219 seconds
[2023-06-19T15:42:29.133+0000] {processor.py:157} INFO - Started process (PID=124) to work on /home/airflow/.local/lib/python3.7/site-packages/airflow/example_dags/example_nested_branch_dag.py
[2023-06-19T15:42:29.134+0000] {processor.py:826} INFO - Processing file /home/airflow/.local/lib/python3.7/site-packages/airflow/example_dags/example_nested_branch_dag.py for tasks to queue
[2023-06-19T15:42:29.135+0000] {logging_mixin.py:149} INFO - [2023-06-19T15:42:29.135+0000] {dagbag.py:541} INFO - Filling up the DagBag from /home/airflow/.local/lib/python3.7/site-packages/airflow/example_dags/example_nested_branch_dag.py
[2023-06-19T15:42:29.145+0000] {processor.py:836} INFO - DAG(s) dict_keys(['example_nested_branch_dag']) retrieved from /home/airflow/.local/lib/python3.7/site-packages/airflow/example_dags/example_nested_branch_dag.py
[2023-06-19T15:42:29.171+0000] {logging_mixin.py:149} INFO - [2023-06-19T15:42:29.171+0000] {dag.py:2726} INFO - Sync 1 DAGs
[2023-06-19T15:42:29.198+0000] {logging_mixin.py:149} INFO - [2023-06-19T15:42:29.198+0000] {dag.py:3490} INFO - Setting next_dagrun for example_nested_branch_dag to 2023-06-18T00:00:00+00:00, run_after=2023-06-19T00:00:00+00:00
[2023-06-19T15:42:29.220+0000] {processor.py:179} INFO - Processing /home/airflow/.local/lib/python3.7/site-packages/airflow/example_dags/example_nested_branch_dag.py took 0.090 seconds
[2023-06-19T15:42:59.259+0000] {processor.py:157} INFO - Started process (PID=189) to work on /home/airflow/.local/lib/python3.7/site-packages/airflow/example_dags/example_nested_branch_dag.py
[2023-06-19T15:42:59.260+0000] {processor.py:826} INFO - Processing file /home/airflow/.local/lib/python3.7/site-packages/airflow/example_dags/example_nested_branch_dag.py for tasks to queue
[2023-06-19T15:42:59.261+0000] {logging_mixin.py:149} INFO - [2023-06-19T15:42:59.261+0000] {dagbag.py:541} INFO - Filling up the DagBag from /home/airflow/.local/lib/python3.7/site-packages/airflow/example_dags/example_nested_branch_dag.py
[2023-06-19T15:42:59.270+0000] {processor.py:836} INFO - DAG(s) dict_keys(['example_nested_branch_dag']) retrieved from /home/airflow/.local/lib/python3.7/site-packages/airflow/example_dags/example_nested_branch_dag.py
[2023-06-19T15:42:59.293+0000] {logging_mixin.py:149} INFO - [2023-06-19T15:42:59.292+0000] {dag.py:2726} INFO - Sync 1 DAGs
[2023-06-19T15:42:59.321+0000] {logging_mixin.py:149} INFO - [2023-06-19T15:42:59.321+0000] {dag.py:3490} INFO - Setting next_dagrun for example_nested_branch_dag to 2023-06-18T00:00:00+00:00, run_after=2023-06-19T00:00:00+00:00
[2023-06-19T15:42:59.340+0000] {processor.py:179} INFO - Processing /home/airflow/.local/lib/python3.7/site-packages/airflow/example_dags/example_nested_branch_dag.py took 0.084 seconds
[2023-06-19T15:43:29.495+0000] {processor.py:157} INFO - Started process (PID=254) to work on /home/airflow/.local/lib/python3.7/site-packages/airflow/example_dags/example_nested_branch_dag.py
[2023-06-19T15:43:29.496+0000] {processor.py:826} INFO - Processing file /home/airflow/.local/lib/python3.7/site-packages/airflow/example_dags/example_nested_branch_dag.py for tasks to queue
[2023-06-19T15:43:29.497+0000] {logging_mixin.py:149} INFO - [2023-06-19T15:43:29.497+0000] {dagbag.py:541} INFO - Filling up the DagBag from /home/airflow/.local/lib/python3.7/site-packages/airflow/example_dags/example_nested_branch_dag.py
[2023-06-19T15:43:29.506+0000] {processor.py:836} INFO - DAG(s) dict_keys(['example_nested_branch_dag']) retrieved from /home/airflow/.local/lib/python3.7/site-packages/airflow/example_dags/example_nested_branch_dag.py
[2023-06-19T15:43:29.529+0000] {logging_mixin.py:149} INFO - [2023-06-19T15:43:29.529+0000] {dag.py:2726} INFO - Sync 1 DAGs
[2023-06-19T15:43:29.553+0000] {logging_mixin.py:149} INFO - [2023-06-19T15:43:29.553+0000] {dag.py:3490} INFO - Setting next_dagrun for example_nested_branch_dag to 2023-06-18T00:00:00+00:00, run_after=2023-06-19T00:00:00+00:00
[2023-06-19T15:43:29.572+0000] {processor.py:179} INFO - Processing /home/airflow/.local/lib/python3.7/site-packages/airflow/example_dags/example_nested_branch_dag.py took 0.080 seconds
[2023-06-19T15:43:59.741+0000] {processor.py:157} INFO - Started process (PID=319) to work on /home/airflow/.local/lib/python3.7/site-packages/airflow/example_dags/example_nested_branch_dag.py
[2023-06-19T15:43:59.742+0000] {processor.py:826} INFO - Processing file /home/airflow/.local/lib/python3.7/site-packages/airflow/example_dags/example_nested_branch_dag.py for tasks to queue
[2023-06-19T15:43:59.743+0000] {logging_mixin.py:149} INFO - [2023-06-19T15:43:59.743+0000] {dagbag.py:541} INFO - Filling up the DagBag from /home/airflow/.local/lib/python3.7/site-packages/airflow/example_dags/example_nested_branch_dag.py
[2023-06-19T15:43:59.752+0000] {processor.py:836} INFO - DAG(s) dict_keys(['example_nested_branch_dag']) retrieved from /home/airflow/.local/lib/python3.7/site-packages/airflow/example_dags/example_nested_branch_dag.py
[2023-06-19T15:43:59.778+0000] {logging_mixin.py:149} INFO - [2023-06-19T15:43:59.778+0000] {dag.py:2726} INFO - Sync 1 DAGs
[2023-06-19T15:43:59.803+0000] {logging_mixin.py:149} INFO - [2023-06-19T15:43:59.803+0000] {dag.py:3490} INFO - Setting next_dagrun for example_nested_branch_dag to 2023-06-18T00:00:00+00:00, run_after=2023-06-19T00:00:00+00:00
[2023-06-19T15:43:59.823+0000] {processor.py:179} INFO - Processing /home/airflow/.local/lib/python3.7/site-packages/airflow/example_dags/example_nested_branch_dag.py took 0.085 seconds
[2023-06-19T15:44:30.216+0000] {processor.py:157} INFO - Started process (PID=384) to work on /home/airflow/.local/lib/python3.7/site-packages/airflow/example_dags/example_nested_branch_dag.py
[2023-06-19T15:44:30.217+0000] {processor.py:826} INFO - Processing file /home/airflow/.local/lib/python3.7/site-packages/airflow/example_dags/example_nested_branch_dag.py for tasks to queue
[2023-06-19T15:44:30.218+0000] {logging_mixin.py:149} INFO - [2023-06-19T15:44:30.218+0000] {dagbag.py:541} INFO - Filling up the DagBag from /home/airflow/.local/lib/python3.7/site-packages/airflow/example_dags/example_nested_branch_dag.py
[2023-06-19T15:44:30.227+0000] {processor.py:836} INFO - DAG(s) dict_keys(['example_nested_branch_dag']) retrieved from /home/airflow/.local/lib/python3.7/site-packages/airflow/example_dags/example_nested_branch_dag.py
[2023-06-19T15:44:30.252+0000] {logging_mixin.py:149} INFO - [2023-06-19T15:44:30.252+0000] {dag.py:2726} INFO - Sync 1 DAGs
[2023-06-19T15:44:30.275+0000] {logging_mixin.py:149} INFO - [2023-06-19T15:44:30.275+0000] {dag.py:3490} INFO - Setting next_dagrun for example_nested_branch_dag to 2023-06-18T00:00:00+00:00, run_after=2023-06-19T00:00:00+00:00
[2023-06-19T15:44:30.293+0000] {processor.py:179} INFO - Processing /home/airflow/.local/lib/python3.7/site-packages/airflow/example_dags/example_nested_branch_dag.py took 0.080 seconds
[2023-06-19T15:45:00.666+0000] {processor.py:157} INFO - Started process (PID=449) to work on /home/airflow/.local/lib/python3.7/site-packages/airflow/example_dags/example_nested_branch_dag.py
[2023-06-19T15:45:00.667+0000] {processor.py:826} INFO - Processing file /home/airflow/.local/lib/python3.7/site-packages/airflow/example_dags/example_nested_branch_dag.py for tasks to queue
[2023-06-19T15:45:00.668+0000] {logging_mixin.py:149} INFO - [2023-06-19T15:45:00.668+0000] {dagbag.py:541} INFO - Filling up the DagBag from /home/airflow/.local/lib/python3.7/site-packages/airflow/example_dags/example_nested_branch_dag.py
[2023-06-19T15:45:00.680+0000] {processor.py:836} INFO - DAG(s) dict_keys(['example_nested_branch_dag']) retrieved from /home/airflow/.local/lib/python3.7/site-packages/airflow/example_dags/example_nested_branch_dag.py
[2023-06-19T15:45:00.707+0000] {logging_mixin.py:149} INFO - [2023-06-19T15:45:00.707+0000] {dag.py:2726} INFO - Sync 1 DAGs
[2023-06-19T15:45:00.734+0000] {logging_mixin.py:149} INFO - [2023-06-19T15:45:00.733+0000] {dag.py:3490} INFO - Setting next_dagrun for example_nested_branch_dag to 2023-06-18T00:00:00+00:00, run_after=2023-06-19T00:00:00+00:00
[2023-06-19T15:45:00.757+0000] {processor.py:179} INFO - Processing /home/airflow/.local/lib/python3.7/site-packages/airflow/example_dags/example_nested_branch_dag.py took 0.094 seconds
[2023-06-19T15:45:31.051+0000] {processor.py:157} INFO - Started process (PID=514) to work on /home/airflow/.local/lib/python3.7/site-packages/airflow/example_dags/example_nested_branch_dag.py
[2023-06-19T15:45:31.052+0000] {processor.py:826} INFO - Processing file /home/airflow/.local/lib/python3.7/site-packages/airflow/example_dags/example_nested_branch_dag.py for tasks to queue
[2023-06-19T15:45:31.054+0000] {logging_mixin.py:149} INFO - [2023-06-19T15:45:31.053+0000] {dagbag.py:541} INFO - Filling up the DagBag from /home/airflow/.local/lib/python3.7/site-packages/airflow/example_dags/example_nested_branch_dag.py
[2023-06-19T15:45:31.064+0000] {processor.py:836} INFO - DAG(s) dict_keys(['example_nested_branch_dag']) retrieved from /home/airflow/.local/lib/python3.7/site-packages/airflow/example_dags/example_nested_branch_dag.py
[2023-06-19T15:45:31.087+0000] {logging_mixin.py:149} INFO - [2023-06-19T15:45:31.087+0000] {dag.py:2726} INFO - Sync 1 DAGs
[2023-06-19T15:45:31.118+0000] {logging_mixin.py:149} INFO - [2023-06-19T15:45:31.117+0000] {dag.py:3490} INFO - Setting next_dagrun for example_nested_branch_dag to 2023-06-18T00:00:00+00:00, run_after=2023-06-19T00:00:00+00:00
[2023-06-19T15:45:31.141+0000] {processor.py:179} INFO - Processing /home/airflow/.local/lib/python3.7/site-packages/airflow/example_dags/example_nested_branch_dag.py took 0.093 seconds
[2023-06-19T15:46:01.518+0000] {processor.py:157} INFO - Started process (PID=579) to work on /home/airflow/.local/lib/python3.7/site-packages/airflow/example_dags/example_nested_branch_dag.py
[2023-06-19T15:46:01.519+0000] {processor.py:826} INFO - Processing file /home/airflow/.local/lib/python3.7/site-packages/airflow/example_dags/example_nested_branch_dag.py for tasks to queue
[2023-06-19T15:46:01.520+0000] {logging_mixin.py:149} INFO - [2023-06-19T15:46:01.520+0000] {dagbag.py:541} INFO - Filling up the DagBag from /home/airflow/.local/lib/python3.7/site-packages/airflow/example_dags/example_nested_branch_dag.py
[2023-06-19T15:46:01.530+0000] {processor.py:836} INFO - DAG(s) dict_keys(['example_nested_branch_dag']) retrieved from /home/airflow/.local/lib/python3.7/site-packages/airflow/example_dags/example_nested_branch_dag.py
[2023-06-19T15:46:01.554+0000] {logging_mixin.py:149} INFO - [2023-06-19T15:46:01.554+0000] {dag.py:2726} INFO - Sync 1 DAGs
[2023-06-19T15:46:01.580+0000] {logging_mixin.py:149} INFO - [2023-06-19T15:46:01.580+0000] {dag.py:3490} INFO - Setting next_dagrun for example_nested_branch_dag to 2023-06-18T00:00:00+00:00, run_after=2023-06-19T00:00:00+00:00
[2023-06-19T15:46:01.600+0000] {processor.py:179} INFO - Processing /home/airflow/.local/lib/python3.7/site-packages/airflow/example_dags/example_nested_branch_dag.py took 0.085 seconds
[2023-06-19T15:46:31.751+0000] {processor.py:157} INFO - Started process (PID=644) to work on /home/airflow/.local/lib/python3.7/site-packages/airflow/example_dags/example_nested_branch_dag.py
[2023-06-19T15:46:31.752+0000] {processor.py:826} INFO - Processing file /home/airflow/.local/lib/python3.7/site-packages/airflow/example_dags/example_nested_branch_dag.py for tasks to queue
[2023-06-19T15:46:31.753+0000] {logging_mixin.py:149} INFO - [2023-06-19T15:46:31.753+0000] {dagbag.py:541} INFO - Filling up the DagBag from /home/airflow/.local/lib/python3.7/site-packages/airflow/example_dags/example_nested_branch_dag.py
[2023-06-19T15:46:31.764+0000] {processor.py:836} INFO - DAG(s) dict_keys(['example_nested_branch_dag']) retrieved from /home/airflow/.local/lib/python3.7/site-packages/airflow/example_dags/example_nested_branch_dag.py
[2023-06-19T15:46:31.797+0000] {logging_mixin.py:149} INFO - [2023-06-19T15:46:31.797+0000] {dag.py:2726} INFO - Sync 1 DAGs
[2023-06-19T15:46:31.830+0000] {logging_mixin.py:149} INFO - [2023-06-19T15:46:31.830+0000] {dag.py:3490} INFO - Setting next_dagrun for example_nested_branch_dag to 2023-06-18T00:00:00+00:00, run_after=2023-06-19T00:00:00+00:00
[2023-06-19T15:46:31.859+0000] {processor.py:179} INFO - Processing /home/airflow/.local/lib/python3.7/site-packages/airflow/example_dags/example_nested_branch_dag.py took 0.111 seconds
