[2023-06-19T15:41:59.873+0000] {processor.py:157} INFO - Started process (PID=65) to work on /home/airflow/.local/lib/python3.7/site-packages/airflow/example_dags/example_xcomargs.py
[2023-06-19T15:41:59.874+0000] {processor.py:826} INFO - Processing file /home/airflow/.local/lib/python3.7/site-packages/airflow/example_dags/example_xcomargs.py for tasks to queue
[2023-06-19T15:41:59.875+0000] {logging_mixin.py:149} INFO - [2023-06-19T15:41:59.875+0000] {dagbag.py:541} INFO - Filling up the DagBag from /home/airflow/.local/lib/python3.7/site-packages/airflow/example_dags/example_xcomargs.py
[2023-06-19T15:41:59.886+0000] {processor.py:836} INFO - DAG(s) dict_keys(['example_xcom_args_with_operators', 'example_xcom_args']) retrieved from /home/airflow/.local/lib/python3.7/site-packages/airflow/example_dags/example_xcomargs.py
[2023-06-19T15:42:00.066+0000] {logging_mixin.py:149} INFO - [2023-06-19T15:42:00.066+0000] {manager.py:504} INFO - Created Permission View: can delete on DAG:example_xcom_args_with_operators
[2023-06-19T15:42:00.078+0000] {logging_mixin.py:149} INFO - [2023-06-19T15:42:00.078+0000] {manager.py:504} INFO - Created Permission View: can read on DAG:example_xcom_args_with_operators
[2023-06-19T15:42:00.087+0000] {logging_mixin.py:149} INFO - [2023-06-19T15:42:00.087+0000] {manager.py:504} INFO - Created Permission View: can edit on DAG:example_xcom_args_with_operators
[2023-06-19T15:42:00.106+0000] {logging_mixin.py:149} INFO - [2023-06-19T15:42:00.105+0000] {manager.py:504} INFO - Created Permission View: can delete on DAG:example_xcom_args
[2023-06-19T15:42:00.115+0000] {logging_mixin.py:149} INFO - [2023-06-19T15:42:00.115+0000] {manager.py:504} INFO - Created Permission View: can read on DAG:example_xcom_args
[2023-06-19T15:42:00.124+0000] {logging_mixin.py:149} INFO - [2023-06-19T15:42:00.124+0000] {manager.py:504} INFO - Created Permission View: can edit on DAG:example_xcom_args
[2023-06-19T15:42:00.125+0000] {logging_mixin.py:149} INFO - [2023-06-19T15:42:00.124+0000] {dag.py:2726} INFO - Sync 2 DAGs
[2023-06-19T15:42:00.151+0000] {logging_mixin.py:149} INFO - [2023-06-19T15:42:00.151+0000] {dag.py:2747} INFO - Creating ORM DAG for example_xcom_args
[2023-06-19T15:42:00.153+0000] {logging_mixin.py:149} INFO - [2023-06-19T15:42:00.153+0000] {dag.py:2747} INFO - Creating ORM DAG for example_xcom_args_with_operators
[2023-06-19T15:42:00.172+0000] {logging_mixin.py:149} INFO - [2023-06-19T15:42:00.172+0000] {dag.py:3490} INFO - Setting next_dagrun for example_xcom_args to None, run_after=None
[2023-06-19T15:42:00.174+0000] {logging_mixin.py:149} INFO - [2023-06-19T15:42:00.173+0000] {dag.py:3490} INFO - Setting next_dagrun for example_xcom_args_with_operators to None, run_after=None
[2023-06-19T15:42:00.199+0000] {processor.py:179} INFO - Processing /home/airflow/.local/lib/python3.7/site-packages/airflow/example_dags/example_xcomargs.py took 0.330 seconds
[2023-06-19T15:42:30.574+0000] {processor.py:157} INFO - Started process (PID=131) to work on /home/airflow/.local/lib/python3.7/site-packages/airflow/example_dags/example_xcomargs.py
[2023-06-19T15:42:30.575+0000] {processor.py:826} INFO - Processing file /home/airflow/.local/lib/python3.7/site-packages/airflow/example_dags/example_xcomargs.py for tasks to queue
[2023-06-19T15:42:30.576+0000] {logging_mixin.py:149} INFO - [2023-06-19T15:42:30.576+0000] {dagbag.py:541} INFO - Filling up the DagBag from /home/airflow/.local/lib/python3.7/site-packages/airflow/example_dags/example_xcomargs.py
[2023-06-19T15:42:30.586+0000] {processor.py:836} INFO - DAG(s) dict_keys(['example_xcom_args', 'example_xcom_args_with_operators']) retrieved from /home/airflow/.local/lib/python3.7/site-packages/airflow/example_dags/example_xcomargs.py
[2023-06-19T15:42:30.618+0000] {logging_mixin.py:149} INFO - [2023-06-19T15:42:30.618+0000] {dag.py:2726} INFO - Sync 2 DAGs
[2023-06-19T15:42:30.644+0000] {logging_mixin.py:149} INFO - [2023-06-19T15:42:30.643+0000] {dag.py:3490} INFO - Setting next_dagrun for example_xcom_args to None, run_after=None
[2023-06-19T15:42:30.647+0000] {logging_mixin.py:149} INFO - [2023-06-19T15:42:30.647+0000] {dag.py:3490} INFO - Setting next_dagrun for example_xcom_args_with_operators to None, run_after=None
[2023-06-19T15:42:30.664+0000] {processor.py:179} INFO - Processing /home/airflow/.local/lib/python3.7/site-packages/airflow/example_dags/example_xcomargs.py took 0.093 seconds
[2023-06-19T15:43:00.795+0000] {processor.py:157} INFO - Started process (PID=196) to work on /home/airflow/.local/lib/python3.7/site-packages/airflow/example_dags/example_xcomargs.py
[2023-06-19T15:43:00.796+0000] {processor.py:826} INFO - Processing file /home/airflow/.local/lib/python3.7/site-packages/airflow/example_dags/example_xcomargs.py for tasks to queue
[2023-06-19T15:43:00.797+0000] {logging_mixin.py:149} INFO - [2023-06-19T15:43:00.797+0000] {dagbag.py:541} INFO - Filling up the DagBag from /home/airflow/.local/lib/python3.7/site-packages/airflow/example_dags/example_xcomargs.py
[2023-06-19T15:43:00.804+0000] {processor.py:836} INFO - DAG(s) dict_keys(['example_xcom_args', 'example_xcom_args_with_operators']) retrieved from /home/airflow/.local/lib/python3.7/site-packages/airflow/example_dags/example_xcomargs.py
[2023-06-19T15:43:00.830+0000] {logging_mixin.py:149} INFO - [2023-06-19T15:43:00.830+0000] {dag.py:2726} INFO - Sync 2 DAGs
[2023-06-19T15:43:00.853+0000] {logging_mixin.py:149} INFO - [2023-06-19T15:43:00.853+0000] {dag.py:3490} INFO - Setting next_dagrun for example_xcom_args to None, run_after=None
[2023-06-19T15:43:00.856+0000] {logging_mixin.py:149} INFO - [2023-06-19T15:43:00.856+0000] {dag.py:3490} INFO - Setting next_dagrun for example_xcom_args_with_operators to None, run_after=None
[2023-06-19T15:43:00.873+0000] {processor.py:179} INFO - Processing /home/airflow/.local/lib/python3.7/site-packages/airflow/example_dags/example_xcomargs.py took 0.081 seconds
[2023-06-19T15:43:30.954+0000] {processor.py:157} INFO - Started process (PID=261) to work on /home/airflow/.local/lib/python3.7/site-packages/airflow/example_dags/example_xcomargs.py
[2023-06-19T15:43:30.955+0000] {processor.py:826} INFO - Processing file /home/airflow/.local/lib/python3.7/site-packages/airflow/example_dags/example_xcomargs.py for tasks to queue
[2023-06-19T15:43:30.956+0000] {logging_mixin.py:149} INFO - [2023-06-19T15:43:30.955+0000] {dagbag.py:541} INFO - Filling up the DagBag from /home/airflow/.local/lib/python3.7/site-packages/airflow/example_dags/example_xcomargs.py
[2023-06-19T15:43:30.962+0000] {processor.py:836} INFO - DAG(s) dict_keys(['example_xcom_args_with_operators', 'example_xcom_args']) retrieved from /home/airflow/.local/lib/python3.7/site-packages/airflow/example_dags/example_xcomargs.py
[2023-06-19T15:43:30.990+0000] {logging_mixin.py:149} INFO - [2023-06-19T15:43:30.990+0000] {dag.py:2726} INFO - Sync 2 DAGs
[2023-06-19T15:43:31.015+0000] {logging_mixin.py:149} INFO - [2023-06-19T15:43:31.015+0000] {dag.py:3490} INFO - Setting next_dagrun for example_xcom_args to None, run_after=None
[2023-06-19T15:43:31.019+0000] {logging_mixin.py:149} INFO - [2023-06-19T15:43:31.019+0000] {dag.py:3490} INFO - Setting next_dagrun for example_xcom_args_with_operators to None, run_after=None
[2023-06-19T15:43:31.038+0000] {processor.py:179} INFO - Processing /home/airflow/.local/lib/python3.7/site-packages/airflow/example_dags/example_xcomargs.py took 0.087 seconds
[2023-06-19T15:44:01.237+0000] {processor.py:157} INFO - Started process (PID=326) to work on /home/airflow/.local/lib/python3.7/site-packages/airflow/example_dags/example_xcomargs.py
[2023-06-19T15:44:01.238+0000] {processor.py:826} INFO - Processing file /home/airflow/.local/lib/python3.7/site-packages/airflow/example_dags/example_xcomargs.py for tasks to queue
[2023-06-19T15:44:01.239+0000] {logging_mixin.py:149} INFO - [2023-06-19T15:44:01.239+0000] {dagbag.py:541} INFO - Filling up the DagBag from /home/airflow/.local/lib/python3.7/site-packages/airflow/example_dags/example_xcomargs.py
[2023-06-19T15:44:01.246+0000] {processor.py:836} INFO - DAG(s) dict_keys(['example_xcom_args_with_operators', 'example_xcom_args']) retrieved from /home/airflow/.local/lib/python3.7/site-packages/airflow/example_dags/example_xcomargs.py
[2023-06-19T15:44:01.272+0000] {logging_mixin.py:149} INFO - [2023-06-19T15:44:01.272+0000] {dag.py:2726} INFO - Sync 2 DAGs
[2023-06-19T15:44:01.296+0000] {logging_mixin.py:149} INFO - [2023-06-19T15:44:01.296+0000] {dag.py:3490} INFO - Setting next_dagrun for example_xcom_args to None, run_after=None
[2023-06-19T15:44:01.300+0000] {logging_mixin.py:149} INFO - [2023-06-19T15:44:01.300+0000] {dag.py:3490} INFO - Setting next_dagrun for example_xcom_args_with_operators to None, run_after=None
[2023-06-19T15:44:01.318+0000] {processor.py:179} INFO - Processing /home/airflow/.local/lib/python3.7/site-packages/airflow/example_dags/example_xcomargs.py took 0.083 seconds
[2023-06-19T15:44:31.592+0000] {processor.py:157} INFO - Started process (PID=391) to work on /home/airflow/.local/lib/python3.7/site-packages/airflow/example_dags/example_xcomargs.py
[2023-06-19T15:44:31.593+0000] {processor.py:826} INFO - Processing file /home/airflow/.local/lib/python3.7/site-packages/airflow/example_dags/example_xcomargs.py for tasks to queue
[2023-06-19T15:44:31.594+0000] {logging_mixin.py:149} INFO - [2023-06-19T15:44:31.594+0000] {dagbag.py:541} INFO - Filling up the DagBag from /home/airflow/.local/lib/python3.7/site-packages/airflow/example_dags/example_xcomargs.py
[2023-06-19T15:44:31.602+0000] {processor.py:836} INFO - DAG(s) dict_keys(['example_xcom_args_with_operators', 'example_xcom_args']) retrieved from /home/airflow/.local/lib/python3.7/site-packages/airflow/example_dags/example_xcomargs.py
[2023-06-19T15:44:31.632+0000] {logging_mixin.py:149} INFO - [2023-06-19T15:44:31.632+0000] {dag.py:2726} INFO - Sync 2 DAGs
[2023-06-19T15:44:31.661+0000] {logging_mixin.py:149} INFO - [2023-06-19T15:44:31.661+0000] {dag.py:3490} INFO - Setting next_dagrun for example_xcom_args to None, run_after=None
[2023-06-19T15:44:31.664+0000] {logging_mixin.py:149} INFO - [2023-06-19T15:44:31.664+0000] {dag.py:3490} INFO - Setting next_dagrun for example_xcom_args_with_operators to None, run_after=None
[2023-06-19T15:44:31.686+0000] {processor.py:179} INFO - Processing /home/airflow/.local/lib/python3.7/site-packages/airflow/example_dags/example_xcomargs.py took 0.097 seconds
[2023-06-19T15:45:02.219+0000] {processor.py:157} INFO - Started process (PID=456) to work on /home/airflow/.local/lib/python3.7/site-packages/airflow/example_dags/example_xcomargs.py
[2023-06-19T15:45:02.220+0000] {processor.py:826} INFO - Processing file /home/airflow/.local/lib/python3.7/site-packages/airflow/example_dags/example_xcomargs.py for tasks to queue
[2023-06-19T15:45:02.221+0000] {logging_mixin.py:149} INFO - [2023-06-19T15:45:02.221+0000] {dagbag.py:541} INFO - Filling up the DagBag from /home/airflow/.local/lib/python3.7/site-packages/airflow/example_dags/example_xcomargs.py
[2023-06-19T15:45:02.228+0000] {processor.py:836} INFO - DAG(s) dict_keys(['example_xcom_args_with_operators', 'example_xcom_args']) retrieved from /home/airflow/.local/lib/python3.7/site-packages/airflow/example_dags/example_xcomargs.py
[2023-06-19T15:45:02.254+0000] {logging_mixin.py:149} INFO - [2023-06-19T15:45:02.254+0000] {dag.py:2726} INFO - Sync 2 DAGs
[2023-06-19T15:45:02.278+0000] {logging_mixin.py:149} INFO - [2023-06-19T15:45:02.278+0000] {dag.py:3490} INFO - Setting next_dagrun for example_xcom_args to None, run_after=None
[2023-06-19T15:45:02.281+0000] {logging_mixin.py:149} INFO - [2023-06-19T15:45:02.281+0000] {dag.py:3490} INFO - Setting next_dagrun for example_xcom_args_with_operators to None, run_after=None
[2023-06-19T15:45:02.299+0000] {processor.py:179} INFO - Processing /home/airflow/.local/lib/python3.7/site-packages/airflow/example_dags/example_xcomargs.py took 0.083 seconds
[2023-06-19T15:45:32.552+0000] {processor.py:157} INFO - Started process (PID=521) to work on /home/airflow/.local/lib/python3.7/site-packages/airflow/example_dags/example_xcomargs.py
[2023-06-19T15:45:32.553+0000] {processor.py:826} INFO - Processing file /home/airflow/.local/lib/python3.7/site-packages/airflow/example_dags/example_xcomargs.py for tasks to queue
[2023-06-19T15:45:32.554+0000] {logging_mixin.py:149} INFO - [2023-06-19T15:45:32.554+0000] {dagbag.py:541} INFO - Filling up the DagBag from /home/airflow/.local/lib/python3.7/site-packages/airflow/example_dags/example_xcomargs.py
[2023-06-19T15:45:32.561+0000] {processor.py:836} INFO - DAG(s) dict_keys(['example_xcom_args', 'example_xcom_args_with_operators']) retrieved from /home/airflow/.local/lib/python3.7/site-packages/airflow/example_dags/example_xcomargs.py
[2023-06-19T15:45:32.589+0000] {logging_mixin.py:149} INFO - [2023-06-19T15:45:32.589+0000] {dag.py:2726} INFO - Sync 2 DAGs
[2023-06-19T15:45:32.613+0000] {logging_mixin.py:149} INFO - [2023-06-19T15:45:32.613+0000] {dag.py:3490} INFO - Setting next_dagrun for example_xcom_args to None, run_after=None
[2023-06-19T15:45:32.617+0000] {logging_mixin.py:149} INFO - [2023-06-19T15:45:32.617+0000] {dag.py:3490} INFO - Setting next_dagrun for example_xcom_args_with_operators to None, run_after=None
[2023-06-19T15:45:32.634+0000] {processor.py:179} INFO - Processing /home/airflow/.local/lib/python3.7/site-packages/airflow/example_dags/example_xcomargs.py took 0.086 seconds
[2023-06-19T15:46:03.012+0000] {processor.py:157} INFO - Started process (PID=586) to work on /home/airflow/.local/lib/python3.7/site-packages/airflow/example_dags/example_xcomargs.py
[2023-06-19T15:46:03.013+0000] {processor.py:826} INFO - Processing file /home/airflow/.local/lib/python3.7/site-packages/airflow/example_dags/example_xcomargs.py for tasks to queue
[2023-06-19T15:46:03.014+0000] {logging_mixin.py:149} INFO - [2023-06-19T15:46:03.014+0000] {dagbag.py:541} INFO - Filling up the DagBag from /home/airflow/.local/lib/python3.7/site-packages/airflow/example_dags/example_xcomargs.py
[2023-06-19T15:46:03.021+0000] {processor.py:836} INFO - DAG(s) dict_keys(['example_xcom_args', 'example_xcom_args_with_operators']) retrieved from /home/airflow/.local/lib/python3.7/site-packages/airflow/example_dags/example_xcomargs.py
[2023-06-19T15:46:03.046+0000] {logging_mixin.py:149} INFO - [2023-06-19T15:46:03.046+0000] {dag.py:2726} INFO - Sync 2 DAGs
[2023-06-19T15:46:03.070+0000] {logging_mixin.py:149} INFO - [2023-06-19T15:46:03.070+0000] {dag.py:3490} INFO - Setting next_dagrun for example_xcom_args to None, run_after=None
[2023-06-19T15:46:03.074+0000] {logging_mixin.py:149} INFO - [2023-06-19T15:46:03.074+0000] {dag.py:3490} INFO - Setting next_dagrun for example_xcom_args_with_operators to None, run_after=None
[2023-06-19T15:46:03.094+0000] {processor.py:179} INFO - Processing /home/airflow/.local/lib/python3.7/site-packages/airflow/example_dags/example_xcomargs.py took 0.085 seconds
[2023-06-19T15:46:33.309+0000] {processor.py:157} INFO - Started process (PID=651) to work on /home/airflow/.local/lib/python3.7/site-packages/airflow/example_dags/example_xcomargs.py
[2023-06-19T15:46:33.310+0000] {processor.py:826} INFO - Processing file /home/airflow/.local/lib/python3.7/site-packages/airflow/example_dags/example_xcomargs.py for tasks to queue
[2023-06-19T15:46:33.311+0000] {logging_mixin.py:149} INFO - [2023-06-19T15:46:33.311+0000] {dagbag.py:541} INFO - Filling up the DagBag from /home/airflow/.local/lib/python3.7/site-packages/airflow/example_dags/example_xcomargs.py
[2023-06-19T15:46:33.320+0000] {processor.py:836} INFO - DAG(s) dict_keys(['example_xcom_args', 'example_xcom_args_with_operators']) retrieved from /home/airflow/.local/lib/python3.7/site-packages/airflow/example_dags/example_xcomargs.py
[2023-06-19T15:46:33.351+0000] {logging_mixin.py:149} INFO - [2023-06-19T15:46:33.350+0000] {dag.py:2726} INFO - Sync 2 DAGs
[2023-06-19T15:46:33.381+0000] {logging_mixin.py:149} INFO - [2023-06-19T15:46:33.381+0000] {dag.py:3490} INFO - Setting next_dagrun for example_xcom_args to None, run_after=None
[2023-06-19T15:46:33.385+0000] {logging_mixin.py:149} INFO - [2023-06-19T15:46:33.385+0000] {dag.py:3490} INFO - Setting next_dagrun for example_xcom_args_with_operators to None, run_after=None
[2023-06-19T15:46:33.409+0000] {processor.py:179} INFO - Processing /home/airflow/.local/lib/python3.7/site-packages/airflow/example_dags/example_xcomargs.py took 0.104 seconds
