[2023-06-19T15:41:59.341+0000] {processor.py:157} INFO - Started process (PID=62) to work on /home/airflow/.local/lib/python3.7/site-packages/airflow/example_dags/example_complex.py
[2023-06-19T15:41:59.343+0000] {processor.py:826} INFO - Processing file /home/airflow/.local/lib/python3.7/site-packages/airflow/example_dags/example_complex.py for tasks to queue
[2023-06-19T15:41:59.344+0000] {logging_mixin.py:149} INFO - [2023-06-19T15:41:59.344+0000] {dagbag.py:541} INFO - Filling up the DagBag from /home/airflow/.local/lib/python3.7/site-packages/airflow/example_dags/example_complex.py
[2023-06-19T15:41:59.357+0000] {logging_mixin.py:149} INFO - [2023-06-19T15:41:59.356+0000] {taskmixin.py:211} WARNING - Dependency <Task(BashOperator): create_entry_group>, delete_entry_group already registered for DAG: example_complex
[2023-06-19T15:41:59.357+0000] {logging_mixin.py:149} INFO - [2023-06-19T15:41:59.357+0000] {taskmixin.py:211} WARNING - Dependency <Task(BashOperator): delete_entry_group>, create_entry_group already registered for DAG: example_complex
[2023-06-19T15:41:59.358+0000] {logging_mixin.py:149} INFO - [2023-06-19T15:41:59.358+0000] {taskmixin.py:211} WARNING - Dependency <Task(BashOperator): create_entry_gcs>, delete_entry already registered for DAG: example_complex
[2023-06-19T15:41:59.359+0000] {logging_mixin.py:149} INFO - [2023-06-19T15:41:59.358+0000] {taskmixin.py:211} WARNING - Dependency <Task(BashOperator): delete_entry>, create_entry_gcs already registered for DAG: example_complex
[2023-06-19T15:41:59.359+0000] {logging_mixin.py:149} INFO - [2023-06-19T15:41:59.359+0000] {taskmixin.py:211} WARNING - Dependency <Task(BashOperator): create_tag>, delete_tag already registered for DAG: example_complex
[2023-06-19T15:41:59.360+0000] {logging_mixin.py:149} INFO - [2023-06-19T15:41:59.360+0000] {taskmixin.py:211} WARNING - Dependency <Task(BashOperator): delete_tag>, create_tag already registered for DAG: example_complex
[2023-06-19T15:41:59.362+0000] {processor.py:836} INFO - DAG(s) dict_keys(['example_complex']) retrieved from /home/airflow/.local/lib/python3.7/site-packages/airflow/example_dags/example_complex.py
[2023-06-19T15:41:59.521+0000] {logging_mixin.py:149} INFO - [2023-06-19T15:41:59.521+0000] {manager.py:504} INFO - Created Permission View: can delete on DAG:example_complex
[2023-06-19T15:41:59.532+0000] {logging_mixin.py:149} INFO - [2023-06-19T15:41:59.532+0000] {manager.py:504} INFO - Created Permission View: can read on DAG:example_complex
[2023-06-19T15:41:59.542+0000] {logging_mixin.py:149} INFO - [2023-06-19T15:41:59.542+0000] {manager.py:504} INFO - Created Permission View: can edit on DAG:example_complex
[2023-06-19T15:41:59.543+0000] {logging_mixin.py:149} INFO - [2023-06-19T15:41:59.543+0000] {dag.py:2726} INFO - Sync 1 DAGs
[2023-06-19T15:41:59.557+0000] {logging_mixin.py:149} INFO - [2023-06-19T15:41:59.557+0000] {dag.py:2747} INFO - Creating ORM DAG for example_complex
[2023-06-19T15:41:59.569+0000] {logging_mixin.py:149} INFO - [2023-06-19T15:41:59.569+0000] {dag.py:3490} INFO - Setting next_dagrun for example_complex to None, run_after=None
[2023-06-19T15:41:59.592+0000] {processor.py:179} INFO - Processing /home/airflow/.local/lib/python3.7/site-packages/airflow/example_dags/example_complex.py took 0.254 seconds
[2023-06-19T15:42:30.449+0000] {processor.py:157} INFO - Started process (PID=128) to work on /home/airflow/.local/lib/python3.7/site-packages/airflow/example_dags/example_complex.py
[2023-06-19T15:42:30.450+0000] {processor.py:826} INFO - Processing file /home/airflow/.local/lib/python3.7/site-packages/airflow/example_dags/example_complex.py for tasks to queue
[2023-06-19T15:42:30.451+0000] {logging_mixin.py:149} INFO - [2023-06-19T15:42:30.451+0000] {dagbag.py:541} INFO - Filling up the DagBag from /home/airflow/.local/lib/python3.7/site-packages/airflow/example_dags/example_complex.py
[2023-06-19T15:42:30.460+0000] {logging_mixin.py:149} INFO - [2023-06-19T15:42:30.460+0000] {taskmixin.py:211} WARNING - Dependency <Task(BashOperator): create_entry_group>, delete_entry_group already registered for DAG: example_complex
[2023-06-19T15:42:30.461+0000] {logging_mixin.py:149} INFO - [2023-06-19T15:42:30.461+0000] {taskmixin.py:211} WARNING - Dependency <Task(BashOperator): delete_entry_group>, create_entry_group already registered for DAG: example_complex
[2023-06-19T15:42:30.462+0000] {logging_mixin.py:149} INFO - [2023-06-19T15:42:30.461+0000] {taskmixin.py:211} WARNING - Dependency <Task(BashOperator): create_entry_gcs>, delete_entry already registered for DAG: example_complex
[2023-06-19T15:42:30.462+0000] {logging_mixin.py:149} INFO - [2023-06-19T15:42:30.462+0000] {taskmixin.py:211} WARNING - Dependency <Task(BashOperator): delete_entry>, create_entry_gcs already registered for DAG: example_complex
[2023-06-19T15:42:30.463+0000] {logging_mixin.py:149} INFO - [2023-06-19T15:42:30.463+0000] {taskmixin.py:211} WARNING - Dependency <Task(BashOperator): create_tag>, delete_tag already registered for DAG: example_complex
[2023-06-19T15:42:30.463+0000] {logging_mixin.py:149} INFO - [2023-06-19T15:42:30.463+0000] {taskmixin.py:211} WARNING - Dependency <Task(BashOperator): delete_tag>, create_tag already registered for DAG: example_complex
[2023-06-19T15:42:30.465+0000] {processor.py:836} INFO - DAG(s) dict_keys(['example_complex']) retrieved from /home/airflow/.local/lib/python3.7/site-packages/airflow/example_dags/example_complex.py
[2023-06-19T15:42:30.499+0000] {logging_mixin.py:149} INFO - [2023-06-19T15:42:30.499+0000] {dag.py:2726} INFO - Sync 1 DAGs
[2023-06-19T15:42:30.523+0000] {logging_mixin.py:149} INFO - [2023-06-19T15:42:30.522+0000] {dag.py:3490} INFO - Setting next_dagrun for example_complex to None, run_after=None
[2023-06-19T15:42:30.547+0000] {processor.py:179} INFO - Processing /home/airflow/.local/lib/python3.7/site-packages/airflow/example_dags/example_complex.py took 0.101 seconds
[2023-06-19T15:43:00.694+0000] {processor.py:157} INFO - Started process (PID=194) to work on /home/airflow/.local/lib/python3.7/site-packages/airflow/example_dags/example_complex.py
[2023-06-19T15:43:00.695+0000] {processor.py:826} INFO - Processing file /home/airflow/.local/lib/python3.7/site-packages/airflow/example_dags/example_complex.py for tasks to queue
[2023-06-19T15:43:00.696+0000] {logging_mixin.py:149} INFO - [2023-06-19T15:43:00.696+0000] {dagbag.py:541} INFO - Filling up the DagBag from /home/airflow/.local/lib/python3.7/site-packages/airflow/example_dags/example_complex.py
[2023-06-19T15:43:00.706+0000] {logging_mixin.py:149} INFO - [2023-06-19T15:43:00.705+0000] {taskmixin.py:211} WARNING - Dependency <Task(BashOperator): create_entry_group>, delete_entry_group already registered for DAG: example_complex
[2023-06-19T15:43:00.706+0000] {logging_mixin.py:149} INFO - [2023-06-19T15:43:00.706+0000] {taskmixin.py:211} WARNING - Dependency <Task(BashOperator): delete_entry_group>, create_entry_group already registered for DAG: example_complex
[2023-06-19T15:43:00.707+0000] {logging_mixin.py:149} INFO - [2023-06-19T15:43:00.707+0000] {taskmixin.py:211} WARNING - Dependency <Task(BashOperator): create_entry_gcs>, delete_entry already registered for DAG: example_complex
[2023-06-19T15:43:00.707+0000] {logging_mixin.py:149} INFO - [2023-06-19T15:43:00.707+0000] {taskmixin.py:211} WARNING - Dependency <Task(BashOperator): delete_entry>, create_entry_gcs already registered for DAG: example_complex
[2023-06-19T15:43:00.708+0000] {logging_mixin.py:149} INFO - [2023-06-19T15:43:00.708+0000] {taskmixin.py:211} WARNING - Dependency <Task(BashOperator): create_tag>, delete_tag already registered for DAG: example_complex
[2023-06-19T15:43:00.709+0000] {logging_mixin.py:149} INFO - [2023-06-19T15:43:00.709+0000] {taskmixin.py:211} WARNING - Dependency <Task(BashOperator): delete_tag>, create_tag already registered for DAG: example_complex
[2023-06-19T15:43:00.711+0000] {processor.py:836} INFO - DAG(s) dict_keys(['example_complex']) retrieved from /home/airflow/.local/lib/python3.7/site-packages/airflow/example_dags/example_complex.py
[2023-06-19T15:43:00.742+0000] {logging_mixin.py:149} INFO - [2023-06-19T15:43:00.742+0000] {dag.py:2726} INFO - Sync 1 DAGs
[2023-06-19T15:43:00.766+0000] {logging_mixin.py:149} INFO - [2023-06-19T15:43:00.766+0000] {dag.py:3490} INFO - Setting next_dagrun for example_complex to None, run_after=None
[2023-06-19T15:43:00.786+0000] {processor.py:179} INFO - Processing /home/airflow/.local/lib/python3.7/site-packages/airflow/example_dags/example_complex.py took 0.094 seconds
[2023-06-19T15:43:30.851+0000] {processor.py:157} INFO - Started process (PID=259) to work on /home/airflow/.local/lib/python3.7/site-packages/airflow/example_dags/example_complex.py
[2023-06-19T15:43:30.852+0000] {processor.py:826} INFO - Processing file /home/airflow/.local/lib/python3.7/site-packages/airflow/example_dags/example_complex.py for tasks to queue
[2023-06-19T15:43:30.853+0000] {logging_mixin.py:149} INFO - [2023-06-19T15:43:30.853+0000] {dagbag.py:541} INFO - Filling up the DagBag from /home/airflow/.local/lib/python3.7/site-packages/airflow/example_dags/example_complex.py
[2023-06-19T15:43:30.862+0000] {logging_mixin.py:149} INFO - [2023-06-19T15:43:30.862+0000] {taskmixin.py:211} WARNING - Dependency <Task(BashOperator): create_entry_group>, delete_entry_group already registered for DAG: example_complex
[2023-06-19T15:43:30.863+0000] {logging_mixin.py:149} INFO - [2023-06-19T15:43:30.863+0000] {taskmixin.py:211} WARNING - Dependency <Task(BashOperator): delete_entry_group>, create_entry_group already registered for DAG: example_complex
[2023-06-19T15:43:30.864+0000] {logging_mixin.py:149} INFO - [2023-06-19T15:43:30.864+0000] {taskmixin.py:211} WARNING - Dependency <Task(BashOperator): create_entry_gcs>, delete_entry already registered for DAG: example_complex
[2023-06-19T15:43:30.865+0000] {logging_mixin.py:149} INFO - [2023-06-19T15:43:30.864+0000] {taskmixin.py:211} WARNING - Dependency <Task(BashOperator): delete_entry>, create_entry_gcs already registered for DAG: example_complex
[2023-06-19T15:43:30.865+0000] {logging_mixin.py:149} INFO - [2023-06-19T15:43:30.865+0000] {taskmixin.py:211} WARNING - Dependency <Task(BashOperator): create_tag>, delete_tag already registered for DAG: example_complex
[2023-06-19T15:43:30.866+0000] {logging_mixin.py:149} INFO - [2023-06-19T15:43:30.866+0000] {taskmixin.py:211} WARNING - Dependency <Task(BashOperator): delete_tag>, create_tag already registered for DAG: example_complex
[2023-06-19T15:43:30.868+0000] {processor.py:836} INFO - DAG(s) dict_keys(['example_complex']) retrieved from /home/airflow/.local/lib/python3.7/site-packages/airflow/example_dags/example_complex.py
[2023-06-19T15:43:30.899+0000] {logging_mixin.py:149} INFO - [2023-06-19T15:43:30.899+0000] {dag.py:2726} INFO - Sync 1 DAGs
[2023-06-19T15:43:30.922+0000] {logging_mixin.py:149} INFO - [2023-06-19T15:43:30.921+0000] {dag.py:3490} INFO - Setting next_dagrun for example_complex to None, run_after=None
[2023-06-19T15:43:30.941+0000] {processor.py:179} INFO - Processing /home/airflow/.local/lib/python3.7/site-packages/airflow/example_dags/example_complex.py took 0.093 seconds
[2023-06-19T15:44:01.000+0000] {processor.py:157} INFO - Started process (PID=324) to work on /home/airflow/.local/lib/python3.7/site-packages/airflow/example_dags/example_complex.py
[2023-06-19T15:44:01.001+0000] {processor.py:826} INFO - Processing file /home/airflow/.local/lib/python3.7/site-packages/airflow/example_dags/example_complex.py for tasks to queue
[2023-06-19T15:44:01.001+0000] {logging_mixin.py:149} INFO - [2023-06-19T15:44:01.001+0000] {dagbag.py:541} INFO - Filling up the DagBag from /home/airflow/.local/lib/python3.7/site-packages/airflow/example_dags/example_complex.py
[2023-06-19T15:44:01.011+0000] {logging_mixin.py:149} INFO - [2023-06-19T15:44:01.011+0000] {taskmixin.py:211} WARNING - Dependency <Task(BashOperator): create_entry_group>, delete_entry_group already registered for DAG: example_complex
[2023-06-19T15:44:01.012+0000] {logging_mixin.py:149} INFO - [2023-06-19T15:44:01.012+0000] {taskmixin.py:211} WARNING - Dependency <Task(BashOperator): delete_entry_group>, create_entry_group already registered for DAG: example_complex
[2023-06-19T15:44:01.012+0000] {logging_mixin.py:149} INFO - [2023-06-19T15:44:01.012+0000] {taskmixin.py:211} WARNING - Dependency <Task(BashOperator): create_entry_gcs>, delete_entry already registered for DAG: example_complex
[2023-06-19T15:44:01.013+0000] {logging_mixin.py:149} INFO - [2023-06-19T15:44:01.013+0000] {taskmixin.py:211} WARNING - Dependency <Task(BashOperator): delete_entry>, create_entry_gcs already registered for DAG: example_complex
[2023-06-19T15:44:01.014+0000] {logging_mixin.py:149} INFO - [2023-06-19T15:44:01.014+0000] {taskmixin.py:211} WARNING - Dependency <Task(BashOperator): create_tag>, delete_tag already registered for DAG: example_complex
[2023-06-19T15:44:01.014+0000] {logging_mixin.py:149} INFO - [2023-06-19T15:44:01.014+0000] {taskmixin.py:211} WARNING - Dependency <Task(BashOperator): delete_tag>, create_tag already registered for DAG: example_complex
[2023-06-19T15:44:01.016+0000] {processor.py:836} INFO - DAG(s) dict_keys(['example_complex']) retrieved from /home/airflow/.local/lib/python3.7/site-packages/airflow/example_dags/example_complex.py
[2023-06-19T15:44:01.047+0000] {logging_mixin.py:149} INFO - [2023-06-19T15:44:01.047+0000] {dag.py:2726} INFO - Sync 1 DAGs
[2023-06-19T15:44:01.070+0000] {logging_mixin.py:149} INFO - [2023-06-19T15:44:01.070+0000] {dag.py:3490} INFO - Setting next_dagrun for example_complex to None, run_after=None
[2023-06-19T15:44:01.089+0000] {processor.py:179} INFO - Processing /home/airflow/.local/lib/python3.7/site-packages/airflow/example_dags/example_complex.py took 0.092 seconds
[2023-06-19T15:44:31.388+0000] {processor.py:157} INFO - Started process (PID=388) to work on /home/airflow/.local/lib/python3.7/site-packages/airflow/example_dags/example_complex.py
[2023-06-19T15:44:31.390+0000] {processor.py:826} INFO - Processing file /home/airflow/.local/lib/python3.7/site-packages/airflow/example_dags/example_complex.py for tasks to queue
[2023-06-19T15:44:31.391+0000] {logging_mixin.py:149} INFO - [2023-06-19T15:44:31.391+0000] {dagbag.py:541} INFO - Filling up the DagBag from /home/airflow/.local/lib/python3.7/site-packages/airflow/example_dags/example_complex.py
[2023-06-19T15:44:31.403+0000] {logging_mixin.py:149} INFO - [2023-06-19T15:44:31.402+0000] {taskmixin.py:211} WARNING - Dependency <Task(BashOperator): create_entry_group>, delete_entry_group already registered for DAG: example_complex
[2023-06-19T15:44:31.403+0000] {logging_mixin.py:149} INFO - [2023-06-19T15:44:31.403+0000] {taskmixin.py:211} WARNING - Dependency <Task(BashOperator): delete_entry_group>, create_entry_group already registered for DAG: example_complex
[2023-06-19T15:44:31.404+0000] {logging_mixin.py:149} INFO - [2023-06-19T15:44:31.404+0000] {taskmixin.py:211} WARNING - Dependency <Task(BashOperator): create_entry_gcs>, delete_entry already registered for DAG: example_complex
[2023-06-19T15:44:31.405+0000] {logging_mixin.py:149} INFO - [2023-06-19T15:44:31.404+0000] {taskmixin.py:211} WARNING - Dependency <Task(BashOperator): delete_entry>, create_entry_gcs already registered for DAG: example_complex
[2023-06-19T15:44:31.405+0000] {logging_mixin.py:149} INFO - [2023-06-19T15:44:31.405+0000] {taskmixin.py:211} WARNING - Dependency <Task(BashOperator): create_tag>, delete_tag already registered for DAG: example_complex
[2023-06-19T15:44:31.406+0000] {logging_mixin.py:149} INFO - [2023-06-19T15:44:31.406+0000] {taskmixin.py:211} WARNING - Dependency <Task(BashOperator): delete_tag>, create_tag already registered for DAG: example_complex
[2023-06-19T15:44:31.408+0000] {processor.py:836} INFO - DAG(s) dict_keys(['example_complex']) retrieved from /home/airflow/.local/lib/python3.7/site-packages/airflow/example_dags/example_complex.py
[2023-06-19T15:44:31.444+0000] {logging_mixin.py:149} INFO - [2023-06-19T15:44:31.444+0000] {dag.py:2726} INFO - Sync 1 DAGs
[2023-06-19T15:44:31.474+0000] {logging_mixin.py:149} INFO - [2023-06-19T15:44:31.474+0000] {dag.py:3490} INFO - Setting next_dagrun for example_complex to None, run_after=None
[2023-06-19T15:44:31.500+0000] {processor.py:179} INFO - Processing /home/airflow/.local/lib/python3.7/site-packages/airflow/example_dags/example_complex.py took 0.115 seconds
[2023-06-19T15:45:01.953+0000] {processor.py:157} INFO - Started process (PID=453) to work on /home/airflow/.local/lib/python3.7/site-packages/airflow/example_dags/example_complex.py
[2023-06-19T15:45:01.954+0000] {processor.py:826} INFO - Processing file /home/airflow/.local/lib/python3.7/site-packages/airflow/example_dags/example_complex.py for tasks to queue
[2023-06-19T15:45:01.955+0000] {logging_mixin.py:149} INFO - [2023-06-19T15:45:01.954+0000] {dagbag.py:541} INFO - Filling up the DagBag from /home/airflow/.local/lib/python3.7/site-packages/airflow/example_dags/example_complex.py
[2023-06-19T15:45:01.964+0000] {logging_mixin.py:149} INFO - [2023-06-19T15:45:01.964+0000] {taskmixin.py:211} WARNING - Dependency <Task(BashOperator): create_entry_group>, delete_entry_group already registered for DAG: example_complex
[2023-06-19T15:45:01.965+0000] {logging_mixin.py:149} INFO - [2023-06-19T15:45:01.965+0000] {taskmixin.py:211} WARNING - Dependency <Task(BashOperator): delete_entry_group>, create_entry_group already registered for DAG: example_complex
[2023-06-19T15:45:01.965+0000] {logging_mixin.py:149} INFO - [2023-06-19T15:45:01.965+0000] {taskmixin.py:211} WARNING - Dependency <Task(BashOperator): create_entry_gcs>, delete_entry already registered for DAG: example_complex
[2023-06-19T15:45:01.966+0000] {logging_mixin.py:149} INFO - [2023-06-19T15:45:01.966+0000] {taskmixin.py:211} WARNING - Dependency <Task(BashOperator): delete_entry>, create_entry_gcs already registered for DAG: example_complex
[2023-06-19T15:45:01.967+0000] {logging_mixin.py:149} INFO - [2023-06-19T15:45:01.967+0000] {taskmixin.py:211} WARNING - Dependency <Task(BashOperator): create_tag>, delete_tag already registered for DAG: example_complex
[2023-06-19T15:45:01.967+0000] {logging_mixin.py:149} INFO - [2023-06-19T15:45:01.967+0000] {taskmixin.py:211} WARNING - Dependency <Task(BashOperator): delete_tag>, create_tag already registered for DAG: example_complex
[2023-06-19T15:45:01.969+0000] {processor.py:836} INFO - DAG(s) dict_keys(['example_complex']) retrieved from /home/airflow/.local/lib/python3.7/site-packages/airflow/example_dags/example_complex.py
[2023-06-19T15:45:02.002+0000] {logging_mixin.py:149} INFO - [2023-06-19T15:45:02.001+0000] {dag.py:2726} INFO - Sync 1 DAGs
[2023-06-19T15:45:02.023+0000] {logging_mixin.py:149} INFO - [2023-06-19T15:45:02.023+0000] {dag.py:3490} INFO - Setting next_dagrun for example_complex to None, run_after=None
[2023-06-19T15:45:02.042+0000] {processor.py:179} INFO - Processing /home/airflow/.local/lib/python3.7/site-packages/airflow/example_dags/example_complex.py took 0.092 seconds
[2023-06-19T15:45:32.450+0000] {processor.py:157} INFO - Started process (PID=519) to work on /home/airflow/.local/lib/python3.7/site-packages/airflow/example_dags/example_complex.py
[2023-06-19T15:45:32.452+0000] {processor.py:826} INFO - Processing file /home/airflow/.local/lib/python3.7/site-packages/airflow/example_dags/example_complex.py for tasks to queue
[2023-06-19T15:45:32.453+0000] {logging_mixin.py:149} INFO - [2023-06-19T15:45:32.453+0000] {dagbag.py:541} INFO - Filling up the DagBag from /home/airflow/.local/lib/python3.7/site-packages/airflow/example_dags/example_complex.py
[2023-06-19T15:45:32.463+0000] {logging_mixin.py:149} INFO - [2023-06-19T15:45:32.463+0000] {taskmixin.py:211} WARNING - Dependency <Task(BashOperator): create_entry_group>, delete_entry_group already registered for DAG: example_complex
[2023-06-19T15:45:32.464+0000] {logging_mixin.py:149} INFO - [2023-06-19T15:45:32.463+0000] {taskmixin.py:211} WARNING - Dependency <Task(BashOperator): delete_entry_group>, create_entry_group already registered for DAG: example_complex
[2023-06-19T15:45:32.464+0000] {logging_mixin.py:149} INFO - [2023-06-19T15:45:32.464+0000] {taskmixin.py:211} WARNING - Dependency <Task(BashOperator): create_entry_gcs>, delete_entry already registered for DAG: example_complex
[2023-06-19T15:45:32.465+0000] {logging_mixin.py:149} INFO - [2023-06-19T15:45:32.465+0000] {taskmixin.py:211} WARNING - Dependency <Task(BashOperator): delete_entry>, create_entry_gcs already registered for DAG: example_complex
[2023-06-19T15:45:32.466+0000] {logging_mixin.py:149} INFO - [2023-06-19T15:45:32.466+0000] {taskmixin.py:211} WARNING - Dependency <Task(BashOperator): create_tag>, delete_tag already registered for DAG: example_complex
[2023-06-19T15:45:32.466+0000] {logging_mixin.py:149} INFO - [2023-06-19T15:45:32.466+0000] {taskmixin.py:211} WARNING - Dependency <Task(BashOperator): delete_tag>, create_tag already registered for DAG: example_complex
[2023-06-19T15:45:32.468+0000] {processor.py:836} INFO - DAG(s) dict_keys(['example_complex']) retrieved from /home/airflow/.local/lib/python3.7/site-packages/airflow/example_dags/example_complex.py
[2023-06-19T15:45:32.502+0000] {logging_mixin.py:149} INFO - [2023-06-19T15:45:32.502+0000] {dag.py:2726} INFO - Sync 1 DAGs
[2023-06-19T15:45:32.525+0000] {logging_mixin.py:149} INFO - [2023-06-19T15:45:32.524+0000] {dag.py:3490} INFO - Setting next_dagrun for example_complex to None, run_after=None
[2023-06-19T15:45:32.545+0000] {processor.py:179} INFO - Processing /home/airflow/.local/lib/python3.7/site-packages/airflow/example_dags/example_complex.py took 0.098 seconds
[2023-06-19T15:46:02.728+0000] {processor.py:157} INFO - Started process (PID=583) to work on /home/airflow/.local/lib/python3.7/site-packages/airflow/example_dags/example_complex.py
[2023-06-19T15:46:02.729+0000] {processor.py:826} INFO - Processing file /home/airflow/.local/lib/python3.7/site-packages/airflow/example_dags/example_complex.py for tasks to queue
[2023-06-19T15:46:02.730+0000] {logging_mixin.py:149} INFO - [2023-06-19T15:46:02.729+0000] {dagbag.py:541} INFO - Filling up the DagBag from /home/airflow/.local/lib/python3.7/site-packages/airflow/example_dags/example_complex.py
[2023-06-19T15:46:02.740+0000] {logging_mixin.py:149} INFO - [2023-06-19T15:46:02.740+0000] {taskmixin.py:211} WARNING - Dependency <Task(BashOperator): create_entry_group>, delete_entry_group already registered for DAG: example_complex
[2023-06-19T15:46:02.740+0000] {logging_mixin.py:149} INFO - [2023-06-19T15:46:02.740+0000] {taskmixin.py:211} WARNING - Dependency <Task(BashOperator): delete_entry_group>, create_entry_group already registered for DAG: example_complex
[2023-06-19T15:46:02.741+0000] {logging_mixin.py:149} INFO - [2023-06-19T15:46:02.741+0000] {taskmixin.py:211} WARNING - Dependency <Task(BashOperator): create_entry_gcs>, delete_entry already registered for DAG: example_complex
[2023-06-19T15:46:02.742+0000] {logging_mixin.py:149} INFO - [2023-06-19T15:46:02.741+0000] {taskmixin.py:211} WARNING - Dependency <Task(BashOperator): delete_entry>, create_entry_gcs already registered for DAG: example_complex
[2023-06-19T15:46:02.742+0000] {logging_mixin.py:149} INFO - [2023-06-19T15:46:02.742+0000] {taskmixin.py:211} WARNING - Dependency <Task(BashOperator): create_tag>, delete_tag already registered for DAG: example_complex
[2023-06-19T15:46:02.743+0000] {logging_mixin.py:149} INFO - [2023-06-19T15:46:02.743+0000] {taskmixin.py:211} WARNING - Dependency <Task(BashOperator): delete_tag>, create_tag already registered for DAG: example_complex
[2023-06-19T15:46:02.745+0000] {processor.py:836} INFO - DAG(s) dict_keys(['example_complex']) retrieved from /home/airflow/.local/lib/python3.7/site-packages/airflow/example_dags/example_complex.py
[2023-06-19T15:46:02.776+0000] {logging_mixin.py:149} INFO - [2023-06-19T15:46:02.775+0000] {dag.py:2726} INFO - Sync 1 DAGs
[2023-06-19T15:46:02.799+0000] {logging_mixin.py:149} INFO - [2023-06-19T15:46:02.798+0000] {dag.py:3490} INFO - Setting next_dagrun for example_complex to None, run_after=None
[2023-06-19T15:46:02.820+0000] {processor.py:179} INFO - Processing /home/airflow/.local/lib/python3.7/site-packages/airflow/example_dags/example_complex.py took 0.095 seconds
[2023-06-19T15:46:33.128+0000] {processor.py:157} INFO - Started process (PID=648) to work on /home/airflow/.local/lib/python3.7/site-packages/airflow/example_dags/example_complex.py
[2023-06-19T15:46:33.130+0000] {processor.py:826} INFO - Processing file /home/airflow/.local/lib/python3.7/site-packages/airflow/example_dags/example_complex.py for tasks to queue
[2023-06-19T15:46:33.131+0000] {logging_mixin.py:149} INFO - [2023-06-19T15:46:33.131+0000] {dagbag.py:541} INFO - Filling up the DagBag from /home/airflow/.local/lib/python3.7/site-packages/airflow/example_dags/example_complex.py
[2023-06-19T15:46:33.144+0000] {logging_mixin.py:149} INFO - [2023-06-19T15:46:33.144+0000] {taskmixin.py:211} WARNING - Dependency <Task(BashOperator): create_entry_group>, delete_entry_group already registered for DAG: example_complex
[2023-06-19T15:46:33.145+0000] {logging_mixin.py:149} INFO - [2023-06-19T15:46:33.145+0000] {taskmixin.py:211} WARNING - Dependency <Task(BashOperator): delete_entry_group>, create_entry_group already registered for DAG: example_complex
[2023-06-19T15:46:33.146+0000] {logging_mixin.py:149} INFO - [2023-06-19T15:46:33.146+0000] {taskmixin.py:211} WARNING - Dependency <Task(BashOperator): create_entry_gcs>, delete_entry already registered for DAG: example_complex
[2023-06-19T15:46:33.147+0000] {logging_mixin.py:149} INFO - [2023-06-19T15:46:33.146+0000] {taskmixin.py:211} WARNING - Dependency <Task(BashOperator): delete_entry>, create_entry_gcs already registered for DAG: example_complex
[2023-06-19T15:46:33.148+0000] {logging_mixin.py:149} INFO - [2023-06-19T15:46:33.148+0000] {taskmixin.py:211} WARNING - Dependency <Task(BashOperator): create_tag>, delete_tag already registered for DAG: example_complex
[2023-06-19T15:46:33.149+0000] {logging_mixin.py:149} INFO - [2023-06-19T15:46:33.148+0000] {taskmixin.py:211} WARNING - Dependency <Task(BashOperator): delete_tag>, create_tag already registered for DAG: example_complex
[2023-06-19T15:46:33.151+0000] {processor.py:836} INFO - DAG(s) dict_keys(['example_complex']) retrieved from /home/airflow/.local/lib/python3.7/site-packages/airflow/example_dags/example_complex.py
[2023-06-19T15:46:33.216+0000] {logging_mixin.py:149} INFO - [2023-06-19T15:46:33.215+0000] {dag.py:2726} INFO - Sync 1 DAGs
[2023-06-19T15:46:33.252+0000] {logging_mixin.py:149} INFO - [2023-06-19T15:46:33.251+0000] {dag.py:3490} INFO - Setting next_dagrun for example_complex to None, run_after=None
[2023-06-19T15:46:33.281+0000] {processor.py:179} INFO - Processing /home/airflow/.local/lib/python3.7/site-packages/airflow/example_dags/example_complex.py took 0.156 seconds
