[2023-06-19T15:41:55.442+0000] {processor.py:157} INFO - Started process (PID=42) to work on /home/airflow/.local/lib/python3.7/site-packages/airflow/example_dags/example_xcom.py
[2023-06-19T15:41:55.444+0000] {processor.py:826} INFO - Processing file /home/airflow/.local/lib/python3.7/site-packages/airflow/example_dags/example_xcom.py for tasks to queue
[2023-06-19T15:41:55.445+0000] {logging_mixin.py:149} INFO - [2023-06-19T15:41:55.445+0000] {dagbag.py:541} INFO - Filling up the DagBag from /home/airflow/.local/lib/python3.7/site-packages/airflow/example_dags/example_xcom.py
[2023-06-19T15:41:55.459+0000] {processor.py:836} INFO - DAG(s) dict_keys(['example_xcom']) retrieved from /home/airflow/.local/lib/python3.7/site-packages/airflow/example_dags/example_xcom.py
[2023-06-19T15:41:55.603+0000] {logging_mixin.py:149} INFO - [2023-06-19T15:41:55.603+0000] {manager.py:504} INFO - Created Permission View: can delete on DAG:example_xcom
[2023-06-19T15:41:55.615+0000] {logging_mixin.py:149} INFO - [2023-06-19T15:41:55.615+0000] {manager.py:504} INFO - Created Permission View: can read on DAG:example_xcom
[2023-06-19T15:41:55.623+0000] {logging_mixin.py:149} INFO - [2023-06-19T15:41:55.623+0000] {manager.py:504} INFO - Created Permission View: can edit on DAG:example_xcom
[2023-06-19T15:41:55.624+0000] {logging_mixin.py:149} INFO - [2023-06-19T15:41:55.624+0000] {dag.py:2726} INFO - Sync 1 DAGs
[2023-06-19T15:41:55.640+0000] {logging_mixin.py:149} INFO - [2023-06-19T15:41:55.639+0000] {dag.py:2747} INFO - Creating ORM DAG for example_xcom
[2023-06-19T15:41:55.657+0000] {logging_mixin.py:149} INFO - [2023-06-19T15:41:55.657+0000] {dag.py:3490} INFO - Setting next_dagrun for example_xcom to 2021-01-01T00:00:00+00:00, run_after=2021-01-01T00:00:00+00:00
[2023-06-19T15:41:55.687+0000] {processor.py:179} INFO - Processing /home/airflow/.local/lib/python3.7/site-packages/airflow/example_dags/example_xcom.py took 0.249 seconds
[2023-06-19T15:42:25.941+0000] {processor.py:157} INFO - Started process (PID=108) to work on /home/airflow/.local/lib/python3.7/site-packages/airflow/example_dags/example_xcom.py
[2023-06-19T15:42:25.942+0000] {processor.py:826} INFO - Processing file /home/airflow/.local/lib/python3.7/site-packages/airflow/example_dags/example_xcom.py for tasks to queue
[2023-06-19T15:42:25.943+0000] {logging_mixin.py:149} INFO - [2023-06-19T15:42:25.943+0000] {dagbag.py:541} INFO - Filling up the DagBag from /home/airflow/.local/lib/python3.7/site-packages/airflow/example_dags/example_xcom.py
[2023-06-19T15:42:25.950+0000] {processor.py:836} INFO - DAG(s) dict_keys(['example_xcom']) retrieved from /home/airflow/.local/lib/python3.7/site-packages/airflow/example_dags/example_xcom.py
[2023-06-19T15:42:25.972+0000] {logging_mixin.py:149} INFO - [2023-06-19T15:42:25.972+0000] {dag.py:2726} INFO - Sync 1 DAGs
[2023-06-19T15:42:25.996+0000] {logging_mixin.py:149} INFO - [2023-06-19T15:42:25.996+0000] {dag.py:3490} INFO - Setting next_dagrun for example_xcom to 2021-01-01T00:00:00+00:00, run_after=2021-01-01T00:00:00+00:00
[2023-06-19T15:42:26.016+0000] {processor.py:179} INFO - Processing /home/airflow/.local/lib/python3.7/site-packages/airflow/example_dags/example_xcom.py took 0.078 seconds
[2023-06-19T15:42:56.145+0000] {processor.py:157} INFO - Started process (PID=173) to work on /home/airflow/.local/lib/python3.7/site-packages/airflow/example_dags/example_xcom.py
[2023-06-19T15:42:56.146+0000] {processor.py:826} INFO - Processing file /home/airflow/.local/lib/python3.7/site-packages/airflow/example_dags/example_xcom.py for tasks to queue
[2023-06-19T15:42:56.147+0000] {logging_mixin.py:149} INFO - [2023-06-19T15:42:56.146+0000] {dagbag.py:541} INFO - Filling up the DagBag from /home/airflow/.local/lib/python3.7/site-packages/airflow/example_dags/example_xcom.py
[2023-06-19T15:42:56.154+0000] {processor.py:836} INFO - DAG(s) dict_keys(['example_xcom']) retrieved from /home/airflow/.local/lib/python3.7/site-packages/airflow/example_dags/example_xcom.py
[2023-06-19T15:42:56.177+0000] {logging_mixin.py:149} INFO - [2023-06-19T15:42:56.177+0000] {dag.py:2726} INFO - Sync 1 DAGs
[2023-06-19T15:42:56.200+0000] {logging_mixin.py:149} INFO - [2023-06-19T15:42:56.200+0000] {dag.py:3490} INFO - Setting next_dagrun for example_xcom to 2021-01-01T00:00:00+00:00, run_after=2021-01-01T00:00:00+00:00
[2023-06-19T15:42:56.219+0000] {processor.py:179} INFO - Processing /home/airflow/.local/lib/python3.7/site-packages/airflow/example_dags/example_xcom.py took 0.078 seconds
[2023-06-19T15:43:26.322+0000] {processor.py:157} INFO - Started process (PID=238) to work on /home/airflow/.local/lib/python3.7/site-packages/airflow/example_dags/example_xcom.py
[2023-06-19T15:43:26.323+0000] {processor.py:826} INFO - Processing file /home/airflow/.local/lib/python3.7/site-packages/airflow/example_dags/example_xcom.py for tasks to queue
[2023-06-19T15:43:26.324+0000] {logging_mixin.py:149} INFO - [2023-06-19T15:43:26.323+0000] {dagbag.py:541} INFO - Filling up the DagBag from /home/airflow/.local/lib/python3.7/site-packages/airflow/example_dags/example_xcom.py
[2023-06-19T15:43:26.331+0000] {processor.py:836} INFO - DAG(s) dict_keys(['example_xcom']) retrieved from /home/airflow/.local/lib/python3.7/site-packages/airflow/example_dags/example_xcom.py
[2023-06-19T15:43:26.354+0000] {logging_mixin.py:149} INFO - [2023-06-19T15:43:26.353+0000] {dag.py:2726} INFO - Sync 1 DAGs
[2023-06-19T15:43:26.379+0000] {logging_mixin.py:149} INFO - [2023-06-19T15:43:26.379+0000] {dag.py:3490} INFO - Setting next_dagrun for example_xcom to 2021-01-01T00:00:00+00:00, run_after=2021-01-01T00:00:00+00:00
[2023-06-19T15:43:26.401+0000] {processor.py:179} INFO - Processing /home/airflow/.local/lib/python3.7/site-packages/airflow/example_dags/example_xcom.py took 0.082 seconds
[2023-06-19T15:43:56.706+0000] {processor.py:157} INFO - Started process (PID=303) to work on /home/airflow/.local/lib/python3.7/site-packages/airflow/example_dags/example_xcom.py
[2023-06-19T15:43:56.708+0000] {processor.py:826} INFO - Processing file /home/airflow/.local/lib/python3.7/site-packages/airflow/example_dags/example_xcom.py for tasks to queue
[2023-06-19T15:43:56.709+0000] {logging_mixin.py:149} INFO - [2023-06-19T15:43:56.708+0000] {dagbag.py:541} INFO - Filling up the DagBag from /home/airflow/.local/lib/python3.7/site-packages/airflow/example_dags/example_xcom.py
[2023-06-19T15:43:56.717+0000] {processor.py:836} INFO - DAG(s) dict_keys(['example_xcom']) retrieved from /home/airflow/.local/lib/python3.7/site-packages/airflow/example_dags/example_xcom.py
[2023-06-19T15:43:56.746+0000] {logging_mixin.py:149} INFO - [2023-06-19T15:43:56.745+0000] {dag.py:2726} INFO - Sync 1 DAGs
[2023-06-19T15:43:56.780+0000] {logging_mixin.py:149} INFO - [2023-06-19T15:43:56.779+0000] {dag.py:3490} INFO - Setting next_dagrun for example_xcom to 2021-01-01T00:00:00+00:00, run_after=2021-01-01T00:00:00+00:00
[2023-06-19T15:43:56.808+0000] {processor.py:179} INFO - Processing /home/airflow/.local/lib/python3.7/site-packages/airflow/example_dags/example_xcom.py took 0.105 seconds
[2023-06-19T15:44:27.159+0000] {processor.py:157} INFO - Started process (PID=368) to work on /home/airflow/.local/lib/python3.7/site-packages/airflow/example_dags/example_xcom.py
[2023-06-19T15:44:27.160+0000] {processor.py:826} INFO - Processing file /home/airflow/.local/lib/python3.7/site-packages/airflow/example_dags/example_xcom.py for tasks to queue
[2023-06-19T15:44:27.161+0000] {logging_mixin.py:149} INFO - [2023-06-19T15:44:27.161+0000] {dagbag.py:541} INFO - Filling up the DagBag from /home/airflow/.local/lib/python3.7/site-packages/airflow/example_dags/example_xcom.py
[2023-06-19T15:44:27.169+0000] {processor.py:836} INFO - DAG(s) dict_keys(['example_xcom']) retrieved from /home/airflow/.local/lib/python3.7/site-packages/airflow/example_dags/example_xcom.py
[2023-06-19T15:44:27.192+0000] {logging_mixin.py:149} INFO - [2023-06-19T15:44:27.192+0000] {dag.py:2726} INFO - Sync 1 DAGs
[2023-06-19T15:44:27.216+0000] {logging_mixin.py:149} INFO - [2023-06-19T15:44:27.216+0000] {dag.py:3490} INFO - Setting next_dagrun for example_xcom to 2021-01-01T00:00:00+00:00, run_after=2021-01-01T00:00:00+00:00
[2023-06-19T15:44:27.237+0000] {processor.py:179} INFO - Processing /home/airflow/.local/lib/python3.7/site-packages/airflow/example_dags/example_xcom.py took 0.081 seconds
[2023-06-19T15:44:57.610+0000] {processor.py:157} INFO - Started process (PID=433) to work on /home/airflow/.local/lib/python3.7/site-packages/airflow/example_dags/example_xcom.py
[2023-06-19T15:44:57.611+0000] {processor.py:826} INFO - Processing file /home/airflow/.local/lib/python3.7/site-packages/airflow/example_dags/example_xcom.py for tasks to queue
[2023-06-19T15:44:57.612+0000] {logging_mixin.py:149} INFO - [2023-06-19T15:44:57.612+0000] {dagbag.py:541} INFO - Filling up the DagBag from /home/airflow/.local/lib/python3.7/site-packages/airflow/example_dags/example_xcom.py
[2023-06-19T15:44:57.619+0000] {processor.py:836} INFO - DAG(s) dict_keys(['example_xcom']) retrieved from /home/airflow/.local/lib/python3.7/site-packages/airflow/example_dags/example_xcom.py
[2023-06-19T15:44:57.642+0000] {logging_mixin.py:149} INFO - [2023-06-19T15:44:57.642+0000] {dag.py:2726} INFO - Sync 1 DAGs
[2023-06-19T15:44:57.665+0000] {logging_mixin.py:149} INFO - [2023-06-19T15:44:57.665+0000] {dag.py:3490} INFO - Setting next_dagrun for example_xcom to 2021-01-01T00:00:00+00:00, run_after=2021-01-01T00:00:00+00:00
[2023-06-19T15:44:57.684+0000] {processor.py:179} INFO - Processing /home/airflow/.local/lib/python3.7/site-packages/airflow/example_dags/example_xcom.py took 0.076 seconds
[2023-06-19T15:45:28.001+0000] {processor.py:157} INFO - Started process (PID=498) to work on /home/airflow/.local/lib/python3.7/site-packages/airflow/example_dags/example_xcom.py
[2023-06-19T15:45:28.003+0000] {processor.py:826} INFO - Processing file /home/airflow/.local/lib/python3.7/site-packages/airflow/example_dags/example_xcom.py for tasks to queue
[2023-06-19T15:45:28.004+0000] {logging_mixin.py:149} INFO - [2023-06-19T15:45:28.004+0000] {dagbag.py:541} INFO - Filling up the DagBag from /home/airflow/.local/lib/python3.7/site-packages/airflow/example_dags/example_xcom.py
[2023-06-19T15:45:28.011+0000] {processor.py:836} INFO - DAG(s) dict_keys(['example_xcom']) retrieved from /home/airflow/.local/lib/python3.7/site-packages/airflow/example_dags/example_xcom.py
[2023-06-19T15:45:28.038+0000] {logging_mixin.py:149} INFO - [2023-06-19T15:45:28.038+0000] {dag.py:2726} INFO - Sync 1 DAGs
[2023-06-19T15:45:28.062+0000] {logging_mixin.py:149} INFO - [2023-06-19T15:45:28.062+0000] {dag.py:3490} INFO - Setting next_dagrun for example_xcom to 2021-01-01T00:00:00+00:00, run_after=2021-01-01T00:00:00+00:00
[2023-06-19T15:45:28.083+0000] {processor.py:179} INFO - Processing /home/airflow/.local/lib/python3.7/site-packages/airflow/example_dags/example_xcom.py took 0.085 seconds
[2023-06-19T15:45:58.370+0000] {processor.py:157} INFO - Started process (PID=563) to work on /home/airflow/.local/lib/python3.7/site-packages/airflow/example_dags/example_xcom.py
[2023-06-19T15:45:58.371+0000] {processor.py:826} INFO - Processing file /home/airflow/.local/lib/python3.7/site-packages/airflow/example_dags/example_xcom.py for tasks to queue
[2023-06-19T15:45:58.372+0000] {logging_mixin.py:149} INFO - [2023-06-19T15:45:58.372+0000] {dagbag.py:541} INFO - Filling up the DagBag from /home/airflow/.local/lib/python3.7/site-packages/airflow/example_dags/example_xcom.py
[2023-06-19T15:45:58.380+0000] {processor.py:836} INFO - DAG(s) dict_keys(['example_xcom']) retrieved from /home/airflow/.local/lib/python3.7/site-packages/airflow/example_dags/example_xcom.py
[2023-06-19T15:45:58.409+0000] {logging_mixin.py:149} INFO - [2023-06-19T15:45:58.408+0000] {dag.py:2726} INFO - Sync 1 DAGs
[2023-06-19T15:45:58.438+0000] {logging_mixin.py:149} INFO - [2023-06-19T15:45:58.437+0000] {dag.py:3490} INFO - Setting next_dagrun for example_xcom to 2021-01-01T00:00:00+00:00, run_after=2021-01-01T00:00:00+00:00
[2023-06-19T15:45:58.460+0000] {processor.py:179} INFO - Processing /home/airflow/.local/lib/python3.7/site-packages/airflow/example_dags/example_xcom.py took 0.093 seconds
[2023-06-19T15:46:28.717+0000] {processor.py:157} INFO - Started process (PID=628) to work on /home/airflow/.local/lib/python3.7/site-packages/airflow/example_dags/example_xcom.py
[2023-06-19T15:46:28.718+0000] {processor.py:826} INFO - Processing file /home/airflow/.local/lib/python3.7/site-packages/airflow/example_dags/example_xcom.py for tasks to queue
[2023-06-19T15:46:28.719+0000] {logging_mixin.py:149} INFO - [2023-06-19T15:46:28.719+0000] {dagbag.py:541} INFO - Filling up the DagBag from /home/airflow/.local/lib/python3.7/site-packages/airflow/example_dags/example_xcom.py
[2023-06-19T15:46:28.726+0000] {processor.py:836} INFO - DAG(s) dict_keys(['example_xcom']) retrieved from /home/airflow/.local/lib/python3.7/site-packages/airflow/example_dags/example_xcom.py
[2023-06-19T15:46:28.749+0000] {logging_mixin.py:149} INFO - [2023-06-19T15:46:28.749+0000] {dag.py:2726} INFO - Sync 1 DAGs
[2023-06-19T15:46:28.772+0000] {logging_mixin.py:149} INFO - [2023-06-19T15:46:28.772+0000] {dag.py:3490} INFO - Setting next_dagrun for example_xcom to 2021-01-01T00:00:00+00:00, run_after=2021-01-01T00:00:00+00:00
[2023-06-19T15:46:28.791+0000] {processor.py:179} INFO - Processing /home/airflow/.local/lib/python3.7/site-packages/airflow/example_dags/example_xcom.py took 0.077 seconds
