[2023-06-19T15:42:01.566+0000] {processor.py:157} INFO - Started process (PID=72) to work on /home/airflow/.local/lib/python3.7/site-packages/airflow/example_dags/example_kubernetes_executor.py
[2023-06-19T15:42:01.571+0000] {processor.py:826} INFO - Processing file /home/airflow/.local/lib/python3.7/site-packages/airflow/example_dags/example_kubernetes_executor.py for tasks to queue
[2023-06-19T15:42:01.573+0000] {logging_mixin.py:149} INFO - [2023-06-19T15:42:01.572+0000] {dagbag.py:541} INFO - Filling up the DagBag from /home/airflow/.local/lib/python3.7/site-packages/airflow/example_dags/example_kubernetes_executor.py
[2023-06-19T15:42:02.198+0000] {processor.py:836} INFO - DAG(s) dict_keys(['example_kubernetes_executor']) retrieved from /home/airflow/.local/lib/python3.7/site-packages/airflow/example_dags/example_kubernetes_executor.py
[2023-06-19T15:42:02.409+0000] {logging_mixin.py:149} INFO - [2023-06-19T15:42:02.409+0000] {manager.py:504} INFO - Created Permission View: can delete on DAG:example_kubernetes_executor
[2023-06-19T15:42:02.420+0000] {logging_mixin.py:149} INFO - [2023-06-19T15:42:02.419+0000] {manager.py:504} INFO - Created Permission View: can read on DAG:example_kubernetes_executor
[2023-06-19T15:42:02.428+0000] {logging_mixin.py:149} INFO - [2023-06-19T15:42:02.427+0000] {manager.py:504} INFO - Created Permission View: can edit on DAG:example_kubernetes_executor
[2023-06-19T15:42:02.428+0000] {logging_mixin.py:149} INFO - [2023-06-19T15:42:02.428+0000] {dag.py:2726} INFO - Sync 1 DAGs
[2023-06-19T15:42:02.455+0000] {logging_mixin.py:149} INFO - [2023-06-19T15:42:02.455+0000] {dag.py:2747} INFO - Creating ORM DAG for example_kubernetes_executor
[2023-06-19T15:42:02.472+0000] {logging_mixin.py:149} INFO - [2023-06-19T15:42:02.472+0000] {dag.py:3490} INFO - Setting next_dagrun for example_kubernetes_executor to None, run_after=None
[2023-06-19T15:42:02.499+0000] {processor.py:179} INFO - Processing /home/airflow/.local/lib/python3.7/site-packages/airflow/example_dags/example_kubernetes_executor.py took 0.940 seconds
[2023-06-19T15:42:32.926+0000] {processor.py:157} INFO - Started process (PID=138) to work on /home/airflow/.local/lib/python3.7/site-packages/airflow/example_dags/example_kubernetes_executor.py
[2023-06-19T15:42:32.927+0000] {processor.py:826} INFO - Processing file /home/airflow/.local/lib/python3.7/site-packages/airflow/example_dags/example_kubernetes_executor.py for tasks to queue
[2023-06-19T15:42:32.928+0000] {logging_mixin.py:149} INFO - [2023-06-19T15:42:32.928+0000] {dagbag.py:541} INFO - Filling up the DagBag from /home/airflow/.local/lib/python3.7/site-packages/airflow/example_dags/example_kubernetes_executor.py
[2023-06-19T15:42:33.201+0000] {processor.py:836} INFO - DAG(s) dict_keys(['example_kubernetes_executor']) retrieved from /home/airflow/.local/lib/python3.7/site-packages/airflow/example_dags/example_kubernetes_executor.py
[2023-06-19T15:42:33.284+0000] {logging_mixin.py:149} INFO - [2023-06-19T15:42:33.284+0000] {dag.py:2726} INFO - Sync 1 DAGs
[2023-06-19T15:42:33.329+0000] {logging_mixin.py:149} INFO - [2023-06-19T15:42:33.328+0000] {dag.py:3490} INFO - Setting next_dagrun for example_kubernetes_executor to None, run_after=None
[2023-06-19T15:42:33.349+0000] {processor.py:179} INFO - Processing /home/airflow/.local/lib/python3.7/site-packages/airflow/example_dags/example_kubernetes_executor.py took 0.426 seconds
[2023-06-19T15:43:04.061+0000] {processor.py:157} INFO - Started process (PID=203) to work on /home/airflow/.local/lib/python3.7/site-packages/airflow/example_dags/example_kubernetes_executor.py
[2023-06-19T15:43:04.062+0000] {processor.py:826} INFO - Processing file /home/airflow/.local/lib/python3.7/site-packages/airflow/example_dags/example_kubernetes_executor.py for tasks to queue
[2023-06-19T15:43:04.063+0000] {logging_mixin.py:149} INFO - [2023-06-19T15:43:04.063+0000] {dagbag.py:541} INFO - Filling up the DagBag from /home/airflow/.local/lib/python3.7/site-packages/airflow/example_dags/example_kubernetes_executor.py
[2023-06-19T15:43:04.430+0000] {processor.py:836} INFO - DAG(s) dict_keys(['example_kubernetes_executor']) retrieved from /home/airflow/.local/lib/python3.7/site-packages/airflow/example_dags/example_kubernetes_executor.py
[2023-06-19T15:43:04.609+0000] {logging_mixin.py:149} INFO - [2023-06-19T15:43:04.609+0000] {dag.py:2726} INFO - Sync 1 DAGs
[2023-06-19T15:43:04.688+0000] {logging_mixin.py:149} INFO - [2023-06-19T15:43:04.688+0000] {dag.py:3490} INFO - Setting next_dagrun for example_kubernetes_executor to None, run_after=None
[2023-06-19T15:43:04.740+0000] {processor.py:179} INFO - Processing /home/airflow/.local/lib/python3.7/site-packages/airflow/example_dags/example_kubernetes_executor.py took 0.682 seconds
[2023-06-19T15:43:35.322+0000] {processor.py:157} INFO - Started process (PID=268) to work on /home/airflow/.local/lib/python3.7/site-packages/airflow/example_dags/example_kubernetes_executor.py
[2023-06-19T15:43:35.323+0000] {processor.py:826} INFO - Processing file /home/airflow/.local/lib/python3.7/site-packages/airflow/example_dags/example_kubernetes_executor.py for tasks to queue
[2023-06-19T15:43:35.324+0000] {logging_mixin.py:149} INFO - [2023-06-19T15:43:35.324+0000] {dagbag.py:541} INFO - Filling up the DagBag from /home/airflow/.local/lib/python3.7/site-packages/airflow/example_dags/example_kubernetes_executor.py
[2023-06-19T15:43:35.524+0000] {processor.py:836} INFO - DAG(s) dict_keys(['example_kubernetes_executor']) retrieved from /home/airflow/.local/lib/python3.7/site-packages/airflow/example_dags/example_kubernetes_executor.py
[2023-06-19T15:43:35.564+0000] {logging_mixin.py:149} INFO - [2023-06-19T15:43:35.563+0000] {dag.py:2726} INFO - Sync 1 DAGs
[2023-06-19T15:43:35.588+0000] {logging_mixin.py:149} INFO - [2023-06-19T15:43:35.588+0000] {dag.py:3490} INFO - Setting next_dagrun for example_kubernetes_executor to None, run_after=None
[2023-06-19T15:43:35.607+0000] {processor.py:179} INFO - Processing /home/airflow/.local/lib/python3.7/site-packages/airflow/example_dags/example_kubernetes_executor.py took 0.288 seconds
[2023-06-19T15:44:05.919+0000] {processor.py:157} INFO - Started process (PID=333) to work on /home/airflow/.local/lib/python3.7/site-packages/airflow/example_dags/example_kubernetes_executor.py
[2023-06-19T15:44:05.920+0000] {processor.py:826} INFO - Processing file /home/airflow/.local/lib/python3.7/site-packages/airflow/example_dags/example_kubernetes_executor.py for tasks to queue
[2023-06-19T15:44:05.921+0000] {logging_mixin.py:149} INFO - [2023-06-19T15:44:05.921+0000] {dagbag.py:541} INFO - Filling up the DagBag from /home/airflow/.local/lib/python3.7/site-packages/airflow/example_dags/example_kubernetes_executor.py
[2023-06-19T15:44:06.117+0000] {processor.py:836} INFO - DAG(s) dict_keys(['example_kubernetes_executor']) retrieved from /home/airflow/.local/lib/python3.7/site-packages/airflow/example_dags/example_kubernetes_executor.py
[2023-06-19T15:44:06.152+0000] {logging_mixin.py:149} INFO - [2023-06-19T15:44:06.152+0000] {dag.py:2726} INFO - Sync 1 DAGs
[2023-06-19T15:44:06.175+0000] {logging_mixin.py:149} INFO - [2023-06-19T15:44:06.175+0000] {dag.py:3490} INFO - Setting next_dagrun for example_kubernetes_executor to None, run_after=None
[2023-06-19T15:44:06.193+0000] {processor.py:179} INFO - Processing /home/airflow/.local/lib/python3.7/site-packages/airflow/example_dags/example_kubernetes_executor.py took 0.277 seconds
[2023-06-19T15:44:36.298+0000] {processor.py:157} INFO - Started process (PID=401) to work on /home/airflow/.local/lib/python3.7/site-packages/airflow/example_dags/example_kubernetes_executor.py
[2023-06-19T15:44:36.299+0000] {processor.py:826} INFO - Processing file /home/airflow/.local/lib/python3.7/site-packages/airflow/example_dags/example_kubernetes_executor.py for tasks to queue
[2023-06-19T15:44:36.301+0000] {logging_mixin.py:149} INFO - [2023-06-19T15:44:36.300+0000] {dagbag.py:541} INFO - Filling up the DagBag from /home/airflow/.local/lib/python3.7/site-packages/airflow/example_dags/example_kubernetes_executor.py
[2023-06-19T15:44:36.476+0000] {processor.py:836} INFO - DAG(s) dict_keys(['example_kubernetes_executor']) retrieved from /home/airflow/.local/lib/python3.7/site-packages/airflow/example_dags/example_kubernetes_executor.py
[2023-06-19T15:44:36.514+0000] {logging_mixin.py:149} INFO - [2023-06-19T15:44:36.514+0000] {dag.py:2726} INFO - Sync 1 DAGs
[2023-06-19T15:44:36.538+0000] {logging_mixin.py:149} INFO - [2023-06-19T15:44:36.538+0000] {dag.py:3490} INFO - Setting next_dagrun for example_kubernetes_executor to None, run_after=None
[2023-06-19T15:44:36.558+0000] {processor.py:179} INFO - Processing /home/airflow/.local/lib/python3.7/site-packages/airflow/example_dags/example_kubernetes_executor.py took 0.262 seconds
[2023-06-19T15:45:06.595+0000] {processor.py:157} INFO - Started process (PID=463) to work on /home/airflow/.local/lib/python3.7/site-packages/airflow/example_dags/example_kubernetes_executor.py
[2023-06-19T15:45:06.596+0000] {processor.py:826} INFO - Processing file /home/airflow/.local/lib/python3.7/site-packages/airflow/example_dags/example_kubernetes_executor.py for tasks to queue
[2023-06-19T15:45:06.597+0000] {logging_mixin.py:149} INFO - [2023-06-19T15:45:06.597+0000] {dagbag.py:541} INFO - Filling up the DagBag from /home/airflow/.local/lib/python3.7/site-packages/airflow/example_dags/example_kubernetes_executor.py
[2023-06-19T15:45:06.803+0000] {processor.py:836} INFO - DAG(s) dict_keys(['example_kubernetes_executor']) retrieved from /home/airflow/.local/lib/python3.7/site-packages/airflow/example_dags/example_kubernetes_executor.py
[2023-06-19T15:45:06.840+0000] {logging_mixin.py:149} INFO - [2023-06-19T15:45:06.840+0000] {dag.py:2726} INFO - Sync 1 DAGs
[2023-06-19T15:45:06.864+0000] {logging_mixin.py:149} INFO - [2023-06-19T15:45:06.864+0000] {dag.py:3490} INFO - Setting next_dagrun for example_kubernetes_executor to None, run_after=None
[2023-06-19T15:45:06.883+0000] {processor.py:179} INFO - Processing /home/airflow/.local/lib/python3.7/site-packages/airflow/example_dags/example_kubernetes_executor.py took 0.290 seconds
[2023-06-19T15:45:36.957+0000] {processor.py:157} INFO - Started process (PID=528) to work on /home/airflow/.local/lib/python3.7/site-packages/airflow/example_dags/example_kubernetes_executor.py
[2023-06-19T15:45:36.958+0000] {processor.py:826} INFO - Processing file /home/airflow/.local/lib/python3.7/site-packages/airflow/example_dags/example_kubernetes_executor.py for tasks to queue
[2023-06-19T15:45:36.959+0000] {logging_mixin.py:149} INFO - [2023-06-19T15:45:36.959+0000] {dagbag.py:541} INFO - Filling up the DagBag from /home/airflow/.local/lib/python3.7/site-packages/airflow/example_dags/example_kubernetes_executor.py
[2023-06-19T15:45:37.142+0000] {processor.py:836} INFO - DAG(s) dict_keys(['example_kubernetes_executor']) retrieved from /home/airflow/.local/lib/python3.7/site-packages/airflow/example_dags/example_kubernetes_executor.py
[2023-06-19T15:45:37.178+0000] {logging_mixin.py:149} INFO - [2023-06-19T15:45:37.178+0000] {dag.py:2726} INFO - Sync 1 DAGs
[2023-06-19T15:45:37.201+0000] {logging_mixin.py:149} INFO - [2023-06-19T15:45:37.201+0000] {dag.py:3490} INFO - Setting next_dagrun for example_kubernetes_executor to None, run_after=None
[2023-06-19T15:45:37.223+0000] {processor.py:179} INFO - Processing /home/airflow/.local/lib/python3.7/site-packages/airflow/example_dags/example_kubernetes_executor.py took 0.268 seconds
[2023-06-19T15:46:07.420+0000] {processor.py:157} INFO - Started process (PID=593) to work on /home/airflow/.local/lib/python3.7/site-packages/airflow/example_dags/example_kubernetes_executor.py
[2023-06-19T15:46:07.421+0000] {processor.py:826} INFO - Processing file /home/airflow/.local/lib/python3.7/site-packages/airflow/example_dags/example_kubernetes_executor.py for tasks to queue
[2023-06-19T15:46:07.422+0000] {logging_mixin.py:149} INFO - [2023-06-19T15:46:07.422+0000] {dagbag.py:541} INFO - Filling up the DagBag from /home/airflow/.local/lib/python3.7/site-packages/airflow/example_dags/example_kubernetes_executor.py
[2023-06-19T15:46:07.624+0000] {processor.py:836} INFO - DAG(s) dict_keys(['example_kubernetes_executor']) retrieved from /home/airflow/.local/lib/python3.7/site-packages/airflow/example_dags/example_kubernetes_executor.py
[2023-06-19T15:46:07.663+0000] {logging_mixin.py:149} INFO - [2023-06-19T15:46:07.663+0000] {dag.py:2726} INFO - Sync 1 DAGs
[2023-06-19T15:46:07.689+0000] {logging_mixin.py:149} INFO - [2023-06-19T15:46:07.689+0000] {dag.py:3490} INFO - Setting next_dagrun for example_kubernetes_executor to None, run_after=None
[2023-06-19T15:46:07.712+0000] {processor.py:179} INFO - Processing /home/airflow/.local/lib/python3.7/site-packages/airflow/example_dags/example_kubernetes_executor.py took 0.295 seconds
[2023-06-19T15:46:38.117+0000] {processor.py:157} INFO - Started process (PID=658) to work on /home/airflow/.local/lib/python3.7/site-packages/airflow/example_dags/example_kubernetes_executor.py
[2023-06-19T15:46:38.119+0000] {processor.py:826} INFO - Processing file /home/airflow/.local/lib/python3.7/site-packages/airflow/example_dags/example_kubernetes_executor.py for tasks to queue
[2023-06-19T15:46:38.120+0000] {logging_mixin.py:149} INFO - [2023-06-19T15:46:38.120+0000] {dagbag.py:541} INFO - Filling up the DagBag from /home/airflow/.local/lib/python3.7/site-packages/airflow/example_dags/example_kubernetes_executor.py
[2023-06-19T15:46:38.320+0000] {processor.py:836} INFO - DAG(s) dict_keys(['example_kubernetes_executor']) retrieved from /home/airflow/.local/lib/python3.7/site-packages/airflow/example_dags/example_kubernetes_executor.py
[2023-06-19T15:46:38.356+0000] {logging_mixin.py:149} INFO - [2023-06-19T15:46:38.355+0000] {dag.py:2726} INFO - Sync 1 DAGs
[2023-06-19T15:46:38.377+0000] {logging_mixin.py:149} INFO - [2023-06-19T15:46:38.377+0000] {dag.py:3490} INFO - Setting next_dagrun for example_kubernetes_executor to None, run_after=None
[2023-06-19T15:46:38.395+0000] {processor.py:179} INFO - Processing /home/airflow/.local/lib/python3.7/site-packages/airflow/example_dags/example_kubernetes_executor.py took 0.281 seconds
