[2023-06-19T15:41:54.112+0000] {processor.py:157} INFO - Started process (PID=36) to work on /home/airflow/.local/lib/python3.7/site-packages/airflow/example_dags/example_branch_operator.py
[2023-06-19T15:41:54.114+0000] {processor.py:826} INFO - Processing file /home/airflow/.local/lib/python3.7/site-packages/airflow/example_dags/example_branch_operator.py for tasks to queue
[2023-06-19T15:41:54.115+0000] {logging_mixin.py:149} INFO - [2023-06-19T15:41:54.115+0000] {dagbag.py:541} INFO - Filling up the DagBag from /home/airflow/.local/lib/python3.7/site-packages/airflow/example_dags/example_branch_operator.py
[2023-06-19T15:41:54.130+0000] {processor.py:836} INFO - DAG(s) dict_keys(['example_branch_operator']) retrieved from /home/airflow/.local/lib/python3.7/site-packages/airflow/example_dags/example_branch_operator.py
[2023-06-19T15:41:54.327+0000] {logging_mixin.py:149} INFO - [2023-06-19T15:41:54.327+0000] {manager.py:504} INFO - Created Permission View: can delete on DAG:example_branch_operator
[2023-06-19T15:41:54.341+0000] {logging_mixin.py:149} INFO - [2023-06-19T15:41:54.341+0000] {manager.py:504} INFO - Created Permission View: can read on DAG:example_branch_operator
[2023-06-19T15:41:54.352+0000] {logging_mixin.py:149} INFO - [2023-06-19T15:41:54.351+0000] {manager.py:504} INFO - Created Permission View: can edit on DAG:example_branch_operator
[2023-06-19T15:41:54.352+0000] {logging_mixin.py:149} INFO - [2023-06-19T15:41:54.352+0000] {dag.py:2726} INFO - Sync 1 DAGs
[2023-06-19T15:41:54.377+0000] {logging_mixin.py:149} INFO - [2023-06-19T15:41:54.377+0000] {dag.py:2747} INFO - Creating ORM DAG for example_branch_operator
[2023-06-19T15:41:54.395+0000] {logging_mixin.py:149} INFO - [2023-06-19T15:41:54.395+0000] {dag.py:3490} INFO - Setting next_dagrun for example_branch_operator to 2023-06-18T00:00:00+00:00, run_after=2023-06-19T00:00:00+00:00
[2023-06-19T15:41:54.424+0000] {processor.py:179} INFO - Processing /home/airflow/.local/lib/python3.7/site-packages/airflow/example_dags/example_branch_operator.py took 0.315 seconds
[2023-06-19T15:42:24.651+0000] {processor.py:157} INFO - Started process (PID=102) to work on /home/airflow/.local/lib/python3.7/site-packages/airflow/example_dags/example_branch_operator.py
[2023-06-19T15:42:24.652+0000] {processor.py:826} INFO - Processing file /home/airflow/.local/lib/python3.7/site-packages/airflow/example_dags/example_branch_operator.py for tasks to queue
[2023-06-19T15:42:24.653+0000] {logging_mixin.py:149} INFO - [2023-06-19T15:42:24.652+0000] {dagbag.py:541} INFO - Filling up the DagBag from /home/airflow/.local/lib/python3.7/site-packages/airflow/example_dags/example_branch_operator.py
[2023-06-19T15:42:24.661+0000] {processor.py:836} INFO - DAG(s) dict_keys(['example_branch_operator']) retrieved from /home/airflow/.local/lib/python3.7/site-packages/airflow/example_dags/example_branch_operator.py
[2023-06-19T15:42:24.685+0000] {logging_mixin.py:149} INFO - [2023-06-19T15:42:24.684+0000] {dag.py:2726} INFO - Sync 1 DAGs
[2023-06-19T15:42:24.708+0000] {logging_mixin.py:149} INFO - [2023-06-19T15:42:24.708+0000] {dag.py:3490} INFO - Setting next_dagrun for example_branch_operator to 2023-06-18T00:00:00+00:00, run_after=2023-06-19T00:00:00+00:00
[2023-06-19T15:42:24.726+0000] {processor.py:179} INFO - Processing /home/airflow/.local/lib/python3.7/site-packages/airflow/example_dags/example_branch_operator.py took 0.078 seconds
[2023-06-19T15:42:54.776+0000] {processor.py:157} INFO - Started process (PID=167) to work on /home/airflow/.local/lib/python3.7/site-packages/airflow/example_dags/example_branch_operator.py
[2023-06-19T15:42:54.777+0000] {processor.py:826} INFO - Processing file /home/airflow/.local/lib/python3.7/site-packages/airflow/example_dags/example_branch_operator.py for tasks to queue
[2023-06-19T15:42:54.778+0000] {logging_mixin.py:149} INFO - [2023-06-19T15:42:54.778+0000] {dagbag.py:541} INFO - Filling up the DagBag from /home/airflow/.local/lib/python3.7/site-packages/airflow/example_dags/example_branch_operator.py
[2023-06-19T15:42:54.786+0000] {processor.py:836} INFO - DAG(s) dict_keys(['example_branch_operator']) retrieved from /home/airflow/.local/lib/python3.7/site-packages/airflow/example_dags/example_branch_operator.py
[2023-06-19T15:42:54.812+0000] {logging_mixin.py:149} INFO - [2023-06-19T15:42:54.811+0000] {dag.py:2726} INFO - Sync 1 DAGs
[2023-06-19T15:42:54.836+0000] {logging_mixin.py:149} INFO - [2023-06-19T15:42:54.836+0000] {dag.py:3490} INFO - Setting next_dagrun for example_branch_operator to 2023-06-18T00:00:00+00:00, run_after=2023-06-19T00:00:00+00:00
[2023-06-19T15:42:54.854+0000] {processor.py:179} INFO - Processing /home/airflow/.local/lib/python3.7/site-packages/airflow/example_dags/example_branch_operator.py took 0.081 seconds
[2023-06-19T15:43:25.014+0000] {processor.py:157} INFO - Started process (PID=232) to work on /home/airflow/.local/lib/python3.7/site-packages/airflow/example_dags/example_branch_operator.py
[2023-06-19T15:43:25.015+0000] {processor.py:826} INFO - Processing file /home/airflow/.local/lib/python3.7/site-packages/airflow/example_dags/example_branch_operator.py for tasks to queue
[2023-06-19T15:43:25.016+0000] {logging_mixin.py:149} INFO - [2023-06-19T15:43:25.016+0000] {dagbag.py:541} INFO - Filling up the DagBag from /home/airflow/.local/lib/python3.7/site-packages/airflow/example_dags/example_branch_operator.py
[2023-06-19T15:43:25.025+0000] {processor.py:836} INFO - DAG(s) dict_keys(['example_branch_operator']) retrieved from /home/airflow/.local/lib/python3.7/site-packages/airflow/example_dags/example_branch_operator.py
[2023-06-19T15:43:25.051+0000] {logging_mixin.py:149} INFO - [2023-06-19T15:43:25.051+0000] {dag.py:2726} INFO - Sync 1 DAGs
[2023-06-19T15:43:25.076+0000] {logging_mixin.py:149} INFO - [2023-06-19T15:43:25.076+0000] {dag.py:3490} INFO - Setting next_dagrun for example_branch_operator to 2023-06-18T00:00:00+00:00, run_after=2023-06-19T00:00:00+00:00
[2023-06-19T15:43:25.095+0000] {processor.py:179} INFO - Processing /home/airflow/.local/lib/python3.7/site-packages/airflow/example_dags/example_branch_operator.py took 0.084 seconds
[2023-06-19T15:43:55.344+0000] {processor.py:157} INFO - Started process (PID=297) to work on /home/airflow/.local/lib/python3.7/site-packages/airflow/example_dags/example_branch_operator.py
[2023-06-19T15:43:55.345+0000] {processor.py:826} INFO - Processing file /home/airflow/.local/lib/python3.7/site-packages/airflow/example_dags/example_branch_operator.py for tasks to queue
[2023-06-19T15:43:55.346+0000] {logging_mixin.py:149} INFO - [2023-06-19T15:43:55.346+0000] {dagbag.py:541} INFO - Filling up the DagBag from /home/airflow/.local/lib/python3.7/site-packages/airflow/example_dags/example_branch_operator.py
[2023-06-19T15:43:55.355+0000] {processor.py:836} INFO - DAG(s) dict_keys(['example_branch_operator']) retrieved from /home/airflow/.local/lib/python3.7/site-packages/airflow/example_dags/example_branch_operator.py
[2023-06-19T15:43:55.379+0000] {logging_mixin.py:149} INFO - [2023-06-19T15:43:55.379+0000] {dag.py:2726} INFO - Sync 1 DAGs
[2023-06-19T15:43:55.404+0000] {logging_mixin.py:149} INFO - [2023-06-19T15:43:55.404+0000] {dag.py:3490} INFO - Setting next_dagrun for example_branch_operator to 2023-06-18T00:00:00+00:00, run_after=2023-06-19T00:00:00+00:00
[2023-06-19T15:43:55.423+0000] {processor.py:179} INFO - Processing /home/airflow/.local/lib/python3.7/site-packages/airflow/example_dags/example_branch_operator.py took 0.082 seconds
[2023-06-19T15:44:25.871+0000] {processor.py:157} INFO - Started process (PID=362) to work on /home/airflow/.local/lib/python3.7/site-packages/airflow/example_dags/example_branch_operator.py
[2023-06-19T15:44:25.872+0000] {processor.py:826} INFO - Processing file /home/airflow/.local/lib/python3.7/site-packages/airflow/example_dags/example_branch_operator.py for tasks to queue
[2023-06-19T15:44:25.873+0000] {logging_mixin.py:149} INFO - [2023-06-19T15:44:25.873+0000] {dagbag.py:541} INFO - Filling up the DagBag from /home/airflow/.local/lib/python3.7/site-packages/airflow/example_dags/example_branch_operator.py
[2023-06-19T15:44:25.882+0000] {processor.py:836} INFO - DAG(s) dict_keys(['example_branch_operator']) retrieved from /home/airflow/.local/lib/python3.7/site-packages/airflow/example_dags/example_branch_operator.py
[2023-06-19T15:44:25.912+0000] {logging_mixin.py:149} INFO - [2023-06-19T15:44:25.912+0000] {dag.py:2726} INFO - Sync 1 DAGs
[2023-06-19T15:44:25.941+0000] {logging_mixin.py:149} INFO - [2023-06-19T15:44:25.941+0000] {dag.py:3490} INFO - Setting next_dagrun for example_branch_operator to 2023-06-18T00:00:00+00:00, run_after=2023-06-19T00:00:00+00:00
[2023-06-19T15:44:25.961+0000] {processor.py:179} INFO - Processing /home/airflow/.local/lib/python3.7/site-packages/airflow/example_dags/example_branch_operator.py took 0.092 seconds
[2023-06-19T15:44:56.330+0000] {processor.py:157} INFO - Started process (PID=427) to work on /home/airflow/.local/lib/python3.7/site-packages/airflow/example_dags/example_branch_operator.py
[2023-06-19T15:44:56.331+0000] {processor.py:826} INFO - Processing file /home/airflow/.local/lib/python3.7/site-packages/airflow/example_dags/example_branch_operator.py for tasks to queue
[2023-06-19T15:44:56.332+0000] {logging_mixin.py:149} INFO - [2023-06-19T15:44:56.332+0000] {dagbag.py:541} INFO - Filling up the DagBag from /home/airflow/.local/lib/python3.7/site-packages/airflow/example_dags/example_branch_operator.py
[2023-06-19T15:44:56.350+0000] {processor.py:836} INFO - DAG(s) dict_keys(['example_branch_operator']) retrieved from /home/airflow/.local/lib/python3.7/site-packages/airflow/example_dags/example_branch_operator.py
[2023-06-19T15:44:56.397+0000] {logging_mixin.py:149} INFO - [2023-06-19T15:44:56.397+0000] {dag.py:2726} INFO - Sync 1 DAGs
[2023-06-19T15:44:56.426+0000] {logging_mixin.py:149} INFO - [2023-06-19T15:44:56.426+0000] {dag.py:3490} INFO - Setting next_dagrun for example_branch_operator to 2023-06-18T00:00:00+00:00, run_after=2023-06-19T00:00:00+00:00
[2023-06-19T15:44:56.446+0000] {processor.py:179} INFO - Processing /home/airflow/.local/lib/python3.7/site-packages/airflow/example_dags/example_branch_operator.py took 0.121 seconds
[2023-06-19T15:45:26.707+0000] {processor.py:157} INFO - Started process (PID=492) to work on /home/airflow/.local/lib/python3.7/site-packages/airflow/example_dags/example_branch_operator.py
[2023-06-19T15:45:26.708+0000] {processor.py:826} INFO - Processing file /home/airflow/.local/lib/python3.7/site-packages/airflow/example_dags/example_branch_operator.py for tasks to queue
[2023-06-19T15:45:26.709+0000] {logging_mixin.py:149} INFO - [2023-06-19T15:45:26.709+0000] {dagbag.py:541} INFO - Filling up the DagBag from /home/airflow/.local/lib/python3.7/site-packages/airflow/example_dags/example_branch_operator.py
[2023-06-19T15:45:26.718+0000] {processor.py:836} INFO - DAG(s) dict_keys(['example_branch_operator']) retrieved from /home/airflow/.local/lib/python3.7/site-packages/airflow/example_dags/example_branch_operator.py
[2023-06-19T15:45:26.743+0000] {logging_mixin.py:149} INFO - [2023-06-19T15:45:26.743+0000] {dag.py:2726} INFO - Sync 1 DAGs
[2023-06-19T15:45:26.769+0000] {logging_mixin.py:149} INFO - [2023-06-19T15:45:26.769+0000] {dag.py:3490} INFO - Setting next_dagrun for example_branch_operator to 2023-06-18T00:00:00+00:00, run_after=2023-06-19T00:00:00+00:00
[2023-06-19T15:45:26.790+0000] {processor.py:179} INFO - Processing /home/airflow/.local/lib/python3.7/site-packages/airflow/example_dags/example_branch_operator.py took 0.086 seconds
[2023-06-19T15:45:56.974+0000] {processor.py:157} INFO - Started process (PID=557) to work on /home/airflow/.local/lib/python3.7/site-packages/airflow/example_dags/example_branch_operator.py
[2023-06-19T15:45:56.975+0000] {processor.py:826} INFO - Processing file /home/airflow/.local/lib/python3.7/site-packages/airflow/example_dags/example_branch_operator.py for tasks to queue
[2023-06-19T15:45:56.976+0000] {logging_mixin.py:149} INFO - [2023-06-19T15:45:56.976+0000] {dagbag.py:541} INFO - Filling up the DagBag from /home/airflow/.local/lib/python3.7/site-packages/airflow/example_dags/example_branch_operator.py
[2023-06-19T15:45:56.985+0000] {processor.py:836} INFO - DAG(s) dict_keys(['example_branch_operator']) retrieved from /home/airflow/.local/lib/python3.7/site-packages/airflow/example_dags/example_branch_operator.py
[2023-06-19T15:45:57.012+0000] {logging_mixin.py:149} INFO - [2023-06-19T15:45:57.012+0000] {dag.py:2726} INFO - Sync 1 DAGs
[2023-06-19T15:45:57.037+0000] {logging_mixin.py:149} INFO - [2023-06-19T15:45:57.037+0000] {dag.py:3490} INFO - Setting next_dagrun for example_branch_operator to 2023-06-18T00:00:00+00:00, run_after=2023-06-19T00:00:00+00:00
[2023-06-19T15:45:57.056+0000] {processor.py:179} INFO - Processing /home/airflow/.local/lib/python3.7/site-packages/airflow/example_dags/example_branch_operator.py took 0.085 seconds
[2023-06-19T15:46:27.454+0000] {processor.py:157} INFO - Started process (PID=622) to work on /home/airflow/.local/lib/python3.7/site-packages/airflow/example_dags/example_branch_operator.py
[2023-06-19T15:46:27.455+0000] {processor.py:826} INFO - Processing file /home/airflow/.local/lib/python3.7/site-packages/airflow/example_dags/example_branch_operator.py for tasks to queue
[2023-06-19T15:46:27.456+0000] {logging_mixin.py:149} INFO - [2023-06-19T15:46:27.456+0000] {dagbag.py:541} INFO - Filling up the DagBag from /home/airflow/.local/lib/python3.7/site-packages/airflow/example_dags/example_branch_operator.py
[2023-06-19T15:46:27.466+0000] {processor.py:836} INFO - DAG(s) dict_keys(['example_branch_operator']) retrieved from /home/airflow/.local/lib/python3.7/site-packages/airflow/example_dags/example_branch_operator.py
[2023-06-19T15:46:27.493+0000] {logging_mixin.py:149} INFO - [2023-06-19T15:46:27.493+0000] {dag.py:2726} INFO - Sync 1 DAGs
[2023-06-19T15:46:27.521+0000] {logging_mixin.py:149} INFO - [2023-06-19T15:46:27.520+0000] {dag.py:3490} INFO - Setting next_dagrun for example_branch_operator to 2023-06-18T00:00:00+00:00, run_after=2023-06-19T00:00:00+00:00
[2023-06-19T15:46:27.543+0000] {processor.py:179} INFO - Processing /home/airflow/.local/lib/python3.7/site-packages/airflow/example_dags/example_branch_operator.py took 0.091 seconds
