[2023-06-19T15:41:59.874+0000] {processor.py:157} INFO - Started process (PID=66) to work on /home/airflow/.local/lib/python3.7/site-packages/airflow/example_dags/example_python_operator.py
[2023-06-19T15:41:59.875+0000] {processor.py:826} INFO - Processing file /home/airflow/.local/lib/python3.7/site-packages/airflow/example_dags/example_python_operator.py for tasks to queue
[2023-06-19T15:41:59.876+0000] {logging_mixin.py:149} INFO - [2023-06-19T15:41:59.876+0000] {dagbag.py:541} INFO - Filling up the DagBag from /home/airflow/.local/lib/python3.7/site-packages/airflow/example_dags/example_python_operator.py
[2023-06-19T15:41:59.885+0000] {logging_mixin.py:149} INFO - [2023-06-19T15:41:59.885+0000] {taskmixin.py:211} WARNING - Dependency <Task(_PythonDecoratedOperator): print_the_context>, log_sql_query already registered for DAG: example_python_operator
[2023-06-19T15:41:59.886+0000] {logging_mixin.py:149} INFO - [2023-06-19T15:41:59.885+0000] {taskmixin.py:211} WARNING - Dependency <Task(_PythonDecoratedOperator): log_sql_query>, print_the_context already registered for DAG: example_python_operator
[2023-06-19T15:41:59.887+0000] {logging_mixin.py:149} INFO - [2023-06-19T15:41:59.887+0000] {taskmixin.py:211} WARNING - Dependency <Task(_PythonDecoratedOperator): print_the_context>, log_sql_query already registered for DAG: example_python_operator
[2023-06-19T15:41:59.887+0000] {logging_mixin.py:149} INFO - [2023-06-19T15:41:59.887+0000] {taskmixin.py:211} WARNING - Dependency <Task(_PythonDecoratedOperator): log_sql_query>, print_the_context already registered for DAG: example_python_operator
[2023-06-19T15:41:59.889+0000] {logging_mixin.py:149} INFO - [2023-06-19T15:41:59.889+0000] {taskmixin.py:211} WARNING - Dependency <Task(_PythonDecoratedOperator): print_the_context>, log_sql_query already registered for DAG: example_python_operator
[2023-06-19T15:41:59.889+0000] {logging_mixin.py:149} INFO - [2023-06-19T15:41:59.889+0000] {taskmixin.py:211} WARNING - Dependency <Task(_PythonDecoratedOperator): log_sql_query>, print_the_context already registered for DAG: example_python_operator
[2023-06-19T15:41:59.891+0000] {logging_mixin.py:149} INFO - [2023-06-19T15:41:59.891+0000] {taskmixin.py:211} WARNING - Dependency <Task(_PythonDecoratedOperator): print_the_context>, log_sql_query already registered for DAG: example_python_operator
[2023-06-19T15:41:59.891+0000] {logging_mixin.py:149} INFO - [2023-06-19T15:41:59.891+0000] {taskmixin.py:211} WARNING - Dependency <Task(_PythonDecoratedOperator): log_sql_query>, print_the_context already registered for DAG: example_python_operator
[2023-06-19T15:41:59.895+0000] {processor.py:836} INFO - DAG(s) dict_keys(['example_python_operator']) retrieved from /home/airflow/.local/lib/python3.7/site-packages/airflow/example_dags/example_python_operator.py
[2023-06-19T15:42:00.069+0000] {logging_mixin.py:149} INFO - [2023-06-19T15:42:00.069+0000] {manager.py:504} INFO - Created Permission View: can delete on DAG:example_python_operator
[2023-06-19T15:42:00.081+0000] {logging_mixin.py:149} INFO - [2023-06-19T15:42:00.081+0000] {manager.py:504} INFO - Created Permission View: can read on DAG:example_python_operator
[2023-06-19T15:42:00.090+0000] {logging_mixin.py:149} INFO - [2023-06-19T15:42:00.090+0000] {manager.py:504} INFO - Created Permission View: can edit on DAG:example_python_operator
[2023-06-19T15:42:00.091+0000] {logging_mixin.py:149} INFO - [2023-06-19T15:42:00.091+0000] {dag.py:2726} INFO - Sync 1 DAGs
[2023-06-19T15:42:00.112+0000] {logging_mixin.py:149} INFO - [2023-06-19T15:42:00.112+0000] {dag.py:2747} INFO - Creating ORM DAG for example_python_operator
[2023-06-19T15:42:00.133+0000] {logging_mixin.py:149} INFO - [2023-06-19T15:42:00.132+0000] {dag.py:3490} INFO - Setting next_dagrun for example_python_operator to None, run_after=None
[2023-06-19T15:42:00.167+0000] {processor.py:179} INFO - Processing /home/airflow/.local/lib/python3.7/site-packages/airflow/example_dags/example_python_operator.py took 0.296 seconds
[2023-06-19T15:42:30.611+0000] {processor.py:157} INFO - Started process (PID=132) to work on /home/airflow/.local/lib/python3.7/site-packages/airflow/example_dags/example_python_operator.py
[2023-06-19T15:42:30.612+0000] {processor.py:826} INFO - Processing file /home/airflow/.local/lib/python3.7/site-packages/airflow/example_dags/example_python_operator.py for tasks to queue
[2023-06-19T15:42:30.613+0000] {logging_mixin.py:149} INFO - [2023-06-19T15:42:30.613+0000] {dagbag.py:541} INFO - Filling up the DagBag from /home/airflow/.local/lib/python3.7/site-packages/airflow/example_dags/example_python_operator.py
[2023-06-19T15:42:30.619+0000] {logging_mixin.py:149} INFO - [2023-06-19T15:42:30.619+0000] {taskmixin.py:211} WARNING - Dependency <Task(_PythonDecoratedOperator): print_the_context>, log_sql_query already registered for DAG: example_python_operator
[2023-06-19T15:42:30.620+0000] {logging_mixin.py:149} INFO - [2023-06-19T15:42:30.620+0000] {taskmixin.py:211} WARNING - Dependency <Task(_PythonDecoratedOperator): log_sql_query>, print_the_context already registered for DAG: example_python_operator
[2023-06-19T15:42:30.621+0000] {logging_mixin.py:149} INFO - [2023-06-19T15:42:30.621+0000] {taskmixin.py:211} WARNING - Dependency <Task(_PythonDecoratedOperator): print_the_context>, log_sql_query already registered for DAG: example_python_operator
[2023-06-19T15:42:30.621+0000] {logging_mixin.py:149} INFO - [2023-06-19T15:42:30.621+0000] {taskmixin.py:211} WARNING - Dependency <Task(_PythonDecoratedOperator): log_sql_query>, print_the_context already registered for DAG: example_python_operator
[2023-06-19T15:42:30.623+0000] {logging_mixin.py:149} INFO - [2023-06-19T15:42:30.622+0000] {taskmixin.py:211} WARNING - Dependency <Task(_PythonDecoratedOperator): print_the_context>, log_sql_query already registered for DAG: example_python_operator
[2023-06-19T15:42:30.623+0000] {logging_mixin.py:149} INFO - [2023-06-19T15:42:30.623+0000] {taskmixin.py:211} WARNING - Dependency <Task(_PythonDecoratedOperator): log_sql_query>, print_the_context already registered for DAG: example_python_operator
[2023-06-19T15:42:30.624+0000] {logging_mixin.py:149} INFO - [2023-06-19T15:42:30.624+0000] {taskmixin.py:211} WARNING - Dependency <Task(_PythonDecoratedOperator): print_the_context>, log_sql_query already registered for DAG: example_python_operator
[2023-06-19T15:42:30.625+0000] {logging_mixin.py:149} INFO - [2023-06-19T15:42:30.625+0000] {taskmixin.py:211} WARNING - Dependency <Task(_PythonDecoratedOperator): log_sql_query>, print_the_context already registered for DAG: example_python_operator
[2023-06-19T15:42:30.628+0000] {processor.py:836} INFO - DAG(s) dict_keys(['example_python_operator']) retrieved from /home/airflow/.local/lib/python3.7/site-packages/airflow/example_dags/example_python_operator.py
[2023-06-19T15:42:30.654+0000] {logging_mixin.py:149} INFO - [2023-06-19T15:42:30.654+0000] {dag.py:2726} INFO - Sync 1 DAGs
[2023-06-19T15:42:30.683+0000] {logging_mixin.py:149} INFO - [2023-06-19T15:42:30.682+0000] {dag.py:3490} INFO - Setting next_dagrun for example_python_operator to None, run_after=None
[2023-06-19T15:42:30.703+0000] {processor.py:179} INFO - Processing /home/airflow/.local/lib/python3.7/site-packages/airflow/example_dags/example_python_operator.py took 0.097 seconds
[2023-06-19T15:43:00.815+0000] {processor.py:157} INFO - Started process (PID=197) to work on /home/airflow/.local/lib/python3.7/site-packages/airflow/example_dags/example_python_operator.py
[2023-06-19T15:43:00.816+0000] {processor.py:826} INFO - Processing file /home/airflow/.local/lib/python3.7/site-packages/airflow/example_dags/example_python_operator.py for tasks to queue
[2023-06-19T15:43:00.817+0000] {logging_mixin.py:149} INFO - [2023-06-19T15:43:00.817+0000] {dagbag.py:541} INFO - Filling up the DagBag from /home/airflow/.local/lib/python3.7/site-packages/airflow/example_dags/example_python_operator.py
[2023-06-19T15:43:00.823+0000] {logging_mixin.py:149} INFO - [2023-06-19T15:43:00.823+0000] {taskmixin.py:211} WARNING - Dependency <Task(_PythonDecoratedOperator): print_the_context>, log_sql_query already registered for DAG: example_python_operator
[2023-06-19T15:43:00.824+0000] {logging_mixin.py:149} INFO - [2023-06-19T15:43:00.824+0000] {taskmixin.py:211} WARNING - Dependency <Task(_PythonDecoratedOperator): log_sql_query>, print_the_context already registered for DAG: example_python_operator
[2023-06-19T15:43:00.825+0000] {logging_mixin.py:149} INFO - [2023-06-19T15:43:00.825+0000] {taskmixin.py:211} WARNING - Dependency <Task(_PythonDecoratedOperator): print_the_context>, log_sql_query already registered for DAG: example_python_operator
[2023-06-19T15:43:00.826+0000] {logging_mixin.py:149} INFO - [2023-06-19T15:43:00.826+0000] {taskmixin.py:211} WARNING - Dependency <Task(_PythonDecoratedOperator): log_sql_query>, print_the_context already registered for DAG: example_python_operator
[2023-06-19T15:43:00.827+0000] {logging_mixin.py:149} INFO - [2023-06-19T15:43:00.827+0000] {taskmixin.py:211} WARNING - Dependency <Task(_PythonDecoratedOperator): print_the_context>, log_sql_query already registered for DAG: example_python_operator
[2023-06-19T15:43:00.827+0000] {logging_mixin.py:149} INFO - [2023-06-19T15:43:00.827+0000] {taskmixin.py:211} WARNING - Dependency <Task(_PythonDecoratedOperator): log_sql_query>, print_the_context already registered for DAG: example_python_operator
[2023-06-19T15:43:00.828+0000] {logging_mixin.py:149} INFO - [2023-06-19T15:43:00.828+0000] {taskmixin.py:211} WARNING - Dependency <Task(_PythonDecoratedOperator): print_the_context>, log_sql_query already registered for DAG: example_python_operator
[2023-06-19T15:43:00.829+0000] {logging_mixin.py:149} INFO - [2023-06-19T15:43:00.829+0000] {taskmixin.py:211} WARNING - Dependency <Task(_PythonDecoratedOperator): log_sql_query>, print_the_context already registered for DAG: example_python_operator
[2023-06-19T15:43:00.832+0000] {processor.py:836} INFO - DAG(s) dict_keys(['example_python_operator']) retrieved from /home/airflow/.local/lib/python3.7/site-packages/airflow/example_dags/example_python_operator.py
[2023-06-19T15:43:00.856+0000] {logging_mixin.py:149} INFO - [2023-06-19T15:43:00.856+0000] {dag.py:2726} INFO - Sync 1 DAGs
[2023-06-19T15:43:00.879+0000] {logging_mixin.py:149} INFO - [2023-06-19T15:43:00.879+0000] {dag.py:3490} INFO - Setting next_dagrun for example_python_operator to None, run_after=None
[2023-06-19T15:43:00.898+0000] {processor.py:179} INFO - Processing /home/airflow/.local/lib/python3.7/site-packages/airflow/example_dags/example_python_operator.py took 0.086 seconds
[2023-06-19T15:43:30.969+0000] {processor.py:157} INFO - Started process (PID=262) to work on /home/airflow/.local/lib/python3.7/site-packages/airflow/example_dags/example_python_operator.py
[2023-06-19T15:43:30.971+0000] {processor.py:826} INFO - Processing file /home/airflow/.local/lib/python3.7/site-packages/airflow/example_dags/example_python_operator.py for tasks to queue
[2023-06-19T15:43:30.972+0000] {logging_mixin.py:149} INFO - [2023-06-19T15:43:30.971+0000] {dagbag.py:541} INFO - Filling up the DagBag from /home/airflow/.local/lib/python3.7/site-packages/airflow/example_dags/example_python_operator.py
[2023-06-19T15:43:30.978+0000] {logging_mixin.py:149} INFO - [2023-06-19T15:43:30.978+0000] {taskmixin.py:211} WARNING - Dependency <Task(_PythonDecoratedOperator): print_the_context>, log_sql_query already registered for DAG: example_python_operator
[2023-06-19T15:43:30.979+0000] {logging_mixin.py:149} INFO - [2023-06-19T15:43:30.979+0000] {taskmixin.py:211} WARNING - Dependency <Task(_PythonDecoratedOperator): log_sql_query>, print_the_context already registered for DAG: example_python_operator
[2023-06-19T15:43:30.980+0000] {logging_mixin.py:149} INFO - [2023-06-19T15:43:30.980+0000] {taskmixin.py:211} WARNING - Dependency <Task(_PythonDecoratedOperator): print_the_context>, log_sql_query already registered for DAG: example_python_operator
[2023-06-19T15:43:30.980+0000] {logging_mixin.py:149} INFO - [2023-06-19T15:43:30.980+0000] {taskmixin.py:211} WARNING - Dependency <Task(_PythonDecoratedOperator): log_sql_query>, print_the_context already registered for DAG: example_python_operator
[2023-06-19T15:43:30.981+0000] {logging_mixin.py:149} INFO - [2023-06-19T15:43:30.981+0000] {taskmixin.py:211} WARNING - Dependency <Task(_PythonDecoratedOperator): print_the_context>, log_sql_query already registered for DAG: example_python_operator
[2023-06-19T15:43:30.982+0000] {logging_mixin.py:149} INFO - [2023-06-19T15:43:30.982+0000] {taskmixin.py:211} WARNING - Dependency <Task(_PythonDecoratedOperator): log_sql_query>, print_the_context already registered for DAG: example_python_operator
[2023-06-19T15:43:30.983+0000] {logging_mixin.py:149} INFO - [2023-06-19T15:43:30.983+0000] {taskmixin.py:211} WARNING - Dependency <Task(_PythonDecoratedOperator): print_the_context>, log_sql_query already registered for DAG: example_python_operator
[2023-06-19T15:43:30.984+0000] {logging_mixin.py:149} INFO - [2023-06-19T15:43:30.984+0000] {taskmixin.py:211} WARNING - Dependency <Task(_PythonDecoratedOperator): log_sql_query>, print_the_context already registered for DAG: example_python_operator
[2023-06-19T15:43:30.987+0000] {processor.py:836} INFO - DAG(s) dict_keys(['example_python_operator']) retrieved from /home/airflow/.local/lib/python3.7/site-packages/airflow/example_dags/example_python_operator.py
[2023-06-19T15:43:31.012+0000] {logging_mixin.py:149} INFO - [2023-06-19T15:43:31.012+0000] {dag.py:2726} INFO - Sync 1 DAGs
[2023-06-19T15:43:31.037+0000] {logging_mixin.py:149} INFO - [2023-06-19T15:43:31.037+0000] {dag.py:3490} INFO - Setting next_dagrun for example_python_operator to None, run_after=None
[2023-06-19T15:43:31.058+0000] {processor.py:179} INFO - Processing /home/airflow/.local/lib/python3.7/site-packages/airflow/example_dags/example_python_operator.py took 0.091 seconds
[2023-06-19T15:44:01.238+0000] {processor.py:157} INFO - Started process (PID=327) to work on /home/airflow/.local/lib/python3.7/site-packages/airflow/example_dags/example_python_operator.py
[2023-06-19T15:44:01.239+0000] {processor.py:826} INFO - Processing file /home/airflow/.local/lib/python3.7/site-packages/airflow/example_dags/example_python_operator.py for tasks to queue
[2023-06-19T15:44:01.240+0000] {logging_mixin.py:149} INFO - [2023-06-19T15:44:01.240+0000] {dagbag.py:541} INFO - Filling up the DagBag from /home/airflow/.local/lib/python3.7/site-packages/airflow/example_dags/example_python_operator.py
[2023-06-19T15:44:01.246+0000] {logging_mixin.py:149} INFO - [2023-06-19T15:44:01.245+0000] {taskmixin.py:211} WARNING - Dependency <Task(_PythonDecoratedOperator): print_the_context>, log_sql_query already registered for DAG: example_python_operator
[2023-06-19T15:44:01.246+0000] {logging_mixin.py:149} INFO - [2023-06-19T15:44:01.246+0000] {taskmixin.py:211} WARNING - Dependency <Task(_PythonDecoratedOperator): log_sql_query>, print_the_context already registered for DAG: example_python_operator
[2023-06-19T15:44:01.247+0000] {logging_mixin.py:149} INFO - [2023-06-19T15:44:01.247+0000] {taskmixin.py:211} WARNING - Dependency <Task(_PythonDecoratedOperator): print_the_context>, log_sql_query already registered for DAG: example_python_operator
[2023-06-19T15:44:01.248+0000] {logging_mixin.py:149} INFO - [2023-06-19T15:44:01.248+0000] {taskmixin.py:211} WARNING - Dependency <Task(_PythonDecoratedOperator): log_sql_query>, print_the_context already registered for DAG: example_python_operator
[2023-06-19T15:44:01.249+0000] {logging_mixin.py:149} INFO - [2023-06-19T15:44:01.249+0000] {taskmixin.py:211} WARNING - Dependency <Task(_PythonDecoratedOperator): print_the_context>, log_sql_query already registered for DAG: example_python_operator
[2023-06-19T15:44:01.249+0000] {logging_mixin.py:149} INFO - [2023-06-19T15:44:01.249+0000] {taskmixin.py:211} WARNING - Dependency <Task(_PythonDecoratedOperator): log_sql_query>, print_the_context already registered for DAG: example_python_operator
[2023-06-19T15:44:01.250+0000] {logging_mixin.py:149} INFO - [2023-06-19T15:44:01.250+0000] {taskmixin.py:211} WARNING - Dependency <Task(_PythonDecoratedOperator): print_the_context>, log_sql_query already registered for DAG: example_python_operator
[2023-06-19T15:44:01.251+0000] {logging_mixin.py:149} INFO - [2023-06-19T15:44:01.251+0000] {taskmixin.py:211} WARNING - Dependency <Task(_PythonDecoratedOperator): log_sql_query>, print_the_context already registered for DAG: example_python_operator
[2023-06-19T15:44:01.254+0000] {processor.py:836} INFO - DAG(s) dict_keys(['example_python_operator']) retrieved from /home/airflow/.local/lib/python3.7/site-packages/airflow/example_dags/example_python_operator.py
[2023-06-19T15:44:01.278+0000] {logging_mixin.py:149} INFO - [2023-06-19T15:44:01.278+0000] {dag.py:2726} INFO - Sync 1 DAGs
[2023-06-19T15:44:01.301+0000] {logging_mixin.py:149} INFO - [2023-06-19T15:44:01.301+0000] {dag.py:3490} INFO - Setting next_dagrun for example_python_operator to None, run_after=None
[2023-06-19T15:44:01.320+0000] {processor.py:179} INFO - Processing /home/airflow/.local/lib/python3.7/site-packages/airflow/example_dags/example_python_operator.py took 0.085 seconds
[2023-06-19T15:44:31.722+0000] {processor.py:157} INFO - Started process (PID=392) to work on /home/airflow/.local/lib/python3.7/site-packages/airflow/example_dags/example_python_operator.py
[2023-06-19T15:44:31.723+0000] {processor.py:826} INFO - Processing file /home/airflow/.local/lib/python3.7/site-packages/airflow/example_dags/example_python_operator.py for tasks to queue
[2023-06-19T15:44:31.724+0000] {logging_mixin.py:149} INFO - [2023-06-19T15:44:31.724+0000] {dagbag.py:541} INFO - Filling up the DagBag from /home/airflow/.local/lib/python3.7/site-packages/airflow/example_dags/example_python_operator.py
[2023-06-19T15:44:31.732+0000] {logging_mixin.py:149} INFO - [2023-06-19T15:44:31.732+0000] {taskmixin.py:211} WARNING - Dependency <Task(_PythonDecoratedOperator): print_the_context>, log_sql_query already registered for DAG: example_python_operator
[2023-06-19T15:44:31.733+0000] {logging_mixin.py:149} INFO - [2023-06-19T15:44:31.733+0000] {taskmixin.py:211} WARNING - Dependency <Task(_PythonDecoratedOperator): log_sql_query>, print_the_context already registered for DAG: example_python_operator
[2023-06-19T15:44:31.734+0000] {logging_mixin.py:149} INFO - [2023-06-19T15:44:31.734+0000] {taskmixin.py:211} WARNING - Dependency <Task(_PythonDecoratedOperator): print_the_context>, log_sql_query already registered for DAG: example_python_operator
[2023-06-19T15:44:31.735+0000] {logging_mixin.py:149} INFO - [2023-06-19T15:44:31.735+0000] {taskmixin.py:211} WARNING - Dependency <Task(_PythonDecoratedOperator): log_sql_query>, print_the_context already registered for DAG: example_python_operator
[2023-06-19T15:44:31.736+0000] {logging_mixin.py:149} INFO - [2023-06-19T15:44:31.736+0000] {taskmixin.py:211} WARNING - Dependency <Task(_PythonDecoratedOperator): print_the_context>, log_sql_query already registered for DAG: example_python_operator
[2023-06-19T15:44:31.737+0000] {logging_mixin.py:149} INFO - [2023-06-19T15:44:31.737+0000] {taskmixin.py:211} WARNING - Dependency <Task(_PythonDecoratedOperator): log_sql_query>, print_the_context already registered for DAG: example_python_operator
[2023-06-19T15:44:31.738+0000] {logging_mixin.py:149} INFO - [2023-06-19T15:44:31.738+0000] {taskmixin.py:211} WARNING - Dependency <Task(_PythonDecoratedOperator): print_the_context>, log_sql_query already registered for DAG: example_python_operator
[2023-06-19T15:44:31.739+0000] {logging_mixin.py:149} INFO - [2023-06-19T15:44:31.738+0000] {taskmixin.py:211} WARNING - Dependency <Task(_PythonDecoratedOperator): log_sql_query>, print_the_context already registered for DAG: example_python_operator
[2023-06-19T15:44:31.742+0000] {processor.py:836} INFO - DAG(s) dict_keys(['example_python_operator']) retrieved from /home/airflow/.local/lib/python3.7/site-packages/airflow/example_dags/example_python_operator.py
[2023-06-19T15:44:31.770+0000] {logging_mixin.py:149} INFO - [2023-06-19T15:44:31.770+0000] {dag.py:2726} INFO - Sync 1 DAGs
[2023-06-19T15:44:31.795+0000] {logging_mixin.py:149} INFO - [2023-06-19T15:44:31.795+0000] {dag.py:3490} INFO - Setting next_dagrun for example_python_operator to None, run_after=None
[2023-06-19T15:44:31.815+0000] {processor.py:179} INFO - Processing /home/airflow/.local/lib/python3.7/site-packages/airflow/example_dags/example_python_operator.py took 0.096 seconds
[2023-06-19T15:45:02.219+0000] {processor.py:157} INFO - Started process (PID=457) to work on /home/airflow/.local/lib/python3.7/site-packages/airflow/example_dags/example_python_operator.py
[2023-06-19T15:45:02.220+0000] {processor.py:826} INFO - Processing file /home/airflow/.local/lib/python3.7/site-packages/airflow/example_dags/example_python_operator.py for tasks to queue
[2023-06-19T15:45:02.221+0000] {logging_mixin.py:149} INFO - [2023-06-19T15:45:02.221+0000] {dagbag.py:541} INFO - Filling up the DagBag from /home/airflow/.local/lib/python3.7/site-packages/airflow/example_dags/example_python_operator.py
[2023-06-19T15:45:02.227+0000] {logging_mixin.py:149} INFO - [2023-06-19T15:45:02.227+0000] {taskmixin.py:211} WARNING - Dependency <Task(_PythonDecoratedOperator): print_the_context>, log_sql_query already registered for DAG: example_python_operator
[2023-06-19T15:45:02.228+0000] {logging_mixin.py:149} INFO - [2023-06-19T15:45:02.228+0000] {taskmixin.py:211} WARNING - Dependency <Task(_PythonDecoratedOperator): log_sql_query>, print_the_context already registered for DAG: example_python_operator
[2023-06-19T15:45:02.229+0000] {logging_mixin.py:149} INFO - [2023-06-19T15:45:02.229+0000] {taskmixin.py:211} WARNING - Dependency <Task(_PythonDecoratedOperator): print_the_context>, log_sql_query already registered for DAG: example_python_operator
[2023-06-19T15:45:02.230+0000] {logging_mixin.py:149} INFO - [2023-06-19T15:45:02.230+0000] {taskmixin.py:211} WARNING - Dependency <Task(_PythonDecoratedOperator): log_sql_query>, print_the_context already registered for DAG: example_python_operator
[2023-06-19T15:45:02.231+0000] {logging_mixin.py:149} INFO - [2023-06-19T15:45:02.231+0000] {taskmixin.py:211} WARNING - Dependency <Task(_PythonDecoratedOperator): print_the_context>, log_sql_query already registered for DAG: example_python_operator
[2023-06-19T15:45:02.231+0000] {logging_mixin.py:149} INFO - [2023-06-19T15:45:02.231+0000] {taskmixin.py:211} WARNING - Dependency <Task(_PythonDecoratedOperator): log_sql_query>, print_the_context already registered for DAG: example_python_operator
[2023-06-19T15:45:02.232+0000] {logging_mixin.py:149} INFO - [2023-06-19T15:45:02.232+0000] {taskmixin.py:211} WARNING - Dependency <Task(_PythonDecoratedOperator): print_the_context>, log_sql_query already registered for DAG: example_python_operator
[2023-06-19T15:45:02.233+0000] {logging_mixin.py:149} INFO - [2023-06-19T15:45:02.233+0000] {taskmixin.py:211} WARNING - Dependency <Task(_PythonDecoratedOperator): log_sql_query>, print_the_context already registered for DAG: example_python_operator
[2023-06-19T15:45:02.236+0000] {processor.py:836} INFO - DAG(s) dict_keys(['example_python_operator']) retrieved from /home/airflow/.local/lib/python3.7/site-packages/airflow/example_dags/example_python_operator.py
[2023-06-19T15:45:02.261+0000] {logging_mixin.py:149} INFO - [2023-06-19T15:45:02.261+0000] {dag.py:2726} INFO - Sync 1 DAGs
[2023-06-19T15:45:02.283+0000] {logging_mixin.py:149} INFO - [2023-06-19T15:45:02.283+0000] {dag.py:3490} INFO - Setting next_dagrun for example_python_operator to None, run_after=None
[2023-06-19T15:45:02.301+0000] {processor.py:179} INFO - Processing /home/airflow/.local/lib/python3.7/site-packages/airflow/example_dags/example_python_operator.py took 0.085 seconds
[2023-06-19T15:45:32.571+0000] {processor.py:157} INFO - Started process (PID=522) to work on /home/airflow/.local/lib/python3.7/site-packages/airflow/example_dags/example_python_operator.py
[2023-06-19T15:45:32.572+0000] {processor.py:826} INFO - Processing file /home/airflow/.local/lib/python3.7/site-packages/airflow/example_dags/example_python_operator.py for tasks to queue
[2023-06-19T15:45:32.573+0000] {logging_mixin.py:149} INFO - [2023-06-19T15:45:32.573+0000] {dagbag.py:541} INFO - Filling up the DagBag from /home/airflow/.local/lib/python3.7/site-packages/airflow/example_dags/example_python_operator.py
[2023-06-19T15:45:32.579+0000] {logging_mixin.py:149} INFO - [2023-06-19T15:45:32.579+0000] {taskmixin.py:211} WARNING - Dependency <Task(_PythonDecoratedOperator): print_the_context>, log_sql_query already registered for DAG: example_python_operator
[2023-06-19T15:45:32.580+0000] {logging_mixin.py:149} INFO - [2023-06-19T15:45:32.580+0000] {taskmixin.py:211} WARNING - Dependency <Task(_PythonDecoratedOperator): log_sql_query>, print_the_context already registered for DAG: example_python_operator
[2023-06-19T15:45:32.581+0000] {logging_mixin.py:149} INFO - [2023-06-19T15:45:32.581+0000] {taskmixin.py:211} WARNING - Dependency <Task(_PythonDecoratedOperator): print_the_context>, log_sql_query already registered for DAG: example_python_operator
[2023-06-19T15:45:32.581+0000] {logging_mixin.py:149} INFO - [2023-06-19T15:45:32.581+0000] {taskmixin.py:211} WARNING - Dependency <Task(_PythonDecoratedOperator): log_sql_query>, print_the_context already registered for DAG: example_python_operator
[2023-06-19T15:45:32.582+0000] {logging_mixin.py:149} INFO - [2023-06-19T15:45:32.582+0000] {taskmixin.py:211} WARNING - Dependency <Task(_PythonDecoratedOperator): print_the_context>, log_sql_query already registered for DAG: example_python_operator
[2023-06-19T15:45:32.583+0000] {logging_mixin.py:149} INFO - [2023-06-19T15:45:32.583+0000] {taskmixin.py:211} WARNING - Dependency <Task(_PythonDecoratedOperator): log_sql_query>, print_the_context already registered for DAG: example_python_operator
[2023-06-19T15:45:32.584+0000] {logging_mixin.py:149} INFO - [2023-06-19T15:45:32.584+0000] {taskmixin.py:211} WARNING - Dependency <Task(_PythonDecoratedOperator): print_the_context>, log_sql_query already registered for DAG: example_python_operator
[2023-06-19T15:45:32.584+0000] {logging_mixin.py:149} INFO - [2023-06-19T15:45:32.584+0000] {taskmixin.py:211} WARNING - Dependency <Task(_PythonDecoratedOperator): log_sql_query>, print_the_context already registered for DAG: example_python_operator
[2023-06-19T15:45:32.588+0000] {processor.py:836} INFO - DAG(s) dict_keys(['example_python_operator']) retrieved from /home/airflow/.local/lib/python3.7/site-packages/airflow/example_dags/example_python_operator.py
[2023-06-19T15:45:32.612+0000] {logging_mixin.py:149} INFO - [2023-06-19T15:45:32.612+0000] {dag.py:2726} INFO - Sync 1 DAGs
[2023-06-19T15:45:32.635+0000] {logging_mixin.py:149} INFO - [2023-06-19T15:45:32.635+0000] {dag.py:3490} INFO - Setting next_dagrun for example_python_operator to None, run_after=None
[2023-06-19T15:45:32.656+0000] {processor.py:179} INFO - Processing /home/airflow/.local/lib/python3.7/site-packages/airflow/example_dags/example_python_operator.py took 0.088 seconds
[2023-06-19T15:46:03.012+0000] {processor.py:157} INFO - Started process (PID=587) to work on /home/airflow/.local/lib/python3.7/site-packages/airflow/example_dags/example_python_operator.py
[2023-06-19T15:46:03.013+0000] {processor.py:826} INFO - Processing file /home/airflow/.local/lib/python3.7/site-packages/airflow/example_dags/example_python_operator.py for tasks to queue
[2023-06-19T15:46:03.014+0000] {logging_mixin.py:149} INFO - [2023-06-19T15:46:03.014+0000] {dagbag.py:541} INFO - Filling up the DagBag from /home/airflow/.local/lib/python3.7/site-packages/airflow/example_dags/example_python_operator.py
[2023-06-19T15:46:03.020+0000] {logging_mixin.py:149} INFO - [2023-06-19T15:46:03.020+0000] {taskmixin.py:211} WARNING - Dependency <Task(_PythonDecoratedOperator): print_the_context>, log_sql_query already registered for DAG: example_python_operator
[2023-06-19T15:46:03.021+0000] {logging_mixin.py:149} INFO - [2023-06-19T15:46:03.020+0000] {taskmixin.py:211} WARNING - Dependency <Task(_PythonDecoratedOperator): log_sql_query>, print_the_context already registered for DAG: example_python_operator
[2023-06-19T15:46:03.022+0000] {logging_mixin.py:149} INFO - [2023-06-19T15:46:03.022+0000] {taskmixin.py:211} WARNING - Dependency <Task(_PythonDecoratedOperator): print_the_context>, log_sql_query already registered for DAG: example_python_operator
[2023-06-19T15:46:03.022+0000] {logging_mixin.py:149} INFO - [2023-06-19T15:46:03.022+0000] {taskmixin.py:211} WARNING - Dependency <Task(_PythonDecoratedOperator): log_sql_query>, print_the_context already registered for DAG: example_python_operator
[2023-06-19T15:46:03.023+0000] {logging_mixin.py:149} INFO - [2023-06-19T15:46:03.023+0000] {taskmixin.py:211} WARNING - Dependency <Task(_PythonDecoratedOperator): print_the_context>, log_sql_query already registered for DAG: example_python_operator
[2023-06-19T15:46:03.024+0000] {logging_mixin.py:149} INFO - [2023-06-19T15:46:03.024+0000] {taskmixin.py:211} WARNING - Dependency <Task(_PythonDecoratedOperator): log_sql_query>, print_the_context already registered for DAG: example_python_operator
[2023-06-19T15:46:03.025+0000] {logging_mixin.py:149} INFO - [2023-06-19T15:46:03.025+0000] {taskmixin.py:211} WARNING - Dependency <Task(_PythonDecoratedOperator): print_the_context>, log_sql_query already registered for DAG: example_python_operator
[2023-06-19T15:46:03.026+0000] {logging_mixin.py:149} INFO - [2023-06-19T15:46:03.026+0000] {taskmixin.py:211} WARNING - Dependency <Task(_PythonDecoratedOperator): log_sql_query>, print_the_context already registered for DAG: example_python_operator
[2023-06-19T15:46:03.029+0000] {processor.py:836} INFO - DAG(s) dict_keys(['example_python_operator']) retrieved from /home/airflow/.local/lib/python3.7/site-packages/airflow/example_dags/example_python_operator.py
[2023-06-19T15:46:03.054+0000] {logging_mixin.py:149} INFO - [2023-06-19T15:46:03.054+0000] {dag.py:2726} INFO - Sync 1 DAGs
[2023-06-19T15:46:03.079+0000] {logging_mixin.py:149} INFO - [2023-06-19T15:46:03.079+0000] {dag.py:3490} INFO - Setting next_dagrun for example_python_operator to None, run_after=None
[2023-06-19T15:46:03.099+0000] {processor.py:179} INFO - Processing /home/airflow/.local/lib/python3.7/site-packages/airflow/example_dags/example_python_operator.py took 0.090 seconds
[2023-06-19T15:46:33.342+0000] {processor.py:157} INFO - Started process (PID=652) to work on /home/airflow/.local/lib/python3.7/site-packages/airflow/example_dags/example_python_operator.py
[2023-06-19T15:46:33.343+0000] {processor.py:826} INFO - Processing file /home/airflow/.local/lib/python3.7/site-packages/airflow/example_dags/example_python_operator.py for tasks to queue
[2023-06-19T15:46:33.344+0000] {logging_mixin.py:149} INFO - [2023-06-19T15:46:33.344+0000] {dagbag.py:541} INFO - Filling up the DagBag from /home/airflow/.local/lib/python3.7/site-packages/airflow/example_dags/example_python_operator.py
[2023-06-19T15:46:33.351+0000] {logging_mixin.py:149} INFO - [2023-06-19T15:46:33.351+0000] {taskmixin.py:211} WARNING - Dependency <Task(_PythonDecoratedOperator): print_the_context>, log_sql_query already registered for DAG: example_python_operator
[2023-06-19T15:46:33.352+0000] {logging_mixin.py:149} INFO - [2023-06-19T15:46:33.351+0000] {taskmixin.py:211} WARNING - Dependency <Task(_PythonDecoratedOperator): log_sql_query>, print_the_context already registered for DAG: example_python_operator
[2023-06-19T15:46:33.353+0000] {logging_mixin.py:149} INFO - [2023-06-19T15:46:33.353+0000] {taskmixin.py:211} WARNING - Dependency <Task(_PythonDecoratedOperator): print_the_context>, log_sql_query already registered for DAG: example_python_operator
[2023-06-19T15:46:33.353+0000] {logging_mixin.py:149} INFO - [2023-06-19T15:46:33.353+0000] {taskmixin.py:211} WARNING - Dependency <Task(_PythonDecoratedOperator): log_sql_query>, print_the_context already registered for DAG: example_python_operator
[2023-06-19T15:46:33.355+0000] {logging_mixin.py:149} INFO - [2023-06-19T15:46:33.355+0000] {taskmixin.py:211} WARNING - Dependency <Task(_PythonDecoratedOperator): print_the_context>, log_sql_query already registered for DAG: example_python_operator
[2023-06-19T15:46:33.355+0000] {logging_mixin.py:149} INFO - [2023-06-19T15:46:33.355+0000] {taskmixin.py:211} WARNING - Dependency <Task(_PythonDecoratedOperator): log_sql_query>, print_the_context already registered for DAG: example_python_operator
[2023-06-19T15:46:33.356+0000] {logging_mixin.py:149} INFO - [2023-06-19T15:46:33.356+0000] {taskmixin.py:211} WARNING - Dependency <Task(_PythonDecoratedOperator): print_the_context>, log_sql_query already registered for DAG: example_python_operator
[2023-06-19T15:46:33.357+0000] {logging_mixin.py:149} INFO - [2023-06-19T15:46:33.357+0000] {taskmixin.py:211} WARNING - Dependency <Task(_PythonDecoratedOperator): log_sql_query>, print_the_context already registered for DAG: example_python_operator
[2023-06-19T15:46:33.361+0000] {processor.py:836} INFO - DAG(s) dict_keys(['example_python_operator']) retrieved from /home/airflow/.local/lib/python3.7/site-packages/airflow/example_dags/example_python_operator.py
[2023-06-19T15:46:33.391+0000] {logging_mixin.py:149} INFO - [2023-06-19T15:46:33.391+0000] {dag.py:2726} INFO - Sync 1 DAGs
[2023-06-19T15:46:33.423+0000] {logging_mixin.py:149} INFO - [2023-06-19T15:46:33.423+0000] {dag.py:3490} INFO - Setting next_dagrun for example_python_operator to None, run_after=None
[2023-06-19T15:46:33.449+0000] {processor.py:179} INFO - Processing /home/airflow/.local/lib/python3.7/site-packages/airflow/example_dags/example_python_operator.py took 0.110 seconds
