[2023-06-19T15:41:56.243+0000] {processor.py:157} INFO - Started process (PID=46) to work on /home/airflow/.local/lib/python3.7/site-packages/airflow/example_dags/example_branch_labels.py
[2023-06-19T15:41:56.244+0000] {processor.py:826} INFO - Processing file /home/airflow/.local/lib/python3.7/site-packages/airflow/example_dags/example_branch_labels.py for tasks to queue
[2023-06-19T15:41:56.246+0000] {logging_mixin.py:149} INFO - [2023-06-19T15:41:56.245+0000] {dagbag.py:541} INFO - Filling up the DagBag from /home/airflow/.local/lib/python3.7/site-packages/airflow/example_dags/example_branch_labels.py
[2023-06-19T15:41:56.261+0000] {processor.py:836} INFO - DAG(s) dict_keys(['example_branch_labels']) retrieved from /home/airflow/.local/lib/python3.7/site-packages/airflow/example_dags/example_branch_labels.py
[2023-06-19T15:41:56.416+0000] {logging_mixin.py:149} INFO - [2023-06-19T15:41:56.416+0000] {manager.py:504} INFO - Created Permission View: can delete on DAG:example_branch_labels
[2023-06-19T15:41:56.431+0000] {logging_mixin.py:149} INFO - [2023-06-19T15:41:56.431+0000] {manager.py:504} INFO - Created Permission View: can read on DAG:example_branch_labels
[2023-06-19T15:41:56.441+0000] {logging_mixin.py:149} INFO - [2023-06-19T15:41:56.441+0000] {manager.py:504} INFO - Created Permission View: can edit on DAG:example_branch_labels
[2023-06-19T15:41:56.442+0000] {logging_mixin.py:149} INFO - [2023-06-19T15:41:56.442+0000] {dag.py:2726} INFO - Sync 1 DAGs
[2023-06-19T15:41:56.461+0000] {logging_mixin.py:149} INFO - [2023-06-19T15:41:56.461+0000] {dag.py:2747} INFO - Creating ORM DAG for example_branch_labels
[2023-06-19T15:41:56.480+0000] {logging_mixin.py:149} INFO - [2023-06-19T15:41:56.479+0000] {dag.py:3490} INFO - Setting next_dagrun for example_branch_labels to 2023-06-18T00:00:00+00:00, run_after=2023-06-19T00:00:00+00:00
[2023-06-19T15:41:56.506+0000] {processor.py:179} INFO - Processing /home/airflow/.local/lib/python3.7/site-packages/airflow/example_dags/example_branch_labels.py took 0.267 seconds
[2023-06-19T15:42:27.155+0000] {processor.py:157} INFO - Started process (PID=112) to work on /home/airflow/.local/lib/python3.7/site-packages/airflow/example_dags/example_branch_labels.py
[2023-06-19T15:42:27.156+0000] {processor.py:826} INFO - Processing file /home/airflow/.local/lib/python3.7/site-packages/airflow/example_dags/example_branch_labels.py for tasks to queue
[2023-06-19T15:42:27.157+0000] {logging_mixin.py:149} INFO - [2023-06-19T15:42:27.157+0000] {dagbag.py:541} INFO - Filling up the DagBag from /home/airflow/.local/lib/python3.7/site-packages/airflow/example_dags/example_branch_labels.py
[2023-06-19T15:42:27.164+0000] {processor.py:836} INFO - DAG(s) dict_keys(['example_branch_labels']) retrieved from /home/airflow/.local/lib/python3.7/site-packages/airflow/example_dags/example_branch_labels.py
[2023-06-19T15:42:27.187+0000] {logging_mixin.py:149} INFO - [2023-06-19T15:42:27.187+0000] {dag.py:2726} INFO - Sync 1 DAGs
[2023-06-19T15:42:27.224+0000] {logging_mixin.py:149} INFO - [2023-06-19T15:42:27.224+0000] {dag.py:3490} INFO - Setting next_dagrun for example_branch_labels to 2023-06-18T00:00:00+00:00, run_after=2023-06-19T00:00:00+00:00
[2023-06-19T15:42:27.274+0000] {processor.py:179} INFO - Processing /home/airflow/.local/lib/python3.7/site-packages/airflow/example_dags/example_branch_labels.py took 0.122 seconds
[2023-06-19T15:42:57.355+0000] {processor.py:157} INFO - Started process (PID=177) to work on /home/airflow/.local/lib/python3.7/site-packages/airflow/example_dags/example_branch_labels.py
[2023-06-19T15:42:57.356+0000] {processor.py:826} INFO - Processing file /home/airflow/.local/lib/python3.7/site-packages/airflow/example_dags/example_branch_labels.py for tasks to queue
[2023-06-19T15:42:57.357+0000] {logging_mixin.py:149} INFO - [2023-06-19T15:42:57.357+0000] {dagbag.py:541} INFO - Filling up the DagBag from /home/airflow/.local/lib/python3.7/site-packages/airflow/example_dags/example_branch_labels.py
[2023-06-19T15:42:57.364+0000] {processor.py:836} INFO - DAG(s) dict_keys(['example_branch_labels']) retrieved from /home/airflow/.local/lib/python3.7/site-packages/airflow/example_dags/example_branch_labels.py
[2023-06-19T15:42:57.389+0000] {logging_mixin.py:149} INFO - [2023-06-19T15:42:57.389+0000] {dag.py:2726} INFO - Sync 1 DAGs
[2023-06-19T15:42:57.416+0000] {logging_mixin.py:149} INFO - [2023-06-19T15:42:57.416+0000] {dag.py:3490} INFO - Setting next_dagrun for example_branch_labels to 2023-06-18T00:00:00+00:00, run_after=2023-06-19T00:00:00+00:00
[2023-06-19T15:42:57.436+0000] {processor.py:179} INFO - Processing /home/airflow/.local/lib/python3.7/site-packages/airflow/example_dags/example_branch_labels.py took 0.084 seconds
[2023-06-19T15:43:27.546+0000] {processor.py:157} INFO - Started process (PID=242) to work on /home/airflow/.local/lib/python3.7/site-packages/airflow/example_dags/example_branch_labels.py
[2023-06-19T15:43:27.547+0000] {processor.py:826} INFO - Processing file /home/airflow/.local/lib/python3.7/site-packages/airflow/example_dags/example_branch_labels.py for tasks to queue
[2023-06-19T15:43:27.548+0000] {logging_mixin.py:149} INFO - [2023-06-19T15:43:27.548+0000] {dagbag.py:541} INFO - Filling up the DagBag from /home/airflow/.local/lib/python3.7/site-packages/airflow/example_dags/example_branch_labels.py
[2023-06-19T15:43:27.556+0000] {processor.py:836} INFO - DAG(s) dict_keys(['example_branch_labels']) retrieved from /home/airflow/.local/lib/python3.7/site-packages/airflow/example_dags/example_branch_labels.py
[2023-06-19T15:43:27.581+0000] {logging_mixin.py:149} INFO - [2023-06-19T15:43:27.580+0000] {dag.py:2726} INFO - Sync 1 DAGs
[2023-06-19T15:43:27.612+0000] {logging_mixin.py:149} INFO - [2023-06-19T15:43:27.611+0000] {dag.py:3490} INFO - Setting next_dagrun for example_branch_labels to 2023-06-18T00:00:00+00:00, run_after=2023-06-19T00:00:00+00:00
[2023-06-19T15:43:27.635+0000] {processor.py:179} INFO - Processing /home/airflow/.local/lib/python3.7/site-packages/airflow/example_dags/example_branch_labels.py took 0.093 seconds
[2023-06-19T15:43:57.960+0000] {processor.py:157} INFO - Started process (PID=307) to work on /home/airflow/.local/lib/python3.7/site-packages/airflow/example_dags/example_branch_labels.py
[2023-06-19T15:43:57.962+0000] {processor.py:826} INFO - Processing file /home/airflow/.local/lib/python3.7/site-packages/airflow/example_dags/example_branch_labels.py for tasks to queue
[2023-06-19T15:43:57.962+0000] {logging_mixin.py:149} INFO - [2023-06-19T15:43:57.962+0000] {dagbag.py:541} INFO - Filling up the DagBag from /home/airflow/.local/lib/python3.7/site-packages/airflow/example_dags/example_branch_labels.py
[2023-06-19T15:43:57.969+0000] {processor.py:836} INFO - DAG(s) dict_keys(['example_branch_labels']) retrieved from /home/airflow/.local/lib/python3.7/site-packages/airflow/example_dags/example_branch_labels.py
[2023-06-19T15:43:57.993+0000] {logging_mixin.py:149} INFO - [2023-06-19T15:43:57.993+0000] {dag.py:2726} INFO - Sync 1 DAGs
[2023-06-19T15:43:58.018+0000] {logging_mixin.py:149} INFO - [2023-06-19T15:43:58.018+0000] {dag.py:3490} INFO - Setting next_dagrun for example_branch_labels to 2023-06-18T00:00:00+00:00, run_after=2023-06-19T00:00:00+00:00
[2023-06-19T15:43:58.039+0000] {processor.py:179} INFO - Processing /home/airflow/.local/lib/python3.7/site-packages/airflow/example_dags/example_branch_labels.py took 0.081 seconds
[2023-06-19T15:44:28.412+0000] {processor.py:157} INFO - Started process (PID=372) to work on /home/airflow/.local/lib/python3.7/site-packages/airflow/example_dags/example_branch_labels.py
[2023-06-19T15:44:28.413+0000] {processor.py:826} INFO - Processing file /home/airflow/.local/lib/python3.7/site-packages/airflow/example_dags/example_branch_labels.py for tasks to queue
[2023-06-19T15:44:28.414+0000] {logging_mixin.py:149} INFO - [2023-06-19T15:44:28.414+0000] {dagbag.py:541} INFO - Filling up the DagBag from /home/airflow/.local/lib/python3.7/site-packages/airflow/example_dags/example_branch_labels.py
[2023-06-19T15:44:28.422+0000] {processor.py:836} INFO - DAG(s) dict_keys(['example_branch_labels']) retrieved from /home/airflow/.local/lib/python3.7/site-packages/airflow/example_dags/example_branch_labels.py
[2023-06-19T15:44:28.457+0000] {logging_mixin.py:149} INFO - [2023-06-19T15:44:28.456+0000] {dag.py:2726} INFO - Sync 1 DAGs
[2023-06-19T15:44:28.488+0000] {logging_mixin.py:149} INFO - [2023-06-19T15:44:28.487+0000] {dag.py:3490} INFO - Setting next_dagrun for example_branch_labels to 2023-06-18T00:00:00+00:00, run_after=2023-06-19T00:00:00+00:00
[2023-06-19T15:44:28.508+0000] {processor.py:179} INFO - Processing /home/airflow/.local/lib/python3.7/site-packages/airflow/example_dags/example_branch_labels.py took 0.099 seconds
[2023-06-19T15:44:58.841+0000] {processor.py:157} INFO - Started process (PID=437) to work on /home/airflow/.local/lib/python3.7/site-packages/airflow/example_dags/example_branch_labels.py
[2023-06-19T15:44:58.843+0000] {processor.py:826} INFO - Processing file /home/airflow/.local/lib/python3.7/site-packages/airflow/example_dags/example_branch_labels.py for tasks to queue
[2023-06-19T15:44:58.843+0000] {logging_mixin.py:149} INFO - [2023-06-19T15:44:58.843+0000] {dagbag.py:541} INFO - Filling up the DagBag from /home/airflow/.local/lib/python3.7/site-packages/airflow/example_dags/example_branch_labels.py
[2023-06-19T15:44:58.850+0000] {processor.py:836} INFO - DAG(s) dict_keys(['example_branch_labels']) retrieved from /home/airflow/.local/lib/python3.7/site-packages/airflow/example_dags/example_branch_labels.py
[2023-06-19T15:44:58.872+0000] {logging_mixin.py:149} INFO - [2023-06-19T15:44:58.872+0000] {dag.py:2726} INFO - Sync 1 DAGs
[2023-06-19T15:44:58.899+0000] {logging_mixin.py:149} INFO - [2023-06-19T15:44:58.899+0000] {dag.py:3490} INFO - Setting next_dagrun for example_branch_labels to 2023-06-18T00:00:00+00:00, run_after=2023-06-19T00:00:00+00:00
[2023-06-19T15:44:58.918+0000] {processor.py:179} INFO - Processing /home/airflow/.local/lib/python3.7/site-packages/airflow/example_dags/example_branch_labels.py took 0.079 seconds
[2023-06-19T15:45:29.245+0000] {processor.py:157} INFO - Started process (PID=502) to work on /home/airflow/.local/lib/python3.7/site-packages/airflow/example_dags/example_branch_labels.py
[2023-06-19T15:45:29.246+0000] {processor.py:826} INFO - Processing file /home/airflow/.local/lib/python3.7/site-packages/airflow/example_dags/example_branch_labels.py for tasks to queue
[2023-06-19T15:45:29.247+0000] {logging_mixin.py:149} INFO - [2023-06-19T15:45:29.247+0000] {dagbag.py:541} INFO - Filling up the DagBag from /home/airflow/.local/lib/python3.7/site-packages/airflow/example_dags/example_branch_labels.py
[2023-06-19T15:45:29.255+0000] {processor.py:836} INFO - DAG(s) dict_keys(['example_branch_labels']) retrieved from /home/airflow/.local/lib/python3.7/site-packages/airflow/example_dags/example_branch_labels.py
[2023-06-19T15:45:29.282+0000] {logging_mixin.py:149} INFO - [2023-06-19T15:45:29.282+0000] {dag.py:2726} INFO - Sync 1 DAGs
[2023-06-19T15:45:29.314+0000] {logging_mixin.py:149} INFO - [2023-06-19T15:45:29.313+0000] {dag.py:3490} INFO - Setting next_dagrun for example_branch_labels to 2023-06-18T00:00:00+00:00, run_after=2023-06-19T00:00:00+00:00
[2023-06-19T15:45:29.338+0000] {processor.py:179} INFO - Processing /home/airflow/.local/lib/python3.7/site-packages/airflow/example_dags/example_branch_labels.py took 0.096 seconds
[2023-06-19T15:45:59.698+0000] {processor.py:157} INFO - Started process (PID=567) to work on /home/airflow/.local/lib/python3.7/site-packages/airflow/example_dags/example_branch_labels.py
[2023-06-19T15:45:59.699+0000] {processor.py:826} INFO - Processing file /home/airflow/.local/lib/python3.7/site-packages/airflow/example_dags/example_branch_labels.py for tasks to queue
[2023-06-19T15:45:59.700+0000] {logging_mixin.py:149} INFO - [2023-06-19T15:45:59.700+0000] {dagbag.py:541} INFO - Filling up the DagBag from /home/airflow/.local/lib/python3.7/site-packages/airflow/example_dags/example_branch_labels.py
[2023-06-19T15:45:59.707+0000] {processor.py:836} INFO - DAG(s) dict_keys(['example_branch_labels']) retrieved from /home/airflow/.local/lib/python3.7/site-packages/airflow/example_dags/example_branch_labels.py
[2023-06-19T15:45:59.742+0000] {logging_mixin.py:149} INFO - [2023-06-19T15:45:59.741+0000] {dag.py:2726} INFO - Sync 1 DAGs
[2023-06-19T15:45:59.773+0000] {logging_mixin.py:149} INFO - [2023-06-19T15:45:59.773+0000] {dag.py:3490} INFO - Setting next_dagrun for example_branch_labels to 2023-06-18T00:00:00+00:00, run_after=2023-06-19T00:00:00+00:00
[2023-06-19T15:45:59.793+0000] {processor.py:179} INFO - Processing /home/airflow/.local/lib/python3.7/site-packages/airflow/example_dags/example_branch_labels.py took 0.098 seconds
[2023-06-19T15:46:29.952+0000] {processor.py:157} INFO - Started process (PID=632) to work on /home/airflow/.local/lib/python3.7/site-packages/airflow/example_dags/example_branch_labels.py
[2023-06-19T15:46:29.953+0000] {processor.py:826} INFO - Processing file /home/airflow/.local/lib/python3.7/site-packages/airflow/example_dags/example_branch_labels.py for tasks to queue
[2023-06-19T15:46:29.954+0000] {logging_mixin.py:149} INFO - [2023-06-19T15:46:29.954+0000] {dagbag.py:541} INFO - Filling up the DagBag from /home/airflow/.local/lib/python3.7/site-packages/airflow/example_dags/example_branch_labels.py
[2023-06-19T15:46:29.962+0000] {processor.py:836} INFO - DAG(s) dict_keys(['example_branch_labels']) retrieved from /home/airflow/.local/lib/python3.7/site-packages/airflow/example_dags/example_branch_labels.py
[2023-06-19T15:46:29.987+0000] {logging_mixin.py:149} INFO - [2023-06-19T15:46:29.987+0000] {dag.py:2726} INFO - Sync 1 DAGs
[2023-06-19T15:46:30.015+0000] {logging_mixin.py:149} INFO - [2023-06-19T15:46:30.015+0000] {dag.py:3490} INFO - Setting next_dagrun for example_branch_labels to 2023-06-18T00:00:00+00:00, run_after=2023-06-19T00:00:00+00:00
[2023-06-19T15:46:30.035+0000] {processor.py:179} INFO - Processing /home/airflow/.local/lib/python3.7/site-packages/airflow/example_dags/example_branch_labels.py took 0.087 seconds
