[2023-06-19T15:41:56.914+0000] {processor.py:157} INFO - Started process (PID=50) to work on /home/airflow/.local/lib/python3.7/site-packages/airflow/example_dags/example_task_group_decorator.py
[2023-06-19T15:41:56.919+0000] {processor.py:826} INFO - Processing file /home/airflow/.local/lib/python3.7/site-packages/airflow/example_dags/example_task_group_decorator.py for tasks to queue
[2023-06-19T15:41:56.921+0000] {logging_mixin.py:149} INFO - [2023-06-19T15:41:56.920+0000] {dagbag.py:541} INFO - Filling up the DagBag from /home/airflow/.local/lib/python3.7/site-packages/airflow/example_dags/example_task_group_decorator.py
[2023-06-19T15:41:56.994+0000] {processor.py:836} INFO - DAG(s) dict_keys(['example_task_group_decorator']) retrieved from /home/airflow/.local/lib/python3.7/site-packages/airflow/example_dags/example_task_group_decorator.py
[2023-06-19T15:41:57.239+0000] {logging_mixin.py:149} INFO - [2023-06-19T15:41:57.239+0000] {manager.py:504} INFO - Created Permission View: can delete on DAG:example_task_group_decorator
[2023-06-19T15:41:57.250+0000] {logging_mixin.py:149} INFO - [2023-06-19T15:41:57.250+0000] {manager.py:504} INFO - Created Permission View: can read on DAG:example_task_group_decorator
[2023-06-19T15:41:57.259+0000] {logging_mixin.py:149} INFO - [2023-06-19T15:41:57.259+0000] {manager.py:504} INFO - Created Permission View: can edit on DAG:example_task_group_decorator
[2023-06-19T15:41:57.260+0000] {logging_mixin.py:149} INFO - [2023-06-19T15:41:57.260+0000] {dag.py:2726} INFO - Sync 1 DAGs
[2023-06-19T15:41:57.286+0000] {logging_mixin.py:149} INFO - [2023-06-19T15:41:57.286+0000] {dag.py:2747} INFO - Creating ORM DAG for example_task_group_decorator
[2023-06-19T15:41:57.362+0000] {logging_mixin.py:149} INFO - [2023-06-19T15:41:57.361+0000] {dag.py:3490} INFO - Setting next_dagrun for example_task_group_decorator to 2023-06-18T15:41:57.361036+00:00, run_after=2023-06-19T15:41:57.361036+00:00
[2023-06-19T15:41:57.397+0000] {processor.py:179} INFO - Processing /home/airflow/.local/lib/python3.7/site-packages/airflow/example_dags/example_task_group_decorator.py took 0.501 seconds
[2023-06-19T15:42:27.503+0000] {processor.py:157} INFO - Started process (PID=116) to work on /home/airflow/.local/lib/python3.7/site-packages/airflow/example_dags/example_task_group_decorator.py
[2023-06-19T15:42:27.505+0000] {processor.py:826} INFO - Processing file /home/airflow/.local/lib/python3.7/site-packages/airflow/example_dags/example_task_group_decorator.py for tasks to queue
[2023-06-19T15:42:27.506+0000] {logging_mixin.py:149} INFO - [2023-06-19T15:42:27.506+0000] {dagbag.py:541} INFO - Filling up the DagBag from /home/airflow/.local/lib/python3.7/site-packages/airflow/example_dags/example_task_group_decorator.py
[2023-06-19T15:42:27.521+0000] {processor.py:836} INFO - DAG(s) dict_keys(['example_task_group_decorator']) retrieved from /home/airflow/.local/lib/python3.7/site-packages/airflow/example_dags/example_task_group_decorator.py
[2023-06-19T15:42:27.549+0000] {logging_mixin.py:149} INFO - [2023-06-19T15:42:27.549+0000] {dag.py:2726} INFO - Sync 1 DAGs
[2023-06-19T15:42:27.572+0000] {logging_mixin.py:149} INFO - [2023-06-19T15:42:27.572+0000] {dag.py:3490} INFO - Setting next_dagrun for example_task_group_decorator to 2023-06-18T15:42:27.572513+00:00, run_after=2023-06-19T15:42:27.572513+00:00
[2023-06-19T15:42:27.593+0000] {processor.py:179} INFO - Processing /home/airflow/.local/lib/python3.7/site-packages/airflow/example_dags/example_task_group_decorator.py took 0.093 seconds
[2023-06-19T15:42:57.647+0000] {processor.py:157} INFO - Started process (PID=181) to work on /home/airflow/.local/lib/python3.7/site-packages/airflow/example_dags/example_task_group_decorator.py
[2023-06-19T15:42:57.648+0000] {processor.py:826} INFO - Processing file /home/airflow/.local/lib/python3.7/site-packages/airflow/example_dags/example_task_group_decorator.py for tasks to queue
[2023-06-19T15:42:57.649+0000] {logging_mixin.py:149} INFO - [2023-06-19T15:42:57.649+0000] {dagbag.py:541} INFO - Filling up the DagBag from /home/airflow/.local/lib/python3.7/site-packages/airflow/example_dags/example_task_group_decorator.py
[2023-06-19T15:42:57.662+0000] {processor.py:836} INFO - DAG(s) dict_keys(['example_task_group_decorator']) retrieved from /home/airflow/.local/lib/python3.7/site-packages/airflow/example_dags/example_task_group_decorator.py
[2023-06-19T15:42:57.688+0000] {logging_mixin.py:149} INFO - [2023-06-19T15:42:57.688+0000] {dag.py:2726} INFO - Sync 1 DAGs
[2023-06-19T15:42:57.711+0000] {logging_mixin.py:149} INFO - [2023-06-19T15:42:57.710+0000] {dag.py:3490} INFO - Setting next_dagrun for example_task_group_decorator to 2023-06-18T15:42:57.710738+00:00, run_after=2023-06-19T15:42:57.710738+00:00
[2023-06-19T15:42:57.729+0000] {processor.py:179} INFO - Processing /home/airflow/.local/lib/python3.7/site-packages/airflow/example_dags/example_task_group_decorator.py took 0.084 seconds
[2023-06-19T15:43:27.778+0000] {processor.py:157} INFO - Started process (PID=246) to work on /home/airflow/.local/lib/python3.7/site-packages/airflow/example_dags/example_task_group_decorator.py
[2023-06-19T15:43:27.779+0000] {processor.py:826} INFO - Processing file /home/airflow/.local/lib/python3.7/site-packages/airflow/example_dags/example_task_group_decorator.py for tasks to queue
[2023-06-19T15:43:27.780+0000] {logging_mixin.py:149} INFO - [2023-06-19T15:43:27.780+0000] {dagbag.py:541} INFO - Filling up the DagBag from /home/airflow/.local/lib/python3.7/site-packages/airflow/example_dags/example_task_group_decorator.py
[2023-06-19T15:43:27.795+0000] {processor.py:836} INFO - DAG(s) dict_keys(['example_task_group_decorator']) retrieved from /home/airflow/.local/lib/python3.7/site-packages/airflow/example_dags/example_task_group_decorator.py
[2023-06-19T15:43:27.826+0000] {logging_mixin.py:149} INFO - [2023-06-19T15:43:27.826+0000] {dag.py:2726} INFO - Sync 1 DAGs
[2023-06-19T15:43:27.853+0000] {logging_mixin.py:149} INFO - [2023-06-19T15:43:27.852+0000] {dag.py:3490} INFO - Setting next_dagrun for example_task_group_decorator to 2023-06-18T15:43:27.852670+00:00, run_after=2023-06-19T15:43:27.852670+00:00
[2023-06-19T15:43:27.874+0000] {processor.py:179} INFO - Processing /home/airflow/.local/lib/python3.7/site-packages/airflow/example_dags/example_task_group_decorator.py took 0.100 seconds
[2023-06-19T15:43:58.166+0000] {processor.py:157} INFO - Started process (PID=311) to work on /home/airflow/.local/lib/python3.7/site-packages/airflow/example_dags/example_task_group_decorator.py
[2023-06-19T15:43:58.167+0000] {processor.py:826} INFO - Processing file /home/airflow/.local/lib/python3.7/site-packages/airflow/example_dags/example_task_group_decorator.py for tasks to queue
[2023-06-19T15:43:58.168+0000] {logging_mixin.py:149} INFO - [2023-06-19T15:43:58.168+0000] {dagbag.py:541} INFO - Filling up the DagBag from /home/airflow/.local/lib/python3.7/site-packages/airflow/example_dags/example_task_group_decorator.py
[2023-06-19T15:43:58.180+0000] {processor.py:836} INFO - DAG(s) dict_keys(['example_task_group_decorator']) retrieved from /home/airflow/.local/lib/python3.7/site-packages/airflow/example_dags/example_task_group_decorator.py
[2023-06-19T15:43:58.209+0000] {logging_mixin.py:149} INFO - [2023-06-19T15:43:58.209+0000] {dag.py:2726} INFO - Sync 1 DAGs
[2023-06-19T15:43:58.235+0000] {logging_mixin.py:149} INFO - [2023-06-19T15:43:58.234+0000] {dag.py:3490} INFO - Setting next_dagrun for example_task_group_decorator to 2023-06-18T15:43:58.234649+00:00, run_after=2023-06-19T15:43:58.234649+00:00
[2023-06-19T15:43:58.254+0000] {processor.py:179} INFO - Processing /home/airflow/.local/lib/python3.7/site-packages/airflow/example_dags/example_task_group_decorator.py took 0.091 seconds
[2023-06-19T15:44:28.644+0000] {processor.py:157} INFO - Started process (PID=376) to work on /home/airflow/.local/lib/python3.7/site-packages/airflow/example_dags/example_task_group_decorator.py
[2023-06-19T15:44:28.645+0000] {processor.py:826} INFO - Processing file /home/airflow/.local/lib/python3.7/site-packages/airflow/example_dags/example_task_group_decorator.py for tasks to queue
[2023-06-19T15:44:28.646+0000] {logging_mixin.py:149} INFO - [2023-06-19T15:44:28.646+0000] {dagbag.py:541} INFO - Filling up the DagBag from /home/airflow/.local/lib/python3.7/site-packages/airflow/example_dags/example_task_group_decorator.py
[2023-06-19T15:44:28.663+0000] {processor.py:836} INFO - DAG(s) dict_keys(['example_task_group_decorator']) retrieved from /home/airflow/.local/lib/python3.7/site-packages/airflow/example_dags/example_task_group_decorator.py
[2023-06-19T15:44:28.693+0000] {logging_mixin.py:149} INFO - [2023-06-19T15:44:28.693+0000] {dag.py:2726} INFO - Sync 1 DAGs
[2023-06-19T15:44:28.721+0000] {logging_mixin.py:149} INFO - [2023-06-19T15:44:28.721+0000] {dag.py:3490} INFO - Setting next_dagrun for example_task_group_decorator to 2023-06-18T15:44:28.720977+00:00, run_after=2023-06-19T15:44:28.720977+00:00
[2023-06-19T15:44:28.742+0000] {processor.py:179} INFO - Processing /home/airflow/.local/lib/python3.7/site-packages/airflow/example_dags/example_task_group_decorator.py took 0.102 seconds
[2023-06-19T15:44:59.043+0000] {processor.py:157} INFO - Started process (PID=441) to work on /home/airflow/.local/lib/python3.7/site-packages/airflow/example_dags/example_task_group_decorator.py
[2023-06-19T15:44:59.044+0000] {processor.py:826} INFO - Processing file /home/airflow/.local/lib/python3.7/site-packages/airflow/example_dags/example_task_group_decorator.py for tasks to queue
[2023-06-19T15:44:59.045+0000] {logging_mixin.py:149} INFO - [2023-06-19T15:44:59.045+0000] {dagbag.py:541} INFO - Filling up the DagBag from /home/airflow/.local/lib/python3.7/site-packages/airflow/example_dags/example_task_group_decorator.py
[2023-06-19T15:44:59.059+0000] {processor.py:836} INFO - DAG(s) dict_keys(['example_task_group_decorator']) retrieved from /home/airflow/.local/lib/python3.7/site-packages/airflow/example_dags/example_task_group_decorator.py
[2023-06-19T15:44:59.086+0000] {logging_mixin.py:149} INFO - [2023-06-19T15:44:59.086+0000] {dag.py:2726} INFO - Sync 1 DAGs
[2023-06-19T15:44:59.110+0000] {logging_mixin.py:149} INFO - [2023-06-19T15:44:59.110+0000] {dag.py:3490} INFO - Setting next_dagrun for example_task_group_decorator to 2023-06-18T15:44:59.110097+00:00, run_after=2023-06-19T15:44:59.110097+00:00
[2023-06-19T15:44:59.129+0000] {processor.py:179} INFO - Processing /home/airflow/.local/lib/python3.7/site-packages/airflow/example_dags/example_task_group_decorator.py took 0.089 seconds
[2023-06-19T15:45:29.487+0000] {processor.py:157} INFO - Started process (PID=506) to work on /home/airflow/.local/lib/python3.7/site-packages/airflow/example_dags/example_task_group_decorator.py
[2023-06-19T15:45:29.488+0000] {processor.py:826} INFO - Processing file /home/airflow/.local/lib/python3.7/site-packages/airflow/example_dags/example_task_group_decorator.py for tasks to queue
[2023-06-19T15:45:29.489+0000] {logging_mixin.py:149} INFO - [2023-06-19T15:45:29.489+0000] {dagbag.py:541} INFO - Filling up the DagBag from /home/airflow/.local/lib/python3.7/site-packages/airflow/example_dags/example_task_group_decorator.py
[2023-06-19T15:45:29.503+0000] {processor.py:836} INFO - DAG(s) dict_keys(['example_task_group_decorator']) retrieved from /home/airflow/.local/lib/python3.7/site-packages/airflow/example_dags/example_task_group_decorator.py
[2023-06-19T15:45:29.533+0000] {logging_mixin.py:149} INFO - [2023-06-19T15:45:29.533+0000] {dag.py:2726} INFO - Sync 1 DAGs
[2023-06-19T15:45:29.563+0000] {logging_mixin.py:149} INFO - [2023-06-19T15:45:29.563+0000] {dag.py:3490} INFO - Setting next_dagrun for example_task_group_decorator to 2023-06-18T15:45:29.563544+00:00, run_after=2023-06-19T15:45:29.563544+00:00
[2023-06-19T15:45:29.586+0000] {processor.py:179} INFO - Processing /home/airflow/.local/lib/python3.7/site-packages/airflow/example_dags/example_task_group_decorator.py took 0.102 seconds
[2023-06-19T15:45:59.933+0000] {processor.py:157} INFO - Started process (PID=571) to work on /home/airflow/.local/lib/python3.7/site-packages/airflow/example_dags/example_task_group_decorator.py
[2023-06-19T15:45:59.934+0000] {processor.py:826} INFO - Processing file /home/airflow/.local/lib/python3.7/site-packages/airflow/example_dags/example_task_group_decorator.py for tasks to queue
[2023-06-19T15:45:59.935+0000] {logging_mixin.py:149} INFO - [2023-06-19T15:45:59.935+0000] {dagbag.py:541} INFO - Filling up the DagBag from /home/airflow/.local/lib/python3.7/site-packages/airflow/example_dags/example_task_group_decorator.py
[2023-06-19T15:45:59.949+0000] {processor.py:836} INFO - DAG(s) dict_keys(['example_task_group_decorator']) retrieved from /home/airflow/.local/lib/python3.7/site-packages/airflow/example_dags/example_task_group_decorator.py
[2023-06-19T15:45:59.980+0000] {logging_mixin.py:149} INFO - [2023-06-19T15:45:59.980+0000] {dag.py:2726} INFO - Sync 1 DAGs
[2023-06-19T15:46:00.008+0000] {logging_mixin.py:149} INFO - [2023-06-19T15:46:00.007+0000] {dag.py:3490} INFO - Setting next_dagrun for example_task_group_decorator to 2023-06-18T15:46:00.007750+00:00, run_after=2023-06-19T15:46:00.007750+00:00
[2023-06-19T15:46:00.029+0000] {processor.py:179} INFO - Processing /home/airflow/.local/lib/python3.7/site-packages/airflow/example_dags/example_task_group_decorator.py took 0.100 seconds
[2023-06-19T15:46:30.160+0000] {processor.py:157} INFO - Started process (PID=636) to work on /home/airflow/.local/lib/python3.7/site-packages/airflow/example_dags/example_task_group_decorator.py
[2023-06-19T15:46:30.161+0000] {processor.py:826} INFO - Processing file /home/airflow/.local/lib/python3.7/site-packages/airflow/example_dags/example_task_group_decorator.py for tasks to queue
[2023-06-19T15:46:30.162+0000] {logging_mixin.py:149} INFO - [2023-06-19T15:46:30.161+0000] {dagbag.py:541} INFO - Filling up the DagBag from /home/airflow/.local/lib/python3.7/site-packages/airflow/example_dags/example_task_group_decorator.py
[2023-06-19T15:46:30.175+0000] {processor.py:836} INFO - DAG(s) dict_keys(['example_task_group_decorator']) retrieved from /home/airflow/.local/lib/python3.7/site-packages/airflow/example_dags/example_task_group_decorator.py
[2023-06-19T15:46:30.201+0000] {logging_mixin.py:149} INFO - [2023-06-19T15:46:30.200+0000] {dag.py:2726} INFO - Sync 1 DAGs
[2023-06-19T15:46:30.226+0000] {logging_mixin.py:149} INFO - [2023-06-19T15:46:30.226+0000] {dag.py:3490} INFO - Setting next_dagrun for example_task_group_decorator to 2023-06-18T15:46:30.225859+00:00, run_after=2023-06-19T15:46:30.225859+00:00
[2023-06-19T15:46:30.243+0000] {processor.py:179} INFO - Processing /home/airflow/.local/lib/python3.7/site-packages/airflow/example_dags/example_task_group_decorator.py took 0.086 seconds
