[2023-06-19T15:41:53.800+0000] {processor.py:157} INFO - Started process (PID=34) to work on /home/airflow/.local/lib/python3.7/site-packages/airflow/example_dags/example_latest_only.py
[2023-06-19T15:41:53.801+0000] {processor.py:826} INFO - Processing file /home/airflow/.local/lib/python3.7/site-packages/airflow/example_dags/example_latest_only.py for tasks to queue
[2023-06-19T15:41:53.802+0000] {logging_mixin.py:149} INFO - [2023-06-19T15:41:53.802+0000] {dagbag.py:541} INFO - Filling up the DagBag from /home/airflow/.local/lib/python3.7/site-packages/airflow/example_dags/example_latest_only.py
[2023-06-19T15:41:53.811+0000] {processor.py:836} INFO - DAG(s) dict_keys(['latest_only']) retrieved from /home/airflow/.local/lib/python3.7/site-packages/airflow/example_dags/example_latest_only.py
[2023-06-19T15:41:53.976+0000] {logging_mixin.py:149} INFO - [2023-06-19T15:41:53.976+0000] {manager.py:504} INFO - Created Permission View: can delete on DAG:latest_only
[2023-06-19T15:41:53.990+0000] {logging_mixin.py:149} INFO - [2023-06-19T15:41:53.990+0000] {manager.py:504} INFO - Created Permission View: can read on DAG:latest_only
[2023-06-19T15:41:54.001+0000] {logging_mixin.py:149} INFO - [2023-06-19T15:41:54.000+0000] {manager.py:504} INFO - Created Permission View: can edit on DAG:latest_only
[2023-06-19T15:41:54.001+0000] {logging_mixin.py:149} INFO - [2023-06-19T15:41:54.001+0000] {dag.py:2726} INFO - Sync 1 DAGs
[2023-06-19T15:41:54.017+0000] {logging_mixin.py:149} INFO - [2023-06-19T15:41:54.016+0000] {dag.py:2747} INFO - Creating ORM DAG for latest_only
[2023-06-19T15:41:54.034+0000] {logging_mixin.py:149} INFO - [2023-06-19T15:41:54.034+0000] {dag.py:3490} INFO - Setting next_dagrun for latest_only to 2023-06-19T11:41:54.033984+00:00, run_after=2023-06-19T15:41:54.033984+00:00
[2023-06-19T15:41:54.065+0000] {processor.py:179} INFO - Processing /home/airflow/.local/lib/python3.7/site-packages/airflow/example_dags/example_latest_only.py took 0.268 seconds
[2023-06-19T15:42:24.543+0000] {processor.py:157} INFO - Started process (PID=100) to work on /home/airflow/.local/lib/python3.7/site-packages/airflow/example_dags/example_latest_only.py
[2023-06-19T15:42:24.545+0000] {processor.py:826} INFO - Processing file /home/airflow/.local/lib/python3.7/site-packages/airflow/example_dags/example_latest_only.py for tasks to queue
[2023-06-19T15:42:24.546+0000] {logging_mixin.py:149} INFO - [2023-06-19T15:42:24.546+0000] {dagbag.py:541} INFO - Filling up the DagBag from /home/airflow/.local/lib/python3.7/site-packages/airflow/example_dags/example_latest_only.py
[2023-06-19T15:42:24.551+0000] {processor.py:836} INFO - DAG(s) dict_keys(['latest_only']) retrieved from /home/airflow/.local/lib/python3.7/site-packages/airflow/example_dags/example_latest_only.py
[2023-06-19T15:42:24.572+0000] {logging_mixin.py:149} INFO - [2023-06-19T15:42:24.572+0000] {dag.py:2726} INFO - Sync 1 DAGs
[2023-06-19T15:42:24.595+0000] {logging_mixin.py:149} INFO - [2023-06-19T15:42:24.595+0000] {dag.py:3490} INFO - Setting next_dagrun for latest_only to 2023-06-19T11:42:24.595386+00:00, run_after=2023-06-19T15:42:24.595386+00:00
[2023-06-19T15:42:24.615+0000] {processor.py:179} INFO - Processing /home/airflow/.local/lib/python3.7/site-packages/airflow/example_dags/example_latest_only.py took 0.074 seconds
[2023-06-19T15:42:54.670+0000] {processor.py:157} INFO - Started process (PID=165) to work on /home/airflow/.local/lib/python3.7/site-packages/airflow/example_dags/example_latest_only.py
[2023-06-19T15:42:54.671+0000] {processor.py:826} INFO - Processing file /home/airflow/.local/lib/python3.7/site-packages/airflow/example_dags/example_latest_only.py for tasks to queue
[2023-06-19T15:42:54.672+0000] {logging_mixin.py:149} INFO - [2023-06-19T15:42:54.672+0000] {dagbag.py:541} INFO - Filling up the DagBag from /home/airflow/.local/lib/python3.7/site-packages/airflow/example_dags/example_latest_only.py
[2023-06-19T15:42:54.677+0000] {processor.py:836} INFO - DAG(s) dict_keys(['latest_only']) retrieved from /home/airflow/.local/lib/python3.7/site-packages/airflow/example_dags/example_latest_only.py
[2023-06-19T15:42:54.698+0000] {logging_mixin.py:149} INFO - [2023-06-19T15:42:54.698+0000] {dag.py:2726} INFO - Sync 1 DAGs
[2023-06-19T15:42:54.730+0000] {logging_mixin.py:149} INFO - [2023-06-19T15:42:54.729+0000] {dag.py:3490} INFO - Setting next_dagrun for latest_only to 2023-06-19T11:42:54.729438+00:00, run_after=2023-06-19T15:42:54.729438+00:00
[2023-06-19T15:42:54.750+0000] {processor.py:179} INFO - Processing /home/airflow/.local/lib/python3.7/site-packages/airflow/example_dags/example_latest_only.py took 0.083 seconds
[2023-06-19T15:43:24.833+0000] {processor.py:157} INFO - Started process (PID=230) to work on /home/airflow/.local/lib/python3.7/site-packages/airflow/example_dags/example_latest_only.py
[2023-06-19T15:43:24.834+0000] {processor.py:826} INFO - Processing file /home/airflow/.local/lib/python3.7/site-packages/airflow/example_dags/example_latest_only.py for tasks to queue
[2023-06-19T15:43:24.835+0000] {logging_mixin.py:149} INFO - [2023-06-19T15:43:24.834+0000] {dagbag.py:541} INFO - Filling up the DagBag from /home/airflow/.local/lib/python3.7/site-packages/airflow/example_dags/example_latest_only.py
[2023-06-19T15:43:24.841+0000] {processor.py:836} INFO - DAG(s) dict_keys(['latest_only']) retrieved from /home/airflow/.local/lib/python3.7/site-packages/airflow/example_dags/example_latest_only.py
[2023-06-19T15:43:24.865+0000] {logging_mixin.py:149} INFO - [2023-06-19T15:43:24.865+0000] {dag.py:2726} INFO - Sync 1 DAGs
[2023-06-19T15:43:24.892+0000] {logging_mixin.py:149} INFO - [2023-06-19T15:43:24.892+0000] {dag.py:3490} INFO - Setting next_dagrun for latest_only to 2023-06-19T11:43:24.892113+00:00, run_after=2023-06-19T15:43:24.892113+00:00
[2023-06-19T15:43:24.912+0000] {processor.py:179} INFO - Processing /home/airflow/.local/lib/python3.7/site-packages/airflow/example_dags/example_latest_only.py took 0.082 seconds
[2023-06-19T15:43:55.170+0000] {processor.py:157} INFO - Started process (PID=295) to work on /home/airflow/.local/lib/python3.7/site-packages/airflow/example_dags/example_latest_only.py
[2023-06-19T15:43:55.171+0000] {processor.py:826} INFO - Processing file /home/airflow/.local/lib/python3.7/site-packages/airflow/example_dags/example_latest_only.py for tasks to queue
[2023-06-19T15:43:55.172+0000] {logging_mixin.py:149} INFO - [2023-06-19T15:43:55.172+0000] {dagbag.py:541} INFO - Filling up the DagBag from /home/airflow/.local/lib/python3.7/site-packages/airflow/example_dags/example_latest_only.py
[2023-06-19T15:43:55.177+0000] {processor.py:836} INFO - DAG(s) dict_keys(['latest_only']) retrieved from /home/airflow/.local/lib/python3.7/site-packages/airflow/example_dags/example_latest_only.py
[2023-06-19T15:43:55.200+0000] {logging_mixin.py:149} INFO - [2023-06-19T15:43:55.200+0000] {dag.py:2726} INFO - Sync 1 DAGs
[2023-06-19T15:43:55.225+0000] {logging_mixin.py:149} INFO - [2023-06-19T15:43:55.224+0000] {dag.py:3490} INFO - Setting next_dagrun for latest_only to 2023-06-19T11:43:55.224692+00:00, run_after=2023-06-19T15:43:55.224692+00:00
[2023-06-19T15:43:55.244+0000] {processor.py:179} INFO - Processing /home/airflow/.local/lib/python3.7/site-packages/airflow/example_dags/example_latest_only.py took 0.077 seconds
[2023-06-19T15:44:25.755+0000] {processor.py:157} INFO - Started process (PID=360) to work on /home/airflow/.local/lib/python3.7/site-packages/airflow/example_dags/example_latest_only.py
[2023-06-19T15:44:25.756+0000] {processor.py:826} INFO - Processing file /home/airflow/.local/lib/python3.7/site-packages/airflow/example_dags/example_latest_only.py for tasks to queue
[2023-06-19T15:44:25.757+0000] {logging_mixin.py:149} INFO - [2023-06-19T15:44:25.757+0000] {dagbag.py:541} INFO - Filling up the DagBag from /home/airflow/.local/lib/python3.7/site-packages/airflow/example_dags/example_latest_only.py
[2023-06-19T15:44:25.763+0000] {processor.py:836} INFO - DAG(s) dict_keys(['latest_only']) retrieved from /home/airflow/.local/lib/python3.7/site-packages/airflow/example_dags/example_latest_only.py
[2023-06-19T15:44:25.786+0000] {logging_mixin.py:149} INFO - [2023-06-19T15:44:25.786+0000] {dag.py:2726} INFO - Sync 1 DAGs
[2023-06-19T15:44:25.815+0000] {logging_mixin.py:149} INFO - [2023-06-19T15:44:25.815+0000] {dag.py:3490} INFO - Setting next_dagrun for latest_only to 2023-06-19T11:44:25.815510+00:00, run_after=2023-06-19T15:44:25.815510+00:00
[2023-06-19T15:44:25.838+0000] {processor.py:179} INFO - Processing /home/airflow/.local/lib/python3.7/site-packages/airflow/example_dags/example_latest_only.py took 0.086 seconds
[2023-06-19T15:44:56.214+0000] {processor.py:157} INFO - Started process (PID=425) to work on /home/airflow/.local/lib/python3.7/site-packages/airflow/example_dags/example_latest_only.py
[2023-06-19T15:44:56.215+0000] {processor.py:826} INFO - Processing file /home/airflow/.local/lib/python3.7/site-packages/airflow/example_dags/example_latest_only.py for tasks to queue
[2023-06-19T15:44:56.216+0000] {logging_mixin.py:149} INFO - [2023-06-19T15:44:56.216+0000] {dagbag.py:541} INFO - Filling up the DagBag from /home/airflow/.local/lib/python3.7/site-packages/airflow/example_dags/example_latest_only.py
[2023-06-19T15:44:56.222+0000] {processor.py:836} INFO - DAG(s) dict_keys(['latest_only']) retrieved from /home/airflow/.local/lib/python3.7/site-packages/airflow/example_dags/example_latest_only.py
[2023-06-19T15:44:56.244+0000] {logging_mixin.py:149} INFO - [2023-06-19T15:44:56.244+0000] {dag.py:2726} INFO - Sync 1 DAGs
[2023-06-19T15:44:56.270+0000] {logging_mixin.py:149} INFO - [2023-06-19T15:44:56.270+0000] {dag.py:3490} INFO - Setting next_dagrun for latest_only to 2023-06-19T11:44:56.270091+00:00, run_after=2023-06-19T15:44:56.270091+00:00
[2023-06-19T15:44:56.293+0000] {processor.py:179} INFO - Processing /home/airflow/.local/lib/python3.7/site-packages/airflow/example_dags/example_latest_only.py took 0.081 seconds
[2023-06-19T15:45:26.593+0000] {processor.py:157} INFO - Started process (PID=490) to work on /home/airflow/.local/lib/python3.7/site-packages/airflow/example_dags/example_latest_only.py
[2023-06-19T15:45:26.594+0000] {processor.py:826} INFO - Processing file /home/airflow/.local/lib/python3.7/site-packages/airflow/example_dags/example_latest_only.py for tasks to queue
[2023-06-19T15:45:26.595+0000] {logging_mixin.py:149} INFO - [2023-06-19T15:45:26.595+0000] {dagbag.py:541} INFO - Filling up the DagBag from /home/airflow/.local/lib/python3.7/site-packages/airflow/example_dags/example_latest_only.py
[2023-06-19T15:45:26.601+0000] {processor.py:836} INFO - DAG(s) dict_keys(['latest_only']) retrieved from /home/airflow/.local/lib/python3.7/site-packages/airflow/example_dags/example_latest_only.py
[2023-06-19T15:45:26.624+0000] {logging_mixin.py:149} INFO - [2023-06-19T15:45:26.624+0000] {dag.py:2726} INFO - Sync 1 DAGs
[2023-06-19T15:45:26.648+0000] {logging_mixin.py:149} INFO - [2023-06-19T15:45:26.648+0000] {dag.py:3490} INFO - Setting next_dagrun for latest_only to 2023-06-19T11:45:26.647804+00:00, run_after=2023-06-19T15:45:26.647804+00:00
[2023-06-19T15:45:26.671+0000] {processor.py:179} INFO - Processing /home/airflow/.local/lib/python3.7/site-packages/airflow/example_dags/example_latest_only.py took 0.080 seconds
[2023-06-19T15:45:56.855+0000] {processor.py:157} INFO - Started process (PID=555) to work on /home/airflow/.local/lib/python3.7/site-packages/airflow/example_dags/example_latest_only.py
[2023-06-19T15:45:56.856+0000] {processor.py:826} INFO - Processing file /home/airflow/.local/lib/python3.7/site-packages/airflow/example_dags/example_latest_only.py for tasks to queue
[2023-06-19T15:45:56.857+0000] {logging_mixin.py:149} INFO - [2023-06-19T15:45:56.857+0000] {dagbag.py:541} INFO - Filling up the DagBag from /home/airflow/.local/lib/python3.7/site-packages/airflow/example_dags/example_latest_only.py
[2023-06-19T15:45:56.862+0000] {processor.py:836} INFO - DAG(s) dict_keys(['latest_only']) retrieved from /home/airflow/.local/lib/python3.7/site-packages/airflow/example_dags/example_latest_only.py
[2023-06-19T15:45:56.886+0000] {logging_mixin.py:149} INFO - [2023-06-19T15:45:56.886+0000] {dag.py:2726} INFO - Sync 1 DAGs
[2023-06-19T15:45:56.913+0000] {logging_mixin.py:149} INFO - [2023-06-19T15:45:56.912+0000] {dag.py:3490} INFO - Setting next_dagrun for latest_only to 2023-06-19T11:45:56.912590+00:00, run_after=2023-06-19T15:45:56.912590+00:00
[2023-06-19T15:45:56.935+0000] {processor.py:179} INFO - Processing /home/airflow/.local/lib/python3.7/site-packages/airflow/example_dags/example_latest_only.py took 0.083 seconds
[2023-06-19T15:46:27.327+0000] {processor.py:157} INFO - Started process (PID=620) to work on /home/airflow/.local/lib/python3.7/site-packages/airflow/example_dags/example_latest_only.py
[2023-06-19T15:46:27.329+0000] {processor.py:826} INFO - Processing file /home/airflow/.local/lib/python3.7/site-packages/airflow/example_dags/example_latest_only.py for tasks to queue
[2023-06-19T15:46:27.330+0000] {logging_mixin.py:149} INFO - [2023-06-19T15:46:27.330+0000] {dagbag.py:541} INFO - Filling up the DagBag from /home/airflow/.local/lib/python3.7/site-packages/airflow/example_dags/example_latest_only.py
[2023-06-19T15:46:27.336+0000] {processor.py:836} INFO - DAG(s) dict_keys(['latest_only']) retrieved from /home/airflow/.local/lib/python3.7/site-packages/airflow/example_dags/example_latest_only.py
[2023-06-19T15:46:27.360+0000] {logging_mixin.py:149} INFO - [2023-06-19T15:46:27.360+0000] {dag.py:2726} INFO - Sync 1 DAGs
[2023-06-19T15:46:27.391+0000] {logging_mixin.py:149} INFO - [2023-06-19T15:46:27.391+0000] {dag.py:3490} INFO - Setting next_dagrun for latest_only to 2023-06-19T11:46:27.390796+00:00, run_after=2023-06-19T15:46:27.390796+00:00
[2023-06-19T15:46:27.415+0000] {processor.py:179} INFO - Processing /home/airflow/.local/lib/python3.7/site-packages/airflow/example_dags/example_latest_only.py took 0.090 seconds
