[2023-06-19T15:41:55.259+0000] {processor.py:157} INFO - Started process (PID=41) to work on /home/airflow/.local/lib/python3.7/site-packages/airflow/example_dags/example_datasets.py
[2023-06-19T15:41:55.262+0000] {processor.py:826} INFO - Processing file /home/airflow/.local/lib/python3.7/site-packages/airflow/example_dags/example_datasets.py for tasks to queue
[2023-06-19T15:41:55.264+0000] {logging_mixin.py:149} INFO - [2023-06-19T15:41:55.264+0000] {dagbag.py:541} INFO - Filling up the DagBag from /home/airflow/.local/lib/python3.7/site-packages/airflow/example_dags/example_datasets.py
[2023-06-19T15:41:55.285+0000] {processor.py:836} INFO - DAG(s) dict_keys(['dataset_consumes_1', 'dataset_consumes_1_never_scheduled', 'dataset_produces_1', 'dataset_consumes_unknown_never_scheduled', 'dataset_consumes_1_and_2', 'dataset_produces_2']) retrieved from /home/airflow/.local/lib/python3.7/site-packages/airflow/example_dags/example_datasets.py
[2023-06-19T15:41:55.421+0000] {logging_mixin.py:149} INFO - [2023-06-19T15:41:55.421+0000] {manager.py:504} INFO - Created Permission View: can delete on DAG:dataset_consumes_1
[2023-06-19T15:41:55.444+0000] {logging_mixin.py:149} INFO - [2023-06-19T15:41:55.444+0000] {manager.py:504} INFO - Created Permission View: can read on DAG:dataset_consumes_1
[2023-06-19T15:41:55.455+0000] {logging_mixin.py:149} INFO - [2023-06-19T15:41:55.455+0000] {manager.py:504} INFO - Created Permission View: can edit on DAG:dataset_consumes_1
[2023-06-19T15:41:55.477+0000] {logging_mixin.py:149} INFO - [2023-06-19T15:41:55.477+0000] {manager.py:504} INFO - Created Permission View: can delete on DAG:dataset_consumes_1_never_scheduled
[2023-06-19T15:41:55.488+0000] {logging_mixin.py:149} INFO - [2023-06-19T15:41:55.487+0000] {manager.py:504} INFO - Created Permission View: can read on DAG:dataset_consumes_1_never_scheduled
[2023-06-19T15:41:55.497+0000] {logging_mixin.py:149} INFO - [2023-06-19T15:41:55.497+0000] {manager.py:504} INFO - Created Permission View: can edit on DAG:dataset_consumes_1_never_scheduled
[2023-06-19T15:41:55.516+0000] {logging_mixin.py:149} INFO - [2023-06-19T15:41:55.515+0000] {manager.py:504} INFO - Created Permission View: can delete on DAG:dataset_produces_1
[2023-06-19T15:41:55.524+0000] {logging_mixin.py:149} INFO - [2023-06-19T15:41:55.524+0000] {manager.py:504} INFO - Created Permission View: can read on DAG:dataset_produces_1
[2023-06-19T15:41:55.533+0000] {logging_mixin.py:149} INFO - [2023-06-19T15:41:55.533+0000] {manager.py:504} INFO - Created Permission View: can edit on DAG:dataset_produces_1
[2023-06-19T15:41:55.555+0000] {logging_mixin.py:149} INFO - [2023-06-19T15:41:55.555+0000] {manager.py:504} INFO - Created Permission View: can delete on DAG:dataset_consumes_unknown_never_scheduled
[2023-06-19T15:41:55.565+0000] {logging_mixin.py:149} INFO - [2023-06-19T15:41:55.564+0000] {manager.py:504} INFO - Created Permission View: can read on DAG:dataset_consumes_unknown_never_scheduled
[2023-06-19T15:41:55.573+0000] {logging_mixin.py:149} INFO - [2023-06-19T15:41:55.572+0000] {manager.py:504} INFO - Created Permission View: can edit on DAG:dataset_consumes_unknown_never_scheduled
[2023-06-19T15:41:55.590+0000] {logging_mixin.py:149} INFO - [2023-06-19T15:41:55.589+0000] {manager.py:504} INFO - Created Permission View: can delete on DAG:dataset_consumes_1_and_2
[2023-06-19T15:41:55.599+0000] {logging_mixin.py:149} INFO - [2023-06-19T15:41:55.599+0000] {manager.py:504} INFO - Created Permission View: can read on DAG:dataset_consumes_1_and_2
[2023-06-19T15:41:55.607+0000] {logging_mixin.py:149} INFO - [2023-06-19T15:41:55.607+0000] {manager.py:504} INFO - Created Permission View: can edit on DAG:dataset_consumes_1_and_2
[2023-06-19T15:41:55.627+0000] {logging_mixin.py:149} INFO - [2023-06-19T15:41:55.627+0000] {manager.py:504} INFO - Created Permission View: can delete on DAG:dataset_produces_2
[2023-06-19T15:41:55.635+0000] {logging_mixin.py:149} INFO - [2023-06-19T15:41:55.635+0000] {manager.py:504} INFO - Created Permission View: can read on DAG:dataset_produces_2
[2023-06-19T15:41:55.643+0000] {logging_mixin.py:149} INFO - [2023-06-19T15:41:55.643+0000] {manager.py:504} INFO - Created Permission View: can edit on DAG:dataset_produces_2
[2023-06-19T15:41:55.644+0000] {logging_mixin.py:149} INFO - [2023-06-19T15:41:55.644+0000] {dag.py:2726} INFO - Sync 6 DAGs
[2023-06-19T15:41:55.664+0000] {logging_mixin.py:149} INFO - [2023-06-19T15:41:55.664+0000] {dag.py:2747} INFO - Creating ORM DAG for dataset_consumes_1
[2023-06-19T15:41:55.666+0000] {logging_mixin.py:149} INFO - [2023-06-19T15:41:55.665+0000] {dag.py:2747} INFO - Creating ORM DAG for dataset_produces_1
[2023-06-19T15:41:55.667+0000] {logging_mixin.py:149} INFO - [2023-06-19T15:41:55.667+0000] {dag.py:2747} INFO - Creating ORM DAG for dataset_consumes_1_and_2
[2023-06-19T15:41:55.668+0000] {logging_mixin.py:149} INFO - [2023-06-19T15:41:55.668+0000] {dag.py:2747} INFO - Creating ORM DAG for dataset_consumes_1_never_scheduled
[2023-06-19T15:41:55.670+0000] {logging_mixin.py:149} INFO - [2023-06-19T15:41:55.670+0000] {dag.py:2747} INFO - Creating ORM DAG for dataset_produces_2
[2023-06-19T15:41:55.671+0000] {logging_mixin.py:149} INFO - [2023-06-19T15:41:55.671+0000] {dag.py:2747} INFO - Creating ORM DAG for dataset_consumes_unknown_never_scheduled
[2023-06-19T15:41:55.686+0000] {logging_mixin.py:149} INFO - [2023-06-19T15:41:55.686+0000] {dag.py:3490} INFO - Setting next_dagrun for dataset_consumes_1 to None, run_after=None
[2023-06-19T15:41:55.688+0000] {logging_mixin.py:149} INFO - [2023-06-19T15:41:55.688+0000] {dag.py:3490} INFO - Setting next_dagrun for dataset_consumes_1_and_2 to None, run_after=None
[2023-06-19T15:41:55.689+0000] {logging_mixin.py:149} INFO - [2023-06-19T15:41:55.689+0000] {dag.py:3490} INFO - Setting next_dagrun for dataset_consumes_1_never_scheduled to None, run_after=None
[2023-06-19T15:41:55.691+0000] {logging_mixin.py:149} INFO - [2023-06-19T15:41:55.690+0000] {dag.py:3490} INFO - Setting next_dagrun for dataset_consumes_unknown_never_scheduled to None, run_after=None
[2023-06-19T15:41:55.696+0000] {logging_mixin.py:149} INFO - [2023-06-19T15:41:55.695+0000] {dag.py:3490} INFO - Setting next_dagrun for dataset_produces_1 to 2023-06-18T00:00:00+00:00, run_after=2023-06-19T00:00:00+00:00
[2023-06-19T15:41:55.697+0000] {logging_mixin.py:149} INFO - [2023-06-19T15:41:55.697+0000] {dag.py:3490} INFO - Setting next_dagrun for dataset_produces_2 to None, run_after=None
[2023-06-19T15:41:55.752+0000] {processor.py:179} INFO - Processing /home/airflow/.local/lib/python3.7/site-packages/airflow/example_dags/example_datasets.py took 0.499 seconds
[2023-06-19T15:42:25.876+0000] {processor.py:157} INFO - Started process (PID=107) to work on /home/airflow/.local/lib/python3.7/site-packages/airflow/example_dags/example_datasets.py
[2023-06-19T15:42:25.877+0000] {processor.py:826} INFO - Processing file /home/airflow/.local/lib/python3.7/site-packages/airflow/example_dags/example_datasets.py for tasks to queue
[2023-06-19T15:42:25.878+0000] {logging_mixin.py:149} INFO - [2023-06-19T15:42:25.878+0000] {dagbag.py:541} INFO - Filling up the DagBag from /home/airflow/.local/lib/python3.7/site-packages/airflow/example_dags/example_datasets.py
[2023-06-19T15:42:25.886+0000] {processor.py:836} INFO - DAG(s) dict_keys(['dataset_consumes_1_never_scheduled', 'dataset_produces_2', 'dataset_consumes_1', 'dataset_produces_1', 'dataset_consumes_unknown_never_scheduled', 'dataset_consumes_1_and_2']) retrieved from /home/airflow/.local/lib/python3.7/site-packages/airflow/example_dags/example_datasets.py
[2023-06-19T15:42:25.921+0000] {logging_mixin.py:149} INFO - [2023-06-19T15:42:25.921+0000] {dag.py:2726} INFO - Sync 6 DAGs
[2023-06-19T15:42:25.947+0000] {logging_mixin.py:149} INFO - [2023-06-19T15:42:25.947+0000] {dag.py:3490} INFO - Setting next_dagrun for dataset_consumes_1 to None, run_after=None
[2023-06-19T15:42:25.951+0000] {logging_mixin.py:149} INFO - [2023-06-19T15:42:25.951+0000] {dag.py:3490} INFO - Setting next_dagrun for dataset_consumes_1_and_2 to None, run_after=None
[2023-06-19T15:42:25.952+0000] {logging_mixin.py:149} INFO - [2023-06-19T15:42:25.952+0000] {dag.py:3490} INFO - Setting next_dagrun for dataset_consumes_1_never_scheduled to None, run_after=None
[2023-06-19T15:42:25.954+0000] {logging_mixin.py:149} INFO - [2023-06-19T15:42:25.954+0000] {dag.py:3490} INFO - Setting next_dagrun for dataset_consumes_unknown_never_scheduled to None, run_after=None
[2023-06-19T15:42:25.957+0000] {logging_mixin.py:149} INFO - [2023-06-19T15:42:25.957+0000] {dag.py:3490} INFO - Setting next_dagrun for dataset_produces_1 to 2023-06-18T00:00:00+00:00, run_after=2023-06-19T00:00:00+00:00
[2023-06-19T15:42:25.959+0000] {logging_mixin.py:149} INFO - [2023-06-19T15:42:25.959+0000] {dag.py:3490} INFO - Setting next_dagrun for dataset_produces_2 to None, run_after=None
[2023-06-19T15:42:25.992+0000] {processor.py:179} INFO - Processing /home/airflow/.local/lib/python3.7/site-packages/airflow/example_dags/example_datasets.py took 0.119 seconds
[2023-06-19T15:42:56.103+0000] {processor.py:157} INFO - Started process (PID=172) to work on /home/airflow/.local/lib/python3.7/site-packages/airflow/example_dags/example_datasets.py
[2023-06-19T15:42:56.104+0000] {processor.py:826} INFO - Processing file /home/airflow/.local/lib/python3.7/site-packages/airflow/example_dags/example_datasets.py for tasks to queue
[2023-06-19T15:42:56.106+0000] {logging_mixin.py:149} INFO - [2023-06-19T15:42:56.105+0000] {dagbag.py:541} INFO - Filling up the DagBag from /home/airflow/.local/lib/python3.7/site-packages/airflow/example_dags/example_datasets.py
[2023-06-19T15:42:56.116+0000] {processor.py:836} INFO - DAG(s) dict_keys(['dataset_consumes_1', 'dataset_produces_1', 'dataset_consumes_1_and_2', 'dataset_produces_2', 'dataset_consumes_unknown_never_scheduled', 'dataset_consumes_1_never_scheduled']) retrieved from /home/airflow/.local/lib/python3.7/site-packages/airflow/example_dags/example_datasets.py
[2023-06-19T15:42:56.155+0000] {logging_mixin.py:149} INFO - [2023-06-19T15:42:56.155+0000] {dag.py:2726} INFO - Sync 6 DAGs
[2023-06-19T15:42:56.180+0000] {logging_mixin.py:149} INFO - [2023-06-19T15:42:56.179+0000] {dag.py:3490} INFO - Setting next_dagrun for dataset_consumes_1 to None, run_after=None
[2023-06-19T15:42:56.183+0000] {logging_mixin.py:149} INFO - [2023-06-19T15:42:56.183+0000] {dag.py:3490} INFO - Setting next_dagrun for dataset_consumes_1_and_2 to None, run_after=None
[2023-06-19T15:42:56.184+0000] {logging_mixin.py:149} INFO - [2023-06-19T15:42:56.184+0000] {dag.py:3490} INFO - Setting next_dagrun for dataset_consumes_1_never_scheduled to None, run_after=None
[2023-06-19T15:42:56.186+0000] {logging_mixin.py:149} INFO - [2023-06-19T15:42:56.186+0000] {dag.py:3490} INFO - Setting next_dagrun for dataset_consumes_unknown_never_scheduled to None, run_after=None
[2023-06-19T15:42:56.188+0000] {logging_mixin.py:149} INFO - [2023-06-19T15:42:56.188+0000] {dag.py:3490} INFO - Setting next_dagrun for dataset_produces_1 to 2023-06-18T00:00:00+00:00, run_after=2023-06-19T00:00:00+00:00
[2023-06-19T15:42:56.190+0000] {logging_mixin.py:149} INFO - [2023-06-19T15:42:56.190+0000] {dag.py:3490} INFO - Setting next_dagrun for dataset_produces_2 to None, run_after=None
[2023-06-19T15:42:56.222+0000] {processor.py:179} INFO - Processing /home/airflow/.local/lib/python3.7/site-packages/airflow/example_dags/example_datasets.py took 0.123 seconds
[2023-06-19T15:43:26.267+0000] {processor.py:157} INFO - Started process (PID=237) to work on /home/airflow/.local/lib/python3.7/site-packages/airflow/example_dags/example_datasets.py
[2023-06-19T15:43:26.268+0000] {processor.py:826} INFO - Processing file /home/airflow/.local/lib/python3.7/site-packages/airflow/example_dags/example_datasets.py for tasks to queue
[2023-06-19T15:43:26.269+0000] {logging_mixin.py:149} INFO - [2023-06-19T15:43:26.268+0000] {dagbag.py:541} INFO - Filling up the DagBag from /home/airflow/.local/lib/python3.7/site-packages/airflow/example_dags/example_datasets.py
[2023-06-19T15:43:26.277+0000] {processor.py:836} INFO - DAG(s) dict_keys(['dataset_produces_2', 'dataset_consumes_unknown_never_scheduled', 'dataset_produces_1', 'dataset_consumes_1_never_scheduled', 'dataset_consumes_1', 'dataset_consumes_1_and_2']) retrieved from /home/airflow/.local/lib/python3.7/site-packages/airflow/example_dags/example_datasets.py
[2023-06-19T15:43:26.317+0000] {logging_mixin.py:149} INFO - [2023-06-19T15:43:26.317+0000] {dag.py:2726} INFO - Sync 6 DAGs
[2023-06-19T15:43:26.344+0000] {logging_mixin.py:149} INFO - [2023-06-19T15:43:26.344+0000] {dag.py:3490} INFO - Setting next_dagrun for dataset_consumes_1 to None, run_after=None
[2023-06-19T15:43:26.347+0000] {logging_mixin.py:149} INFO - [2023-06-19T15:43:26.347+0000] {dag.py:3490} INFO - Setting next_dagrun for dataset_consumes_1_and_2 to None, run_after=None
[2023-06-19T15:43:26.349+0000] {logging_mixin.py:149} INFO - [2023-06-19T15:43:26.349+0000] {dag.py:3490} INFO - Setting next_dagrun for dataset_consumes_1_never_scheduled to None, run_after=None
[2023-06-19T15:43:26.350+0000] {logging_mixin.py:149} INFO - [2023-06-19T15:43:26.350+0000] {dag.py:3490} INFO - Setting next_dagrun for dataset_consumes_unknown_never_scheduled to None, run_after=None
[2023-06-19T15:43:26.353+0000] {logging_mixin.py:149} INFO - [2023-06-19T15:43:26.353+0000] {dag.py:3490} INFO - Setting next_dagrun for dataset_produces_1 to 2023-06-18T00:00:00+00:00, run_after=2023-06-19T00:00:00+00:00
[2023-06-19T15:43:26.355+0000] {logging_mixin.py:149} INFO - [2023-06-19T15:43:26.355+0000] {dag.py:3490} INFO - Setting next_dagrun for dataset_produces_2 to None, run_after=None
[2023-06-19T15:43:26.392+0000] {processor.py:179} INFO - Processing /home/airflow/.local/lib/python3.7/site-packages/airflow/example_dags/example_datasets.py took 0.128 seconds
[2023-06-19T15:43:56.645+0000] {processor.py:157} INFO - Started process (PID=302) to work on /home/airflow/.local/lib/python3.7/site-packages/airflow/example_dags/example_datasets.py
[2023-06-19T15:43:56.647+0000] {processor.py:826} INFO - Processing file /home/airflow/.local/lib/python3.7/site-packages/airflow/example_dags/example_datasets.py for tasks to queue
[2023-06-19T15:43:56.648+0000] {logging_mixin.py:149} INFO - [2023-06-19T15:43:56.648+0000] {dagbag.py:541} INFO - Filling up the DagBag from /home/airflow/.local/lib/python3.7/site-packages/airflow/example_dags/example_datasets.py
[2023-06-19T15:43:56.659+0000] {processor.py:836} INFO - DAG(s) dict_keys(['dataset_consumes_1_and_2', 'dataset_produces_2', 'dataset_produces_1', 'dataset_consumes_unknown_never_scheduled', 'dataset_consumes_1_never_scheduled', 'dataset_consumes_1']) retrieved from /home/airflow/.local/lib/python3.7/site-packages/airflow/example_dags/example_datasets.py
[2023-06-19T15:43:56.714+0000] {logging_mixin.py:149} INFO - [2023-06-19T15:43:56.714+0000] {dag.py:2726} INFO - Sync 6 DAGs
[2023-06-19T15:43:56.745+0000] {logging_mixin.py:149} INFO - [2023-06-19T15:43:56.745+0000] {dag.py:3490} INFO - Setting next_dagrun for dataset_consumes_1 to None, run_after=None
[2023-06-19T15:43:56.751+0000] {logging_mixin.py:149} INFO - [2023-06-19T15:43:56.751+0000] {dag.py:3490} INFO - Setting next_dagrun for dataset_consumes_1_and_2 to None, run_after=None
[2023-06-19T15:43:56.754+0000] {logging_mixin.py:149} INFO - [2023-06-19T15:43:56.754+0000] {dag.py:3490} INFO - Setting next_dagrun for dataset_consumes_1_never_scheduled to None, run_after=None
[2023-06-19T15:43:56.757+0000] {logging_mixin.py:149} INFO - [2023-06-19T15:43:56.757+0000] {dag.py:3490} INFO - Setting next_dagrun for dataset_consumes_unknown_never_scheduled to None, run_after=None
[2023-06-19T15:43:56.762+0000] {logging_mixin.py:149} INFO - [2023-06-19T15:43:56.761+0000] {dag.py:3490} INFO - Setting next_dagrun for dataset_produces_1 to 2023-06-18T00:00:00+00:00, run_after=2023-06-19T00:00:00+00:00
[2023-06-19T15:43:56.764+0000] {logging_mixin.py:149} INFO - [2023-06-19T15:43:56.763+0000] {dag.py:3490} INFO - Setting next_dagrun for dataset_produces_2 to None, run_after=None
[2023-06-19T15:43:56.815+0000] {processor.py:179} INFO - Processing /home/airflow/.local/lib/python3.7/site-packages/airflow/example_dags/example_datasets.py took 0.174 seconds
[2023-06-19T15:44:27.105+0000] {processor.py:157} INFO - Started process (PID=367) to work on /home/airflow/.local/lib/python3.7/site-packages/airflow/example_dags/example_datasets.py
[2023-06-19T15:44:27.106+0000] {processor.py:826} INFO - Processing file /home/airflow/.local/lib/python3.7/site-packages/airflow/example_dags/example_datasets.py for tasks to queue
[2023-06-19T15:44:27.107+0000] {logging_mixin.py:149} INFO - [2023-06-19T15:44:27.106+0000] {dagbag.py:541} INFO - Filling up the DagBag from /home/airflow/.local/lib/python3.7/site-packages/airflow/example_dags/example_datasets.py
[2023-06-19T15:44:27.115+0000] {processor.py:836} INFO - DAG(s) dict_keys(['dataset_consumes_1', 'dataset_produces_1', 'dataset_consumes_1_and_2', 'dataset_consumes_1_never_scheduled', 'dataset_produces_2', 'dataset_consumes_unknown_never_scheduled']) retrieved from /home/airflow/.local/lib/python3.7/site-packages/airflow/example_dags/example_datasets.py
[2023-06-19T15:44:27.155+0000] {logging_mixin.py:149} INFO - [2023-06-19T15:44:27.155+0000] {dag.py:2726} INFO - Sync 6 DAGs
[2023-06-19T15:44:27.181+0000] {logging_mixin.py:149} INFO - [2023-06-19T15:44:27.181+0000] {dag.py:3490} INFO - Setting next_dagrun for dataset_consumes_1 to None, run_after=None
[2023-06-19T15:44:27.185+0000] {logging_mixin.py:149} INFO - [2023-06-19T15:44:27.185+0000] {dag.py:3490} INFO - Setting next_dagrun for dataset_consumes_1_and_2 to None, run_after=None
[2023-06-19T15:44:27.186+0000] {logging_mixin.py:149} INFO - [2023-06-19T15:44:27.186+0000] {dag.py:3490} INFO - Setting next_dagrun for dataset_consumes_1_never_scheduled to None, run_after=None
[2023-06-19T15:44:27.188+0000] {logging_mixin.py:149} INFO - [2023-06-19T15:44:27.187+0000] {dag.py:3490} INFO - Setting next_dagrun for dataset_consumes_unknown_never_scheduled to None, run_after=None
[2023-06-19T15:44:27.191+0000] {logging_mixin.py:149} INFO - [2023-06-19T15:44:27.191+0000] {dag.py:3490} INFO - Setting next_dagrun for dataset_produces_1 to 2023-06-18T00:00:00+00:00, run_after=2023-06-19T00:00:00+00:00
[2023-06-19T15:44:27.192+0000] {logging_mixin.py:149} INFO - [2023-06-19T15:44:27.192+0000] {dag.py:3490} INFO - Setting next_dagrun for dataset_produces_2 to None, run_after=None
[2023-06-19T15:44:27.224+0000] {processor.py:179} INFO - Processing /home/airflow/.local/lib/python3.7/site-packages/airflow/example_dags/example_datasets.py took 0.123 seconds
[2023-06-19T15:44:57.558+0000] {processor.py:157} INFO - Started process (PID=432) to work on /home/airflow/.local/lib/python3.7/site-packages/airflow/example_dags/example_datasets.py
[2023-06-19T15:44:57.559+0000] {processor.py:826} INFO - Processing file /home/airflow/.local/lib/python3.7/site-packages/airflow/example_dags/example_datasets.py for tasks to queue
[2023-06-19T15:44:57.560+0000] {logging_mixin.py:149} INFO - [2023-06-19T15:44:57.560+0000] {dagbag.py:541} INFO - Filling up the DagBag from /home/airflow/.local/lib/python3.7/site-packages/airflow/example_dags/example_datasets.py
[2023-06-19T15:44:57.568+0000] {processor.py:836} INFO - DAG(s) dict_keys(['dataset_produces_2', 'dataset_consumes_1_and_2', 'dataset_consumes_1_never_scheduled', 'dataset_consumes_unknown_never_scheduled', 'dataset_consumes_1', 'dataset_produces_1']) retrieved from /home/airflow/.local/lib/python3.7/site-packages/airflow/example_dags/example_datasets.py
[2023-06-19T15:44:57.609+0000] {logging_mixin.py:149} INFO - [2023-06-19T15:44:57.609+0000] {dag.py:2726} INFO - Sync 6 DAGs
[2023-06-19T15:44:57.634+0000] {logging_mixin.py:149} INFO - [2023-06-19T15:44:57.634+0000] {dag.py:3490} INFO - Setting next_dagrun for dataset_consumes_1 to None, run_after=None
[2023-06-19T15:44:57.638+0000] {logging_mixin.py:149} INFO - [2023-06-19T15:44:57.637+0000] {dag.py:3490} INFO - Setting next_dagrun for dataset_consumes_1_and_2 to None, run_after=None
[2023-06-19T15:44:57.639+0000] {logging_mixin.py:149} INFO - [2023-06-19T15:44:57.639+0000] {dag.py:3490} INFO - Setting next_dagrun for dataset_consumes_1_never_scheduled to None, run_after=None
[2023-06-19T15:44:57.641+0000] {logging_mixin.py:149} INFO - [2023-06-19T15:44:57.641+0000] {dag.py:3490} INFO - Setting next_dagrun for dataset_consumes_unknown_never_scheduled to None, run_after=None
[2023-06-19T15:44:57.644+0000] {logging_mixin.py:149} INFO - [2023-06-19T15:44:57.643+0000] {dag.py:3490} INFO - Setting next_dagrun for dataset_produces_1 to 2023-06-18T00:00:00+00:00, run_after=2023-06-19T00:00:00+00:00
[2023-06-19T15:44:57.645+0000] {logging_mixin.py:149} INFO - [2023-06-19T15:44:57.645+0000] {dag.py:3490} INFO - Setting next_dagrun for dataset_produces_2 to None, run_after=None
[2023-06-19T15:44:57.682+0000] {processor.py:179} INFO - Processing /home/airflow/.local/lib/python3.7/site-packages/airflow/example_dags/example_datasets.py took 0.127 seconds
[2023-06-19T15:45:27.963+0000] {processor.py:157} INFO - Started process (PID=497) to work on /home/airflow/.local/lib/python3.7/site-packages/airflow/example_dags/example_datasets.py
[2023-06-19T15:45:27.964+0000] {processor.py:826} INFO - Processing file /home/airflow/.local/lib/python3.7/site-packages/airflow/example_dags/example_datasets.py for tasks to queue
[2023-06-19T15:45:27.965+0000] {logging_mixin.py:149} INFO - [2023-06-19T15:45:27.965+0000] {dagbag.py:541} INFO - Filling up the DagBag from /home/airflow/.local/lib/python3.7/site-packages/airflow/example_dags/example_datasets.py
[2023-06-19T15:45:27.975+0000] {processor.py:836} INFO - DAG(s) dict_keys(['dataset_consumes_1', 'dataset_produces_2', 'dataset_consumes_1_never_scheduled', 'dataset_consumes_unknown_never_scheduled', 'dataset_consumes_1_and_2', 'dataset_produces_1']) retrieved from /home/airflow/.local/lib/python3.7/site-packages/airflow/example_dags/example_datasets.py
[2023-06-19T15:45:28.018+0000] {logging_mixin.py:149} INFO - [2023-06-19T15:45:28.017+0000] {dag.py:2726} INFO - Sync 6 DAGs
[2023-06-19T15:45:28.047+0000] {logging_mixin.py:149} INFO - [2023-06-19T15:45:28.046+0000] {dag.py:3490} INFO - Setting next_dagrun for dataset_consumes_1 to None, run_after=None
[2023-06-19T15:45:28.050+0000] {logging_mixin.py:149} INFO - [2023-06-19T15:45:28.050+0000] {dag.py:3490} INFO - Setting next_dagrun for dataset_consumes_1_and_2 to None, run_after=None
[2023-06-19T15:45:28.052+0000] {logging_mixin.py:149} INFO - [2023-06-19T15:45:28.052+0000] {dag.py:3490} INFO - Setting next_dagrun for dataset_consumes_1_never_scheduled to None, run_after=None
[2023-06-19T15:45:28.053+0000] {logging_mixin.py:149} INFO - [2023-06-19T15:45:28.053+0000] {dag.py:3490} INFO - Setting next_dagrun for dataset_consumes_unknown_never_scheduled to None, run_after=None
[2023-06-19T15:45:28.056+0000] {logging_mixin.py:149} INFO - [2023-06-19T15:45:28.056+0000] {dag.py:3490} INFO - Setting next_dagrun for dataset_produces_1 to 2023-06-18T00:00:00+00:00, run_after=2023-06-19T00:00:00+00:00
[2023-06-19T15:45:28.058+0000] {logging_mixin.py:149} INFO - [2023-06-19T15:45:28.058+0000] {dag.py:3490} INFO - Setting next_dagrun for dataset_produces_2 to None, run_after=None
[2023-06-19T15:45:28.093+0000] {processor.py:179} INFO - Processing /home/airflow/.local/lib/python3.7/site-packages/airflow/example_dags/example_datasets.py took 0.133 seconds
[2023-06-19T15:45:58.300+0000] {processor.py:157} INFO - Started process (PID=562) to work on /home/airflow/.local/lib/python3.7/site-packages/airflow/example_dags/example_datasets.py
[2023-06-19T15:45:58.302+0000] {processor.py:826} INFO - Processing file /home/airflow/.local/lib/python3.7/site-packages/airflow/example_dags/example_datasets.py for tasks to queue
[2023-06-19T15:45:58.303+0000] {logging_mixin.py:149} INFO - [2023-06-19T15:45:58.302+0000] {dagbag.py:541} INFO - Filling up the DagBag from /home/airflow/.local/lib/python3.7/site-packages/airflow/example_dags/example_datasets.py
[2023-06-19T15:45:58.313+0000] {processor.py:836} INFO - DAG(s) dict_keys(['dataset_produces_2', 'dataset_consumes_unknown_never_scheduled', 'dataset_consumes_1_and_2', 'dataset_consumes_1', 'dataset_produces_1', 'dataset_consumes_1_never_scheduled']) retrieved from /home/airflow/.local/lib/python3.7/site-packages/airflow/example_dags/example_datasets.py
[2023-06-19T15:45:58.357+0000] {logging_mixin.py:149} INFO - [2023-06-19T15:45:58.357+0000] {dag.py:2726} INFO - Sync 6 DAGs
[2023-06-19T15:45:58.391+0000] {logging_mixin.py:149} INFO - [2023-06-19T15:45:58.391+0000] {dag.py:3490} INFO - Setting next_dagrun for dataset_consumes_1 to None, run_after=None
[2023-06-19T15:45:58.395+0000] {logging_mixin.py:149} INFO - [2023-06-19T15:45:58.395+0000] {dag.py:3490} INFO - Setting next_dagrun for dataset_consumes_1_and_2 to None, run_after=None
[2023-06-19T15:45:58.397+0000] {logging_mixin.py:149} INFO - [2023-06-19T15:45:58.397+0000] {dag.py:3490} INFO - Setting next_dagrun for dataset_consumes_1_never_scheduled to None, run_after=None
[2023-06-19T15:45:58.399+0000] {logging_mixin.py:149} INFO - [2023-06-19T15:45:58.399+0000] {dag.py:3490} INFO - Setting next_dagrun for dataset_consumes_unknown_never_scheduled to None, run_after=None
[2023-06-19T15:45:58.402+0000] {logging_mixin.py:149} INFO - [2023-06-19T15:45:58.402+0000] {dag.py:3490} INFO - Setting next_dagrun for dataset_produces_1 to 2023-06-18T00:00:00+00:00, run_after=2023-06-19T00:00:00+00:00
[2023-06-19T15:45:58.404+0000] {logging_mixin.py:149} INFO - [2023-06-19T15:45:58.404+0000] {dag.py:3490} INFO - Setting next_dagrun for dataset_produces_2 to None, run_after=None
[2023-06-19T15:45:58.443+0000] {processor.py:179} INFO - Processing /home/airflow/.local/lib/python3.7/site-packages/airflow/example_dags/example_datasets.py took 0.146 seconds
[2023-06-19T15:46:28.675+0000] {processor.py:157} INFO - Started process (PID=627) to work on /home/airflow/.local/lib/python3.7/site-packages/airflow/example_dags/example_datasets.py
[2023-06-19T15:46:28.677+0000] {processor.py:826} INFO - Processing file /home/airflow/.local/lib/python3.7/site-packages/airflow/example_dags/example_datasets.py for tasks to queue
[2023-06-19T15:46:28.677+0000] {logging_mixin.py:149} INFO - [2023-06-19T15:46:28.677+0000] {dagbag.py:541} INFO - Filling up the DagBag from /home/airflow/.local/lib/python3.7/site-packages/airflow/example_dags/example_datasets.py
[2023-06-19T15:46:28.686+0000] {processor.py:836} INFO - DAG(s) dict_keys(['dataset_consumes_1', 'dataset_consumes_unknown_never_scheduled', 'dataset_consumes_1_and_2', 'dataset_consumes_1_never_scheduled', 'dataset_produces_1', 'dataset_produces_2']) retrieved from /home/airflow/.local/lib/python3.7/site-packages/airflow/example_dags/example_datasets.py
[2023-06-19T15:46:28.726+0000] {logging_mixin.py:149} INFO - [2023-06-19T15:46:28.726+0000] {dag.py:2726} INFO - Sync 6 DAGs
[2023-06-19T15:46:28.751+0000] {logging_mixin.py:149} INFO - [2023-06-19T15:46:28.751+0000] {dag.py:3490} INFO - Setting next_dagrun for dataset_consumes_1 to None, run_after=None
[2023-06-19T15:46:28.754+0000] {logging_mixin.py:149} INFO - [2023-06-19T15:46:28.754+0000] {dag.py:3490} INFO - Setting next_dagrun for dataset_consumes_1_and_2 to None, run_after=None
[2023-06-19T15:46:28.756+0000] {logging_mixin.py:149} INFO - [2023-06-19T15:46:28.755+0000] {dag.py:3490} INFO - Setting next_dagrun for dataset_consumes_1_never_scheduled to None, run_after=None
[2023-06-19T15:46:28.757+0000] {logging_mixin.py:149} INFO - [2023-06-19T15:46:28.757+0000] {dag.py:3490} INFO - Setting next_dagrun for dataset_consumes_unknown_never_scheduled to None, run_after=None
[2023-06-19T15:46:28.760+0000] {logging_mixin.py:149} INFO - [2023-06-19T15:46:28.760+0000] {dag.py:3490} INFO - Setting next_dagrun for dataset_produces_1 to 2023-06-18T00:00:00+00:00, run_after=2023-06-19T00:00:00+00:00
[2023-06-19T15:46:28.761+0000] {logging_mixin.py:149} INFO - [2023-06-19T15:46:28.761+0000] {dag.py:3490} INFO - Setting next_dagrun for dataset_produces_2 to None, run_after=None
[2023-06-19T15:46:28.793+0000] {processor.py:179} INFO - Processing /home/airflow/.local/lib/python3.7/site-packages/airflow/example_dags/example_datasets.py took 0.121 seconds
