[2023-06-19T15:41:54.564+0000] {processor.py:157} INFO - Started process (PID=37) to work on /home/airflow/.local/lib/python3.7/site-packages/airflow/example_dags/example_short_circuit_decorator.py
[2023-06-19T15:41:54.565+0000] {processor.py:826} INFO - Processing file /home/airflow/.local/lib/python3.7/site-packages/airflow/example_dags/example_short_circuit_decorator.py for tasks to queue
[2023-06-19T15:41:54.567+0000] {logging_mixin.py:149} INFO - [2023-06-19T15:41:54.566+0000] {dagbag.py:541} INFO - Filling up the DagBag from /home/airflow/.local/lib/python3.7/site-packages/airflow/example_dags/example_short_circuit_decorator.py
[2023-06-19T15:41:54.581+0000] {processor.py:836} INFO - DAG(s) dict_keys(['example_short_circuit_decorator']) retrieved from /home/airflow/.local/lib/python3.7/site-packages/airflow/example_dags/example_short_circuit_decorator.py
[2023-06-19T15:41:54.726+0000] {logging_mixin.py:149} INFO - [2023-06-19T15:41:54.726+0000] {manager.py:504} INFO - Created Permission View: can delete on DAG:example_short_circuit_decorator
[2023-06-19T15:41:54.739+0000] {logging_mixin.py:149} INFO - [2023-06-19T15:41:54.739+0000] {manager.py:504} INFO - Created Permission View: can read on DAG:example_short_circuit_decorator
[2023-06-19T15:41:54.749+0000] {logging_mixin.py:149} INFO - [2023-06-19T15:41:54.748+0000] {manager.py:504} INFO - Created Permission View: can edit on DAG:example_short_circuit_decorator
[2023-06-19T15:41:54.749+0000] {logging_mixin.py:149} INFO - [2023-06-19T15:41:54.749+0000] {dag.py:2726} INFO - Sync 1 DAGs
[2023-06-19T15:41:54.772+0000] {logging_mixin.py:149} INFO - [2023-06-19T15:41:54.771+0000] {dag.py:2747} INFO - Creating ORM DAG for example_short_circuit_decorator
[2023-06-19T15:41:54.790+0000] {logging_mixin.py:149} INFO - [2023-06-19T15:41:54.789+0000] {dag.py:3490} INFO - Setting next_dagrun for example_short_circuit_decorator to 2023-06-18T15:41:54.789385+00:00, run_after=2023-06-19T15:41:54.789385+00:00
[2023-06-19T15:41:54.820+0000] {processor.py:179} INFO - Processing /home/airflow/.local/lib/python3.7/site-packages/airflow/example_dags/example_short_circuit_decorator.py took 0.260 seconds
[2023-06-19T15:42:25.670+0000] {processor.py:157} INFO - Started process (PID=103) to work on /home/airflow/.local/lib/python3.7/site-packages/airflow/example_dags/example_short_circuit_decorator.py
[2023-06-19T15:42:25.671+0000] {processor.py:826} INFO - Processing file /home/airflow/.local/lib/python3.7/site-packages/airflow/example_dags/example_short_circuit_decorator.py for tasks to queue
[2023-06-19T15:42:25.672+0000] {logging_mixin.py:149} INFO - [2023-06-19T15:42:25.672+0000] {dagbag.py:541} INFO - Filling up the DagBag from /home/airflow/.local/lib/python3.7/site-packages/airflow/example_dags/example_short_circuit_decorator.py
[2023-06-19T15:42:25.681+0000] {processor.py:836} INFO - DAG(s) dict_keys(['example_short_circuit_decorator']) retrieved from /home/airflow/.local/lib/python3.7/site-packages/airflow/example_dags/example_short_circuit_decorator.py
[2023-06-19T15:42:25.705+0000] {logging_mixin.py:149} INFO - [2023-06-19T15:42:25.705+0000] {dag.py:2726} INFO - Sync 1 DAGs
[2023-06-19T15:42:25.727+0000] {logging_mixin.py:149} INFO - [2023-06-19T15:42:25.727+0000] {dag.py:3490} INFO - Setting next_dagrun for example_short_circuit_decorator to 2023-06-18T15:42:25.727553+00:00, run_after=2023-06-19T15:42:25.727553+00:00
[2023-06-19T15:42:25.750+0000] {processor.py:179} INFO - Processing /home/airflow/.local/lib/python3.7/site-packages/airflow/example_dags/example_short_circuit_decorator.py took 0.083 seconds
[2023-06-19T15:42:55.872+0000] {processor.py:157} INFO - Started process (PID=168) to work on /home/airflow/.local/lib/python3.7/site-packages/airflow/example_dags/example_short_circuit_decorator.py
[2023-06-19T15:42:55.873+0000] {processor.py:826} INFO - Processing file /home/airflow/.local/lib/python3.7/site-packages/airflow/example_dags/example_short_circuit_decorator.py for tasks to queue
[2023-06-19T15:42:55.873+0000] {logging_mixin.py:149} INFO - [2023-06-19T15:42:55.873+0000] {dagbag.py:541} INFO - Filling up the DagBag from /home/airflow/.local/lib/python3.7/site-packages/airflow/example_dags/example_short_circuit_decorator.py
[2023-06-19T15:42:55.882+0000] {processor.py:836} INFO - DAG(s) dict_keys(['example_short_circuit_decorator']) retrieved from /home/airflow/.local/lib/python3.7/site-packages/airflow/example_dags/example_short_circuit_decorator.py
[2023-06-19T15:42:55.907+0000] {logging_mixin.py:149} INFO - [2023-06-19T15:42:55.907+0000] {dag.py:2726} INFO - Sync 1 DAGs
[2023-06-19T15:42:55.929+0000] {logging_mixin.py:149} INFO - [2023-06-19T15:42:55.929+0000] {dag.py:3490} INFO - Setting next_dagrun for example_short_circuit_decorator to 2023-06-18T15:42:55.929278+00:00, run_after=2023-06-19T15:42:55.929278+00:00
[2023-06-19T15:42:55.947+0000] {processor.py:179} INFO - Processing /home/airflow/.local/lib/python3.7/site-packages/airflow/example_dags/example_short_circuit_decorator.py took 0.079 seconds
[2023-06-19T15:43:26.063+0000] {processor.py:157} INFO - Started process (PID=233) to work on /home/airflow/.local/lib/python3.7/site-packages/airflow/example_dags/example_short_circuit_decorator.py
[2023-06-19T15:43:26.064+0000] {processor.py:826} INFO - Processing file /home/airflow/.local/lib/python3.7/site-packages/airflow/example_dags/example_short_circuit_decorator.py for tasks to queue
[2023-06-19T15:43:26.065+0000] {logging_mixin.py:149} INFO - [2023-06-19T15:43:26.065+0000] {dagbag.py:541} INFO - Filling up the DagBag from /home/airflow/.local/lib/python3.7/site-packages/airflow/example_dags/example_short_circuit_decorator.py
[2023-06-19T15:43:26.074+0000] {processor.py:836} INFO - DAG(s) dict_keys(['example_short_circuit_decorator']) retrieved from /home/airflow/.local/lib/python3.7/site-packages/airflow/example_dags/example_short_circuit_decorator.py
[2023-06-19T15:43:26.099+0000] {logging_mixin.py:149} INFO - [2023-06-19T15:43:26.099+0000] {dag.py:2726} INFO - Sync 1 DAGs
[2023-06-19T15:43:26.123+0000] {logging_mixin.py:149} INFO - [2023-06-19T15:43:26.123+0000] {dag.py:3490} INFO - Setting next_dagrun for example_short_circuit_decorator to 2023-06-18T15:43:26.123121+00:00, run_after=2023-06-19T15:43:26.123121+00:00
[2023-06-19T15:43:26.143+0000] {processor.py:179} INFO - Processing /home/airflow/.local/lib/python3.7/site-packages/airflow/example_dags/example_short_circuit_decorator.py took 0.083 seconds
[2023-06-19T15:43:56.389+0000] {processor.py:157} INFO - Started process (PID=298) to work on /home/airflow/.local/lib/python3.7/site-packages/airflow/example_dags/example_short_circuit_decorator.py
[2023-06-19T15:43:56.390+0000] {processor.py:826} INFO - Processing file /home/airflow/.local/lib/python3.7/site-packages/airflow/example_dags/example_short_circuit_decorator.py for tasks to queue
[2023-06-19T15:43:56.392+0000] {logging_mixin.py:149} INFO - [2023-06-19T15:43:56.392+0000] {dagbag.py:541} INFO - Filling up the DagBag from /home/airflow/.local/lib/python3.7/site-packages/airflow/example_dags/example_short_circuit_decorator.py
[2023-06-19T15:43:56.402+0000] {processor.py:836} INFO - DAG(s) dict_keys(['example_short_circuit_decorator']) retrieved from /home/airflow/.local/lib/python3.7/site-packages/airflow/example_dags/example_short_circuit_decorator.py
[2023-06-19T15:43:56.430+0000] {logging_mixin.py:149} INFO - [2023-06-19T15:43:56.430+0000] {dag.py:2726} INFO - Sync 1 DAGs
[2023-06-19T15:43:56.456+0000] {logging_mixin.py:149} INFO - [2023-06-19T15:43:56.456+0000] {dag.py:3490} INFO - Setting next_dagrun for example_short_circuit_decorator to 2023-06-18T15:43:56.456396+00:00, run_after=2023-06-19T15:43:56.456396+00:00
[2023-06-19T15:43:56.479+0000] {processor.py:179} INFO - Processing /home/airflow/.local/lib/python3.7/site-packages/airflow/example_dags/example_short_circuit_decorator.py took 0.093 seconds
[2023-06-19T15:44:26.893+0000] {processor.py:157} INFO - Started process (PID=363) to work on /home/airflow/.local/lib/python3.7/site-packages/airflow/example_dags/example_short_circuit_decorator.py
[2023-06-19T15:44:26.894+0000] {processor.py:826} INFO - Processing file /home/airflow/.local/lib/python3.7/site-packages/airflow/example_dags/example_short_circuit_decorator.py for tasks to queue
[2023-06-19T15:44:26.895+0000] {logging_mixin.py:149} INFO - [2023-06-19T15:44:26.895+0000] {dagbag.py:541} INFO - Filling up the DagBag from /home/airflow/.local/lib/python3.7/site-packages/airflow/example_dags/example_short_circuit_decorator.py
[2023-06-19T15:44:26.904+0000] {processor.py:836} INFO - DAG(s) dict_keys(['example_short_circuit_decorator']) retrieved from /home/airflow/.local/lib/python3.7/site-packages/airflow/example_dags/example_short_circuit_decorator.py
[2023-06-19T15:44:26.929+0000] {logging_mixin.py:149} INFO - [2023-06-19T15:44:26.929+0000] {dag.py:2726} INFO - Sync 1 DAGs
[2023-06-19T15:44:26.961+0000] {logging_mixin.py:149} INFO - [2023-06-19T15:44:26.961+0000] {dag.py:3490} INFO - Setting next_dagrun for example_short_circuit_decorator to 2023-06-18T15:44:26.960989+00:00, run_after=2023-06-19T15:44:26.960989+00:00
[2023-06-19T15:44:26.982+0000] {processor.py:179} INFO - Processing /home/airflow/.local/lib/python3.7/site-packages/airflow/example_dags/example_short_circuit_decorator.py took 0.091 seconds
[2023-06-19T15:44:57.350+0000] {processor.py:157} INFO - Started process (PID=428) to work on /home/airflow/.local/lib/python3.7/site-packages/airflow/example_dags/example_short_circuit_decorator.py
[2023-06-19T15:44:57.351+0000] {processor.py:826} INFO - Processing file /home/airflow/.local/lib/python3.7/site-packages/airflow/example_dags/example_short_circuit_decorator.py for tasks to queue
[2023-06-19T15:44:57.352+0000] {logging_mixin.py:149} INFO - [2023-06-19T15:44:57.352+0000] {dagbag.py:541} INFO - Filling up the DagBag from /home/airflow/.local/lib/python3.7/site-packages/airflow/example_dags/example_short_circuit_decorator.py
[2023-06-19T15:44:57.362+0000] {processor.py:836} INFO - DAG(s) dict_keys(['example_short_circuit_decorator']) retrieved from /home/airflow/.local/lib/python3.7/site-packages/airflow/example_dags/example_short_circuit_decorator.py
[2023-06-19T15:44:57.389+0000] {logging_mixin.py:149} INFO - [2023-06-19T15:44:57.389+0000] {dag.py:2726} INFO - Sync 1 DAGs
[2023-06-19T15:44:57.413+0000] {logging_mixin.py:149} INFO - [2023-06-19T15:44:57.413+0000] {dag.py:3490} INFO - Setting next_dagrun for example_short_circuit_decorator to 2023-06-18T15:44:57.412902+00:00, run_after=2023-06-19T15:44:57.412902+00:00
[2023-06-19T15:44:57.433+0000] {processor.py:179} INFO - Processing /home/airflow/.local/lib/python3.7/site-packages/airflow/example_dags/example_short_circuit_decorator.py took 0.086 seconds
[2023-06-19T15:45:27.715+0000] {processor.py:157} INFO - Started process (PID=493) to work on /home/airflow/.local/lib/python3.7/site-packages/airflow/example_dags/example_short_circuit_decorator.py
[2023-06-19T15:45:27.716+0000] {processor.py:826} INFO - Processing file /home/airflow/.local/lib/python3.7/site-packages/airflow/example_dags/example_short_circuit_decorator.py for tasks to queue
[2023-06-19T15:45:27.717+0000] {logging_mixin.py:149} INFO - [2023-06-19T15:45:27.717+0000] {dagbag.py:541} INFO - Filling up the DagBag from /home/airflow/.local/lib/python3.7/site-packages/airflow/example_dags/example_short_circuit_decorator.py
[2023-06-19T15:45:27.727+0000] {processor.py:836} INFO - DAG(s) dict_keys(['example_short_circuit_decorator']) retrieved from /home/airflow/.local/lib/python3.7/site-packages/airflow/example_dags/example_short_circuit_decorator.py
[2023-06-19T15:45:27.754+0000] {logging_mixin.py:149} INFO - [2023-06-19T15:45:27.754+0000] {dag.py:2726} INFO - Sync 1 DAGs
[2023-06-19T15:45:27.782+0000] {logging_mixin.py:149} INFO - [2023-06-19T15:45:27.782+0000] {dag.py:3490} INFO - Setting next_dagrun for example_short_circuit_decorator to 2023-06-18T15:45:27.782054+00:00, run_after=2023-06-19T15:45:27.782054+00:00
[2023-06-19T15:45:27.807+0000] {processor.py:179} INFO - Processing /home/airflow/.local/lib/python3.7/site-packages/airflow/example_dags/example_short_circuit_decorator.py took 0.095 seconds
[2023-06-19T15:45:57.992+0000] {processor.py:157} INFO - Started process (PID=558) to work on /home/airflow/.local/lib/python3.7/site-packages/airflow/example_dags/example_short_circuit_decorator.py
[2023-06-19T15:45:57.993+0000] {processor.py:826} INFO - Processing file /home/airflow/.local/lib/python3.7/site-packages/airflow/example_dags/example_short_circuit_decorator.py for tasks to queue
[2023-06-19T15:45:57.994+0000] {logging_mixin.py:149} INFO - [2023-06-19T15:45:57.994+0000] {dagbag.py:541} INFO - Filling up the DagBag from /home/airflow/.local/lib/python3.7/site-packages/airflow/example_dags/example_short_circuit_decorator.py
[2023-06-19T15:45:58.003+0000] {processor.py:836} INFO - DAG(s) dict_keys(['example_short_circuit_decorator']) retrieved from /home/airflow/.local/lib/python3.7/site-packages/airflow/example_dags/example_short_circuit_decorator.py
[2023-06-19T15:45:58.040+0000] {logging_mixin.py:149} INFO - [2023-06-19T15:45:58.040+0000] {dag.py:2726} INFO - Sync 1 DAGs
[2023-06-19T15:45:58.114+0000] {logging_mixin.py:149} INFO - [2023-06-19T15:45:58.114+0000] {dag.py:3490} INFO - Setting next_dagrun for example_short_circuit_decorator to 2023-06-18T15:45:58.113383+00:00, run_after=2023-06-19T15:45:58.113383+00:00
[2023-06-19T15:45:58.150+0000] {processor.py:179} INFO - Processing /home/airflow/.local/lib/python3.7/site-packages/airflow/example_dags/example_short_circuit_decorator.py took 0.161 seconds
[2023-06-19T15:46:28.457+0000] {processor.py:157} INFO - Started process (PID=623) to work on /home/airflow/.local/lib/python3.7/site-packages/airflow/example_dags/example_short_circuit_decorator.py
[2023-06-19T15:46:28.459+0000] {processor.py:826} INFO - Processing file /home/airflow/.local/lib/python3.7/site-packages/airflow/example_dags/example_short_circuit_decorator.py for tasks to queue
[2023-06-19T15:46:28.459+0000] {logging_mixin.py:149} INFO - [2023-06-19T15:46:28.459+0000] {dagbag.py:541} INFO - Filling up the DagBag from /home/airflow/.local/lib/python3.7/site-packages/airflow/example_dags/example_short_circuit_decorator.py
[2023-06-19T15:46:28.470+0000] {processor.py:836} INFO - DAG(s) dict_keys(['example_short_circuit_decorator']) retrieved from /home/airflow/.local/lib/python3.7/site-packages/airflow/example_dags/example_short_circuit_decorator.py
[2023-06-19T15:46:28.496+0000] {logging_mixin.py:149} INFO - [2023-06-19T15:46:28.496+0000] {dag.py:2726} INFO - Sync 1 DAGs
[2023-06-19T15:46:28.518+0000] {logging_mixin.py:149} INFO - [2023-06-19T15:46:28.518+0000] {dag.py:3490} INFO - Setting next_dagrun for example_short_circuit_decorator to 2023-06-18T15:46:28.518609+00:00, run_after=2023-06-19T15:46:28.518609+00:00
[2023-06-19T15:46:28.540+0000] {processor.py:179} INFO - Processing /home/airflow/.local/lib/python3.7/site-packages/airflow/example_dags/example_short_circuit_decorator.py took 0.086 seconds
