[2023-06-19T15:41:58.253+0000] {processor.py:157} INFO - Started process (PID=55) to work on /home/airflow/.local/lib/python3.7/site-packages/airflow/example_dags/example_subdag_operator.py
[2023-06-19T15:41:58.258+0000] {processor.py:826} INFO - Processing file /home/airflow/.local/lib/python3.7/site-packages/airflow/example_dags/example_subdag_operator.py for tasks to queue
[2023-06-19T15:41:58.259+0000] {logging_mixin.py:149} INFO - [2023-06-19T15:41:58.259+0000] {dagbag.py:541} INFO - Filling up the DagBag from /home/airflow/.local/lib/python3.7/site-packages/airflow/example_dags/example_subdag_operator.py
[2023-06-19T15:41:58.377+0000] {processor.py:836} INFO - DAG(s) dict_keys(['example_subdag_operator.section-1', 'example_subdag_operator.section-2', 'example_subdag_operator']) retrieved from /home/airflow/.local/lib/python3.7/site-packages/airflow/example_dags/example_subdag_operator.py
[2023-06-19T15:41:58.607+0000] {logging_mixin.py:149} INFO - [2023-06-19T15:41:58.607+0000] {manager.py:504} INFO - Created Permission View: can delete on DAG:example_subdag_operator
[2023-06-19T15:41:58.618+0000] {logging_mixin.py:149} INFO - [2023-06-19T15:41:58.618+0000] {manager.py:504} INFO - Created Permission View: can read on DAG:example_subdag_operator
[2023-06-19T15:41:58.627+0000] {logging_mixin.py:149} INFO - [2023-06-19T15:41:58.627+0000] {manager.py:504} INFO - Created Permission View: can edit on DAG:example_subdag_operator
[2023-06-19T15:41:58.628+0000] {logging_mixin.py:149} INFO - [2023-06-19T15:41:58.628+0000] {dag.py:2726} INFO - Sync 3 DAGs
[2023-06-19T15:41:58.648+0000] {logging_mixin.py:149} INFO - [2023-06-19T15:41:58.648+0000] {dag.py:2747} INFO - Creating ORM DAG for example_subdag_operator.section-2
[2023-06-19T15:41:58.649+0000] {logging_mixin.py:149} INFO - [2023-06-19T15:41:58.649+0000] {dag.py:2747} INFO - Creating ORM DAG for example_subdag_operator
[2023-06-19T15:41:58.650+0000] {logging_mixin.py:149} INFO - [2023-06-19T15:41:58.650+0000] {dag.py:2747} INFO - Creating ORM DAG for example_subdag_operator.section-1
[2023-06-19T15:41:58.667+0000] {logging_mixin.py:149} INFO - [2023-06-19T15:41:58.667+0000] {dag.py:3490} INFO - Setting next_dagrun for example_subdag_operator to 2022-01-01T00:00:00+00:00, run_after=2022-01-01T00:00:00+00:00
[2023-06-19T15:41:58.669+0000] {logging_mixin.py:149} INFO - [2023-06-19T15:41:58.669+0000] {dag.py:3490} INFO - Setting next_dagrun for example_subdag_operator.section-1 to None, run_after=None
[2023-06-19T15:41:58.670+0000] {logging_mixin.py:149} INFO - [2023-06-19T15:41:58.669+0000] {dag.py:3490} INFO - Setting next_dagrun for example_subdag_operator.section-2 to None, run_after=None
[2023-06-19T15:41:58.685+0000] {logging_mixin.py:149} INFO - [2023-06-19T15:41:58.684+0000] {dag.py:2726} INFO - Sync 2 DAGs
[2023-06-19T15:41:58.691+0000] {logging_mixin.py:149} INFO - [2023-06-19T15:41:58.691+0000] {dag.py:3490} INFO - Setting next_dagrun for example_subdag_operator.section-1 to None, run_after=None
[2023-06-19T15:41:58.696+0000] {logging_mixin.py:149} INFO - [2023-06-19T15:41:58.696+0000] {dag.py:3490} INFO - Setting next_dagrun for example_subdag_operator.section-2 to None, run_after=None
[2023-06-19T15:41:58.715+0000] {processor.py:179} INFO - Processing /home/airflow/.local/lib/python3.7/site-packages/airflow/example_dags/example_subdag_operator.py took 0.476 seconds
[2023-06-19T15:42:28.905+0000] {processor.py:157} INFO - Started process (PID=121) to work on /home/airflow/.local/lib/python3.7/site-packages/airflow/example_dags/example_subdag_operator.py
[2023-06-19T15:42:28.906+0000] {processor.py:826} INFO - Processing file /home/airflow/.local/lib/python3.7/site-packages/airflow/example_dags/example_subdag_operator.py for tasks to queue
[2023-06-19T15:42:28.907+0000] {logging_mixin.py:149} INFO - [2023-06-19T15:42:28.907+0000] {dagbag.py:541} INFO - Filling up the DagBag from /home/airflow/.local/lib/python3.7/site-packages/airflow/example_dags/example_subdag_operator.py
[2023-06-19T15:42:28.931+0000] {processor.py:836} INFO - DAG(s) dict_keys(['example_subdag_operator.section-1', 'example_subdag_operator.section-2', 'example_subdag_operator']) retrieved from /home/airflow/.local/lib/python3.7/site-packages/airflow/example_dags/example_subdag_operator.py
[2023-06-19T15:42:28.951+0000] {logging_mixin.py:149} INFO - [2023-06-19T15:42:28.951+0000] {dag.py:2726} INFO - Sync 3 DAGs
[2023-06-19T15:42:28.977+0000] {logging_mixin.py:149} INFO - [2023-06-19T15:42:28.977+0000] {dag.py:3490} INFO - Setting next_dagrun for example_subdag_operator to 2022-01-01T00:00:00+00:00, run_after=2022-01-01T00:00:00+00:00
[2023-06-19T15:42:28.982+0000] {logging_mixin.py:149} INFO - [2023-06-19T15:42:28.982+0000] {dag.py:3490} INFO - Setting next_dagrun for example_subdag_operator.section-1 to None, run_after=None
[2023-06-19T15:42:28.984+0000] {logging_mixin.py:149} INFO - [2023-06-19T15:42:28.984+0000] {dag.py:3490} INFO - Setting next_dagrun for example_subdag_operator.section-2 to None, run_after=None
[2023-06-19T15:42:28.994+0000] {logging_mixin.py:149} INFO - [2023-06-19T15:42:28.994+0000] {dag.py:2726} INFO - Sync 2 DAGs
[2023-06-19T15:42:29.001+0000] {logging_mixin.py:149} INFO - [2023-06-19T15:42:29.000+0000] {dag.py:3490} INFO - Setting next_dagrun for example_subdag_operator.section-1 to None, run_after=None
[2023-06-19T15:42:29.001+0000] {logging_mixin.py:149} INFO - [2023-06-19T15:42:29.001+0000] {dag.py:3490} INFO - Setting next_dagrun for example_subdag_operator.section-2 to None, run_after=None
[2023-06-19T15:42:29.015+0000] {processor.py:179} INFO - Processing /home/airflow/.local/lib/python3.7/site-packages/airflow/example_dags/example_subdag_operator.py took 0.113 seconds
[2023-06-19T15:42:59.052+0000] {processor.py:157} INFO - Started process (PID=186) to work on /home/airflow/.local/lib/python3.7/site-packages/airflow/example_dags/example_subdag_operator.py
[2023-06-19T15:42:59.053+0000] {processor.py:826} INFO - Processing file /home/airflow/.local/lib/python3.7/site-packages/airflow/example_dags/example_subdag_operator.py for tasks to queue
[2023-06-19T15:42:59.054+0000] {logging_mixin.py:149} INFO - [2023-06-19T15:42:59.054+0000] {dagbag.py:541} INFO - Filling up the DagBag from /home/airflow/.local/lib/python3.7/site-packages/airflow/example_dags/example_subdag_operator.py
[2023-06-19T15:42:59.079+0000] {processor.py:836} INFO - DAG(s) dict_keys(['example_subdag_operator.section-1', 'example_subdag_operator.section-2', 'example_subdag_operator']) retrieved from /home/airflow/.local/lib/python3.7/site-packages/airflow/example_dags/example_subdag_operator.py
[2023-06-19T15:42:59.099+0000] {logging_mixin.py:149} INFO - [2023-06-19T15:42:59.099+0000] {dag.py:2726} INFO - Sync 3 DAGs
[2023-06-19T15:42:59.122+0000] {logging_mixin.py:149} INFO - [2023-06-19T15:42:59.122+0000] {dag.py:3490} INFO - Setting next_dagrun for example_subdag_operator to 2022-01-01T00:00:00+00:00, run_after=2022-01-01T00:00:00+00:00
[2023-06-19T15:42:59.126+0000] {logging_mixin.py:149} INFO - [2023-06-19T15:42:59.125+0000] {dag.py:3490} INFO - Setting next_dagrun for example_subdag_operator.section-1 to None, run_after=None
[2023-06-19T15:42:59.127+0000] {logging_mixin.py:149} INFO - [2023-06-19T15:42:59.127+0000] {dag.py:3490} INFO - Setting next_dagrun for example_subdag_operator.section-2 to None, run_after=None
[2023-06-19T15:42:59.134+0000] {logging_mixin.py:149} INFO - [2023-06-19T15:42:59.134+0000] {dag.py:2726} INFO - Sync 2 DAGs
[2023-06-19T15:42:59.140+0000] {logging_mixin.py:149} INFO - [2023-06-19T15:42:59.140+0000] {dag.py:3490} INFO - Setting next_dagrun for example_subdag_operator.section-1 to None, run_after=None
[2023-06-19T15:42:59.141+0000] {logging_mixin.py:149} INFO - [2023-06-19T15:42:59.141+0000] {dag.py:3490} INFO - Setting next_dagrun for example_subdag_operator.section-2 to None, run_after=None
[2023-06-19T15:42:59.152+0000] {processor.py:179} INFO - Processing /home/airflow/.local/lib/python3.7/site-packages/airflow/example_dags/example_subdag_operator.py took 0.103 seconds
[2023-06-19T15:43:29.233+0000] {processor.py:157} INFO - Started process (PID=251) to work on /home/airflow/.local/lib/python3.7/site-packages/airflow/example_dags/example_subdag_operator.py
[2023-06-19T15:43:29.234+0000] {processor.py:826} INFO - Processing file /home/airflow/.local/lib/python3.7/site-packages/airflow/example_dags/example_subdag_operator.py for tasks to queue
[2023-06-19T15:43:29.235+0000] {logging_mixin.py:149} INFO - [2023-06-19T15:43:29.235+0000] {dagbag.py:541} INFO - Filling up the DagBag from /home/airflow/.local/lib/python3.7/site-packages/airflow/example_dags/example_subdag_operator.py
[2023-06-19T15:43:29.257+0000] {processor.py:836} INFO - DAG(s) dict_keys(['example_subdag_operator.section-1', 'example_subdag_operator.section-2', 'example_subdag_operator']) retrieved from /home/airflow/.local/lib/python3.7/site-packages/airflow/example_dags/example_subdag_operator.py
[2023-06-19T15:43:29.276+0000] {logging_mixin.py:149} INFO - [2023-06-19T15:43:29.276+0000] {dag.py:2726} INFO - Sync 3 DAGs
[2023-06-19T15:43:29.301+0000] {logging_mixin.py:149} INFO - [2023-06-19T15:43:29.301+0000] {dag.py:3490} INFO - Setting next_dagrun for example_subdag_operator to 2022-01-01T00:00:00+00:00, run_after=2022-01-01T00:00:00+00:00
[2023-06-19T15:43:29.304+0000] {logging_mixin.py:149} INFO - [2023-06-19T15:43:29.304+0000] {dag.py:3490} INFO - Setting next_dagrun for example_subdag_operator.section-1 to None, run_after=None
[2023-06-19T15:43:29.306+0000] {logging_mixin.py:149} INFO - [2023-06-19T15:43:29.306+0000] {dag.py:3490} INFO - Setting next_dagrun for example_subdag_operator.section-2 to None, run_after=None
[2023-06-19T15:43:29.312+0000] {logging_mixin.py:149} INFO - [2023-06-19T15:43:29.312+0000] {dag.py:2726} INFO - Sync 2 DAGs
[2023-06-19T15:43:29.317+0000] {logging_mixin.py:149} INFO - [2023-06-19T15:43:29.317+0000] {dag.py:3490} INFO - Setting next_dagrun for example_subdag_operator.section-1 to None, run_after=None
[2023-06-19T15:43:29.318+0000] {logging_mixin.py:149} INFO - [2023-06-19T15:43:29.318+0000] {dag.py:3490} INFO - Setting next_dagrun for example_subdag_operator.section-2 to None, run_after=None
[2023-06-19T15:43:29.330+0000] {processor.py:179} INFO - Processing /home/airflow/.local/lib/python3.7/site-packages/airflow/example_dags/example_subdag_operator.py took 0.099 seconds
[2023-06-19T15:43:59.608+0000] {processor.py:157} INFO - Started process (PID=316) to work on /home/airflow/.local/lib/python3.7/site-packages/airflow/example_dags/example_subdag_operator.py
[2023-06-19T15:43:59.609+0000] {processor.py:826} INFO - Processing file /home/airflow/.local/lib/python3.7/site-packages/airflow/example_dags/example_subdag_operator.py for tasks to queue
[2023-06-19T15:43:59.610+0000] {logging_mixin.py:149} INFO - [2023-06-19T15:43:59.609+0000] {dagbag.py:541} INFO - Filling up the DagBag from /home/airflow/.local/lib/python3.7/site-packages/airflow/example_dags/example_subdag_operator.py
[2023-06-19T15:43:59.635+0000] {processor.py:836} INFO - DAG(s) dict_keys(['example_subdag_operator.section-1', 'example_subdag_operator.section-2', 'example_subdag_operator']) retrieved from /home/airflow/.local/lib/python3.7/site-packages/airflow/example_dags/example_subdag_operator.py
[2023-06-19T15:43:59.654+0000] {logging_mixin.py:149} INFO - [2023-06-19T15:43:59.654+0000] {dag.py:2726} INFO - Sync 3 DAGs
[2023-06-19T15:43:59.678+0000] {logging_mixin.py:149} INFO - [2023-06-19T15:43:59.678+0000] {dag.py:3490} INFO - Setting next_dagrun for example_subdag_operator to 2022-01-01T00:00:00+00:00, run_after=2022-01-01T00:00:00+00:00
[2023-06-19T15:43:59.682+0000] {logging_mixin.py:149} INFO - [2023-06-19T15:43:59.681+0000] {dag.py:3490} INFO - Setting next_dagrun for example_subdag_operator.section-1 to None, run_after=None
[2023-06-19T15:43:59.683+0000] {logging_mixin.py:149} INFO - [2023-06-19T15:43:59.683+0000] {dag.py:3490} INFO - Setting next_dagrun for example_subdag_operator.section-2 to None, run_after=None
[2023-06-19T15:43:59.690+0000] {logging_mixin.py:149} INFO - [2023-06-19T15:43:59.690+0000] {dag.py:2726} INFO - Sync 2 DAGs
[2023-06-19T15:43:59.695+0000] {logging_mixin.py:149} INFO - [2023-06-19T15:43:59.695+0000] {dag.py:3490} INFO - Setting next_dagrun for example_subdag_operator.section-1 to None, run_after=None
[2023-06-19T15:43:59.696+0000] {logging_mixin.py:149} INFO - [2023-06-19T15:43:59.696+0000] {dag.py:3490} INFO - Setting next_dagrun for example_subdag_operator.section-2 to None, run_after=None
[2023-06-19T15:43:59.711+0000] {processor.py:179} INFO - Processing /home/airflow/.local/lib/python3.7/site-packages/airflow/example_dags/example_subdag_operator.py took 0.106 seconds
[2023-06-19T15:44:29.977+0000] {processor.py:157} INFO - Started process (PID=381) to work on /home/airflow/.local/lib/python3.7/site-packages/airflow/example_dags/example_subdag_operator.py
[2023-06-19T15:44:29.978+0000] {processor.py:826} INFO - Processing file /home/airflow/.local/lib/python3.7/site-packages/airflow/example_dags/example_subdag_operator.py for tasks to queue
[2023-06-19T15:44:29.979+0000] {logging_mixin.py:149} INFO - [2023-06-19T15:44:29.979+0000] {dagbag.py:541} INFO - Filling up the DagBag from /home/airflow/.local/lib/python3.7/site-packages/airflow/example_dags/example_subdag_operator.py
[2023-06-19T15:44:30.003+0000] {processor.py:836} INFO - DAG(s) dict_keys(['example_subdag_operator.section-1', 'example_subdag_operator.section-2', 'example_subdag_operator']) retrieved from /home/airflow/.local/lib/python3.7/site-packages/airflow/example_dags/example_subdag_operator.py
[2023-06-19T15:44:30.020+0000] {logging_mixin.py:149} INFO - [2023-06-19T15:44:30.020+0000] {dag.py:2726} INFO - Sync 3 DAGs
[2023-06-19T15:44:30.044+0000] {logging_mixin.py:149} INFO - [2023-06-19T15:44:30.044+0000] {dag.py:3490} INFO - Setting next_dagrun for example_subdag_operator to 2022-01-01T00:00:00+00:00, run_after=2022-01-01T00:00:00+00:00
[2023-06-19T15:44:30.049+0000] {logging_mixin.py:149} INFO - [2023-06-19T15:44:30.049+0000] {dag.py:3490} INFO - Setting next_dagrun for example_subdag_operator.section-1 to None, run_after=None
[2023-06-19T15:44:30.051+0000] {logging_mixin.py:149} INFO - [2023-06-19T15:44:30.051+0000] {dag.py:3490} INFO - Setting next_dagrun for example_subdag_operator.section-2 to None, run_after=None
[2023-06-19T15:44:30.059+0000] {logging_mixin.py:149} INFO - [2023-06-19T15:44:30.059+0000] {dag.py:2726} INFO - Sync 2 DAGs
[2023-06-19T15:44:30.066+0000] {logging_mixin.py:149} INFO - [2023-06-19T15:44:30.066+0000] {dag.py:3490} INFO - Setting next_dagrun for example_subdag_operator.section-1 to None, run_after=None
[2023-06-19T15:44:30.067+0000] {logging_mixin.py:149} INFO - [2023-06-19T15:44:30.067+0000] {dag.py:3490} INFO - Setting next_dagrun for example_subdag_operator.section-2 to None, run_after=None
[2023-06-19T15:44:30.079+0000] {processor.py:179} INFO - Processing /home/airflow/.local/lib/python3.7/site-packages/airflow/example_dags/example_subdag_operator.py took 0.104 seconds
[2023-06-19T15:45:00.358+0000] {processor.py:157} INFO - Started process (PID=446) to work on /home/airflow/.local/lib/python3.7/site-packages/airflow/example_dags/example_subdag_operator.py
[2023-06-19T15:45:00.359+0000] {processor.py:826} INFO - Processing file /home/airflow/.local/lib/python3.7/site-packages/airflow/example_dags/example_subdag_operator.py for tasks to queue
[2023-06-19T15:45:00.360+0000] {logging_mixin.py:149} INFO - [2023-06-19T15:45:00.360+0000] {dagbag.py:541} INFO - Filling up the DagBag from /home/airflow/.local/lib/python3.7/site-packages/airflow/example_dags/example_subdag_operator.py
[2023-06-19T15:45:00.424+0000] {processor.py:836} INFO - DAG(s) dict_keys(['example_subdag_operator.section-1', 'example_subdag_operator.section-2', 'example_subdag_operator']) retrieved from /home/airflow/.local/lib/python3.7/site-packages/airflow/example_dags/example_subdag_operator.py
[2023-06-19T15:45:00.450+0000] {logging_mixin.py:149} INFO - [2023-06-19T15:45:00.450+0000] {dag.py:2726} INFO - Sync 3 DAGs
[2023-06-19T15:45:00.481+0000] {logging_mixin.py:149} INFO - [2023-06-19T15:45:00.481+0000] {dag.py:3490} INFO - Setting next_dagrun for example_subdag_operator to 2022-01-01T00:00:00+00:00, run_after=2022-01-01T00:00:00+00:00
[2023-06-19T15:45:00.485+0000] {logging_mixin.py:149} INFO - [2023-06-19T15:45:00.485+0000] {dag.py:3490} INFO - Setting next_dagrun for example_subdag_operator.section-1 to None, run_after=None
[2023-06-19T15:45:00.487+0000] {logging_mixin.py:149} INFO - [2023-06-19T15:45:00.487+0000] {dag.py:3490} INFO - Setting next_dagrun for example_subdag_operator.section-2 to None, run_after=None
[2023-06-19T15:45:00.496+0000] {logging_mixin.py:149} INFO - [2023-06-19T15:45:00.495+0000] {dag.py:2726} INFO - Sync 2 DAGs
[2023-06-19T15:45:00.502+0000] {logging_mixin.py:149} INFO - [2023-06-19T15:45:00.502+0000] {dag.py:3490} INFO - Setting next_dagrun for example_subdag_operator.section-1 to None, run_after=None
[2023-06-19T15:45:00.502+0000] {logging_mixin.py:149} INFO - [2023-06-19T15:45:00.502+0000] {dag.py:3490} INFO - Setting next_dagrun for example_subdag_operator.section-2 to None, run_after=None
[2023-06-19T15:45:00.514+0000] {processor.py:179} INFO - Processing /home/airflow/.local/lib/python3.7/site-packages/airflow/example_dags/example_subdag_operator.py took 0.159 seconds
[2023-06-19T15:45:30.856+0000] {processor.py:157} INFO - Started process (PID=511) to work on /home/airflow/.local/lib/python3.7/site-packages/airflow/example_dags/example_subdag_operator.py
[2023-06-19T15:45:30.858+0000] {processor.py:826} INFO - Processing file /home/airflow/.local/lib/python3.7/site-packages/airflow/example_dags/example_subdag_operator.py for tasks to queue
[2023-06-19T15:45:30.858+0000] {logging_mixin.py:149} INFO - [2023-06-19T15:45:30.858+0000] {dagbag.py:541} INFO - Filling up the DagBag from /home/airflow/.local/lib/python3.7/site-packages/airflow/example_dags/example_subdag_operator.py
[2023-06-19T15:45:30.881+0000] {processor.py:836} INFO - DAG(s) dict_keys(['example_subdag_operator.section-1', 'example_subdag_operator.section-2', 'example_subdag_operator']) retrieved from /home/airflow/.local/lib/python3.7/site-packages/airflow/example_dags/example_subdag_operator.py
[2023-06-19T15:45:30.901+0000] {logging_mixin.py:149} INFO - [2023-06-19T15:45:30.901+0000] {dag.py:2726} INFO - Sync 3 DAGs
[2023-06-19T15:45:30.925+0000] {logging_mixin.py:149} INFO - [2023-06-19T15:45:30.925+0000] {dag.py:3490} INFO - Setting next_dagrun for example_subdag_operator to 2022-01-01T00:00:00+00:00, run_after=2022-01-01T00:00:00+00:00
[2023-06-19T15:45:30.928+0000] {logging_mixin.py:149} INFO - [2023-06-19T15:45:30.928+0000] {dag.py:3490} INFO - Setting next_dagrun for example_subdag_operator.section-1 to None, run_after=None
[2023-06-19T15:45:30.930+0000] {logging_mixin.py:149} INFO - [2023-06-19T15:45:30.930+0000] {dag.py:3490} INFO - Setting next_dagrun for example_subdag_operator.section-2 to None, run_after=None
[2023-06-19T15:45:30.938+0000] {logging_mixin.py:149} INFO - [2023-06-19T15:45:30.938+0000] {dag.py:2726} INFO - Sync 2 DAGs
[2023-06-19T15:45:30.943+0000] {logging_mixin.py:149} INFO - [2023-06-19T15:45:30.943+0000] {dag.py:3490} INFO - Setting next_dagrun for example_subdag_operator.section-1 to None, run_after=None
[2023-06-19T15:45:30.944+0000] {logging_mixin.py:149} INFO - [2023-06-19T15:45:30.944+0000] {dag.py:3490} INFO - Setting next_dagrun for example_subdag_operator.section-2 to None, run_after=None
[2023-06-19T15:45:30.957+0000] {processor.py:179} INFO - Processing /home/airflow/.local/lib/python3.7/site-packages/airflow/example_dags/example_subdag_operator.py took 0.104 seconds
[2023-06-19T15:46:01.369+0000] {processor.py:157} INFO - Started process (PID=576) to work on /home/airflow/.local/lib/python3.7/site-packages/airflow/example_dags/example_subdag_operator.py
[2023-06-19T15:46:01.370+0000] {processor.py:826} INFO - Processing file /home/airflow/.local/lib/python3.7/site-packages/airflow/example_dags/example_subdag_operator.py for tasks to queue
[2023-06-19T15:46:01.371+0000] {logging_mixin.py:149} INFO - [2023-06-19T15:46:01.371+0000] {dagbag.py:541} INFO - Filling up the DagBag from /home/airflow/.local/lib/python3.7/site-packages/airflow/example_dags/example_subdag_operator.py
[2023-06-19T15:46:01.395+0000] {processor.py:836} INFO - DAG(s) dict_keys(['example_subdag_operator.section-1', 'example_subdag_operator.section-2', 'example_subdag_operator']) retrieved from /home/airflow/.local/lib/python3.7/site-packages/airflow/example_dags/example_subdag_operator.py
[2023-06-19T15:46:01.416+0000] {logging_mixin.py:149} INFO - [2023-06-19T15:46:01.416+0000] {dag.py:2726} INFO - Sync 3 DAGs
[2023-06-19T15:46:01.441+0000] {logging_mixin.py:149} INFO - [2023-06-19T15:46:01.441+0000] {dag.py:3490} INFO - Setting next_dagrun for example_subdag_operator to 2022-01-01T00:00:00+00:00, run_after=2022-01-01T00:00:00+00:00
[2023-06-19T15:46:01.444+0000] {logging_mixin.py:149} INFO - [2023-06-19T15:46:01.444+0000] {dag.py:3490} INFO - Setting next_dagrun for example_subdag_operator.section-1 to None, run_after=None
[2023-06-19T15:46:01.447+0000] {logging_mixin.py:149} INFO - [2023-06-19T15:46:01.447+0000] {dag.py:3490} INFO - Setting next_dagrun for example_subdag_operator.section-2 to None, run_after=None
[2023-06-19T15:46:01.454+0000] {logging_mixin.py:149} INFO - [2023-06-19T15:46:01.453+0000] {dag.py:2726} INFO - Sync 2 DAGs
[2023-06-19T15:46:01.459+0000] {logging_mixin.py:149} INFO - [2023-06-19T15:46:01.459+0000] {dag.py:3490} INFO - Setting next_dagrun for example_subdag_operator.section-1 to None, run_after=None
[2023-06-19T15:46:01.460+0000] {logging_mixin.py:149} INFO - [2023-06-19T15:46:01.460+0000] {dag.py:3490} INFO - Setting next_dagrun for example_subdag_operator.section-2 to None, run_after=None
[2023-06-19T15:46:01.473+0000] {processor.py:179} INFO - Processing /home/airflow/.local/lib/python3.7/site-packages/airflow/example_dags/example_subdag_operator.py took 0.107 seconds
[2023-06-19T15:46:31.563+0000] {processor.py:157} INFO - Started process (PID=641) to work on /home/airflow/.local/lib/python3.7/site-packages/airflow/example_dags/example_subdag_operator.py
[2023-06-19T15:46:31.564+0000] {processor.py:826} INFO - Processing file /home/airflow/.local/lib/python3.7/site-packages/airflow/example_dags/example_subdag_operator.py for tasks to queue
[2023-06-19T15:46:31.565+0000] {logging_mixin.py:149} INFO - [2023-06-19T15:46:31.565+0000] {dagbag.py:541} INFO - Filling up the DagBag from /home/airflow/.local/lib/python3.7/site-packages/airflow/example_dags/example_subdag_operator.py
[2023-06-19T15:46:31.589+0000] {processor.py:836} INFO - DAG(s) dict_keys(['example_subdag_operator.section-1', 'example_subdag_operator.section-2', 'example_subdag_operator']) retrieved from /home/airflow/.local/lib/python3.7/site-packages/airflow/example_dags/example_subdag_operator.py
[2023-06-19T15:46:31.609+0000] {logging_mixin.py:149} INFO - [2023-06-19T15:46:31.609+0000] {dag.py:2726} INFO - Sync 3 DAGs
[2023-06-19T15:46:31.637+0000] {logging_mixin.py:149} INFO - [2023-06-19T15:46:31.637+0000] {dag.py:3490} INFO - Setting next_dagrun for example_subdag_operator to 2022-01-01T00:00:00+00:00, run_after=2022-01-01T00:00:00+00:00
[2023-06-19T15:46:31.642+0000] {logging_mixin.py:149} INFO - [2023-06-19T15:46:31.642+0000] {dag.py:3490} INFO - Setting next_dagrun for example_subdag_operator.section-1 to None, run_after=None
[2023-06-19T15:46:31.644+0000] {logging_mixin.py:149} INFO - [2023-06-19T15:46:31.644+0000] {dag.py:3490} INFO - Setting next_dagrun for example_subdag_operator.section-2 to None, run_after=None
[2023-06-19T15:46:31.652+0000] {logging_mixin.py:149} INFO - [2023-06-19T15:46:31.652+0000] {dag.py:2726} INFO - Sync 2 DAGs
[2023-06-19T15:46:31.659+0000] {logging_mixin.py:149} INFO - [2023-06-19T15:46:31.659+0000] {dag.py:3490} INFO - Setting next_dagrun for example_subdag_operator.section-1 to None, run_after=None
[2023-06-19T15:46:31.660+0000] {logging_mixin.py:149} INFO - [2023-06-19T15:46:31.659+0000] {dag.py:3490} INFO - Setting next_dagrun for example_subdag_operator.section-2 to None, run_after=None
[2023-06-19T15:46:31.674+0000] {processor.py:179} INFO - Processing /home/airflow/.local/lib/python3.7/site-packages/airflow/example_dags/example_subdag_operator.py took 0.114 seconds
