[2023-06-19T15:41:58.777+0000] {processor.py:157} INFO - Started process (PID=57) to work on /home/airflow/.local/lib/python3.7/site-packages/airflow/example_dags/example_latest_only_with_trigger.py
[2023-06-19T15:41:58.778+0000] {processor.py:826} INFO - Processing file /home/airflow/.local/lib/python3.7/site-packages/airflow/example_dags/example_latest_only_with_trigger.py for tasks to queue
[2023-06-19T15:41:58.779+0000] {logging_mixin.py:149} INFO - [2023-06-19T15:41:58.779+0000] {dagbag.py:541} INFO - Filling up the DagBag from /home/airflow/.local/lib/python3.7/site-packages/airflow/example_dags/example_latest_only_with_trigger.py
[2023-06-19T15:41:58.787+0000] {processor.py:836} INFO - DAG(s) dict_keys(['latest_only_with_trigger']) retrieved from /home/airflow/.local/lib/python3.7/site-packages/airflow/example_dags/example_latest_only_with_trigger.py
[2023-06-19T15:41:58.914+0000] {logging_mixin.py:149} INFO - [2023-06-19T15:41:58.913+0000] {manager.py:504} INFO - Created Permission View: can delete on DAG:latest_only_with_trigger
[2023-06-19T15:41:58.926+0000] {logging_mixin.py:149} INFO - [2023-06-19T15:41:58.926+0000] {manager.py:504} INFO - Created Permission View: can read on DAG:latest_only_with_trigger
[2023-06-19T15:41:58.935+0000] {logging_mixin.py:149} INFO - [2023-06-19T15:41:58.935+0000] {manager.py:504} INFO - Created Permission View: can edit on DAG:latest_only_with_trigger
[2023-06-19T15:41:58.936+0000] {logging_mixin.py:149} INFO - [2023-06-19T15:41:58.936+0000] {dag.py:2726} INFO - Sync 1 DAGs
[2023-06-19T15:41:58.952+0000] {logging_mixin.py:149} INFO - [2023-06-19T15:41:58.952+0000] {dag.py:2747} INFO - Creating ORM DAG for latest_only_with_trigger
[2023-06-19T15:41:58.964+0000] {logging_mixin.py:149} INFO - [2023-06-19T15:41:58.964+0000] {dag.py:3490} INFO - Setting next_dagrun for latest_only_with_trigger to 2023-06-19T11:41:58.964293+00:00, run_after=2023-06-19T15:41:58.964293+00:00
[2023-06-19T15:41:58.985+0000] {processor.py:179} INFO - Processing /home/airflow/.local/lib/python3.7/site-packages/airflow/example_dags/example_latest_only_with_trigger.py took 0.212 seconds
[2023-06-19T15:42:29.013+0000] {processor.py:157} INFO - Started process (PID=123) to work on /home/airflow/.local/lib/python3.7/site-packages/airflow/example_dags/example_latest_only_with_trigger.py
[2023-06-19T15:42:29.014+0000] {processor.py:826} INFO - Processing file /home/airflow/.local/lib/python3.7/site-packages/airflow/example_dags/example_latest_only_with_trigger.py for tasks to queue
[2023-06-19T15:42:29.015+0000] {logging_mixin.py:149} INFO - [2023-06-19T15:42:29.015+0000] {dagbag.py:541} INFO - Filling up the DagBag from /home/airflow/.local/lib/python3.7/site-packages/airflow/example_dags/example_latest_only_with_trigger.py
[2023-06-19T15:42:29.023+0000] {processor.py:836} INFO - DAG(s) dict_keys(['latest_only_with_trigger']) retrieved from /home/airflow/.local/lib/python3.7/site-packages/airflow/example_dags/example_latest_only_with_trigger.py
[2023-06-19T15:42:29.048+0000] {logging_mixin.py:149} INFO - [2023-06-19T15:42:29.047+0000] {dag.py:2726} INFO - Sync 1 DAGs
[2023-06-19T15:42:29.074+0000] {logging_mixin.py:149} INFO - [2023-06-19T15:42:29.074+0000] {dag.py:3490} INFO - Setting next_dagrun for latest_only_with_trigger to 2023-06-19T11:42:29.074150+00:00, run_after=2023-06-19T15:42:29.074150+00:00
[2023-06-19T15:42:29.096+0000] {processor.py:179} INFO - Processing /home/airflow/.local/lib/python3.7/site-packages/airflow/example_dags/example_latest_only_with_trigger.py took 0.086 seconds
[2023-06-19T15:42:59.154+0000] {processor.py:157} INFO - Started process (PID=188) to work on /home/airflow/.local/lib/python3.7/site-packages/airflow/example_dags/example_latest_only_with_trigger.py
[2023-06-19T15:42:59.155+0000] {processor.py:826} INFO - Processing file /home/airflow/.local/lib/python3.7/site-packages/airflow/example_dags/example_latest_only_with_trigger.py for tasks to queue
[2023-06-19T15:42:59.156+0000] {logging_mixin.py:149} INFO - [2023-06-19T15:42:59.156+0000] {dagbag.py:541} INFO - Filling up the DagBag from /home/airflow/.local/lib/python3.7/site-packages/airflow/example_dags/example_latest_only_with_trigger.py
[2023-06-19T15:42:59.162+0000] {processor.py:836} INFO - DAG(s) dict_keys(['latest_only_with_trigger']) retrieved from /home/airflow/.local/lib/python3.7/site-packages/airflow/example_dags/example_latest_only_with_trigger.py
[2023-06-19T15:42:59.183+0000] {logging_mixin.py:149} INFO - [2023-06-19T15:42:59.183+0000] {dag.py:2726} INFO - Sync 1 DAGs
[2023-06-19T15:42:59.206+0000] {logging_mixin.py:149} INFO - [2023-06-19T15:42:59.206+0000] {dag.py:3490} INFO - Setting next_dagrun for latest_only_with_trigger to 2023-06-19T11:42:59.205849+00:00, run_after=2023-06-19T15:42:59.205849+00:00
[2023-06-19T15:42:59.225+0000] {processor.py:179} INFO - Processing /home/airflow/.local/lib/python3.7/site-packages/airflow/example_dags/example_latest_only_with_trigger.py took 0.074 seconds
[2023-06-19T15:43:29.385+0000] {processor.py:157} INFO - Started process (PID=253) to work on /home/airflow/.local/lib/python3.7/site-packages/airflow/example_dags/example_latest_only_with_trigger.py
[2023-06-19T15:43:29.386+0000] {processor.py:826} INFO - Processing file /home/airflow/.local/lib/python3.7/site-packages/airflow/example_dags/example_latest_only_with_trigger.py for tasks to queue
[2023-06-19T15:43:29.387+0000] {logging_mixin.py:149} INFO - [2023-06-19T15:43:29.387+0000] {dagbag.py:541} INFO - Filling up the DagBag from /home/airflow/.local/lib/python3.7/site-packages/airflow/example_dags/example_latest_only_with_trigger.py
[2023-06-19T15:43:29.392+0000] {processor.py:836} INFO - DAG(s) dict_keys(['latest_only_with_trigger']) retrieved from /home/airflow/.local/lib/python3.7/site-packages/airflow/example_dags/example_latest_only_with_trigger.py
[2023-06-19T15:43:29.417+0000] {logging_mixin.py:149} INFO - [2023-06-19T15:43:29.417+0000] {dag.py:2726} INFO - Sync 1 DAGs
[2023-06-19T15:43:29.440+0000] {logging_mixin.py:149} INFO - [2023-06-19T15:43:29.440+0000] {dag.py:3490} INFO - Setting next_dagrun for latest_only_with_trigger to 2023-06-19T11:43:29.439887+00:00, run_after=2023-06-19T15:43:29.439887+00:00
[2023-06-19T15:43:29.458+0000] {processor.py:179} INFO - Processing /home/airflow/.local/lib/python3.7/site-packages/airflow/example_dags/example_latest_only_with_trigger.py took 0.076 seconds
[2023-06-19T15:43:59.722+0000] {processor.py:157} INFO - Started process (PID=318) to work on /home/airflow/.local/lib/python3.7/site-packages/airflow/example_dags/example_latest_only_with_trigger.py
[2023-06-19T15:43:59.724+0000] {processor.py:826} INFO - Processing file /home/airflow/.local/lib/python3.7/site-packages/airflow/example_dags/example_latest_only_with_trigger.py for tasks to queue
[2023-06-19T15:43:59.725+0000] {logging_mixin.py:149} INFO - [2023-06-19T15:43:59.725+0000] {dagbag.py:541} INFO - Filling up the DagBag from /home/airflow/.local/lib/python3.7/site-packages/airflow/example_dags/example_latest_only_with_trigger.py
[2023-06-19T15:43:59.732+0000] {processor.py:836} INFO - DAG(s) dict_keys(['latest_only_with_trigger']) retrieved from /home/airflow/.local/lib/python3.7/site-packages/airflow/example_dags/example_latest_only_with_trigger.py
[2023-06-19T15:43:59.754+0000] {logging_mixin.py:149} INFO - [2023-06-19T15:43:59.754+0000] {dag.py:2726} INFO - Sync 1 DAGs
[2023-06-19T15:43:59.782+0000] {logging_mixin.py:149} INFO - [2023-06-19T15:43:59.782+0000] {dag.py:3490} INFO - Setting next_dagrun for latest_only_with_trigger to 2023-06-19T11:43:59.781799+00:00, run_after=2023-06-19T15:43:59.781799+00:00
[2023-06-19T15:43:59.800+0000] {processor.py:179} INFO - Processing /home/airflow/.local/lib/python3.7/site-packages/airflow/example_dags/example_latest_only_with_trigger.py took 0.082 seconds
[2023-06-19T15:44:30.215+0000] {processor.py:157} INFO - Started process (PID=383) to work on /home/airflow/.local/lib/python3.7/site-packages/airflow/example_dags/example_latest_only_with_trigger.py
[2023-06-19T15:44:30.217+0000] {processor.py:826} INFO - Processing file /home/airflow/.local/lib/python3.7/site-packages/airflow/example_dags/example_latest_only_with_trigger.py for tasks to queue
[2023-06-19T15:44:30.218+0000] {logging_mixin.py:149} INFO - [2023-06-19T15:44:30.218+0000] {dagbag.py:541} INFO - Filling up the DagBag from /home/airflow/.local/lib/python3.7/site-packages/airflow/example_dags/example_latest_only_with_trigger.py
[2023-06-19T15:44:30.224+0000] {processor.py:836} INFO - DAG(s) dict_keys(['latest_only_with_trigger']) retrieved from /home/airflow/.local/lib/python3.7/site-packages/airflow/example_dags/example_latest_only_with_trigger.py
[2023-06-19T15:44:30.247+0000] {logging_mixin.py:149} INFO - [2023-06-19T15:44:30.247+0000] {dag.py:2726} INFO - Sync 1 DAGs
[2023-06-19T15:44:30.271+0000] {logging_mixin.py:149} INFO - [2023-06-19T15:44:30.271+0000] {dag.py:3490} INFO - Setting next_dagrun for latest_only_with_trigger to 2023-06-19T11:44:30.270982+00:00, run_after=2023-06-19T15:44:30.270982+00:00
[2023-06-19T15:44:30.290+0000] {processor.py:179} INFO - Processing /home/airflow/.local/lib/python3.7/site-packages/airflow/example_dags/example_latest_only_with_trigger.py took 0.078 seconds
[2023-06-19T15:45:00.550+0000] {processor.py:157} INFO - Started process (PID=448) to work on /home/airflow/.local/lib/python3.7/site-packages/airflow/example_dags/example_latest_only_with_trigger.py
[2023-06-19T15:45:00.551+0000] {processor.py:826} INFO - Processing file /home/airflow/.local/lib/python3.7/site-packages/airflow/example_dags/example_latest_only_with_trigger.py for tasks to queue
[2023-06-19T15:45:00.552+0000] {logging_mixin.py:149} INFO - [2023-06-19T15:45:00.552+0000] {dagbag.py:541} INFO - Filling up the DagBag from /home/airflow/.local/lib/python3.7/site-packages/airflow/example_dags/example_latest_only_with_trigger.py
[2023-06-19T15:45:00.558+0000] {processor.py:836} INFO - DAG(s) dict_keys(['latest_only_with_trigger']) retrieved from /home/airflow/.local/lib/python3.7/site-packages/airflow/example_dags/example_latest_only_with_trigger.py
[2023-06-19T15:45:00.582+0000] {logging_mixin.py:149} INFO - [2023-06-19T15:45:00.582+0000] {dag.py:2726} INFO - Sync 1 DAGs
[2023-06-19T15:45:00.607+0000] {logging_mixin.py:149} INFO - [2023-06-19T15:45:00.607+0000] {dag.py:3490} INFO - Setting next_dagrun for latest_only_with_trigger to 2023-06-19T11:45:00.607386+00:00, run_after=2023-06-19T15:45:00.607386+00:00
[2023-06-19T15:45:00.630+0000] {processor.py:179} INFO - Processing /home/airflow/.local/lib/python3.7/site-packages/airflow/example_dags/example_latest_only_with_trigger.py took 0.083 seconds
[2023-06-19T15:45:30.983+0000] {processor.py:157} INFO - Started process (PID=513) to work on /home/airflow/.local/lib/python3.7/site-packages/airflow/example_dags/example_latest_only_with_trigger.py
[2023-06-19T15:45:30.985+0000] {processor.py:826} INFO - Processing file /home/airflow/.local/lib/python3.7/site-packages/airflow/example_dags/example_latest_only_with_trigger.py for tasks to queue
[2023-06-19T15:45:30.985+0000] {logging_mixin.py:149} INFO - [2023-06-19T15:45:30.985+0000] {dagbag.py:541} INFO - Filling up the DagBag from /home/airflow/.local/lib/python3.7/site-packages/airflow/example_dags/example_latest_only_with_trigger.py
[2023-06-19T15:45:30.991+0000] {processor.py:836} INFO - DAG(s) dict_keys(['latest_only_with_trigger']) retrieved from /home/airflow/.local/lib/python3.7/site-packages/airflow/example_dags/example_latest_only_with_trigger.py
[2023-06-19T15:45:31.013+0000] {logging_mixin.py:149} INFO - [2023-06-19T15:45:31.013+0000] {dag.py:2726} INFO - Sync 1 DAGs
[2023-06-19T15:45:31.038+0000] {logging_mixin.py:149} INFO - [2023-06-19T15:45:31.038+0000] {dag.py:3490} INFO - Setting next_dagrun for latest_only_with_trigger to 2023-06-19T11:45:31.038613+00:00, run_after=2023-06-19T15:45:31.038613+00:00
[2023-06-19T15:45:31.058+0000] {processor.py:179} INFO - Processing /home/airflow/.local/lib/python3.7/site-packages/airflow/example_dags/example_latest_only_with_trigger.py took 0.077 seconds
[2023-06-19T15:46:01.498+0000] {processor.py:157} INFO - Started process (PID=578) to work on /home/airflow/.local/lib/python3.7/site-packages/airflow/example_dags/example_latest_only_with_trigger.py
[2023-06-19T15:46:01.499+0000] {processor.py:826} INFO - Processing file /home/airflow/.local/lib/python3.7/site-packages/airflow/example_dags/example_latest_only_with_trigger.py for tasks to queue
[2023-06-19T15:46:01.500+0000] {logging_mixin.py:149} INFO - [2023-06-19T15:46:01.500+0000] {dagbag.py:541} INFO - Filling up the DagBag from /home/airflow/.local/lib/python3.7/site-packages/airflow/example_dags/example_latest_only_with_trigger.py
[2023-06-19T15:46:01.506+0000] {processor.py:836} INFO - DAG(s) dict_keys(['latest_only_with_trigger']) retrieved from /home/airflow/.local/lib/python3.7/site-packages/airflow/example_dags/example_latest_only_with_trigger.py
[2023-06-19T15:46:01.530+0000] {logging_mixin.py:149} INFO - [2023-06-19T15:46:01.530+0000] {dag.py:2726} INFO - Sync 1 DAGs
[2023-06-19T15:46:01.554+0000] {logging_mixin.py:149} INFO - [2023-06-19T15:46:01.554+0000] {dag.py:3490} INFO - Setting next_dagrun for latest_only_with_trigger to 2023-06-19T11:46:01.554536+00:00, run_after=2023-06-19T15:46:01.554536+00:00
[2023-06-19T15:46:01.573+0000] {processor.py:179} INFO - Processing /home/airflow/.local/lib/python3.7/site-packages/airflow/example_dags/example_latest_only_with_trigger.py took 0.078 seconds
[2023-06-19T15:46:31.701+0000] {processor.py:157} INFO - Started process (PID=643) to work on /home/airflow/.local/lib/python3.7/site-packages/airflow/example_dags/example_latest_only_with_trigger.py
[2023-06-19T15:46:31.702+0000] {processor.py:826} INFO - Processing file /home/airflow/.local/lib/python3.7/site-packages/airflow/example_dags/example_latest_only_with_trigger.py for tasks to queue
[2023-06-19T15:46:31.703+0000] {logging_mixin.py:149} INFO - [2023-06-19T15:46:31.703+0000] {dagbag.py:541} INFO - Filling up the DagBag from /home/airflow/.local/lib/python3.7/site-packages/airflow/example_dags/example_latest_only_with_trigger.py
[2023-06-19T15:46:31.709+0000] {processor.py:836} INFO - DAG(s) dict_keys(['latest_only_with_trigger']) retrieved from /home/airflow/.local/lib/python3.7/site-packages/airflow/example_dags/example_latest_only_with_trigger.py
[2023-06-19T15:46:31.734+0000] {logging_mixin.py:149} INFO - [2023-06-19T15:46:31.734+0000] {dag.py:2726} INFO - Sync 1 DAGs
[2023-06-19T15:46:31.763+0000] {logging_mixin.py:149} INFO - [2023-06-19T15:46:31.763+0000] {dag.py:3490} INFO - Setting next_dagrun for latest_only_with_trigger to 2023-06-19T11:46:31.763100+00:00, run_after=2023-06-19T15:46:31.763100+00:00
[2023-06-19T15:46:31.788+0000] {processor.py:179} INFO - Processing /home/airflow/.local/lib/python3.7/site-packages/airflow/example_dags/example_latest_only_with_trigger.py took 0.090 seconds
