[2023-06-19T15:42:00.234+0000] {processor.py:157} INFO - Started process (PID=68) to work on /home/airflow/.local/lib/python3.7/site-packages/airflow/example_dags/tutorial.py
[2023-06-19T15:42:00.236+0000] {processor.py:826} INFO - Processing file /home/airflow/.local/lib/python3.7/site-packages/airflow/example_dags/tutorial.py for tasks to queue
[2023-06-19T15:42:00.237+0000] {logging_mixin.py:149} INFO - [2023-06-19T15:42:00.237+0000] {dagbag.py:541} INFO - Filling up the DagBag from /home/airflow/.local/lib/python3.7/site-packages/airflow/example_dags/tutorial.py
[2023-06-19T15:42:00.244+0000] {processor.py:836} INFO - DAG(s) dict_keys(['tutorial']) retrieved from /home/airflow/.local/lib/python3.7/site-packages/airflow/example_dags/tutorial.py
[2023-06-19T15:42:00.399+0000] {logging_mixin.py:149} INFO - [2023-06-19T15:42:00.398+0000] {manager.py:504} INFO - Created Permission View: can delete on DAG:tutorial
[2023-06-19T15:42:00.411+0000] {logging_mixin.py:149} INFO - [2023-06-19T15:42:00.411+0000] {manager.py:504} INFO - Created Permission View: can read on DAG:tutorial
[2023-06-19T15:42:00.422+0000] {logging_mixin.py:149} INFO - [2023-06-19T15:42:00.421+0000] {manager.py:504} INFO - Created Permission View: can edit on DAG:tutorial
[2023-06-19T15:42:00.423+0000] {logging_mixin.py:149} INFO - [2023-06-19T15:42:00.422+0000] {dag.py:2726} INFO - Sync 1 DAGs
[2023-06-19T15:42:00.440+0000] {logging_mixin.py:149} INFO - [2023-06-19T15:42:00.440+0000] {dag.py:2747} INFO - Creating ORM DAG for tutorial
[2023-06-19T15:42:00.461+0000] {logging_mixin.py:149} INFO - [2023-06-19T15:42:00.461+0000] {dag.py:3490} INFO - Setting next_dagrun for tutorial to 2023-06-18T15:42:00.461262+00:00, run_after=2023-06-19T15:42:00.461262+00:00
[2023-06-19T15:42:00.488+0000] {processor.py:179} INFO - Processing /home/airflow/.local/lib/python3.7/site-packages/airflow/example_dags/tutorial.py took 0.257 seconds
[2023-06-19T15:42:30.728+0000] {processor.py:157} INFO - Started process (PID=134) to work on /home/airflow/.local/lib/python3.7/site-packages/airflow/example_dags/tutorial.py
[2023-06-19T15:42:30.729+0000] {processor.py:826} INFO - Processing file /home/airflow/.local/lib/python3.7/site-packages/airflow/example_dags/tutorial.py for tasks to queue
[2023-06-19T15:42:30.730+0000] {logging_mixin.py:149} INFO - [2023-06-19T15:42:30.730+0000] {dagbag.py:541} INFO - Filling up the DagBag from /home/airflow/.local/lib/python3.7/site-packages/airflow/example_dags/tutorial.py
[2023-06-19T15:42:30.736+0000] {processor.py:836} INFO - DAG(s) dict_keys(['tutorial']) retrieved from /home/airflow/.local/lib/python3.7/site-packages/airflow/example_dags/tutorial.py
[2023-06-19T15:42:30.757+0000] {logging_mixin.py:149} INFO - [2023-06-19T15:42:30.757+0000] {dag.py:2726} INFO - Sync 1 DAGs
[2023-06-19T15:42:30.782+0000] {logging_mixin.py:149} INFO - [2023-06-19T15:42:30.782+0000] {dag.py:3490} INFO - Setting next_dagrun for tutorial to 2023-06-18T15:42:30.782002+00:00, run_after=2023-06-19T15:42:30.782002+00:00
[2023-06-19T15:42:30.801+0000] {processor.py:179} INFO - Processing /home/airflow/.local/lib/python3.7/site-packages/airflow/example_dags/tutorial.py took 0.076 seconds
[2023-06-19T15:43:00.925+0000] {processor.py:157} INFO - Started process (PID=199) to work on /home/airflow/.local/lib/python3.7/site-packages/airflow/example_dags/tutorial.py
[2023-06-19T15:43:00.926+0000] {processor.py:826} INFO - Processing file /home/airflow/.local/lib/python3.7/site-packages/airflow/example_dags/tutorial.py for tasks to queue
[2023-06-19T15:43:00.927+0000] {logging_mixin.py:149} INFO - [2023-06-19T15:43:00.927+0000] {dagbag.py:541} INFO - Filling up the DagBag from /home/airflow/.local/lib/python3.7/site-packages/airflow/example_dags/tutorial.py
[2023-06-19T15:43:00.932+0000] {processor.py:836} INFO - DAG(s) dict_keys(['tutorial']) retrieved from /home/airflow/.local/lib/python3.7/site-packages/airflow/example_dags/tutorial.py
[2023-06-19T15:43:00.953+0000] {logging_mixin.py:149} INFO - [2023-06-19T15:43:00.953+0000] {dag.py:2726} INFO - Sync 1 DAGs
[2023-06-19T15:43:00.976+0000] {logging_mixin.py:149} INFO - [2023-06-19T15:43:00.976+0000] {dag.py:3490} INFO - Setting next_dagrun for tutorial to 2023-06-18T15:43:00.976309+00:00, run_after=2023-06-19T15:43:00.976309+00:00
[2023-06-19T15:43:00.996+0000] {processor.py:179} INFO - Processing /home/airflow/.local/lib/python3.7/site-packages/airflow/example_dags/tutorial.py took 0.074 seconds
[2023-06-19T15:43:31.085+0000] {processor.py:157} INFO - Started process (PID=264) to work on /home/airflow/.local/lib/python3.7/site-packages/airflow/example_dags/tutorial.py
[2023-06-19T15:43:31.086+0000] {processor.py:826} INFO - Processing file /home/airflow/.local/lib/python3.7/site-packages/airflow/example_dags/tutorial.py for tasks to queue
[2023-06-19T15:43:31.087+0000] {logging_mixin.py:149} INFO - [2023-06-19T15:43:31.087+0000] {dagbag.py:541} INFO - Filling up the DagBag from /home/airflow/.local/lib/python3.7/site-packages/airflow/example_dags/tutorial.py
[2023-06-19T15:43:31.093+0000] {processor.py:836} INFO - DAG(s) dict_keys(['tutorial']) retrieved from /home/airflow/.local/lib/python3.7/site-packages/airflow/example_dags/tutorial.py
[2023-06-19T15:43:31.114+0000] {logging_mixin.py:149} INFO - [2023-06-19T15:43:31.114+0000] {dag.py:2726} INFO - Sync 1 DAGs
[2023-06-19T15:43:31.139+0000] {logging_mixin.py:149} INFO - [2023-06-19T15:43:31.139+0000] {dag.py:3490} INFO - Setting next_dagrun for tutorial to 2023-06-18T15:43:31.139026+00:00, run_after=2023-06-19T15:43:31.139026+00:00
[2023-06-19T15:43:31.158+0000] {processor.py:179} INFO - Processing /home/airflow/.local/lib/python3.7/site-packages/airflow/example_dags/tutorial.py took 0.076 seconds
[2023-06-19T15:44:01.457+0000] {processor.py:157} INFO - Started process (PID=329) to work on /home/airflow/.local/lib/python3.7/site-packages/airflow/example_dags/tutorial.py
[2023-06-19T15:44:01.458+0000] {processor.py:826} INFO - Processing file /home/airflow/.local/lib/python3.7/site-packages/airflow/example_dags/tutorial.py for tasks to queue
[2023-06-19T15:44:01.459+0000] {logging_mixin.py:149} INFO - [2023-06-19T15:44:01.459+0000] {dagbag.py:541} INFO - Filling up the DagBag from /home/airflow/.local/lib/python3.7/site-packages/airflow/example_dags/tutorial.py
[2023-06-19T15:44:01.465+0000] {processor.py:836} INFO - DAG(s) dict_keys(['tutorial']) retrieved from /home/airflow/.local/lib/python3.7/site-packages/airflow/example_dags/tutorial.py
[2023-06-19T15:44:01.486+0000] {logging_mixin.py:149} INFO - [2023-06-19T15:44:01.486+0000] {dag.py:2726} INFO - Sync 1 DAGs
[2023-06-19T15:44:01.507+0000] {logging_mixin.py:149} INFO - [2023-06-19T15:44:01.507+0000] {dag.py:3490} INFO - Setting next_dagrun for tutorial to 2023-06-18T15:44:01.507677+00:00, run_after=2023-06-19T15:44:01.507677+00:00
[2023-06-19T15:44:01.526+0000] {processor.py:179} INFO - Processing /home/airflow/.local/lib/python3.7/site-packages/airflow/example_dags/tutorial.py took 0.071 seconds
[2023-06-19T15:44:31.847+0000] {processor.py:157} INFO - Started process (PID=394) to work on /home/airflow/.local/lib/python3.7/site-packages/airflow/example_dags/tutorial.py
[2023-06-19T15:44:31.848+0000] {processor.py:826} INFO - Processing file /home/airflow/.local/lib/python3.7/site-packages/airflow/example_dags/tutorial.py for tasks to queue
[2023-06-19T15:44:31.849+0000] {logging_mixin.py:149} INFO - [2023-06-19T15:44:31.849+0000] {dagbag.py:541} INFO - Filling up the DagBag from /home/airflow/.local/lib/python3.7/site-packages/airflow/example_dags/tutorial.py
[2023-06-19T15:44:31.856+0000] {processor.py:836} INFO - DAG(s) dict_keys(['tutorial']) retrieved from /home/airflow/.local/lib/python3.7/site-packages/airflow/example_dags/tutorial.py
[2023-06-19T15:44:31.880+0000] {logging_mixin.py:149} INFO - [2023-06-19T15:44:31.880+0000] {dag.py:2726} INFO - Sync 1 DAGs
[2023-06-19T15:44:31.909+0000] {logging_mixin.py:149} INFO - [2023-06-19T15:44:31.909+0000] {dag.py:3490} INFO - Setting next_dagrun for tutorial to 2023-06-18T15:44:31.909199+00:00, run_after=2023-06-19T15:44:31.909199+00:00
[2023-06-19T15:44:31.930+0000] {processor.py:179} INFO - Processing /home/airflow/.local/lib/python3.7/site-packages/airflow/example_dags/tutorial.py took 0.086 seconds
[2023-06-19T15:45:02.439+0000] {processor.py:157} INFO - Started process (PID=459) to work on /home/airflow/.local/lib/python3.7/site-packages/airflow/example_dags/tutorial.py
[2023-06-19T15:45:02.440+0000] {processor.py:826} INFO - Processing file /home/airflow/.local/lib/python3.7/site-packages/airflow/example_dags/tutorial.py for tasks to queue
[2023-06-19T15:45:02.441+0000] {logging_mixin.py:149} INFO - [2023-06-19T15:45:02.441+0000] {dagbag.py:541} INFO - Filling up the DagBag from /home/airflow/.local/lib/python3.7/site-packages/airflow/example_dags/tutorial.py
[2023-06-19T15:45:02.447+0000] {processor.py:836} INFO - DAG(s) dict_keys(['tutorial']) retrieved from /home/airflow/.local/lib/python3.7/site-packages/airflow/example_dags/tutorial.py
[2023-06-19T15:45:02.468+0000] {logging_mixin.py:149} INFO - [2023-06-19T15:45:02.468+0000] {dag.py:2726} INFO - Sync 1 DAGs
[2023-06-19T15:45:02.491+0000] {logging_mixin.py:149} INFO - [2023-06-19T15:45:02.490+0000] {dag.py:3490} INFO - Setting next_dagrun for tutorial to 2023-06-18T15:45:02.490710+00:00, run_after=2023-06-19T15:45:02.490710+00:00
[2023-06-19T15:45:02.517+0000] {processor.py:179} INFO - Processing /home/airflow/.local/lib/python3.7/site-packages/airflow/example_dags/tutorial.py took 0.081 seconds
[2023-06-19T15:45:32.687+0000] {processor.py:157} INFO - Started process (PID=524) to work on /home/airflow/.local/lib/python3.7/site-packages/airflow/example_dags/tutorial.py
[2023-06-19T15:45:32.689+0000] {processor.py:826} INFO - Processing file /home/airflow/.local/lib/python3.7/site-packages/airflow/example_dags/tutorial.py for tasks to queue
[2023-06-19T15:45:32.690+0000] {logging_mixin.py:149} INFO - [2023-06-19T15:45:32.690+0000] {dagbag.py:541} INFO - Filling up the DagBag from /home/airflow/.local/lib/python3.7/site-packages/airflow/example_dags/tutorial.py
[2023-06-19T15:45:32.696+0000] {processor.py:836} INFO - DAG(s) dict_keys(['tutorial']) retrieved from /home/airflow/.local/lib/python3.7/site-packages/airflow/example_dags/tutorial.py
[2023-06-19T15:45:32.717+0000] {logging_mixin.py:149} INFO - [2023-06-19T15:45:32.717+0000] {dag.py:2726} INFO - Sync 1 DAGs
[2023-06-19T15:45:32.743+0000] {logging_mixin.py:149} INFO - [2023-06-19T15:45:32.742+0000] {dag.py:3490} INFO - Setting next_dagrun for tutorial to 2023-06-18T15:45:32.742782+00:00, run_after=2023-06-19T15:45:32.742782+00:00
[2023-06-19T15:45:32.762+0000] {processor.py:179} INFO - Processing /home/airflow/.local/lib/python3.7/site-packages/airflow/example_dags/tutorial.py took 0.078 seconds
[2023-06-19T15:46:03.235+0000] {processor.py:157} INFO - Started process (PID=589) to work on /home/airflow/.local/lib/python3.7/site-packages/airflow/example_dags/tutorial.py
[2023-06-19T15:46:03.236+0000] {processor.py:826} INFO - Processing file /home/airflow/.local/lib/python3.7/site-packages/airflow/example_dags/tutorial.py for tasks to queue
[2023-06-19T15:46:03.237+0000] {logging_mixin.py:149} INFO - [2023-06-19T15:46:03.237+0000] {dagbag.py:541} INFO - Filling up the DagBag from /home/airflow/.local/lib/python3.7/site-packages/airflow/example_dags/tutorial.py
[2023-06-19T15:46:03.243+0000] {processor.py:836} INFO - DAG(s) dict_keys(['tutorial']) retrieved from /home/airflow/.local/lib/python3.7/site-packages/airflow/example_dags/tutorial.py
[2023-06-19T15:46:03.265+0000] {logging_mixin.py:149} INFO - [2023-06-19T15:46:03.265+0000] {dag.py:2726} INFO - Sync 1 DAGs
[2023-06-19T15:46:03.288+0000] {logging_mixin.py:149} INFO - [2023-06-19T15:46:03.288+0000] {dag.py:3490} INFO - Setting next_dagrun for tutorial to 2023-06-18T15:46:03.287813+00:00, run_after=2023-06-19T15:46:03.287813+00:00
[2023-06-19T15:46:03.310+0000] {processor.py:179} INFO - Processing /home/airflow/.local/lib/python3.7/site-packages/airflow/example_dags/tutorial.py took 0.078 seconds
[2023-06-19T15:46:33.477+0000] {processor.py:157} INFO - Started process (PID=654) to work on /home/airflow/.local/lib/python3.7/site-packages/airflow/example_dags/tutorial.py
[2023-06-19T15:46:33.479+0000] {processor.py:826} INFO - Processing file /home/airflow/.local/lib/python3.7/site-packages/airflow/example_dags/tutorial.py for tasks to queue
[2023-06-19T15:46:33.480+0000] {logging_mixin.py:149} INFO - [2023-06-19T15:46:33.479+0000] {dagbag.py:541} INFO - Filling up the DagBag from /home/airflow/.local/lib/python3.7/site-packages/airflow/example_dags/tutorial.py
[2023-06-19T15:46:33.487+0000] {processor.py:836} INFO - DAG(s) dict_keys(['tutorial']) retrieved from /home/airflow/.local/lib/python3.7/site-packages/airflow/example_dags/tutorial.py
[2023-06-19T15:46:33.516+0000] {logging_mixin.py:149} INFO - [2023-06-19T15:46:33.516+0000] {dag.py:2726} INFO - Sync 1 DAGs
[2023-06-19T15:46:33.565+0000] {logging_mixin.py:149} INFO - [2023-06-19T15:46:33.565+0000] {dag.py:3490} INFO - Setting next_dagrun for tutorial to 2023-06-18T15:46:33.565219+00:00, run_after=2023-06-19T15:46:33.565219+00:00
[2023-06-19T15:46:33.596+0000] {processor.py:179} INFO - Processing /home/airflow/.local/lib/python3.7/site-packages/airflow/example_dags/tutorial.py took 0.122 seconds
