[2023-06-20T09:00:54.885+0000] {processor.py:157} INFO - Started process (PID=32) to work on /opt/airflow/dags/init.py
[2023-06-20T09:00:54.886+0000] {processor.py:826} INFO - Processing file /opt/airflow/dags/init.py for tasks to queue
[2023-06-20T09:00:54.888+0000] {logging_mixin.py:149} INFO - [2023-06-20T09:00:54.887+0000] {dagbag.py:541} INFO - Filling up the DagBag from /opt/airflow/dags/init.py
[2023-06-20T09:00:55.035+0000] {processor.py:836} INFO - DAG(s) dict_keys(['1_init_once_seed_todl']) retrieved from /opt/airflow/dags/init.py
[2023-06-20T09:00:55.276+0000] {logging_mixin.py:149} INFO - [2023-06-20T09:00:55.276+0000] {dag.py:2726} INFO - Sync 1 DAGs
[2023-06-20T09:00:55.308+0000] {logging_mixin.py:149} INFO - [2023-06-20T09:00:55.308+0000] {dag.py:3490} INFO - Setting next_dagrun for 1_init_once_seed_todl to None, run_after=None
[2023-06-20T09:00:55.359+0000] {processor.py:179} INFO - Processing /opt/airflow/dags/init.py took 0.478 seconds
[2023-06-20T09:01:25.681+0000] {processor.py:157} INFO - Started process (PID=97) to work on /opt/airflow/dags/init.py
[2023-06-20T09:01:25.683+0000] {processor.py:826} INFO - Processing file /opt/airflow/dags/init.py for tasks to queue
[2023-06-20T09:01:25.684+0000] {logging_mixin.py:149} INFO - [2023-06-20T09:01:25.684+0000] {dagbag.py:541} INFO - Filling up the DagBag from /opt/airflow/dags/init.py
[2023-06-20T09:01:25.716+0000] {processor.py:836} INFO - DAG(s) dict_keys(['1_init_once_seed_todl']) retrieved from /opt/airflow/dags/init.py
[2023-06-20T09:01:25.787+0000] {logging_mixin.py:149} INFO - [2023-06-20T09:01:25.787+0000] {dag.py:2726} INFO - Sync 1 DAGs
[2023-06-20T09:01:25.815+0000] {logging_mixin.py:149} INFO - [2023-06-20T09:01:25.814+0000] {dag.py:3490} INFO - Setting next_dagrun for 1_init_once_seed_todl to None, run_after=None
[2023-06-20T09:01:25.840+0000] {processor.py:179} INFO - Processing /opt/airflow/dags/init.py took 0.163 seconds
[2023-06-20T09:01:55.980+0000] {processor.py:157} INFO - Started process (PID=162) to work on /opt/airflow/dags/init.py
[2023-06-20T09:01:55.983+0000] {processor.py:826} INFO - Processing file /opt/airflow/dags/init.py for tasks to queue
[2023-06-20T09:01:55.984+0000] {logging_mixin.py:149} INFO - [2023-06-20T09:01:55.984+0000] {dagbag.py:541} INFO - Filling up the DagBag from /opt/airflow/dags/init.py
[2023-06-20T09:01:56.014+0000] {processor.py:836} INFO - DAG(s) dict_keys(['1_init_once_seed_todl']) retrieved from /opt/airflow/dags/init.py
[2023-06-20T09:01:56.042+0000] {logging_mixin.py:149} INFO - [2023-06-20T09:01:56.042+0000] {dag.py:2726} INFO - Sync 1 DAGs
[2023-06-20T09:01:56.074+0000] {logging_mixin.py:149} INFO - [2023-06-20T09:01:56.074+0000] {dag.py:3490} INFO - Setting next_dagrun for 1_init_once_seed_todl to None, run_after=None
[2023-06-20T09:01:56.101+0000] {processor.py:179} INFO - Processing /opt/airflow/dags/init.py took 0.126 seconds
[2023-06-20T09:02:26.301+0000] {processor.py:157} INFO - Started process (PID=227) to work on /opt/airflow/dags/init.py
[2023-06-20T09:02:26.302+0000] {processor.py:826} INFO - Processing file /opt/airflow/dags/init.py for tasks to queue
[2023-06-20T09:02:26.303+0000] {logging_mixin.py:149} INFO - [2023-06-20T09:02:26.303+0000] {dagbag.py:541} INFO - Filling up the DagBag from /opt/airflow/dags/init.py
[2023-06-20T09:02:26.336+0000] {processor.py:836} INFO - DAG(s) dict_keys(['1_init_once_seed_todl']) retrieved from /opt/airflow/dags/init.py
[2023-06-20T09:02:26.363+0000] {logging_mixin.py:149} INFO - [2023-06-20T09:02:26.363+0000] {dag.py:2726} INFO - Sync 1 DAGs
[2023-06-20T09:02:26.393+0000] {logging_mixin.py:149} INFO - [2023-06-20T09:02:26.393+0000] {dag.py:3490} INFO - Setting next_dagrun for 1_init_once_seed_todl to None, run_after=None
[2023-06-20T09:02:26.421+0000] {processor.py:179} INFO - Processing /opt/airflow/dags/init.py took 0.123 seconds
[2023-06-20T09:02:56.586+0000] {processor.py:157} INFO - Started process (PID=292) to work on /opt/airflow/dags/init.py
[2023-06-20T09:02:56.587+0000] {processor.py:826} INFO - Processing file /opt/airflow/dags/init.py for tasks to queue
[2023-06-20T09:02:56.589+0000] {logging_mixin.py:149} INFO - [2023-06-20T09:02:56.588+0000] {dagbag.py:541} INFO - Filling up the DagBag from /opt/airflow/dags/init.py
[2023-06-20T09:02:56.618+0000] {processor.py:836} INFO - DAG(s) dict_keys(['1_init_once_seed_todl']) retrieved from /opt/airflow/dags/init.py
[2023-06-20T09:02:56.643+0000] {logging_mixin.py:149} INFO - [2023-06-20T09:02:56.642+0000] {dag.py:2726} INFO - Sync 1 DAGs
[2023-06-20T09:02:56.671+0000] {logging_mixin.py:149} INFO - [2023-06-20T09:02:56.671+0000] {dag.py:3490} INFO - Setting next_dagrun for 1_init_once_seed_todl to None, run_after=None
[2023-06-20T09:02:56.695+0000] {processor.py:179} INFO - Processing /opt/airflow/dags/init.py took 0.113 seconds
[2023-06-20T09:03:27.274+0000] {processor.py:157} INFO - Started process (PID=357) to work on /opt/airflow/dags/init.py
[2023-06-20T09:03:27.276+0000] {processor.py:826} INFO - Processing file /opt/airflow/dags/init.py for tasks to queue
[2023-06-20T09:03:27.277+0000] {logging_mixin.py:149} INFO - [2023-06-20T09:03:27.277+0000] {dagbag.py:541} INFO - Filling up the DagBag from /opt/airflow/dags/init.py
[2023-06-20T09:03:27.310+0000] {processor.py:836} INFO - DAG(s) dict_keys(['1_init_once_seed_todl']) retrieved from /opt/airflow/dags/init.py
[2023-06-20T09:03:27.335+0000] {logging_mixin.py:149} INFO - [2023-06-20T09:03:27.335+0000] {dag.py:2726} INFO - Sync 1 DAGs
[2023-06-20T09:03:27.364+0000] {logging_mixin.py:149} INFO - [2023-06-20T09:03:27.364+0000] {dag.py:3490} INFO - Setting next_dagrun for 1_init_once_seed_todl to None, run_after=None
[2023-06-20T09:03:27.421+0000] {processor.py:179} INFO - Processing /opt/airflow/dags/init.py took 0.151 seconds
[2023-06-20T09:03:27.698+0000] {processor.py:157} INFO - Started process (PID=360) to work on /opt/airflow/dags/init.py
[2023-06-20T09:03:27.700+0000] {processor.py:826} INFO - Processing file /opt/airflow/dags/init.py for tasks to queue
[2023-06-20T09:03:27.701+0000] {logging_mixin.py:149} INFO - [2023-06-20T09:03:27.701+0000] {dagbag.py:541} INFO - Filling up the DagBag from /opt/airflow/dags/init.py
[2023-06-20T09:03:27.756+0000] {processor.py:836} INFO - DAG(s) dict_keys(['Badge_5']) retrieved from /opt/airflow/dags/init.py
[2023-06-20T09:03:27.971+0000] {logging_mixin.py:149} INFO - [2023-06-20T09:03:27.971+0000] {manager.py:504} INFO - Created Permission View: can read on DAG:Badge_5
[2023-06-20T09:03:27.985+0000] {logging_mixin.py:149} INFO - [2023-06-20T09:03:27.985+0000] {manager.py:504} INFO - Created Permission View: can edit on DAG:Badge_5
[2023-06-20T09:03:27.997+0000] {logging_mixin.py:149} INFO - [2023-06-20T09:03:27.996+0000] {manager.py:504} INFO - Created Permission View: can delete on DAG:Badge_5
[2023-06-20T09:03:27.998+0000] {logging_mixin.py:149} INFO - [2023-06-20T09:03:27.998+0000] {dag.py:2726} INFO - Sync 1 DAGs
[2023-06-20T09:03:28.016+0000] {logging_mixin.py:149} INFO - [2023-06-20T09:03:28.016+0000] {dag.py:2747} INFO - Creating ORM DAG for Badge_5
[2023-06-20T09:03:28.031+0000] {logging_mixin.py:149} INFO - [2023-06-20T09:03:28.031+0000] {dag.py:3490} INFO - Setting next_dagrun for Badge_5 to 2023-06-20T00:00:00+00:00, run_after=2023-06-20T00:00:00+00:00
[2023-06-20T09:03:28.063+0000] {processor.py:179} INFO - Processing /opt/airflow/dags/init.py took 0.368 seconds
[2023-06-20T09:03:58.277+0000] {processor.py:157} INFO - Started process (PID=426) to work on /opt/airflow/dags/init.py
[2023-06-20T09:03:58.278+0000] {processor.py:826} INFO - Processing file /opt/airflow/dags/init.py for tasks to queue
[2023-06-20T09:03:58.280+0000] {logging_mixin.py:149} INFO - [2023-06-20T09:03:58.279+0000] {dagbag.py:541} INFO - Filling up the DagBag from /opt/airflow/dags/init.py
[2023-06-20T09:03:58.312+0000] {processor.py:836} INFO - DAG(s) dict_keys(['Badge_5']) retrieved from /opt/airflow/dags/init.py
[2023-06-20T09:03:58.342+0000] {logging_mixin.py:149} INFO - [2023-06-20T09:03:58.341+0000] {dag.py:2726} INFO - Sync 1 DAGs
[2023-06-20T09:03:58.376+0000] {logging_mixin.py:149} INFO - [2023-06-20T09:03:58.376+0000] {dag.py:3490} INFO - Setting next_dagrun for Badge_5 to 2023-06-20T00:00:00+00:00, run_after=2023-06-20T00:00:00+00:00
[2023-06-20T09:03:58.404+0000] {processor.py:179} INFO - Processing /opt/airflow/dags/init.py took 0.130 seconds
[2023-06-20T09:04:28.659+0000] {processor.py:157} INFO - Started process (PID=491) to work on /opt/airflow/dags/init.py
[2023-06-20T09:04:28.660+0000] {processor.py:826} INFO - Processing file /opt/airflow/dags/init.py for tasks to queue
[2023-06-20T09:04:28.661+0000] {logging_mixin.py:149} INFO - [2023-06-20T09:04:28.661+0000] {dagbag.py:541} INFO - Filling up the DagBag from /opt/airflow/dags/init.py
[2023-06-20T09:04:28.693+0000] {processor.py:836} INFO - DAG(s) dict_keys(['Badge_5']) retrieved from /opt/airflow/dags/init.py
[2023-06-20T09:04:28.716+0000] {logging_mixin.py:149} INFO - [2023-06-20T09:04:28.716+0000] {dag.py:2726} INFO - Sync 1 DAGs
[2023-06-20T09:04:28.743+0000] {logging_mixin.py:149} INFO - [2023-06-20T09:04:28.743+0000] {dag.py:3490} INFO - Setting next_dagrun for Badge_5 to 2023-06-20T00:00:00+00:00, run_after=2023-06-20T00:00:00+00:00
[2023-06-20T09:04:28.767+0000] {processor.py:179} INFO - Processing /opt/airflow/dags/init.py took 0.112 seconds
[2023-06-20T09:04:58.999+0000] {processor.py:157} INFO - Started process (PID=553) to work on /opt/airflow/dags/init.py
[2023-06-20T09:04:59.002+0000] {processor.py:826} INFO - Processing file /opt/airflow/dags/init.py for tasks to queue
[2023-06-20T09:04:59.004+0000] {logging_mixin.py:149} INFO - [2023-06-20T09:04:59.004+0000] {dagbag.py:541} INFO - Filling up the DagBag from /opt/airflow/dags/init.py
[2023-06-20T09:04:59.038+0000] {processor.py:836} INFO - DAG(s) dict_keys(['Badge_5']) retrieved from /opt/airflow/dags/init.py
[2023-06-20T09:04:59.066+0000] {logging_mixin.py:149} INFO - [2023-06-20T09:04:59.066+0000] {dag.py:2726} INFO - Sync 1 DAGs
[2023-06-20T09:04:59.101+0000] {logging_mixin.py:149} INFO - [2023-06-20T09:04:59.101+0000] {dag.py:3490} INFO - Setting next_dagrun for Badge_5 to 2023-06-20T00:00:00+00:00, run_after=2023-06-20T00:00:00+00:00
[2023-06-20T09:04:59.135+0000] {processor.py:179} INFO - Processing /opt/airflow/dags/init.py took 0.140 seconds
[2023-06-20T09:05:29.445+0000] {processor.py:157} INFO - Started process (PID=618) to work on /opt/airflow/dags/init.py
[2023-06-20T09:05:29.446+0000] {processor.py:826} INFO - Processing file /opt/airflow/dags/init.py for tasks to queue
[2023-06-20T09:05:29.447+0000] {logging_mixin.py:149} INFO - [2023-06-20T09:05:29.447+0000] {dagbag.py:541} INFO - Filling up the DagBag from /opt/airflow/dags/init.py
[2023-06-20T09:05:29.484+0000] {processor.py:836} INFO - DAG(s) dict_keys(['Badge_5']) retrieved from /opt/airflow/dags/init.py
[2023-06-20T09:05:29.520+0000] {logging_mixin.py:149} INFO - [2023-06-20T09:05:29.520+0000] {dag.py:2726} INFO - Sync 1 DAGs
[2023-06-20T09:05:29.569+0000] {logging_mixin.py:149} INFO - [2023-06-20T09:05:29.569+0000] {dag.py:3490} INFO - Setting next_dagrun for Badge_5 to 2023-06-20T00:00:00+00:00, run_after=2023-06-20T00:00:00+00:00
[2023-06-20T09:05:29.603+0000] {processor.py:179} INFO - Processing /opt/airflow/dags/init.py took 0.164 seconds
[2023-06-20T09:06:00.069+0000] {processor.py:157} INFO - Started process (PID=683) to work on /opt/airflow/dags/init.py
[2023-06-20T09:06:00.070+0000] {processor.py:826} INFO - Processing file /opt/airflow/dags/init.py for tasks to queue
[2023-06-20T09:06:00.072+0000] {logging_mixin.py:149} INFO - [2023-06-20T09:06:00.071+0000] {dagbag.py:541} INFO - Filling up the DagBag from /opt/airflow/dags/init.py
[2023-06-20T09:06:00.104+0000] {processor.py:836} INFO - DAG(s) dict_keys(['Badge_5']) retrieved from /opt/airflow/dags/init.py
[2023-06-20T09:06:00.128+0000] {logging_mixin.py:149} INFO - [2023-06-20T09:06:00.128+0000] {dag.py:2726} INFO - Sync 1 DAGs
[2023-06-20T09:06:00.155+0000] {logging_mixin.py:149} INFO - [2023-06-20T09:06:00.155+0000] {dag.py:3490} INFO - Setting next_dagrun for Badge_5 to 2023-06-20T00:00:00+00:00, run_after=2023-06-20T00:00:00+00:00
[2023-06-20T09:06:00.179+0000] {processor.py:179} INFO - Processing /opt/airflow/dags/init.py took 0.114 seconds
[2023-06-20T09:06:30.474+0000] {processor.py:157} INFO - Started process (PID=748) to work on /opt/airflow/dags/init.py
[2023-06-20T09:06:30.476+0000] {processor.py:826} INFO - Processing file /opt/airflow/dags/init.py for tasks to queue
[2023-06-20T09:06:30.477+0000] {logging_mixin.py:149} INFO - [2023-06-20T09:06:30.477+0000] {dagbag.py:541} INFO - Filling up the DagBag from /opt/airflow/dags/init.py
[2023-06-20T09:06:30.507+0000] {processor.py:836} INFO - DAG(s) dict_keys(['Badge_5']) retrieved from /opt/airflow/dags/init.py
[2023-06-20T09:06:30.534+0000] {logging_mixin.py:149} INFO - [2023-06-20T09:06:30.533+0000] {dag.py:2726} INFO - Sync 1 DAGs
[2023-06-20T09:06:30.563+0000] {logging_mixin.py:149} INFO - [2023-06-20T09:06:30.563+0000] {dag.py:3490} INFO - Setting next_dagrun for Badge_5 to None, run_after=None
[2023-06-20T09:06:30.589+0000] {processor.py:179} INFO - Processing /opt/airflow/dags/init.py took 0.119 seconds
[2023-06-20T09:07:00.991+0000] {processor.py:157} INFO - Started process (PID=813) to work on /opt/airflow/dags/init.py
[2023-06-20T09:07:00.992+0000] {processor.py:826} INFO - Processing file /opt/airflow/dags/init.py for tasks to queue
[2023-06-20T09:07:00.994+0000] {logging_mixin.py:149} INFO - [2023-06-20T09:07:00.994+0000] {dagbag.py:541} INFO - Filling up the DagBag from /opt/airflow/dags/init.py
[2023-06-20T09:07:01.029+0000] {processor.py:836} INFO - DAG(s) dict_keys(['Badge_5']) retrieved from /opt/airflow/dags/init.py
[2023-06-20T09:07:01.054+0000] {logging_mixin.py:149} INFO - [2023-06-20T09:07:01.054+0000] {dag.py:2726} INFO - Sync 1 DAGs
[2023-06-20T09:07:01.082+0000] {logging_mixin.py:149} INFO - [2023-06-20T09:07:01.082+0000] {dag.py:3490} INFO - Setting next_dagrun for Badge_5 to None, run_after=None
[2023-06-20T09:07:01.106+0000] {processor.py:179} INFO - Processing /opt/airflow/dags/init.py took 0.119 seconds
[2023-06-20T09:07:31.627+0000] {processor.py:157} INFO - Started process (PID=879) to work on /opt/airflow/dags/init.py
[2023-06-20T09:07:31.630+0000] {processor.py:826} INFO - Processing file /opt/airflow/dags/init.py for tasks to queue
[2023-06-20T09:07:31.632+0000] {logging_mixin.py:149} INFO - [2023-06-20T09:07:31.632+0000] {dagbag.py:541} INFO - Filling up the DagBag from /opt/airflow/dags/init.py
[2023-06-20T09:07:31.665+0000] {processor.py:836} INFO - DAG(s) dict_keys(['Badge_5']) retrieved from /opt/airflow/dags/init.py
[2023-06-20T09:07:31.689+0000] {logging_mixin.py:149} INFO - [2023-06-20T09:07:31.689+0000] {dag.py:2726} INFO - Sync 1 DAGs
[2023-06-20T09:07:31.716+0000] {logging_mixin.py:149} INFO - [2023-06-20T09:07:31.716+0000] {dag.py:3490} INFO - Setting next_dagrun for Badge_5 to None, run_after=None
[2023-06-20T09:07:31.740+0000] {processor.py:179} INFO - Processing /opt/airflow/dags/init.py took 0.119 seconds
[2023-06-20T09:09:54.358+0000] {processor.py:157} INFO - Started process (PID=31) to work on /opt/airflow/dags/init.py
[2023-06-20T09:09:54.359+0000] {processor.py:826} INFO - Processing file /opt/airflow/dags/init.py for tasks to queue
[2023-06-20T09:09:54.360+0000] {logging_mixin.py:149} INFO - [2023-06-20T09:09:54.360+0000] {dagbag.py:541} INFO - Filling up the DagBag from /opt/airflow/dags/init.py
[2023-06-20T09:09:54.404+0000] {processor.py:836} INFO - DAG(s) dict_keys(['Badge_5']) retrieved from /opt/airflow/dags/init.py
[2023-06-20T09:09:54.725+0000] {logging_mixin.py:149} INFO - [2023-06-20T09:09:54.725+0000] {dag.py:2726} INFO - Sync 1 DAGs
[2023-06-20T09:09:54.774+0000] {logging_mixin.py:149} INFO - [2023-06-20T09:09:54.774+0000] {dag.py:3490} INFO - Setting next_dagrun for Badge_5 to None, run_after=None
[2023-06-20T09:09:54.806+0000] {processor.py:179} INFO - Processing /opt/airflow/dags/init.py took 0.453 seconds
[2023-06-20T09:10:24.975+0000] {processor.py:157} INFO - Started process (PID=97) to work on /opt/airflow/dags/init.py
[2023-06-20T09:10:24.977+0000] {processor.py:826} INFO - Processing file /opt/airflow/dags/init.py for tasks to queue
[2023-06-20T09:10:24.978+0000] {logging_mixin.py:149} INFO - [2023-06-20T09:10:24.978+0000] {dagbag.py:541} INFO - Filling up the DagBag from /opt/airflow/dags/init.py
[2023-06-20T09:10:25.016+0000] {processor.py:836} INFO - DAG(s) dict_keys(['Badge_5']) retrieved from /opt/airflow/dags/init.py
[2023-06-20T09:10:25.044+0000] {logging_mixin.py:149} INFO - [2023-06-20T09:10:25.044+0000] {dag.py:2726} INFO - Sync 1 DAGs
[2023-06-20T09:10:25.072+0000] {logging_mixin.py:149} INFO - [2023-06-20T09:10:25.072+0000] {dag.py:3490} INFO - Setting next_dagrun for Badge_5 to None, run_after=None
[2023-06-20T09:10:25.097+0000] {processor.py:179} INFO - Processing /opt/airflow/dags/init.py took 0.125 seconds
[2023-06-20T09:10:56.036+0000] {processor.py:157} INFO - Started process (PID=162) to work on /opt/airflow/dags/init.py
[2023-06-20T09:10:56.037+0000] {processor.py:826} INFO - Processing file /opt/airflow/dags/init.py for tasks to queue
[2023-06-20T09:10:56.038+0000] {logging_mixin.py:149} INFO - [2023-06-20T09:10:56.038+0000] {dagbag.py:541} INFO - Filling up the DagBag from /opt/airflow/dags/init.py
[2023-06-20T09:10:56.070+0000] {processor.py:836} INFO - DAG(s) dict_keys(['Badge_5']) retrieved from /opt/airflow/dags/init.py
[2023-06-20T09:10:56.100+0000] {logging_mixin.py:149} INFO - [2023-06-20T09:10:56.099+0000] {dag.py:2726} INFO - Sync 1 DAGs
[2023-06-20T09:10:56.128+0000] {logging_mixin.py:149} INFO - [2023-06-20T09:10:56.128+0000] {dag.py:3490} INFO - Setting next_dagrun for Badge_5 to None, run_after=None
[2023-06-20T09:10:56.153+0000] {processor.py:179} INFO - Processing /opt/airflow/dags/init.py took 0.121 seconds
[2023-06-20T09:11:26.633+0000] {processor.py:157} INFO - Started process (PID=227) to work on /opt/airflow/dags/init.py
[2023-06-20T09:11:26.636+0000] {processor.py:826} INFO - Processing file /opt/airflow/dags/init.py for tasks to queue
[2023-06-20T09:11:26.638+0000] {logging_mixin.py:149} INFO - [2023-06-20T09:11:26.638+0000] {dagbag.py:541} INFO - Filling up the DagBag from /opt/airflow/dags/init.py
[2023-06-20T09:11:26.677+0000] {processor.py:836} INFO - DAG(s) dict_keys(['Badge_5']) retrieved from /opt/airflow/dags/init.py
[2023-06-20T09:11:26.705+0000] {logging_mixin.py:149} INFO - [2023-06-20T09:11:26.705+0000] {dag.py:2726} INFO - Sync 1 DAGs
[2023-06-20T09:11:26.740+0000] {logging_mixin.py:149} INFO - [2023-06-20T09:11:26.740+0000] {dag.py:3490} INFO - Setting next_dagrun for Badge_5 to None, run_after=None
[2023-06-20T09:11:26.765+0000] {processor.py:179} INFO - Processing /opt/airflow/dags/init.py took 0.139 seconds
[2023-06-20T09:11:54.619+0000] {processor.py:157} INFO - Started process (PID=291) to work on /opt/airflow/dags/init.py
[2023-06-20T09:11:54.621+0000] {processor.py:826} INFO - Processing file /opt/airflow/dags/init.py for tasks to queue
[2023-06-20T09:11:54.622+0000] {logging_mixin.py:149} INFO - [2023-06-20T09:11:54.622+0000] {dagbag.py:541} INFO - Filling up the DagBag from /opt/airflow/dags/init.py
[2023-06-20T09:11:54.637+0000] {logging_mixin.py:149} INFO - [2023-06-20T09:11:54.637+0000] {dagbag.py:327} INFO - File /opt/airflow/dags/init.py assumed to contain no DAGs. Skipping.
[2023-06-20T09:11:54.638+0000] {processor.py:838} WARNING - No viable dags retrieved from /opt/airflow/dags/init.py
[2023-06-20T09:11:54.657+0000] {processor.py:179} INFO - Processing /opt/airflow/dags/init.py took 0.042 seconds
[2023-06-20T09:11:54.845+0000] {processor.py:157} INFO - Started process (PID=292) to work on /opt/airflow/dags/init.py
[2023-06-20T09:11:54.847+0000] {processor.py:826} INFO - Processing file /opt/airflow/dags/init.py for tasks to queue
[2023-06-20T09:11:54.848+0000] {logging_mixin.py:149} INFO - [2023-06-20T09:11:54.848+0000] {dagbag.py:541} INFO - Filling up the DagBag from /opt/airflow/dags/init.py
[2023-06-20T09:11:54.906+0000] {processor.py:836} INFO - DAG(s) dict_keys(['Project_Badge_5']) retrieved from /opt/airflow/dags/init.py
[2023-06-20T09:11:55.099+0000] {logging_mixin.py:149} INFO - [2023-06-20T09:11:55.098+0000] {manager.py:504} INFO - Created Permission View: can delete on DAG:Project_Badge_5
[2023-06-20T09:11:55.110+0000] {logging_mixin.py:149} INFO - [2023-06-20T09:11:55.110+0000] {manager.py:504} INFO - Created Permission View: can read on DAG:Project_Badge_5
[2023-06-20T09:11:55.119+0000] {logging_mixin.py:149} INFO - [2023-06-20T09:11:55.119+0000] {manager.py:504} INFO - Created Permission View: can edit on DAG:Project_Badge_5
[2023-06-20T09:11:55.120+0000] {logging_mixin.py:149} INFO - [2023-06-20T09:11:55.119+0000] {dag.py:2726} INFO - Sync 1 DAGs
[2023-06-20T09:11:55.134+0000] {logging_mixin.py:149} INFO - [2023-06-20T09:11:55.134+0000] {dag.py:2747} INFO - Creating ORM DAG for Project_Badge_5
[2023-06-20T09:11:55.146+0000] {logging_mixin.py:149} INFO - [2023-06-20T09:11:55.146+0000] {dag.py:3490} INFO - Setting next_dagrun for Project_Badge_5 to 2023-06-20T00:00:00+00:00, run_after=2023-06-20T00:00:00+00:00
[2023-06-20T09:11:55.174+0000] {processor.py:179} INFO - Processing /opt/airflow/dags/init.py took 0.334 seconds
[2023-06-20T09:12:25.674+0000] {processor.py:157} INFO - Started process (PID=357) to work on /opt/airflow/dags/init.py
[2023-06-20T09:12:25.678+0000] {processor.py:826} INFO - Processing file /opt/airflow/dags/init.py for tasks to queue
[2023-06-20T09:12:25.682+0000] {logging_mixin.py:149} INFO - [2023-06-20T09:12:25.681+0000] {dagbag.py:541} INFO - Filling up the DagBag from /opt/airflow/dags/init.py
[2023-06-20T09:12:25.750+0000] {processor.py:836} INFO - DAG(s) dict_keys(['Project_Badge_5']) retrieved from /opt/airflow/dags/init.py
[2023-06-20T09:12:25.812+0000] {logging_mixin.py:149} INFO - [2023-06-20T09:12:25.812+0000] {dag.py:2726} INFO - Sync 1 DAGs
[2023-06-20T09:12:25.891+0000] {logging_mixin.py:149} INFO - [2023-06-20T09:12:25.891+0000] {dag.py:3490} INFO - Setting next_dagrun for Project_Badge_5 to 2023-06-20T00:00:00+00:00, run_after=2023-06-20T00:00:00+00:00
[2023-06-20T09:12:25.936+0000] {processor.py:179} INFO - Processing /opt/airflow/dags/init.py took 0.274 seconds
[2023-06-20T09:14:24.445+0000] {processor.py:157} INFO - Started process (PID=31) to work on /opt/airflow/dags/init.py
[2023-06-20T09:14:24.447+0000] {processor.py:826} INFO - Processing file /opt/airflow/dags/init.py for tasks to queue
[2023-06-20T09:14:24.448+0000] {logging_mixin.py:149} INFO - [2023-06-20T09:14:24.448+0000] {dagbag.py:541} INFO - Filling up the DagBag from /opt/airflow/dags/init.py
[2023-06-20T09:14:24.493+0000] {processor.py:836} INFO - DAG(s) dict_keys(['Project_Badge_5']) retrieved from /opt/airflow/dags/init.py
[2023-06-20T09:14:24.712+0000] {logging_mixin.py:149} INFO - [2023-06-20T09:14:24.711+0000] {dag.py:2726} INFO - Sync 1 DAGs
[2023-06-20T09:14:24.743+0000] {logging_mixin.py:149} INFO - [2023-06-20T09:14:24.743+0000] {dag.py:3490} INFO - Setting next_dagrun for Project_Badge_5 to 2023-06-20T00:00:00+00:00, run_after=2023-06-20T00:00:00+00:00
[2023-06-20T09:14:24.776+0000] {processor.py:179} INFO - Processing /opt/airflow/dags/init.py took 0.335 seconds
[2023-06-20T09:18:33.152+0000] {processor.py:157} INFO - Started process (PID=32) to work on /opt/airflow/dags/init.py
[2023-06-20T09:18:33.154+0000] {processor.py:826} INFO - Processing file /opt/airflow/dags/init.py for tasks to queue
[2023-06-20T09:18:33.155+0000] {logging_mixin.py:149} INFO - [2023-06-20T09:18:33.155+0000] {dagbag.py:541} INFO - Filling up the DagBag from /opt/airflow/dags/init.py
[2023-06-20T09:18:33.190+0000] {processor.py:836} INFO - DAG(s) dict_keys(['Project_Badge_5']) retrieved from /opt/airflow/dags/init.py
[2023-06-20T09:18:33.288+0000] {logging_mixin.py:149} INFO - [2023-06-20T09:18:33.288+0000] {dag.py:2726} INFO - Sync 1 DAGs
[2023-06-20T09:18:33.319+0000] {logging_mixin.py:149} INFO - [2023-06-20T09:18:33.319+0000] {dag.py:3490} INFO - Setting next_dagrun for Project_Badge_5 to 2023-06-20T00:00:00+00:00, run_after=2023-06-20T00:00:00+00:00
[2023-06-20T09:18:33.347+0000] {processor.py:179} INFO - Processing /opt/airflow/dags/init.py took 0.199 seconds
[2023-06-20T09:19:04.121+0000] {processor.py:157} INFO - Started process (PID=98) to work on /opt/airflow/dags/init.py
[2023-06-20T09:19:04.122+0000] {processor.py:826} INFO - Processing file /opt/airflow/dags/init.py for tasks to queue
[2023-06-20T09:19:04.123+0000] {logging_mixin.py:149} INFO - [2023-06-20T09:19:04.123+0000] {dagbag.py:541} INFO - Filling up the DagBag from /opt/airflow/dags/init.py
[2023-06-20T09:19:04.154+0000] {processor.py:836} INFO - DAG(s) dict_keys(['Project_Badge_5']) retrieved from /opt/airflow/dags/init.py
[2023-06-20T09:19:04.177+0000] {logging_mixin.py:149} INFO - [2023-06-20T09:19:04.177+0000] {dag.py:2726} INFO - Sync 1 DAGs
[2023-06-20T09:19:04.206+0000] {logging_mixin.py:149} INFO - [2023-06-20T09:19:04.206+0000] {dag.py:3490} INFO - Setting next_dagrun for Project_Badge_5 to 2023-06-20T00:00:00+00:00, run_after=2023-06-20T00:00:00+00:00
[2023-06-20T09:19:04.229+0000] {processor.py:179} INFO - Processing /opt/airflow/dags/init.py took 0.111 seconds
[2023-06-20T09:19:34.672+0000] {processor.py:157} INFO - Started process (PID=165) to work on /opt/airflow/dags/init.py
[2023-06-20T09:19:34.673+0000] {processor.py:826} INFO - Processing file /opt/airflow/dags/init.py for tasks to queue
[2023-06-20T09:19:34.675+0000] {logging_mixin.py:149} INFO - [2023-06-20T09:19:34.675+0000] {dagbag.py:541} INFO - Filling up the DagBag from /opt/airflow/dags/init.py
[2023-06-20T09:19:34.709+0000] {processor.py:836} INFO - DAG(s) dict_keys(['Project_Badge_5']) retrieved from /opt/airflow/dags/init.py
[2023-06-20T09:19:34.732+0000] {logging_mixin.py:149} INFO - [2023-06-20T09:19:34.732+0000] {dag.py:2726} INFO - Sync 1 DAGs
[2023-06-20T09:19:34.862+0000] {logging_mixin.py:149} INFO - [2023-06-20T09:19:34.862+0000] {dag.py:3490} INFO - Setting next_dagrun for Project_Badge_5 to 2023-06-20T00:00:00+00:00, run_after=2023-06-20T00:00:00+00:00
[2023-06-20T09:19:34.887+0000] {processor.py:179} INFO - Processing /opt/airflow/dags/init.py took 0.220 seconds
[2023-06-20T09:20:05.070+0000] {processor.py:157} INFO - Started process (PID=231) to work on /opt/airflow/dags/init.py
[2023-06-20T09:20:05.072+0000] {processor.py:826} INFO - Processing file /opt/airflow/dags/init.py for tasks to queue
[2023-06-20T09:20:05.073+0000] {logging_mixin.py:149} INFO - [2023-06-20T09:20:05.073+0000] {dagbag.py:541} INFO - Filling up the DagBag from /opt/airflow/dags/init.py
[2023-06-20T09:20:05.109+0000] {processor.py:836} INFO - DAG(s) dict_keys(['Project_Badge_5']) retrieved from /opt/airflow/dags/init.py
[2023-06-20T09:20:05.132+0000] {logging_mixin.py:149} INFO - [2023-06-20T09:20:05.132+0000] {dag.py:2726} INFO - Sync 1 DAGs
[2023-06-20T09:20:05.159+0000] {logging_mixin.py:149} INFO - [2023-06-20T09:20:05.159+0000] {dag.py:3490} INFO - Setting next_dagrun for Project_Badge_5 to 2023-06-20T00:00:00+00:00, run_after=2023-06-20T00:00:00+00:00
[2023-06-20T09:20:05.182+0000] {processor.py:179} INFO - Processing /opt/airflow/dags/init.py took 0.116 seconds
[2023-06-20T09:20:35.429+0000] {processor.py:157} INFO - Started process (PID=297) to work on /opt/airflow/dags/init.py
[2023-06-20T09:20:35.430+0000] {processor.py:826} INFO - Processing file /opt/airflow/dags/init.py for tasks to queue
[2023-06-20T09:20:35.432+0000] {logging_mixin.py:149} INFO - [2023-06-20T09:20:35.432+0000] {dagbag.py:541} INFO - Filling up the DagBag from /opt/airflow/dags/init.py
[2023-06-20T09:20:35.470+0000] {processor.py:836} INFO - DAG(s) dict_keys(['Project_Badge_5']) retrieved from /opt/airflow/dags/init.py
[2023-06-20T09:20:35.502+0000] {logging_mixin.py:149} INFO - [2023-06-20T09:20:35.502+0000] {dag.py:2726} INFO - Sync 1 DAGs
[2023-06-20T09:20:35.542+0000] {logging_mixin.py:149} INFO - [2023-06-20T09:20:35.542+0000] {dag.py:3490} INFO - Setting next_dagrun for Project_Badge_5 to 2023-06-20T00:00:00+00:00, run_after=2023-06-20T00:00:00+00:00
[2023-06-20T09:20:35.569+0000] {processor.py:179} INFO - Processing /opt/airflow/dags/init.py took 0.145 seconds
[2023-06-20T09:21:06.201+0000] {processor.py:157} INFO - Started process (PID=363) to work on /opt/airflow/dags/init.py
[2023-06-20T09:21:06.202+0000] {processor.py:826} INFO - Processing file /opt/airflow/dags/init.py for tasks to queue
[2023-06-20T09:21:06.204+0000] {logging_mixin.py:149} INFO - [2023-06-20T09:21:06.203+0000] {dagbag.py:541} INFO - Filling up the DagBag from /opt/airflow/dags/init.py
[2023-06-20T09:21:06.239+0000] {processor.py:836} INFO - DAG(s) dict_keys(['Project_Badge_5']) retrieved from /opt/airflow/dags/init.py
[2023-06-20T09:21:06.269+0000] {logging_mixin.py:149} INFO - [2023-06-20T09:21:06.269+0000] {dag.py:2726} INFO - Sync 1 DAGs
[2023-06-20T09:21:06.311+0000] {logging_mixin.py:149} INFO - [2023-06-20T09:21:06.310+0000] {dag.py:3490} INFO - Setting next_dagrun for Project_Badge_5 to 2023-06-20T00:00:00+00:00, run_after=2023-06-20T00:00:00+00:00
[2023-06-20T09:21:06.344+0000] {processor.py:179} INFO - Processing /opt/airflow/dags/init.py took 0.146 seconds
[2023-06-20T09:21:37.280+0000] {processor.py:157} INFO - Started process (PID=429) to work on /opt/airflow/dags/init.py
[2023-06-20T09:21:37.281+0000] {processor.py:826} INFO - Processing file /opt/airflow/dags/init.py for tasks to queue
[2023-06-20T09:21:37.283+0000] {logging_mixin.py:149} INFO - [2023-06-20T09:21:37.282+0000] {dagbag.py:541} INFO - Filling up the DagBag from /opt/airflow/dags/init.py
[2023-06-20T09:21:37.317+0000] {processor.py:836} INFO - DAG(s) dict_keys(['Project_Badge_5']) retrieved from /opt/airflow/dags/init.py
[2023-06-20T09:21:37.342+0000] {logging_mixin.py:149} INFO - [2023-06-20T09:21:37.342+0000] {dag.py:2726} INFO - Sync 1 DAGs
[2023-06-20T09:21:37.376+0000] {logging_mixin.py:149} INFO - [2023-06-20T09:21:37.376+0000] {dag.py:3490} INFO - Setting next_dagrun for Project_Badge_5 to 2023-06-20T00:00:00+00:00, run_after=2023-06-20T00:00:00+00:00
[2023-06-20T09:21:37.404+0000] {processor.py:179} INFO - Processing /opt/airflow/dags/init.py took 0.127 seconds
[2023-06-20T09:22:07.818+0000] {processor.py:157} INFO - Started process (PID=495) to work on /opt/airflow/dags/init.py
[2023-06-20T09:22:07.819+0000] {processor.py:826} INFO - Processing file /opt/airflow/dags/init.py for tasks to queue
[2023-06-20T09:22:07.821+0000] {logging_mixin.py:149} INFO - [2023-06-20T09:22:07.821+0000] {dagbag.py:541} INFO - Filling up the DagBag from /opt/airflow/dags/init.py
[2023-06-20T09:22:07.854+0000] {processor.py:836} INFO - DAG(s) dict_keys(['Project_Badge_5']) retrieved from /opt/airflow/dags/init.py
[2023-06-20T09:22:07.919+0000] {logging_mixin.py:149} INFO - [2023-06-20T09:22:07.919+0000] {dag.py:2726} INFO - Sync 1 DAGs
[2023-06-20T09:22:07.949+0000] {logging_mixin.py:149} INFO - [2023-06-20T09:22:07.949+0000] {dag.py:3490} INFO - Setting next_dagrun for Project_Badge_5 to 2023-06-20T00:00:00+00:00, run_after=2023-06-20T00:00:00+00:00
[2023-06-20T09:22:07.976+0000] {processor.py:179} INFO - Processing /opt/airflow/dags/init.py took 0.161 seconds
[2023-06-20T09:22:39.235+0000] {processor.py:157} INFO - Started process (PID=561) to work on /opt/airflow/dags/init.py
[2023-06-20T09:22:39.236+0000] {processor.py:826} INFO - Processing file /opt/airflow/dags/init.py for tasks to queue
[2023-06-20T09:22:39.237+0000] {logging_mixin.py:149} INFO - [2023-06-20T09:22:39.237+0000] {dagbag.py:541} INFO - Filling up the DagBag from /opt/airflow/dags/init.py
[2023-06-20T09:22:39.267+0000] {processor.py:836} INFO - DAG(s) dict_keys(['Project_Badge_5']) retrieved from /opt/airflow/dags/init.py
[2023-06-20T09:22:39.292+0000] {logging_mixin.py:149} INFO - [2023-06-20T09:22:39.292+0000] {dag.py:2726} INFO - Sync 1 DAGs
[2023-06-20T09:22:39.322+0000] {logging_mixin.py:149} INFO - [2023-06-20T09:22:39.322+0000] {dag.py:3490} INFO - Setting next_dagrun for Project_Badge_5 to 2023-06-20T00:00:00+00:00, run_after=2023-06-20T00:00:00+00:00
[2023-06-20T09:22:39.348+0000] {processor.py:179} INFO - Processing /opt/airflow/dags/init.py took 0.117 seconds
[2023-06-20T09:23:09.610+0000] {processor.py:157} INFO - Started process (PID=627) to work on /opt/airflow/dags/init.py
[2023-06-20T09:23:09.613+0000] {processor.py:826} INFO - Processing file /opt/airflow/dags/init.py for tasks to queue
[2023-06-20T09:23:09.617+0000] {logging_mixin.py:149} INFO - [2023-06-20T09:23:09.617+0000] {dagbag.py:541} INFO - Filling up the DagBag from /opt/airflow/dags/init.py
[2023-06-20T09:23:09.664+0000] {processor.py:836} INFO - DAG(s) dict_keys(['Project_Badge_5']) retrieved from /opt/airflow/dags/init.py
[2023-06-20T09:23:09.688+0000] {logging_mixin.py:149} INFO - [2023-06-20T09:23:09.687+0000] {dag.py:2726} INFO - Sync 1 DAGs
[2023-06-20T09:23:09.714+0000] {logging_mixin.py:149} INFO - [2023-06-20T09:23:09.714+0000] {dag.py:3490} INFO - Setting next_dagrun for Project_Badge_5 to 2023-06-20T00:00:00+00:00, run_after=2023-06-20T00:00:00+00:00
[2023-06-20T09:23:09.739+0000] {processor.py:179} INFO - Processing /opt/airflow/dags/init.py took 0.139 seconds
[2023-06-20T09:30:15.705+0000] {processor.py:157} INFO - Started process (PID=32) to work on /opt/airflow/dags/init.py
[2023-06-20T09:30:15.707+0000] {processor.py:826} INFO - Processing file /opt/airflow/dags/init.py for tasks to queue
[2023-06-20T09:30:15.708+0000] {logging_mixin.py:149} INFO - [2023-06-20T09:30:15.708+0000] {dagbag.py:541} INFO - Filling up the DagBag from /opt/airflow/dags/init.py
[2023-06-20T09:30:15.751+0000] {processor.py:836} INFO - DAG(s) dict_keys(['Project_Badge_5']) retrieved from /opt/airflow/dags/init.py
[2023-06-20T09:30:15.965+0000] {logging_mixin.py:149} INFO - [2023-06-20T09:30:15.965+0000] {dag.py:2726} INFO - Sync 1 DAGs
[2023-06-20T09:30:15.992+0000] {logging_mixin.py:149} INFO - [2023-06-20T09:30:15.992+0000] {dag.py:3490} INFO - Setting next_dagrun for Project_Badge_5 to 2023-06-20T00:00:00+00:00, run_after=2023-06-20T00:00:00+00:00
[2023-06-20T09:30:16.031+0000] {processor.py:179} INFO - Processing /opt/airflow/dags/init.py took 0.331 seconds
[2023-06-20T09:30:46.461+0000] {processor.py:157} INFO - Started process (PID=98) to work on /opt/airflow/dags/init.py
[2023-06-20T09:30:46.462+0000] {processor.py:826} INFO - Processing file /opt/airflow/dags/init.py for tasks to queue
[2023-06-20T09:30:46.463+0000] {logging_mixin.py:149} INFO - [2023-06-20T09:30:46.463+0000] {dagbag.py:541} INFO - Filling up the DagBag from /opt/airflow/dags/init.py
[2023-06-20T09:30:46.492+0000] {processor.py:836} INFO - DAG(s) dict_keys(['Project_Badge_5']) retrieved from /opt/airflow/dags/init.py
[2023-06-20T09:30:46.543+0000] {logging_mixin.py:149} INFO - [2023-06-20T09:30:46.543+0000] {dag.py:2726} INFO - Sync 1 DAGs
[2023-06-20T09:30:46.574+0000] {logging_mixin.py:149} INFO - [2023-06-20T09:30:46.574+0000] {dag.py:3490} INFO - Setting next_dagrun for Project_Badge_5 to 2023-06-20T00:00:00+00:00, run_after=2023-06-20T00:00:00+00:00
[2023-06-20T09:30:46.599+0000] {processor.py:179} INFO - Processing /opt/airflow/dags/init.py took 0.143 seconds
[2023-06-20T09:31:04.194+0000] {processor.py:157} INFO - Started process (PID=156) to work on /opt/airflow/dags/init.py
[2023-06-20T09:31:04.196+0000] {processor.py:826} INFO - Processing file /opt/airflow/dags/init.py for tasks to queue
[2023-06-20T09:31:04.197+0000] {logging_mixin.py:149} INFO - [2023-06-20T09:31:04.197+0000] {dagbag.py:541} INFO - Filling up the DagBag from /opt/airflow/dags/init.py
[2023-06-20T09:31:04.304+0000] {processor.py:836} INFO - DAG(s) dict_keys(['1_Project_Badge_5']) retrieved from /opt/airflow/dags/init.py
[2023-06-20T09:31:04.487+0000] {logging_mixin.py:149} INFO - [2023-06-20T09:31:04.486+0000] {manager.py:504} INFO - Created Permission View: can edit on DAG:1_Project_Badge_5
[2023-06-20T09:31:04.498+0000] {logging_mixin.py:149} INFO - [2023-06-20T09:31:04.498+0000] {manager.py:504} INFO - Created Permission View: can read on DAG:1_Project_Badge_5
[2023-06-20T09:31:04.510+0000] {logging_mixin.py:149} INFO - [2023-06-20T09:31:04.509+0000] {manager.py:504} INFO - Created Permission View: can delete on DAG:1_Project_Badge_5
[2023-06-20T09:31:04.510+0000] {logging_mixin.py:149} INFO - [2023-06-20T09:31:04.510+0000] {dag.py:2726} INFO - Sync 1 DAGs
[2023-06-20T09:31:04.525+0000] {logging_mixin.py:149} INFO - [2023-06-20T09:31:04.525+0000] {dag.py:2747} INFO - Creating ORM DAG for 1_Project_Badge_5
[2023-06-20T09:31:04.537+0000] {logging_mixin.py:149} INFO - [2023-06-20T09:31:04.537+0000] {dag.py:3490} INFO - Setting next_dagrun for 1_Project_Badge_5 to 2023-06-20T00:00:00+00:00, run_after=2023-06-20T00:00:00+00:00
[2023-06-20T09:31:04.566+0000] {processor.py:179} INFO - Processing /opt/airflow/dags/init.py took 0.376 seconds
[2023-06-20T09:31:34.923+0000] {processor.py:157} INFO - Started process (PID=226) to work on /opt/airflow/dags/init.py
[2023-06-20T09:31:34.924+0000] {processor.py:826} INFO - Processing file /opt/airflow/dags/init.py for tasks to queue
[2023-06-20T09:31:34.926+0000] {logging_mixin.py:149} INFO - [2023-06-20T09:31:34.926+0000] {dagbag.py:541} INFO - Filling up the DagBag from /opt/airflow/dags/init.py
[2023-06-20T09:31:34.962+0000] {processor.py:836} INFO - DAG(s) dict_keys(['1_Project_Badge_5']) retrieved from /opt/airflow/dags/init.py
[2023-06-20T09:31:34.991+0000] {logging_mixin.py:149} INFO - [2023-06-20T09:31:34.990+0000] {dag.py:2726} INFO - Sync 1 DAGs
[2023-06-20T09:31:35.022+0000] {logging_mixin.py:149} INFO - [2023-06-20T09:31:35.022+0000] {dag.py:3490} INFO - Setting next_dagrun for 1_Project_Badge_5 to 2023-06-20T00:00:00+00:00, run_after=2023-06-20T00:00:00+00:00
[2023-06-20T09:31:35.049+0000] {processor.py:179} INFO - Processing /opt/airflow/dags/init.py took 0.131 seconds
[2023-06-20T09:32:05.208+0000] {processor.py:157} INFO - Started process (PID=292) to work on /opt/airflow/dags/init.py
[2023-06-20T09:32:05.211+0000] {processor.py:826} INFO - Processing file /opt/airflow/dags/init.py for tasks to queue
[2023-06-20T09:32:05.213+0000] {logging_mixin.py:149} INFO - [2023-06-20T09:32:05.212+0000] {dagbag.py:541} INFO - Filling up the DagBag from /opt/airflow/dags/init.py
[2023-06-20T09:32:05.247+0000] {processor.py:836} INFO - DAG(s) dict_keys(['1_Project_Badge_5']) retrieved from /opt/airflow/dags/init.py
[2023-06-20T09:32:05.272+0000] {logging_mixin.py:149} INFO - [2023-06-20T09:32:05.272+0000] {dag.py:2726} INFO - Sync 1 DAGs
[2023-06-20T09:32:05.303+0000] {logging_mixin.py:149} INFO - [2023-06-20T09:32:05.303+0000] {dag.py:3490} INFO - Setting next_dagrun for 1_Project_Badge_5 to 2023-06-20T00:00:00+00:00, run_after=2023-06-20T00:00:00+00:00
[2023-06-20T09:32:05.329+0000] {processor.py:179} INFO - Processing /opt/airflow/dags/init.py took 0.125 seconds
[2023-06-20T09:32:35.733+0000] {processor.py:157} INFO - Started process (PID=358) to work on /opt/airflow/dags/init.py
[2023-06-20T09:32:35.736+0000] {processor.py:826} INFO - Processing file /opt/airflow/dags/init.py for tasks to queue
[2023-06-20T09:32:35.738+0000] {logging_mixin.py:149} INFO - [2023-06-20T09:32:35.738+0000] {dagbag.py:541} INFO - Filling up the DagBag from /opt/airflow/dags/init.py
[2023-06-20T09:32:35.808+0000] {processor.py:836} INFO - DAG(s) dict_keys(['1_Project_Badge_5']) retrieved from /opt/airflow/dags/init.py
[2023-06-20T09:32:35.844+0000] {logging_mixin.py:149} INFO - [2023-06-20T09:32:35.843+0000] {dag.py:2726} INFO - Sync 1 DAGs
[2023-06-20T09:32:35.871+0000] {logging_mixin.py:149} INFO - [2023-06-20T09:32:35.871+0000] {dag.py:3490} INFO - Setting next_dagrun for 1_Project_Badge_5 to 2023-06-20T00:00:00+00:00, run_after=2023-06-20T00:00:00+00:00
[2023-06-20T09:32:35.896+0000] {processor.py:179} INFO - Processing /opt/airflow/dags/init.py took 0.172 seconds
[2023-06-20T09:33:06.057+0000] {processor.py:157} INFO - Started process (PID=430) to work on /opt/airflow/dags/init.py
[2023-06-20T09:33:06.059+0000] {processor.py:826} INFO - Processing file /opt/airflow/dags/init.py for tasks to queue
[2023-06-20T09:33:06.060+0000] {logging_mixin.py:149} INFO - [2023-06-20T09:33:06.060+0000] {dagbag.py:541} INFO - Filling up the DagBag from /opt/airflow/dags/init.py
[2023-06-20T09:33:06.091+0000] {processor.py:836} INFO - DAG(s) dict_keys(['1_Project_Badge_5']) retrieved from /opt/airflow/dags/init.py
[2023-06-20T09:33:06.120+0000] {logging_mixin.py:149} INFO - [2023-06-20T09:33:06.120+0000] {dag.py:2726} INFO - Sync 1 DAGs
[2023-06-20T09:33:06.155+0000] {logging_mixin.py:149} INFO - [2023-06-20T09:33:06.155+0000] {dag.py:3490} INFO - Setting next_dagrun for 1_Project_Badge_5 to 2023-06-20T00:00:00+00:00, run_after=2023-06-20T00:00:00+00:00
[2023-06-20T09:33:06.182+0000] {processor.py:179} INFO - Processing /opt/airflow/dags/init.py took 0.129 seconds
[2023-06-20T09:33:36.455+0000] {processor.py:157} INFO - Started process (PID=497) to work on /opt/airflow/dags/init.py
[2023-06-20T09:33:36.459+0000] {processor.py:826} INFO - Processing file /opt/airflow/dags/init.py for tasks to queue
[2023-06-20T09:33:36.462+0000] {logging_mixin.py:149} INFO - [2023-06-20T09:33:36.462+0000] {dagbag.py:541} INFO - Filling up the DagBag from /opt/airflow/dags/init.py
[2023-06-20T09:33:36.544+0000] {processor.py:836} INFO - DAG(s) dict_keys(['1_Project_Badge_5']) retrieved from /opt/airflow/dags/init.py
[2023-06-20T09:33:36.583+0000] {logging_mixin.py:149} INFO - [2023-06-20T09:33:36.583+0000] {dag.py:2726} INFO - Sync 1 DAGs
[2023-06-20T09:33:36.610+0000] {logging_mixin.py:149} INFO - [2023-06-20T09:33:36.610+0000] {dag.py:3490} INFO - Setting next_dagrun for 1_Project_Badge_5 to 2023-06-20T00:00:00+00:00, run_after=2023-06-20T00:00:00+00:00
[2023-06-20T09:33:36.635+0000] {processor.py:179} INFO - Processing /opt/airflow/dags/init.py took 0.191 seconds
[2023-06-20T09:34:06.975+0000] {processor.py:157} INFO - Started process (PID=563) to work on /opt/airflow/dags/init.py
[2023-06-20T09:34:06.977+0000] {processor.py:826} INFO - Processing file /opt/airflow/dags/init.py for tasks to queue
[2023-06-20T09:34:06.979+0000] {logging_mixin.py:149} INFO - [2023-06-20T09:34:06.978+0000] {dagbag.py:541} INFO - Filling up the DagBag from /opt/airflow/dags/init.py
[2023-06-20T09:34:07.027+0000] {processor.py:836} INFO - DAG(s) dict_keys(['1_Project_Badge_5']) retrieved from /opt/airflow/dags/init.py
[2023-06-20T09:34:07.065+0000] {logging_mixin.py:149} INFO - [2023-06-20T09:34:07.065+0000] {dag.py:2726} INFO - Sync 1 DAGs
[2023-06-20T09:34:07.093+0000] {logging_mixin.py:149} INFO - [2023-06-20T09:34:07.093+0000] {dag.py:3490} INFO - Setting next_dagrun for 1_Project_Badge_5 to 2023-06-20T00:00:00+00:00, run_after=2023-06-20T00:00:00+00:00
[2023-06-20T09:34:07.119+0000] {processor.py:179} INFO - Processing /opt/airflow/dags/init.py took 0.150 seconds
[2023-06-20T09:34:37.303+0000] {processor.py:157} INFO - Started process (PID=629) to work on /opt/airflow/dags/init.py
[2023-06-20T09:34:37.305+0000] {processor.py:826} INFO - Processing file /opt/airflow/dags/init.py for tasks to queue
[2023-06-20T09:34:37.306+0000] {logging_mixin.py:149} INFO - [2023-06-20T09:34:37.306+0000] {dagbag.py:541} INFO - Filling up the DagBag from /opt/airflow/dags/init.py
[2023-06-20T09:34:37.333+0000] {processor.py:836} INFO - DAG(s) dict_keys(['1_Project_Badge_5']) retrieved from /opt/airflow/dags/init.py
[2023-06-20T09:34:37.359+0000] {logging_mixin.py:149} INFO - [2023-06-20T09:34:37.359+0000] {dag.py:2726} INFO - Sync 1 DAGs
[2023-06-20T09:34:37.389+0000] {logging_mixin.py:149} INFO - [2023-06-20T09:34:37.389+0000] {dag.py:3490} INFO - Setting next_dagrun for 1_Project_Badge_5 to 2023-06-20T00:00:00+00:00, run_after=2023-06-20T00:00:00+00:00
[2023-06-20T09:34:37.414+0000] {processor.py:179} INFO - Processing /opt/airflow/dags/init.py took 0.114 seconds
[2023-06-20T09:35:07.744+0000] {processor.py:157} INFO - Started process (PID=695) to work on /opt/airflow/dags/init.py
[2023-06-20T09:35:07.745+0000] {processor.py:826} INFO - Processing file /opt/airflow/dags/init.py for tasks to queue
[2023-06-20T09:35:07.747+0000] {logging_mixin.py:149} INFO - [2023-06-20T09:35:07.747+0000] {dagbag.py:541} INFO - Filling up the DagBag from /opt/airflow/dags/init.py
[2023-06-20T09:35:07.776+0000] {processor.py:836} INFO - DAG(s) dict_keys(['1_Project_Badge_5']) retrieved from /opt/airflow/dags/init.py
[2023-06-20T09:35:07.800+0000] {logging_mixin.py:149} INFO - [2023-06-20T09:35:07.800+0000] {dag.py:2726} INFO - Sync 1 DAGs
[2023-06-20T09:35:07.827+0000] {logging_mixin.py:149} INFO - [2023-06-20T09:35:07.827+0000] {dag.py:3490} INFO - Setting next_dagrun for 1_Project_Badge_5 to 2023-06-20T00:00:00+00:00, run_after=2023-06-20T00:00:00+00:00
[2023-06-20T09:35:07.851+0000] {processor.py:179} INFO - Processing /opt/airflow/dags/init.py took 0.112 seconds
[2023-06-20T09:35:38.107+0000] {processor.py:157} INFO - Started process (PID=762) to work on /opt/airflow/dags/init.py
[2023-06-20T09:35:38.111+0000] {processor.py:826} INFO - Processing file /opt/airflow/dags/init.py for tasks to queue
[2023-06-20T09:35:38.115+0000] {logging_mixin.py:149} INFO - [2023-06-20T09:35:38.114+0000] {dagbag.py:541} INFO - Filling up the DagBag from /opt/airflow/dags/init.py
[2023-06-20T09:35:38.196+0000] {processor.py:836} INFO - DAG(s) dict_keys(['1_Project_Badge_5']) retrieved from /opt/airflow/dags/init.py
[2023-06-20T09:35:38.223+0000] {logging_mixin.py:149} INFO - [2023-06-20T09:35:38.223+0000] {dag.py:2726} INFO - Sync 1 DAGs
[2023-06-20T09:35:38.249+0000] {logging_mixin.py:149} INFO - [2023-06-20T09:35:38.249+0000] {dag.py:3490} INFO - Setting next_dagrun for 1_Project_Badge_5 to 2023-06-20T00:00:00+00:00, run_after=2023-06-20T00:00:00+00:00
[2023-06-20T09:35:38.273+0000] {processor.py:179} INFO - Processing /opt/airflow/dags/init.py took 0.177 seconds
[2023-06-20T09:36:08.570+0000] {processor.py:157} INFO - Started process (PID=828) to work on /opt/airflow/dags/init.py
[2023-06-20T09:36:08.571+0000] {processor.py:826} INFO - Processing file /opt/airflow/dags/init.py for tasks to queue
[2023-06-20T09:36:08.573+0000] {logging_mixin.py:149} INFO - [2023-06-20T09:36:08.573+0000] {dagbag.py:541} INFO - Filling up the DagBag from /opt/airflow/dags/init.py
[2023-06-20T09:36:08.603+0000] {processor.py:836} INFO - DAG(s) dict_keys(['1_Project_Badge_5']) retrieved from /opt/airflow/dags/init.py
[2023-06-20T09:36:08.627+0000] {logging_mixin.py:149} INFO - [2023-06-20T09:36:08.627+0000] {dag.py:2726} INFO - Sync 1 DAGs
[2023-06-20T09:36:08.656+0000] {logging_mixin.py:149} INFO - [2023-06-20T09:36:08.656+0000] {dag.py:3490} INFO - Setting next_dagrun for 1_Project_Badge_5 to 2023-06-20T00:00:00+00:00, run_after=2023-06-20T00:00:00+00:00
[2023-06-20T09:36:08.681+0000] {processor.py:179} INFO - Processing /opt/airflow/dags/init.py took 0.115 seconds
[2023-06-20T09:36:38.864+0000] {processor.py:157} INFO - Started process (PID=894) to work on /opt/airflow/dags/init.py
[2023-06-20T09:36:38.865+0000] {processor.py:826} INFO - Processing file /opt/airflow/dags/init.py for tasks to queue
[2023-06-20T09:36:38.866+0000] {logging_mixin.py:149} INFO - [2023-06-20T09:36:38.866+0000] {dagbag.py:541} INFO - Filling up the DagBag from /opt/airflow/dags/init.py
[2023-06-20T09:36:38.894+0000] {processor.py:836} INFO - DAG(s) dict_keys(['1_Project_Badge_5']) retrieved from /opt/airflow/dags/init.py
[2023-06-20T09:36:38.919+0000] {logging_mixin.py:149} INFO - [2023-06-20T09:36:38.919+0000] {dag.py:2726} INFO - Sync 1 DAGs
[2023-06-20T09:36:38.945+0000] {logging_mixin.py:149} INFO - [2023-06-20T09:36:38.945+0000] {dag.py:3490} INFO - Setting next_dagrun for 1_Project_Badge_5 to 2023-06-20T00:00:00+00:00, run_after=2023-06-20T00:00:00+00:00
[2023-06-20T09:36:38.969+0000] {processor.py:179} INFO - Processing /opt/airflow/dags/init.py took 0.108 seconds
[2023-06-20T09:37:09.220+0000] {processor.py:157} INFO - Started process (PID=960) to work on /opt/airflow/dags/init.py
[2023-06-20T09:37:09.221+0000] {processor.py:826} INFO - Processing file /opt/airflow/dags/init.py for tasks to queue
[2023-06-20T09:37:09.222+0000] {logging_mixin.py:149} INFO - [2023-06-20T09:37:09.222+0000] {dagbag.py:541} INFO - Filling up the DagBag from /opt/airflow/dags/init.py
[2023-06-20T09:37:09.255+0000] {processor.py:836} INFO - DAG(s) dict_keys(['1_Project_Badge_5']) retrieved from /opt/airflow/dags/init.py
[2023-06-20T09:37:09.284+0000] {logging_mixin.py:149} INFO - [2023-06-20T09:37:09.284+0000] {dag.py:2726} INFO - Sync 1 DAGs
[2023-06-20T09:37:09.313+0000] {logging_mixin.py:149} INFO - [2023-06-20T09:37:09.312+0000] {dag.py:3490} INFO - Setting next_dagrun for 1_Project_Badge_5 to 2023-06-20T00:00:00+00:00, run_after=2023-06-20T00:00:00+00:00
[2023-06-20T09:37:09.339+0000] {processor.py:179} INFO - Processing /opt/airflow/dags/init.py took 0.123 seconds
[2023-06-20T09:37:39.768+0000] {processor.py:157} INFO - Started process (PID=1025) to work on /opt/airflow/dags/init.py
[2023-06-20T09:37:39.770+0000] {processor.py:826} INFO - Processing file /opt/airflow/dags/init.py for tasks to queue
[2023-06-20T09:37:39.771+0000] {logging_mixin.py:149} INFO - [2023-06-20T09:37:39.771+0000] {dagbag.py:541} INFO - Filling up the DagBag from /opt/airflow/dags/init.py
[2023-06-20T09:37:39.800+0000] {processor.py:836} INFO - DAG(s) dict_keys(['1_Project_Badge_5']) retrieved from /opt/airflow/dags/init.py
[2023-06-20T09:37:39.823+0000] {logging_mixin.py:149} INFO - [2023-06-20T09:37:39.823+0000] {dag.py:2726} INFO - Sync 1 DAGs
[2023-06-20T09:37:39.850+0000] {logging_mixin.py:149} INFO - [2023-06-20T09:37:39.850+0000] {dag.py:3490} INFO - Setting next_dagrun for 1_Project_Badge_5 to 2023-06-20T00:00:00+00:00, run_after=2023-06-20T00:00:00+00:00
[2023-06-20T09:37:39.874+0000] {processor.py:179} INFO - Processing /opt/airflow/dags/init.py took 0.108 seconds
[2023-06-20T09:38:10.249+0000] {processor.py:157} INFO - Started process (PID=1091) to work on /opt/airflow/dags/init.py
[2023-06-20T09:38:10.250+0000] {processor.py:826} INFO - Processing file /opt/airflow/dags/init.py for tasks to queue
[2023-06-20T09:38:10.251+0000] {logging_mixin.py:149} INFO - [2023-06-20T09:38:10.251+0000] {dagbag.py:541} INFO - Filling up the DagBag from /opt/airflow/dags/init.py
[2023-06-20T09:38:10.281+0000] {processor.py:836} INFO - DAG(s) dict_keys(['1_Project_Badge_5']) retrieved from /opt/airflow/dags/init.py
[2023-06-20T09:38:10.304+0000] {logging_mixin.py:149} INFO - [2023-06-20T09:38:10.304+0000] {dag.py:2726} INFO - Sync 1 DAGs
[2023-06-20T09:38:10.331+0000] {logging_mixin.py:149} INFO - [2023-06-20T09:38:10.331+0000] {dag.py:3490} INFO - Setting next_dagrun for 1_Project_Badge_5 to 2023-06-20T00:00:00+00:00, run_after=2023-06-20T00:00:00+00:00
[2023-06-20T09:38:10.354+0000] {processor.py:179} INFO - Processing /opt/airflow/dags/init.py took 0.109 seconds
[2023-06-20T09:38:40.718+0000] {processor.py:157} INFO - Started process (PID=1157) to work on /opt/airflow/dags/init.py
[2023-06-20T09:38:40.720+0000] {processor.py:826} INFO - Processing file /opt/airflow/dags/init.py for tasks to queue
[2023-06-20T09:38:40.722+0000] {logging_mixin.py:149} INFO - [2023-06-20T09:38:40.722+0000] {dagbag.py:541} INFO - Filling up the DagBag from /opt/airflow/dags/init.py
[2023-06-20T09:38:40.763+0000] {processor.py:836} INFO - DAG(s) dict_keys(['1_Project_Badge_5']) retrieved from /opt/airflow/dags/init.py
[2023-06-20T09:38:40.804+0000] {logging_mixin.py:149} INFO - [2023-06-20T09:38:40.804+0000] {dag.py:2726} INFO - Sync 1 DAGs
[2023-06-20T09:38:40.836+0000] {logging_mixin.py:149} INFO - [2023-06-20T09:38:40.836+0000] {dag.py:3490} INFO - Setting next_dagrun for 1_Project_Badge_5 to 2023-06-20T00:00:00+00:00, run_after=2023-06-20T00:00:00+00:00
[2023-06-20T09:38:40.864+0000] {processor.py:179} INFO - Processing /opt/airflow/dags/init.py took 0.151 seconds
[2023-06-20T09:39:11.229+0000] {processor.py:157} INFO - Started process (PID=1223) to work on /opt/airflow/dags/init.py
[2023-06-20T09:39:11.231+0000] {processor.py:826} INFO - Processing file /opt/airflow/dags/init.py for tasks to queue
[2023-06-20T09:39:11.232+0000] {logging_mixin.py:149} INFO - [2023-06-20T09:39:11.232+0000] {dagbag.py:541} INFO - Filling up the DagBag from /opt/airflow/dags/init.py
[2023-06-20T09:39:11.266+0000] {processor.py:836} INFO - DAG(s) dict_keys(['1_Project_Badge_5']) retrieved from /opt/airflow/dags/init.py
[2023-06-20T09:39:11.296+0000] {logging_mixin.py:149} INFO - [2023-06-20T09:39:11.296+0000] {dag.py:2726} INFO - Sync 1 DAGs
[2023-06-20T09:39:11.333+0000] {logging_mixin.py:149} INFO - [2023-06-20T09:39:11.333+0000] {dag.py:3490} INFO - Setting next_dagrun for 1_Project_Badge_5 to 2023-06-20T00:00:00+00:00, run_after=2023-06-20T00:00:00+00:00
[2023-06-20T09:39:11.362+0000] {processor.py:179} INFO - Processing /opt/airflow/dags/init.py took 0.138 seconds
[2023-06-20T09:39:42.026+0000] {processor.py:157} INFO - Started process (PID=1289) to work on /opt/airflow/dags/init.py
[2023-06-20T09:39:42.027+0000] {processor.py:826} INFO - Processing file /opt/airflow/dags/init.py for tasks to queue
[2023-06-20T09:39:42.029+0000] {logging_mixin.py:149} INFO - [2023-06-20T09:39:42.028+0000] {dagbag.py:541} INFO - Filling up the DagBag from /opt/airflow/dags/init.py
[2023-06-20T09:39:42.062+0000] {processor.py:836} INFO - DAG(s) dict_keys(['1_Project_Badge_5']) retrieved from /opt/airflow/dags/init.py
[2023-06-20T09:39:42.089+0000] {logging_mixin.py:149} INFO - [2023-06-20T09:39:42.089+0000] {dag.py:2726} INFO - Sync 1 DAGs
[2023-06-20T09:39:42.120+0000] {logging_mixin.py:149} INFO - [2023-06-20T09:39:42.120+0000] {dag.py:3490} INFO - Setting next_dagrun for 1_Project_Badge_5 to 2023-06-20T00:00:00+00:00, run_after=2023-06-20T00:00:00+00:00
[2023-06-20T09:39:42.146+0000] {processor.py:179} INFO - Processing /opt/airflow/dags/init.py took 0.124 seconds
[2023-06-20T09:40:12.265+0000] {processor.py:157} INFO - Started process (PID=1343) to work on /opt/airflow/dags/init.py
[2023-06-20T09:40:12.267+0000] {processor.py:826} INFO - Processing file /opt/airflow/dags/init.py for tasks to queue
[2023-06-20T09:40:12.269+0000] {logging_mixin.py:149} INFO - [2023-06-20T09:40:12.269+0000] {dagbag.py:541} INFO - Filling up the DagBag from /opt/airflow/dags/init.py
[2023-06-20T09:40:12.306+0000] {processor.py:836} INFO - DAG(s) dict_keys(['1_Project_Badge_5']) retrieved from /opt/airflow/dags/init.py
[2023-06-20T09:40:12.334+0000] {logging_mixin.py:149} INFO - [2023-06-20T09:40:12.334+0000] {dag.py:2726} INFO - Sync 1 DAGs
[2023-06-20T09:40:12.376+0000] {logging_mixin.py:149} INFO - [2023-06-20T09:40:12.376+0000] {dag.py:3490} INFO - Setting next_dagrun for 1_Project_Badge_5 to 2023-06-20T00:00:00+00:00, run_after=2023-06-20T00:00:00+00:00
[2023-06-20T09:40:12.401+0000] {processor.py:179} INFO - Processing /opt/airflow/dags/init.py took 0.142 seconds
[2023-06-20T09:40:43.038+0000] {processor.py:157} INFO - Started process (PID=1408) to work on /opt/airflow/dags/init.py
[2023-06-20T09:40:43.040+0000] {processor.py:826} INFO - Processing file /opt/airflow/dags/init.py for tasks to queue
[2023-06-20T09:40:43.042+0000] {logging_mixin.py:149} INFO - [2023-06-20T09:40:43.042+0000] {dagbag.py:541} INFO - Filling up the DagBag from /opt/airflow/dags/init.py
[2023-06-20T09:40:43.081+0000] {processor.py:836} INFO - DAG(s) dict_keys(['1_Project_Badge_5']) retrieved from /opt/airflow/dags/init.py
[2023-06-20T09:40:43.141+0000] {logging_mixin.py:149} INFO - [2023-06-20T09:40:43.141+0000] {dag.py:2726} INFO - Sync 1 DAGs
[2023-06-20T09:40:43.194+0000] {logging_mixin.py:149} INFO - [2023-06-20T09:40:43.194+0000] {dag.py:3490} INFO - Setting next_dagrun for 1_Project_Badge_5 to 2023-06-20T00:00:00+00:00, run_after=2023-06-20T00:00:00+00:00
[2023-06-20T09:40:43.220+0000] {processor.py:179} INFO - Processing /opt/airflow/dags/init.py took 0.188 seconds
[2023-06-20T09:41:13.852+0000] {processor.py:157} INFO - Started process (PID=1474) to work on /opt/airflow/dags/init.py
[2023-06-20T09:41:13.854+0000] {processor.py:826} INFO - Processing file /opt/airflow/dags/init.py for tasks to queue
[2023-06-20T09:41:13.856+0000] {logging_mixin.py:149} INFO - [2023-06-20T09:41:13.856+0000] {dagbag.py:541} INFO - Filling up the DagBag from /opt/airflow/dags/init.py
[2023-06-20T09:41:13.892+0000] {processor.py:836} INFO - DAG(s) dict_keys(['1_Project_Badge_5']) retrieved from /opt/airflow/dags/init.py
[2023-06-20T09:41:13.927+0000] {logging_mixin.py:149} INFO - [2023-06-20T09:41:13.927+0000] {dag.py:2726} INFO - Sync 1 DAGs
[2023-06-20T09:41:13.974+0000] {logging_mixin.py:149} INFO - [2023-06-20T09:41:13.973+0000] {dag.py:3490} INFO - Setting next_dagrun for 1_Project_Badge_5 to 2023-06-20T00:00:00+00:00, run_after=2023-06-20T00:00:00+00:00
[2023-06-20T09:41:14.016+0000] {processor.py:179} INFO - Processing /opt/airflow/dags/init.py took 0.169 seconds
[2023-06-20T09:41:44.865+0000] {processor.py:157} INFO - Started process (PID=1540) to work on /opt/airflow/dags/init.py
[2023-06-20T09:41:44.867+0000] {processor.py:826} INFO - Processing file /opt/airflow/dags/init.py for tasks to queue
[2023-06-20T09:41:44.868+0000] {logging_mixin.py:149} INFO - [2023-06-20T09:41:44.868+0000] {dagbag.py:541} INFO - Filling up the DagBag from /opt/airflow/dags/init.py
[2023-06-20T09:41:44.899+0000] {processor.py:836} INFO - DAG(s) dict_keys(['1_Project_Badge_5']) retrieved from /opt/airflow/dags/init.py
[2023-06-20T09:41:44.928+0000] {logging_mixin.py:149} INFO - [2023-06-20T09:41:44.927+0000] {dag.py:2726} INFO - Sync 1 DAGs
[2023-06-20T09:41:44.967+0000] {logging_mixin.py:149} INFO - [2023-06-20T09:41:44.966+0000] {dag.py:3490} INFO - Setting next_dagrun for 1_Project_Badge_5 to 2023-06-20T00:00:00+00:00, run_after=2023-06-20T00:00:00+00:00
[2023-06-20T09:41:44.996+0000] {processor.py:179} INFO - Processing /opt/airflow/dags/init.py took 0.134 seconds
[2023-06-20T09:42:15.332+0000] {processor.py:157} INFO - Started process (PID=1606) to work on /opt/airflow/dags/init.py
[2023-06-20T09:42:15.333+0000] {processor.py:826} INFO - Processing file /opt/airflow/dags/init.py for tasks to queue
[2023-06-20T09:42:15.334+0000] {logging_mixin.py:149} INFO - [2023-06-20T09:42:15.334+0000] {dagbag.py:541} INFO - Filling up the DagBag from /opt/airflow/dags/init.py
[2023-06-20T09:42:15.368+0000] {processor.py:836} INFO - DAG(s) dict_keys(['1_Project_Badge_5']) retrieved from /opt/airflow/dags/init.py
[2023-06-20T09:42:15.396+0000] {logging_mixin.py:149} INFO - [2023-06-20T09:42:15.396+0000] {dag.py:2726} INFO - Sync 1 DAGs
[2023-06-20T09:42:15.429+0000] {logging_mixin.py:149} INFO - [2023-06-20T09:42:15.429+0000] {dag.py:3490} INFO - Setting next_dagrun for 1_Project_Badge_5 to 2023-06-20T00:00:00+00:00, run_after=2023-06-20T00:00:00+00:00
[2023-06-20T09:42:15.458+0000] {processor.py:179} INFO - Processing /opt/airflow/dags/init.py took 0.129 seconds
[2023-06-20T09:42:45.811+0000] {processor.py:157} INFO - Started process (PID=1672) to work on /opt/airflow/dags/init.py
[2023-06-20T09:42:45.812+0000] {processor.py:826} INFO - Processing file /opt/airflow/dags/init.py for tasks to queue
[2023-06-20T09:42:45.814+0000] {logging_mixin.py:149} INFO - [2023-06-20T09:42:45.814+0000] {dagbag.py:541} INFO - Filling up the DagBag from /opt/airflow/dags/init.py
[2023-06-20T09:42:45.845+0000] {processor.py:836} INFO - DAG(s) dict_keys(['1_Project_Badge_5']) retrieved from /opt/airflow/dags/init.py
[2023-06-20T09:42:45.877+0000] {logging_mixin.py:149} INFO - [2023-06-20T09:42:45.877+0000] {dag.py:2726} INFO - Sync 1 DAGs
[2023-06-20T09:42:45.913+0000] {logging_mixin.py:149} INFO - [2023-06-20T09:42:45.913+0000] {dag.py:3490} INFO - Setting next_dagrun for 1_Project_Badge_5 to 2023-06-20T00:00:00+00:00, run_after=2023-06-20T00:00:00+00:00
[2023-06-20T09:42:45.954+0000] {processor.py:179} INFO - Processing /opt/airflow/dags/init.py took 0.147 seconds
[2023-06-20T09:43:16.470+0000] {processor.py:157} INFO - Started process (PID=1738) to work on /opt/airflow/dags/init.py
[2023-06-20T09:43:16.471+0000] {processor.py:826} INFO - Processing file /opt/airflow/dags/init.py for tasks to queue
[2023-06-20T09:43:16.472+0000] {logging_mixin.py:149} INFO - [2023-06-20T09:43:16.472+0000] {dagbag.py:541} INFO - Filling up the DagBag from /opt/airflow/dags/init.py
[2023-06-20T09:43:16.513+0000] {processor.py:836} INFO - DAG(s) dict_keys(['1_Project_Badge_5']) retrieved from /opt/airflow/dags/init.py
[2023-06-20T09:43:16.544+0000] {logging_mixin.py:149} INFO - [2023-06-20T09:43:16.543+0000] {dag.py:2726} INFO - Sync 1 DAGs
[2023-06-20T09:43:16.583+0000] {logging_mixin.py:149} INFO - [2023-06-20T09:43:16.583+0000] {dag.py:3490} INFO - Setting next_dagrun for 1_Project_Badge_5 to 2023-06-20T00:00:00+00:00, run_after=2023-06-20T00:00:00+00:00
[2023-06-20T09:43:16.616+0000] {processor.py:179} INFO - Processing /opt/airflow/dags/init.py took 0.150 seconds
[2023-06-20T09:43:46.924+0000] {processor.py:157} INFO - Started process (PID=1804) to work on /opt/airflow/dags/init.py
[2023-06-20T09:43:46.925+0000] {processor.py:826} INFO - Processing file /opt/airflow/dags/init.py for tasks to queue
[2023-06-20T09:43:46.926+0000] {logging_mixin.py:149} INFO - [2023-06-20T09:43:46.926+0000] {dagbag.py:541} INFO - Filling up the DagBag from /opt/airflow/dags/init.py
[2023-06-20T09:43:46.960+0000] {processor.py:836} INFO - DAG(s) dict_keys(['1_Project_Badge_5']) retrieved from /opt/airflow/dags/init.py
[2023-06-20T09:43:46.989+0000] {logging_mixin.py:149} INFO - [2023-06-20T09:43:46.989+0000] {dag.py:2726} INFO - Sync 1 DAGs
[2023-06-20T09:43:47.021+0000] {logging_mixin.py:149} INFO - [2023-06-20T09:43:47.020+0000] {dag.py:3490} INFO - Setting next_dagrun for 1_Project_Badge_5 to 2023-06-20T00:00:00+00:00, run_after=2023-06-20T00:00:00+00:00
[2023-06-20T09:43:47.058+0000] {processor.py:179} INFO - Processing /opt/airflow/dags/init.py took 0.138 seconds
[2023-06-20T09:44:17.297+0000] {processor.py:157} INFO - Started process (PID=1870) to work on /opt/airflow/dags/init.py
[2023-06-20T09:44:17.298+0000] {processor.py:826} INFO - Processing file /opt/airflow/dags/init.py for tasks to queue
[2023-06-20T09:44:17.300+0000] {logging_mixin.py:149} INFO - [2023-06-20T09:44:17.300+0000] {dagbag.py:541} INFO - Filling up the DagBag from /opt/airflow/dags/init.py
[2023-06-20T09:44:17.334+0000] {processor.py:836} INFO - DAG(s) dict_keys(['1_Project_Badge_5']) retrieved from /opt/airflow/dags/init.py
[2023-06-20T09:44:17.456+0000] {logging_mixin.py:149} INFO - [2023-06-20T09:44:17.455+0000] {dag.py:2726} INFO - Sync 1 DAGs
[2023-06-20T09:44:17.520+0000] {logging_mixin.py:149} INFO - [2023-06-20T09:44:17.520+0000] {dag.py:3490} INFO - Setting next_dagrun for 1_Project_Badge_5 to 2023-06-20T00:00:00+00:00, run_after=2023-06-20T00:00:00+00:00
[2023-06-20T09:44:17.551+0000] {processor.py:179} INFO - Processing /opt/airflow/dags/init.py took 0.259 seconds
[2023-06-20T09:44:47.905+0000] {processor.py:157} INFO - Started process (PID=1936) to work on /opt/airflow/dags/init.py
[2023-06-20T09:44:47.906+0000] {processor.py:826} INFO - Processing file /opt/airflow/dags/init.py for tasks to queue
[2023-06-20T09:44:47.907+0000] {logging_mixin.py:149} INFO - [2023-06-20T09:44:47.907+0000] {dagbag.py:541} INFO - Filling up the DagBag from /opt/airflow/dags/init.py
[2023-06-20T09:44:47.939+0000] {processor.py:836} INFO - DAG(s) dict_keys(['1_Project_Badge_5']) retrieved from /opt/airflow/dags/init.py
[2023-06-20T09:44:47.960+0000] {logging_mixin.py:149} INFO - [2023-06-20T09:44:47.960+0000] {dag.py:2726} INFO - Sync 1 DAGs
[2023-06-20T09:44:47.986+0000] {logging_mixin.py:149} INFO - [2023-06-20T09:44:47.986+0000] {dag.py:3490} INFO - Setting next_dagrun for 1_Project_Badge_5 to 2023-06-20T00:00:00+00:00, run_after=2023-06-20T00:00:00+00:00
[2023-06-20T09:44:48.009+0000] {processor.py:179} INFO - Processing /opt/airflow/dags/init.py took 0.109 seconds
[2023-06-20T09:45:18.380+0000] {processor.py:157} INFO - Started process (PID=2002) to work on /opt/airflow/dags/init.py
[2023-06-20T09:45:18.381+0000] {processor.py:826} INFO - Processing file /opt/airflow/dags/init.py for tasks to queue
[2023-06-20T09:45:18.382+0000] {logging_mixin.py:149} INFO - [2023-06-20T09:45:18.382+0000] {dagbag.py:541} INFO - Filling up the DagBag from /opt/airflow/dags/init.py
[2023-06-20T09:45:18.415+0000] {processor.py:836} INFO - DAG(s) dict_keys(['1_Project_Badge_5']) retrieved from /opt/airflow/dags/init.py
[2023-06-20T09:45:18.438+0000] {logging_mixin.py:149} INFO - [2023-06-20T09:45:18.437+0000] {dag.py:2726} INFO - Sync 1 DAGs
[2023-06-20T09:45:18.464+0000] {logging_mixin.py:149} INFO - [2023-06-20T09:45:18.464+0000] {dag.py:3490} INFO - Setting next_dagrun for 1_Project_Badge_5 to 2023-06-20T00:00:00+00:00, run_after=2023-06-20T00:00:00+00:00
[2023-06-20T09:45:18.487+0000] {processor.py:179} INFO - Processing /opt/airflow/dags/init.py took 0.110 seconds
[2023-06-20T09:45:49.484+0000] {processor.py:157} INFO - Started process (PID=2068) to work on /opt/airflow/dags/init.py
[2023-06-20T09:45:49.485+0000] {processor.py:826} INFO - Processing file /opt/airflow/dags/init.py for tasks to queue
[2023-06-20T09:45:49.487+0000] {logging_mixin.py:149} INFO - [2023-06-20T09:45:49.486+0000] {dagbag.py:541} INFO - Filling up the DagBag from /opt/airflow/dags/init.py
[2023-06-20T09:45:49.519+0000] {processor.py:836} INFO - DAG(s) dict_keys(['1_Project_Badge_5']) retrieved from /opt/airflow/dags/init.py
[2023-06-20T09:45:49.542+0000] {logging_mixin.py:149} INFO - [2023-06-20T09:45:49.542+0000] {dag.py:2726} INFO - Sync 1 DAGs
[2023-06-20T09:45:49.570+0000] {logging_mixin.py:149} INFO - [2023-06-20T09:45:49.570+0000] {dag.py:3490} INFO - Setting next_dagrun for 1_Project_Badge_5 to 2023-06-20T00:00:00+00:00, run_after=2023-06-20T00:00:00+00:00
[2023-06-20T09:45:49.596+0000] {processor.py:179} INFO - Processing /opt/airflow/dags/init.py took 0.115 seconds
[2023-06-20T09:46:19.794+0000] {processor.py:157} INFO - Started process (PID=2135) to work on /opt/airflow/dags/init.py
[2023-06-20T09:46:19.795+0000] {processor.py:826} INFO - Processing file /opt/airflow/dags/init.py for tasks to queue
[2023-06-20T09:46:19.796+0000] {logging_mixin.py:149} INFO - [2023-06-20T09:46:19.796+0000] {dagbag.py:541} INFO - Filling up the DagBag from /opt/airflow/dags/init.py
[2023-06-20T09:46:19.830+0000] {processor.py:836} INFO - DAG(s) dict_keys(['1_Project_Badge_5']) retrieved from /opt/airflow/dags/init.py
[2023-06-20T09:46:19.856+0000] {logging_mixin.py:149} INFO - [2023-06-20T09:46:19.856+0000] {dag.py:2726} INFO - Sync 1 DAGs
[2023-06-20T09:46:19.886+0000] {logging_mixin.py:149} INFO - [2023-06-20T09:46:19.886+0000] {dag.py:3490} INFO - Setting next_dagrun for 1_Project_Badge_5 to 2023-06-20T00:00:00+00:00, run_after=2023-06-20T00:00:00+00:00
[2023-06-20T09:46:19.915+0000] {processor.py:179} INFO - Processing /opt/airflow/dags/init.py took 0.124 seconds
[2023-06-20T09:46:50.169+0000] {processor.py:157} INFO - Started process (PID=2201) to work on /opt/airflow/dags/init.py
[2023-06-20T09:46:50.170+0000] {processor.py:826} INFO - Processing file /opt/airflow/dags/init.py for tasks to queue
[2023-06-20T09:46:50.172+0000] {logging_mixin.py:149} INFO - [2023-06-20T09:46:50.171+0000] {dagbag.py:541} INFO - Filling up the DagBag from /opt/airflow/dags/init.py
[2023-06-20T09:46:50.206+0000] {processor.py:836} INFO - DAG(s) dict_keys(['1_Project_Badge_5']) retrieved from /opt/airflow/dags/init.py
[2023-06-20T09:46:50.241+0000] {logging_mixin.py:149} INFO - [2023-06-20T09:46:50.241+0000] {dag.py:2726} INFO - Sync 1 DAGs
[2023-06-20T09:46:50.296+0000] {logging_mixin.py:149} INFO - [2023-06-20T09:46:50.296+0000] {dag.py:3490} INFO - Setting next_dagrun for 1_Project_Badge_5 to 2023-06-20T00:00:00+00:00, run_after=2023-06-20T00:00:00+00:00
[2023-06-20T09:46:50.332+0000] {processor.py:179} INFO - Processing /opt/airflow/dags/init.py took 0.168 seconds
[2023-06-20T09:47:20.696+0000] {processor.py:157} INFO - Started process (PID=2267) to work on /opt/airflow/dags/init.py
[2023-06-20T09:47:20.697+0000] {processor.py:826} INFO - Processing file /opt/airflow/dags/init.py for tasks to queue
[2023-06-20T09:47:20.698+0000] {logging_mixin.py:149} INFO - [2023-06-20T09:47:20.698+0000] {dagbag.py:541} INFO - Filling up the DagBag from /opt/airflow/dags/init.py
[2023-06-20T09:47:20.728+0000] {processor.py:836} INFO - DAG(s) dict_keys(['1_Project_Badge_5']) retrieved from /opt/airflow/dags/init.py
[2023-06-20T09:47:20.751+0000] {logging_mixin.py:149} INFO - [2023-06-20T09:47:20.751+0000] {dag.py:2726} INFO - Sync 1 DAGs
[2023-06-20T09:47:20.778+0000] {logging_mixin.py:149} INFO - [2023-06-20T09:47:20.778+0000] {dag.py:3490} INFO - Setting next_dagrun for 1_Project_Badge_5 to 2023-06-20T00:00:00+00:00, run_after=2023-06-20T00:00:00+00:00
[2023-06-20T09:47:20.802+0000] {processor.py:179} INFO - Processing /opt/airflow/dags/init.py took 0.109 seconds
[2023-06-20T09:47:51.799+0000] {processor.py:157} INFO - Started process (PID=2333) to work on /opt/airflow/dags/init.py
[2023-06-20T09:47:51.803+0000] {processor.py:826} INFO - Processing file /opt/airflow/dags/init.py for tasks to queue
[2023-06-20T09:47:51.807+0000] {logging_mixin.py:149} INFO - [2023-06-20T09:47:51.806+0000] {dagbag.py:541} INFO - Filling up the DagBag from /opt/airflow/dags/init.py
[2023-06-20T09:47:51.911+0000] {processor.py:836} INFO - DAG(s) dict_keys(['1_Project_Badge_5']) retrieved from /opt/airflow/dags/init.py
[2023-06-20T09:47:52.002+0000] {logging_mixin.py:149} INFO - [2023-06-20T09:47:52.001+0000] {dag.py:2726} INFO - Sync 1 DAGs
[2023-06-20T09:47:52.119+0000] {logging_mixin.py:149} INFO - [2023-06-20T09:47:52.118+0000] {dag.py:3490} INFO - Setting next_dagrun for 1_Project_Badge_5 to 2023-06-20T00:00:00+00:00, run_after=2023-06-20T00:00:00+00:00
[2023-06-20T09:47:52.207+0000] {processor.py:179} INFO - Processing /opt/airflow/dags/init.py took 0.418 seconds
[2023-06-20T09:48:22.510+0000] {processor.py:157} INFO - Started process (PID=2399) to work on /opt/airflow/dags/init.py
[2023-06-20T09:48:22.512+0000] {processor.py:826} INFO - Processing file /opt/airflow/dags/init.py for tasks to queue
[2023-06-20T09:48:22.513+0000] {logging_mixin.py:149} INFO - [2023-06-20T09:48:22.513+0000] {dagbag.py:541} INFO - Filling up the DagBag from /opt/airflow/dags/init.py
[2023-06-20T09:48:22.539+0000] {processor.py:836} INFO - DAG(s) dict_keys(['1_Project_Badge_5']) retrieved from /opt/airflow/dags/init.py
[2023-06-20T09:48:22.559+0000] {logging_mixin.py:149} INFO - [2023-06-20T09:48:22.559+0000] {dag.py:2726} INFO - Sync 1 DAGs
[2023-06-20T09:48:22.580+0000] {logging_mixin.py:149} INFO - [2023-06-20T09:48:22.580+0000] {dag.py:3490} INFO - Setting next_dagrun for 1_Project_Badge_5 to 2023-06-20T00:00:00+00:00, run_after=2023-06-20T00:00:00+00:00
[2023-06-20T09:48:22.604+0000] {processor.py:179} INFO - Processing /opt/airflow/dags/init.py took 0.097 seconds
[2023-06-20T09:48:53.407+0000] {processor.py:157} INFO - Started process (PID=2465) to work on /opt/airflow/dags/init.py
[2023-06-20T09:48:53.408+0000] {processor.py:826} INFO - Processing file /opt/airflow/dags/init.py for tasks to queue
[2023-06-20T09:48:53.409+0000] {logging_mixin.py:149} INFO - [2023-06-20T09:48:53.409+0000] {dagbag.py:541} INFO - Filling up the DagBag from /opt/airflow/dags/init.py
[2023-06-20T09:48:53.436+0000] {processor.py:836} INFO - DAG(s) dict_keys(['1_Project_Badge_5']) retrieved from /opt/airflow/dags/init.py
[2023-06-20T09:48:53.454+0000] {logging_mixin.py:149} INFO - [2023-06-20T09:48:53.454+0000] {dag.py:2726} INFO - Sync 1 DAGs
[2023-06-20T09:48:53.476+0000] {logging_mixin.py:149} INFO - [2023-06-20T09:48:53.475+0000] {dag.py:3490} INFO - Setting next_dagrun for 1_Project_Badge_5 to 2023-06-20T00:00:00+00:00, run_after=2023-06-20T00:00:00+00:00
[2023-06-20T09:48:53.495+0000] {processor.py:179} INFO - Processing /opt/airflow/dags/init.py took 0.091 seconds
[2023-06-20T09:49:23.763+0000] {processor.py:157} INFO - Started process (PID=2531) to work on /opt/airflow/dags/init.py
[2023-06-20T09:49:23.764+0000] {processor.py:826} INFO - Processing file /opt/airflow/dags/init.py for tasks to queue
[2023-06-20T09:49:23.765+0000] {logging_mixin.py:149} INFO - [2023-06-20T09:49:23.765+0000] {dagbag.py:541} INFO - Filling up the DagBag from /opt/airflow/dags/init.py
[2023-06-20T09:49:23.791+0000] {processor.py:836} INFO - DAG(s) dict_keys(['1_Project_Badge_5']) retrieved from /opt/airflow/dags/init.py
[2023-06-20T09:49:23.813+0000] {logging_mixin.py:149} INFO - [2023-06-20T09:49:23.813+0000] {dag.py:2726} INFO - Sync 1 DAGs
[2023-06-20T09:49:23.846+0000] {logging_mixin.py:149} INFO - [2023-06-20T09:49:23.846+0000] {dag.py:3490} INFO - Setting next_dagrun for 1_Project_Badge_5 to 2023-06-20T00:00:00+00:00, run_after=2023-06-20T00:00:00+00:00
[2023-06-20T09:49:23.870+0000] {processor.py:179} INFO - Processing /opt/airflow/dags/init.py took 0.110 seconds
[2023-06-20T09:49:54.097+0000] {processor.py:157} INFO - Started process (PID=2597) to work on /opt/airflow/dags/init.py
[2023-06-20T09:49:54.098+0000] {processor.py:826} INFO - Processing file /opt/airflow/dags/init.py for tasks to queue
[2023-06-20T09:49:54.099+0000] {logging_mixin.py:149} INFO - [2023-06-20T09:49:54.099+0000] {dagbag.py:541} INFO - Filling up the DagBag from /opt/airflow/dags/init.py
[2023-06-20T09:49:54.128+0000] {processor.py:836} INFO - DAG(s) dict_keys(['1_Project_Badge_5']) retrieved from /opt/airflow/dags/init.py
[2023-06-20T09:49:54.149+0000] {logging_mixin.py:149} INFO - [2023-06-20T09:49:54.149+0000] {dag.py:2726} INFO - Sync 1 DAGs
[2023-06-20T09:49:54.174+0000] {logging_mixin.py:149} INFO - [2023-06-20T09:49:54.174+0000] {dag.py:3490} INFO - Setting next_dagrun for 1_Project_Badge_5 to 2023-06-20T00:00:00+00:00, run_after=2023-06-20T00:00:00+00:00
[2023-06-20T09:49:54.196+0000] {processor.py:179} INFO - Processing /opt/airflow/dags/init.py took 0.102 seconds
[2023-06-20T09:50:24.472+0000] {processor.py:157} INFO - Started process (PID=2663) to work on /opt/airflow/dags/init.py
[2023-06-20T09:50:24.473+0000] {processor.py:826} INFO - Processing file /opt/airflow/dags/init.py for tasks to queue
[2023-06-20T09:50:24.474+0000] {logging_mixin.py:149} INFO - [2023-06-20T09:50:24.474+0000] {dagbag.py:541} INFO - Filling up the DagBag from /opt/airflow/dags/init.py
[2023-06-20T09:50:24.503+0000] {processor.py:836} INFO - DAG(s) dict_keys(['1_Project_Badge_5']) retrieved from /opt/airflow/dags/init.py
[2023-06-20T09:50:24.524+0000] {logging_mixin.py:149} INFO - [2023-06-20T09:50:24.524+0000] {dag.py:2726} INFO - Sync 1 DAGs
[2023-06-20T09:50:24.548+0000] {logging_mixin.py:149} INFO - [2023-06-20T09:50:24.548+0000] {dag.py:3490} INFO - Setting next_dagrun for 1_Project_Badge_5 to 2023-06-20T00:00:00+00:00, run_after=2023-06-20T00:00:00+00:00
[2023-06-20T09:50:24.570+0000] {processor.py:179} INFO - Processing /opt/airflow/dags/init.py took 0.101 seconds
[2023-06-20T09:50:54.843+0000] {processor.py:157} INFO - Started process (PID=2729) to work on /opt/airflow/dags/init.py
[2023-06-20T09:50:54.844+0000] {processor.py:826} INFO - Processing file /opt/airflow/dags/init.py for tasks to queue
[2023-06-20T09:50:54.845+0000] {logging_mixin.py:149} INFO - [2023-06-20T09:50:54.845+0000] {dagbag.py:541} INFO - Filling up the DagBag from /opt/airflow/dags/init.py
[2023-06-20T09:50:54.874+0000] {processor.py:836} INFO - DAG(s) dict_keys(['1_Project_Badge_5']) retrieved from /opt/airflow/dags/init.py
[2023-06-20T09:50:54.898+0000] {logging_mixin.py:149} INFO - [2023-06-20T09:50:54.897+0000] {dag.py:2726} INFO - Sync 1 DAGs
[2023-06-20T09:50:54.923+0000] {logging_mixin.py:149} INFO - [2023-06-20T09:50:54.923+0000] {dag.py:3490} INFO - Setting next_dagrun for 1_Project_Badge_5 to 2023-06-20T00:00:00+00:00, run_after=2023-06-20T00:00:00+00:00
[2023-06-20T09:50:54.944+0000] {processor.py:179} INFO - Processing /opt/airflow/dags/init.py took 0.104 seconds
[2023-06-20T09:51:25.308+0000] {processor.py:157} INFO - Started process (PID=2795) to work on /opt/airflow/dags/init.py
[2023-06-20T09:51:25.309+0000] {processor.py:826} INFO - Processing file /opt/airflow/dags/init.py for tasks to queue
[2023-06-20T09:51:25.311+0000] {logging_mixin.py:149} INFO - [2023-06-20T09:51:25.310+0000] {dagbag.py:541} INFO - Filling up the DagBag from /opt/airflow/dags/init.py
[2023-06-20T09:51:25.338+0000] {processor.py:836} INFO - DAG(s) dict_keys(['1_Project_Badge_5']) retrieved from /opt/airflow/dags/init.py
[2023-06-20T09:51:25.359+0000] {logging_mixin.py:149} INFO - [2023-06-20T09:51:25.359+0000] {dag.py:2726} INFO - Sync 1 DAGs
[2023-06-20T09:51:25.383+0000] {logging_mixin.py:149} INFO - [2023-06-20T09:51:25.383+0000] {dag.py:3490} INFO - Setting next_dagrun for 1_Project_Badge_5 to 2023-06-20T00:00:00+00:00, run_after=2023-06-20T00:00:00+00:00
[2023-06-20T09:51:25.405+0000] {processor.py:179} INFO - Processing /opt/airflow/dags/init.py took 0.099 seconds
[2023-06-20T09:51:55.696+0000] {processor.py:157} INFO - Started process (PID=2861) to work on /opt/airflow/dags/init.py
[2023-06-20T09:51:55.697+0000] {processor.py:826} INFO - Processing file /opt/airflow/dags/init.py for tasks to queue
[2023-06-20T09:51:55.698+0000] {logging_mixin.py:149} INFO - [2023-06-20T09:51:55.698+0000] {dagbag.py:541} INFO - Filling up the DagBag from /opt/airflow/dags/init.py
[2023-06-20T09:51:55.727+0000] {processor.py:836} INFO - DAG(s) dict_keys(['1_Project_Badge_5']) retrieved from /opt/airflow/dags/init.py
[2023-06-20T09:51:55.746+0000] {logging_mixin.py:149} INFO - [2023-06-20T09:51:55.746+0000] {dag.py:2726} INFO - Sync 1 DAGs
[2023-06-20T09:51:55.770+0000] {logging_mixin.py:149} INFO - [2023-06-20T09:51:55.770+0000] {dag.py:3490} INFO - Setting next_dagrun for 1_Project_Badge_5 to 2023-06-20T00:00:00+00:00, run_after=2023-06-20T00:00:00+00:00
[2023-06-20T09:51:55.789+0000] {processor.py:179} INFO - Processing /opt/airflow/dags/init.py took 0.096 seconds
[2023-06-20T09:52:26.039+0000] {processor.py:157} INFO - Started process (PID=2927) to work on /opt/airflow/dags/init.py
[2023-06-20T09:52:26.040+0000] {processor.py:826} INFO - Processing file /opt/airflow/dags/init.py for tasks to queue
[2023-06-20T09:52:26.042+0000] {logging_mixin.py:149} INFO - [2023-06-20T09:52:26.041+0000] {dagbag.py:541} INFO - Filling up the DagBag from /opt/airflow/dags/init.py
[2023-06-20T09:52:26.071+0000] {processor.py:836} INFO - DAG(s) dict_keys(['1_Project_Badge_5']) retrieved from /opt/airflow/dags/init.py
[2023-06-20T09:52:26.093+0000] {logging_mixin.py:149} INFO - [2023-06-20T09:52:26.093+0000] {dag.py:2726} INFO - Sync 1 DAGs
[2023-06-20T09:52:26.119+0000] {logging_mixin.py:149} INFO - [2023-06-20T09:52:26.119+0000] {dag.py:3490} INFO - Setting next_dagrun for 1_Project_Badge_5 to 2023-06-20T00:00:00+00:00, run_after=2023-06-20T00:00:00+00:00
[2023-06-20T09:52:26.141+0000] {processor.py:179} INFO - Processing /opt/airflow/dags/init.py took 0.104 seconds
[2023-06-20T09:52:56.345+0000] {processor.py:157} INFO - Started process (PID=2993) to work on /opt/airflow/dags/init.py
[2023-06-20T09:52:56.346+0000] {processor.py:826} INFO - Processing file /opt/airflow/dags/init.py for tasks to queue
[2023-06-20T09:52:56.347+0000] {logging_mixin.py:149} INFO - [2023-06-20T09:52:56.347+0000] {dagbag.py:541} INFO - Filling up the DagBag from /opt/airflow/dags/init.py
[2023-06-20T09:52:56.375+0000] {processor.py:836} INFO - DAG(s) dict_keys(['1_Project_Badge_5']) retrieved from /opt/airflow/dags/init.py
[2023-06-20T09:52:56.403+0000] {logging_mixin.py:149} INFO - [2023-06-20T09:52:56.403+0000] {dag.py:2726} INFO - Sync 1 DAGs
[2023-06-20T09:52:56.432+0000] {logging_mixin.py:149} INFO - [2023-06-20T09:52:56.432+0000] {dag.py:3490} INFO - Setting next_dagrun for 1_Project_Badge_5 to 2023-06-20T00:00:00+00:00, run_after=2023-06-20T00:00:00+00:00
[2023-06-20T09:52:56.457+0000] {processor.py:179} INFO - Processing /opt/airflow/dags/init.py took 0.116 seconds
