[2023-06-26T11:17:45.400+0000] {logging_mixin.py:149} INFO - Changing /opt/***/logs/dag_id=your_dag_id/run_id=scheduled__2000-01-02T01:00:00+00:00/task_id=branch_task permission to 509
[2023-06-26T11:17:45.402+0000] {logging_mixin.py:149} INFO - Failed to change /opt/***/logs/dag_id=your_dag_id/run_id=scheduled__2000-01-02T01:00:00+00:00/task_id=branch_task permission to 509: [Errno 1] Operation not permitted: '/opt/***/logs/dag_id=your_dag_id/run_id=scheduled__2000-01-02T01:00:00+00:00/task_id=branch_task'
[2023-06-26T11:17:45.438+0000] {logging_mixin.py:149} INFO - Changing /opt/***/logs/dag_id=your_dag_id/run_id=scheduled__2000-01-02T01:00:00+00:00/task_id=branch_task permission to 509
[2023-06-26T11:17:45.439+0000] {logging_mixin.py:149} INFO - Failed to change /opt/***/logs/dag_id=your_dag_id/run_id=scheduled__2000-01-02T01:00:00+00:00/task_id=branch_task permission to 509: [Errno 1] Operation not permitted: '/opt/***/logs/dag_id=your_dag_id/run_id=scheduled__2000-01-02T01:00:00+00:00/task_id=branch_task'
[2023-06-26T11:17:45.628+0000] {taskinstance.py:1103} INFO - Dependencies all met for dep_context=non-requeueable deps ti=<TaskInstance: your_dag_id.branch_task scheduled__2000-01-02T01:00:00+00:00 [queued]>
[2023-06-26T11:17:45.640+0000] {taskinstance.py:1103} INFO - Dependencies all met for dep_context=requeueable deps ti=<TaskInstance: your_dag_id.branch_task scheduled__2000-01-02T01:00:00+00:00 [queued]>
[2023-06-26T11:17:45.641+0000] {taskinstance.py:1308} INFO - Starting attempt 1 of 2
[2023-06-26T11:17:45.661+0000] {taskinstance.py:1327} INFO - Executing <Task(BranchPythonOperator): branch_task> on 2000-01-02 01:00:00+00:00
[2023-06-26T11:17:45.667+0000] {standard_task_runner.py:57} INFO - Started process 197 to run task
[2023-06-26T11:17:45.672+0000] {standard_task_runner.py:84} INFO - Running: ['***', 'tasks', 'run', 'your_dag_id', 'branch_task', 'scheduled__2000-01-02T01:00:00+00:00', '--job-id', '79', '--raw', '--subdir', 'DAGS_FOLDER/test.py', '--cfg-path', '/tmp/tmp87u_chti']
[2023-06-26T11:17:45.675+0000] {standard_task_runner.py:85} INFO - Job 79: Subtask branch_task
[2023-06-26T11:17:45.730+0000] {logging_mixin.py:149} INFO - Changing /opt/***/logs/dag_id=your_dag_id/run_id=scheduled__2000-01-02T01:00:00+00:00/task_id=branch_task permission to 509
[2023-06-26T11:17:45.731+0000] {logging_mixin.py:149} INFO - Failed to change /opt/***/logs/dag_id=your_dag_id/run_id=scheduled__2000-01-02T01:00:00+00:00/task_id=branch_task permission to 509: [Errno 1] Operation not permitted: '/opt/***/logs/dag_id=your_dag_id/run_id=scheduled__2000-01-02T01:00:00+00:00/task_id=branch_task'
[2023-06-26T11:17:45.734+0000] {task_command.py:410} INFO - Running <TaskInstance: your_dag_id.branch_task scheduled__2000-01-02T01:00:00+00:00 [running]> on host dfc7c5882702
[2023-06-26T11:17:45.843+0000] {taskinstance.py:1547} INFO - Exporting env vars: AIRFLOW_CTX_DAG_EMAIL='you@email.com' AIRFLOW_CTX_DAG_OWNER='***' AIRFLOW_CTX_DAG_ID='your_dag_id' AIRFLOW_CTX_TASK_ID='branch_task' AIRFLOW_CTX_EXECUTION_DATE='2000-01-02T01:00:00+00:00' AIRFLOW_CTX_TRY_NUMBER='1' AIRFLOW_CTX_DAG_RUN_ID='scheduled__2000-01-02T01:00:00+00:00'
[2023-06-26T11:17:45.845+0000] {python.py:183} INFO - Done. Returned value was: skip_initial_task
[2023-06-26T11:17:45.846+0000] {python.py:216} INFO - Branch callable return skip_initial_task
[2023-06-26T11:17:45.846+0000] {skipmixin.py:161} INFO - Following branch skip_initial_task
[2023-06-26T11:17:45.847+0000] {skipmixin.py:221} INFO - Skipping tasks ['initial_task']
[2023-06-26T11:17:45.902+0000] {taskinstance.py:1350} INFO - Marking task as SUCCESS. dag_id=your_dag_id, task_id=branch_task, execution_date=20000102T010000, start_date=20230626T111745, end_date=20230626T111745
[2023-06-26T11:17:45.927+0000] {local_task_job_runner.py:225} INFO - Task exited with return code 0
[2023-06-26T11:17:45.969+0000] {taskinstance.py:2651} INFO - 0 downstream tasks scheduled from follow-on schedule check
