[2023-06-20T09:06:28.922+0000] {logging_mixin.py:149} INFO - Changing /opt/***/logs/dag_id=Badge_5/run_id=scheduled__2023-06-20T00:00:00+00:00/task_id=load_seed_todl_once permission to 509
[2023-06-20T09:06:28.923+0000] {logging_mixin.py:149} INFO - Failed to change /opt/***/logs/dag_id=Badge_5/run_id=scheduled__2023-06-20T00:00:00+00:00/task_id=load_seed_todl_once permission to 509: [Errno 1] Operation not permitted: '/opt/***/logs/dag_id=Badge_5/run_id=scheduled__2023-06-20T00:00:00+00:00/task_id=load_seed_todl_once'
[2023-06-20T09:06:28.956+0000] {logging_mixin.py:149} INFO - Changing /opt/***/logs/dag_id=Badge_5/run_id=scheduled__2023-06-20T00:00:00+00:00/task_id=load_seed_todl_once permission to 509
[2023-06-20T09:06:28.957+0000] {logging_mixin.py:149} INFO - Failed to change /opt/***/logs/dag_id=Badge_5/run_id=scheduled__2023-06-20T00:00:00+00:00/task_id=load_seed_todl_once permission to 509: [Errno 1] Operation not permitted: '/opt/***/logs/dag_id=Badge_5/run_id=scheduled__2023-06-20T00:00:00+00:00/task_id=load_seed_todl_once'
[2023-06-20T09:06:29.193+0000] {taskinstance.py:1103} INFO - Dependencies all met for dep_context=non-requeueable deps ti=<TaskInstance: Badge_5.load_seed_todl_once scheduled__2023-06-20T00:00:00+00:00 [queued]>
[2023-06-20T09:06:29.205+0000] {taskinstance.py:1103} INFO - Dependencies all met for dep_context=requeueable deps ti=<TaskInstance: Badge_5.load_seed_todl_once scheduled__2023-06-20T00:00:00+00:00 [queued]>
[2023-06-20T09:06:29.206+0000] {taskinstance.py:1308} INFO - Starting attempt 1 of 1
[2023-06-20T09:06:29.227+0000] {taskinstance.py:1327} INFO - Executing <Task(BashOperator): load_seed_todl_once> on 2023-06-20 00:00:00+00:00
[2023-06-20T09:06:29.233+0000] {standard_task_runner.py:57} INFO - Started process 616 to run task
[2023-06-20T09:06:29.238+0000] {standard_task_runner.py:84} INFO - Running: ['***', 'tasks', 'run', 'Badge_5', 'load_seed_todl_once', 'scheduled__2023-06-20T00:00:00+00:00', '--job-id', '9', '--raw', '--subdir', 'DAGS_FOLDER/init.py', '--cfg-path', '/tmp/tmpubpffc0b']
[2023-06-20T09:06:29.240+0000] {standard_task_runner.py:85} INFO - Job 9: Subtask load_seed_todl_once
[2023-06-20T09:06:29.301+0000] {logging_mixin.py:149} INFO - Changing /opt/***/logs/dag_id=Badge_5/run_id=scheduled__2023-06-20T00:00:00+00:00/task_id=load_seed_todl_once permission to 509
[2023-06-20T09:06:29.302+0000] {logging_mixin.py:149} INFO - Failed to change /opt/***/logs/dag_id=Badge_5/run_id=scheduled__2023-06-20T00:00:00+00:00/task_id=load_seed_todl_once permission to 509: [Errno 1] Operation not permitted: '/opt/***/logs/dag_id=Badge_5/run_id=scheduled__2023-06-20T00:00:00+00:00/task_id=load_seed_todl_once'
[2023-06-20T09:06:29.305+0000] {task_command.py:410} INFO - Running <TaskInstance: Badge_5.load_seed_todl_once scheduled__2023-06-20T00:00:00+00:00 [running]> on host cb5483273a55
[2023-06-20T09:06:29.447+0000] {taskinstance.py:1547} INFO - Exporting env vars: AIRFLOW_CTX_DAG_OWNER='***' AIRFLOW_CTX_DAG_ID='Badge_5' AIRFLOW_CTX_TASK_ID='load_seed_todl_once' AIRFLOW_CTX_EXECUTION_DATE='2023-06-20T00:00:00+00:00' AIRFLOW_CTX_TRY_NUMBER='1' AIRFLOW_CTX_DAG_RUN_ID='scheduled__2023-06-20T00:00:00+00:00'
[2023-06-20T09:06:29.451+0000] {subprocess.py:63} INFO - Tmp dir root location: 
 /tmp
[2023-06-20T09:06:29.453+0000] {subprocess.py:75} INFO - Running command: ['/bin/bash', '-c', 'cd /dbt && dbt seed --profiles-dir .']
[2023-06-20T09:06:29.464+0000] {subprocess.py:86} INFO - Output:
[2023-06-20T09:06:32.918+0000] {subprocess.py:93} INFO - [0m09:06:32  Running with dbt=1.5.1
[2023-06-20T09:06:34.649+0000] {subprocess.py:93} INFO - [0m09:06:34  [[33mWARNING[0m]: Configuration paths exist in your dbt_project.yml file which do not apply to any resources.
[2023-06-20T09:06:34.650+0000] {subprocess.py:93} INFO - There are 1 unused configuration paths:
[2023-06-20T09:06:34.651+0000] {subprocess.py:93} INFO - - models.badge_5.time_of_day
[2023-06-20T09:06:34.699+0000] {subprocess.py:93} INFO - [0m09:06:34  Found 3 models, 4 tests, 0 snapshots, 0 analyses, 321 macros, 0 operations, 1 seed file, 0 sources, 0 exposures, 0 metrics, 0 groups
[2023-06-20T09:06:34.703+0000] {subprocess.py:93} INFO - [0m09:06:34
[2023-06-20T09:06:36.233+0000] {subprocess.py:93} INFO - [0m09:06:36  Concurrency: 200 threads (target='dev')
[2023-06-20T09:06:36.236+0000] {subprocess.py:93} INFO - [0m09:06:36
[2023-06-20T09:06:36.299+0000] {subprocess.py:93} INFO - [0m09:06:36  1 of 1 START seed file ***.time_of_day_lu .................................. [RUN]
[2023-06-20T09:06:39.066+0000] {subprocess.py:93} INFO - [0m09:06:39  1 of 1 OK loaded seed file ***.time_of_day_lu .............................. [[32mINSERT 24[0m in 2.76s]
[2023-06-20T09:06:39.196+0000] {subprocess.py:93} INFO - [0m09:06:39
[2023-06-20T09:06:39.198+0000] {subprocess.py:93} INFO - [0m09:06:39  Finished running 1 seed in 0 hours 0 minutes and 4.49 seconds (4.49s).
[2023-06-20T09:06:39.230+0000] {subprocess.py:93} INFO - [0m09:06:39
[2023-06-20T09:06:39.231+0000] {subprocess.py:93} INFO - [0m09:06:39  [32mCompleted successfully[0m
[2023-06-20T09:06:39.233+0000] {subprocess.py:93} INFO - [0m09:06:39
[2023-06-20T09:06:39.234+0000] {subprocess.py:93} INFO - [0m09:06:39  Done. PASS=1 WARN=0 ERROR=0 SKIP=0 TOTAL=1
[2023-06-20T09:06:39.876+0000] {subprocess.py:97} INFO - Command exited with return code 0
[2023-06-20T09:06:39.914+0000] {taskinstance.py:1350} INFO - Marking task as SUCCESS. dag_id=Badge_5, task_id=load_seed_todl_once, execution_date=20230620T000000, start_date=20230620T090629, end_date=20230620T090639
[2023-06-20T09:06:40.054+0000] {local_task_job_runner.py:225} INFO - Task exited with return code 0
[2023-06-20T09:06:40.109+0000] {taskinstance.py:2651} INFO - 1 downstream tasks scheduled from follow-on schedule check
