[2023-06-23T15:25:05.221+0000] {logging_mixin.py:149} INFO - Changing /opt/***/logs/dag_id=1_Project_Badge_5/run_id=scheduled__2023-06-20T00:00:00+00:00/task_id=load_seed_todl_once permission to 509
[2023-06-23T15:25:05.222+0000] {logging_mixin.py:149} INFO - Failed to change /opt/***/logs/dag_id=1_Project_Badge_5/run_id=scheduled__2023-06-20T00:00:00+00:00/task_id=load_seed_todl_once permission to 509: [Errno 1] Operation not permitted: '/opt/***/logs/dag_id=1_Project_Badge_5/run_id=scheduled__2023-06-20T00:00:00+00:00/task_id=load_seed_todl_once'
[2023-06-23T15:25:05.268+0000] {logging_mixin.py:149} INFO - Changing /opt/***/logs/dag_id=1_Project_Badge_5/run_id=scheduled__2023-06-20T00:00:00+00:00/task_id=load_seed_todl_once permission to 509
[2023-06-23T15:25:05.269+0000] {logging_mixin.py:149} INFO - Failed to change /opt/***/logs/dag_id=1_Project_Badge_5/run_id=scheduled__2023-06-20T00:00:00+00:00/task_id=load_seed_todl_once permission to 509: [Errno 1] Operation not permitted: '/opt/***/logs/dag_id=1_Project_Badge_5/run_id=scheduled__2023-06-20T00:00:00+00:00/task_id=load_seed_todl_once'
[2023-06-23T15:25:05.481+0000] {taskinstance.py:1103} INFO - Dependencies all met for dep_context=non-requeueable deps ti=<TaskInstance: 1_Project_Badge_5.load_seed_todl_once scheduled__2023-06-20T00:00:00+00:00 [queued]>
[2023-06-23T15:25:05.491+0000] {taskinstance.py:1103} INFO - Dependencies all met for dep_context=requeueable deps ti=<TaskInstance: 1_Project_Badge_5.load_seed_todl_once scheduled__2023-06-20T00:00:00+00:00 [queued]>
[2023-06-23T15:25:05.492+0000] {taskinstance.py:1308} INFO - Starting attempt 1 of 1
[2023-06-23T15:25:05.512+0000] {taskinstance.py:1327} INFO - Executing <Task(BashOperator): load_seed_todl_once> on 2023-06-20 00:00:00+00:00
[2023-06-23T15:25:05.517+0000] {standard_task_runner.py:57} INFO - Started process 1873 to run task
[2023-06-23T15:25:05.521+0000] {standard_task_runner.py:84} INFO - Running: ['***', 'tasks', 'run', '1_Project_Badge_5', 'load_seed_todl_once', 'scheduled__2023-06-20T00:00:00+00:00', '--job-id', '44', '--raw', '--subdir', 'DAGS_FOLDER/init.py', '--cfg-path', '/tmp/tmpwe3yhqkl']
[2023-06-23T15:25:05.524+0000] {standard_task_runner.py:85} INFO - Job 44: Subtask load_seed_todl_once
[2023-06-23T15:25:05.577+0000] {logging_mixin.py:149} INFO - Changing /opt/***/logs/dag_id=1_Project_Badge_5/run_id=scheduled__2023-06-20T00:00:00+00:00/task_id=load_seed_todl_once permission to 509
[2023-06-23T15:25:05.578+0000] {logging_mixin.py:149} INFO - Failed to change /opt/***/logs/dag_id=1_Project_Badge_5/run_id=scheduled__2023-06-20T00:00:00+00:00/task_id=load_seed_todl_once permission to 509: [Errno 1] Operation not permitted: '/opt/***/logs/dag_id=1_Project_Badge_5/run_id=scheduled__2023-06-20T00:00:00+00:00/task_id=load_seed_todl_once'
[2023-06-23T15:25:05.580+0000] {task_command.py:410} INFO - Running <TaskInstance: 1_Project_Badge_5.load_seed_todl_once scheduled__2023-06-20T00:00:00+00:00 [running]> on host 9b03f6d5dc98
[2023-06-23T15:25:05.697+0000] {taskinstance.py:1547} INFO - Exporting env vars: AIRFLOW_CTX_DAG_OWNER='***' AIRFLOW_CTX_DAG_ID='1_Project_Badge_5' AIRFLOW_CTX_TASK_ID='load_seed_todl_once' AIRFLOW_CTX_EXECUTION_DATE='2023-06-20T00:00:00+00:00' AIRFLOW_CTX_TRY_NUMBER='1' AIRFLOW_CTX_DAG_RUN_ID='scheduled__2023-06-20T00:00:00+00:00'
[2023-06-23T15:25:05.699+0000] {subprocess.py:63} INFO - Tmp dir root location: 
 /tmp
[2023-06-23T15:25:05.700+0000] {subprocess.py:75} INFO - Running command: ['/bin/bash', '-c', 'cd /dbt && dbt seed --profiles-dir .']
[2023-06-23T15:25:05.710+0000] {subprocess.py:86} INFO - Output:
[2023-06-23T15:25:08.804+0000] {subprocess.py:93} INFO - [0m15:25:08  Running with dbt=1.5.1
[2023-06-23T15:25:12.967+0000] {subprocess.py:93} INFO - [0m15:25:12  [[33mWARNING[0m]: Configuration paths exist in your dbt_project.yml file which do not apply to any resources.
[2023-06-23T15:25:12.967+0000] {subprocess.py:93} INFO - There are 2 unused configuration paths:
[2023-06-23T15:25:12.968+0000] {subprocess.py:93} INFO - - models.badge_5.time_of_day
[2023-06-23T15:25:12.968+0000] {subprocess.py:93} INFO - - models.badge_5.create_stage
[2023-06-23T15:25:13.019+0000] {subprocess.py:93} INFO - [0m15:25:13  Found 1 model, 0 tests, 0 snapshots, 0 analyses, 453 macros, 0 operations, 1 seed file, 0 sources, 0 exposures, 0 metrics, 0 groups
[2023-06-23T15:25:13.023+0000] {subprocess.py:93} INFO - [0m15:25:13
[2023-06-23T15:25:14.170+0000] {subprocess.py:93} INFO - [0m15:25:14  Concurrency: 200 threads (target='dev')
[2023-06-23T15:25:14.171+0000] {subprocess.py:93} INFO - [0m15:25:14
[2023-06-23T15:25:14.227+0000] {subprocess.py:93} INFO - [0m15:25:14  1 of 1 START seed file ***.time_of_day_lu .................................. [RUN]
[2023-06-23T15:25:16.052+0000] {subprocess.py:93} INFO - [0m15:25:16  1 of 1 OK loaded seed file ***.time_of_day_lu .............................. [[32mINSERT 24[0m in 1.82s]
[2023-06-23T15:25:16.158+0000] {subprocess.py:93} INFO - [0m15:25:16
[2023-06-23T15:25:16.159+0000] {subprocess.py:93} INFO - [0m15:25:16  Finished running 1 seed in 0 hours 0 minutes and 3.13 seconds (3.13s).
[2023-06-23T15:25:16.227+0000] {subprocess.py:93} INFO - [0m15:25:16
[2023-06-23T15:25:16.228+0000] {subprocess.py:93} INFO - [0m15:25:16  [32mCompleted successfully[0m
[2023-06-23T15:25:16.229+0000] {subprocess.py:93} INFO - [0m15:25:16
[2023-06-23T15:25:16.230+0000] {subprocess.py:93} INFO - [0m15:25:16  Done. PASS=1 WARN=0 ERROR=0 SKIP=0 TOTAL=1
[2023-06-23T15:25:16.864+0000] {subprocess.py:97} INFO - Command exited with return code 0
[2023-06-23T15:25:16.889+0000] {taskinstance.py:1350} INFO - Marking task as SUCCESS. dag_id=1_Project_Badge_5, task_id=load_seed_todl_once, execution_date=20230620T000000, start_date=20230623T152505, end_date=20230623T152516
[2023-06-23T15:25:16.926+0000] {local_task_job_runner.py:225} INFO - Task exited with return code 0
[2023-06-23T15:25:16.949+0000] {taskinstance.py:2651} INFO - 1 downstream tasks scheduled from follow-on schedule check
