[2023-06-26T11:17:55.840+0000] {logging_mixin.py:149} INFO - Changing /opt/***/logs/dag_id=your_dag_id/run_id=scheduled__2000-01-04T01:00:00+00:00/task_id=branch_task permission to 509
[2023-06-26T11:17:55.842+0000] {logging_mixin.py:149} INFO - Failed to change /opt/***/logs/dag_id=your_dag_id/run_id=scheduled__2000-01-04T01:00:00+00:00/task_id=branch_task permission to 509: [Errno 1] Operation not permitted: '/opt/***/logs/dag_id=your_dag_id/run_id=scheduled__2000-01-04T01:00:00+00:00/task_id=branch_task'
[2023-06-26T11:17:55.876+0000] {logging_mixin.py:149} INFO - Changing /opt/***/logs/dag_id=your_dag_id/run_id=scheduled__2000-01-04T01:00:00+00:00/task_id=branch_task permission to 509
[2023-06-26T11:17:55.878+0000] {logging_mixin.py:149} INFO - Failed to change /opt/***/logs/dag_id=your_dag_id/run_id=scheduled__2000-01-04T01:00:00+00:00/task_id=branch_task permission to 509: [Errno 1] Operation not permitted: '/opt/***/logs/dag_id=your_dag_id/run_id=scheduled__2000-01-04T01:00:00+00:00/task_id=branch_task'
[2023-06-26T11:17:56.061+0000] {taskinstance.py:1103} INFO - Dependencies all met for dep_context=non-requeueable deps ti=<TaskInstance: your_dag_id.branch_task scheduled__2000-01-04T01:00:00+00:00 [queued]>
[2023-06-26T11:17:56.074+0000] {taskinstance.py:1103} INFO - Dependencies all met for dep_context=requeueable deps ti=<TaskInstance: your_dag_id.branch_task scheduled__2000-01-04T01:00:00+00:00 [queued]>
[2023-06-26T11:17:56.075+0000] {taskinstance.py:1308} INFO - Starting attempt 1 of 2
[2023-06-26T11:17:56.097+0000] {taskinstance.py:1327} INFO - Executing <Task(BranchPythonOperator): branch_task> on 2000-01-04 01:00:00+00:00
[2023-06-26T11:17:56.103+0000] {standard_task_runner.py:57} INFO - Started process 203 to run task
[2023-06-26T11:17:56.107+0000] {standard_task_runner.py:84} INFO - Running: ['***', 'tasks', 'run', 'your_dag_id', 'branch_task', 'scheduled__2000-01-04T01:00:00+00:00', '--job-id', '81', '--raw', '--subdir', 'DAGS_FOLDER/test.py', '--cfg-path', '/tmp/tmpu7atl_o_']
[2023-06-26T11:17:56.110+0000] {standard_task_runner.py:85} INFO - Job 81: Subtask branch_task
[2023-06-26T11:17:56.169+0000] {logging_mixin.py:149} INFO - Changing /opt/***/logs/dag_id=your_dag_id/run_id=scheduled__2000-01-04T01:00:00+00:00/task_id=branch_task permission to 509
[2023-06-26T11:17:56.169+0000] {logging_mixin.py:149} INFO - Failed to change /opt/***/logs/dag_id=your_dag_id/run_id=scheduled__2000-01-04T01:00:00+00:00/task_id=branch_task permission to 509: [Errno 1] Operation not permitted: '/opt/***/logs/dag_id=your_dag_id/run_id=scheduled__2000-01-04T01:00:00+00:00/task_id=branch_task'
[2023-06-26T11:17:56.173+0000] {task_command.py:410} INFO - Running <TaskInstance: your_dag_id.branch_task scheduled__2000-01-04T01:00:00+00:00 [running]> on host dfc7c5882702
[2023-06-26T11:17:56.286+0000] {taskinstance.py:1547} INFO - Exporting env vars: AIRFLOW_CTX_DAG_EMAIL='you@email.com' AIRFLOW_CTX_DAG_OWNER='***' AIRFLOW_CTX_DAG_ID='your_dag_id' AIRFLOW_CTX_TASK_ID='branch_task' AIRFLOW_CTX_EXECUTION_DATE='2000-01-04T01:00:00+00:00' AIRFLOW_CTX_TRY_NUMBER='1' AIRFLOW_CTX_DAG_RUN_ID='scheduled__2000-01-04T01:00:00+00:00'
[2023-06-26T11:17:56.289+0000] {python.py:183} INFO - Done. Returned value was: skip_initial_task
[2023-06-26T11:17:56.290+0000] {python.py:216} INFO - Branch callable return skip_initial_task
[2023-06-26T11:17:56.290+0000] {skipmixin.py:161} INFO - Following branch skip_initial_task
[2023-06-26T11:17:56.291+0000] {skipmixin.py:221} INFO - Skipping tasks ['initial_task']
[2023-06-26T11:17:56.341+0000] {taskinstance.py:1350} INFO - Marking task as SUCCESS. dag_id=your_dag_id, task_id=branch_task, execution_date=20000104T010000, start_date=20230626T111756, end_date=20230626T111756
[2023-06-26T11:17:56.363+0000] {local_task_job_runner.py:225} INFO - Task exited with return code 0
[2023-06-26T11:17:56.405+0000] {taskinstance.py:2651} INFO - 0 downstream tasks scheduled from follow-on schedule check
