[2023-06-23T15:26:38.392+0000] {logging_mixin.py:149} INFO - Changing /opt/***/logs/dag_id=1_Project_Badge_5/run_id=manual__2023-06-23T15:26:37.115887+00:00/task_id=load_seed_todl_once permission to 509
[2023-06-23T15:26:38.396+0000] {logging_mixin.py:149} INFO - Failed to change /opt/***/logs/dag_id=1_Project_Badge_5/run_id=manual__2023-06-23T15:26:37.115887+00:00/task_id=load_seed_todl_once permission to 509: [Errno 1] Operation not permitted: '/opt/***/logs/dag_id=1_Project_Badge_5/run_id=manual__2023-06-23T15:26:37.115887+00:00/task_id=load_seed_todl_once'
[2023-06-23T15:26:38.423+0000] {logging_mixin.py:149} INFO - Changing /opt/***/logs/dag_id=1_Project_Badge_5/run_id=manual__2023-06-23T15:26:37.115887+00:00/task_id=load_seed_todl_once permission to 509
[2023-06-23T15:26:38.424+0000] {logging_mixin.py:149} INFO - Failed to change /opt/***/logs/dag_id=1_Project_Badge_5/run_id=manual__2023-06-23T15:26:37.115887+00:00/task_id=load_seed_todl_once permission to 509: [Errno 1] Operation not permitted: '/opt/***/logs/dag_id=1_Project_Badge_5/run_id=manual__2023-06-23T15:26:37.115887+00:00/task_id=load_seed_todl_once'
[2023-06-23T15:26:38.602+0000] {taskinstance.py:1103} INFO - Dependencies all met for dep_context=non-requeueable deps ti=<TaskInstance: 1_Project_Badge_5.load_seed_todl_once manual__2023-06-23T15:26:37.115887+00:00 [queued]>
[2023-06-23T15:26:38.610+0000] {taskinstance.py:1103} INFO - Dependencies all met for dep_context=requeueable deps ti=<TaskInstance: 1_Project_Badge_5.load_seed_todl_once manual__2023-06-23T15:26:37.115887+00:00 [queued]>
[2023-06-23T15:26:38.611+0000] {taskinstance.py:1308} INFO - Starting attempt 1 of 1
[2023-06-23T15:26:38.625+0000] {taskinstance.py:1327} INFO - Executing <Task(BashOperator): load_seed_todl_once> on 2023-06-23 15:26:37.115887+00:00
[2023-06-23T15:26:38.630+0000] {standard_task_runner.py:57} INFO - Started process 2396 to run task
[2023-06-23T15:26:38.634+0000] {standard_task_runner.py:84} INFO - Running: ['***', 'tasks', 'run', '1_Project_Badge_5', 'load_seed_todl_once', 'manual__2023-06-23T15:26:37.115887+00:00', '--job-id', '49', '--raw', '--subdir', 'DAGS_FOLDER/init.py', '--cfg-path', '/tmp/tmp6monnsyv']
[2023-06-23T15:26:38.637+0000] {standard_task_runner.py:85} INFO - Job 49: Subtask load_seed_todl_once
[2023-06-23T15:26:38.687+0000] {logging_mixin.py:149} INFO - Changing /opt/***/logs/dag_id=1_Project_Badge_5/run_id=manual__2023-06-23T15:26:37.115887+00:00/task_id=load_seed_todl_once permission to 509
[2023-06-23T15:26:38.688+0000] {logging_mixin.py:149} INFO - Failed to change /opt/***/logs/dag_id=1_Project_Badge_5/run_id=manual__2023-06-23T15:26:37.115887+00:00/task_id=load_seed_todl_once permission to 509: [Errno 1] Operation not permitted: '/opt/***/logs/dag_id=1_Project_Badge_5/run_id=manual__2023-06-23T15:26:37.115887+00:00/task_id=load_seed_todl_once'
[2023-06-23T15:26:38.691+0000] {task_command.py:410} INFO - Running <TaskInstance: 1_Project_Badge_5.load_seed_todl_once manual__2023-06-23T15:26:37.115887+00:00 [running]> on host 9b03f6d5dc98
[2023-06-23T15:26:38.839+0000] {taskinstance.py:1547} INFO - Exporting env vars: AIRFLOW_CTX_DAG_OWNER='***' AIRFLOW_CTX_DAG_ID='1_Project_Badge_5' AIRFLOW_CTX_TASK_ID='load_seed_todl_once' AIRFLOW_CTX_EXECUTION_DATE='2023-06-23T15:26:37.115887+00:00' AIRFLOW_CTX_TRY_NUMBER='1' AIRFLOW_CTX_DAG_RUN_ID='manual__2023-06-23T15:26:37.115887+00:00'
[2023-06-23T15:26:38.841+0000] {subprocess.py:63} INFO - Tmp dir root location: 
 /tmp
[2023-06-23T15:26:38.842+0000] {subprocess.py:75} INFO - Running command: ['/bin/bash', '-c', 'cd /dbt && dbt seed --profiles-dir .']
[2023-06-23T15:26:38.854+0000] {subprocess.py:86} INFO - Output:
[2023-06-23T15:26:42.202+0000] {subprocess.py:93} INFO - [0m15:26:42  Running with dbt=1.5.1
[2023-06-23T15:26:46.420+0000] {subprocess.py:93} INFO - [0m15:26:46  [[33mWARNING[0m]: Configuration paths exist in your dbt_project.yml file which do not apply to any resources.
[2023-06-23T15:26:46.422+0000] {subprocess.py:93} INFO - There are 2 unused configuration paths:
[2023-06-23T15:26:46.422+0000] {subprocess.py:93} INFO - - models.badge_5.time_of_day
[2023-06-23T15:26:46.423+0000] {subprocess.py:93} INFO - - models.badge_5.create_stage
[2023-06-23T15:26:46.466+0000] {subprocess.py:93} INFO - [0m15:26:46  Found 1 model, 0 tests, 0 snapshots, 0 analyses, 453 macros, 0 operations, 1 seed file, 0 sources, 0 exposures, 0 metrics, 0 groups
[2023-06-23T15:26:46.469+0000] {subprocess.py:93} INFO - [0m15:26:46
[2023-06-23T15:26:47.588+0000] {subprocess.py:93} INFO - [0m15:26:47  Concurrency: 200 threads (target='dev')
[2023-06-23T15:26:47.589+0000] {subprocess.py:93} INFO - [0m15:26:47
[2023-06-23T15:26:47.631+0000] {subprocess.py:93} INFO - [0m15:26:47  1 of 1 START seed file ***.time_of_day_lu .................................. [RUN]
[2023-06-23T15:26:49.050+0000] {subprocess.py:93} INFO - [0m15:26:49  1 of 1 OK loaded seed file ***.time_of_day_lu .............................. [[32mINSERT 24[0m in 1.42s]
[2023-06-23T15:26:49.159+0000] {subprocess.py:93} INFO - [0m15:26:49
[2023-06-23T15:26:49.160+0000] {subprocess.py:93} INFO - [0m15:26:49  Finished running 1 seed in 0 hours 0 minutes and 2.69 seconds (2.69s).
[2023-06-23T15:26:49.285+0000] {subprocess.py:93} INFO - [0m15:26:49
[2023-06-23T15:26:49.286+0000] {subprocess.py:93} INFO - [0m15:26:49  [32mCompleted successfully[0m
[2023-06-23T15:26:49.287+0000] {subprocess.py:93} INFO - [0m15:26:49
[2023-06-23T15:26:49.288+0000] {subprocess.py:93} INFO - [0m15:26:49  Done. PASS=1 WARN=0 ERROR=0 SKIP=0 TOTAL=1
[2023-06-23T15:26:49.908+0000] {subprocess.py:97} INFO - Command exited with return code 0
[2023-06-23T15:26:49.941+0000] {taskinstance.py:1350} INFO - Marking task as SUCCESS. dag_id=1_Project_Badge_5, task_id=load_seed_todl_once, execution_date=20230623T152637, start_date=20230623T152638, end_date=20230623T152649
[2023-06-23T15:26:49.965+0000] {local_task_job_runner.py:225} INFO - Task exited with return code 0
[2023-06-23T15:26:49.984+0000] {taskinstance.py:2651} INFO - 1 downstream tasks scheduled from follow-on schedule check
