[2023-06-26T11:18:05.785+0000] {logging_mixin.py:149} INFO - Changing /opt/***/logs/dag_id=your_dag_id/run_id=scheduled__2000-01-06T01:00:00+00:00/task_id=branch_task permission to 509
[2023-06-26T11:18:05.787+0000] {logging_mixin.py:149} INFO - Failed to change /opt/***/logs/dag_id=your_dag_id/run_id=scheduled__2000-01-06T01:00:00+00:00/task_id=branch_task permission to 509: [Errno 1] Operation not permitted: '/opt/***/logs/dag_id=your_dag_id/run_id=scheduled__2000-01-06T01:00:00+00:00/task_id=branch_task'
[2023-06-26T11:18:05.831+0000] {logging_mixin.py:149} INFO - Changing /opt/***/logs/dag_id=your_dag_id/run_id=scheduled__2000-01-06T01:00:00+00:00/task_id=branch_task permission to 509
[2023-06-26T11:18:05.832+0000] {logging_mixin.py:149} INFO - Failed to change /opt/***/logs/dag_id=your_dag_id/run_id=scheduled__2000-01-06T01:00:00+00:00/task_id=branch_task permission to 509: [Errno 1] Operation not permitted: '/opt/***/logs/dag_id=your_dag_id/run_id=scheduled__2000-01-06T01:00:00+00:00/task_id=branch_task'
[2023-06-26T11:18:06.060+0000] {taskinstance.py:1103} INFO - Dependencies all met for dep_context=non-requeueable deps ti=<TaskInstance: your_dag_id.branch_task scheduled__2000-01-06T01:00:00+00:00 [queued]>
[2023-06-26T11:18:06.076+0000] {taskinstance.py:1103} INFO - Dependencies all met for dep_context=requeueable deps ti=<TaskInstance: your_dag_id.branch_task scheduled__2000-01-06T01:00:00+00:00 [queued]>
[2023-06-26T11:18:06.077+0000] {taskinstance.py:1308} INFO - Starting attempt 1 of 2
[2023-06-26T11:18:06.104+0000] {taskinstance.py:1327} INFO - Executing <Task(BranchPythonOperator): branch_task> on 2000-01-06 01:00:00+00:00
[2023-06-26T11:18:06.111+0000] {standard_task_runner.py:57} INFO - Started process 209 to run task
[2023-06-26T11:18:06.117+0000] {standard_task_runner.py:84} INFO - Running: ['***', 'tasks', 'run', 'your_dag_id', 'branch_task', 'scheduled__2000-01-06T01:00:00+00:00', '--job-id', '83', '--raw', '--subdir', 'DAGS_FOLDER/test.py', '--cfg-path', '/tmp/tmpmak9av5r']
[2023-06-26T11:18:06.121+0000] {standard_task_runner.py:85} INFO - Job 83: Subtask branch_task
[2023-06-26T11:18:06.192+0000] {logging_mixin.py:149} INFO - Changing /opt/***/logs/dag_id=your_dag_id/run_id=scheduled__2000-01-06T01:00:00+00:00/task_id=branch_task permission to 509
[2023-06-26T11:18:06.192+0000] {logging_mixin.py:149} INFO - Failed to change /opt/***/logs/dag_id=your_dag_id/run_id=scheduled__2000-01-06T01:00:00+00:00/task_id=branch_task permission to 509: [Errno 1] Operation not permitted: '/opt/***/logs/dag_id=your_dag_id/run_id=scheduled__2000-01-06T01:00:00+00:00/task_id=branch_task'
[2023-06-26T11:18:06.196+0000] {task_command.py:410} INFO - Running <TaskInstance: your_dag_id.branch_task scheduled__2000-01-06T01:00:00+00:00 [running]> on host dfc7c5882702
[2023-06-26T11:18:06.309+0000] {taskinstance.py:1547} INFO - Exporting env vars: AIRFLOW_CTX_DAG_EMAIL='you@email.com' AIRFLOW_CTX_DAG_OWNER='***' AIRFLOW_CTX_DAG_ID='your_dag_id' AIRFLOW_CTX_TASK_ID='branch_task' AIRFLOW_CTX_EXECUTION_DATE='2000-01-06T01:00:00+00:00' AIRFLOW_CTX_TRY_NUMBER='1' AIRFLOW_CTX_DAG_RUN_ID='scheduled__2000-01-06T01:00:00+00:00'
[2023-06-26T11:18:06.311+0000] {python.py:183} INFO - Done. Returned value was: skip_initial_task
[2023-06-26T11:18:06.312+0000] {python.py:216} INFO - Branch callable return skip_initial_task
[2023-06-26T11:18:06.312+0000] {skipmixin.py:161} INFO - Following branch skip_initial_task
[2023-06-26T11:18:06.314+0000] {skipmixin.py:221} INFO - Skipping tasks ['initial_task']
[2023-06-26T11:18:06.368+0000] {taskinstance.py:1350} INFO - Marking task as SUCCESS. dag_id=your_dag_id, task_id=branch_task, execution_date=20000106T010000, start_date=20230626T111806, end_date=20230626T111806
[2023-06-26T11:18:06.432+0000] {local_task_job_runner.py:225} INFO - Task exited with return code 0
[2023-06-26T11:18:06.474+0000] {taskinstance.py:2651} INFO - 0 downstream tasks scheduled from follow-on schedule check
