[2023-06-26T11:17:36.551+0000] {logging_mixin.py:149} INFO - Changing /opt/***/logs/dag_id=your_dag_id/run_id=manual__2023-06-26T11:17:34.698971+00:00/task_id=branch_task permission to 509
[2023-06-26T11:17:36.553+0000] {logging_mixin.py:149} INFO - Failed to change /opt/***/logs/dag_id=your_dag_id/run_id=manual__2023-06-26T11:17:34.698971+00:00/task_id=branch_task permission to 509: [Errno 1] Operation not permitted: '/opt/***/logs/dag_id=your_dag_id/run_id=manual__2023-06-26T11:17:34.698971+00:00/task_id=branch_task'
[2023-06-26T11:17:36.586+0000] {logging_mixin.py:149} INFO - Changing /opt/***/logs/dag_id=your_dag_id/run_id=manual__2023-06-26T11:17:34.698971+00:00/task_id=branch_task permission to 509
[2023-06-26T11:17:36.587+0000] {logging_mixin.py:149} INFO - Failed to change /opt/***/logs/dag_id=your_dag_id/run_id=manual__2023-06-26T11:17:34.698971+00:00/task_id=branch_task permission to 509: [Errno 1] Operation not permitted: '/opt/***/logs/dag_id=your_dag_id/run_id=manual__2023-06-26T11:17:34.698971+00:00/task_id=branch_task'
[2023-06-26T11:17:36.834+0000] {taskinstance.py:1103} INFO - Dependencies all met for dep_context=non-requeueable deps ti=<TaskInstance: your_dag_id.branch_task manual__2023-06-26T11:17:34.698971+00:00 [queued]>
[2023-06-26T11:17:36.847+0000] {taskinstance.py:1103} INFO - Dependencies all met for dep_context=requeueable deps ti=<TaskInstance: your_dag_id.branch_task manual__2023-06-26T11:17:34.698971+00:00 [queued]>
[2023-06-26T11:17:36.847+0000] {taskinstance.py:1308} INFO - Starting attempt 1 of 2
[2023-06-26T11:17:36.868+0000] {taskinstance.py:1327} INFO - Executing <Task(BranchPythonOperator): branch_task> on 2023-06-26 11:17:34.698971+00:00
[2023-06-26T11:17:36.876+0000] {standard_task_runner.py:57} INFO - Started process 182 to run task
[2023-06-26T11:17:36.881+0000] {standard_task_runner.py:84} INFO - Running: ['***', 'tasks', 'run', 'your_dag_id', 'branch_task', 'manual__2023-06-26T11:17:34.698971+00:00', '--job-id', '77', '--raw', '--subdir', 'DAGS_FOLDER/test.py', '--cfg-path', '/tmp/tmp2qmmpz0k']
[2023-06-26T11:17:36.884+0000] {standard_task_runner.py:85} INFO - Job 77: Subtask branch_task
[2023-06-26T11:17:36.945+0000] {logging_mixin.py:149} INFO - Changing /opt/***/logs/dag_id=your_dag_id/run_id=manual__2023-06-26T11:17:34.698971+00:00/task_id=branch_task permission to 509
[2023-06-26T11:17:36.946+0000] {logging_mixin.py:149} INFO - Failed to change /opt/***/logs/dag_id=your_dag_id/run_id=manual__2023-06-26T11:17:34.698971+00:00/task_id=branch_task permission to 509: [Errno 1] Operation not permitted: '/opt/***/logs/dag_id=your_dag_id/run_id=manual__2023-06-26T11:17:34.698971+00:00/task_id=branch_task'
[2023-06-26T11:17:36.949+0000] {task_command.py:410} INFO - Running <TaskInstance: your_dag_id.branch_task manual__2023-06-26T11:17:34.698971+00:00 [running]> on host dfc7c5882702
[2023-06-26T11:17:37.053+0000] {taskinstance.py:1547} INFO - Exporting env vars: AIRFLOW_CTX_DAG_EMAIL='you@email.com' AIRFLOW_CTX_DAG_OWNER='***' AIRFLOW_CTX_DAG_ID='your_dag_id' AIRFLOW_CTX_TASK_ID='branch_task' AIRFLOW_CTX_EXECUTION_DATE='2023-06-26T11:17:34.698971+00:00' AIRFLOW_CTX_TRY_NUMBER='1' AIRFLOW_CTX_DAG_RUN_ID='manual__2023-06-26T11:17:34.698971+00:00'
[2023-06-26T11:17:37.055+0000] {python.py:183} INFO - Done. Returned value was: skip_initial_task
[2023-06-26T11:17:37.056+0000] {python.py:216} INFO - Branch callable return skip_initial_task
[2023-06-26T11:17:37.057+0000] {skipmixin.py:161} INFO - Following branch skip_initial_task
[2023-06-26T11:17:37.058+0000] {skipmixin.py:221} INFO - Skipping tasks ['initial_task']
[2023-06-26T11:17:37.115+0000] {taskinstance.py:1350} INFO - Marking task as SUCCESS. dag_id=your_dag_id, task_id=branch_task, execution_date=20230626T111734, start_date=20230626T111736, end_date=20230626T111737
[2023-06-26T11:17:37.137+0000] {local_task_job_runner.py:225} INFO - Task exited with return code 0
[2023-06-26T11:17:37.173+0000] {taskinstance.py:2651} INFO - 0 downstream tasks scheduled from follow-on schedule check
