[2023-06-26T11:18:43.682+0000] {logging_mixin.py:149} INFO - Changing /opt/***/logs/dag_id=your_dag_id/run_id=scheduled__2000-01-13T01:00:00+00:00/task_id=branch_task permission to 509
[2023-06-26T11:18:43.683+0000] {logging_mixin.py:149} INFO - Failed to change /opt/***/logs/dag_id=your_dag_id/run_id=scheduled__2000-01-13T01:00:00+00:00/task_id=branch_task permission to 509: [Errno 1] Operation not permitted: '/opt/***/logs/dag_id=your_dag_id/run_id=scheduled__2000-01-13T01:00:00+00:00/task_id=branch_task'
[2023-06-26T11:18:43.755+0000] {logging_mixin.py:149} INFO - Changing /opt/***/logs/dag_id=your_dag_id/run_id=scheduled__2000-01-13T01:00:00+00:00/task_id=branch_task permission to 509
[2023-06-26T11:18:43.756+0000] {logging_mixin.py:149} INFO - Failed to change /opt/***/logs/dag_id=your_dag_id/run_id=scheduled__2000-01-13T01:00:00+00:00/task_id=branch_task permission to 509: [Errno 1] Operation not permitted: '/opt/***/logs/dag_id=your_dag_id/run_id=scheduled__2000-01-13T01:00:00+00:00/task_id=branch_task'
[2023-06-26T11:18:43.943+0000] {taskinstance.py:1103} INFO - Dependencies all met for dep_context=non-requeueable deps ti=<TaskInstance: your_dag_id.branch_task scheduled__2000-01-13T01:00:00+00:00 [queued]>
[2023-06-26T11:18:43.954+0000] {taskinstance.py:1103} INFO - Dependencies all met for dep_context=requeueable deps ti=<TaskInstance: your_dag_id.branch_task scheduled__2000-01-13T01:00:00+00:00 [queued]>
[2023-06-26T11:18:43.955+0000] {taskinstance.py:1308} INFO - Starting attempt 1 of 2
[2023-06-26T11:18:43.975+0000] {taskinstance.py:1327} INFO - Executing <Task(BranchPythonOperator): branch_task> on 2000-01-13 01:00:00+00:00
[2023-06-26T11:18:43.982+0000] {standard_task_runner.py:57} INFO - Started process 248 to run task
[2023-06-26T11:18:43.986+0000] {standard_task_runner.py:84} INFO - Running: ['***', 'tasks', 'run', 'your_dag_id', 'branch_task', 'scheduled__2000-01-13T01:00:00+00:00', '--job-id', '90', '--raw', '--subdir', 'DAGS_FOLDER/test.py', '--cfg-path', '/tmp/tmpcdsg7g25']
[2023-06-26T11:18:43.989+0000] {standard_task_runner.py:85} INFO - Job 90: Subtask branch_task
[2023-06-26T11:18:44.044+0000] {logging_mixin.py:149} INFO - Changing /opt/***/logs/dag_id=your_dag_id/run_id=scheduled__2000-01-13T01:00:00+00:00/task_id=branch_task permission to 509
[2023-06-26T11:18:44.045+0000] {logging_mixin.py:149} INFO - Failed to change /opt/***/logs/dag_id=your_dag_id/run_id=scheduled__2000-01-13T01:00:00+00:00/task_id=branch_task permission to 509: [Errno 1] Operation not permitted: '/opt/***/logs/dag_id=your_dag_id/run_id=scheduled__2000-01-13T01:00:00+00:00/task_id=branch_task'
[2023-06-26T11:18:44.048+0000] {task_command.py:410} INFO - Running <TaskInstance: your_dag_id.branch_task scheduled__2000-01-13T01:00:00+00:00 [running]> on host dfc7c5882702
[2023-06-26T11:18:44.160+0000] {taskinstance.py:1547} INFO - Exporting env vars: AIRFLOW_CTX_DAG_EMAIL='you@email.com' AIRFLOW_CTX_DAG_OWNER='***' AIRFLOW_CTX_DAG_ID='your_dag_id' AIRFLOW_CTX_TASK_ID='branch_task' AIRFLOW_CTX_EXECUTION_DATE='2000-01-13T01:00:00+00:00' AIRFLOW_CTX_TRY_NUMBER='1' AIRFLOW_CTX_DAG_RUN_ID='scheduled__2000-01-13T01:00:00+00:00'
[2023-06-26T11:18:44.162+0000] {python.py:183} INFO - Done. Returned value was: skip_initial_task
[2023-06-26T11:18:44.163+0000] {python.py:216} INFO - Branch callable return skip_initial_task
[2023-06-26T11:18:44.164+0000] {skipmixin.py:161} INFO - Following branch skip_initial_task
[2023-06-26T11:18:44.164+0000] {skipmixin.py:221} INFO - Skipping tasks ['initial_task']
[2023-06-26T11:18:44.219+0000] {taskinstance.py:1350} INFO - Marking task as SUCCESS. dag_id=your_dag_id, task_id=branch_task, execution_date=20000113T010000, start_date=20230626T111843, end_date=20230626T111844
[2023-06-26T11:18:44.280+0000] {local_task_job_runner.py:225} INFO - Task exited with return code 0
[2023-06-26T11:18:44.318+0000] {taskinstance.py:2651} INFO - 0 downstream tasks scheduled from follow-on schedule check
