[2023-06-26T08:23:01.878+0000] {processor.py:157} INFO - Started process (PID=37) to work on /home/airflow/.local/lib/python3.7/site-packages/airflow/example_dags/example_branch_operator.py
[2023-06-26T08:23:01.879+0000] {processor.py:826} INFO - Processing file /home/airflow/.local/lib/python3.7/site-packages/airflow/example_dags/example_branch_operator.py for tasks to queue
[2023-06-26T08:23:01.880+0000] {logging_mixin.py:149} INFO - [2023-06-26T08:23:01.880+0000] {dagbag.py:541} INFO - Filling up the DagBag from /home/airflow/.local/lib/python3.7/site-packages/airflow/example_dags/example_branch_operator.py
[2023-06-26T08:23:01.891+0000] {processor.py:836} INFO - DAG(s) dict_keys(['example_branch_operator']) retrieved from /home/airflow/.local/lib/python3.7/site-packages/airflow/example_dags/example_branch_operator.py
[2023-06-26T08:23:01.906+0000] {logging_mixin.py:149} INFO - [2023-06-26T08:23:01.906+0000] {dag.py:2726} INFO - Sync 1 DAGs
[2023-06-26T08:23:01.945+0000] {logging_mixin.py:149} INFO - [2023-06-26T08:23:01.945+0000] {dag.py:3490} INFO - Setting next_dagrun for example_branch_operator to 2023-06-25T00:00:00+00:00, run_after=2023-06-26T00:00:00+00:00
[2023-06-26T08:23:01.972+0000] {processor.py:179} INFO - Processing /home/airflow/.local/lib/python3.7/site-packages/airflow/example_dags/example_branch_operator.py took 0.097 seconds
[2023-06-26T08:23:33.175+0000] {processor.py:157} INFO - Started process (PID=108) to work on /home/airflow/.local/lib/python3.7/site-packages/airflow/example_dags/example_branch_operator.py
[2023-06-26T08:23:33.177+0000] {processor.py:826} INFO - Processing file /home/airflow/.local/lib/python3.7/site-packages/airflow/example_dags/example_branch_operator.py for tasks to queue
[2023-06-26T08:23:33.178+0000] {logging_mixin.py:149} INFO - [2023-06-26T08:23:33.178+0000] {dagbag.py:541} INFO - Filling up the DagBag from /home/airflow/.local/lib/python3.7/site-packages/airflow/example_dags/example_branch_operator.py
[2023-06-26T08:23:33.188+0000] {processor.py:836} INFO - DAG(s) dict_keys(['example_branch_operator']) retrieved from /home/airflow/.local/lib/python3.7/site-packages/airflow/example_dags/example_branch_operator.py
[2023-06-26T08:23:33.217+0000] {logging_mixin.py:149} INFO - [2023-06-26T08:23:33.216+0000] {dag.py:2726} INFO - Sync 1 DAGs
[2023-06-26T08:23:33.245+0000] {logging_mixin.py:149} INFO - [2023-06-26T08:23:33.245+0000] {dag.py:3490} INFO - Setting next_dagrun for example_branch_operator to 2023-06-25T00:00:00+00:00, run_after=2023-06-26T00:00:00+00:00
[2023-06-26T08:23:33.271+0000] {processor.py:179} INFO - Processing /home/airflow/.local/lib/python3.7/site-packages/airflow/example_dags/example_branch_operator.py took 0.105 seconds
[2023-06-26T08:24:03.679+0000] {processor.py:157} INFO - Started process (PID=174) to work on /home/airflow/.local/lib/python3.7/site-packages/airflow/example_dags/example_branch_operator.py
[2023-06-26T08:24:03.680+0000] {processor.py:826} INFO - Processing file /home/airflow/.local/lib/python3.7/site-packages/airflow/example_dags/example_branch_operator.py for tasks to queue
[2023-06-26T08:24:03.681+0000] {logging_mixin.py:149} INFO - [2023-06-26T08:24:03.681+0000] {dagbag.py:541} INFO - Filling up the DagBag from /home/airflow/.local/lib/python3.7/site-packages/airflow/example_dags/example_branch_operator.py
[2023-06-26T08:24:03.692+0000] {processor.py:836} INFO - DAG(s) dict_keys(['example_branch_operator']) retrieved from /home/airflow/.local/lib/python3.7/site-packages/airflow/example_dags/example_branch_operator.py
[2023-06-26T08:24:03.721+0000] {logging_mixin.py:149} INFO - [2023-06-26T08:24:03.721+0000] {dag.py:2726} INFO - Sync 1 DAGs
[2023-06-26T08:24:03.846+0000] {logging_mixin.py:149} INFO - [2023-06-26T08:24:03.846+0000] {dag.py:3490} INFO - Setting next_dagrun for example_branch_operator to 2023-06-25T00:00:00+00:00, run_after=2023-06-26T00:00:00+00:00
[2023-06-26T08:24:03.868+0000] {processor.py:179} INFO - Processing /home/airflow/.local/lib/python3.7/site-packages/airflow/example_dags/example_branch_operator.py took 0.193 seconds
[2023-06-26T08:24:34.014+0000] {processor.py:157} INFO - Started process (PID=240) to work on /home/airflow/.local/lib/python3.7/site-packages/airflow/example_dags/example_branch_operator.py
[2023-06-26T08:24:34.015+0000] {processor.py:826} INFO - Processing file /home/airflow/.local/lib/python3.7/site-packages/airflow/example_dags/example_branch_operator.py for tasks to queue
[2023-06-26T08:24:34.016+0000] {logging_mixin.py:149} INFO - [2023-06-26T08:24:34.016+0000] {dagbag.py:541} INFO - Filling up the DagBag from /home/airflow/.local/lib/python3.7/site-packages/airflow/example_dags/example_branch_operator.py
[2023-06-26T08:24:34.025+0000] {processor.py:836} INFO - DAG(s) dict_keys(['example_branch_operator']) retrieved from /home/airflow/.local/lib/python3.7/site-packages/airflow/example_dags/example_branch_operator.py
[2023-06-26T08:24:34.050+0000] {logging_mixin.py:149} INFO - [2023-06-26T08:24:34.050+0000] {dag.py:2726} INFO - Sync 1 DAGs
[2023-06-26T08:24:34.077+0000] {logging_mixin.py:149} INFO - [2023-06-26T08:24:34.077+0000] {dag.py:3490} INFO - Setting next_dagrun for example_branch_operator to 2023-06-25T00:00:00+00:00, run_after=2023-06-26T00:00:00+00:00
[2023-06-26T08:24:34.096+0000] {processor.py:179} INFO - Processing /home/airflow/.local/lib/python3.7/site-packages/airflow/example_dags/example_branch_operator.py took 0.085 seconds
[2023-06-26T08:25:04.813+0000] {processor.py:157} INFO - Started process (PID=306) to work on /home/airflow/.local/lib/python3.7/site-packages/airflow/example_dags/example_branch_operator.py
[2023-06-26T08:25:04.814+0000] {processor.py:826} INFO - Processing file /home/airflow/.local/lib/python3.7/site-packages/airflow/example_dags/example_branch_operator.py for tasks to queue
[2023-06-26T08:25:04.815+0000] {logging_mixin.py:149} INFO - [2023-06-26T08:25:04.815+0000] {dagbag.py:541} INFO - Filling up the DagBag from /home/airflow/.local/lib/python3.7/site-packages/airflow/example_dags/example_branch_operator.py
[2023-06-26T08:25:04.828+0000] {processor.py:836} INFO - DAG(s) dict_keys(['example_branch_operator']) retrieved from /home/airflow/.local/lib/python3.7/site-packages/airflow/example_dags/example_branch_operator.py
[2023-06-26T08:25:04.855+0000] {logging_mixin.py:149} INFO - [2023-06-26T08:25:04.855+0000] {dag.py:2726} INFO - Sync 1 DAGs
[2023-06-26T08:25:04.885+0000] {logging_mixin.py:149} INFO - [2023-06-26T08:25:04.884+0000] {dag.py:3490} INFO - Setting next_dagrun for example_branch_operator to 2023-06-25T00:00:00+00:00, run_after=2023-06-26T00:00:00+00:00
[2023-06-26T08:25:04.905+0000] {processor.py:179} INFO - Processing /home/airflow/.local/lib/python3.7/site-packages/airflow/example_dags/example_branch_operator.py took 0.095 seconds
[2023-06-26T08:25:35.638+0000] {processor.py:157} INFO - Started process (PID=372) to work on /home/airflow/.local/lib/python3.7/site-packages/airflow/example_dags/example_branch_operator.py
[2023-06-26T08:25:35.640+0000] {processor.py:826} INFO - Processing file /home/airflow/.local/lib/python3.7/site-packages/airflow/example_dags/example_branch_operator.py for tasks to queue
[2023-06-26T08:25:35.641+0000] {logging_mixin.py:149} INFO - [2023-06-26T08:25:35.641+0000] {dagbag.py:541} INFO - Filling up the DagBag from /home/airflow/.local/lib/python3.7/site-packages/airflow/example_dags/example_branch_operator.py
[2023-06-26T08:25:35.650+0000] {processor.py:836} INFO - DAG(s) dict_keys(['example_branch_operator']) retrieved from /home/airflow/.local/lib/python3.7/site-packages/airflow/example_dags/example_branch_operator.py
[2023-06-26T08:25:35.677+0000] {logging_mixin.py:149} INFO - [2023-06-26T08:25:35.677+0000] {dag.py:2726} INFO - Sync 1 DAGs
[2023-06-26T08:25:35.703+0000] {logging_mixin.py:149} INFO - [2023-06-26T08:25:35.703+0000] {dag.py:3490} INFO - Setting next_dagrun for example_branch_operator to 2023-06-25T00:00:00+00:00, run_after=2023-06-26T00:00:00+00:00
[2023-06-26T08:25:35.724+0000] {processor.py:179} INFO - Processing /home/airflow/.local/lib/python3.7/site-packages/airflow/example_dags/example_branch_operator.py took 0.089 seconds
[2023-06-26T08:26:05.942+0000] {processor.py:157} INFO - Started process (PID=438) to work on /home/airflow/.local/lib/python3.7/site-packages/airflow/example_dags/example_branch_operator.py
[2023-06-26T08:26:05.943+0000] {processor.py:826} INFO - Processing file /home/airflow/.local/lib/python3.7/site-packages/airflow/example_dags/example_branch_operator.py for tasks to queue
[2023-06-26T08:26:05.944+0000] {logging_mixin.py:149} INFO - [2023-06-26T08:26:05.944+0000] {dagbag.py:541} INFO - Filling up the DagBag from /home/airflow/.local/lib/python3.7/site-packages/airflow/example_dags/example_branch_operator.py
[2023-06-26T08:26:05.953+0000] {processor.py:836} INFO - DAG(s) dict_keys(['example_branch_operator']) retrieved from /home/airflow/.local/lib/python3.7/site-packages/airflow/example_dags/example_branch_operator.py
[2023-06-26T08:26:05.986+0000] {logging_mixin.py:149} INFO - [2023-06-26T08:26:05.985+0000] {dag.py:2726} INFO - Sync 1 DAGs
[2023-06-26T08:26:06.014+0000] {logging_mixin.py:149} INFO - [2023-06-26T08:26:06.014+0000] {dag.py:3490} INFO - Setting next_dagrun for example_branch_operator to 2023-06-25T00:00:00+00:00, run_after=2023-06-26T00:00:00+00:00
[2023-06-26T08:26:06.036+0000] {processor.py:179} INFO - Processing /home/airflow/.local/lib/python3.7/site-packages/airflow/example_dags/example_branch_operator.py took 0.098 seconds
[2023-06-26T08:26:36.161+0000] {processor.py:157} INFO - Started process (PID=505) to work on /home/airflow/.local/lib/python3.7/site-packages/airflow/example_dags/example_branch_operator.py
[2023-06-26T08:26:36.162+0000] {processor.py:826} INFO - Processing file /home/airflow/.local/lib/python3.7/site-packages/airflow/example_dags/example_branch_operator.py for tasks to queue
[2023-06-26T08:26:36.163+0000] {logging_mixin.py:149} INFO - [2023-06-26T08:26:36.163+0000] {dagbag.py:541} INFO - Filling up the DagBag from /home/airflow/.local/lib/python3.7/site-packages/airflow/example_dags/example_branch_operator.py
[2023-06-26T08:26:36.172+0000] {processor.py:836} INFO - DAG(s) dict_keys(['example_branch_operator']) retrieved from /home/airflow/.local/lib/python3.7/site-packages/airflow/example_dags/example_branch_operator.py
[2023-06-26T08:26:36.197+0000] {logging_mixin.py:149} INFO - [2023-06-26T08:26:36.197+0000] {dag.py:2726} INFO - Sync 1 DAGs
[2023-06-26T08:26:36.227+0000] {logging_mixin.py:149} INFO - [2023-06-26T08:26:36.227+0000] {dag.py:3490} INFO - Setting next_dagrun for example_branch_operator to 2023-06-25T00:00:00+00:00, run_after=2023-06-26T00:00:00+00:00
[2023-06-26T08:26:36.248+0000] {processor.py:179} INFO - Processing /home/airflow/.local/lib/python3.7/site-packages/airflow/example_dags/example_branch_operator.py took 0.089 seconds
[2023-06-26T08:27:06.708+0000] {processor.py:157} INFO - Started process (PID=571) to work on /home/airflow/.local/lib/python3.7/site-packages/airflow/example_dags/example_branch_operator.py
[2023-06-26T08:27:06.709+0000] {processor.py:826} INFO - Processing file /home/airflow/.local/lib/python3.7/site-packages/airflow/example_dags/example_branch_operator.py for tasks to queue
[2023-06-26T08:27:06.711+0000] {logging_mixin.py:149} INFO - [2023-06-26T08:27:06.710+0000] {dagbag.py:541} INFO - Filling up the DagBag from /home/airflow/.local/lib/python3.7/site-packages/airflow/example_dags/example_branch_operator.py
[2023-06-26T08:27:06.720+0000] {processor.py:836} INFO - DAG(s) dict_keys(['example_branch_operator']) retrieved from /home/airflow/.local/lib/python3.7/site-packages/airflow/example_dags/example_branch_operator.py
[2023-06-26T08:27:06.744+0000] {logging_mixin.py:149} INFO - [2023-06-26T08:27:06.744+0000] {dag.py:2726} INFO - Sync 1 DAGs
[2023-06-26T08:27:06.770+0000] {logging_mixin.py:149} INFO - [2023-06-26T08:27:06.770+0000] {dag.py:3490} INFO - Setting next_dagrun for example_branch_operator to 2023-06-25T00:00:00+00:00, run_after=2023-06-26T00:00:00+00:00
[2023-06-26T08:27:06.790+0000] {processor.py:179} INFO - Processing /home/airflow/.local/lib/python3.7/site-packages/airflow/example_dags/example_branch_operator.py took 0.085 seconds
