[2023-06-26T08:23:01.976+0000] {processor.py:157} INFO - Started process (PID=38) to work on /home/airflow/.local/lib/python3.7/site-packages/airflow/example_dags/example_short_circuit_decorator.py
[2023-06-26T08:23:01.977+0000] {processor.py:826} INFO - Processing file /home/airflow/.local/lib/python3.7/site-packages/airflow/example_dags/example_short_circuit_decorator.py for tasks to queue
[2023-06-26T08:23:01.978+0000] {logging_mixin.py:149} INFO - [2023-06-26T08:23:01.978+0000] {dagbag.py:541} INFO - Filling up the DagBag from /home/airflow/.local/lib/python3.7/site-packages/airflow/example_dags/example_short_circuit_decorator.py
[2023-06-26T08:23:01.991+0000] {processor.py:836} INFO - DAG(s) dict_keys(['example_short_circuit_decorator']) retrieved from /home/airflow/.local/lib/python3.7/site-packages/airflow/example_dags/example_short_circuit_decorator.py
[2023-06-26T08:23:02.005+0000] {logging_mixin.py:149} INFO - [2023-06-26T08:23:02.004+0000] {dag.py:2726} INFO - Sync 1 DAGs
[2023-06-26T08:23:02.063+0000] {logging_mixin.py:149} INFO - [2023-06-26T08:23:02.062+0000] {dag.py:3490} INFO - Setting next_dagrun for example_short_circuit_decorator to 2023-06-25T08:23:02.062515+00:00, run_after=2023-06-26T08:23:02.062515+00:00
[2023-06-26T08:23:02.099+0000] {processor.py:179} INFO - Processing /home/airflow/.local/lib/python3.7/site-packages/airflow/example_dags/example_short_circuit_decorator.py took 0.128 seconds
[2023-06-26T08:23:33.259+0000] {processor.py:157} INFO - Started process (PID=109) to work on /home/airflow/.local/lib/python3.7/site-packages/airflow/example_dags/example_short_circuit_decorator.py
[2023-06-26T08:23:33.260+0000] {processor.py:826} INFO - Processing file /home/airflow/.local/lib/python3.7/site-packages/airflow/example_dags/example_short_circuit_decorator.py for tasks to queue
[2023-06-26T08:23:33.262+0000] {logging_mixin.py:149} INFO - [2023-06-26T08:23:33.262+0000] {dagbag.py:541} INFO - Filling up the DagBag from /home/airflow/.local/lib/python3.7/site-packages/airflow/example_dags/example_short_circuit_decorator.py
[2023-06-26T08:23:33.279+0000] {processor.py:836} INFO - DAG(s) dict_keys(['example_short_circuit_decorator']) retrieved from /home/airflow/.local/lib/python3.7/site-packages/airflow/example_dags/example_short_circuit_decorator.py
[2023-06-26T08:23:33.310+0000] {logging_mixin.py:149} INFO - [2023-06-26T08:23:33.310+0000] {dag.py:2726} INFO - Sync 1 DAGs
[2023-06-26T08:23:33.340+0000] {logging_mixin.py:149} INFO - [2023-06-26T08:23:33.340+0000] {dag.py:3490} INFO - Setting next_dagrun for example_short_circuit_decorator to 2023-06-25T08:23:33.340080+00:00, run_after=2023-06-26T08:23:33.340080+00:00
[2023-06-26T08:23:33.362+0000] {processor.py:179} INFO - Processing /home/airflow/.local/lib/python3.7/site-packages/airflow/example_dags/example_short_circuit_decorator.py took 0.107 seconds
[2023-06-26T08:24:03.781+0000] {processor.py:157} INFO - Started process (PID=175) to work on /home/airflow/.local/lib/python3.7/site-packages/airflow/example_dags/example_short_circuit_decorator.py
[2023-06-26T08:24:03.782+0000] {processor.py:826} INFO - Processing file /home/airflow/.local/lib/python3.7/site-packages/airflow/example_dags/example_short_circuit_decorator.py for tasks to queue
[2023-06-26T08:24:03.783+0000] {logging_mixin.py:149} INFO - [2023-06-26T08:24:03.783+0000] {dagbag.py:541} INFO - Filling up the DagBag from /home/airflow/.local/lib/python3.7/site-packages/airflow/example_dags/example_short_circuit_decorator.py
[2023-06-26T08:24:03.794+0000] {processor.py:836} INFO - DAG(s) dict_keys(['example_short_circuit_decorator']) retrieved from /home/airflow/.local/lib/python3.7/site-packages/airflow/example_dags/example_short_circuit_decorator.py
[2023-06-26T08:24:03.826+0000] {logging_mixin.py:149} INFO - [2023-06-26T08:24:03.826+0000] {dag.py:2726} INFO - Sync 1 DAGs
[2023-06-26T08:24:03.948+0000] {logging_mixin.py:149} INFO - [2023-06-26T08:24:03.948+0000] {dag.py:3490} INFO - Setting next_dagrun for example_short_circuit_decorator to 2023-06-25T08:24:03.947973+00:00, run_after=2023-06-26T08:24:03.947973+00:00
[2023-06-26T08:24:03.969+0000] {processor.py:179} INFO - Processing /home/airflow/.local/lib/python3.7/site-packages/airflow/example_dags/example_short_circuit_decorator.py took 0.192 seconds
[2023-06-26T08:24:34.134+0000] {processor.py:157} INFO - Started process (PID=241) to work on /home/airflow/.local/lib/python3.7/site-packages/airflow/example_dags/example_short_circuit_decorator.py
[2023-06-26T08:24:34.135+0000] {processor.py:826} INFO - Processing file /home/airflow/.local/lib/python3.7/site-packages/airflow/example_dags/example_short_circuit_decorator.py for tasks to queue
[2023-06-26T08:24:34.136+0000] {logging_mixin.py:149} INFO - [2023-06-26T08:24:34.136+0000] {dagbag.py:541} INFO - Filling up the DagBag from /home/airflow/.local/lib/python3.7/site-packages/airflow/example_dags/example_short_circuit_decorator.py
[2023-06-26T08:24:34.145+0000] {processor.py:836} INFO - DAG(s) dict_keys(['example_short_circuit_decorator']) retrieved from /home/airflow/.local/lib/python3.7/site-packages/airflow/example_dags/example_short_circuit_decorator.py
[2023-06-26T08:24:34.169+0000] {logging_mixin.py:149} INFO - [2023-06-26T08:24:34.169+0000] {dag.py:2726} INFO - Sync 1 DAGs
[2023-06-26T08:24:34.195+0000] {logging_mixin.py:149} INFO - [2023-06-26T08:24:34.194+0000] {dag.py:3490} INFO - Setting next_dagrun for example_short_circuit_decorator to 2023-06-25T08:24:34.194753+00:00, run_after=2023-06-26T08:24:34.194753+00:00
[2023-06-26T08:24:34.215+0000] {processor.py:179} INFO - Processing /home/airflow/.local/lib/python3.7/site-packages/airflow/example_dags/example_short_circuit_decorator.py took 0.084 seconds
[2023-06-26T08:25:04.843+0000] {processor.py:157} INFO - Started process (PID=307) to work on /home/airflow/.local/lib/python3.7/site-packages/airflow/example_dags/example_short_circuit_decorator.py
[2023-06-26T08:25:04.844+0000] {processor.py:826} INFO - Processing file /home/airflow/.local/lib/python3.7/site-packages/airflow/example_dags/example_short_circuit_decorator.py for tasks to queue
[2023-06-26T08:25:04.845+0000] {logging_mixin.py:149} INFO - [2023-06-26T08:25:04.845+0000] {dagbag.py:541} INFO - Filling up the DagBag from /home/airflow/.local/lib/python3.7/site-packages/airflow/example_dags/example_short_circuit_decorator.py
[2023-06-26T08:25:04.856+0000] {processor.py:836} INFO - DAG(s) dict_keys(['example_short_circuit_decorator']) retrieved from /home/airflow/.local/lib/python3.7/site-packages/airflow/example_dags/example_short_circuit_decorator.py
[2023-06-26T08:25:04.884+0000] {logging_mixin.py:149} INFO - [2023-06-26T08:25:04.884+0000] {dag.py:2726} INFO - Sync 1 DAGs
[2023-06-26T08:25:04.911+0000] {logging_mixin.py:149} INFO - [2023-06-26T08:25:04.911+0000] {dag.py:3490} INFO - Setting next_dagrun for example_short_circuit_decorator to 2023-06-25T08:25:04.911315+00:00, run_after=2023-06-26T08:25:04.911315+00:00
[2023-06-26T08:25:04.931+0000] {processor.py:179} INFO - Processing /home/airflow/.local/lib/python3.7/site-packages/airflow/example_dags/example_short_circuit_decorator.py took 0.091 seconds
[2023-06-26T08:25:35.669+0000] {processor.py:157} INFO - Started process (PID=373) to work on /home/airflow/.local/lib/python3.7/site-packages/airflow/example_dags/example_short_circuit_decorator.py
[2023-06-26T08:25:35.671+0000] {processor.py:826} INFO - Processing file /home/airflow/.local/lib/python3.7/site-packages/airflow/example_dags/example_short_circuit_decorator.py for tasks to queue
[2023-06-26T08:25:35.672+0000] {logging_mixin.py:149} INFO - [2023-06-26T08:25:35.671+0000] {dagbag.py:541} INFO - Filling up the DagBag from /home/airflow/.local/lib/python3.7/site-packages/airflow/example_dags/example_short_circuit_decorator.py
[2023-06-26T08:25:35.681+0000] {processor.py:836} INFO - DAG(s) dict_keys(['example_short_circuit_decorator']) retrieved from /home/airflow/.local/lib/python3.7/site-packages/airflow/example_dags/example_short_circuit_decorator.py
[2023-06-26T08:25:35.708+0000] {logging_mixin.py:149} INFO - [2023-06-26T08:25:35.708+0000] {dag.py:2726} INFO - Sync 1 DAGs
[2023-06-26T08:25:35.734+0000] {logging_mixin.py:149} INFO - [2023-06-26T08:25:35.734+0000] {dag.py:3490} INFO - Setting next_dagrun for example_short_circuit_decorator to 2023-06-25T08:25:35.733837+00:00, run_after=2023-06-26T08:25:35.733837+00:00
[2023-06-26T08:25:35.755+0000] {processor.py:179} INFO - Processing /home/airflow/.local/lib/python3.7/site-packages/airflow/example_dags/example_short_circuit_decorator.py took 0.089 seconds
[2023-06-26T08:26:05.980+0000] {processor.py:157} INFO - Started process (PID=439) to work on /home/airflow/.local/lib/python3.7/site-packages/airflow/example_dags/example_short_circuit_decorator.py
[2023-06-26T08:26:05.981+0000] {processor.py:826} INFO - Processing file /home/airflow/.local/lib/python3.7/site-packages/airflow/example_dags/example_short_circuit_decorator.py for tasks to queue
[2023-06-26T08:26:05.982+0000] {logging_mixin.py:149} INFO - [2023-06-26T08:26:05.982+0000] {dagbag.py:541} INFO - Filling up the DagBag from /home/airflow/.local/lib/python3.7/site-packages/airflow/example_dags/example_short_circuit_decorator.py
[2023-06-26T08:26:05.992+0000] {processor.py:836} INFO - DAG(s) dict_keys(['example_short_circuit_decorator']) retrieved from /home/airflow/.local/lib/python3.7/site-packages/airflow/example_dags/example_short_circuit_decorator.py
[2023-06-26T08:26:06.020+0000] {logging_mixin.py:149} INFO - [2023-06-26T08:26:06.020+0000] {dag.py:2726} INFO - Sync 1 DAGs
[2023-06-26T08:26:06.049+0000] {logging_mixin.py:149} INFO - [2023-06-26T08:26:06.048+0000] {dag.py:3490} INFO - Setting next_dagrun for example_short_circuit_decorator to 2023-06-25T08:26:06.048662+00:00, run_after=2023-06-26T08:26:06.048662+00:00
[2023-06-26T08:26:06.072+0000] {processor.py:179} INFO - Processing /home/airflow/.local/lib/python3.7/site-packages/airflow/example_dags/example_short_circuit_decorator.py took 0.096 seconds
[2023-06-26T08:26:36.230+0000] {processor.py:157} INFO - Started process (PID=506) to work on /home/airflow/.local/lib/python3.7/site-packages/airflow/example_dags/example_short_circuit_decorator.py
[2023-06-26T08:26:36.231+0000] {processor.py:826} INFO - Processing file /home/airflow/.local/lib/python3.7/site-packages/airflow/example_dags/example_short_circuit_decorator.py for tasks to queue
[2023-06-26T08:26:36.232+0000] {logging_mixin.py:149} INFO - [2023-06-26T08:26:36.232+0000] {dagbag.py:541} INFO - Filling up the DagBag from /home/airflow/.local/lib/python3.7/site-packages/airflow/example_dags/example_short_circuit_decorator.py
[2023-06-26T08:26:36.241+0000] {processor.py:836} INFO - DAG(s) dict_keys(['example_short_circuit_decorator']) retrieved from /home/airflow/.local/lib/python3.7/site-packages/airflow/example_dags/example_short_circuit_decorator.py
[2023-06-26T08:26:36.269+0000] {logging_mixin.py:149} INFO - [2023-06-26T08:26:36.268+0000] {dag.py:2726} INFO - Sync 1 DAGs
[2023-06-26T08:26:36.293+0000] {logging_mixin.py:149} INFO - [2023-06-26T08:26:36.293+0000] {dag.py:3490} INFO - Setting next_dagrun for example_short_circuit_decorator to 2023-06-25T08:26:36.293097+00:00, run_after=2023-06-26T08:26:36.293097+00:00
[2023-06-26T08:26:36.314+0000] {processor.py:179} INFO - Processing /home/airflow/.local/lib/python3.7/site-packages/airflow/example_dags/example_short_circuit_decorator.py took 0.087 seconds
[2023-06-26T08:27:06.729+0000] {processor.py:157} INFO - Started process (PID=572) to work on /home/airflow/.local/lib/python3.7/site-packages/airflow/example_dags/example_short_circuit_decorator.py
[2023-06-26T08:27:06.730+0000] {processor.py:826} INFO - Processing file /home/airflow/.local/lib/python3.7/site-packages/airflow/example_dags/example_short_circuit_decorator.py for tasks to queue
[2023-06-26T08:27:06.731+0000] {logging_mixin.py:149} INFO - [2023-06-26T08:27:06.731+0000] {dagbag.py:541} INFO - Filling up the DagBag from /home/airflow/.local/lib/python3.7/site-packages/airflow/example_dags/example_short_circuit_decorator.py
[2023-06-26T08:27:06.740+0000] {processor.py:836} INFO - DAG(s) dict_keys(['example_short_circuit_decorator']) retrieved from /home/airflow/.local/lib/python3.7/site-packages/airflow/example_dags/example_short_circuit_decorator.py
[2023-06-26T08:27:06.766+0000] {logging_mixin.py:149} INFO - [2023-06-26T08:27:06.766+0000] {dag.py:2726} INFO - Sync 1 DAGs
[2023-06-26T08:27:06.791+0000] {logging_mixin.py:149} INFO - [2023-06-26T08:27:06.791+0000] {dag.py:3490} INFO - Setting next_dagrun for example_short_circuit_decorator to 2023-06-25T08:27:06.791195+00:00, run_after=2023-06-26T08:27:06.791195+00:00
[2023-06-26T08:27:06.816+0000] {processor.py:179} INFO - Processing /home/airflow/.local/lib/python3.7/site-packages/airflow/example_dags/example_short_circuit_decorator.py took 0.090 seconds
