[2023-06-26T08:23:02.004+0000] {processor.py:157} INFO - Started process (PID=39) to work on /home/airflow/.local/lib/python3.7/site-packages/airflow/example_dags/example_dag_decorator.py
[2023-06-26T08:23:02.005+0000] {processor.py:826} INFO - Processing file /home/airflow/.local/lib/python3.7/site-packages/airflow/example_dags/example_dag_decorator.py for tasks to queue
[2023-06-26T08:23:02.006+0000] {logging_mixin.py:149} INFO - [2023-06-26T08:23:02.006+0000] {dagbag.py:541} INFO - Filling up the DagBag from /home/airflow/.local/lib/python3.7/site-packages/airflow/example_dags/example_dag_decorator.py
[2023-06-26T08:23:02.015+0000] {logging_mixin.py:149} INFO - [2023-06-26T08:23:02.015+0000] {taskmixin.py:211} WARNING - Dependency <Task(_PythonDecoratedOperator): prepare_email>, send_email already registered for DAG: example_dag_decorator
[2023-06-26T08:23:02.016+0000] {logging_mixin.py:149} INFO - [2023-06-26T08:23:02.016+0000] {taskmixin.py:211} WARNING - Dependency <Task(EmailOperator): send_email>, prepare_email already registered for DAG: example_dag_decorator
[2023-06-26T08:23:02.056+0000] {processor.py:836} INFO - DAG(s) dict_keys(['example_dag_decorator']) retrieved from /home/airflow/.local/lib/python3.7/site-packages/airflow/example_dags/example_dag_decorator.py
[2023-06-26T08:23:02.082+0000] {logging_mixin.py:149} INFO - [2023-06-26T08:23:02.081+0000] {dag.py:2726} INFO - Sync 1 DAGs
[2023-06-26T08:23:02.133+0000] {logging_mixin.py:149} INFO - [2023-06-26T08:23:02.133+0000] {dag.py:3490} INFO - Setting next_dagrun for example_dag_decorator to None, run_after=None
[2023-06-26T08:23:02.176+0000] {processor.py:179} INFO - Processing /home/airflow/.local/lib/python3.7/site-packages/airflow/example_dags/example_dag_decorator.py took 0.176 seconds
[2023-06-26T08:23:33.300+0000] {processor.py:157} INFO - Started process (PID=110) to work on /home/airflow/.local/lib/python3.7/site-packages/airflow/example_dags/example_dag_decorator.py
[2023-06-26T08:23:33.301+0000] {processor.py:826} INFO - Processing file /home/airflow/.local/lib/python3.7/site-packages/airflow/example_dags/example_dag_decorator.py for tasks to queue
[2023-06-26T08:23:33.302+0000] {logging_mixin.py:149} INFO - [2023-06-26T08:23:33.302+0000] {dagbag.py:541} INFO - Filling up the DagBag from /home/airflow/.local/lib/python3.7/site-packages/airflow/example_dags/example_dag_decorator.py
[2023-06-26T08:23:33.309+0000] {logging_mixin.py:149} INFO - [2023-06-26T08:23:33.309+0000] {taskmixin.py:211} WARNING - Dependency <Task(_PythonDecoratedOperator): prepare_email>, send_email already registered for DAG: example_dag_decorator
[2023-06-26T08:23:33.310+0000] {logging_mixin.py:149} INFO - [2023-06-26T08:23:33.310+0000] {taskmixin.py:211} WARNING - Dependency <Task(EmailOperator): send_email>, prepare_email already registered for DAG: example_dag_decorator
[2023-06-26T08:23:33.320+0000] {processor.py:836} INFO - DAG(s) dict_keys(['example_dag_decorator']) retrieved from /home/airflow/.local/lib/python3.7/site-packages/airflow/example_dags/example_dag_decorator.py
[2023-06-26T08:23:33.396+0000] {logging_mixin.py:149} INFO - [2023-06-26T08:23:33.396+0000] {dag.py:2726} INFO - Sync 1 DAGs
[2023-06-26T08:23:33.425+0000] {logging_mixin.py:149} INFO - [2023-06-26T08:23:33.425+0000] {dag.py:3490} INFO - Setting next_dagrun for example_dag_decorator to None, run_after=None
[2023-06-26T08:23:33.545+0000] {processor.py:179} INFO - Processing /home/airflow/.local/lib/python3.7/site-packages/airflow/example_dags/example_dag_decorator.py took 0.248 seconds
[2023-06-26T08:24:03.897+0000] {processor.py:157} INFO - Started process (PID=176) to work on /home/airflow/.local/lib/python3.7/site-packages/airflow/example_dags/example_dag_decorator.py
[2023-06-26T08:24:03.898+0000] {processor.py:826} INFO - Processing file /home/airflow/.local/lib/python3.7/site-packages/airflow/example_dags/example_dag_decorator.py for tasks to queue
[2023-06-26T08:24:03.899+0000] {logging_mixin.py:149} INFO - [2023-06-26T08:24:03.899+0000] {dagbag.py:541} INFO - Filling up the DagBag from /home/airflow/.local/lib/python3.7/site-packages/airflow/example_dags/example_dag_decorator.py
[2023-06-26T08:24:03.906+0000] {logging_mixin.py:149} INFO - [2023-06-26T08:24:03.906+0000] {taskmixin.py:211} WARNING - Dependency <Task(_PythonDecoratedOperator): prepare_email>, send_email already registered for DAG: example_dag_decorator
[2023-06-26T08:24:03.907+0000] {logging_mixin.py:149} INFO - [2023-06-26T08:24:03.907+0000] {taskmixin.py:211} WARNING - Dependency <Task(EmailOperator): send_email>, prepare_email already registered for DAG: example_dag_decorator
[2023-06-26T08:24:03.916+0000] {processor.py:836} INFO - DAG(s) dict_keys(['example_dag_decorator']) retrieved from /home/airflow/.local/lib/python3.7/site-packages/airflow/example_dags/example_dag_decorator.py
[2023-06-26T08:24:04.092+0000] {logging_mixin.py:149} INFO - [2023-06-26T08:24:04.091+0000] {dag.py:2726} INFO - Sync 1 DAGs
[2023-06-26T08:24:04.117+0000] {logging_mixin.py:149} INFO - [2023-06-26T08:24:04.117+0000] {dag.py:3490} INFO - Setting next_dagrun for example_dag_decorator to None, run_after=None
[2023-06-26T08:24:04.140+0000] {processor.py:179} INFO - Processing /home/airflow/.local/lib/python3.7/site-packages/airflow/example_dags/example_dag_decorator.py took 0.247 seconds
[2023-06-26T08:24:34.250+0000] {processor.py:157} INFO - Started process (PID=242) to work on /home/airflow/.local/lib/python3.7/site-packages/airflow/example_dags/example_dag_decorator.py
[2023-06-26T08:24:34.251+0000] {processor.py:826} INFO - Processing file /home/airflow/.local/lib/python3.7/site-packages/airflow/example_dags/example_dag_decorator.py for tasks to queue
[2023-06-26T08:24:34.253+0000] {logging_mixin.py:149} INFO - [2023-06-26T08:24:34.252+0000] {dagbag.py:541} INFO - Filling up the DagBag from /home/airflow/.local/lib/python3.7/site-packages/airflow/example_dags/example_dag_decorator.py
[2023-06-26T08:24:34.259+0000] {logging_mixin.py:149} INFO - [2023-06-26T08:24:34.259+0000] {taskmixin.py:211} WARNING - Dependency <Task(_PythonDecoratedOperator): prepare_email>, send_email already registered for DAG: example_dag_decorator
[2023-06-26T08:24:34.260+0000] {logging_mixin.py:149} INFO - [2023-06-26T08:24:34.259+0000] {taskmixin.py:211} WARNING - Dependency <Task(EmailOperator): send_email>, prepare_email already registered for DAG: example_dag_decorator
[2023-06-26T08:24:34.268+0000] {processor.py:836} INFO - DAG(s) dict_keys(['example_dag_decorator']) retrieved from /home/airflow/.local/lib/python3.7/site-packages/airflow/example_dags/example_dag_decorator.py
[2023-06-26T08:24:34.336+0000] {logging_mixin.py:149} INFO - [2023-06-26T08:24:34.335+0000] {dag.py:2726} INFO - Sync 1 DAGs
[2023-06-26T08:24:34.359+0000] {logging_mixin.py:149} INFO - [2023-06-26T08:24:34.359+0000] {dag.py:3490} INFO - Setting next_dagrun for example_dag_decorator to None, run_after=None
[2023-06-26T08:24:34.379+0000] {processor.py:179} INFO - Processing /home/airflow/.local/lib/python3.7/site-packages/airflow/example_dags/example_dag_decorator.py took 0.132 seconds
[2023-06-26T08:25:04.932+0000] {processor.py:157} INFO - Started process (PID=308) to work on /home/airflow/.local/lib/python3.7/site-packages/airflow/example_dags/example_dag_decorator.py
[2023-06-26T08:25:04.933+0000] {processor.py:826} INFO - Processing file /home/airflow/.local/lib/python3.7/site-packages/airflow/example_dags/example_dag_decorator.py for tasks to queue
[2023-06-26T08:25:04.934+0000] {logging_mixin.py:149} INFO - [2023-06-26T08:25:04.934+0000] {dagbag.py:541} INFO - Filling up the DagBag from /home/airflow/.local/lib/python3.7/site-packages/airflow/example_dags/example_dag_decorator.py
[2023-06-26T08:25:04.940+0000] {logging_mixin.py:149} INFO - [2023-06-26T08:25:04.940+0000] {taskmixin.py:211} WARNING - Dependency <Task(_PythonDecoratedOperator): prepare_email>, send_email already registered for DAG: example_dag_decorator
[2023-06-26T08:25:04.941+0000] {logging_mixin.py:149} INFO - [2023-06-26T08:25:04.941+0000] {taskmixin.py:211} WARNING - Dependency <Task(EmailOperator): send_email>, prepare_email already registered for DAG: example_dag_decorator
[2023-06-26T08:25:04.949+0000] {processor.py:836} INFO - DAG(s) dict_keys(['example_dag_decorator']) retrieved from /home/airflow/.local/lib/python3.7/site-packages/airflow/example_dags/example_dag_decorator.py
[2023-06-26T08:25:05.018+0000] {logging_mixin.py:149} INFO - [2023-06-26T08:25:05.017+0000] {dag.py:2726} INFO - Sync 1 DAGs
[2023-06-26T08:25:05.043+0000] {logging_mixin.py:149} INFO - [2023-06-26T08:25:05.042+0000] {dag.py:3490} INFO - Setting next_dagrun for example_dag_decorator to None, run_after=None
[2023-06-26T08:25:05.064+0000] {processor.py:179} INFO - Processing /home/airflow/.local/lib/python3.7/site-packages/airflow/example_dags/example_dag_decorator.py took 0.136 seconds
[2023-06-26T08:25:35.752+0000] {processor.py:157} INFO - Started process (PID=374) to work on /home/airflow/.local/lib/python3.7/site-packages/airflow/example_dags/example_dag_decorator.py
[2023-06-26T08:25:35.753+0000] {processor.py:826} INFO - Processing file /home/airflow/.local/lib/python3.7/site-packages/airflow/example_dags/example_dag_decorator.py for tasks to queue
[2023-06-26T08:25:35.754+0000] {logging_mixin.py:149} INFO - [2023-06-26T08:25:35.754+0000] {dagbag.py:541} INFO - Filling up the DagBag from /home/airflow/.local/lib/python3.7/site-packages/airflow/example_dags/example_dag_decorator.py
[2023-06-26T08:25:35.761+0000] {logging_mixin.py:149} INFO - [2023-06-26T08:25:35.761+0000] {taskmixin.py:211} WARNING - Dependency <Task(_PythonDecoratedOperator): prepare_email>, send_email already registered for DAG: example_dag_decorator
[2023-06-26T08:25:35.762+0000] {logging_mixin.py:149} INFO - [2023-06-26T08:25:35.762+0000] {taskmixin.py:211} WARNING - Dependency <Task(EmailOperator): send_email>, prepare_email already registered for DAG: example_dag_decorator
[2023-06-26T08:25:35.771+0000] {processor.py:836} INFO - DAG(s) dict_keys(['example_dag_decorator']) retrieved from /home/airflow/.local/lib/python3.7/site-packages/airflow/example_dags/example_dag_decorator.py
[2023-06-26T08:25:35.841+0000] {logging_mixin.py:149} INFO - [2023-06-26T08:25:35.841+0000] {dag.py:2726} INFO - Sync 1 DAGs
[2023-06-26T08:25:35.862+0000] {logging_mixin.py:149} INFO - [2023-06-26T08:25:35.862+0000] {dag.py:3490} INFO - Setting next_dagrun for example_dag_decorator to None, run_after=None
[2023-06-26T08:25:35.884+0000] {processor.py:179} INFO - Processing /home/airflow/.local/lib/python3.7/site-packages/airflow/example_dags/example_dag_decorator.py took 0.136 seconds
[2023-06-26T08:26:06.062+0000] {processor.py:157} INFO - Started process (PID=440) to work on /home/airflow/.local/lib/python3.7/site-packages/airflow/example_dags/example_dag_decorator.py
[2023-06-26T08:26:06.064+0000] {processor.py:826} INFO - Processing file /home/airflow/.local/lib/python3.7/site-packages/airflow/example_dags/example_dag_decorator.py for tasks to queue
[2023-06-26T08:26:06.065+0000] {logging_mixin.py:149} INFO - [2023-06-26T08:26:06.065+0000] {dagbag.py:541} INFO - Filling up the DagBag from /home/airflow/.local/lib/python3.7/site-packages/airflow/example_dags/example_dag_decorator.py
[2023-06-26T08:26:06.072+0000] {logging_mixin.py:149} INFO - [2023-06-26T08:26:06.071+0000] {taskmixin.py:211} WARNING - Dependency <Task(_PythonDecoratedOperator): prepare_email>, send_email already registered for DAG: example_dag_decorator
[2023-06-26T08:26:06.072+0000] {logging_mixin.py:149} INFO - [2023-06-26T08:26:06.072+0000] {taskmixin.py:211} WARNING - Dependency <Task(EmailOperator): send_email>, prepare_email already registered for DAG: example_dag_decorator
[2023-06-26T08:26:06.081+0000] {processor.py:836} INFO - DAG(s) dict_keys(['example_dag_decorator']) retrieved from /home/airflow/.local/lib/python3.7/site-packages/airflow/example_dags/example_dag_decorator.py
[2023-06-26T08:26:06.155+0000] {logging_mixin.py:149} INFO - [2023-06-26T08:26:06.155+0000] {dag.py:2726} INFO - Sync 1 DAGs
[2023-06-26T08:26:06.178+0000] {logging_mixin.py:149} INFO - [2023-06-26T08:26:06.178+0000] {dag.py:3490} INFO - Setting next_dagrun for example_dag_decorator to None, run_after=None
[2023-06-26T08:26:06.200+0000] {processor.py:179} INFO - Processing /home/airflow/.local/lib/python3.7/site-packages/airflow/example_dags/example_dag_decorator.py took 0.141 seconds
[2023-06-26T08:26:36.276+0000] {processor.py:157} INFO - Started process (PID=507) to work on /home/airflow/.local/lib/python3.7/site-packages/airflow/example_dags/example_dag_decorator.py
[2023-06-26T08:26:36.277+0000] {processor.py:826} INFO - Processing file /home/airflow/.local/lib/python3.7/site-packages/airflow/example_dags/example_dag_decorator.py for tasks to queue
[2023-06-26T08:26:36.278+0000] {logging_mixin.py:149} INFO - [2023-06-26T08:26:36.278+0000] {dagbag.py:541} INFO - Filling up the DagBag from /home/airflow/.local/lib/python3.7/site-packages/airflow/example_dags/example_dag_decorator.py
[2023-06-26T08:26:36.284+0000] {logging_mixin.py:149} INFO - [2023-06-26T08:26:36.284+0000] {taskmixin.py:211} WARNING - Dependency <Task(_PythonDecoratedOperator): prepare_email>, send_email already registered for DAG: example_dag_decorator
[2023-06-26T08:26:36.285+0000] {logging_mixin.py:149} INFO - [2023-06-26T08:26:36.285+0000] {taskmixin.py:211} WARNING - Dependency <Task(EmailOperator): send_email>, prepare_email already registered for DAG: example_dag_decorator
[2023-06-26T08:26:36.293+0000] {processor.py:836} INFO - DAG(s) dict_keys(['example_dag_decorator']) retrieved from /home/airflow/.local/lib/python3.7/site-packages/airflow/example_dags/example_dag_decorator.py
[2023-06-26T08:26:36.364+0000] {logging_mixin.py:149} INFO - [2023-06-26T08:26:36.364+0000] {dag.py:2726} INFO - Sync 1 DAGs
[2023-06-26T08:26:36.388+0000] {logging_mixin.py:149} INFO - [2023-06-26T08:26:36.388+0000] {dag.py:3490} INFO - Setting next_dagrun for example_dag_decorator to None, run_after=None
[2023-06-26T08:26:36.408+0000] {processor.py:179} INFO - Processing /home/airflow/.local/lib/python3.7/site-packages/airflow/example_dags/example_dag_decorator.py took 0.135 seconds
[2023-06-26T08:27:06.817+0000] {processor.py:157} INFO - Started process (PID=573) to work on /home/airflow/.local/lib/python3.7/site-packages/airflow/example_dags/example_dag_decorator.py
[2023-06-26T08:27:06.818+0000] {processor.py:826} INFO - Processing file /home/airflow/.local/lib/python3.7/site-packages/airflow/example_dags/example_dag_decorator.py for tasks to queue
[2023-06-26T08:27:06.819+0000] {logging_mixin.py:149} INFO - [2023-06-26T08:27:06.819+0000] {dagbag.py:541} INFO - Filling up the DagBag from /home/airflow/.local/lib/python3.7/site-packages/airflow/example_dags/example_dag_decorator.py
[2023-06-26T08:27:06.826+0000] {logging_mixin.py:149} INFO - [2023-06-26T08:27:06.825+0000] {taskmixin.py:211} WARNING - Dependency <Task(_PythonDecoratedOperator): prepare_email>, send_email already registered for DAG: example_dag_decorator
[2023-06-26T08:27:06.827+0000] {logging_mixin.py:149} INFO - [2023-06-26T08:27:06.826+0000] {taskmixin.py:211} WARNING - Dependency <Task(EmailOperator): send_email>, prepare_email already registered for DAG: example_dag_decorator
[2023-06-26T08:27:06.835+0000] {processor.py:836} INFO - DAG(s) dict_keys(['example_dag_decorator']) retrieved from /home/airflow/.local/lib/python3.7/site-packages/airflow/example_dags/example_dag_decorator.py
[2023-06-26T08:27:06.900+0000] {logging_mixin.py:149} INFO - [2023-06-26T08:27:06.900+0000] {dag.py:2726} INFO - Sync 1 DAGs
[2023-06-26T08:27:06.925+0000] {logging_mixin.py:149} INFO - [2023-06-26T08:27:06.924+0000] {dag.py:3490} INFO - Setting next_dagrun for example_dag_decorator to None, run_after=None
[2023-06-26T08:27:06.949+0000] {processor.py:179} INFO - Processing /home/airflow/.local/lib/python3.7/site-packages/airflow/example_dags/example_dag_decorator.py took 0.135 seconds
