[2023-06-26T08:23:02.768+0000] {processor.py:157} INFO - Started process (PID=48) to work on /home/airflow/.local/lib/python3.7/site-packages/airflow/example_dags/example_branch_python_dop_operator_3.py
[2023-06-26T08:23:02.769+0000] {processor.py:826} INFO - Processing file /home/airflow/.local/lib/python3.7/site-packages/airflow/example_dags/example_branch_python_dop_operator_3.py for tasks to queue
[2023-06-26T08:23:02.770+0000] {logging_mixin.py:149} INFO - [2023-06-26T08:23:02.770+0000] {dagbag.py:541} INFO - Filling up the DagBag from /home/airflow/.local/lib/python3.7/site-packages/airflow/example_dags/example_branch_python_dop_operator_3.py
[2023-06-26T08:23:02.796+0000] {processor.py:836} INFO - DAG(s) dict_keys(['example_branch_dop_operator_v3']) retrieved from /home/airflow/.local/lib/python3.7/site-packages/airflow/example_dags/example_branch_python_dop_operator_3.py
[2023-06-26T08:23:02.817+0000] {logging_mixin.py:149} INFO - [2023-06-26T08:23:02.817+0000] {dag.py:2726} INFO - Sync 1 DAGs
[2023-06-26T08:23:02.870+0000] {logging_mixin.py:149} INFO - [2023-06-26T08:23:02.869+0000] {dag.py:3490} INFO - Setting next_dagrun for example_branch_dop_operator_v3 to 2023-06-26T08:22:00+00:00, run_after=2023-06-26T08:23:00+00:00
[2023-06-26T08:23:02.905+0000] {processor.py:179} INFO - Processing /home/airflow/.local/lib/python3.7/site-packages/airflow/example_dags/example_branch_python_dop_operator_3.py took 0.142 seconds
[2023-06-26T08:23:34.003+0000] {processor.py:157} INFO - Started process (PID=119) to work on /home/airflow/.local/lib/python3.7/site-packages/airflow/example_dags/example_branch_python_dop_operator_3.py
[2023-06-26T08:23:34.004+0000] {processor.py:826} INFO - Processing file /home/airflow/.local/lib/python3.7/site-packages/airflow/example_dags/example_branch_python_dop_operator_3.py for tasks to queue
[2023-06-26T08:23:34.005+0000] {logging_mixin.py:149} INFO - [2023-06-26T08:23:34.005+0000] {dagbag.py:541} INFO - Filling up the DagBag from /home/airflow/.local/lib/python3.7/site-packages/airflow/example_dags/example_branch_python_dop_operator_3.py
[2023-06-26T08:23:34.014+0000] {processor.py:836} INFO - DAG(s) dict_keys(['example_branch_dop_operator_v3']) retrieved from /home/airflow/.local/lib/python3.7/site-packages/airflow/example_dags/example_branch_python_dop_operator_3.py
[2023-06-26T08:23:34.037+0000] {logging_mixin.py:149} INFO - [2023-06-26T08:23:34.037+0000] {dag.py:2726} INFO - Sync 1 DAGs
[2023-06-26T08:23:34.067+0000] {logging_mixin.py:149} INFO - [2023-06-26T08:23:34.067+0000] {dag.py:3490} INFO - Setting next_dagrun for example_branch_dop_operator_v3 to 2023-06-26T08:22:00+00:00, run_after=2023-06-26T08:23:00+00:00
[2023-06-26T08:23:34.088+0000] {processor.py:179} INFO - Processing /home/airflow/.local/lib/python3.7/site-packages/airflow/example_dags/example_branch_python_dop_operator_3.py took 0.089 seconds
[2023-06-26T08:24:04.978+0000] {processor.py:157} INFO - Started process (PID=185) to work on /home/airflow/.local/lib/python3.7/site-packages/airflow/example_dags/example_branch_python_dop_operator_3.py
[2023-06-26T08:24:04.979+0000] {processor.py:826} INFO - Processing file /home/airflow/.local/lib/python3.7/site-packages/airflow/example_dags/example_branch_python_dop_operator_3.py for tasks to queue
[2023-06-26T08:24:04.980+0000] {logging_mixin.py:149} INFO - [2023-06-26T08:24:04.980+0000] {dagbag.py:541} INFO - Filling up the DagBag from /home/airflow/.local/lib/python3.7/site-packages/airflow/example_dags/example_branch_python_dop_operator_3.py
[2023-06-26T08:24:04.989+0000] {processor.py:836} INFO - DAG(s) dict_keys(['example_branch_dop_operator_v3']) retrieved from /home/airflow/.local/lib/python3.7/site-packages/airflow/example_dags/example_branch_python_dop_operator_3.py
[2023-06-26T08:24:05.015+0000] {logging_mixin.py:149} INFO - [2023-06-26T08:24:05.015+0000] {dag.py:2726} INFO - Sync 1 DAGs
[2023-06-26T08:24:05.139+0000] {logging_mixin.py:149} INFO - [2023-06-26T08:24:05.139+0000] {dag.py:3490} INFO - Setting next_dagrun for example_branch_dop_operator_v3 to 2023-06-26T08:23:00+00:00, run_after=2023-06-26T08:24:00+00:00
[2023-06-26T08:24:05.160+0000] {processor.py:179} INFO - Processing /home/airflow/.local/lib/python3.7/site-packages/airflow/example_dags/example_branch_python_dop_operator_3.py took 0.186 seconds
[2023-06-26T08:24:35.975+0000] {processor.py:157} INFO - Started process (PID=251) to work on /home/airflow/.local/lib/python3.7/site-packages/airflow/example_dags/example_branch_python_dop_operator_3.py
[2023-06-26T08:24:35.976+0000] {processor.py:826} INFO - Processing file /home/airflow/.local/lib/python3.7/site-packages/airflow/example_dags/example_branch_python_dop_operator_3.py for tasks to queue
[2023-06-26T08:24:35.977+0000] {logging_mixin.py:149} INFO - [2023-06-26T08:24:35.977+0000] {dagbag.py:541} INFO - Filling up the DagBag from /home/airflow/.local/lib/python3.7/site-packages/airflow/example_dags/example_branch_python_dop_operator_3.py
[2023-06-26T08:24:35.985+0000] {processor.py:836} INFO - DAG(s) dict_keys(['example_branch_dop_operator_v3']) retrieved from /home/airflow/.local/lib/python3.7/site-packages/airflow/example_dags/example_branch_python_dop_operator_3.py
[2023-06-26T08:24:36.009+0000] {logging_mixin.py:149} INFO - [2023-06-26T08:24:36.009+0000] {dag.py:2726} INFO - Sync 1 DAGs
[2023-06-26T08:24:36.036+0000] {logging_mixin.py:149} INFO - [2023-06-26T08:24:36.036+0000] {dag.py:3490} INFO - Setting next_dagrun for example_branch_dop_operator_v3 to 2023-06-26T08:23:00+00:00, run_after=2023-06-26T08:24:00+00:00
[2023-06-26T08:24:36.057+0000] {processor.py:179} INFO - Processing /home/airflow/.local/lib/python3.7/site-packages/airflow/example_dags/example_branch_python_dop_operator_3.py took 0.085 seconds
[2023-06-26T08:25:06.413+0000] {processor.py:157} INFO - Started process (PID=317) to work on /home/airflow/.local/lib/python3.7/site-packages/airflow/example_dags/example_branch_python_dop_operator_3.py
[2023-06-26T08:25:06.414+0000] {processor.py:826} INFO - Processing file /home/airflow/.local/lib/python3.7/site-packages/airflow/example_dags/example_branch_python_dop_operator_3.py for tasks to queue
[2023-06-26T08:25:06.415+0000] {logging_mixin.py:149} INFO - [2023-06-26T08:25:06.414+0000] {dagbag.py:541} INFO - Filling up the DagBag from /home/airflow/.local/lib/python3.7/site-packages/airflow/example_dags/example_branch_python_dop_operator_3.py
[2023-06-26T08:25:06.423+0000] {processor.py:836} INFO - DAG(s) dict_keys(['example_branch_dop_operator_v3']) retrieved from /home/airflow/.local/lib/python3.7/site-packages/airflow/example_dags/example_branch_python_dop_operator_3.py
[2023-06-26T08:25:06.446+0000] {logging_mixin.py:149} INFO - [2023-06-26T08:25:06.446+0000] {dag.py:2726} INFO - Sync 1 DAGs
[2023-06-26T08:25:06.475+0000] {logging_mixin.py:149} INFO - [2023-06-26T08:25:06.475+0000] {dag.py:3490} INFO - Setting next_dagrun for example_branch_dop_operator_v3 to 2023-06-26T08:24:00+00:00, run_after=2023-06-26T08:25:00+00:00
[2023-06-26T08:25:06.496+0000] {processor.py:179} INFO - Processing /home/airflow/.local/lib/python3.7/site-packages/airflow/example_dags/example_branch_python_dop_operator_3.py took 0.087 seconds
[2023-06-26T08:25:37.239+0000] {processor.py:157} INFO - Started process (PID=383) to work on /home/airflow/.local/lib/python3.7/site-packages/airflow/example_dags/example_branch_python_dop_operator_3.py
[2023-06-26T08:25:37.240+0000] {processor.py:826} INFO - Processing file /home/airflow/.local/lib/python3.7/site-packages/airflow/example_dags/example_branch_python_dop_operator_3.py for tasks to queue
[2023-06-26T08:25:37.241+0000] {logging_mixin.py:149} INFO - [2023-06-26T08:25:37.241+0000] {dagbag.py:541} INFO - Filling up the DagBag from /home/airflow/.local/lib/python3.7/site-packages/airflow/example_dags/example_branch_python_dop_operator_3.py
[2023-06-26T08:25:37.248+0000] {processor.py:836} INFO - DAG(s) dict_keys(['example_branch_dop_operator_v3']) retrieved from /home/airflow/.local/lib/python3.7/site-packages/airflow/example_dags/example_branch_python_dop_operator_3.py
[2023-06-26T08:25:37.273+0000] {logging_mixin.py:149} INFO - [2023-06-26T08:25:37.272+0000] {dag.py:2726} INFO - Sync 1 DAGs
[2023-06-26T08:25:37.300+0000] {logging_mixin.py:149} INFO - [2023-06-26T08:25:37.300+0000] {dag.py:3490} INFO - Setting next_dagrun for example_branch_dop_operator_v3 to 2023-06-26T08:24:00+00:00, run_after=2023-06-26T08:25:00+00:00
[2023-06-26T08:25:37.320+0000] {processor.py:179} INFO - Processing /home/airflow/.local/lib/python3.7/site-packages/airflow/example_dags/example_branch_python_dop_operator_3.py took 0.084 seconds
[2023-06-26T08:26:07.462+0000] {processor.py:157} INFO - Started process (PID=449) to work on /home/airflow/.local/lib/python3.7/site-packages/airflow/example_dags/example_branch_python_dop_operator_3.py
[2023-06-26T08:26:07.464+0000] {processor.py:826} INFO - Processing file /home/airflow/.local/lib/python3.7/site-packages/airflow/example_dags/example_branch_python_dop_operator_3.py for tasks to queue
[2023-06-26T08:26:07.465+0000] {logging_mixin.py:149} INFO - [2023-06-26T08:26:07.464+0000] {dagbag.py:541} INFO - Filling up the DagBag from /home/airflow/.local/lib/python3.7/site-packages/airflow/example_dags/example_branch_python_dop_operator_3.py
[2023-06-26T08:26:07.472+0000] {processor.py:836} INFO - DAG(s) dict_keys(['example_branch_dop_operator_v3']) retrieved from /home/airflow/.local/lib/python3.7/site-packages/airflow/example_dags/example_branch_python_dop_operator_3.py
[2023-06-26T08:26:07.497+0000] {logging_mixin.py:149} INFO - [2023-06-26T08:26:07.497+0000] {dag.py:2726} INFO - Sync 1 DAGs
[2023-06-26T08:26:07.526+0000] {logging_mixin.py:149} INFO - [2023-06-26T08:26:07.526+0000] {dag.py:3490} INFO - Setting next_dagrun for example_branch_dop_operator_v3 to 2023-06-26T08:25:00+00:00, run_after=2023-06-26T08:26:00+00:00
[2023-06-26T08:26:07.549+0000] {processor.py:179} INFO - Processing /home/airflow/.local/lib/python3.7/site-packages/airflow/example_dags/example_branch_python_dop_operator_3.py took 0.090 seconds
[2023-06-26T08:26:37.867+0000] {processor.py:157} INFO - Started process (PID=516) to work on /home/airflow/.local/lib/python3.7/site-packages/airflow/example_dags/example_branch_python_dop_operator_3.py
[2023-06-26T08:26:37.868+0000] {processor.py:826} INFO - Processing file /home/airflow/.local/lib/python3.7/site-packages/airflow/example_dags/example_branch_python_dop_operator_3.py for tasks to queue
[2023-06-26T08:26:37.869+0000] {logging_mixin.py:149} INFO - [2023-06-26T08:26:37.869+0000] {dagbag.py:541} INFO - Filling up the DagBag from /home/airflow/.local/lib/python3.7/site-packages/airflow/example_dags/example_branch_python_dop_operator_3.py
[2023-06-26T08:26:37.877+0000] {processor.py:836} INFO - DAG(s) dict_keys(['example_branch_dop_operator_v3']) retrieved from /home/airflow/.local/lib/python3.7/site-packages/airflow/example_dags/example_branch_python_dop_operator_3.py
[2023-06-26T08:26:37.900+0000] {logging_mixin.py:149} INFO - [2023-06-26T08:26:37.900+0000] {dag.py:2726} INFO - Sync 1 DAGs
[2023-06-26T08:26:37.929+0000] {logging_mixin.py:149} INFO - [2023-06-26T08:26:37.929+0000] {dag.py:3490} INFO - Setting next_dagrun for example_branch_dop_operator_v3 to 2023-06-26T08:25:00+00:00, run_after=2023-06-26T08:26:00+00:00
[2023-06-26T08:26:37.950+0000] {processor.py:179} INFO - Processing /home/airflow/.local/lib/python3.7/site-packages/airflow/example_dags/example_branch_python_dop_operator_3.py took 0.086 seconds
[2023-06-26T08:27:08.288+0000] {processor.py:157} INFO - Started process (PID=582) to work on /home/airflow/.local/lib/python3.7/site-packages/airflow/example_dags/example_branch_python_dop_operator_3.py
[2023-06-26T08:27:08.289+0000] {processor.py:826} INFO - Processing file /home/airflow/.local/lib/python3.7/site-packages/airflow/example_dags/example_branch_python_dop_operator_3.py for tasks to queue
[2023-06-26T08:27:08.290+0000] {logging_mixin.py:149} INFO - [2023-06-26T08:27:08.290+0000] {dagbag.py:541} INFO - Filling up the DagBag from /home/airflow/.local/lib/python3.7/site-packages/airflow/example_dags/example_branch_python_dop_operator_3.py
[2023-06-26T08:27:08.299+0000] {processor.py:836} INFO - DAG(s) dict_keys(['example_branch_dop_operator_v3']) retrieved from /home/airflow/.local/lib/python3.7/site-packages/airflow/example_dags/example_branch_python_dop_operator_3.py
[2023-06-26T08:27:08.323+0000] {logging_mixin.py:149} INFO - [2023-06-26T08:27:08.323+0000] {dag.py:2726} INFO - Sync 1 DAGs
[2023-06-26T08:27:08.355+0000] {logging_mixin.py:149} INFO - [2023-06-26T08:27:08.354+0000] {dag.py:3490} INFO - Setting next_dagrun for example_branch_dop_operator_v3 to 2023-06-26T08:26:00+00:00, run_after=2023-06-26T08:27:00+00:00
[2023-06-26T08:27:08.376+0000] {processor.py:179} INFO - Processing /home/airflow/.local/lib/python3.7/site-packages/airflow/example_dags/example_branch_python_dop_operator_3.py took 0.091 seconds
