[2023-06-26T08:23:04.271+0000] {processor.py:157} INFO - Started process (PID=67) to work on /home/airflow/.local/lib/python3.7/site-packages/airflow/example_dags/example_python_operator.py
[2023-06-26T08:23:04.273+0000] {processor.py:826} INFO - Processing file /home/airflow/.local/lib/python3.7/site-packages/airflow/example_dags/example_python_operator.py for tasks to queue
[2023-06-26T08:23:04.274+0000] {logging_mixin.py:149} INFO - [2023-06-26T08:23:04.274+0000] {dagbag.py:541} INFO - Filling up the DagBag from /home/airflow/.local/lib/python3.7/site-packages/airflow/example_dags/example_python_operator.py
[2023-06-26T08:23:04.281+0000] {logging_mixin.py:149} INFO - [2023-06-26T08:23:04.280+0000] {taskmixin.py:211} WARNING - Dependency <Task(_PythonDecoratedOperator): print_the_context>, log_sql_query already registered for DAG: example_python_operator
[2023-06-26T08:23:04.281+0000] {logging_mixin.py:149} INFO - [2023-06-26T08:23:04.281+0000] {taskmixin.py:211} WARNING - Dependency <Task(_PythonDecoratedOperator): log_sql_query>, print_the_context already registered for DAG: example_python_operator
[2023-06-26T08:23:04.282+0000] {logging_mixin.py:149} INFO - [2023-06-26T08:23:04.282+0000] {taskmixin.py:211} WARNING - Dependency <Task(_PythonDecoratedOperator): print_the_context>, log_sql_query already registered for DAG: example_python_operator
[2023-06-26T08:23:04.283+0000] {logging_mixin.py:149} INFO - [2023-06-26T08:23:04.283+0000] {taskmixin.py:211} WARNING - Dependency <Task(_PythonDecoratedOperator): log_sql_query>, print_the_context already registered for DAG: example_python_operator
[2023-06-26T08:23:04.284+0000] {logging_mixin.py:149} INFO - [2023-06-26T08:23:04.284+0000] {taskmixin.py:211} WARNING - Dependency <Task(_PythonDecoratedOperator): print_the_context>, log_sql_query already registered for DAG: example_python_operator
[2023-06-26T08:23:04.285+0000] {logging_mixin.py:149} INFO - [2023-06-26T08:23:04.285+0000] {taskmixin.py:211} WARNING - Dependency <Task(_PythonDecoratedOperator): log_sql_query>, print_the_context already registered for DAG: example_python_operator
[2023-06-26T08:23:04.286+0000] {logging_mixin.py:149} INFO - [2023-06-26T08:23:04.286+0000] {taskmixin.py:211} WARNING - Dependency <Task(_PythonDecoratedOperator): print_the_context>, log_sql_query already registered for DAG: example_python_operator
[2023-06-26T08:23:04.287+0000] {logging_mixin.py:149} INFO - [2023-06-26T08:23:04.287+0000] {taskmixin.py:211} WARNING - Dependency <Task(_PythonDecoratedOperator): log_sql_query>, print_the_context already registered for DAG: example_python_operator
[2023-06-26T08:23:04.290+0000] {processor.py:836} INFO - DAG(s) dict_keys(['example_python_operator']) retrieved from /home/airflow/.local/lib/python3.7/site-packages/airflow/example_dags/example_python_operator.py
[2023-06-26T08:23:04.304+0000] {logging_mixin.py:149} INFO - [2023-06-26T08:23:04.304+0000] {dag.py:2726} INFO - Sync 1 DAGs
[2023-06-26T08:23:04.337+0000] {logging_mixin.py:149} INFO - [2023-06-26T08:23:04.337+0000] {dag.py:3490} INFO - Setting next_dagrun for example_python_operator to None, run_after=None
[2023-06-26T08:23:04.359+0000] {processor.py:179} INFO - Processing /home/airflow/.local/lib/python3.7/site-packages/airflow/example_dags/example_python_operator.py took 0.092 seconds
[2023-06-26T08:23:35.164+0000] {processor.py:157} INFO - Started process (PID=138) to work on /home/airflow/.local/lib/python3.7/site-packages/airflow/example_dags/example_python_operator.py
[2023-06-26T08:23:35.166+0000] {processor.py:826} INFO - Processing file /home/airflow/.local/lib/python3.7/site-packages/airflow/example_dags/example_python_operator.py for tasks to queue
[2023-06-26T08:23:35.167+0000] {logging_mixin.py:149} INFO - [2023-06-26T08:23:35.167+0000] {dagbag.py:541} INFO - Filling up the DagBag from /home/airflow/.local/lib/python3.7/site-packages/airflow/example_dags/example_python_operator.py
[2023-06-26T08:23:35.174+0000] {logging_mixin.py:149} INFO - [2023-06-26T08:23:35.174+0000] {taskmixin.py:211} WARNING - Dependency <Task(_PythonDecoratedOperator): print_the_context>, log_sql_query already registered for DAG: example_python_operator
[2023-06-26T08:23:35.175+0000] {logging_mixin.py:149} INFO - [2023-06-26T08:23:35.175+0000] {taskmixin.py:211} WARNING - Dependency <Task(_PythonDecoratedOperator): log_sql_query>, print_the_context already registered for DAG: example_python_operator
[2023-06-26T08:23:35.176+0000] {logging_mixin.py:149} INFO - [2023-06-26T08:23:35.176+0000] {taskmixin.py:211} WARNING - Dependency <Task(_PythonDecoratedOperator): print_the_context>, log_sql_query already registered for DAG: example_python_operator
[2023-06-26T08:23:35.177+0000] {logging_mixin.py:149} INFO - [2023-06-26T08:23:35.177+0000] {taskmixin.py:211} WARNING - Dependency <Task(_PythonDecoratedOperator): log_sql_query>, print_the_context already registered for DAG: example_python_operator
[2023-06-26T08:23:35.178+0000] {logging_mixin.py:149} INFO - [2023-06-26T08:23:35.178+0000] {taskmixin.py:211} WARNING - Dependency <Task(_PythonDecoratedOperator): print_the_context>, log_sql_query already registered for DAG: example_python_operator
[2023-06-26T08:23:35.179+0000] {logging_mixin.py:149} INFO - [2023-06-26T08:23:35.179+0000] {taskmixin.py:211} WARNING - Dependency <Task(_PythonDecoratedOperator): log_sql_query>, print_the_context already registered for DAG: example_python_operator
[2023-06-26T08:23:35.180+0000] {logging_mixin.py:149} INFO - [2023-06-26T08:23:35.180+0000] {taskmixin.py:211} WARNING - Dependency <Task(_PythonDecoratedOperator): print_the_context>, log_sql_query already registered for DAG: example_python_operator
[2023-06-26T08:23:35.181+0000] {logging_mixin.py:149} INFO - [2023-06-26T08:23:35.181+0000] {taskmixin.py:211} WARNING - Dependency <Task(_PythonDecoratedOperator): log_sql_query>, print_the_context already registered for DAG: example_python_operator
[2023-06-26T08:23:35.185+0000] {processor.py:836} INFO - DAG(s) dict_keys(['example_python_operator']) retrieved from /home/airflow/.local/lib/python3.7/site-packages/airflow/example_dags/example_python_operator.py
[2023-06-26T08:23:35.251+0000] {logging_mixin.py:149} INFO - [2023-06-26T08:23:35.251+0000] {dag.py:2726} INFO - Sync 1 DAGs
[2023-06-26T08:23:35.367+0000] {logging_mixin.py:149} INFO - [2023-06-26T08:23:35.366+0000] {dag.py:3490} INFO - Setting next_dagrun for example_python_operator to None, run_after=None
[2023-06-26T08:23:35.388+0000] {processor.py:179} INFO - Processing /home/airflow/.local/lib/python3.7/site-packages/airflow/example_dags/example_python_operator.py took 0.227 seconds
[2023-06-26T08:24:06.853+0000] {processor.py:157} INFO - Started process (PID=204) to work on /home/airflow/.local/lib/python3.7/site-packages/airflow/example_dags/example_python_operator.py
[2023-06-26T08:24:06.854+0000] {processor.py:826} INFO - Processing file /home/airflow/.local/lib/python3.7/site-packages/airflow/example_dags/example_python_operator.py for tasks to queue
[2023-06-26T08:24:06.856+0000] {logging_mixin.py:149} INFO - [2023-06-26T08:24:06.855+0000] {dagbag.py:541} INFO - Filling up the DagBag from /home/airflow/.local/lib/python3.7/site-packages/airflow/example_dags/example_python_operator.py
[2023-06-26T08:24:06.862+0000] {logging_mixin.py:149} INFO - [2023-06-26T08:24:06.862+0000] {taskmixin.py:211} WARNING - Dependency <Task(_PythonDecoratedOperator): print_the_context>, log_sql_query already registered for DAG: example_python_operator
[2023-06-26T08:24:06.863+0000] {logging_mixin.py:149} INFO - [2023-06-26T08:24:06.863+0000] {taskmixin.py:211} WARNING - Dependency <Task(_PythonDecoratedOperator): log_sql_query>, print_the_context already registered for DAG: example_python_operator
[2023-06-26T08:24:06.864+0000] {logging_mixin.py:149} INFO - [2023-06-26T08:24:06.864+0000] {taskmixin.py:211} WARNING - Dependency <Task(_PythonDecoratedOperator): print_the_context>, log_sql_query already registered for DAG: example_python_operator
[2023-06-26T08:24:06.865+0000] {logging_mixin.py:149} INFO - [2023-06-26T08:24:06.865+0000] {taskmixin.py:211} WARNING - Dependency <Task(_PythonDecoratedOperator): log_sql_query>, print_the_context already registered for DAG: example_python_operator
[2023-06-26T08:24:06.866+0000] {logging_mixin.py:149} INFO - [2023-06-26T08:24:06.866+0000] {taskmixin.py:211} WARNING - Dependency <Task(_PythonDecoratedOperator): print_the_context>, log_sql_query already registered for DAG: example_python_operator
[2023-06-26T08:24:06.867+0000] {logging_mixin.py:149} INFO - [2023-06-26T08:24:06.867+0000] {taskmixin.py:211} WARNING - Dependency <Task(_PythonDecoratedOperator): log_sql_query>, print_the_context already registered for DAG: example_python_operator
[2023-06-26T08:24:06.868+0000] {logging_mixin.py:149} INFO - [2023-06-26T08:24:06.868+0000] {taskmixin.py:211} WARNING - Dependency <Task(_PythonDecoratedOperator): print_the_context>, log_sql_query already registered for DAG: example_python_operator
[2023-06-26T08:24:06.869+0000] {logging_mixin.py:149} INFO - [2023-06-26T08:24:06.869+0000] {taskmixin.py:211} WARNING - Dependency <Task(_PythonDecoratedOperator): log_sql_query>, print_the_context already registered for DAG: example_python_operator
[2023-06-26T08:24:06.872+0000] {processor.py:836} INFO - DAG(s) dict_keys(['example_python_operator']) retrieved from /home/airflow/.local/lib/python3.7/site-packages/airflow/example_dags/example_python_operator.py
[2023-06-26T08:24:06.984+0000] {logging_mixin.py:149} INFO - [2023-06-26T08:24:06.984+0000] {dag.py:2726} INFO - Sync 1 DAGs
[2023-06-26T08:24:07.010+0000] {logging_mixin.py:149} INFO - [2023-06-26T08:24:07.010+0000] {dag.py:3490} INFO - Setting next_dagrun for example_python_operator to None, run_after=None
[2023-06-26T08:24:07.033+0000] {processor.py:179} INFO - Processing /home/airflow/.local/lib/python3.7/site-packages/airflow/example_dags/example_python_operator.py took 0.183 seconds
[2023-06-26T08:24:37.189+0000] {processor.py:157} INFO - Started process (PID=270) to work on /home/airflow/.local/lib/python3.7/site-packages/airflow/example_dags/example_python_operator.py
[2023-06-26T08:24:37.190+0000] {processor.py:826} INFO - Processing file /home/airflow/.local/lib/python3.7/site-packages/airflow/example_dags/example_python_operator.py for tasks to queue
[2023-06-26T08:24:37.191+0000] {logging_mixin.py:149} INFO - [2023-06-26T08:24:37.191+0000] {dagbag.py:541} INFO - Filling up the DagBag from /home/airflow/.local/lib/python3.7/site-packages/airflow/example_dags/example_python_operator.py
[2023-06-26T08:24:37.202+0000] {logging_mixin.py:149} INFO - [2023-06-26T08:24:37.201+0000] {taskmixin.py:211} WARNING - Dependency <Task(_PythonDecoratedOperator): print_the_context>, log_sql_query already registered for DAG: example_python_operator
[2023-06-26T08:24:37.203+0000] {logging_mixin.py:149} INFO - [2023-06-26T08:24:37.202+0000] {taskmixin.py:211} WARNING - Dependency <Task(_PythonDecoratedOperator): log_sql_query>, print_the_context already registered for DAG: example_python_operator
[2023-06-26T08:24:37.204+0000] {logging_mixin.py:149} INFO - [2023-06-26T08:24:37.204+0000] {taskmixin.py:211} WARNING - Dependency <Task(_PythonDecoratedOperator): print_the_context>, log_sql_query already registered for DAG: example_python_operator
[2023-06-26T08:24:37.204+0000] {logging_mixin.py:149} INFO - [2023-06-26T08:24:37.204+0000] {taskmixin.py:211} WARNING - Dependency <Task(_PythonDecoratedOperator): log_sql_query>, print_the_context already registered for DAG: example_python_operator
[2023-06-26T08:24:37.207+0000] {logging_mixin.py:149} INFO - [2023-06-26T08:24:37.206+0000] {taskmixin.py:211} WARNING - Dependency <Task(_PythonDecoratedOperator): print_the_context>, log_sql_query already registered for DAG: example_python_operator
[2023-06-26T08:24:37.207+0000] {logging_mixin.py:149} INFO - [2023-06-26T08:24:37.207+0000] {taskmixin.py:211} WARNING - Dependency <Task(_PythonDecoratedOperator): log_sql_query>, print_the_context already registered for DAG: example_python_operator
[2023-06-26T08:24:37.209+0000] {logging_mixin.py:149} INFO - [2023-06-26T08:24:37.209+0000] {taskmixin.py:211} WARNING - Dependency <Task(_PythonDecoratedOperator): print_the_context>, log_sql_query already registered for DAG: example_python_operator
[2023-06-26T08:24:37.210+0000] {logging_mixin.py:149} INFO - [2023-06-26T08:24:37.210+0000] {taskmixin.py:211} WARNING - Dependency <Task(_PythonDecoratedOperator): log_sql_query>, print_the_context already registered for DAG: example_python_operator
[2023-06-26T08:24:37.217+0000] {processor.py:836} INFO - DAG(s) dict_keys(['example_python_operator']) retrieved from /home/airflow/.local/lib/python3.7/site-packages/airflow/example_dags/example_python_operator.py
[2023-06-26T08:24:37.245+0000] {logging_mixin.py:149} INFO - [2023-06-26T08:24:37.244+0000] {dag.py:2726} INFO - Sync 1 DAGs
[2023-06-26T08:24:37.273+0000] {logging_mixin.py:149} INFO - [2023-06-26T08:24:37.273+0000] {dag.py:3490} INFO - Setting next_dagrun for example_python_operator to None, run_after=None
[2023-06-26T08:24:37.296+0000] {processor.py:179} INFO - Processing /home/airflow/.local/lib/python3.7/site-packages/airflow/example_dags/example_python_operator.py took 0.111 seconds
[2023-06-26T08:25:07.738+0000] {processor.py:157} INFO - Started process (PID=336) to work on /home/airflow/.local/lib/python3.7/site-packages/airflow/example_dags/example_python_operator.py
[2023-06-26T08:25:07.739+0000] {processor.py:826} INFO - Processing file /home/airflow/.local/lib/python3.7/site-packages/airflow/example_dags/example_python_operator.py for tasks to queue
[2023-06-26T08:25:07.740+0000] {logging_mixin.py:149} INFO - [2023-06-26T08:25:07.740+0000] {dagbag.py:541} INFO - Filling up the DagBag from /home/airflow/.local/lib/python3.7/site-packages/airflow/example_dags/example_python_operator.py
[2023-06-26T08:25:07.747+0000] {logging_mixin.py:149} INFO - [2023-06-26T08:25:07.747+0000] {taskmixin.py:211} WARNING - Dependency <Task(_PythonDecoratedOperator): print_the_context>, log_sql_query already registered for DAG: example_python_operator
[2023-06-26T08:25:07.748+0000] {logging_mixin.py:149} INFO - [2023-06-26T08:25:07.747+0000] {taskmixin.py:211} WARNING - Dependency <Task(_PythonDecoratedOperator): log_sql_query>, print_the_context already registered for DAG: example_python_operator
[2023-06-26T08:25:07.749+0000] {logging_mixin.py:149} INFO - [2023-06-26T08:25:07.748+0000] {taskmixin.py:211} WARNING - Dependency <Task(_PythonDecoratedOperator): print_the_context>, log_sql_query already registered for DAG: example_python_operator
[2023-06-26T08:25:07.749+0000] {logging_mixin.py:149} INFO - [2023-06-26T08:25:07.749+0000] {taskmixin.py:211} WARNING - Dependency <Task(_PythonDecoratedOperator): log_sql_query>, print_the_context already registered for DAG: example_python_operator
[2023-06-26T08:25:07.751+0000] {logging_mixin.py:149} INFO - [2023-06-26T08:25:07.751+0000] {taskmixin.py:211} WARNING - Dependency <Task(_PythonDecoratedOperator): print_the_context>, log_sql_query already registered for DAG: example_python_operator
[2023-06-26T08:25:07.751+0000] {logging_mixin.py:149} INFO - [2023-06-26T08:25:07.751+0000] {taskmixin.py:211} WARNING - Dependency <Task(_PythonDecoratedOperator): log_sql_query>, print_the_context already registered for DAG: example_python_operator
[2023-06-26T08:25:07.753+0000] {logging_mixin.py:149} INFO - [2023-06-26T08:25:07.753+0000] {taskmixin.py:211} WARNING - Dependency <Task(_PythonDecoratedOperator): print_the_context>, log_sql_query already registered for DAG: example_python_operator
[2023-06-26T08:25:07.754+0000] {logging_mixin.py:149} INFO - [2023-06-26T08:25:07.754+0000] {taskmixin.py:211} WARNING - Dependency <Task(_PythonDecoratedOperator): log_sql_query>, print_the_context already registered for DAG: example_python_operator
[2023-06-26T08:25:07.757+0000] {processor.py:836} INFO - DAG(s) dict_keys(['example_python_operator']) retrieved from /home/airflow/.local/lib/python3.7/site-packages/airflow/example_dags/example_python_operator.py
[2023-06-26T08:25:07.787+0000] {logging_mixin.py:149} INFO - [2023-06-26T08:25:07.787+0000] {dag.py:2726} INFO - Sync 1 DAGs
[2023-06-26T08:25:07.812+0000] {logging_mixin.py:149} INFO - [2023-06-26T08:25:07.811+0000] {dag.py:3490} INFO - Setting next_dagrun for example_python_operator to None, run_after=None
[2023-06-26T08:25:07.832+0000] {processor.py:179} INFO - Processing /home/airflow/.local/lib/python3.7/site-packages/airflow/example_dags/example_python_operator.py took 0.097 seconds
[2023-06-26T08:25:38.344+0000] {processor.py:157} INFO - Started process (PID=402) to work on /home/airflow/.local/lib/python3.7/site-packages/airflow/example_dags/example_python_operator.py
[2023-06-26T08:25:38.346+0000] {processor.py:826} INFO - Processing file /home/airflow/.local/lib/python3.7/site-packages/airflow/example_dags/example_python_operator.py for tasks to queue
[2023-06-26T08:25:38.347+0000] {logging_mixin.py:149} INFO - [2023-06-26T08:25:38.347+0000] {dagbag.py:541} INFO - Filling up the DagBag from /home/airflow/.local/lib/python3.7/site-packages/airflow/example_dags/example_python_operator.py
[2023-06-26T08:25:38.354+0000] {logging_mixin.py:149} INFO - [2023-06-26T08:25:38.354+0000] {taskmixin.py:211} WARNING - Dependency <Task(_PythonDecoratedOperator): print_the_context>, log_sql_query already registered for DAG: example_python_operator
[2023-06-26T08:25:38.355+0000] {logging_mixin.py:149} INFO - [2023-06-26T08:25:38.355+0000] {taskmixin.py:211} WARNING - Dependency <Task(_PythonDecoratedOperator): log_sql_query>, print_the_context already registered for DAG: example_python_operator
[2023-06-26T08:25:38.356+0000] {logging_mixin.py:149} INFO - [2023-06-26T08:25:38.356+0000] {taskmixin.py:211} WARNING - Dependency <Task(_PythonDecoratedOperator): print_the_context>, log_sql_query already registered for DAG: example_python_operator
[2023-06-26T08:25:38.357+0000] {logging_mixin.py:149} INFO - [2023-06-26T08:25:38.357+0000] {taskmixin.py:211} WARNING - Dependency <Task(_PythonDecoratedOperator): log_sql_query>, print_the_context already registered for DAG: example_python_operator
[2023-06-26T08:25:38.358+0000] {logging_mixin.py:149} INFO - [2023-06-26T08:25:38.358+0000] {taskmixin.py:211} WARNING - Dependency <Task(_PythonDecoratedOperator): print_the_context>, log_sql_query already registered for DAG: example_python_operator
[2023-06-26T08:25:38.359+0000] {logging_mixin.py:149} INFO - [2023-06-26T08:25:38.359+0000] {taskmixin.py:211} WARNING - Dependency <Task(_PythonDecoratedOperator): log_sql_query>, print_the_context already registered for DAG: example_python_operator
[2023-06-26T08:25:38.360+0000] {logging_mixin.py:149} INFO - [2023-06-26T08:25:38.360+0000] {taskmixin.py:211} WARNING - Dependency <Task(_PythonDecoratedOperator): print_the_context>, log_sql_query already registered for DAG: example_python_operator
[2023-06-26T08:25:38.361+0000] {logging_mixin.py:149} INFO - [2023-06-26T08:25:38.361+0000] {taskmixin.py:211} WARNING - Dependency <Task(_PythonDecoratedOperator): log_sql_query>, print_the_context already registered for DAG: example_python_operator
[2023-06-26T08:25:38.364+0000] {processor.py:836} INFO - DAG(s) dict_keys(['example_python_operator']) retrieved from /home/airflow/.local/lib/python3.7/site-packages/airflow/example_dags/example_python_operator.py
[2023-06-26T08:25:38.390+0000] {logging_mixin.py:149} INFO - [2023-06-26T08:25:38.390+0000] {dag.py:2726} INFO - Sync 1 DAGs
[2023-06-26T08:25:38.416+0000] {logging_mixin.py:149} INFO - [2023-06-26T08:25:38.416+0000] {dag.py:3490} INFO - Setting next_dagrun for example_python_operator to None, run_after=None
[2023-06-26T08:25:38.437+0000] {processor.py:179} INFO - Processing /home/airflow/.local/lib/python3.7/site-packages/airflow/example_dags/example_python_operator.py took 0.096 seconds
[2023-06-26T08:26:08.575+0000] {processor.py:157} INFO - Started process (PID=468) to work on /home/airflow/.local/lib/python3.7/site-packages/airflow/example_dags/example_python_operator.py
[2023-06-26T08:26:08.576+0000] {processor.py:826} INFO - Processing file /home/airflow/.local/lib/python3.7/site-packages/airflow/example_dags/example_python_operator.py for tasks to queue
[2023-06-26T08:26:08.577+0000] {logging_mixin.py:149} INFO - [2023-06-26T08:26:08.577+0000] {dagbag.py:541} INFO - Filling up the DagBag from /home/airflow/.local/lib/python3.7/site-packages/airflow/example_dags/example_python_operator.py
[2023-06-26T08:26:08.584+0000] {logging_mixin.py:149} INFO - [2023-06-26T08:26:08.584+0000] {taskmixin.py:211} WARNING - Dependency <Task(_PythonDecoratedOperator): print_the_context>, log_sql_query already registered for DAG: example_python_operator
[2023-06-26T08:26:08.585+0000] {logging_mixin.py:149} INFO - [2023-06-26T08:26:08.585+0000] {taskmixin.py:211} WARNING - Dependency <Task(_PythonDecoratedOperator): log_sql_query>, print_the_context already registered for DAG: example_python_operator
[2023-06-26T08:26:08.586+0000] {logging_mixin.py:149} INFO - [2023-06-26T08:26:08.586+0000] {taskmixin.py:211} WARNING - Dependency <Task(_PythonDecoratedOperator): print_the_context>, log_sql_query already registered for DAG: example_python_operator
[2023-06-26T08:26:08.587+0000] {logging_mixin.py:149} INFO - [2023-06-26T08:26:08.586+0000] {taskmixin.py:211} WARNING - Dependency <Task(_PythonDecoratedOperator): log_sql_query>, print_the_context already registered for DAG: example_python_operator
[2023-06-26T08:26:08.588+0000] {logging_mixin.py:149} INFO - [2023-06-26T08:26:08.588+0000] {taskmixin.py:211} WARNING - Dependency <Task(_PythonDecoratedOperator): print_the_context>, log_sql_query already registered for DAG: example_python_operator
[2023-06-26T08:26:08.588+0000] {logging_mixin.py:149} INFO - [2023-06-26T08:26:08.588+0000] {taskmixin.py:211} WARNING - Dependency <Task(_PythonDecoratedOperator): log_sql_query>, print_the_context already registered for DAG: example_python_operator
[2023-06-26T08:26:08.590+0000] {logging_mixin.py:149} INFO - [2023-06-26T08:26:08.589+0000] {taskmixin.py:211} WARNING - Dependency <Task(_PythonDecoratedOperator): print_the_context>, log_sql_query already registered for DAG: example_python_operator
[2023-06-26T08:26:08.590+0000] {logging_mixin.py:149} INFO - [2023-06-26T08:26:08.590+0000] {taskmixin.py:211} WARNING - Dependency <Task(_PythonDecoratedOperator): log_sql_query>, print_the_context already registered for DAG: example_python_operator
[2023-06-26T08:26:08.593+0000] {processor.py:836} INFO - DAG(s) dict_keys(['example_python_operator']) retrieved from /home/airflow/.local/lib/python3.7/site-packages/airflow/example_dags/example_python_operator.py
[2023-06-26T08:26:08.619+0000] {logging_mixin.py:149} INFO - [2023-06-26T08:26:08.619+0000] {dag.py:2726} INFO - Sync 1 DAGs
[2023-06-26T08:26:08.643+0000] {logging_mixin.py:149} INFO - [2023-06-26T08:26:08.643+0000] {dag.py:3490} INFO - Setting next_dagrun for example_python_operator to None, run_after=None
[2023-06-26T08:26:08.662+0000] {processor.py:179} INFO - Processing /home/airflow/.local/lib/python3.7/site-packages/airflow/example_dags/example_python_operator.py took 0.091 seconds
[2023-06-26T08:26:39.160+0000] {processor.py:157} INFO - Started process (PID=535) to work on /home/airflow/.local/lib/python3.7/site-packages/airflow/example_dags/example_python_operator.py
[2023-06-26T08:26:39.161+0000] {processor.py:826} INFO - Processing file /home/airflow/.local/lib/python3.7/site-packages/airflow/example_dags/example_python_operator.py for tasks to queue
[2023-06-26T08:26:39.162+0000] {logging_mixin.py:149} INFO - [2023-06-26T08:26:39.162+0000] {dagbag.py:541} INFO - Filling up the DagBag from /home/airflow/.local/lib/python3.7/site-packages/airflow/example_dags/example_python_operator.py
[2023-06-26T08:26:39.169+0000] {logging_mixin.py:149} INFO - [2023-06-26T08:26:39.169+0000] {taskmixin.py:211} WARNING - Dependency <Task(_PythonDecoratedOperator): print_the_context>, log_sql_query already registered for DAG: example_python_operator
[2023-06-26T08:26:39.170+0000] {logging_mixin.py:149} INFO - [2023-06-26T08:26:39.170+0000] {taskmixin.py:211} WARNING - Dependency <Task(_PythonDecoratedOperator): log_sql_query>, print_the_context already registered for DAG: example_python_operator
[2023-06-26T08:26:39.171+0000] {logging_mixin.py:149} INFO - [2023-06-26T08:26:39.171+0000] {taskmixin.py:211} WARNING - Dependency <Task(_PythonDecoratedOperator): print_the_context>, log_sql_query already registered for DAG: example_python_operator
[2023-06-26T08:26:39.172+0000] {logging_mixin.py:149} INFO - [2023-06-26T08:26:39.172+0000] {taskmixin.py:211} WARNING - Dependency <Task(_PythonDecoratedOperator): log_sql_query>, print_the_context already registered for DAG: example_python_operator
[2023-06-26T08:26:39.173+0000] {logging_mixin.py:149} INFO - [2023-06-26T08:26:39.173+0000] {taskmixin.py:211} WARNING - Dependency <Task(_PythonDecoratedOperator): print_the_context>, log_sql_query already registered for DAG: example_python_operator
[2023-06-26T08:26:39.174+0000] {logging_mixin.py:149} INFO - [2023-06-26T08:26:39.174+0000] {taskmixin.py:211} WARNING - Dependency <Task(_PythonDecoratedOperator): log_sql_query>, print_the_context already registered for DAG: example_python_operator
[2023-06-26T08:26:39.175+0000] {logging_mixin.py:149} INFO - [2023-06-26T08:26:39.175+0000] {taskmixin.py:211} WARNING - Dependency <Task(_PythonDecoratedOperator): print_the_context>, log_sql_query already registered for DAG: example_python_operator
[2023-06-26T08:26:39.175+0000] {logging_mixin.py:149} INFO - [2023-06-26T08:26:39.175+0000] {taskmixin.py:211} WARNING - Dependency <Task(_PythonDecoratedOperator): log_sql_query>, print_the_context already registered for DAG: example_python_operator
[2023-06-26T08:26:39.179+0000] {processor.py:836} INFO - DAG(s) dict_keys(['example_python_operator']) retrieved from /home/airflow/.local/lib/python3.7/site-packages/airflow/example_dags/example_python_operator.py
[2023-06-26T08:26:39.206+0000] {logging_mixin.py:149} INFO - [2023-06-26T08:26:39.206+0000] {dag.py:2726} INFO - Sync 1 DAGs
[2023-06-26T08:26:39.233+0000] {logging_mixin.py:149} INFO - [2023-06-26T08:26:39.233+0000] {dag.py:3490} INFO - Setting next_dagrun for example_python_operator to None, run_after=None
[2023-06-26T08:26:39.254+0000] {processor.py:179} INFO - Processing /home/airflow/.local/lib/python3.7/site-packages/airflow/example_dags/example_python_operator.py took 0.097 seconds
