[2023-06-26T08:23:02.878+0000] {processor.py:157} INFO - Started process (PID=49) to work on /home/airflow/.local/lib/python3.7/site-packages/airflow/example_dags/example_sensor_decorator.py
[2023-06-26T08:23:02.881+0000] {processor.py:826} INFO - Processing file /home/airflow/.local/lib/python3.7/site-packages/airflow/example_dags/example_sensor_decorator.py for tasks to queue
[2023-06-26T08:23:02.883+0000] {logging_mixin.py:149} INFO - [2023-06-26T08:23:02.883+0000] {dagbag.py:541} INFO - Filling up the DagBag from /home/airflow/.local/lib/python3.7/site-packages/airflow/example_dags/example_sensor_decorator.py
[2023-06-26T08:23:02.906+0000] {processor.py:836} INFO - DAG(s) dict_keys(['example_sensor_decorator']) retrieved from /home/airflow/.local/lib/python3.7/site-packages/airflow/example_dags/example_sensor_decorator.py
[2023-06-26T08:23:02.927+0000] {logging_mixin.py:149} INFO - [2023-06-26T08:23:02.927+0000] {dag.py:2726} INFO - Sync 1 DAGs
[2023-06-26T08:23:02.967+0000] {logging_mixin.py:149} INFO - [2023-06-26T08:23:02.967+0000] {dag.py:3490} INFO - Setting next_dagrun for example_sensor_decorator to None, run_after=None
[2023-06-26T08:23:02.995+0000] {processor.py:179} INFO - Processing /home/airflow/.local/lib/python3.7/site-packages/airflow/example_dags/example_sensor_decorator.py took 0.121 seconds
[2023-06-26T08:23:34.113+0000] {processor.py:157} INFO - Started process (PID=120) to work on /home/airflow/.local/lib/python3.7/site-packages/airflow/example_dags/example_sensor_decorator.py
[2023-06-26T08:23:34.114+0000] {processor.py:826} INFO - Processing file /home/airflow/.local/lib/python3.7/site-packages/airflow/example_dags/example_sensor_decorator.py for tasks to queue
[2023-06-26T08:23:34.116+0000] {logging_mixin.py:149} INFO - [2023-06-26T08:23:34.115+0000] {dagbag.py:541} INFO - Filling up the DagBag from /home/airflow/.local/lib/python3.7/site-packages/airflow/example_dags/example_sensor_decorator.py
[2023-06-26T08:23:34.121+0000] {processor.py:836} INFO - DAG(s) dict_keys(['example_sensor_decorator']) retrieved from /home/airflow/.local/lib/python3.7/site-packages/airflow/example_dags/example_sensor_decorator.py
[2023-06-26T08:23:34.144+0000] {logging_mixin.py:149} INFO - [2023-06-26T08:23:34.143+0000] {dag.py:2726} INFO - Sync 1 DAGs
[2023-06-26T08:23:34.167+0000] {logging_mixin.py:149} INFO - [2023-06-26T08:23:34.167+0000] {dag.py:3490} INFO - Setting next_dagrun for example_sensor_decorator to None, run_after=None
[2023-06-26T08:23:34.186+0000] {processor.py:179} INFO - Processing /home/airflow/.local/lib/python3.7/site-packages/airflow/example_dags/example_sensor_decorator.py took 0.076 seconds
[2023-06-26T08:24:05.140+0000] {processor.py:157} INFO - Started process (PID=186) to work on /home/airflow/.local/lib/python3.7/site-packages/airflow/example_dags/example_sensor_decorator.py
[2023-06-26T08:24:05.141+0000] {processor.py:826} INFO - Processing file /home/airflow/.local/lib/python3.7/site-packages/airflow/example_dags/example_sensor_decorator.py for tasks to queue
[2023-06-26T08:24:05.142+0000] {logging_mixin.py:149} INFO - [2023-06-26T08:24:05.142+0000] {dagbag.py:541} INFO - Filling up the DagBag from /home/airflow/.local/lib/python3.7/site-packages/airflow/example_dags/example_sensor_decorator.py
[2023-06-26T08:24:05.149+0000] {processor.py:836} INFO - DAG(s) dict_keys(['example_sensor_decorator']) retrieved from /home/airflow/.local/lib/python3.7/site-packages/airflow/example_dags/example_sensor_decorator.py
[2023-06-26T08:24:05.176+0000] {logging_mixin.py:149} INFO - [2023-06-26T08:24:05.176+0000] {dag.py:2726} INFO - Sync 1 DAGs
[2023-06-26T08:24:05.303+0000] {logging_mixin.py:149} INFO - [2023-06-26T08:24:05.303+0000] {dag.py:3490} INFO - Setting next_dagrun for example_sensor_decorator to None, run_after=None
[2023-06-26T08:24:05.325+0000] {processor.py:179} INFO - Processing /home/airflow/.local/lib/python3.7/site-packages/airflow/example_dags/example_sensor_decorator.py took 0.188 seconds
[2023-06-26T08:24:36.086+0000] {processor.py:157} INFO - Started process (PID=252) to work on /home/airflow/.local/lib/python3.7/site-packages/airflow/example_dags/example_sensor_decorator.py
[2023-06-26T08:24:36.087+0000] {processor.py:826} INFO - Processing file /home/airflow/.local/lib/python3.7/site-packages/airflow/example_dags/example_sensor_decorator.py for tasks to queue
[2023-06-26T08:24:36.088+0000] {logging_mixin.py:149} INFO - [2023-06-26T08:24:36.088+0000] {dagbag.py:541} INFO - Filling up the DagBag from /home/airflow/.local/lib/python3.7/site-packages/airflow/example_dags/example_sensor_decorator.py
[2023-06-26T08:24:36.093+0000] {processor.py:836} INFO - DAG(s) dict_keys(['example_sensor_decorator']) retrieved from /home/airflow/.local/lib/python3.7/site-packages/airflow/example_dags/example_sensor_decorator.py
[2023-06-26T08:24:36.118+0000] {logging_mixin.py:149} INFO - [2023-06-26T08:24:36.118+0000] {dag.py:2726} INFO - Sync 1 DAGs
[2023-06-26T08:24:36.145+0000] {logging_mixin.py:149} INFO - [2023-06-26T08:24:36.145+0000] {dag.py:3490} INFO - Setting next_dagrun for example_sensor_decorator to None, run_after=None
[2023-06-26T08:24:36.168+0000] {processor.py:179} INFO - Processing /home/airflow/.local/lib/python3.7/site-packages/airflow/example_dags/example_sensor_decorator.py took 0.085 seconds
[2023-06-26T08:25:06.601+0000] {processor.py:157} INFO - Started process (PID=318) to work on /home/airflow/.local/lib/python3.7/site-packages/airflow/example_dags/example_sensor_decorator.py
[2023-06-26T08:25:06.602+0000] {processor.py:826} INFO - Processing file /home/airflow/.local/lib/python3.7/site-packages/airflow/example_dags/example_sensor_decorator.py for tasks to queue
[2023-06-26T08:25:06.603+0000] {logging_mixin.py:149} INFO - [2023-06-26T08:25:06.603+0000] {dagbag.py:541} INFO - Filling up the DagBag from /home/airflow/.local/lib/python3.7/site-packages/airflow/example_dags/example_sensor_decorator.py
[2023-06-26T08:25:06.609+0000] {processor.py:836} INFO - DAG(s) dict_keys(['example_sensor_decorator']) retrieved from /home/airflow/.local/lib/python3.7/site-packages/airflow/example_dags/example_sensor_decorator.py
[2023-06-26T08:25:06.633+0000] {logging_mixin.py:149} INFO - [2023-06-26T08:25:06.633+0000] {dag.py:2726} INFO - Sync 1 DAGs
[2023-06-26T08:25:06.658+0000] {logging_mixin.py:149} INFO - [2023-06-26T08:25:06.658+0000] {dag.py:3490} INFO - Setting next_dagrun for example_sensor_decorator to None, run_after=None
[2023-06-26T08:25:06.677+0000] {processor.py:179} INFO - Processing /home/airflow/.local/lib/python3.7/site-packages/airflow/example_dags/example_sensor_decorator.py took 0.079 seconds
[2023-06-26T08:25:37.344+0000] {processor.py:157} INFO - Started process (PID=384) to work on /home/airflow/.local/lib/python3.7/site-packages/airflow/example_dags/example_sensor_decorator.py
[2023-06-26T08:25:37.346+0000] {processor.py:826} INFO - Processing file /home/airflow/.local/lib/python3.7/site-packages/airflow/example_dags/example_sensor_decorator.py for tasks to queue
[2023-06-26T08:25:37.347+0000] {logging_mixin.py:149} INFO - [2023-06-26T08:25:37.346+0000] {dagbag.py:541} INFO - Filling up the DagBag from /home/airflow/.local/lib/python3.7/site-packages/airflow/example_dags/example_sensor_decorator.py
[2023-06-26T08:25:37.352+0000] {processor.py:836} INFO - DAG(s) dict_keys(['example_sensor_decorator']) retrieved from /home/airflow/.local/lib/python3.7/site-packages/airflow/example_dags/example_sensor_decorator.py
[2023-06-26T08:25:37.374+0000] {logging_mixin.py:149} INFO - [2023-06-26T08:25:37.374+0000] {dag.py:2726} INFO - Sync 1 DAGs
[2023-06-26T08:25:37.399+0000] {logging_mixin.py:149} INFO - [2023-06-26T08:25:37.398+0000] {dag.py:3490} INFO - Setting next_dagrun for example_sensor_decorator to None, run_after=None
[2023-06-26T08:25:37.420+0000] {processor.py:179} INFO - Processing /home/airflow/.local/lib/python3.7/site-packages/airflow/example_dags/example_sensor_decorator.py took 0.079 seconds
[2023-06-26T08:26:07.573+0000] {processor.py:157} INFO - Started process (PID=450) to work on /home/airflow/.local/lib/python3.7/site-packages/airflow/example_dags/example_sensor_decorator.py
[2023-06-26T08:26:07.575+0000] {processor.py:826} INFO - Processing file /home/airflow/.local/lib/python3.7/site-packages/airflow/example_dags/example_sensor_decorator.py for tasks to queue
[2023-06-26T08:26:07.576+0000] {logging_mixin.py:149} INFO - [2023-06-26T08:26:07.576+0000] {dagbag.py:541} INFO - Filling up the DagBag from /home/airflow/.local/lib/python3.7/site-packages/airflow/example_dags/example_sensor_decorator.py
[2023-06-26T08:26:07.581+0000] {processor.py:836} INFO - DAG(s) dict_keys(['example_sensor_decorator']) retrieved from /home/airflow/.local/lib/python3.7/site-packages/airflow/example_dags/example_sensor_decorator.py
[2023-06-26T08:26:07.605+0000] {logging_mixin.py:149} INFO - [2023-06-26T08:26:07.605+0000] {dag.py:2726} INFO - Sync 1 DAGs
[2023-06-26T08:26:07.630+0000] {logging_mixin.py:149} INFO - [2023-06-26T08:26:07.630+0000] {dag.py:3490} INFO - Setting next_dagrun for example_sensor_decorator to None, run_after=None
[2023-06-26T08:26:07.652+0000] {processor.py:179} INFO - Processing /home/airflow/.local/lib/python3.7/site-packages/airflow/example_dags/example_sensor_decorator.py took 0.082 seconds
[2023-06-26T08:26:37.977+0000] {processor.py:157} INFO - Started process (PID=517) to work on /home/airflow/.local/lib/python3.7/site-packages/airflow/example_dags/example_sensor_decorator.py
[2023-06-26T08:26:37.978+0000] {processor.py:826} INFO - Processing file /home/airflow/.local/lib/python3.7/site-packages/airflow/example_dags/example_sensor_decorator.py for tasks to queue
[2023-06-26T08:26:37.979+0000] {logging_mixin.py:149} INFO - [2023-06-26T08:26:37.979+0000] {dagbag.py:541} INFO - Filling up the DagBag from /home/airflow/.local/lib/python3.7/site-packages/airflow/example_dags/example_sensor_decorator.py
[2023-06-26T08:26:37.985+0000] {processor.py:836} INFO - DAG(s) dict_keys(['example_sensor_decorator']) retrieved from /home/airflow/.local/lib/python3.7/site-packages/airflow/example_dags/example_sensor_decorator.py
[2023-06-26T08:26:38.069+0000] {logging_mixin.py:149} INFO - [2023-06-26T08:26:38.069+0000] {dag.py:2726} INFO - Sync 1 DAGs
[2023-06-26T08:26:38.099+0000] {logging_mixin.py:149} INFO - [2023-06-26T08:26:38.099+0000] {dag.py:3490} INFO - Setting next_dagrun for example_sensor_decorator to None, run_after=None
[2023-06-26T08:26:38.123+0000] {processor.py:179} INFO - Processing /home/airflow/.local/lib/python3.7/site-packages/airflow/example_dags/example_sensor_decorator.py took 0.150 seconds
[2023-06-26T08:27:08.404+0000] {processor.py:157} INFO - Started process (PID=583) to work on /home/airflow/.local/lib/python3.7/site-packages/airflow/example_dags/example_sensor_decorator.py
[2023-06-26T08:27:08.405+0000] {processor.py:826} INFO - Processing file /home/airflow/.local/lib/python3.7/site-packages/airflow/example_dags/example_sensor_decorator.py for tasks to queue
[2023-06-26T08:27:08.406+0000] {logging_mixin.py:149} INFO - [2023-06-26T08:27:08.406+0000] {dagbag.py:541} INFO - Filling up the DagBag from /home/airflow/.local/lib/python3.7/site-packages/airflow/example_dags/example_sensor_decorator.py
[2023-06-26T08:27:08.413+0000] {processor.py:836} INFO - DAG(s) dict_keys(['example_sensor_decorator']) retrieved from /home/airflow/.local/lib/python3.7/site-packages/airflow/example_dags/example_sensor_decorator.py
[2023-06-26T08:27:08.437+0000] {logging_mixin.py:149} INFO - [2023-06-26T08:27:08.437+0000] {dag.py:2726} INFO - Sync 1 DAGs
[2023-06-26T08:27:08.461+0000] {logging_mixin.py:149} INFO - [2023-06-26T08:27:08.461+0000] {dag.py:3490} INFO - Setting next_dagrun for example_sensor_decorator to None, run_after=None
[2023-06-26T08:27:08.484+0000] {processor.py:179} INFO - Processing /home/airflow/.local/lib/python3.7/site-packages/airflow/example_dags/example_sensor_decorator.py took 0.084 seconds
