[2023-06-26T08:23:03.026+0000] {processor.py:157} INFO - Started process (PID=51) to work on /home/airflow/.local/lib/python3.7/site-packages/airflow/example_dags/example_task_group_decorator.py
[2023-06-26T08:23:03.028+0000] {processor.py:826} INFO - Processing file /home/airflow/.local/lib/python3.7/site-packages/airflow/example_dags/example_task_group_decorator.py for tasks to queue
[2023-06-26T08:23:03.030+0000] {logging_mixin.py:149} INFO - [2023-06-26T08:23:03.029+0000] {dagbag.py:541} INFO - Filling up the DagBag from /home/airflow/.local/lib/python3.7/site-packages/airflow/example_dags/example_task_group_decorator.py
[2023-06-26T08:23:03.064+0000] {processor.py:836} INFO - DAG(s) dict_keys(['example_task_group_decorator']) retrieved from /home/airflow/.local/lib/python3.7/site-packages/airflow/example_dags/example_task_group_decorator.py
[2023-06-26T08:23:03.097+0000] {logging_mixin.py:149} INFO - [2023-06-26T08:23:03.096+0000] {dag.py:2726} INFO - Sync 1 DAGs
[2023-06-26T08:23:03.147+0000] {logging_mixin.py:149} INFO - [2023-06-26T08:23:03.147+0000] {dag.py:3490} INFO - Setting next_dagrun for example_task_group_decorator to 2023-06-25T08:23:03.147046+00:00, run_after=2023-06-26T08:23:03.147046+00:00
[2023-06-26T08:23:03.178+0000] {processor.py:179} INFO - Processing /home/airflow/.local/lib/python3.7/site-packages/airflow/example_dags/example_task_group_decorator.py took 0.156 seconds
[2023-06-26T08:23:34.213+0000] {processor.py:157} INFO - Started process (PID=122) to work on /home/airflow/.local/lib/python3.7/site-packages/airflow/example_dags/example_task_group_decorator.py
[2023-06-26T08:23:34.214+0000] {processor.py:826} INFO - Processing file /home/airflow/.local/lib/python3.7/site-packages/airflow/example_dags/example_task_group_decorator.py for tasks to queue
[2023-06-26T08:23:34.215+0000] {logging_mixin.py:149} INFO - [2023-06-26T08:23:34.215+0000] {dagbag.py:541} INFO - Filling up the DagBag from /home/airflow/.local/lib/python3.7/site-packages/airflow/example_dags/example_task_group_decorator.py
[2023-06-26T08:23:34.230+0000] {processor.py:836} INFO - DAG(s) dict_keys(['example_task_group_decorator']) retrieved from /home/airflow/.local/lib/python3.7/site-packages/airflow/example_dags/example_task_group_decorator.py
[2023-06-26T08:23:34.260+0000] {logging_mixin.py:149} INFO - [2023-06-26T08:23:34.260+0000] {dag.py:2726} INFO - Sync 1 DAGs
[2023-06-26T08:23:34.287+0000] {logging_mixin.py:149} INFO - [2023-06-26T08:23:34.287+0000] {dag.py:3490} INFO - Setting next_dagrun for example_task_group_decorator to 2023-06-25T08:23:34.287423+00:00, run_after=2023-06-26T08:23:34.287423+00:00
[2023-06-26T08:23:34.309+0000] {processor.py:179} INFO - Processing /home/airflow/.local/lib/python3.7/site-packages/airflow/example_dags/example_task_group_decorator.py took 0.100 seconds
[2023-06-26T08:24:05.351+0000] {processor.py:157} INFO - Started process (PID=188) to work on /home/airflow/.local/lib/python3.7/site-packages/airflow/example_dags/example_task_group_decorator.py
[2023-06-26T08:24:05.352+0000] {processor.py:826} INFO - Processing file /home/airflow/.local/lib/python3.7/site-packages/airflow/example_dags/example_task_group_decorator.py for tasks to queue
[2023-06-26T08:24:05.353+0000] {logging_mixin.py:149} INFO - [2023-06-26T08:24:05.353+0000] {dagbag.py:541} INFO - Filling up the DagBag from /home/airflow/.local/lib/python3.7/site-packages/airflow/example_dags/example_task_group_decorator.py
[2023-06-26T08:24:05.367+0000] {processor.py:836} INFO - DAG(s) dict_keys(['example_task_group_decorator']) retrieved from /home/airflow/.local/lib/python3.7/site-packages/airflow/example_dags/example_task_group_decorator.py
[2023-06-26T08:24:05.505+0000] {logging_mixin.py:149} INFO - [2023-06-26T08:24:05.505+0000] {dag.py:2726} INFO - Sync 1 DAGs
[2023-06-26T08:24:05.530+0000] {logging_mixin.py:149} INFO - [2023-06-26T08:24:05.529+0000] {dag.py:3490} INFO - Setting next_dagrun for example_task_group_decorator to 2023-06-25T08:24:05.529757+00:00, run_after=2023-06-26T08:24:05.529757+00:00
[2023-06-26T08:24:05.553+0000] {processor.py:179} INFO - Processing /home/airflow/.local/lib/python3.7/site-packages/airflow/example_dags/example_task_group_decorator.py took 0.206 seconds
[2023-06-26T08:24:36.195+0000] {processor.py:157} INFO - Started process (PID=254) to work on /home/airflow/.local/lib/python3.7/site-packages/airflow/example_dags/example_task_group_decorator.py
[2023-06-26T08:24:36.196+0000] {processor.py:826} INFO - Processing file /home/airflow/.local/lib/python3.7/site-packages/airflow/example_dags/example_task_group_decorator.py for tasks to queue
[2023-06-26T08:24:36.198+0000] {logging_mixin.py:149} INFO - [2023-06-26T08:24:36.198+0000] {dagbag.py:541} INFO - Filling up the DagBag from /home/airflow/.local/lib/python3.7/site-packages/airflow/example_dags/example_task_group_decorator.py
[2023-06-26T08:24:36.212+0000] {processor.py:836} INFO - DAG(s) dict_keys(['example_task_group_decorator']) retrieved from /home/airflow/.local/lib/python3.7/site-packages/airflow/example_dags/example_task_group_decorator.py
[2023-06-26T08:24:36.241+0000] {logging_mixin.py:149} INFO - [2023-06-26T08:24:36.241+0000] {dag.py:2726} INFO - Sync 1 DAGs
[2023-06-26T08:24:36.267+0000] {logging_mixin.py:149} INFO - [2023-06-26T08:24:36.267+0000] {dag.py:3490} INFO - Setting next_dagrun for example_task_group_decorator to 2023-06-25T08:24:36.267316+00:00, run_after=2023-06-26T08:24:36.267316+00:00
[2023-06-26T08:24:36.285+0000] {processor.py:179} INFO - Processing /home/airflow/.local/lib/python3.7/site-packages/airflow/example_dags/example_task_group_decorator.py took 0.093 seconds
[2023-06-26T08:25:06.713+0000] {processor.py:157} INFO - Started process (PID=320) to work on /home/airflow/.local/lib/python3.7/site-packages/airflow/example_dags/example_task_group_decorator.py
[2023-06-26T08:25:06.714+0000] {processor.py:826} INFO - Processing file /home/airflow/.local/lib/python3.7/site-packages/airflow/example_dags/example_task_group_decorator.py for tasks to queue
[2023-06-26T08:25:06.715+0000] {logging_mixin.py:149} INFO - [2023-06-26T08:25:06.715+0000] {dagbag.py:541} INFO - Filling up the DagBag from /home/airflow/.local/lib/python3.7/site-packages/airflow/example_dags/example_task_group_decorator.py
[2023-06-26T08:25:06.729+0000] {processor.py:836} INFO - DAG(s) dict_keys(['example_task_group_decorator']) retrieved from /home/airflow/.local/lib/python3.7/site-packages/airflow/example_dags/example_task_group_decorator.py
[2023-06-26T08:25:06.756+0000] {logging_mixin.py:149} INFO - [2023-06-26T08:25:06.756+0000] {dag.py:2726} INFO - Sync 1 DAGs
[2023-06-26T08:25:06.781+0000] {logging_mixin.py:149} INFO - [2023-06-26T08:25:06.781+0000] {dag.py:3490} INFO - Setting next_dagrun for example_task_group_decorator to 2023-06-25T08:25:06.780997+00:00, run_after=2023-06-26T08:25:06.780997+00:00
[2023-06-26T08:25:06.803+0000] {processor.py:179} INFO - Processing /home/airflow/.local/lib/python3.7/site-packages/airflow/example_dags/example_task_group_decorator.py took 0.093 seconds
[2023-06-26T08:25:37.445+0000] {processor.py:157} INFO - Started process (PID=386) to work on /home/airflow/.local/lib/python3.7/site-packages/airflow/example_dags/example_task_group_decorator.py
[2023-06-26T08:25:37.447+0000] {processor.py:826} INFO - Processing file /home/airflow/.local/lib/python3.7/site-packages/airflow/example_dags/example_task_group_decorator.py for tasks to queue
[2023-06-26T08:25:37.448+0000] {logging_mixin.py:149} INFO - [2023-06-26T08:25:37.447+0000] {dagbag.py:541} INFO - Filling up the DagBag from /home/airflow/.local/lib/python3.7/site-packages/airflow/example_dags/example_task_group_decorator.py
[2023-06-26T08:25:37.461+0000] {processor.py:836} INFO - DAG(s) dict_keys(['example_task_group_decorator']) retrieved from /home/airflow/.local/lib/python3.7/site-packages/airflow/example_dags/example_task_group_decorator.py
[2023-06-26T08:25:37.488+0000] {logging_mixin.py:149} INFO - [2023-06-26T08:25:37.487+0000] {dag.py:2726} INFO - Sync 1 DAGs
[2023-06-26T08:25:37.512+0000] {logging_mixin.py:149} INFO - [2023-06-26T08:25:37.512+0000] {dag.py:3490} INFO - Setting next_dagrun for example_task_group_decorator to 2023-06-25T08:25:37.512533+00:00, run_after=2023-06-26T08:25:37.512533+00:00
[2023-06-26T08:25:37.531+0000] {processor.py:179} INFO - Processing /home/airflow/.local/lib/python3.7/site-packages/airflow/example_dags/example_task_group_decorator.py took 0.089 seconds
[2023-06-26T08:26:07.679+0000] {processor.py:157} INFO - Started process (PID=452) to work on /home/airflow/.local/lib/python3.7/site-packages/airflow/example_dags/example_task_group_decorator.py
[2023-06-26T08:26:07.680+0000] {processor.py:826} INFO - Processing file /home/airflow/.local/lib/python3.7/site-packages/airflow/example_dags/example_task_group_decorator.py for tasks to queue
[2023-06-26T08:26:07.681+0000] {logging_mixin.py:149} INFO - [2023-06-26T08:26:07.681+0000] {dagbag.py:541} INFO - Filling up the DagBag from /home/airflow/.local/lib/python3.7/site-packages/airflow/example_dags/example_task_group_decorator.py
[2023-06-26T08:26:07.695+0000] {processor.py:836} INFO - DAG(s) dict_keys(['example_task_group_decorator']) retrieved from /home/airflow/.local/lib/python3.7/site-packages/airflow/example_dags/example_task_group_decorator.py
[2023-06-26T08:26:07.723+0000] {logging_mixin.py:149} INFO - [2023-06-26T08:26:07.723+0000] {dag.py:2726} INFO - Sync 1 DAGs
[2023-06-26T08:26:07.748+0000] {logging_mixin.py:149} INFO - [2023-06-26T08:26:07.748+0000] {dag.py:3490} INFO - Setting next_dagrun for example_task_group_decorator to 2023-06-25T08:26:07.748261+00:00, run_after=2023-06-26T08:26:07.748261+00:00
[2023-06-26T08:26:07.770+0000] {processor.py:179} INFO - Processing /home/airflow/.local/lib/python3.7/site-packages/airflow/example_dags/example_task_group_decorator.py took 0.094 seconds
[2023-06-26T08:26:38.152+0000] {processor.py:157} INFO - Started process (PID=519) to work on /home/airflow/.local/lib/python3.7/site-packages/airflow/example_dags/example_task_group_decorator.py
[2023-06-26T08:26:38.154+0000] {processor.py:826} INFO - Processing file /home/airflow/.local/lib/python3.7/site-packages/airflow/example_dags/example_task_group_decorator.py for tasks to queue
[2023-06-26T08:26:38.155+0000] {logging_mixin.py:149} INFO - [2023-06-26T08:26:38.155+0000] {dagbag.py:541} INFO - Filling up the DagBag from /home/airflow/.local/lib/python3.7/site-packages/airflow/example_dags/example_task_group_decorator.py
[2023-06-26T08:26:38.172+0000] {processor.py:836} INFO - DAG(s) dict_keys(['example_task_group_decorator']) retrieved from /home/airflow/.local/lib/python3.7/site-packages/airflow/example_dags/example_task_group_decorator.py
[2023-06-26T08:26:38.203+0000] {logging_mixin.py:149} INFO - [2023-06-26T08:26:38.203+0000] {dag.py:2726} INFO - Sync 1 DAGs
[2023-06-26T08:26:38.234+0000] {logging_mixin.py:149} INFO - [2023-06-26T08:26:38.234+0000] {dag.py:3490} INFO - Setting next_dagrun for example_task_group_decorator to 2023-06-25T08:26:38.234518+00:00, run_after=2023-06-26T08:26:38.234518+00:00
[2023-06-26T08:26:38.258+0000] {processor.py:179} INFO - Processing /home/airflow/.local/lib/python3.7/site-packages/airflow/example_dags/example_task_group_decorator.py took 0.109 seconds
[2023-06-26T08:27:08.515+0000] {processor.py:157} INFO - Started process (PID=585) to work on /home/airflow/.local/lib/python3.7/site-packages/airflow/example_dags/example_task_group_decorator.py
[2023-06-26T08:27:08.516+0000] {processor.py:826} INFO - Processing file /home/airflow/.local/lib/python3.7/site-packages/airflow/example_dags/example_task_group_decorator.py for tasks to queue
[2023-06-26T08:27:08.517+0000] {logging_mixin.py:149} INFO - [2023-06-26T08:27:08.517+0000] {dagbag.py:541} INFO - Filling up the DagBag from /home/airflow/.local/lib/python3.7/site-packages/airflow/example_dags/example_task_group_decorator.py
[2023-06-26T08:27:08.531+0000] {processor.py:836} INFO - DAG(s) dict_keys(['example_task_group_decorator']) retrieved from /home/airflow/.local/lib/python3.7/site-packages/airflow/example_dags/example_task_group_decorator.py
[2023-06-26T08:27:08.560+0000] {logging_mixin.py:149} INFO - [2023-06-26T08:27:08.559+0000] {dag.py:2726} INFO - Sync 1 DAGs
[2023-06-26T08:27:08.586+0000] {logging_mixin.py:149} INFO - [2023-06-26T08:27:08.586+0000] {dag.py:3490} INFO - Setting next_dagrun for example_task_group_decorator to 2023-06-25T08:27:08.586326+00:00, run_after=2023-06-26T08:27:08.586326+00:00
[2023-06-26T08:27:08.610+0000] {processor.py:179} INFO - Processing /home/airflow/.local/lib/python3.7/site-packages/airflow/example_dags/example_task_group_decorator.py took 0.098 seconds
