[2023-06-26T08:23:04.662+0000] {processor.py:157} INFO - Started process (PID=71) to work on /home/airflow/.local/lib/python3.7/site-packages/airflow/example_dags/example_external_task_marker_dag.py
[2023-06-26T08:23:04.663+0000] {processor.py:826} INFO - Processing file /home/airflow/.local/lib/python3.7/site-packages/airflow/example_dags/example_external_task_marker_dag.py for tasks to queue
[2023-06-26T08:23:04.664+0000] {logging_mixin.py:149} INFO - [2023-06-26T08:23:04.664+0000] {dagbag.py:541} INFO - Filling up the DagBag from /home/airflow/.local/lib/python3.7/site-packages/airflow/example_dags/example_external_task_marker_dag.py
[2023-06-26T08:23:04.701+0000] {processor.py:836} INFO - DAG(s) dict_keys(['example_external_task_marker_parent', 'example_external_task_marker_child']) retrieved from /home/airflow/.local/lib/python3.7/site-packages/airflow/example_dags/example_external_task_marker_dag.py
[2023-06-26T08:23:04.713+0000] {logging_mixin.py:149} INFO - [2023-06-26T08:23:04.713+0000] {dag.py:2726} INFO - Sync 2 DAGs
[2023-06-26T08:23:04.740+0000] {logging_mixin.py:149} INFO - [2023-06-26T08:23:04.740+0000] {dag.py:3490} INFO - Setting next_dagrun for example_external_task_marker_child to None, run_after=None
[2023-06-26T08:23:04.744+0000] {logging_mixin.py:149} INFO - [2023-06-26T08:23:04.744+0000] {dag.py:3490} INFO - Setting next_dagrun for example_external_task_marker_parent to None, run_after=None
[2023-06-26T08:23:04.765+0000] {processor.py:179} INFO - Processing /home/airflow/.local/lib/python3.7/site-packages/airflow/example_dags/example_external_task_marker_dag.py took 0.105 seconds
[2023-06-26T08:23:35.510+0000] {processor.py:157} INFO - Started process (PID=142) to work on /home/airflow/.local/lib/python3.7/site-packages/airflow/example_dags/example_external_task_marker_dag.py
[2023-06-26T08:23:35.511+0000] {processor.py:826} INFO - Processing file /home/airflow/.local/lib/python3.7/site-packages/airflow/example_dags/example_external_task_marker_dag.py for tasks to queue
[2023-06-26T08:23:35.513+0000] {logging_mixin.py:149} INFO - [2023-06-26T08:23:35.512+0000] {dagbag.py:541} INFO - Filling up the DagBag from /home/airflow/.local/lib/python3.7/site-packages/airflow/example_dags/example_external_task_marker_dag.py
[2023-06-26T08:23:35.518+0000] {processor.py:836} INFO - DAG(s) dict_keys(['example_external_task_marker_child', 'example_external_task_marker_parent']) retrieved from /home/airflow/.local/lib/python3.7/site-packages/airflow/example_dags/example_external_task_marker_dag.py
[2023-06-26T08:23:35.594+0000] {logging_mixin.py:149} INFO - [2023-06-26T08:23:35.593+0000] {dag.py:2726} INFO - Sync 2 DAGs
[2023-06-26T08:23:35.713+0000] {logging_mixin.py:149} INFO - [2023-06-26T08:23:35.713+0000] {dag.py:3490} INFO - Setting next_dagrun for example_external_task_marker_child to None, run_after=None
[2023-06-26T08:23:35.717+0000] {logging_mixin.py:149} INFO - [2023-06-26T08:23:35.717+0000] {dag.py:3490} INFO - Setting next_dagrun for example_external_task_marker_parent to None, run_after=None
[2023-06-26T08:23:35.738+0000] {processor.py:179} INFO - Processing /home/airflow/.local/lib/python3.7/site-packages/airflow/example_dags/example_external_task_marker_dag.py took 0.231 seconds
[2023-06-26T08:24:07.244+0000] {processor.py:157} INFO - Started process (PID=208) to work on /home/airflow/.local/lib/python3.7/site-packages/airflow/example_dags/example_external_task_marker_dag.py
[2023-06-26T08:24:07.246+0000] {processor.py:826} INFO - Processing file /home/airflow/.local/lib/python3.7/site-packages/airflow/example_dags/example_external_task_marker_dag.py for tasks to queue
[2023-06-26T08:24:07.247+0000] {logging_mixin.py:149} INFO - [2023-06-26T08:24:07.246+0000] {dagbag.py:541} INFO - Filling up the DagBag from /home/airflow/.local/lib/python3.7/site-packages/airflow/example_dags/example_external_task_marker_dag.py
[2023-06-26T08:24:07.252+0000] {processor.py:836} INFO - DAG(s) dict_keys(['example_external_task_marker_parent', 'example_external_task_marker_child']) retrieved from /home/airflow/.local/lib/python3.7/site-packages/airflow/example_dags/example_external_task_marker_dag.py
[2023-06-26T08:24:07.369+0000] {logging_mixin.py:149} INFO - [2023-06-26T08:24:07.369+0000] {dag.py:2726} INFO - Sync 2 DAGs
[2023-06-26T08:24:07.395+0000] {logging_mixin.py:149} INFO - [2023-06-26T08:24:07.394+0000] {dag.py:3490} INFO - Setting next_dagrun for example_external_task_marker_child to None, run_after=None
[2023-06-26T08:24:07.399+0000] {logging_mixin.py:149} INFO - [2023-06-26T08:24:07.399+0000] {dag.py:3490} INFO - Setting next_dagrun for example_external_task_marker_parent to None, run_after=None
[2023-06-26T08:24:07.417+0000] {processor.py:179} INFO - Processing /home/airflow/.local/lib/python3.7/site-packages/airflow/example_dags/example_external_task_marker_dag.py took 0.176 seconds
[2023-06-26T08:24:37.584+0000] {processor.py:157} INFO - Started process (PID=274) to work on /home/airflow/.local/lib/python3.7/site-packages/airflow/example_dags/example_external_task_marker_dag.py
[2023-06-26T08:24:37.585+0000] {processor.py:826} INFO - Processing file /home/airflow/.local/lib/python3.7/site-packages/airflow/example_dags/example_external_task_marker_dag.py for tasks to queue
[2023-06-26T08:24:37.586+0000] {logging_mixin.py:149} INFO - [2023-06-26T08:24:37.586+0000] {dagbag.py:541} INFO - Filling up the DagBag from /home/airflow/.local/lib/python3.7/site-packages/airflow/example_dags/example_external_task_marker_dag.py
[2023-06-26T08:24:37.592+0000] {processor.py:836} INFO - DAG(s) dict_keys(['example_external_task_marker_child', 'example_external_task_marker_parent']) retrieved from /home/airflow/.local/lib/python3.7/site-packages/airflow/example_dags/example_external_task_marker_dag.py
[2023-06-26T08:24:37.619+0000] {logging_mixin.py:149} INFO - [2023-06-26T08:24:37.619+0000] {dag.py:2726} INFO - Sync 2 DAGs
[2023-06-26T08:24:37.644+0000] {logging_mixin.py:149} INFO - [2023-06-26T08:24:37.644+0000] {dag.py:3490} INFO - Setting next_dagrun for example_external_task_marker_child to None, run_after=None
[2023-06-26T08:24:37.648+0000] {logging_mixin.py:149} INFO - [2023-06-26T08:24:37.648+0000] {dag.py:3490} INFO - Setting next_dagrun for example_external_task_marker_parent to None, run_after=None
[2023-06-26T08:24:37.666+0000] {processor.py:179} INFO - Processing /home/airflow/.local/lib/python3.7/site-packages/airflow/example_dags/example_external_task_marker_dag.py took 0.085 seconds
[2023-06-26T08:25:07.964+0000] {processor.py:157} INFO - Started process (PID=340) to work on /home/airflow/.local/lib/python3.7/site-packages/airflow/example_dags/example_external_task_marker_dag.py
[2023-06-26T08:25:07.965+0000] {processor.py:826} INFO - Processing file /home/airflow/.local/lib/python3.7/site-packages/airflow/example_dags/example_external_task_marker_dag.py for tasks to queue
[2023-06-26T08:25:07.966+0000] {logging_mixin.py:149} INFO - [2023-06-26T08:25:07.966+0000] {dagbag.py:541} INFO - Filling up the DagBag from /home/airflow/.local/lib/python3.7/site-packages/airflow/example_dags/example_external_task_marker_dag.py
[2023-06-26T08:25:07.971+0000] {processor.py:836} INFO - DAG(s) dict_keys(['example_external_task_marker_parent', 'example_external_task_marker_child']) retrieved from /home/airflow/.local/lib/python3.7/site-packages/airflow/example_dags/example_external_task_marker_dag.py
[2023-06-26T08:25:08.001+0000] {logging_mixin.py:149} INFO - [2023-06-26T08:25:08.001+0000] {dag.py:2726} INFO - Sync 2 DAGs
[2023-06-26T08:25:08.026+0000] {logging_mixin.py:149} INFO - [2023-06-26T08:25:08.026+0000] {dag.py:3490} INFO - Setting next_dagrun for example_external_task_marker_child to None, run_after=None
[2023-06-26T08:25:08.030+0000] {logging_mixin.py:149} INFO - [2023-06-26T08:25:08.029+0000] {dag.py:3490} INFO - Setting next_dagrun for example_external_task_marker_parent to None, run_after=None
[2023-06-26T08:25:08.046+0000] {processor.py:179} INFO - Processing /home/airflow/.local/lib/python3.7/site-packages/airflow/example_dags/example_external_task_marker_dag.py took 0.086 seconds
[2023-06-26T08:25:38.599+0000] {processor.py:157} INFO - Started process (PID=406) to work on /home/airflow/.local/lib/python3.7/site-packages/airflow/example_dags/example_external_task_marker_dag.py
[2023-06-26T08:25:38.600+0000] {processor.py:826} INFO - Processing file /home/airflow/.local/lib/python3.7/site-packages/airflow/example_dags/example_external_task_marker_dag.py for tasks to queue
[2023-06-26T08:25:38.601+0000] {logging_mixin.py:149} INFO - [2023-06-26T08:25:38.601+0000] {dagbag.py:541} INFO - Filling up the DagBag from /home/airflow/.local/lib/python3.7/site-packages/airflow/example_dags/example_external_task_marker_dag.py
[2023-06-26T08:25:38.607+0000] {processor.py:836} INFO - DAG(s) dict_keys(['example_external_task_marker_parent', 'example_external_task_marker_child']) retrieved from /home/airflow/.local/lib/python3.7/site-packages/airflow/example_dags/example_external_task_marker_dag.py
[2023-06-26T08:25:38.635+0000] {logging_mixin.py:149} INFO - [2023-06-26T08:25:38.635+0000] {dag.py:2726} INFO - Sync 2 DAGs
[2023-06-26T08:25:38.660+0000] {logging_mixin.py:149} INFO - [2023-06-26T08:25:38.660+0000] {dag.py:3490} INFO - Setting next_dagrun for example_external_task_marker_child to None, run_after=None
[2023-06-26T08:25:38.664+0000] {logging_mixin.py:149} INFO - [2023-06-26T08:25:38.664+0000] {dag.py:3490} INFO - Setting next_dagrun for example_external_task_marker_parent to None, run_after=None
[2023-06-26T08:25:38.683+0000] {processor.py:179} INFO - Processing /home/airflow/.local/lib/python3.7/site-packages/airflow/example_dags/example_external_task_marker_dag.py took 0.087 seconds
[2023-06-26T08:26:08.713+0000] {processor.py:157} INFO - Started process (PID=471) to work on /home/airflow/.local/lib/python3.7/site-packages/airflow/example_dags/example_external_task_marker_dag.py
[2023-06-26T08:26:08.714+0000] {processor.py:826} INFO - Processing file /home/airflow/.local/lib/python3.7/site-packages/airflow/example_dags/example_external_task_marker_dag.py for tasks to queue
[2023-06-26T08:26:08.715+0000] {logging_mixin.py:149} INFO - [2023-06-26T08:26:08.715+0000] {dagbag.py:541} INFO - Filling up the DagBag from /home/airflow/.local/lib/python3.7/site-packages/airflow/example_dags/example_external_task_marker_dag.py
[2023-06-26T08:26:08.720+0000] {processor.py:836} INFO - DAG(s) dict_keys(['example_external_task_marker_parent', 'example_external_task_marker_child']) retrieved from /home/airflow/.local/lib/python3.7/site-packages/airflow/example_dags/example_external_task_marker_dag.py
[2023-06-26T08:26:08.749+0000] {logging_mixin.py:149} INFO - [2023-06-26T08:26:08.749+0000] {dag.py:2726} INFO - Sync 2 DAGs
[2023-06-26T08:26:08.774+0000] {logging_mixin.py:149} INFO - [2023-06-26T08:26:08.774+0000] {dag.py:3490} INFO - Setting next_dagrun for example_external_task_marker_child to None, run_after=None
[2023-06-26T08:26:08.778+0000] {logging_mixin.py:149} INFO - [2023-06-26T08:26:08.778+0000] {dag.py:3490} INFO - Setting next_dagrun for example_external_task_marker_parent to None, run_after=None
[2023-06-26T08:26:08.796+0000] {processor.py:179} INFO - Processing /home/airflow/.local/lib/python3.7/site-packages/airflow/example_dags/example_external_task_marker_dag.py took 0.086 seconds
[2023-06-26T08:26:39.406+0000] {processor.py:157} INFO - Started process (PID=539) to work on /home/airflow/.local/lib/python3.7/site-packages/airflow/example_dags/example_external_task_marker_dag.py
[2023-06-26T08:26:39.407+0000] {processor.py:826} INFO - Processing file /home/airflow/.local/lib/python3.7/site-packages/airflow/example_dags/example_external_task_marker_dag.py for tasks to queue
[2023-06-26T08:26:39.408+0000] {logging_mixin.py:149} INFO - [2023-06-26T08:26:39.408+0000] {dagbag.py:541} INFO - Filling up the DagBag from /home/airflow/.local/lib/python3.7/site-packages/airflow/example_dags/example_external_task_marker_dag.py
[2023-06-26T08:26:39.414+0000] {processor.py:836} INFO - DAG(s) dict_keys(['example_external_task_marker_child', 'example_external_task_marker_parent']) retrieved from /home/airflow/.local/lib/python3.7/site-packages/airflow/example_dags/example_external_task_marker_dag.py
[2023-06-26T08:26:39.445+0000] {logging_mixin.py:149} INFO - [2023-06-26T08:26:39.445+0000] {dag.py:2726} INFO - Sync 2 DAGs
[2023-06-26T08:26:39.472+0000] {logging_mixin.py:149} INFO - [2023-06-26T08:26:39.472+0000] {dag.py:3490} INFO - Setting next_dagrun for example_external_task_marker_child to None, run_after=None
[2023-06-26T08:26:39.476+0000] {logging_mixin.py:149} INFO - [2023-06-26T08:26:39.475+0000] {dag.py:3490} INFO - Setting next_dagrun for example_external_task_marker_parent to None, run_after=None
[2023-06-26T08:26:39.495+0000] {processor.py:179} INFO - Processing /home/airflow/.local/lib/python3.7/site-packages/airflow/example_dags/example_external_task_marker_dag.py took 0.092 seconds
