[2023-06-26T08:23:03.699+0000] {processor.py:157} INFO - Started process (PID=59) to work on /home/airflow/.local/lib/python3.7/site-packages/airflow/example_dags/example_nested_branch_dag.py
[2023-06-26T08:23:03.700+0000] {processor.py:826} INFO - Processing file /home/airflow/.local/lib/python3.7/site-packages/airflow/example_dags/example_nested_branch_dag.py for tasks to queue
[2023-06-26T08:23:03.701+0000] {logging_mixin.py:149} INFO - [2023-06-26T08:23:03.701+0000] {dagbag.py:541} INFO - Filling up the DagBag from /home/airflow/.local/lib/python3.7/site-packages/airflow/example_dags/example_nested_branch_dag.py
[2023-06-26T08:23:03.714+0000] {processor.py:836} INFO - DAG(s) dict_keys(['example_nested_branch_dag']) retrieved from /home/airflow/.local/lib/python3.7/site-packages/airflow/example_dags/example_nested_branch_dag.py
[2023-06-26T08:23:03.730+0000] {logging_mixin.py:149} INFO - [2023-06-26T08:23:03.730+0000] {dag.py:2726} INFO - Sync 1 DAGs
[2023-06-26T08:23:03.765+0000] {logging_mixin.py:149} INFO - [2023-06-26T08:23:03.764+0000] {dag.py:3490} INFO - Setting next_dagrun for example_nested_branch_dag to 2023-06-25T00:00:00+00:00, run_after=2023-06-26T00:00:00+00:00
[2023-06-26T08:23:03.797+0000] {processor.py:179} INFO - Processing /home/airflow/.local/lib/python3.7/site-packages/airflow/example_dags/example_nested_branch_dag.py took 0.103 seconds
[2023-06-26T08:23:34.682+0000] {processor.py:157} INFO - Started process (PID=130) to work on /home/airflow/.local/lib/python3.7/site-packages/airflow/example_dags/example_nested_branch_dag.py
[2023-06-26T08:23:34.684+0000] {processor.py:826} INFO - Processing file /home/airflow/.local/lib/python3.7/site-packages/airflow/example_dags/example_nested_branch_dag.py for tasks to queue
[2023-06-26T08:23:34.685+0000] {logging_mixin.py:149} INFO - [2023-06-26T08:23:34.685+0000] {dagbag.py:541} INFO - Filling up the DagBag from /home/airflow/.local/lib/python3.7/site-packages/airflow/example_dags/example_nested_branch_dag.py
[2023-06-26T08:23:34.696+0000] {processor.py:836} INFO - DAG(s) dict_keys(['example_nested_branch_dag']) retrieved from /home/airflow/.local/lib/python3.7/site-packages/airflow/example_dags/example_nested_branch_dag.py
[2023-06-26T08:23:34.722+0000] {logging_mixin.py:149} INFO - [2023-06-26T08:23:34.721+0000] {dag.py:2726} INFO - Sync 1 DAGs
[2023-06-26T08:23:34.750+0000] {logging_mixin.py:149} INFO - [2023-06-26T08:23:34.750+0000] {dag.py:3490} INFO - Setting next_dagrun for example_nested_branch_dag to 2023-06-25T00:00:00+00:00, run_after=2023-06-26T00:00:00+00:00
[2023-06-26T08:23:34.769+0000] {processor.py:179} INFO - Processing /home/airflow/.local/lib/python3.7/site-packages/airflow/example_dags/example_nested_branch_dag.py took 0.090 seconds
[2023-06-26T08:24:06.170+0000] {processor.py:157} INFO - Started process (PID=196) to work on /home/airflow/.local/lib/python3.7/site-packages/airflow/example_dags/example_nested_branch_dag.py
[2023-06-26T08:24:06.172+0000] {processor.py:826} INFO - Processing file /home/airflow/.local/lib/python3.7/site-packages/airflow/example_dags/example_nested_branch_dag.py for tasks to queue
[2023-06-26T08:24:06.173+0000] {logging_mixin.py:149} INFO - [2023-06-26T08:24:06.173+0000] {dagbag.py:541} INFO - Filling up the DagBag from /home/airflow/.local/lib/python3.7/site-packages/airflow/example_dags/example_nested_branch_dag.py
[2023-06-26T08:24:06.182+0000] {processor.py:836} INFO - DAG(s) dict_keys(['example_nested_branch_dag']) retrieved from /home/airflow/.local/lib/python3.7/site-packages/airflow/example_dags/example_nested_branch_dag.py
[2023-06-26T08:24:06.207+0000] {logging_mixin.py:149} INFO - [2023-06-26T08:24:06.207+0000] {dag.py:2726} INFO - Sync 1 DAGs
[2023-06-26T08:24:06.319+0000] {logging_mixin.py:149} INFO - [2023-06-26T08:24:06.319+0000] {dag.py:3490} INFO - Setting next_dagrun for example_nested_branch_dag to 2023-06-25T00:00:00+00:00, run_after=2023-06-26T00:00:00+00:00
[2023-06-26T08:24:06.339+0000] {processor.py:179} INFO - Processing /home/airflow/.local/lib/python3.7/site-packages/airflow/example_dags/example_nested_branch_dag.py took 0.172 seconds
[2023-06-26T08:24:36.671+0000] {processor.py:157} INFO - Started process (PID=262) to work on /home/airflow/.local/lib/python3.7/site-packages/airflow/example_dags/example_nested_branch_dag.py
[2023-06-26T08:24:36.672+0000] {processor.py:826} INFO - Processing file /home/airflow/.local/lib/python3.7/site-packages/airflow/example_dags/example_nested_branch_dag.py for tasks to queue
[2023-06-26T08:24:36.673+0000] {logging_mixin.py:149} INFO - [2023-06-26T08:24:36.673+0000] {dagbag.py:541} INFO - Filling up the DagBag from /home/airflow/.local/lib/python3.7/site-packages/airflow/example_dags/example_nested_branch_dag.py
[2023-06-26T08:24:36.684+0000] {processor.py:836} INFO - DAG(s) dict_keys(['example_nested_branch_dag']) retrieved from /home/airflow/.local/lib/python3.7/site-packages/airflow/example_dags/example_nested_branch_dag.py
[2023-06-26T08:24:36.712+0000] {logging_mixin.py:149} INFO - [2023-06-26T08:24:36.712+0000] {dag.py:2726} INFO - Sync 1 DAGs
[2023-06-26T08:24:36.746+0000] {logging_mixin.py:149} INFO - [2023-06-26T08:24:36.745+0000] {dag.py:3490} INFO - Setting next_dagrun for example_nested_branch_dag to 2023-06-25T00:00:00+00:00, run_after=2023-06-26T00:00:00+00:00
[2023-06-26T08:24:36.771+0000] {processor.py:179} INFO - Processing /home/airflow/.local/lib/python3.7/site-packages/airflow/example_dags/example_nested_branch_dag.py took 0.103 seconds
[2023-06-26T08:25:07.298+0000] {processor.py:157} INFO - Started process (PID=328) to work on /home/airflow/.local/lib/python3.7/site-packages/airflow/example_dags/example_nested_branch_dag.py
[2023-06-26T08:25:07.299+0000] {processor.py:826} INFO - Processing file /home/airflow/.local/lib/python3.7/site-packages/airflow/example_dags/example_nested_branch_dag.py for tasks to queue
[2023-06-26T08:25:07.301+0000] {logging_mixin.py:149} INFO - [2023-06-26T08:25:07.301+0000] {dagbag.py:541} INFO - Filling up the DagBag from /home/airflow/.local/lib/python3.7/site-packages/airflow/example_dags/example_nested_branch_dag.py
[2023-06-26T08:25:07.311+0000] {processor.py:836} INFO - DAG(s) dict_keys(['example_nested_branch_dag']) retrieved from /home/airflow/.local/lib/python3.7/site-packages/airflow/example_dags/example_nested_branch_dag.py
[2023-06-26T08:25:07.340+0000] {logging_mixin.py:149} INFO - [2023-06-26T08:25:07.339+0000] {dag.py:2726} INFO - Sync 1 DAGs
[2023-06-26T08:25:07.368+0000] {logging_mixin.py:149} INFO - [2023-06-26T08:25:07.367+0000] {dag.py:3490} INFO - Setting next_dagrun for example_nested_branch_dag to 2023-06-25T00:00:00+00:00, run_after=2023-06-26T00:00:00+00:00
[2023-06-26T08:25:07.388+0000] {processor.py:179} INFO - Processing /home/airflow/.local/lib/python3.7/site-packages/airflow/example_dags/example_nested_branch_dag.py took 0.093 seconds
[2023-06-26T08:25:37.886+0000] {processor.py:157} INFO - Started process (PID=394) to work on /home/airflow/.local/lib/python3.7/site-packages/airflow/example_dags/example_nested_branch_dag.py
[2023-06-26T08:25:37.887+0000] {processor.py:826} INFO - Processing file /home/airflow/.local/lib/python3.7/site-packages/airflow/example_dags/example_nested_branch_dag.py for tasks to queue
[2023-06-26T08:25:37.888+0000] {logging_mixin.py:149} INFO - [2023-06-26T08:25:37.888+0000] {dagbag.py:541} INFO - Filling up the DagBag from /home/airflow/.local/lib/python3.7/site-packages/airflow/example_dags/example_nested_branch_dag.py
[2023-06-26T08:25:37.898+0000] {processor.py:836} INFO - DAG(s) dict_keys(['example_nested_branch_dag']) retrieved from /home/airflow/.local/lib/python3.7/site-packages/airflow/example_dags/example_nested_branch_dag.py
[2023-06-26T08:25:37.924+0000] {logging_mixin.py:149} INFO - [2023-06-26T08:25:37.923+0000] {dag.py:2726} INFO - Sync 1 DAGs
[2023-06-26T08:25:37.950+0000] {logging_mixin.py:149} INFO - [2023-06-26T08:25:37.949+0000] {dag.py:3490} INFO - Setting next_dagrun for example_nested_branch_dag to 2023-06-25T00:00:00+00:00, run_after=2023-06-26T00:00:00+00:00
[2023-06-26T08:25:37.971+0000] {processor.py:179} INFO - Processing /home/airflow/.local/lib/python3.7/site-packages/airflow/example_dags/example_nested_branch_dag.py took 0.088 seconds
[2023-06-26T08:26:08.122+0000] {processor.py:157} INFO - Started process (PID=460) to work on /home/airflow/.local/lib/python3.7/site-packages/airflow/example_dags/example_nested_branch_dag.py
[2023-06-26T08:26:08.123+0000] {processor.py:826} INFO - Processing file /home/airflow/.local/lib/python3.7/site-packages/airflow/example_dags/example_nested_branch_dag.py for tasks to queue
[2023-06-26T08:26:08.124+0000] {logging_mixin.py:149} INFO - [2023-06-26T08:26:08.124+0000] {dagbag.py:541} INFO - Filling up the DagBag from /home/airflow/.local/lib/python3.7/site-packages/airflow/example_dags/example_nested_branch_dag.py
[2023-06-26T08:26:08.134+0000] {processor.py:836} INFO - DAG(s) dict_keys(['example_nested_branch_dag']) retrieved from /home/airflow/.local/lib/python3.7/site-packages/airflow/example_dags/example_nested_branch_dag.py
[2023-06-26T08:26:08.158+0000] {logging_mixin.py:149} INFO - [2023-06-26T08:26:08.158+0000] {dag.py:2726} INFO - Sync 1 DAGs
[2023-06-26T08:26:08.184+0000] {logging_mixin.py:149} INFO - [2023-06-26T08:26:08.183+0000] {dag.py:3490} INFO - Setting next_dagrun for example_nested_branch_dag to 2023-06-25T00:00:00+00:00, run_after=2023-06-26T00:00:00+00:00
[2023-06-26T08:26:08.204+0000] {processor.py:179} INFO - Processing /home/airflow/.local/lib/python3.7/site-packages/airflow/example_dags/example_nested_branch_dag.py took 0.085 seconds
[2023-06-26T08:26:38.664+0000] {processor.py:157} INFO - Started process (PID=527) to work on /home/airflow/.local/lib/python3.7/site-packages/airflow/example_dags/example_nested_branch_dag.py
[2023-06-26T08:26:38.666+0000] {processor.py:826} INFO - Processing file /home/airflow/.local/lib/python3.7/site-packages/airflow/example_dags/example_nested_branch_dag.py for tasks to queue
[2023-06-26T08:26:38.667+0000] {logging_mixin.py:149} INFO - [2023-06-26T08:26:38.667+0000] {dagbag.py:541} INFO - Filling up the DagBag from /home/airflow/.local/lib/python3.7/site-packages/airflow/example_dags/example_nested_branch_dag.py
[2023-06-26T08:26:38.678+0000] {processor.py:836} INFO - DAG(s) dict_keys(['example_nested_branch_dag']) retrieved from /home/airflow/.local/lib/python3.7/site-packages/airflow/example_dags/example_nested_branch_dag.py
[2023-06-26T08:26:38.706+0000] {logging_mixin.py:149} INFO - [2023-06-26T08:26:38.706+0000] {dag.py:2726} INFO - Sync 1 DAGs
[2023-06-26T08:26:38.737+0000] {logging_mixin.py:149} INFO - [2023-06-26T08:26:38.737+0000] {dag.py:3490} INFO - Setting next_dagrun for example_nested_branch_dag to 2023-06-25T00:00:00+00:00, run_after=2023-06-26T00:00:00+00:00
[2023-06-26T08:26:38.761+0000] {processor.py:179} INFO - Processing /home/airflow/.local/lib/python3.7/site-packages/airflow/example_dags/example_nested_branch_dag.py took 0.101 seconds
[2023-06-26T08:27:08.991+0000] {processor.py:157} INFO - Started process (PID=593) to work on /home/airflow/.local/lib/python3.7/site-packages/airflow/example_dags/example_nested_branch_dag.py
[2023-06-26T08:27:08.992+0000] {processor.py:826} INFO - Processing file /home/airflow/.local/lib/python3.7/site-packages/airflow/example_dags/example_nested_branch_dag.py for tasks to queue
[2023-06-26T08:27:08.993+0000] {logging_mixin.py:149} INFO - [2023-06-26T08:27:08.993+0000] {dagbag.py:541} INFO - Filling up the DagBag from /home/airflow/.local/lib/python3.7/site-packages/airflow/example_dags/example_nested_branch_dag.py
[2023-06-26T08:27:09.005+0000] {processor.py:836} INFO - DAG(s) dict_keys(['example_nested_branch_dag']) retrieved from /home/airflow/.local/lib/python3.7/site-packages/airflow/example_dags/example_nested_branch_dag.py
[2023-06-26T08:27:09.030+0000] {logging_mixin.py:149} INFO - [2023-06-26T08:27:09.030+0000] {dag.py:2726} INFO - Sync 1 DAGs
[2023-06-26T08:27:09.061+0000] {logging_mixin.py:149} INFO - [2023-06-26T08:27:09.061+0000] {dag.py:3490} INFO - Setting next_dagrun for example_nested_branch_dag to 2023-06-25T00:00:00+00:00, run_after=2023-06-26T00:00:00+00:00
[2023-06-26T08:27:09.087+0000] {processor.py:179} INFO - Processing /home/airflow/.local/lib/python3.7/site-packages/airflow/example_dags/example_nested_branch_dag.py took 0.099 seconds
