[2023-06-26T08:23:02.205+0000] {processor.py:157} INFO - Started process (PID=41) to work on /home/airflow/.local/lib/python3.7/site-packages/airflow/example_dags/example_branch_operator_decorator.py
[2023-06-26T08:23:02.207+0000] {processor.py:826} INFO - Processing file /home/airflow/.local/lib/python3.7/site-packages/airflow/example_dags/example_branch_operator_decorator.py for tasks to queue
[2023-06-26T08:23:02.208+0000] {logging_mixin.py:149} INFO - [2023-06-26T08:23:02.208+0000] {dagbag.py:541} INFO - Filling up the DagBag from /home/airflow/.local/lib/python3.7/site-packages/airflow/example_dags/example_branch_operator_decorator.py
[2023-06-26T08:23:02.222+0000] {processor.py:836} INFO - DAG(s) dict_keys(['example_branch_python_operator_decorator']) retrieved from /home/airflow/.local/lib/python3.7/site-packages/airflow/example_dags/example_branch_operator_decorator.py
[2023-06-26T08:23:02.241+0000] {logging_mixin.py:149} INFO - [2023-06-26T08:23:02.240+0000] {dag.py:2726} INFO - Sync 1 DAGs
[2023-06-26T08:23:02.275+0000] {logging_mixin.py:149} INFO - [2023-06-26T08:23:02.275+0000] {dag.py:3490} INFO - Setting next_dagrun for example_branch_python_operator_decorator to 2023-06-25T00:00:00+00:00, run_after=2023-06-26T00:00:00+00:00
[2023-06-26T08:23:02.304+0000] {processor.py:179} INFO - Processing /home/airflow/.local/lib/python3.7/site-packages/airflow/example_dags/example_branch_operator_decorator.py took 0.102 seconds
[2023-06-26T08:23:33.506+0000] {processor.py:157} INFO - Started process (PID=112) to work on /home/airflow/.local/lib/python3.7/site-packages/airflow/example_dags/example_branch_operator_decorator.py
[2023-06-26T08:23:33.507+0000] {processor.py:826} INFO - Processing file /home/airflow/.local/lib/python3.7/site-packages/airflow/example_dags/example_branch_operator_decorator.py for tasks to queue
[2023-06-26T08:23:33.508+0000] {logging_mixin.py:149} INFO - [2023-06-26T08:23:33.508+0000] {dagbag.py:541} INFO - Filling up the DagBag from /home/airflow/.local/lib/python3.7/site-packages/airflow/example_dags/example_branch_operator_decorator.py
[2023-06-26T08:23:33.519+0000] {processor.py:836} INFO - DAG(s) dict_keys(['example_branch_python_operator_decorator']) retrieved from /home/airflow/.local/lib/python3.7/site-packages/airflow/example_dags/example_branch_operator_decorator.py
[2023-06-26T08:23:33.549+0000] {logging_mixin.py:149} INFO - [2023-06-26T08:23:33.549+0000] {dag.py:2726} INFO - Sync 1 DAGs
[2023-06-26T08:23:33.588+0000] {logging_mixin.py:149} INFO - [2023-06-26T08:23:33.588+0000] {dag.py:3490} INFO - Setting next_dagrun for example_branch_python_operator_decorator to 2023-06-25T00:00:00+00:00, run_after=2023-06-26T00:00:00+00:00
[2023-06-26T08:23:33.610+0000] {processor.py:179} INFO - Processing /home/airflow/.local/lib/python3.7/site-packages/airflow/example_dags/example_branch_operator_decorator.py took 0.108 seconds
[2023-06-26T08:24:04.169+0000] {processor.py:157} INFO - Started process (PID=178) to work on /home/airflow/.local/lib/python3.7/site-packages/airflow/example_dags/example_branch_operator_decorator.py
[2023-06-26T08:24:04.171+0000] {processor.py:826} INFO - Processing file /home/airflow/.local/lib/python3.7/site-packages/airflow/example_dags/example_branch_operator_decorator.py for tasks to queue
[2023-06-26T08:24:04.172+0000] {logging_mixin.py:149} INFO - [2023-06-26T08:24:04.172+0000] {dagbag.py:541} INFO - Filling up the DagBag from /home/airflow/.local/lib/python3.7/site-packages/airflow/example_dags/example_branch_operator_decorator.py
[2023-06-26T08:24:04.183+0000] {processor.py:836} INFO - DAG(s) dict_keys(['example_branch_python_operator_decorator']) retrieved from /home/airflow/.local/lib/python3.7/site-packages/airflow/example_dags/example_branch_operator_decorator.py
[2023-06-26T08:24:04.213+0000] {logging_mixin.py:149} INFO - [2023-06-26T08:24:04.213+0000] {dag.py:2726} INFO - Sync 1 DAGs
[2023-06-26T08:24:04.337+0000] {logging_mixin.py:149} INFO - [2023-06-26T08:24:04.337+0000] {dag.py:3490} INFO - Setting next_dagrun for example_branch_python_operator_decorator to 2023-06-25T00:00:00+00:00, run_after=2023-06-26T00:00:00+00:00
[2023-06-26T08:24:04.359+0000] {processor.py:179} INFO - Processing /home/airflow/.local/lib/python3.7/site-packages/airflow/example_dags/example_branch_operator_decorator.py took 0.193 seconds
[2023-06-26T08:24:34.419+0000] {processor.py:157} INFO - Started process (PID=244) to work on /home/airflow/.local/lib/python3.7/site-packages/airflow/example_dags/example_branch_operator_decorator.py
[2023-06-26T08:24:34.420+0000] {processor.py:826} INFO - Processing file /home/airflow/.local/lib/python3.7/site-packages/airflow/example_dags/example_branch_operator_decorator.py for tasks to queue
[2023-06-26T08:24:34.421+0000] {logging_mixin.py:149} INFO - [2023-06-26T08:24:34.421+0000] {dagbag.py:541} INFO - Filling up the DagBag from /home/airflow/.local/lib/python3.7/site-packages/airflow/example_dags/example_branch_operator_decorator.py
[2023-06-26T08:24:34.431+0000] {processor.py:836} INFO - DAG(s) dict_keys(['example_branch_python_operator_decorator']) retrieved from /home/airflow/.local/lib/python3.7/site-packages/airflow/example_dags/example_branch_operator_decorator.py
[2023-06-26T08:24:34.455+0000] {logging_mixin.py:149} INFO - [2023-06-26T08:24:34.455+0000] {dag.py:2726} INFO - Sync 1 DAGs
[2023-06-26T08:24:34.480+0000] {logging_mixin.py:149} INFO - [2023-06-26T08:24:34.480+0000] {dag.py:3490} INFO - Setting next_dagrun for example_branch_python_operator_decorator to 2023-06-25T00:00:00+00:00, run_after=2023-06-26T00:00:00+00:00
[2023-06-26T08:24:34.499+0000] {processor.py:179} INFO - Processing /home/airflow/.local/lib/python3.7/site-packages/airflow/example_dags/example_branch_operator_decorator.py took 0.084 seconds
[2023-06-26T08:25:05.066+0000] {processor.py:157} INFO - Started process (PID=310) to work on /home/airflow/.local/lib/python3.7/site-packages/airflow/example_dags/example_branch_operator_decorator.py
[2023-06-26T08:25:05.067+0000] {processor.py:826} INFO - Processing file /home/airflow/.local/lib/python3.7/site-packages/airflow/example_dags/example_branch_operator_decorator.py for tasks to queue
[2023-06-26T08:25:05.068+0000] {logging_mixin.py:149} INFO - [2023-06-26T08:25:05.068+0000] {dagbag.py:541} INFO - Filling up the DagBag from /home/airflow/.local/lib/python3.7/site-packages/airflow/example_dags/example_branch_operator_decorator.py
[2023-06-26T08:25:05.080+0000] {processor.py:836} INFO - DAG(s) dict_keys(['example_branch_python_operator_decorator']) retrieved from /home/airflow/.local/lib/python3.7/site-packages/airflow/example_dags/example_branch_operator_decorator.py
[2023-06-26T08:25:05.106+0000] {logging_mixin.py:149} INFO - [2023-06-26T08:25:05.105+0000] {dag.py:2726} INFO - Sync 1 DAGs
[2023-06-26T08:25:05.132+0000] {logging_mixin.py:149} INFO - [2023-06-26T08:25:05.131+0000] {dag.py:3490} INFO - Setting next_dagrun for example_branch_python_operator_decorator to 2023-06-25T00:00:00+00:00, run_after=2023-06-26T00:00:00+00:00
[2023-06-26T08:25:05.153+0000] {processor.py:179} INFO - Processing /home/airflow/.local/lib/python3.7/site-packages/airflow/example_dags/example_branch_operator_decorator.py took 0.090 seconds
[2023-06-26T08:25:35.889+0000] {processor.py:157} INFO - Started process (PID=376) to work on /home/airflow/.local/lib/python3.7/site-packages/airflow/example_dags/example_branch_operator_decorator.py
[2023-06-26T08:25:35.890+0000] {processor.py:826} INFO - Processing file /home/airflow/.local/lib/python3.7/site-packages/airflow/example_dags/example_branch_operator_decorator.py for tasks to queue
[2023-06-26T08:25:35.891+0000] {logging_mixin.py:149} INFO - [2023-06-26T08:25:35.891+0000] {dagbag.py:541} INFO - Filling up the DagBag from /home/airflow/.local/lib/python3.7/site-packages/airflow/example_dags/example_branch_operator_decorator.py
[2023-06-26T08:25:35.901+0000] {processor.py:836} INFO - DAG(s) dict_keys(['example_branch_python_operator_decorator']) retrieved from /home/airflow/.local/lib/python3.7/site-packages/airflow/example_dags/example_branch_operator_decorator.py
[2023-06-26T08:25:35.927+0000] {logging_mixin.py:149} INFO - [2023-06-26T08:25:35.927+0000] {dag.py:2726} INFO - Sync 1 DAGs
[2023-06-26T08:25:35.951+0000] {logging_mixin.py:149} INFO - [2023-06-26T08:25:35.951+0000] {dag.py:3490} INFO - Setting next_dagrun for example_branch_python_operator_decorator to 2023-06-25T00:00:00+00:00, run_after=2023-06-26T00:00:00+00:00
[2023-06-26T08:25:35.971+0000] {processor.py:179} INFO - Processing /home/airflow/.local/lib/python3.7/site-packages/airflow/example_dags/example_branch_operator_decorator.py took 0.085 seconds
[2023-06-26T08:26:06.209+0000] {processor.py:157} INFO - Started process (PID=442) to work on /home/airflow/.local/lib/python3.7/site-packages/airflow/example_dags/example_branch_operator_decorator.py
[2023-06-26T08:26:06.210+0000] {processor.py:826} INFO - Processing file /home/airflow/.local/lib/python3.7/site-packages/airflow/example_dags/example_branch_operator_decorator.py for tasks to queue
[2023-06-26T08:26:06.211+0000] {logging_mixin.py:149} INFO - [2023-06-26T08:26:06.211+0000] {dagbag.py:541} INFO - Filling up the DagBag from /home/airflow/.local/lib/python3.7/site-packages/airflow/example_dags/example_branch_operator_decorator.py
[2023-06-26T08:26:06.221+0000] {processor.py:836} INFO - DAG(s) dict_keys(['example_branch_python_operator_decorator']) retrieved from /home/airflow/.local/lib/python3.7/site-packages/airflow/example_dags/example_branch_operator_decorator.py
[2023-06-26T08:26:06.247+0000] {logging_mixin.py:149} INFO - [2023-06-26T08:26:06.247+0000] {dag.py:2726} INFO - Sync 1 DAGs
[2023-06-26T08:26:06.274+0000] {logging_mixin.py:149} INFO - [2023-06-26T08:26:06.274+0000] {dag.py:3490} INFO - Setting next_dagrun for example_branch_python_operator_decorator to 2023-06-25T00:00:00+00:00, run_after=2023-06-26T00:00:00+00:00
[2023-06-26T08:26:06.297+0000] {processor.py:179} INFO - Processing /home/airflow/.local/lib/python3.7/site-packages/airflow/example_dags/example_branch_operator_decorator.py took 0.091 seconds
[2023-06-26T08:26:36.448+0000] {processor.py:157} INFO - Started process (PID=509) to work on /home/airflow/.local/lib/python3.7/site-packages/airflow/example_dags/example_branch_operator_decorator.py
[2023-06-26T08:26:36.449+0000] {processor.py:826} INFO - Processing file /home/airflow/.local/lib/python3.7/site-packages/airflow/example_dags/example_branch_operator_decorator.py for tasks to queue
[2023-06-26T08:26:36.450+0000] {logging_mixin.py:149} INFO - [2023-06-26T08:26:36.450+0000] {dagbag.py:541} INFO - Filling up the DagBag from /home/airflow/.local/lib/python3.7/site-packages/airflow/example_dags/example_branch_operator_decorator.py
[2023-06-26T08:26:36.459+0000] {processor.py:836} INFO - DAG(s) dict_keys(['example_branch_python_operator_decorator']) retrieved from /home/airflow/.local/lib/python3.7/site-packages/airflow/example_dags/example_branch_operator_decorator.py
[2023-06-26T08:26:36.484+0000] {logging_mixin.py:149} INFO - [2023-06-26T08:26:36.483+0000] {dag.py:2726} INFO - Sync 1 DAGs
[2023-06-26T08:26:36.508+0000] {logging_mixin.py:149} INFO - [2023-06-26T08:26:36.507+0000] {dag.py:3490} INFO - Setting next_dagrun for example_branch_python_operator_decorator to 2023-06-25T00:00:00+00:00, run_after=2023-06-26T00:00:00+00:00
[2023-06-26T08:26:36.528+0000] {processor.py:179} INFO - Processing /home/airflow/.local/lib/python3.7/site-packages/airflow/example_dags/example_branch_operator_decorator.py took 0.083 seconds
[2023-06-26T08:27:06.942+0000] {processor.py:157} INFO - Started process (PID=575) to work on /home/airflow/.local/lib/python3.7/site-packages/airflow/example_dags/example_branch_operator_decorator.py
[2023-06-26T08:27:06.943+0000] {processor.py:826} INFO - Processing file /home/airflow/.local/lib/python3.7/site-packages/airflow/example_dags/example_branch_operator_decorator.py for tasks to queue
[2023-06-26T08:27:06.944+0000] {logging_mixin.py:149} INFO - [2023-06-26T08:27:06.944+0000] {dagbag.py:541} INFO - Filling up the DagBag from /home/airflow/.local/lib/python3.7/site-packages/airflow/example_dags/example_branch_operator_decorator.py
[2023-06-26T08:27:06.955+0000] {processor.py:836} INFO - DAG(s) dict_keys(['example_branch_python_operator_decorator']) retrieved from /home/airflow/.local/lib/python3.7/site-packages/airflow/example_dags/example_branch_operator_decorator.py
[2023-06-26T08:27:06.987+0000] {logging_mixin.py:149} INFO - [2023-06-26T08:27:06.987+0000] {dag.py:2726} INFO - Sync 1 DAGs
[2023-06-26T08:27:07.014+0000] {logging_mixin.py:149} INFO - [2023-06-26T08:27:07.014+0000] {dag.py:3490} INFO - Setting next_dagrun for example_branch_python_operator_decorator to 2023-06-25T00:00:00+00:00, run_after=2023-06-26T00:00:00+00:00
[2023-06-26T08:27:07.035+0000] {processor.py:179} INFO - Processing /home/airflow/.local/lib/python3.7/site-packages/airflow/example_dags/example_branch_operator_decorator.py took 0.096 seconds
