[2023-06-26T08:23:01.761+0000] {processor.py:157} INFO - Started process (PID=35) to work on /home/airflow/.local/lib/python3.7/site-packages/airflow/example_dags/example_latest_only.py
[2023-06-26T08:23:01.762+0000] {processor.py:826} INFO - Processing file /home/airflow/.local/lib/python3.7/site-packages/airflow/example_dags/example_latest_only.py for tasks to queue
[2023-06-26T08:23:01.763+0000] {logging_mixin.py:149} INFO - [2023-06-26T08:23:01.763+0000] {dagbag.py:541} INFO - Filling up the DagBag from /home/airflow/.local/lib/python3.7/site-packages/airflow/example_dags/example_latest_only.py
[2023-06-26T08:23:01.776+0000] {processor.py:836} INFO - DAG(s) dict_keys(['latest_only']) retrieved from /home/airflow/.local/lib/python3.7/site-packages/airflow/example_dags/example_latest_only.py
[2023-06-26T08:23:01.791+0000] {logging_mixin.py:149} INFO - [2023-06-26T08:23:01.790+0000] {dag.py:2726} INFO - Sync 1 DAGs
[2023-06-26T08:23:01.824+0000] {logging_mixin.py:149} INFO - [2023-06-26T08:23:01.824+0000] {dag.py:3490} INFO - Setting next_dagrun for latest_only to 2023-06-26T04:23:01.824390+00:00, run_after=2023-06-26T08:23:01.824390+00:00
[2023-06-26T08:23:01.847+0000] {processor.py:179} INFO - Processing /home/airflow/.local/lib/python3.7/site-packages/airflow/example_dags/example_latest_only.py took 0.089 seconds
[2023-06-26T08:23:32.937+0000] {processor.py:157} INFO - Started process (PID=106) to work on /home/airflow/.local/lib/python3.7/site-packages/airflow/example_dags/example_latest_only.py
[2023-06-26T08:23:32.938+0000] {processor.py:826} INFO - Processing file /home/airflow/.local/lib/python3.7/site-packages/airflow/example_dags/example_latest_only.py for tasks to queue
[2023-06-26T08:23:32.940+0000] {logging_mixin.py:149} INFO - [2023-06-26T08:23:32.940+0000] {dagbag.py:541} INFO - Filling up the DagBag from /home/airflow/.local/lib/python3.7/site-packages/airflow/example_dags/example_latest_only.py
[2023-06-26T08:23:32.949+0000] {processor.py:836} INFO - DAG(s) dict_keys(['latest_only']) retrieved from /home/airflow/.local/lib/python3.7/site-packages/airflow/example_dags/example_latest_only.py
[2023-06-26T08:23:32.982+0000] {logging_mixin.py:149} INFO - [2023-06-26T08:23:32.981+0000] {dag.py:2726} INFO - Sync 1 DAGs
[2023-06-26T08:23:33.011+0000] {logging_mixin.py:149} INFO - [2023-06-26T08:23:33.011+0000] {dag.py:3490} INFO - Setting next_dagrun for latest_only to 2023-06-26T04:23:33.010817+00:00, run_after=2023-06-26T08:23:33.010817+00:00
[2023-06-26T08:23:33.032+0000] {processor.py:179} INFO - Processing /home/airflow/.local/lib/python3.7/site-packages/airflow/example_dags/example_latest_only.py took 0.099 seconds
[2023-06-26T08:24:03.469+0000] {processor.py:157} INFO - Started process (PID=172) to work on /home/airflow/.local/lib/python3.7/site-packages/airflow/example_dags/example_latest_only.py
[2023-06-26T08:24:03.470+0000] {processor.py:826} INFO - Processing file /home/airflow/.local/lib/python3.7/site-packages/airflow/example_dags/example_latest_only.py for tasks to queue
[2023-06-26T08:24:03.471+0000] {logging_mixin.py:149} INFO - [2023-06-26T08:24:03.471+0000] {dagbag.py:541} INFO - Filling up the DagBag from /home/airflow/.local/lib/python3.7/site-packages/airflow/example_dags/example_latest_only.py
[2023-06-26T08:24:03.477+0000] {processor.py:836} INFO - DAG(s) dict_keys(['latest_only']) retrieved from /home/airflow/.local/lib/python3.7/site-packages/airflow/example_dags/example_latest_only.py
[2023-06-26T08:24:03.501+0000] {logging_mixin.py:149} INFO - [2023-06-26T08:24:03.501+0000] {dag.py:2726} INFO - Sync 1 DAGs
[2023-06-26T08:24:03.621+0000] {logging_mixin.py:149} INFO - [2023-06-26T08:24:03.621+0000] {dag.py:3490} INFO - Setting next_dagrun for latest_only to 2023-06-26T04:24:03.621189+00:00, run_after=2023-06-26T08:24:03.621189+00:00
[2023-06-26T08:24:03.645+0000] {processor.py:179} INFO - Processing /home/airflow/.local/lib/python3.7/site-packages/airflow/example_dags/example_latest_only.py took 0.180 seconds
[2023-06-26T08:24:33.900+0000] {processor.py:157} INFO - Started process (PID=238) to work on /home/airflow/.local/lib/python3.7/site-packages/airflow/example_dags/example_latest_only.py
[2023-06-26T08:24:33.901+0000] {processor.py:826} INFO - Processing file /home/airflow/.local/lib/python3.7/site-packages/airflow/example_dags/example_latest_only.py for tasks to queue
[2023-06-26T08:24:33.902+0000] {logging_mixin.py:149} INFO - [2023-06-26T08:24:33.902+0000] {dagbag.py:541} INFO - Filling up the DagBag from /home/airflow/.local/lib/python3.7/site-packages/airflow/example_dags/example_latest_only.py
[2023-06-26T08:24:33.907+0000] {processor.py:836} INFO - DAG(s) dict_keys(['latest_only']) retrieved from /home/airflow/.local/lib/python3.7/site-packages/airflow/example_dags/example_latest_only.py
[2023-06-26T08:24:33.929+0000] {logging_mixin.py:149} INFO - [2023-06-26T08:24:33.929+0000] {dag.py:2726} INFO - Sync 1 DAGs
[2023-06-26T08:24:33.954+0000] {logging_mixin.py:149} INFO - [2023-06-26T08:24:33.953+0000] {dag.py:3490} INFO - Setting next_dagrun for latest_only to 2023-06-26T04:24:33.952763+00:00, run_after=2023-06-26T08:24:33.952763+00:00
[2023-06-26T08:24:33.973+0000] {processor.py:179} INFO - Processing /home/airflow/.local/lib/python3.7/site-packages/airflow/example_dags/example_latest_only.py took 0.076 seconds
[2023-06-26T08:25:04.614+0000] {processor.py:157} INFO - Started process (PID=304) to work on /home/airflow/.local/lib/python3.7/site-packages/airflow/example_dags/example_latest_only.py
[2023-06-26T08:25:04.615+0000] {processor.py:826} INFO - Processing file /home/airflow/.local/lib/python3.7/site-packages/airflow/example_dags/example_latest_only.py for tasks to queue
[2023-06-26T08:25:04.616+0000] {logging_mixin.py:149} INFO - [2023-06-26T08:25:04.616+0000] {dagbag.py:541} INFO - Filling up the DagBag from /home/airflow/.local/lib/python3.7/site-packages/airflow/example_dags/example_latest_only.py
[2023-06-26T08:25:04.621+0000] {processor.py:836} INFO - DAG(s) dict_keys(['latest_only']) retrieved from /home/airflow/.local/lib/python3.7/site-packages/airflow/example_dags/example_latest_only.py
[2023-06-26T08:25:04.643+0000] {logging_mixin.py:149} INFO - [2023-06-26T08:25:04.643+0000] {dag.py:2726} INFO - Sync 1 DAGs
[2023-06-26T08:25:04.669+0000] {logging_mixin.py:149} INFO - [2023-06-26T08:25:04.668+0000] {dag.py:3490} INFO - Setting next_dagrun for latest_only to 2023-06-26T04:25:04.668722+00:00, run_after=2023-06-26T08:25:04.668722+00:00
[2023-06-26T08:25:04.688+0000] {processor.py:179} INFO - Processing /home/airflow/.local/lib/python3.7/site-packages/airflow/example_dags/example_latest_only.py took 0.077 seconds
[2023-06-26T08:25:35.449+0000] {processor.py:157} INFO - Started process (PID=370) to work on /home/airflow/.local/lib/python3.7/site-packages/airflow/example_dags/example_latest_only.py
[2023-06-26T08:25:35.450+0000] {processor.py:826} INFO - Processing file /home/airflow/.local/lib/python3.7/site-packages/airflow/example_dags/example_latest_only.py for tasks to queue
[2023-06-26T08:25:35.451+0000] {logging_mixin.py:149} INFO - [2023-06-26T08:25:35.451+0000] {dagbag.py:541} INFO - Filling up the DagBag from /home/airflow/.local/lib/python3.7/site-packages/airflow/example_dags/example_latest_only.py
[2023-06-26T08:25:35.457+0000] {processor.py:836} INFO - DAG(s) dict_keys(['latest_only']) retrieved from /home/airflow/.local/lib/python3.7/site-packages/airflow/example_dags/example_latest_only.py
[2023-06-26T08:25:35.483+0000] {logging_mixin.py:149} INFO - [2023-06-26T08:25:35.482+0000] {dag.py:2726} INFO - Sync 1 DAGs
[2023-06-26T08:25:35.509+0000] {logging_mixin.py:149} INFO - [2023-06-26T08:25:35.509+0000] {dag.py:3490} INFO - Setting next_dagrun for latest_only to 2023-06-26T04:25:35.509393+00:00, run_after=2023-06-26T08:25:35.509393+00:00
[2023-06-26T08:25:35.531+0000] {processor.py:179} INFO - Processing /home/airflow/.local/lib/python3.7/site-packages/airflow/example_dags/example_latest_only.py took 0.085 seconds
[2023-06-26T08:26:05.677+0000] {processor.py:157} INFO - Started process (PID=435) to work on /home/airflow/.local/lib/python3.7/site-packages/airflow/example_dags/example_latest_only.py
[2023-06-26T08:26:05.678+0000] {processor.py:826} INFO - Processing file /home/airflow/.local/lib/python3.7/site-packages/airflow/example_dags/example_latest_only.py for tasks to queue
[2023-06-26T08:26:05.679+0000] {logging_mixin.py:149} INFO - [2023-06-26T08:26:05.679+0000] {dagbag.py:541} INFO - Filling up the DagBag from /home/airflow/.local/lib/python3.7/site-packages/airflow/example_dags/example_latest_only.py
[2023-06-26T08:26:05.684+0000] {processor.py:836} INFO - DAG(s) dict_keys(['latest_only']) retrieved from /home/airflow/.local/lib/python3.7/site-packages/airflow/example_dags/example_latest_only.py
[2023-06-26T08:26:05.705+0000] {logging_mixin.py:149} INFO - [2023-06-26T08:26:05.705+0000] {dag.py:2726} INFO - Sync 1 DAGs
[2023-06-26T08:26:05.728+0000] {logging_mixin.py:149} INFO - [2023-06-26T08:26:05.728+0000] {dag.py:3490} INFO - Setting next_dagrun for latest_only to 2023-06-26T04:26:05.728490+00:00, run_after=2023-06-26T08:26:05.728490+00:00
[2023-06-26T08:26:05.748+0000] {processor.py:179} INFO - Processing /home/airflow/.local/lib/python3.7/site-packages/airflow/example_dags/example_latest_only.py took 0.074 seconds
[2023-06-26T08:26:35.943+0000] {processor.py:157} INFO - Started process (PID=502) to work on /home/airflow/.local/lib/python3.7/site-packages/airflow/example_dags/example_latest_only.py
[2023-06-26T08:26:35.944+0000] {processor.py:826} INFO - Processing file /home/airflow/.local/lib/python3.7/site-packages/airflow/example_dags/example_latest_only.py for tasks to queue
[2023-06-26T08:26:35.945+0000] {logging_mixin.py:149} INFO - [2023-06-26T08:26:35.945+0000] {dagbag.py:541} INFO - Filling up the DagBag from /home/airflow/.local/lib/python3.7/site-packages/airflow/example_dags/example_latest_only.py
[2023-06-26T08:26:35.951+0000] {processor.py:836} INFO - DAG(s) dict_keys(['latest_only']) retrieved from /home/airflow/.local/lib/python3.7/site-packages/airflow/example_dags/example_latest_only.py
[2023-06-26T08:26:35.972+0000] {logging_mixin.py:149} INFO - [2023-06-26T08:26:35.972+0000] {dag.py:2726} INFO - Sync 1 DAGs
[2023-06-26T08:26:35.995+0000] {logging_mixin.py:149} INFO - [2023-06-26T08:26:35.995+0000] {dag.py:3490} INFO - Setting next_dagrun for latest_only to 2023-06-26T04:26:35.995258+00:00, run_after=2023-06-26T08:26:35.995258+00:00
[2023-06-26T08:26:36.016+0000] {processor.py:179} INFO - Processing /home/airflow/.local/lib/python3.7/site-packages/airflow/example_dags/example_latest_only.py took 0.076 seconds
[2023-06-26T08:27:06.524+0000] {processor.py:157} INFO - Started process (PID=569) to work on /home/airflow/.local/lib/python3.7/site-packages/airflow/example_dags/example_latest_only.py
[2023-06-26T08:27:06.525+0000] {processor.py:826} INFO - Processing file /home/airflow/.local/lib/python3.7/site-packages/airflow/example_dags/example_latest_only.py for tasks to queue
[2023-06-26T08:27:06.526+0000] {logging_mixin.py:149} INFO - [2023-06-26T08:27:06.526+0000] {dagbag.py:541} INFO - Filling up the DagBag from /home/airflow/.local/lib/python3.7/site-packages/airflow/example_dags/example_latest_only.py
[2023-06-26T08:27:06.531+0000] {processor.py:836} INFO - DAG(s) dict_keys(['latest_only']) retrieved from /home/airflow/.local/lib/python3.7/site-packages/airflow/example_dags/example_latest_only.py
[2023-06-26T08:27:06.554+0000] {logging_mixin.py:149} INFO - [2023-06-26T08:27:06.554+0000] {dag.py:2726} INFO - Sync 1 DAGs
[2023-06-26T08:27:06.578+0000] {logging_mixin.py:149} INFO - [2023-06-26T08:27:06.578+0000] {dag.py:3490} INFO - Setting next_dagrun for latest_only to 2023-06-26T04:27:06.578589+00:00, run_after=2023-06-26T08:27:06.578589+00:00
[2023-06-26T08:27:06.598+0000] {processor.py:179} INFO - Processing /home/airflow/.local/lib/python3.7/site-packages/airflow/example_dags/example_latest_only.py took 0.077 seconds
