[2023-06-26T08:23:03.984+0000] {processor.py:157} INFO - Started process (PID=63) to work on /home/airflow/.local/lib/python3.7/site-packages/airflow/example_dags/example_complex.py
[2023-06-26T08:23:03.986+0000] {processor.py:826} INFO - Processing file /home/airflow/.local/lib/python3.7/site-packages/airflow/example_dags/example_complex.py for tasks to queue
[2023-06-26T08:23:03.987+0000] {logging_mixin.py:149} INFO - [2023-06-26T08:23:03.987+0000] {dagbag.py:541} INFO - Filling up the DagBag from /home/airflow/.local/lib/python3.7/site-packages/airflow/example_dags/example_complex.py
[2023-06-26T08:23:04.000+0000] {logging_mixin.py:149} INFO - [2023-06-26T08:23:04.000+0000] {taskmixin.py:211} WARNING - Dependency <Task(BashOperator): create_entry_group>, delete_entry_group already registered for DAG: example_complex
[2023-06-26T08:23:04.001+0000] {logging_mixin.py:149} INFO - [2023-06-26T08:23:04.001+0000] {taskmixin.py:211} WARNING - Dependency <Task(BashOperator): delete_entry_group>, create_entry_group already registered for DAG: example_complex
[2023-06-26T08:23:04.002+0000] {logging_mixin.py:149} INFO - [2023-06-26T08:23:04.001+0000] {taskmixin.py:211} WARNING - Dependency <Task(BashOperator): create_entry_gcs>, delete_entry already registered for DAG: example_complex
[2023-06-26T08:23:04.002+0000] {logging_mixin.py:149} INFO - [2023-06-26T08:23:04.002+0000] {taskmixin.py:211} WARNING - Dependency <Task(BashOperator): delete_entry>, create_entry_gcs already registered for DAG: example_complex
[2023-06-26T08:23:04.003+0000] {logging_mixin.py:149} INFO - [2023-06-26T08:23:04.003+0000] {taskmixin.py:211} WARNING - Dependency <Task(BashOperator): create_tag>, delete_tag already registered for DAG: example_complex
[2023-06-26T08:23:04.004+0000] {logging_mixin.py:149} INFO - [2023-06-26T08:23:04.004+0000] {taskmixin.py:211} WARNING - Dependency <Task(BashOperator): delete_tag>, create_tag already registered for DAG: example_complex
[2023-06-26T08:23:04.006+0000] {processor.py:836} INFO - DAG(s) dict_keys(['example_complex']) retrieved from /home/airflow/.local/lib/python3.7/site-packages/airflow/example_dags/example_complex.py
[2023-06-26T08:23:04.020+0000] {logging_mixin.py:149} INFO - [2023-06-26T08:23:04.020+0000] {dag.py:2726} INFO - Sync 1 DAGs
[2023-06-26T08:23:04.054+0000] {logging_mixin.py:149} INFO - [2023-06-26T08:23:04.054+0000] {dag.py:3490} INFO - Setting next_dagrun for example_complex to None, run_after=None
[2023-06-26T08:23:04.081+0000] {processor.py:179} INFO - Processing /home/airflow/.local/lib/python3.7/site-packages/airflow/example_dags/example_complex.py took 0.102 seconds
[2023-06-26T08:23:34.920+0000] {processor.py:157} INFO - Started process (PID=134) to work on /home/airflow/.local/lib/python3.7/site-packages/airflow/example_dags/example_complex.py
[2023-06-26T08:23:34.921+0000] {processor.py:826} INFO - Processing file /home/airflow/.local/lib/python3.7/site-packages/airflow/example_dags/example_complex.py for tasks to queue
[2023-06-26T08:23:34.922+0000] {logging_mixin.py:149} INFO - [2023-06-26T08:23:34.922+0000] {dagbag.py:541} INFO - Filling up the DagBag from /home/airflow/.local/lib/python3.7/site-packages/airflow/example_dags/example_complex.py
[2023-06-26T08:23:34.933+0000] {logging_mixin.py:149} INFO - [2023-06-26T08:23:34.933+0000] {taskmixin.py:211} WARNING - Dependency <Task(BashOperator): create_entry_group>, delete_entry_group already registered for DAG: example_complex
[2023-06-26T08:23:34.934+0000] {logging_mixin.py:149} INFO - [2023-06-26T08:23:34.934+0000] {taskmixin.py:211} WARNING - Dependency <Task(BashOperator): delete_entry_group>, create_entry_group already registered for DAG: example_complex
[2023-06-26T08:23:34.934+0000] {logging_mixin.py:149} INFO - [2023-06-26T08:23:34.934+0000] {taskmixin.py:211} WARNING - Dependency <Task(BashOperator): create_entry_gcs>, delete_entry already registered for DAG: example_complex
[2023-06-26T08:23:34.935+0000] {logging_mixin.py:149} INFO - [2023-06-26T08:23:34.935+0000] {taskmixin.py:211} WARNING - Dependency <Task(BashOperator): delete_entry>, create_entry_gcs already registered for DAG: example_complex
[2023-06-26T08:23:34.936+0000] {logging_mixin.py:149} INFO - [2023-06-26T08:23:34.936+0000] {taskmixin.py:211} WARNING - Dependency <Task(BashOperator): create_tag>, delete_tag already registered for DAG: example_complex
[2023-06-26T08:23:34.937+0000] {logging_mixin.py:149} INFO - [2023-06-26T08:23:34.937+0000] {taskmixin.py:211} WARNING - Dependency <Task(BashOperator): delete_tag>, create_tag already registered for DAG: example_complex
[2023-06-26T08:23:34.939+0000] {processor.py:836} INFO - DAG(s) dict_keys(['example_complex']) retrieved from /home/airflow/.local/lib/python3.7/site-packages/airflow/example_dags/example_complex.py
[2023-06-26T08:23:34.973+0000] {logging_mixin.py:149} INFO - [2023-06-26T08:23:34.973+0000] {dag.py:2726} INFO - Sync 1 DAGs
[2023-06-26T08:23:35.000+0000] {logging_mixin.py:149} INFO - [2023-06-26T08:23:35.000+0000] {dag.py:3490} INFO - Setting next_dagrun for example_complex to None, run_after=None
[2023-06-26T08:23:35.023+0000] {processor.py:179} INFO - Processing /home/airflow/.local/lib/python3.7/site-packages/airflow/example_dags/example_complex.py took 0.106 seconds
[2023-06-26T08:24:06.561+0000] {processor.py:157} INFO - Started process (PID=200) to work on /home/airflow/.local/lib/python3.7/site-packages/airflow/example_dags/example_complex.py
[2023-06-26T08:24:06.563+0000] {processor.py:826} INFO - Processing file /home/airflow/.local/lib/python3.7/site-packages/airflow/example_dags/example_complex.py for tasks to queue
[2023-06-26T08:24:06.564+0000] {logging_mixin.py:149} INFO - [2023-06-26T08:24:06.564+0000] {dagbag.py:541} INFO - Filling up the DagBag from /home/airflow/.local/lib/python3.7/site-packages/airflow/example_dags/example_complex.py
[2023-06-26T08:24:06.574+0000] {logging_mixin.py:149} INFO - [2023-06-26T08:24:06.574+0000] {taskmixin.py:211} WARNING - Dependency <Task(BashOperator): create_entry_group>, delete_entry_group already registered for DAG: example_complex
[2023-06-26T08:24:06.574+0000] {logging_mixin.py:149} INFO - [2023-06-26T08:24:06.574+0000] {taskmixin.py:211} WARNING - Dependency <Task(BashOperator): delete_entry_group>, create_entry_group already registered for DAG: example_complex
[2023-06-26T08:24:06.575+0000] {logging_mixin.py:149} INFO - [2023-06-26T08:24:06.575+0000] {taskmixin.py:211} WARNING - Dependency <Task(BashOperator): create_entry_gcs>, delete_entry already registered for DAG: example_complex
[2023-06-26T08:24:06.576+0000] {logging_mixin.py:149} INFO - [2023-06-26T08:24:06.576+0000] {taskmixin.py:211} WARNING - Dependency <Task(BashOperator): delete_entry>, create_entry_gcs already registered for DAG: example_complex
[2023-06-26T08:24:06.577+0000] {logging_mixin.py:149} INFO - [2023-06-26T08:24:06.577+0000] {taskmixin.py:211} WARNING - Dependency <Task(BashOperator): create_tag>, delete_tag already registered for DAG: example_complex
[2023-06-26T08:24:06.577+0000] {logging_mixin.py:149} INFO - [2023-06-26T08:24:06.577+0000] {taskmixin.py:211} WARNING - Dependency <Task(BashOperator): delete_tag>, create_tag already registered for DAG: example_complex
[2023-06-26T08:24:06.580+0000] {processor.py:836} INFO - DAG(s) dict_keys(['example_complex']) retrieved from /home/airflow/.local/lib/python3.7/site-packages/airflow/example_dags/example_complex.py
[2023-06-26T08:24:06.711+0000] {logging_mixin.py:149} INFO - [2023-06-26T08:24:06.711+0000] {dag.py:2726} INFO - Sync 1 DAGs
[2023-06-26T08:24:06.736+0000] {logging_mixin.py:149} INFO - [2023-06-26T08:24:06.735+0000] {dag.py:3490} INFO - Setting next_dagrun for example_complex to None, run_after=None
[2023-06-26T08:24:06.757+0000] {processor.py:179} INFO - Processing /home/airflow/.local/lib/python3.7/site-packages/airflow/example_dags/example_complex.py took 0.199 seconds
[2023-06-26T08:24:36.923+0000] {processor.py:157} INFO - Started process (PID=266) to work on /home/airflow/.local/lib/python3.7/site-packages/airflow/example_dags/example_complex.py
[2023-06-26T08:24:36.924+0000] {processor.py:826} INFO - Processing file /home/airflow/.local/lib/python3.7/site-packages/airflow/example_dags/example_complex.py for tasks to queue
[2023-06-26T08:24:36.925+0000] {logging_mixin.py:149} INFO - [2023-06-26T08:24:36.925+0000] {dagbag.py:541} INFO - Filling up the DagBag from /home/airflow/.local/lib/python3.7/site-packages/airflow/example_dags/example_complex.py
[2023-06-26T08:24:36.936+0000] {logging_mixin.py:149} INFO - [2023-06-26T08:24:36.936+0000] {taskmixin.py:211} WARNING - Dependency <Task(BashOperator): create_entry_group>, delete_entry_group already registered for DAG: example_complex
[2023-06-26T08:24:36.937+0000] {logging_mixin.py:149} INFO - [2023-06-26T08:24:36.937+0000] {taskmixin.py:211} WARNING - Dependency <Task(BashOperator): delete_entry_group>, create_entry_group already registered for DAG: example_complex
[2023-06-26T08:24:36.938+0000] {logging_mixin.py:149} INFO - [2023-06-26T08:24:36.937+0000] {taskmixin.py:211} WARNING - Dependency <Task(BashOperator): create_entry_gcs>, delete_entry already registered for DAG: example_complex
[2023-06-26T08:24:36.938+0000] {logging_mixin.py:149} INFO - [2023-06-26T08:24:36.938+0000] {taskmixin.py:211} WARNING - Dependency <Task(BashOperator): delete_entry>, create_entry_gcs already registered for DAG: example_complex
[2023-06-26T08:24:36.939+0000] {logging_mixin.py:149} INFO - [2023-06-26T08:24:36.939+0000] {taskmixin.py:211} WARNING - Dependency <Task(BashOperator): create_tag>, delete_tag already registered for DAG: example_complex
[2023-06-26T08:24:36.940+0000] {logging_mixin.py:149} INFO - [2023-06-26T08:24:36.940+0000] {taskmixin.py:211} WARNING - Dependency <Task(BashOperator): delete_tag>, create_tag already registered for DAG: example_complex
[2023-06-26T08:24:36.942+0000] {processor.py:836} INFO - DAG(s) dict_keys(['example_complex']) retrieved from /home/airflow/.local/lib/python3.7/site-packages/airflow/example_dags/example_complex.py
[2023-06-26T08:24:36.980+0000] {logging_mixin.py:149} INFO - [2023-06-26T08:24:36.980+0000] {dag.py:2726} INFO - Sync 1 DAGs
[2023-06-26T08:24:37.010+0000] {logging_mixin.py:149} INFO - [2023-06-26T08:24:37.010+0000] {dag.py:3490} INFO - Setting next_dagrun for example_complex to None, run_after=None
[2023-06-26T08:24:37.037+0000] {processor.py:179} INFO - Processing /home/airflow/.local/lib/python3.7/site-packages/airflow/example_dags/example_complex.py took 0.118 seconds
[2023-06-26T08:25:07.520+0000] {processor.py:157} INFO - Started process (PID=332) to work on /home/airflow/.local/lib/python3.7/site-packages/airflow/example_dags/example_complex.py
[2023-06-26T08:25:07.521+0000] {processor.py:826} INFO - Processing file /home/airflow/.local/lib/python3.7/site-packages/airflow/example_dags/example_complex.py for tasks to queue
[2023-06-26T08:25:07.523+0000] {logging_mixin.py:149} INFO - [2023-06-26T08:25:07.522+0000] {dagbag.py:541} INFO - Filling up the DagBag from /home/airflow/.local/lib/python3.7/site-packages/airflow/example_dags/example_complex.py
[2023-06-26T08:25:07.533+0000] {logging_mixin.py:149} INFO - [2023-06-26T08:25:07.533+0000] {taskmixin.py:211} WARNING - Dependency <Task(BashOperator): create_entry_group>, delete_entry_group already registered for DAG: example_complex
[2023-06-26T08:25:07.534+0000] {logging_mixin.py:149} INFO - [2023-06-26T08:25:07.534+0000] {taskmixin.py:211} WARNING - Dependency <Task(BashOperator): delete_entry_group>, create_entry_group already registered for DAG: example_complex
[2023-06-26T08:25:07.535+0000] {logging_mixin.py:149} INFO - [2023-06-26T08:25:07.535+0000] {taskmixin.py:211} WARNING - Dependency <Task(BashOperator): create_entry_gcs>, delete_entry already registered for DAG: example_complex
[2023-06-26T08:25:07.535+0000] {logging_mixin.py:149} INFO - [2023-06-26T08:25:07.535+0000] {taskmixin.py:211} WARNING - Dependency <Task(BashOperator): delete_entry>, create_entry_gcs already registered for DAG: example_complex
[2023-06-26T08:25:07.536+0000] {logging_mixin.py:149} INFO - [2023-06-26T08:25:07.536+0000] {taskmixin.py:211} WARNING - Dependency <Task(BashOperator): create_tag>, delete_tag already registered for DAG: example_complex
[2023-06-26T08:25:07.537+0000] {logging_mixin.py:149} INFO - [2023-06-26T08:25:07.537+0000] {taskmixin.py:211} WARNING - Dependency <Task(BashOperator): delete_tag>, create_tag already registered for DAG: example_complex
[2023-06-26T08:25:07.539+0000] {processor.py:836} INFO - DAG(s) dict_keys(['example_complex']) retrieved from /home/airflow/.local/lib/python3.7/site-packages/airflow/example_dags/example_complex.py
[2023-06-26T08:25:07.573+0000] {logging_mixin.py:149} INFO - [2023-06-26T08:25:07.572+0000] {dag.py:2726} INFO - Sync 1 DAGs
[2023-06-26T08:25:07.599+0000] {logging_mixin.py:149} INFO - [2023-06-26T08:25:07.599+0000] {dag.py:3490} INFO - Setting next_dagrun for example_complex to None, run_after=None
[2023-06-26T08:25:07.625+0000] {processor.py:179} INFO - Processing /home/airflow/.local/lib/python3.7/site-packages/airflow/example_dags/example_complex.py took 0.108 seconds
[2023-06-26T08:25:38.109+0000] {processor.py:157} INFO - Started process (PID=398) to work on /home/airflow/.local/lib/python3.7/site-packages/airflow/example_dags/example_complex.py
[2023-06-26T08:25:38.110+0000] {processor.py:826} INFO - Processing file /home/airflow/.local/lib/python3.7/site-packages/airflow/example_dags/example_complex.py for tasks to queue
[2023-06-26T08:25:38.111+0000] {logging_mixin.py:149} INFO - [2023-06-26T08:25:38.111+0000] {dagbag.py:541} INFO - Filling up the DagBag from /home/airflow/.local/lib/python3.7/site-packages/airflow/example_dags/example_complex.py
[2023-06-26T08:25:38.122+0000] {logging_mixin.py:149} INFO - [2023-06-26T08:25:38.121+0000] {taskmixin.py:211} WARNING - Dependency <Task(BashOperator): create_entry_group>, delete_entry_group already registered for DAG: example_complex
[2023-06-26T08:25:38.122+0000] {logging_mixin.py:149} INFO - [2023-06-26T08:25:38.122+0000] {taskmixin.py:211} WARNING - Dependency <Task(BashOperator): delete_entry_group>, create_entry_group already registered for DAG: example_complex
[2023-06-26T08:25:38.123+0000] {logging_mixin.py:149} INFO - [2023-06-26T08:25:38.123+0000] {taskmixin.py:211} WARNING - Dependency <Task(BashOperator): create_entry_gcs>, delete_entry already registered for DAG: example_complex
[2023-06-26T08:25:38.123+0000] {logging_mixin.py:149} INFO - [2023-06-26T08:25:38.123+0000] {taskmixin.py:211} WARNING - Dependency <Task(BashOperator): delete_entry>, create_entry_gcs already registered for DAG: example_complex
[2023-06-26T08:25:38.124+0000] {logging_mixin.py:149} INFO - [2023-06-26T08:25:38.124+0000] {taskmixin.py:211} WARNING - Dependency <Task(BashOperator): create_tag>, delete_tag already registered for DAG: example_complex
[2023-06-26T08:25:38.125+0000] {logging_mixin.py:149} INFO - [2023-06-26T08:25:38.125+0000] {taskmixin.py:211} WARNING - Dependency <Task(BashOperator): delete_tag>, create_tag already registered for DAG: example_complex
[2023-06-26T08:25:38.127+0000] {processor.py:836} INFO - DAG(s) dict_keys(['example_complex']) retrieved from /home/airflow/.local/lib/python3.7/site-packages/airflow/example_dags/example_complex.py
[2023-06-26T08:25:38.162+0000] {logging_mixin.py:149} INFO - [2023-06-26T08:25:38.162+0000] {dag.py:2726} INFO - Sync 1 DAGs
[2023-06-26T08:25:38.185+0000] {logging_mixin.py:149} INFO - [2023-06-26T08:25:38.185+0000] {dag.py:3490} INFO - Setting next_dagrun for example_complex to None, run_after=None
[2023-06-26T08:25:38.208+0000] {processor.py:179} INFO - Processing /home/airflow/.local/lib/python3.7/site-packages/airflow/example_dags/example_complex.py took 0.102 seconds
[2023-06-26T08:26:08.341+0000] {processor.py:157} INFO - Started process (PID=464) to work on /home/airflow/.local/lib/python3.7/site-packages/airflow/example_dags/example_complex.py
[2023-06-26T08:26:08.342+0000] {processor.py:826} INFO - Processing file /home/airflow/.local/lib/python3.7/site-packages/airflow/example_dags/example_complex.py for tasks to queue
[2023-06-26T08:26:08.343+0000] {logging_mixin.py:149} INFO - [2023-06-26T08:26:08.343+0000] {dagbag.py:541} INFO - Filling up the DagBag from /home/airflow/.local/lib/python3.7/site-packages/airflow/example_dags/example_complex.py
[2023-06-26T08:26:08.354+0000] {logging_mixin.py:149} INFO - [2023-06-26T08:26:08.353+0000] {taskmixin.py:211} WARNING - Dependency <Task(BashOperator): create_entry_group>, delete_entry_group already registered for DAG: example_complex
[2023-06-26T08:26:08.354+0000] {logging_mixin.py:149} INFO - [2023-06-26T08:26:08.354+0000] {taskmixin.py:211} WARNING - Dependency <Task(BashOperator): delete_entry_group>, create_entry_group already registered for DAG: example_complex
[2023-06-26T08:26:08.355+0000] {logging_mixin.py:149} INFO - [2023-06-26T08:26:08.355+0000] {taskmixin.py:211} WARNING - Dependency <Task(BashOperator): create_entry_gcs>, delete_entry already registered for DAG: example_complex
[2023-06-26T08:26:08.355+0000] {logging_mixin.py:149} INFO - [2023-06-26T08:26:08.355+0000] {taskmixin.py:211} WARNING - Dependency <Task(BashOperator): delete_entry>, create_entry_gcs already registered for DAG: example_complex
[2023-06-26T08:26:08.356+0000] {logging_mixin.py:149} INFO - [2023-06-26T08:26:08.356+0000] {taskmixin.py:211} WARNING - Dependency <Task(BashOperator): create_tag>, delete_tag already registered for DAG: example_complex
[2023-06-26T08:26:08.357+0000] {logging_mixin.py:149} INFO - [2023-06-26T08:26:08.357+0000] {taskmixin.py:211} WARNING - Dependency <Task(BashOperator): delete_tag>, create_tag already registered for DAG: example_complex
[2023-06-26T08:26:08.359+0000] {processor.py:836} INFO - DAG(s) dict_keys(['example_complex']) retrieved from /home/airflow/.local/lib/python3.7/site-packages/airflow/example_dags/example_complex.py
[2023-06-26T08:26:08.392+0000] {logging_mixin.py:149} INFO - [2023-06-26T08:26:08.392+0000] {dag.py:2726} INFO - Sync 1 DAGs
[2023-06-26T08:26:08.415+0000] {logging_mixin.py:149} INFO - [2023-06-26T08:26:08.415+0000] {dag.py:3490} INFO - Setting next_dagrun for example_complex to None, run_after=None
[2023-06-26T08:26:08.435+0000] {processor.py:179} INFO - Processing /home/airflow/.local/lib/python3.7/site-packages/airflow/example_dags/example_complex.py took 0.097 seconds
[2023-06-26T08:26:38.920+0000] {processor.py:157} INFO - Started process (PID=531) to work on /home/airflow/.local/lib/python3.7/site-packages/airflow/example_dags/example_complex.py
[2023-06-26T08:26:38.922+0000] {processor.py:826} INFO - Processing file /home/airflow/.local/lib/python3.7/site-packages/airflow/example_dags/example_complex.py for tasks to queue
[2023-06-26T08:26:38.923+0000] {logging_mixin.py:149} INFO - [2023-06-26T08:26:38.923+0000] {dagbag.py:541} INFO - Filling up the DagBag from /home/airflow/.local/lib/python3.7/site-packages/airflow/example_dags/example_complex.py
[2023-06-26T08:26:38.934+0000] {logging_mixin.py:149} INFO - [2023-06-26T08:26:38.934+0000] {taskmixin.py:211} WARNING - Dependency <Task(BashOperator): create_entry_group>, delete_entry_group already registered for DAG: example_complex
[2023-06-26T08:26:38.935+0000] {logging_mixin.py:149} INFO - [2023-06-26T08:26:38.935+0000] {taskmixin.py:211} WARNING - Dependency <Task(BashOperator): delete_entry_group>, create_entry_group already registered for DAG: example_complex
[2023-06-26T08:26:38.935+0000] {logging_mixin.py:149} INFO - [2023-06-26T08:26:38.935+0000] {taskmixin.py:211} WARNING - Dependency <Task(BashOperator): create_entry_gcs>, delete_entry already registered for DAG: example_complex
[2023-06-26T08:26:38.936+0000] {logging_mixin.py:149} INFO - [2023-06-26T08:26:38.936+0000] {taskmixin.py:211} WARNING - Dependency <Task(BashOperator): delete_entry>, create_entry_gcs already registered for DAG: example_complex
[2023-06-26T08:26:38.937+0000] {logging_mixin.py:149} INFO - [2023-06-26T08:26:38.937+0000] {taskmixin.py:211} WARNING - Dependency <Task(BashOperator): create_tag>, delete_tag already registered for DAG: example_complex
[2023-06-26T08:26:38.937+0000] {logging_mixin.py:149} INFO - [2023-06-26T08:26:38.937+0000] {taskmixin.py:211} WARNING - Dependency <Task(BashOperator): delete_tag>, create_tag already registered for DAG: example_complex
[2023-06-26T08:26:38.939+0000] {processor.py:836} INFO - DAG(s) dict_keys(['example_complex']) retrieved from /home/airflow/.local/lib/python3.7/site-packages/airflow/example_dags/example_complex.py
[2023-06-26T08:26:38.976+0000] {logging_mixin.py:149} INFO - [2023-06-26T08:26:38.976+0000] {dag.py:2726} INFO - Sync 1 DAGs
[2023-06-26T08:26:39.004+0000] {logging_mixin.py:149} INFO - [2023-06-26T08:26:39.004+0000] {dag.py:3490} INFO - Setting next_dagrun for example_complex to None, run_after=None
[2023-06-26T08:26:39.025+0000] {processor.py:179} INFO - Processing /home/airflow/.local/lib/python3.7/site-packages/airflow/example_dags/example_complex.py took 0.109 seconds
