[2023-06-26T08:23:02.286+0000] {processor.py:157} INFO - Started process (PID=42) to work on /home/airflow/.local/lib/python3.7/site-packages/airflow/example_dags/example_datasets.py
[2023-06-26T08:23:02.287+0000] {processor.py:826} INFO - Processing file /home/airflow/.local/lib/python3.7/site-packages/airflow/example_dags/example_datasets.py for tasks to queue
[2023-06-26T08:23:02.289+0000] {logging_mixin.py:149} INFO - [2023-06-26T08:23:02.288+0000] {dagbag.py:541} INFO - Filling up the DagBag from /home/airflow/.local/lib/python3.7/site-packages/airflow/example_dags/example_datasets.py
[2023-06-26T08:23:02.307+0000] {processor.py:836} INFO - DAG(s) dict_keys(['dataset_consumes_1_and_2', 'dataset_consumes_1_never_scheduled', 'dataset_produces_2', 'dataset_consumes_unknown_never_scheduled', 'dataset_produces_1', 'dataset_consumes_1']) retrieved from /home/airflow/.local/lib/python3.7/site-packages/airflow/example_dags/example_datasets.py
[2023-06-26T08:23:02.334+0000] {logging_mixin.py:149} INFO - [2023-06-26T08:23:02.334+0000] {dag.py:2726} INFO - Sync 6 DAGs
[2023-06-26T08:23:02.371+0000] {logging_mixin.py:149} INFO - [2023-06-26T08:23:02.370+0000] {dag.py:3490} INFO - Setting next_dagrun for dataset_consumes_1 to None, run_after=None
[2023-06-26T08:23:02.375+0000] {logging_mixin.py:149} INFO - [2023-06-26T08:23:02.375+0000] {dag.py:3490} INFO - Setting next_dagrun for dataset_consumes_1_and_2 to None, run_after=None
[2023-06-26T08:23:02.377+0000] {logging_mixin.py:149} INFO - [2023-06-26T08:23:02.376+0000] {dag.py:3490} INFO - Setting next_dagrun for dataset_consumes_1_never_scheduled to None, run_after=None
[2023-06-26T08:23:02.378+0000] {logging_mixin.py:149} INFO - [2023-06-26T08:23:02.378+0000] {dag.py:3490} INFO - Setting next_dagrun for dataset_consumes_unknown_never_scheduled to None, run_after=None
[2023-06-26T08:23:02.382+0000] {logging_mixin.py:149} INFO - [2023-06-26T08:23:02.382+0000] {dag.py:3490} INFO - Setting next_dagrun for dataset_produces_1 to 2023-06-25T00:00:00+00:00, run_after=2023-06-26T00:00:00+00:00
[2023-06-26T08:23:02.384+0000] {logging_mixin.py:149} INFO - [2023-06-26T08:23:02.384+0000] {dag.py:3490} INFO - Setting next_dagrun for dataset_produces_2 to None, run_after=None
[2023-06-26T08:23:02.431+0000] {processor.py:179} INFO - Processing /home/airflow/.local/lib/python3.7/site-packages/airflow/example_dags/example_datasets.py took 0.151 seconds
[2023-06-26T08:23:33.576+0000] {processor.py:157} INFO - Started process (PID=113) to work on /home/airflow/.local/lib/python3.7/site-packages/airflow/example_dags/example_datasets.py
[2023-06-26T08:23:33.578+0000] {processor.py:826} INFO - Processing file /home/airflow/.local/lib/python3.7/site-packages/airflow/example_dags/example_datasets.py for tasks to queue
[2023-06-26T08:23:33.579+0000] {logging_mixin.py:149} INFO - [2023-06-26T08:23:33.579+0000] {dagbag.py:541} INFO - Filling up the DagBag from /home/airflow/.local/lib/python3.7/site-packages/airflow/example_dags/example_datasets.py
[2023-06-26T08:23:33.590+0000] {processor.py:836} INFO - DAG(s) dict_keys(['dataset_consumes_1_never_scheduled', 'dataset_consumes_1', 'dataset_produces_2', 'dataset_consumes_1_and_2', 'dataset_produces_1', 'dataset_consumes_unknown_never_scheduled']) retrieved from /home/airflow/.local/lib/python3.7/site-packages/airflow/example_dags/example_datasets.py
[2023-06-26T08:23:33.682+0000] {logging_mixin.py:149} INFO - [2023-06-26T08:23:33.681+0000] {dag.py:2726} INFO - Sync 6 DAGs
[2023-06-26T08:23:33.796+0000] {logging_mixin.py:149} INFO - [2023-06-26T08:23:33.796+0000] {dag.py:3490} INFO - Setting next_dagrun for dataset_consumes_1 to None, run_after=None
[2023-06-26T08:23:33.800+0000] {logging_mixin.py:149} INFO - [2023-06-26T08:23:33.800+0000] {dag.py:3490} INFO - Setting next_dagrun for dataset_consumes_1_and_2 to None, run_after=None
[2023-06-26T08:23:33.802+0000] {logging_mixin.py:149} INFO - [2023-06-26T08:23:33.802+0000] {dag.py:3490} INFO - Setting next_dagrun for dataset_consumes_1_never_scheduled to None, run_after=None
[2023-06-26T08:23:33.803+0000] {logging_mixin.py:149} INFO - [2023-06-26T08:23:33.803+0000] {dag.py:3490} INFO - Setting next_dagrun for dataset_consumes_unknown_never_scheduled to None, run_after=None
[2023-06-26T08:23:33.806+0000] {logging_mixin.py:149} INFO - [2023-06-26T08:23:33.806+0000] {dag.py:3490} INFO - Setting next_dagrun for dataset_produces_1 to 2023-06-25T00:00:00+00:00, run_after=2023-06-26T00:00:00+00:00
[2023-06-26T08:23:33.808+0000] {logging_mixin.py:149} INFO - [2023-06-26T08:23:33.808+0000] {dag.py:3490} INFO - Setting next_dagrun for dataset_produces_2 to None, run_after=None
[2023-06-26T08:23:33.843+0000] {processor.py:179} INFO - Processing /home/airflow/.local/lib/python3.7/site-packages/airflow/example_dags/example_datasets.py took 0.270 seconds
[2023-06-26T08:24:04.209+0000] {processor.py:157} INFO - Started process (PID=179) to work on /home/airflow/.local/lib/python3.7/site-packages/airflow/example_dags/example_datasets.py
[2023-06-26T08:24:04.210+0000] {processor.py:826} INFO - Processing file /home/airflow/.local/lib/python3.7/site-packages/airflow/example_dags/example_datasets.py for tasks to queue
[2023-06-26T08:24:04.211+0000] {logging_mixin.py:149} INFO - [2023-06-26T08:24:04.211+0000] {dagbag.py:541} INFO - Filling up the DagBag from /home/airflow/.local/lib/python3.7/site-packages/airflow/example_dags/example_datasets.py
[2023-06-26T08:24:04.222+0000] {processor.py:836} INFO - DAG(s) dict_keys(['dataset_consumes_1_and_2', 'dataset_consumes_1', 'dataset_produces_2', 'dataset_consumes_1_never_scheduled', 'dataset_produces_1', 'dataset_consumes_unknown_never_scheduled']) retrieved from /home/airflow/.local/lib/python3.7/site-packages/airflow/example_dags/example_datasets.py
[2023-06-26T08:24:04.269+0000] {logging_mixin.py:149} INFO - [2023-06-26T08:24:04.268+0000] {dag.py:2726} INFO - Sync 6 DAGs
[2023-06-26T08:24:04.397+0000] {logging_mixin.py:149} INFO - [2023-06-26T08:24:04.397+0000] {dag.py:3490} INFO - Setting next_dagrun for dataset_consumes_1 to None, run_after=None
[2023-06-26T08:24:04.402+0000] {logging_mixin.py:149} INFO - [2023-06-26T08:24:04.402+0000] {dag.py:3490} INFO - Setting next_dagrun for dataset_consumes_1_and_2 to None, run_after=None
[2023-06-26T08:24:04.404+0000] {logging_mixin.py:149} INFO - [2023-06-26T08:24:04.404+0000] {dag.py:3490} INFO - Setting next_dagrun for dataset_consumes_1_never_scheduled to None, run_after=None
[2023-06-26T08:24:04.405+0000] {logging_mixin.py:149} INFO - [2023-06-26T08:24:04.405+0000] {dag.py:3490} INFO - Setting next_dagrun for dataset_consumes_unknown_never_scheduled to None, run_after=None
[2023-06-26T08:24:04.409+0000] {logging_mixin.py:149} INFO - [2023-06-26T08:24:04.409+0000] {dag.py:3490} INFO - Setting next_dagrun for dataset_produces_1 to 2023-06-25T00:00:00+00:00, run_after=2023-06-26T00:00:00+00:00
[2023-06-26T08:24:04.411+0000] {logging_mixin.py:149} INFO - [2023-06-26T08:24:04.411+0000] {dag.py:3490} INFO - Setting next_dagrun for dataset_produces_2 to None, run_after=None
[2023-06-26T08:24:04.450+0000] {processor.py:179} INFO - Processing /home/airflow/.local/lib/python3.7/site-packages/airflow/example_dags/example_datasets.py took 0.244 seconds
[2023-06-26T08:24:34.534+0000] {processor.py:157} INFO - Started process (PID=245) to work on /home/airflow/.local/lib/python3.7/site-packages/airflow/example_dags/example_datasets.py
[2023-06-26T08:24:34.535+0000] {processor.py:826} INFO - Processing file /home/airflow/.local/lib/python3.7/site-packages/airflow/example_dags/example_datasets.py for tasks to queue
[2023-06-26T08:24:34.537+0000] {logging_mixin.py:149} INFO - [2023-06-26T08:24:34.536+0000] {dagbag.py:541} INFO - Filling up the DagBag from /home/airflow/.local/lib/python3.7/site-packages/airflow/example_dags/example_datasets.py
[2023-06-26T08:24:34.547+0000] {processor.py:836} INFO - DAG(s) dict_keys(['dataset_produces_2', 'dataset_produces_1', 'dataset_consumes_1_never_scheduled', 'dataset_consumes_1', 'dataset_consumes_1_and_2', 'dataset_consumes_unknown_never_scheduled']) retrieved from /home/airflow/.local/lib/python3.7/site-packages/airflow/example_dags/example_datasets.py
[2023-06-26T08:24:34.588+0000] {logging_mixin.py:149} INFO - [2023-06-26T08:24:34.587+0000] {dag.py:2726} INFO - Sync 6 DAGs
[2023-06-26T08:24:34.615+0000] {logging_mixin.py:149} INFO - [2023-06-26T08:24:34.615+0000] {dag.py:3490} INFO - Setting next_dagrun for dataset_consumes_1 to None, run_after=None
[2023-06-26T08:24:34.619+0000] {logging_mixin.py:149} INFO - [2023-06-26T08:24:34.619+0000] {dag.py:3490} INFO - Setting next_dagrun for dataset_consumes_1_and_2 to None, run_after=None
[2023-06-26T08:24:34.621+0000] {logging_mixin.py:149} INFO - [2023-06-26T08:24:34.621+0000] {dag.py:3490} INFO - Setting next_dagrun for dataset_consumes_1_never_scheduled to None, run_after=None
[2023-06-26T08:24:34.623+0000] {logging_mixin.py:149} INFO - [2023-06-26T08:24:34.623+0000] {dag.py:3490} INFO - Setting next_dagrun for dataset_consumes_unknown_never_scheduled to None, run_after=None
[2023-06-26T08:24:34.627+0000] {logging_mixin.py:149} INFO - [2023-06-26T08:24:34.626+0000] {dag.py:3490} INFO - Setting next_dagrun for dataset_produces_1 to 2023-06-25T00:00:00+00:00, run_after=2023-06-26T00:00:00+00:00
[2023-06-26T08:24:34.628+0000] {logging_mixin.py:149} INFO - [2023-06-26T08:24:34.628+0000] {dag.py:3490} INFO - Setting next_dagrun for dataset_produces_2 to None, run_after=None
[2023-06-26T08:24:34.664+0000] {processor.py:179} INFO - Processing /home/airflow/.local/lib/python3.7/site-packages/airflow/example_dags/example_datasets.py took 0.132 seconds
[2023-06-26T08:25:05.091+0000] {processor.py:157} INFO - Started process (PID=311) to work on /home/airflow/.local/lib/python3.7/site-packages/airflow/example_dags/example_datasets.py
[2023-06-26T08:25:05.092+0000] {processor.py:826} INFO - Processing file /home/airflow/.local/lib/python3.7/site-packages/airflow/example_dags/example_datasets.py for tasks to queue
[2023-06-26T08:25:05.093+0000] {logging_mixin.py:149} INFO - [2023-06-26T08:25:05.093+0000] {dagbag.py:541} INFO - Filling up the DagBag from /home/airflow/.local/lib/python3.7/site-packages/airflow/example_dags/example_datasets.py
[2023-06-26T08:25:05.101+0000] {processor.py:836} INFO - DAG(s) dict_keys(['dataset_produces_2', 'dataset_consumes_unknown_never_scheduled', 'dataset_consumes_1_and_2', 'dataset_produces_1', 'dataset_consumes_1', 'dataset_consumes_1_never_scheduled']) retrieved from /home/airflow/.local/lib/python3.7/site-packages/airflow/example_dags/example_datasets.py
[2023-06-26T08:25:05.139+0000] {logging_mixin.py:149} INFO - [2023-06-26T08:25:05.139+0000] {dag.py:2726} INFO - Sync 6 DAGs
[2023-06-26T08:25:05.166+0000] {logging_mixin.py:149} INFO - [2023-06-26T08:25:05.166+0000] {dag.py:3490} INFO - Setting next_dagrun for dataset_consumes_1 to None, run_after=None
[2023-06-26T08:25:05.171+0000] {logging_mixin.py:149} INFO - [2023-06-26T08:25:05.171+0000] {dag.py:3490} INFO - Setting next_dagrun for dataset_consumes_1_and_2 to None, run_after=None
[2023-06-26T08:25:05.172+0000] {logging_mixin.py:149} INFO - [2023-06-26T08:25:05.172+0000] {dag.py:3490} INFO - Setting next_dagrun for dataset_consumes_1_never_scheduled to None, run_after=None
[2023-06-26T08:25:05.174+0000] {logging_mixin.py:149} INFO - [2023-06-26T08:25:05.174+0000] {dag.py:3490} INFO - Setting next_dagrun for dataset_consumes_unknown_never_scheduled to None, run_after=None
[2023-06-26T08:25:05.177+0000] {logging_mixin.py:149} INFO - [2023-06-26T08:25:05.177+0000] {dag.py:3490} INFO - Setting next_dagrun for dataset_produces_1 to 2023-06-25T00:00:00+00:00, run_after=2023-06-26T00:00:00+00:00
[2023-06-26T08:25:05.179+0000] {logging_mixin.py:149} INFO - [2023-06-26T08:25:05.179+0000] {dag.py:3490} INFO - Setting next_dagrun for dataset_produces_2 to None, run_after=None
[2023-06-26T08:25:05.213+0000] {processor.py:179} INFO - Processing /home/airflow/.local/lib/python3.7/site-packages/airflow/example_dags/example_datasets.py took 0.126 seconds
[2023-06-26T08:25:35.911+0000] {processor.py:157} INFO - Started process (PID=377) to work on /home/airflow/.local/lib/python3.7/site-packages/airflow/example_dags/example_datasets.py
[2023-06-26T08:25:35.913+0000] {processor.py:826} INFO - Processing file /home/airflow/.local/lib/python3.7/site-packages/airflow/example_dags/example_datasets.py for tasks to queue
[2023-06-26T08:25:35.913+0000] {logging_mixin.py:149} INFO - [2023-06-26T08:25:35.913+0000] {dagbag.py:541} INFO - Filling up the DagBag from /home/airflow/.local/lib/python3.7/site-packages/airflow/example_dags/example_datasets.py
[2023-06-26T08:25:35.922+0000] {processor.py:836} INFO - DAG(s) dict_keys(['dataset_consumes_1_never_scheduled', 'dataset_produces_1', 'dataset_consumes_1_and_2', 'dataset_produces_2', 'dataset_consumes_1', 'dataset_consumes_unknown_never_scheduled']) retrieved from /home/airflow/.local/lib/python3.7/site-packages/airflow/example_dags/example_datasets.py
[2023-06-26T08:25:35.960+0000] {logging_mixin.py:149} INFO - [2023-06-26T08:25:35.959+0000] {dag.py:2726} INFO - Sync 6 DAGs
[2023-06-26T08:25:35.985+0000] {logging_mixin.py:149} INFO - [2023-06-26T08:25:35.985+0000] {dag.py:3490} INFO - Setting next_dagrun for dataset_consumes_1 to None, run_after=None
[2023-06-26T08:25:35.989+0000] {logging_mixin.py:149} INFO - [2023-06-26T08:25:35.989+0000] {dag.py:3490} INFO - Setting next_dagrun for dataset_consumes_1_and_2 to None, run_after=None
[2023-06-26T08:25:35.991+0000] {logging_mixin.py:149} INFO - [2023-06-26T08:25:35.991+0000] {dag.py:3490} INFO - Setting next_dagrun for dataset_consumes_1_never_scheduled to None, run_after=None
[2023-06-26T08:25:35.993+0000] {logging_mixin.py:149} INFO - [2023-06-26T08:25:35.993+0000] {dag.py:3490} INFO - Setting next_dagrun for dataset_consumes_unknown_never_scheduled to None, run_after=None
[2023-06-26T08:25:35.996+0000] {logging_mixin.py:149} INFO - [2023-06-26T08:25:35.996+0000] {dag.py:3490} INFO - Setting next_dagrun for dataset_produces_1 to 2023-06-25T00:00:00+00:00, run_after=2023-06-26T00:00:00+00:00
[2023-06-26T08:25:35.997+0000] {logging_mixin.py:149} INFO - [2023-06-26T08:25:35.997+0000] {dag.py:3490} INFO - Setting next_dagrun for dataset_produces_2 to None, run_after=None
[2023-06-26T08:25:36.029+0000] {processor.py:179} INFO - Processing /home/airflow/.local/lib/python3.7/site-packages/airflow/example_dags/example_datasets.py took 0.121 seconds
[2023-06-26T08:26:06.228+0000] {processor.py:157} INFO - Started process (PID=443) to work on /home/airflow/.local/lib/python3.7/site-packages/airflow/example_dags/example_datasets.py
[2023-06-26T08:26:06.229+0000] {processor.py:826} INFO - Processing file /home/airflow/.local/lib/python3.7/site-packages/airflow/example_dags/example_datasets.py for tasks to queue
[2023-06-26T08:26:06.230+0000] {logging_mixin.py:149} INFO - [2023-06-26T08:26:06.230+0000] {dagbag.py:541} INFO - Filling up the DagBag from /home/airflow/.local/lib/python3.7/site-packages/airflow/example_dags/example_datasets.py
[2023-06-26T08:26:06.240+0000] {processor.py:836} INFO - DAG(s) dict_keys(['dataset_consumes_1', 'dataset_consumes_1_never_scheduled', 'dataset_consumes_unknown_never_scheduled', 'dataset_produces_1', 'dataset_produces_2', 'dataset_consumes_1_and_2']) retrieved from /home/airflow/.local/lib/python3.7/site-packages/airflow/example_dags/example_datasets.py
[2023-06-26T08:26:06.280+0000] {logging_mixin.py:149} INFO - [2023-06-26T08:26:06.279+0000] {dag.py:2726} INFO - Sync 6 DAGs
[2023-06-26T08:26:06.307+0000] {logging_mixin.py:149} INFO - [2023-06-26T08:26:06.307+0000] {dag.py:3490} INFO - Setting next_dagrun for dataset_consumes_1 to None, run_after=None
[2023-06-26T08:26:06.311+0000] {logging_mixin.py:149} INFO - [2023-06-26T08:26:06.311+0000] {dag.py:3490} INFO - Setting next_dagrun for dataset_consumes_1_and_2 to None, run_after=None
[2023-06-26T08:26:06.313+0000] {logging_mixin.py:149} INFO - [2023-06-26T08:26:06.313+0000] {dag.py:3490} INFO - Setting next_dagrun for dataset_consumes_1_never_scheduled to None, run_after=None
[2023-06-26T08:26:06.315+0000] {logging_mixin.py:149} INFO - [2023-06-26T08:26:06.315+0000] {dag.py:3490} INFO - Setting next_dagrun for dataset_consumes_unknown_never_scheduled to None, run_after=None
[2023-06-26T08:26:06.319+0000] {logging_mixin.py:149} INFO - [2023-06-26T08:26:06.318+0000] {dag.py:3490} INFO - Setting next_dagrun for dataset_produces_1 to 2023-06-25T00:00:00+00:00, run_after=2023-06-26T00:00:00+00:00
[2023-06-26T08:26:06.321+0000] {logging_mixin.py:149} INFO - [2023-06-26T08:26:06.320+0000] {dag.py:3490} INFO - Setting next_dagrun for dataset_produces_2 to None, run_after=None
[2023-06-26T08:26:06.357+0000] {processor.py:179} INFO - Processing /home/airflow/.local/lib/python3.7/site-packages/airflow/example_dags/example_datasets.py took 0.132 seconds
[2023-06-26T08:26:36.559+0000] {processor.py:157} INFO - Started process (PID=510) to work on /home/airflow/.local/lib/python3.7/site-packages/airflow/example_dags/example_datasets.py
[2023-06-26T08:26:36.560+0000] {processor.py:826} INFO - Processing file /home/airflow/.local/lib/python3.7/site-packages/airflow/example_dags/example_datasets.py for tasks to queue
[2023-06-26T08:26:36.562+0000] {logging_mixin.py:149} INFO - [2023-06-26T08:26:36.561+0000] {dagbag.py:541} INFO - Filling up the DagBag from /home/airflow/.local/lib/python3.7/site-packages/airflow/example_dags/example_datasets.py
[2023-06-26T08:26:36.572+0000] {processor.py:836} INFO - DAG(s) dict_keys(['dataset_consumes_1_and_2', 'dataset_consumes_1', 'dataset_consumes_1_never_scheduled', 'dataset_produces_2', 'dataset_produces_1', 'dataset_consumes_unknown_never_scheduled']) retrieved from /home/airflow/.local/lib/python3.7/site-packages/airflow/example_dags/example_datasets.py
[2023-06-26T08:26:36.612+0000] {logging_mixin.py:149} INFO - [2023-06-26T08:26:36.612+0000] {dag.py:2726} INFO - Sync 6 DAGs
[2023-06-26T08:26:36.640+0000] {logging_mixin.py:149} INFO - [2023-06-26T08:26:36.640+0000] {dag.py:3490} INFO - Setting next_dagrun for dataset_consumes_1 to None, run_after=None
[2023-06-26T08:26:36.645+0000] {logging_mixin.py:149} INFO - [2023-06-26T08:26:36.645+0000] {dag.py:3490} INFO - Setting next_dagrun for dataset_consumes_1_and_2 to None, run_after=None
[2023-06-26T08:26:36.648+0000] {logging_mixin.py:149} INFO - [2023-06-26T08:26:36.648+0000] {dag.py:3490} INFO - Setting next_dagrun for dataset_consumes_1_never_scheduled to None, run_after=None
[2023-06-26T08:26:36.651+0000] {logging_mixin.py:149} INFO - [2023-06-26T08:26:36.651+0000] {dag.py:3490} INFO - Setting next_dagrun for dataset_consumes_unknown_never_scheduled to None, run_after=None
[2023-06-26T08:26:36.654+0000] {logging_mixin.py:149} INFO - [2023-06-26T08:26:36.654+0000] {dag.py:3490} INFO - Setting next_dagrun for dataset_produces_1 to 2023-06-25T00:00:00+00:00, run_after=2023-06-26T00:00:00+00:00
[2023-06-26T08:26:36.657+0000] {logging_mixin.py:149} INFO - [2023-06-26T08:26:36.657+0000] {dag.py:3490} INFO - Setting next_dagrun for dataset_produces_2 to None, run_after=None
[2023-06-26T08:26:36.696+0000] {processor.py:179} INFO - Processing /home/airflow/.local/lib/python3.7/site-packages/airflow/example_dags/example_datasets.py took 0.140 seconds
[2023-06-26T08:27:07.067+0000] {processor.py:157} INFO - Started process (PID=577) to work on /home/airflow/.local/lib/python3.7/site-packages/airflow/example_dags/example_datasets.py
[2023-06-26T08:27:07.069+0000] {processor.py:826} INFO - Processing file /home/airflow/.local/lib/python3.7/site-packages/airflow/example_dags/example_datasets.py for tasks to queue
[2023-06-26T08:27:07.071+0000] {logging_mixin.py:149} INFO - [2023-06-26T08:27:07.070+0000] {dagbag.py:541} INFO - Filling up the DagBag from /home/airflow/.local/lib/python3.7/site-packages/airflow/example_dags/example_datasets.py
[2023-06-26T08:27:07.081+0000] {processor.py:836} INFO - DAG(s) dict_keys(['dataset_consumes_1', 'dataset_produces_1', 'dataset_consumes_1_and_2', 'dataset_consumes_unknown_never_scheduled', 'dataset_consumes_1_never_scheduled', 'dataset_produces_2']) retrieved from /home/airflow/.local/lib/python3.7/site-packages/airflow/example_dags/example_datasets.py
[2023-06-26T08:27:07.130+0000] {logging_mixin.py:149} INFO - [2023-06-26T08:27:07.130+0000] {dag.py:2726} INFO - Sync 6 DAGs
[2023-06-26T08:27:07.163+0000] {logging_mixin.py:149} INFO - [2023-06-26T08:27:07.163+0000] {dag.py:3490} INFO - Setting next_dagrun for dataset_consumes_1 to None, run_after=None
[2023-06-26T08:27:07.167+0000] {logging_mixin.py:149} INFO - [2023-06-26T08:27:07.167+0000] {dag.py:3490} INFO - Setting next_dagrun for dataset_consumes_1_and_2 to None, run_after=None
[2023-06-26T08:27:07.169+0000] {logging_mixin.py:149} INFO - [2023-06-26T08:27:07.169+0000] {dag.py:3490} INFO - Setting next_dagrun for dataset_consumes_1_never_scheduled to None, run_after=None
[2023-06-26T08:27:07.170+0000] {logging_mixin.py:149} INFO - [2023-06-26T08:27:07.170+0000] {dag.py:3490} INFO - Setting next_dagrun for dataset_consumes_unknown_never_scheduled to None, run_after=None
[2023-06-26T08:27:07.174+0000] {logging_mixin.py:149} INFO - [2023-06-26T08:27:07.173+0000] {dag.py:3490} INFO - Setting next_dagrun for dataset_produces_1 to 2023-06-25T00:00:00+00:00, run_after=2023-06-26T00:00:00+00:00
[2023-06-26T08:27:07.176+0000] {logging_mixin.py:149} INFO - [2023-06-26T08:27:07.175+0000] {dag.py:3490} INFO - Setting next_dagrun for dataset_produces_2 to None, run_after=None
[2023-06-26T08:27:07.212+0000] {processor.py:179} INFO - Processing /home/airflow/.local/lib/python3.7/site-packages/airflow/example_dags/example_datasets.py took 0.149 seconds
