[2023-06-26T08:23:03.858+0000] {processor.py:157} INFO - Started process (PID=61) to work on /home/airflow/.local/lib/python3.7/site-packages/airflow/example_dags/example_short_circuit_operator.py
[2023-06-26T08:23:03.859+0000] {processor.py:826} INFO - Processing file /home/airflow/.local/lib/python3.7/site-packages/airflow/example_dags/example_short_circuit_operator.py for tasks to queue
[2023-06-26T08:23:03.860+0000] {logging_mixin.py:149} INFO - [2023-06-26T08:23:03.860+0000] {dagbag.py:541} INFO - Filling up the DagBag from /home/airflow/.local/lib/python3.7/site-packages/airflow/example_dags/example_short_circuit_operator.py
[2023-06-26T08:23:03.871+0000] {processor.py:836} INFO - DAG(s) dict_keys(['example_short_circuit_operator']) retrieved from /home/airflow/.local/lib/python3.7/site-packages/airflow/example_dags/example_short_circuit_operator.py
[2023-06-26T08:23:03.885+0000] {logging_mixin.py:149} INFO - [2023-06-26T08:23:03.885+0000] {dag.py:2726} INFO - Sync 1 DAGs
[2023-06-26T08:23:03.919+0000] {logging_mixin.py:149} INFO - [2023-06-26T08:23:03.918+0000] {dag.py:3490} INFO - Setting next_dagrun for example_short_circuit_operator to 2023-06-25T08:23:03.918481+00:00, run_after=2023-06-26T08:23:03.918481+00:00
[2023-06-26T08:23:03.945+0000] {processor.py:179} INFO - Processing /home/airflow/.local/lib/python3.7/site-packages/airflow/example_dags/example_short_circuit_operator.py took 0.092 seconds
[2023-06-26T08:23:34.808+0000] {processor.py:157} INFO - Started process (PID=132) to work on /home/airflow/.local/lib/python3.7/site-packages/airflow/example_dags/example_short_circuit_operator.py
[2023-06-26T08:23:34.810+0000] {processor.py:826} INFO - Processing file /home/airflow/.local/lib/python3.7/site-packages/airflow/example_dags/example_short_circuit_operator.py for tasks to queue
[2023-06-26T08:23:34.811+0000] {logging_mixin.py:149} INFO - [2023-06-26T08:23:34.811+0000] {dagbag.py:541} INFO - Filling up the DagBag from /home/airflow/.local/lib/python3.7/site-packages/airflow/example_dags/example_short_circuit_operator.py
[2023-06-26T08:23:34.821+0000] {processor.py:836} INFO - DAG(s) dict_keys(['example_short_circuit_operator']) retrieved from /home/airflow/.local/lib/python3.7/site-packages/airflow/example_dags/example_short_circuit_operator.py
[2023-06-26T08:23:34.848+0000] {logging_mixin.py:149} INFO - [2023-06-26T08:23:34.848+0000] {dag.py:2726} INFO - Sync 1 DAGs
[2023-06-26T08:23:34.873+0000] {logging_mixin.py:149} INFO - [2023-06-26T08:23:34.873+0000] {dag.py:3490} INFO - Setting next_dagrun for example_short_circuit_operator to 2023-06-25T08:23:34.873117+00:00, run_after=2023-06-26T08:23:34.873117+00:00
[2023-06-26T08:23:34.894+0000] {processor.py:179} INFO - Processing /home/airflow/.local/lib/python3.7/site-packages/airflow/example_dags/example_short_circuit_operator.py took 0.089 seconds
[2023-06-26T08:24:06.367+0000] {processor.py:157} INFO - Started process (PID=198) to work on /home/airflow/.local/lib/python3.7/site-packages/airflow/example_dags/example_short_circuit_operator.py
[2023-06-26T08:24:06.368+0000] {processor.py:826} INFO - Processing file /home/airflow/.local/lib/python3.7/site-packages/airflow/example_dags/example_short_circuit_operator.py for tasks to queue
[2023-06-26T08:24:06.369+0000] {logging_mixin.py:149} INFO - [2023-06-26T08:24:06.369+0000] {dagbag.py:541} INFO - Filling up the DagBag from /home/airflow/.local/lib/python3.7/site-packages/airflow/example_dags/example_short_circuit_operator.py
[2023-06-26T08:24:06.377+0000] {processor.py:836} INFO - DAG(s) dict_keys(['example_short_circuit_operator']) retrieved from /home/airflow/.local/lib/python3.7/site-packages/airflow/example_dags/example_short_circuit_operator.py
[2023-06-26T08:24:06.489+0000] {logging_mixin.py:149} INFO - [2023-06-26T08:24:06.488+0000] {dag.py:2726} INFO - Sync 1 DAGs
[2023-06-26T08:24:06.514+0000] {logging_mixin.py:149} INFO - [2023-06-26T08:24:06.514+0000] {dag.py:3490} INFO - Setting next_dagrun for example_short_circuit_operator to 2023-06-25T08:24:06.514103+00:00, run_after=2023-06-26T08:24:06.514103+00:00
[2023-06-26T08:24:06.534+0000] {processor.py:179} INFO - Processing /home/airflow/.local/lib/python3.7/site-packages/airflow/example_dags/example_short_circuit_operator.py took 0.171 seconds
[2023-06-26T08:24:36.804+0000] {processor.py:157} INFO - Started process (PID=264) to work on /home/airflow/.local/lib/python3.7/site-packages/airflow/example_dags/example_short_circuit_operator.py
[2023-06-26T08:24:36.805+0000] {processor.py:826} INFO - Processing file /home/airflow/.local/lib/python3.7/site-packages/airflow/example_dags/example_short_circuit_operator.py for tasks to queue
[2023-06-26T08:24:36.806+0000] {logging_mixin.py:149} INFO - [2023-06-26T08:24:36.806+0000] {dagbag.py:541} INFO - Filling up the DagBag from /home/airflow/.local/lib/python3.7/site-packages/airflow/example_dags/example_short_circuit_operator.py
[2023-06-26T08:24:36.815+0000] {processor.py:836} INFO - DAG(s) dict_keys(['example_short_circuit_operator']) retrieved from /home/airflow/.local/lib/python3.7/site-packages/airflow/example_dags/example_short_circuit_operator.py
[2023-06-26T08:24:36.843+0000] {logging_mixin.py:149} INFO - [2023-06-26T08:24:36.843+0000] {dag.py:2726} INFO - Sync 1 DAGs
[2023-06-26T08:24:36.871+0000] {logging_mixin.py:149} INFO - [2023-06-26T08:24:36.871+0000] {dag.py:3490} INFO - Setting next_dagrun for example_short_circuit_operator to 2023-06-25T08:24:36.871391+00:00, run_after=2023-06-26T08:24:36.871391+00:00
[2023-06-26T08:24:36.893+0000] {processor.py:179} INFO - Processing /home/airflow/.local/lib/python3.7/site-packages/airflow/example_dags/example_short_circuit_operator.py took 0.093 seconds
[2023-06-26T08:25:07.414+0000] {processor.py:157} INFO - Started process (PID=330) to work on /home/airflow/.local/lib/python3.7/site-packages/airflow/example_dags/example_short_circuit_operator.py
[2023-06-26T08:25:07.415+0000] {processor.py:826} INFO - Processing file /home/airflow/.local/lib/python3.7/site-packages/airflow/example_dags/example_short_circuit_operator.py for tasks to queue
[2023-06-26T08:25:07.416+0000] {logging_mixin.py:149} INFO - [2023-06-26T08:25:07.416+0000] {dagbag.py:541} INFO - Filling up the DagBag from /home/airflow/.local/lib/python3.7/site-packages/airflow/example_dags/example_short_circuit_operator.py
[2023-06-26T08:25:07.424+0000] {processor.py:836} INFO - DAG(s) dict_keys(['example_short_circuit_operator']) retrieved from /home/airflow/.local/lib/python3.7/site-packages/airflow/example_dags/example_short_circuit_operator.py
[2023-06-26T08:25:07.451+0000] {logging_mixin.py:149} INFO - [2023-06-26T08:25:07.451+0000] {dag.py:2726} INFO - Sync 1 DAGs
[2023-06-26T08:25:07.475+0000] {logging_mixin.py:149} INFO - [2023-06-26T08:25:07.475+0000] {dag.py:3490} INFO - Setting next_dagrun for example_short_circuit_operator to 2023-06-25T08:25:07.475260+00:00, run_after=2023-06-26T08:25:07.475260+00:00
[2023-06-26T08:25:07.495+0000] {processor.py:179} INFO - Processing /home/airflow/.local/lib/python3.7/site-packages/airflow/example_dags/example_short_circuit_operator.py took 0.084 seconds
[2023-06-26T08:25:37.997+0000] {processor.py:157} INFO - Started process (PID=396) to work on /home/airflow/.local/lib/python3.7/site-packages/airflow/example_dags/example_short_circuit_operator.py
[2023-06-26T08:25:37.998+0000] {processor.py:826} INFO - Processing file /home/airflow/.local/lib/python3.7/site-packages/airflow/example_dags/example_short_circuit_operator.py for tasks to queue
[2023-06-26T08:25:37.999+0000] {logging_mixin.py:149} INFO - [2023-06-26T08:25:37.999+0000] {dagbag.py:541} INFO - Filling up the DagBag from /home/airflow/.local/lib/python3.7/site-packages/airflow/example_dags/example_short_circuit_operator.py
[2023-06-26T08:25:38.007+0000] {processor.py:836} INFO - DAG(s) dict_keys(['example_short_circuit_operator']) retrieved from /home/airflow/.local/lib/python3.7/site-packages/airflow/example_dags/example_short_circuit_operator.py
[2023-06-26T08:25:38.033+0000] {logging_mixin.py:149} INFO - [2023-06-26T08:25:38.033+0000] {dag.py:2726} INFO - Sync 1 DAGs
[2023-06-26T08:25:38.059+0000] {logging_mixin.py:149} INFO - [2023-06-26T08:25:38.059+0000] {dag.py:3490} INFO - Setting next_dagrun for example_short_circuit_operator to 2023-06-25T08:25:38.059018+00:00, run_after=2023-06-26T08:25:38.059018+00:00
[2023-06-26T08:25:38.082+0000] {processor.py:179} INFO - Processing /home/airflow/.local/lib/python3.7/site-packages/airflow/example_dags/example_short_circuit_operator.py took 0.088 seconds
[2023-06-26T08:26:08.231+0000] {processor.py:157} INFO - Started process (PID=462) to work on /home/airflow/.local/lib/python3.7/site-packages/airflow/example_dags/example_short_circuit_operator.py
[2023-06-26T08:26:08.232+0000] {processor.py:826} INFO - Processing file /home/airflow/.local/lib/python3.7/site-packages/airflow/example_dags/example_short_circuit_operator.py for tasks to queue
[2023-06-26T08:26:08.233+0000] {logging_mixin.py:149} INFO - [2023-06-26T08:26:08.233+0000] {dagbag.py:541} INFO - Filling up the DagBag from /home/airflow/.local/lib/python3.7/site-packages/airflow/example_dags/example_short_circuit_operator.py
[2023-06-26T08:26:08.241+0000] {processor.py:836} INFO - DAG(s) dict_keys(['example_short_circuit_operator']) retrieved from /home/airflow/.local/lib/python3.7/site-packages/airflow/example_dags/example_short_circuit_operator.py
[2023-06-26T08:26:08.267+0000] {logging_mixin.py:149} INFO - [2023-06-26T08:26:08.267+0000] {dag.py:2726} INFO - Sync 1 DAGs
[2023-06-26T08:26:08.293+0000] {logging_mixin.py:149} INFO - [2023-06-26T08:26:08.292+0000] {dag.py:3490} INFO - Setting next_dagrun for example_short_circuit_operator to 2023-06-25T08:26:08.292581+00:00, run_after=2023-06-26T08:26:08.292581+00:00
[2023-06-26T08:26:08.313+0000] {processor.py:179} INFO - Processing /home/airflow/.local/lib/python3.7/site-packages/airflow/example_dags/example_short_circuit_operator.py took 0.085 seconds
[2023-06-26T08:26:38.789+0000] {processor.py:157} INFO - Started process (PID=529) to work on /home/airflow/.local/lib/python3.7/site-packages/airflow/example_dags/example_short_circuit_operator.py
[2023-06-26T08:26:38.791+0000] {processor.py:826} INFO - Processing file /home/airflow/.local/lib/python3.7/site-packages/airflow/example_dags/example_short_circuit_operator.py for tasks to queue
[2023-06-26T08:26:38.792+0000] {logging_mixin.py:149} INFO - [2023-06-26T08:26:38.792+0000] {dagbag.py:541} INFO - Filling up the DagBag from /home/airflow/.local/lib/python3.7/site-packages/airflow/example_dags/example_short_circuit_operator.py
[2023-06-26T08:26:38.801+0000] {processor.py:836} INFO - DAG(s) dict_keys(['example_short_circuit_operator']) retrieved from /home/airflow/.local/lib/python3.7/site-packages/airflow/example_dags/example_short_circuit_operator.py
[2023-06-26T08:26:38.838+0000] {logging_mixin.py:149} INFO - [2023-06-26T08:26:38.837+0000] {dag.py:2726} INFO - Sync 1 DAGs
[2023-06-26T08:26:38.868+0000] {logging_mixin.py:149} INFO - [2023-06-26T08:26:38.867+0000] {dag.py:3490} INFO - Setting next_dagrun for example_short_circuit_operator to 2023-06-25T08:26:38.867601+00:00, run_after=2023-06-26T08:26:38.867601+00:00
[2023-06-26T08:26:38.893+0000] {processor.py:179} INFO - Processing /home/airflow/.local/lib/python3.7/site-packages/airflow/example_dags/example_short_circuit_operator.py took 0.108 seconds
[2023-06-26T08:27:09.117+0000] {processor.py:157} INFO - Started process (PID=595) to work on /home/airflow/.local/lib/python3.7/site-packages/airflow/example_dags/example_short_circuit_operator.py
[2023-06-26T08:27:09.118+0000] {processor.py:826} INFO - Processing file /home/airflow/.local/lib/python3.7/site-packages/airflow/example_dags/example_short_circuit_operator.py for tasks to queue
[2023-06-26T08:27:09.119+0000] {logging_mixin.py:149} INFO - [2023-06-26T08:27:09.119+0000] {dagbag.py:541} INFO - Filling up the DagBag from /home/airflow/.local/lib/python3.7/site-packages/airflow/example_dags/example_short_circuit_operator.py
[2023-06-26T08:27:09.128+0000] {processor.py:836} INFO - DAG(s) dict_keys(['example_short_circuit_operator']) retrieved from /home/airflow/.local/lib/python3.7/site-packages/airflow/example_dags/example_short_circuit_operator.py
[2023-06-26T08:27:09.157+0000] {logging_mixin.py:149} INFO - [2023-06-26T08:27:09.157+0000] {dag.py:2726} INFO - Sync 1 DAGs
[2023-06-26T08:27:09.186+0000] {logging_mixin.py:149} INFO - [2023-06-26T08:27:09.186+0000] {dag.py:3490} INFO - Setting next_dagrun for example_short_circuit_operator to 2023-06-25T08:27:09.186010+00:00, run_after=2023-06-26T08:27:09.186010+00:00
[2023-06-26T08:27:09.370+0000] {logging_mixin.py:149} INFO - [2023-06-26T08:27:09.369+0000] {process_utils.py:258} INFO - Waiting up to 5 seconds for processes to exit...
