[2023-06-26T08:23:02.342+0000] {processor.py:157} INFO - Started process (PID=43) to work on /home/airflow/.local/lib/python3.7/site-packages/airflow/example_dags/example_xcom.py
[2023-06-26T08:23:02.344+0000] {processor.py:826} INFO - Processing file /home/airflow/.local/lib/python3.7/site-packages/airflow/example_dags/example_xcom.py for tasks to queue
[2023-06-26T08:23:02.345+0000] {logging_mixin.py:149} INFO - [2023-06-26T08:23:02.345+0000] {dagbag.py:541} INFO - Filling up the DagBag from /home/airflow/.local/lib/python3.7/site-packages/airflow/example_dags/example_xcom.py
[2023-06-26T08:23:02.357+0000] {processor.py:836} INFO - DAG(s) dict_keys(['example_xcom']) retrieved from /home/airflow/.local/lib/python3.7/site-packages/airflow/example_dags/example_xcom.py
[2023-06-26T08:23:02.374+0000] {logging_mixin.py:149} INFO - [2023-06-26T08:23:02.374+0000] {dag.py:2726} INFO - Sync 1 DAGs
[2023-06-26T08:23:02.411+0000] {logging_mixin.py:149} INFO - [2023-06-26T08:23:02.410+0000] {dag.py:3490} INFO - Setting next_dagrun for example_xcom to 2021-01-01T00:00:00+00:00, run_after=2021-01-01T00:00:00+00:00
[2023-06-26T08:23:02.440+0000] {processor.py:179} INFO - Processing /home/airflow/.local/lib/python3.7/site-packages/airflow/example_dags/example_xcom.py took 0.104 seconds
[2023-06-26T08:23:33.636+0000] {processor.py:157} INFO - Started process (PID=114) to work on /home/airflow/.local/lib/python3.7/site-packages/airflow/example_dags/example_xcom.py
[2023-06-26T08:23:33.637+0000] {processor.py:826} INFO - Processing file /home/airflow/.local/lib/python3.7/site-packages/airflow/example_dags/example_xcom.py for tasks to queue
[2023-06-26T08:23:33.638+0000] {logging_mixin.py:149} INFO - [2023-06-26T08:23:33.638+0000] {dagbag.py:541} INFO - Filling up the DagBag from /home/airflow/.local/lib/python3.7/site-packages/airflow/example_dags/example_xcom.py
[2023-06-26T08:23:33.646+0000] {processor.py:836} INFO - DAG(s) dict_keys(['example_xcom']) retrieved from /home/airflow/.local/lib/python3.7/site-packages/airflow/example_dags/example_xcom.py
[2023-06-26T08:23:33.672+0000] {logging_mixin.py:149} INFO - [2023-06-26T08:23:33.672+0000] {dag.py:2726} INFO - Sync 1 DAGs
[2023-06-26T08:23:33.697+0000] {logging_mixin.py:149} INFO - [2023-06-26T08:23:33.697+0000] {dag.py:3490} INFO - Setting next_dagrun for example_xcom to 2021-01-01T00:00:00+00:00, run_after=2021-01-01T00:00:00+00:00
[2023-06-26T08:23:33.718+0000] {processor.py:179} INFO - Processing /home/airflow/.local/lib/python3.7/site-packages/airflow/example_dags/example_xcom.py took 0.085 seconds
[2023-06-26T08:24:04.389+0000] {processor.py:157} INFO - Started process (PID=180) to work on /home/airflow/.local/lib/python3.7/site-packages/airflow/example_dags/example_xcom.py
[2023-06-26T08:24:04.390+0000] {processor.py:826} INFO - Processing file /home/airflow/.local/lib/python3.7/site-packages/airflow/example_dags/example_xcom.py for tasks to queue
[2023-06-26T08:24:04.392+0000] {logging_mixin.py:149} INFO - [2023-06-26T08:24:04.392+0000] {dagbag.py:541} INFO - Filling up the DagBag from /home/airflow/.local/lib/python3.7/site-packages/airflow/example_dags/example_xcom.py
[2023-06-26T08:24:04.402+0000] {processor.py:836} INFO - DAG(s) dict_keys(['example_xcom']) retrieved from /home/airflow/.local/lib/python3.7/site-packages/airflow/example_dags/example_xcom.py
[2023-06-26T08:24:04.444+0000] {logging_mixin.py:149} INFO - [2023-06-26T08:24:04.444+0000] {dag.py:2726} INFO - Sync 1 DAGs
[2023-06-26T08:24:04.624+0000] {logging_mixin.py:149} INFO - [2023-06-26T08:24:04.624+0000] {dag.py:3490} INFO - Setting next_dagrun for example_xcom to 2021-01-01T00:00:00+00:00, run_after=2021-01-01T00:00:00+00:00
[2023-06-26T08:24:04.656+0000] {processor.py:179} INFO - Processing /home/airflow/.local/lib/python3.7/site-packages/airflow/example_dags/example_xcom.py took 0.273 seconds
[2023-06-26T08:24:34.703+0000] {processor.py:157} INFO - Started process (PID=247) to work on /home/airflow/.local/lib/python3.7/site-packages/airflow/example_dags/example_xcom.py
[2023-06-26T08:24:34.704+0000] {processor.py:826} INFO - Processing file /home/airflow/.local/lib/python3.7/site-packages/airflow/example_dags/example_xcom.py for tasks to queue
[2023-06-26T08:24:34.705+0000] {logging_mixin.py:149} INFO - [2023-06-26T08:24:34.705+0000] {dagbag.py:541} INFO - Filling up the DagBag from /home/airflow/.local/lib/python3.7/site-packages/airflow/example_dags/example_xcom.py
[2023-06-26T08:24:34.713+0000] {processor.py:836} INFO - DAG(s) dict_keys(['example_xcom']) retrieved from /home/airflow/.local/lib/python3.7/site-packages/airflow/example_dags/example_xcom.py
[2023-06-26T08:24:34.737+0000] {logging_mixin.py:149} INFO - [2023-06-26T08:24:34.736+0000] {dag.py:2726} INFO - Sync 1 DAGs
[2023-06-26T08:24:34.764+0000] {logging_mixin.py:149} INFO - [2023-06-26T08:24:34.764+0000] {dag.py:3490} INFO - Setting next_dagrun for example_xcom to 2021-01-01T00:00:00+00:00, run_after=2021-01-01T00:00:00+00:00
[2023-06-26T08:24:34.786+0000] {processor.py:179} INFO - Processing /home/airflow/.local/lib/python3.7/site-packages/airflow/example_dags/example_xcom.py took 0.086 seconds
[2023-06-26T08:25:05.179+0000] {processor.py:157} INFO - Started process (PID=312) to work on /home/airflow/.local/lib/python3.7/site-packages/airflow/example_dags/example_xcom.py
[2023-06-26T08:25:05.181+0000] {processor.py:826} INFO - Processing file /home/airflow/.local/lib/python3.7/site-packages/airflow/example_dags/example_xcom.py for tasks to queue
[2023-06-26T08:25:05.182+0000] {logging_mixin.py:149} INFO - [2023-06-26T08:25:05.181+0000] {dagbag.py:541} INFO - Filling up the DagBag from /home/airflow/.local/lib/python3.7/site-packages/airflow/example_dags/example_xcom.py
[2023-06-26T08:25:05.189+0000] {processor.py:836} INFO - DAG(s) dict_keys(['example_xcom']) retrieved from /home/airflow/.local/lib/python3.7/site-packages/airflow/example_dags/example_xcom.py
[2023-06-26T08:25:05.214+0000] {logging_mixin.py:149} INFO - [2023-06-26T08:25:05.213+0000] {dag.py:2726} INFO - Sync 1 DAGs
[2023-06-26T08:25:05.239+0000] {logging_mixin.py:149} INFO - [2023-06-26T08:25:05.239+0000] {dag.py:3490} INFO - Setting next_dagrun for example_xcom to 2021-01-01T00:00:00+00:00, run_after=2021-01-01T00:00:00+00:00
[2023-06-26T08:25:05.258+0000] {processor.py:179} INFO - Processing /home/airflow/.local/lib/python3.7/site-packages/airflow/example_dags/example_xcom.py took 0.082 seconds
[2023-06-26T08:25:35.996+0000] {processor.py:157} INFO - Started process (PID=378) to work on /home/airflow/.local/lib/python3.7/site-packages/airflow/example_dags/example_xcom.py
[2023-06-26T08:25:35.998+0000] {processor.py:826} INFO - Processing file /home/airflow/.local/lib/python3.7/site-packages/airflow/example_dags/example_xcom.py for tasks to queue
[2023-06-26T08:25:35.998+0000] {logging_mixin.py:149} INFO - [2023-06-26T08:25:35.998+0000] {dagbag.py:541} INFO - Filling up the DagBag from /home/airflow/.local/lib/python3.7/site-packages/airflow/example_dags/example_xcom.py
[2023-06-26T08:25:36.006+0000] {processor.py:836} INFO - DAG(s) dict_keys(['example_xcom']) retrieved from /home/airflow/.local/lib/python3.7/site-packages/airflow/example_dags/example_xcom.py
[2023-06-26T08:25:36.030+0000] {logging_mixin.py:149} INFO - [2023-06-26T08:25:36.030+0000] {dag.py:2726} INFO - Sync 1 DAGs
[2023-06-26T08:25:36.057+0000] {logging_mixin.py:149} INFO - [2023-06-26T08:25:36.057+0000] {dag.py:3490} INFO - Setting next_dagrun for example_xcom to 2021-01-01T00:00:00+00:00, run_after=2021-01-01T00:00:00+00:00
[2023-06-26T08:25:36.078+0000] {processor.py:179} INFO - Processing /home/airflow/.local/lib/python3.7/site-packages/airflow/example_dags/example_xcom.py took 0.085 seconds
[2023-06-26T08:26:06.323+0000] {processor.py:157} INFO - Started process (PID=444) to work on /home/airflow/.local/lib/python3.7/site-packages/airflow/example_dags/example_xcom.py
[2023-06-26T08:26:06.324+0000] {processor.py:826} INFO - Processing file /home/airflow/.local/lib/python3.7/site-packages/airflow/example_dags/example_xcom.py for tasks to queue
[2023-06-26T08:26:06.325+0000] {logging_mixin.py:149} INFO - [2023-06-26T08:26:06.325+0000] {dagbag.py:541} INFO - Filling up the DagBag from /home/airflow/.local/lib/python3.7/site-packages/airflow/example_dags/example_xcom.py
[2023-06-26T08:26:06.332+0000] {processor.py:836} INFO - DAG(s) dict_keys(['example_xcom']) retrieved from /home/airflow/.local/lib/python3.7/site-packages/airflow/example_dags/example_xcom.py
[2023-06-26T08:26:06.358+0000] {logging_mixin.py:149} INFO - [2023-06-26T08:26:06.357+0000] {dag.py:2726} INFO - Sync 1 DAGs
[2023-06-26T08:26:06.388+0000] {logging_mixin.py:149} INFO - [2023-06-26T08:26:06.387+0000] {dag.py:3490} INFO - Setting next_dagrun for example_xcom to 2021-01-01T00:00:00+00:00, run_after=2021-01-01T00:00:00+00:00
[2023-06-26T08:26:06.409+0000] {processor.py:179} INFO - Processing /home/airflow/.local/lib/python3.7/site-packages/airflow/example_dags/example_xcom.py took 0.089 seconds
[2023-06-26T08:26:36.560+0000] {processor.py:157} INFO - Started process (PID=511) to work on /home/airflow/.local/lib/python3.7/site-packages/airflow/example_dags/example_xcom.py
[2023-06-26T08:26:36.561+0000] {processor.py:826} INFO - Processing file /home/airflow/.local/lib/python3.7/site-packages/airflow/example_dags/example_xcom.py for tasks to queue
[2023-06-26T08:26:36.562+0000] {logging_mixin.py:149} INFO - [2023-06-26T08:26:36.562+0000] {dagbag.py:541} INFO - Filling up the DagBag from /home/airflow/.local/lib/python3.7/site-packages/airflow/example_dags/example_xcom.py
[2023-06-26T08:26:36.571+0000] {processor.py:836} INFO - DAG(s) dict_keys(['example_xcom']) retrieved from /home/airflow/.local/lib/python3.7/site-packages/airflow/example_dags/example_xcom.py
[2023-06-26T08:26:36.597+0000] {logging_mixin.py:149} INFO - [2023-06-26T08:26:36.597+0000] {dag.py:2726} INFO - Sync 1 DAGs
[2023-06-26T08:26:36.623+0000] {logging_mixin.py:149} INFO - [2023-06-26T08:26:36.623+0000] {dag.py:3490} INFO - Setting next_dagrun for example_xcom to 2021-01-01T00:00:00+00:00, run_after=2021-01-01T00:00:00+00:00
[2023-06-26T08:26:36.648+0000] {processor.py:179} INFO - Processing /home/airflow/.local/lib/python3.7/site-packages/airflow/example_dags/example_xcom.py took 0.092 seconds
[2023-06-26T08:27:06.981+0000] {processor.py:157} INFO - Started process (PID=576) to work on /home/airflow/.local/lib/python3.7/site-packages/airflow/example_dags/example_xcom.py
[2023-06-26T08:27:06.983+0000] {processor.py:826} INFO - Processing file /home/airflow/.local/lib/python3.7/site-packages/airflow/example_dags/example_xcom.py for tasks to queue
[2023-06-26T08:27:06.984+0000] {logging_mixin.py:149} INFO - [2023-06-26T08:27:06.984+0000] {dagbag.py:541} INFO - Filling up the DagBag from /home/airflow/.local/lib/python3.7/site-packages/airflow/example_dags/example_xcom.py
[2023-06-26T08:27:06.992+0000] {processor.py:836} INFO - DAG(s) dict_keys(['example_xcom']) retrieved from /home/airflow/.local/lib/python3.7/site-packages/airflow/example_dags/example_xcom.py
[2023-06-26T08:27:07.017+0000] {logging_mixin.py:149} INFO - [2023-06-26T08:27:07.017+0000] {dag.py:2726} INFO - Sync 1 DAGs
[2023-06-26T08:27:07.045+0000] {logging_mixin.py:149} INFO - [2023-06-26T08:27:07.045+0000] {dag.py:3490} INFO - Setting next_dagrun for example_xcom to 2021-01-01T00:00:00+00:00, run_after=2021-01-01T00:00:00+00:00
[2023-06-26T08:27:07.072+0000] {processor.py:179} INFO - Processing /home/airflow/.local/lib/python3.7/site-packages/airflow/example_dags/example_xcom.py took 0.095 seconds
