[2023-06-26T08:23:02.733+0000] {processor.py:157} INFO - Started process (PID=47) to work on /home/airflow/.local/lib/python3.7/site-packages/airflow/example_dags/example_branch_labels.py
[2023-06-26T08:23:02.734+0000] {processor.py:826} INFO - Processing file /home/airflow/.local/lib/python3.7/site-packages/airflow/example_dags/example_branch_labels.py for tasks to queue
[2023-06-26T08:23:02.736+0000] {logging_mixin.py:149} INFO - [2023-06-26T08:23:02.736+0000] {dagbag.py:541} INFO - Filling up the DagBag from /home/airflow/.local/lib/python3.7/site-packages/airflow/example_dags/example_branch_labels.py
[2023-06-26T08:23:02.755+0000] {processor.py:836} INFO - DAG(s) dict_keys(['example_branch_labels']) retrieved from /home/airflow/.local/lib/python3.7/site-packages/airflow/example_dags/example_branch_labels.py
[2023-06-26T08:23:02.771+0000] {logging_mixin.py:149} INFO - [2023-06-26T08:23:02.770+0000] {dag.py:2726} INFO - Sync 1 DAGs
[2023-06-26T08:23:02.818+0000] {logging_mixin.py:149} INFO - [2023-06-26T08:23:02.818+0000] {dag.py:3490} INFO - Setting next_dagrun for example_branch_labels to 2023-06-25T00:00:00+00:00, run_after=2023-06-26T00:00:00+00:00
[2023-06-26T08:23:02.843+0000] {processor.py:179} INFO - Processing /home/airflow/.local/lib/python3.7/site-packages/airflow/example_dags/example_branch_labels.py took 0.113 seconds
[2023-06-26T08:23:33.892+0000] {processor.py:157} INFO - Started process (PID=118) to work on /home/airflow/.local/lib/python3.7/site-packages/airflow/example_dags/example_branch_labels.py
[2023-06-26T08:23:33.893+0000] {processor.py:826} INFO - Processing file /home/airflow/.local/lib/python3.7/site-packages/airflow/example_dags/example_branch_labels.py for tasks to queue
[2023-06-26T08:23:33.895+0000] {logging_mixin.py:149} INFO - [2023-06-26T08:23:33.894+0000] {dagbag.py:541} INFO - Filling up the DagBag from /home/airflow/.local/lib/python3.7/site-packages/airflow/example_dags/example_branch_labels.py
[2023-06-26T08:23:33.902+0000] {processor.py:836} INFO - DAG(s) dict_keys(['example_branch_labels']) retrieved from /home/airflow/.local/lib/python3.7/site-packages/airflow/example_dags/example_branch_labels.py
[2023-06-26T08:23:33.929+0000] {logging_mixin.py:149} INFO - [2023-06-26T08:23:33.929+0000] {dag.py:2726} INFO - Sync 1 DAGs
[2023-06-26T08:23:33.958+0000] {logging_mixin.py:149} INFO - [2023-06-26T08:23:33.957+0000] {dag.py:3490} INFO - Setting next_dagrun for example_branch_labels to 2023-06-25T00:00:00+00:00, run_after=2023-06-26T00:00:00+00:00
[2023-06-26T08:23:33.978+0000] {processor.py:179} INFO - Processing /home/airflow/.local/lib/python3.7/site-packages/airflow/example_dags/example_branch_labels.py took 0.088 seconds
[2023-06-26T08:24:04.732+0000] {processor.py:157} INFO - Started process (PID=184) to work on /home/airflow/.local/lib/python3.7/site-packages/airflow/example_dags/example_branch_labels.py
[2023-06-26T08:24:04.734+0000] {processor.py:826} INFO - Processing file /home/airflow/.local/lib/python3.7/site-packages/airflow/example_dags/example_branch_labels.py for tasks to queue
[2023-06-26T08:24:04.735+0000] {logging_mixin.py:149} INFO - [2023-06-26T08:24:04.734+0000] {dagbag.py:541} INFO - Filling up the DagBag from /home/airflow/.local/lib/python3.7/site-packages/airflow/example_dags/example_branch_labels.py
[2023-06-26T08:24:04.742+0000] {processor.py:836} INFO - DAG(s) dict_keys(['example_branch_labels']) retrieved from /home/airflow/.local/lib/python3.7/site-packages/airflow/example_dags/example_branch_labels.py
[2023-06-26T08:24:04.769+0000] {logging_mixin.py:149} INFO - [2023-06-26T08:24:04.769+0000] {dag.py:2726} INFO - Sync 1 DAGs
[2023-06-26T08:24:04.894+0000] {logging_mixin.py:149} INFO - [2023-06-26T08:24:04.894+0000] {dag.py:3490} INFO - Setting next_dagrun for example_branch_labels to 2023-06-25T00:00:00+00:00, run_after=2023-06-26T00:00:00+00:00
[2023-06-26T08:24:04.915+0000] {processor.py:179} INFO - Processing /home/airflow/.local/lib/python3.7/site-packages/airflow/example_dags/example_branch_labels.py took 0.185 seconds
[2023-06-26T08:24:34.951+0000] {processor.py:157} INFO - Started process (PID=249) to work on /home/airflow/.local/lib/python3.7/site-packages/airflow/example_dags/example_branch_labels.py
[2023-06-26T08:24:34.952+0000] {processor.py:826} INFO - Processing file /home/airflow/.local/lib/python3.7/site-packages/airflow/example_dags/example_branch_labels.py for tasks to queue
[2023-06-26T08:24:34.953+0000] {logging_mixin.py:149} INFO - [2023-06-26T08:24:34.953+0000] {dagbag.py:541} INFO - Filling up the DagBag from /home/airflow/.local/lib/python3.7/site-packages/airflow/example_dags/example_branch_labels.py
[2023-06-26T08:24:34.961+0000] {processor.py:836} INFO - DAG(s) dict_keys(['example_branch_labels']) retrieved from /home/airflow/.local/lib/python3.7/site-packages/airflow/example_dags/example_branch_labels.py
[2023-06-26T08:24:34.984+0000] {logging_mixin.py:149} INFO - [2023-06-26T08:24:34.984+0000] {dag.py:2726} INFO - Sync 1 DAGs
[2023-06-26T08:24:35.010+0000] {logging_mixin.py:149} INFO - [2023-06-26T08:24:35.010+0000] {dag.py:3490} INFO - Setting next_dagrun for example_branch_labels to 2023-06-25T00:00:00+00:00, run_after=2023-06-26T00:00:00+00:00
[2023-06-26T08:24:35.028+0000] {processor.py:179} INFO - Processing /home/airflow/.local/lib/python3.7/site-packages/airflow/example_dags/example_branch_labels.py took 0.080 seconds
[2023-06-26T08:25:05.408+0000] {processor.py:157} INFO - Started process (PID=315) to work on /home/airflow/.local/lib/python3.7/site-packages/airflow/example_dags/example_branch_labels.py
[2023-06-26T08:25:05.409+0000] {processor.py:826} INFO - Processing file /home/airflow/.local/lib/python3.7/site-packages/airflow/example_dags/example_branch_labels.py for tasks to queue
[2023-06-26T08:25:05.410+0000] {logging_mixin.py:149} INFO - [2023-06-26T08:25:05.410+0000] {dagbag.py:541} INFO - Filling up the DagBag from /home/airflow/.local/lib/python3.7/site-packages/airflow/example_dags/example_branch_labels.py
[2023-06-26T08:25:05.417+0000] {processor.py:836} INFO - DAG(s) dict_keys(['example_branch_labels']) retrieved from /home/airflow/.local/lib/python3.7/site-packages/airflow/example_dags/example_branch_labels.py
[2023-06-26T08:25:05.441+0000] {logging_mixin.py:149} INFO - [2023-06-26T08:25:05.441+0000] {dag.py:2726} INFO - Sync 1 DAGs
[2023-06-26T08:25:05.465+0000] {logging_mixin.py:149} INFO - [2023-06-26T08:25:05.465+0000] {dag.py:3490} INFO - Setting next_dagrun for example_branch_labels to 2023-06-25T00:00:00+00:00, run_after=2023-06-26T00:00:00+00:00
[2023-06-26T08:25:05.484+0000] {processor.py:179} INFO - Processing /home/airflow/.local/lib/python3.7/site-packages/airflow/example_dags/example_branch_labels.py took 0.079 seconds
[2023-06-26T08:25:36.222+0000] {processor.py:157} INFO - Started process (PID=381) to work on /home/airflow/.local/lib/python3.7/site-packages/airflow/example_dags/example_branch_labels.py
[2023-06-26T08:25:36.223+0000] {processor.py:826} INFO - Processing file /home/airflow/.local/lib/python3.7/site-packages/airflow/example_dags/example_branch_labels.py for tasks to queue
[2023-06-26T08:25:36.224+0000] {logging_mixin.py:149} INFO - [2023-06-26T08:25:36.224+0000] {dagbag.py:541} INFO - Filling up the DagBag from /home/airflow/.local/lib/python3.7/site-packages/airflow/example_dags/example_branch_labels.py
[2023-06-26T08:25:36.231+0000] {processor.py:836} INFO - DAG(s) dict_keys(['example_branch_labels']) retrieved from /home/airflow/.local/lib/python3.7/site-packages/airflow/example_dags/example_branch_labels.py
[2023-06-26T08:25:36.258+0000] {logging_mixin.py:149} INFO - [2023-06-26T08:25:36.257+0000] {dag.py:2726} INFO - Sync 1 DAGs
[2023-06-26T08:25:36.283+0000] {logging_mixin.py:149} INFO - [2023-06-26T08:25:36.283+0000] {dag.py:3490} INFO - Setting next_dagrun for example_branch_labels to 2023-06-25T00:00:00+00:00, run_after=2023-06-26T00:00:00+00:00
[2023-06-26T08:25:36.302+0000] {processor.py:179} INFO - Processing /home/airflow/.local/lib/python3.7/site-packages/airflow/example_dags/example_branch_labels.py took 0.083 seconds
[2023-06-26T08:26:06.441+0000] {processor.py:157} INFO - Started process (PID=447) to work on /home/airflow/.local/lib/python3.7/site-packages/airflow/example_dags/example_branch_labels.py
[2023-06-26T08:26:06.442+0000] {processor.py:826} INFO - Processing file /home/airflow/.local/lib/python3.7/site-packages/airflow/example_dags/example_branch_labels.py for tasks to queue
[2023-06-26T08:26:06.444+0000] {logging_mixin.py:149} INFO - [2023-06-26T08:26:06.443+0000] {dagbag.py:541} INFO - Filling up the DagBag from /home/airflow/.local/lib/python3.7/site-packages/airflow/example_dags/example_branch_labels.py
[2023-06-26T08:26:06.452+0000] {processor.py:836} INFO - DAG(s) dict_keys(['example_branch_labels']) retrieved from /home/airflow/.local/lib/python3.7/site-packages/airflow/example_dags/example_branch_labels.py
[2023-06-26T08:26:06.478+0000] {logging_mixin.py:149} INFO - [2023-06-26T08:26:06.478+0000] {dag.py:2726} INFO - Sync 1 DAGs
[2023-06-26T08:26:06.505+0000] {logging_mixin.py:149} INFO - [2023-06-26T08:26:06.505+0000] {dag.py:3490} INFO - Setting next_dagrun for example_branch_labels to 2023-06-25T00:00:00+00:00, run_after=2023-06-26T00:00:00+00:00
[2023-06-26T08:26:06.525+0000] {processor.py:179} INFO - Processing /home/airflow/.local/lib/python3.7/site-packages/airflow/example_dags/example_branch_labels.py took 0.086 seconds
[2023-06-26T08:26:36.850+0000] {processor.py:157} INFO - Started process (PID=514) to work on /home/airflow/.local/lib/python3.7/site-packages/airflow/example_dags/example_branch_labels.py
[2023-06-26T08:26:36.851+0000] {processor.py:826} INFO - Processing file /home/airflow/.local/lib/python3.7/site-packages/airflow/example_dags/example_branch_labels.py for tasks to queue
[2023-06-26T08:26:36.852+0000] {logging_mixin.py:149} INFO - [2023-06-26T08:26:36.852+0000] {dagbag.py:541} INFO - Filling up the DagBag from /home/airflow/.local/lib/python3.7/site-packages/airflow/example_dags/example_branch_labels.py
[2023-06-26T08:26:36.860+0000] {processor.py:836} INFO - DAG(s) dict_keys(['example_branch_labels']) retrieved from /home/airflow/.local/lib/python3.7/site-packages/airflow/example_dags/example_branch_labels.py
[2023-06-26T08:26:36.884+0000] {logging_mixin.py:149} INFO - [2023-06-26T08:26:36.884+0000] {dag.py:2726} INFO - Sync 1 DAGs
[2023-06-26T08:26:36.909+0000] {logging_mixin.py:149} INFO - [2023-06-26T08:26:36.909+0000] {dag.py:3490} INFO - Setting next_dagrun for example_branch_labels to 2023-06-25T00:00:00+00:00, run_after=2023-06-26T00:00:00+00:00
[2023-06-26T08:26:36.930+0000] {processor.py:179} INFO - Processing /home/airflow/.local/lib/python3.7/site-packages/airflow/example_dags/example_branch_labels.py took 0.084 seconds
[2023-06-26T08:27:07.239+0000] {processor.py:157} INFO - Started process (PID=580) to work on /home/airflow/.local/lib/python3.7/site-packages/airflow/example_dags/example_branch_labels.py
[2023-06-26T08:27:07.241+0000] {processor.py:826} INFO - Processing file /home/airflow/.local/lib/python3.7/site-packages/airflow/example_dags/example_branch_labels.py for tasks to queue
[2023-06-26T08:27:07.242+0000] {logging_mixin.py:149} INFO - [2023-06-26T08:27:07.242+0000] {dagbag.py:541} INFO - Filling up the DagBag from /home/airflow/.local/lib/python3.7/site-packages/airflow/example_dags/example_branch_labels.py
[2023-06-26T08:27:07.252+0000] {processor.py:836} INFO - DAG(s) dict_keys(['example_branch_labels']) retrieved from /home/airflow/.local/lib/python3.7/site-packages/airflow/example_dags/example_branch_labels.py
[2023-06-26T08:27:07.278+0000] {logging_mixin.py:149} INFO - [2023-06-26T08:27:07.278+0000] {dag.py:2726} INFO - Sync 1 DAGs
[2023-06-26T08:27:07.306+0000] {logging_mixin.py:149} INFO - [2023-06-26T08:27:07.306+0000] {dag.py:3490} INFO - Setting next_dagrun for example_branch_labels to 2023-06-25T00:00:00+00:00, run_after=2023-06-26T00:00:00+00:00
[2023-06-26T08:27:07.327+0000] {processor.py:179} INFO - Processing /home/airflow/.local/lib/python3.7/site-packages/airflow/example_dags/example_branch_labels.py took 0.091 seconds
