[2023-06-26T08:23:02.155+0000] {processor.py:157} INFO - Started process (PID=40) to work on /home/airflow/.local/lib/python3.7/site-packages/airflow/example_dags/tutorial_dag.py
[2023-06-26T08:23:02.157+0000] {processor.py:826} INFO - Processing file /home/airflow/.local/lib/python3.7/site-packages/airflow/example_dags/tutorial_dag.py for tasks to queue
[2023-06-26T08:23:02.159+0000] {logging_mixin.py:149} INFO - [2023-06-26T08:23:02.158+0000] {dagbag.py:541} INFO - Filling up the DagBag from /home/airflow/.local/lib/python3.7/site-packages/airflow/example_dags/tutorial_dag.py
[2023-06-26T08:23:02.168+0000] {processor.py:836} INFO - DAG(s) dict_keys(['tutorial_dag']) retrieved from /home/airflow/.local/lib/python3.7/site-packages/airflow/example_dags/tutorial_dag.py
[2023-06-26T08:23:02.185+0000] {logging_mixin.py:149} INFO - [2023-06-26T08:23:02.185+0000] {dag.py:2726} INFO - Sync 1 DAGs
[2023-06-26T08:23:02.218+0000] {logging_mixin.py:149} INFO - [2023-06-26T08:23:02.218+0000] {dag.py:3490} INFO - Setting next_dagrun for tutorial_dag to None, run_after=None
[2023-06-26T08:23:02.242+0000] {processor.py:179} INFO - Processing /home/airflow/.local/lib/python3.7/site-packages/airflow/example_dags/tutorial_dag.py took 0.093 seconds
[2023-06-26T08:23:33.388+0000] {processor.py:157} INFO - Started process (PID=111) to work on /home/airflow/.local/lib/python3.7/site-packages/airflow/example_dags/tutorial_dag.py
[2023-06-26T08:23:33.390+0000] {processor.py:826} INFO - Processing file /home/airflow/.local/lib/python3.7/site-packages/airflow/example_dags/tutorial_dag.py for tasks to queue
[2023-06-26T08:23:33.391+0000] {logging_mixin.py:149} INFO - [2023-06-26T08:23:33.391+0000] {dagbag.py:541} INFO - Filling up the DagBag from /home/airflow/.local/lib/python3.7/site-packages/airflow/example_dags/tutorial_dag.py
[2023-06-26T08:23:33.398+0000] {processor.py:836} INFO - DAG(s) dict_keys(['tutorial_dag']) retrieved from /home/airflow/.local/lib/python3.7/site-packages/airflow/example_dags/tutorial_dag.py
[2023-06-26T08:23:33.426+0000] {logging_mixin.py:149} INFO - [2023-06-26T08:23:33.426+0000] {dag.py:2726} INFO - Sync 1 DAGs
[2023-06-26T08:23:33.454+0000] {logging_mixin.py:149} INFO - [2023-06-26T08:23:33.454+0000] {dag.py:3490} INFO - Setting next_dagrun for tutorial_dag to None, run_after=None
[2023-06-26T08:23:33.479+0000] {processor.py:179} INFO - Processing /home/airflow/.local/lib/python3.7/site-packages/airflow/example_dags/tutorial_dag.py took 0.094 seconds
[2023-06-26T08:24:03.997+0000] {processor.py:157} INFO - Started process (PID=177) to work on /home/airflow/.local/lib/python3.7/site-packages/airflow/example_dags/tutorial_dag.py
[2023-06-26T08:24:03.998+0000] {processor.py:826} INFO - Processing file /home/airflow/.local/lib/python3.7/site-packages/airflow/example_dags/tutorial_dag.py for tasks to queue
[2023-06-26T08:24:04.000+0000] {logging_mixin.py:149} INFO - [2023-06-26T08:24:03.999+0000] {dagbag.py:541} INFO - Filling up the DagBag from /home/airflow/.local/lib/python3.7/site-packages/airflow/example_dags/tutorial_dag.py
[2023-06-26T08:24:04.005+0000] {processor.py:836} INFO - DAG(s) dict_keys(['tutorial_dag']) retrieved from /home/airflow/.local/lib/python3.7/site-packages/airflow/example_dags/tutorial_dag.py
[2023-06-26T08:24:04.032+0000] {logging_mixin.py:149} INFO - [2023-06-26T08:24:04.031+0000] {dag.py:2726} INFO - Sync 1 DAGs
[2023-06-26T08:24:04.153+0000] {logging_mixin.py:149} INFO - [2023-06-26T08:24:04.153+0000] {dag.py:3490} INFO - Setting next_dagrun for tutorial_dag to None, run_after=None
[2023-06-26T08:24:04.176+0000] {processor.py:179} INFO - Processing /home/airflow/.local/lib/python3.7/site-packages/airflow/example_dags/tutorial_dag.py took 0.182 seconds
[2023-06-26T08:24:34.250+0000] {processor.py:157} INFO - Started process (PID=243) to work on /home/airflow/.local/lib/python3.7/site-packages/airflow/example_dags/tutorial_dag.py
[2023-06-26T08:24:34.251+0000] {processor.py:826} INFO - Processing file /home/airflow/.local/lib/python3.7/site-packages/airflow/example_dags/tutorial_dag.py for tasks to queue
[2023-06-26T08:24:34.253+0000] {logging_mixin.py:149} INFO - [2023-06-26T08:24:34.253+0000] {dagbag.py:541} INFO - Filling up the DagBag from /home/airflow/.local/lib/python3.7/site-packages/airflow/example_dags/tutorial_dag.py
[2023-06-26T08:24:34.258+0000] {processor.py:836} INFO - DAG(s) dict_keys(['tutorial_dag']) retrieved from /home/airflow/.local/lib/python3.7/site-packages/airflow/example_dags/tutorial_dag.py
[2023-06-26T08:24:34.281+0000] {logging_mixin.py:149} INFO - [2023-06-26T08:24:34.281+0000] {dag.py:2726} INFO - Sync 1 DAGs
[2023-06-26T08:24:34.306+0000] {logging_mixin.py:149} INFO - [2023-06-26T08:24:34.306+0000] {dag.py:3490} INFO - Setting next_dagrun for tutorial_dag to None, run_after=None
[2023-06-26T08:24:34.327+0000] {processor.py:179} INFO - Processing /home/airflow/.local/lib/python3.7/site-packages/airflow/example_dags/tutorial_dag.py took 0.080 seconds
[2023-06-26T08:25:04.957+0000] {processor.py:157} INFO - Started process (PID=309) to work on /home/airflow/.local/lib/python3.7/site-packages/airflow/example_dags/tutorial_dag.py
[2023-06-26T08:25:04.958+0000] {processor.py:826} INFO - Processing file /home/airflow/.local/lib/python3.7/site-packages/airflow/example_dags/tutorial_dag.py for tasks to queue
[2023-06-26T08:25:04.959+0000] {logging_mixin.py:149} INFO - [2023-06-26T08:25:04.959+0000] {dagbag.py:541} INFO - Filling up the DagBag from /home/airflow/.local/lib/python3.7/site-packages/airflow/example_dags/tutorial_dag.py
[2023-06-26T08:25:04.965+0000] {processor.py:836} INFO - DAG(s) dict_keys(['tutorial_dag']) retrieved from /home/airflow/.local/lib/python3.7/site-packages/airflow/example_dags/tutorial_dag.py
[2023-06-26T08:25:04.990+0000] {logging_mixin.py:149} INFO - [2023-06-26T08:25:04.990+0000] {dag.py:2726} INFO - Sync 1 DAGs
[2023-06-26T08:25:05.018+0000] {logging_mixin.py:149} INFO - [2023-06-26T08:25:05.017+0000] {dag.py:3490} INFO - Setting next_dagrun for tutorial_dag to None, run_after=None
[2023-06-26T08:25:05.040+0000] {processor.py:179} INFO - Processing /home/airflow/.local/lib/python3.7/site-packages/airflow/example_dags/tutorial_dag.py took 0.086 seconds
[2023-06-26T08:25:35.785+0000] {processor.py:157} INFO - Started process (PID=375) to work on /home/airflow/.local/lib/python3.7/site-packages/airflow/example_dags/tutorial_dag.py
[2023-06-26T08:25:35.787+0000] {processor.py:826} INFO - Processing file /home/airflow/.local/lib/python3.7/site-packages/airflow/example_dags/tutorial_dag.py for tasks to queue
[2023-06-26T08:25:35.788+0000] {logging_mixin.py:149} INFO - [2023-06-26T08:25:35.788+0000] {dagbag.py:541} INFO - Filling up the DagBag from /home/airflow/.local/lib/python3.7/site-packages/airflow/example_dags/tutorial_dag.py
[2023-06-26T08:25:35.795+0000] {processor.py:836} INFO - DAG(s) dict_keys(['tutorial_dag']) retrieved from /home/airflow/.local/lib/python3.7/site-packages/airflow/example_dags/tutorial_dag.py
[2023-06-26T08:25:35.821+0000] {logging_mixin.py:149} INFO - [2023-06-26T08:25:35.821+0000] {dag.py:2726} INFO - Sync 1 DAGs
[2023-06-26T08:25:35.844+0000] {logging_mixin.py:149} INFO - [2023-06-26T08:25:35.844+0000] {dag.py:3490} INFO - Setting next_dagrun for tutorial_dag to None, run_after=None
[2023-06-26T08:25:35.864+0000] {processor.py:179} INFO - Processing /home/airflow/.local/lib/python3.7/site-packages/airflow/example_dags/tutorial_dag.py took 0.082 seconds
[2023-06-26T08:26:06.099+0000] {processor.py:157} INFO - Started process (PID=441) to work on /home/airflow/.local/lib/python3.7/site-packages/airflow/example_dags/tutorial_dag.py
[2023-06-26T08:26:06.101+0000] {processor.py:826} INFO - Processing file /home/airflow/.local/lib/python3.7/site-packages/airflow/example_dags/tutorial_dag.py for tasks to queue
[2023-06-26T08:26:06.102+0000] {logging_mixin.py:149} INFO - [2023-06-26T08:26:06.102+0000] {dagbag.py:541} INFO - Filling up the DagBag from /home/airflow/.local/lib/python3.7/site-packages/airflow/example_dags/tutorial_dag.py
[2023-06-26T08:26:06.108+0000] {processor.py:836} INFO - DAG(s) dict_keys(['tutorial_dag']) retrieved from /home/airflow/.local/lib/python3.7/site-packages/airflow/example_dags/tutorial_dag.py
[2023-06-26T08:26:06.133+0000] {logging_mixin.py:149} INFO - [2023-06-26T08:26:06.133+0000] {dag.py:2726} INFO - Sync 1 DAGs
[2023-06-26T08:26:06.160+0000] {logging_mixin.py:149} INFO - [2023-06-26T08:26:06.160+0000] {dag.py:3490} INFO - Setting next_dagrun for tutorial_dag to None, run_after=None
[2023-06-26T08:26:06.181+0000] {processor.py:179} INFO - Processing /home/airflow/.local/lib/python3.7/site-packages/airflow/example_dags/tutorial_dag.py took 0.084 seconds
[2023-06-26T08:26:36.340+0000] {processor.py:157} INFO - Started process (PID=508) to work on /home/airflow/.local/lib/python3.7/site-packages/airflow/example_dags/tutorial_dag.py
[2023-06-26T08:26:36.341+0000] {processor.py:826} INFO - Processing file /home/airflow/.local/lib/python3.7/site-packages/airflow/example_dags/tutorial_dag.py for tasks to queue
[2023-06-26T08:26:36.342+0000] {logging_mixin.py:149} INFO - [2023-06-26T08:26:36.342+0000] {dagbag.py:541} INFO - Filling up the DagBag from /home/airflow/.local/lib/python3.7/site-packages/airflow/example_dags/tutorial_dag.py
[2023-06-26T08:26:36.347+0000] {processor.py:836} INFO - DAG(s) dict_keys(['tutorial_dag']) retrieved from /home/airflow/.local/lib/python3.7/site-packages/airflow/example_dags/tutorial_dag.py
[2023-06-26T08:26:36.372+0000] {logging_mixin.py:149} INFO - [2023-06-26T08:26:36.372+0000] {dag.py:2726} INFO - Sync 1 DAGs
[2023-06-26T08:26:36.397+0000] {logging_mixin.py:149} INFO - [2023-06-26T08:26:36.397+0000] {dag.py:3490} INFO - Setting next_dagrun for tutorial_dag to None, run_after=None
[2023-06-26T08:26:36.418+0000] {processor.py:179} INFO - Processing /home/airflow/.local/lib/python3.7/site-packages/airflow/example_dags/tutorial_dag.py took 0.081 seconds
[2023-06-26T08:27:06.843+0000] {processor.py:157} INFO - Started process (PID=574) to work on /home/airflow/.local/lib/python3.7/site-packages/airflow/example_dags/tutorial_dag.py
[2023-06-26T08:27:06.844+0000] {processor.py:826} INFO - Processing file /home/airflow/.local/lib/python3.7/site-packages/airflow/example_dags/tutorial_dag.py for tasks to queue
[2023-06-26T08:27:06.845+0000] {logging_mixin.py:149} INFO - [2023-06-26T08:27:06.845+0000] {dagbag.py:541} INFO - Filling up the DagBag from /home/airflow/.local/lib/python3.7/site-packages/airflow/example_dags/tutorial_dag.py
[2023-06-26T08:27:06.850+0000] {processor.py:836} INFO - DAG(s) dict_keys(['tutorial_dag']) retrieved from /home/airflow/.local/lib/python3.7/site-packages/airflow/example_dags/tutorial_dag.py
[2023-06-26T08:27:06.872+0000] {logging_mixin.py:149} INFO - [2023-06-26T08:27:06.872+0000] {dag.py:2726} INFO - Sync 1 DAGs
[2023-06-26T08:27:06.896+0000] {logging_mixin.py:149} INFO - [2023-06-26T08:27:06.896+0000] {dag.py:3490} INFO - Setting next_dagrun for tutorial_dag to None, run_after=None
[2023-06-26T08:27:06.916+0000] {processor.py:179} INFO - Processing /home/airflow/.local/lib/python3.7/site-packages/airflow/example_dags/tutorial_dag.py took 0.078 seconds
