[2023-06-20T09:00:59.210+0000] {processor.py:157} INFO - Started process (PID=69) to work on /home/airflow/.local/lib/python3.7/site-packages/airflow/example_dags/tutorial.py
[2023-06-20T09:00:59.213+0000] {processor.py:826} INFO - Processing file /home/airflow/.local/lib/python3.7/site-packages/airflow/example_dags/tutorial.py for tasks to queue
[2023-06-20T09:00:59.215+0000] {logging_mixin.py:149} INFO - [2023-06-20T09:00:59.215+0000] {dagbag.py:541} INFO - Filling up the DagBag from /home/airflow/.local/lib/python3.7/site-packages/airflow/example_dags/tutorial.py
[2023-06-20T09:00:59.234+0000] {processor.py:836} INFO - DAG(s) dict_keys(['tutorial']) retrieved from /home/airflow/.local/lib/python3.7/site-packages/airflow/example_dags/tutorial.py
[2023-06-20T09:00:59.259+0000] {logging_mixin.py:149} INFO - [2023-06-20T09:00:59.259+0000] {dag.py:2726} INFO - Sync 1 DAGs
[2023-06-20T09:00:59.307+0000] {logging_mixin.py:149} INFO - [2023-06-20T09:00:59.306+0000] {dag.py:3490} INFO - Setting next_dagrun for tutorial to 2023-06-19T09:00:59.306533+00:00, run_after=2023-06-20T09:00:59.306533+00:00
[2023-06-20T09:00:59.340+0000] {processor.py:179} INFO - Processing /home/airflow/.local/lib/python3.7/site-packages/airflow/example_dags/tutorial.py took 0.138 seconds
[2023-06-20T09:01:29.566+0000] {processor.py:157} INFO - Started process (PID=134) to work on /home/airflow/.local/lib/python3.7/site-packages/airflow/example_dags/tutorial.py
[2023-06-20T09:01:29.567+0000] {processor.py:826} INFO - Processing file /home/airflow/.local/lib/python3.7/site-packages/airflow/example_dags/tutorial.py for tasks to queue
[2023-06-20T09:01:29.568+0000] {logging_mixin.py:149} INFO - [2023-06-20T09:01:29.568+0000] {dagbag.py:541} INFO - Filling up the DagBag from /home/airflow/.local/lib/python3.7/site-packages/airflow/example_dags/tutorial.py
[2023-06-20T09:01:29.577+0000] {processor.py:836} INFO - DAG(s) dict_keys(['tutorial']) retrieved from /home/airflow/.local/lib/python3.7/site-packages/airflow/example_dags/tutorial.py
[2023-06-20T09:01:29.594+0000] {logging_mixin.py:149} INFO - [2023-06-20T09:01:29.594+0000] {dag.py:2726} INFO - Sync 1 DAGs
[2023-06-20T09:01:29.627+0000] {logging_mixin.py:149} INFO - [2023-06-20T09:01:29.627+0000] {dag.py:3490} INFO - Setting next_dagrun for tutorial to 2023-06-19T09:01:29.626895+00:00, run_after=2023-06-20T09:01:29.626895+00:00
[2023-06-20T09:01:29.654+0000] {processor.py:179} INFO - Processing /home/airflow/.local/lib/python3.7/site-packages/airflow/example_dags/tutorial.py took 0.092 seconds
[2023-06-20T09:02:00.253+0000] {processor.py:157} INFO - Started process (PID=199) to work on /home/airflow/.local/lib/python3.7/site-packages/airflow/example_dags/tutorial.py
[2023-06-20T09:02:00.255+0000] {processor.py:826} INFO - Processing file /home/airflow/.local/lib/python3.7/site-packages/airflow/example_dags/tutorial.py for tasks to queue
[2023-06-20T09:02:00.256+0000] {logging_mixin.py:149} INFO - [2023-06-20T09:02:00.256+0000] {dagbag.py:541} INFO - Filling up the DagBag from /home/airflow/.local/lib/python3.7/site-packages/airflow/example_dags/tutorial.py
[2023-06-20T09:02:00.267+0000] {processor.py:836} INFO - DAG(s) dict_keys(['tutorial']) retrieved from /home/airflow/.local/lib/python3.7/site-packages/airflow/example_dags/tutorial.py
[2023-06-20T09:02:00.300+0000] {logging_mixin.py:149} INFO - [2023-06-20T09:02:00.299+0000] {dag.py:2726} INFO - Sync 1 DAGs
[2023-06-20T09:02:00.330+0000] {logging_mixin.py:149} INFO - [2023-06-20T09:02:00.330+0000] {dag.py:3490} INFO - Setting next_dagrun for tutorial to 2023-06-19T09:02:00.329914+00:00, run_after=2023-06-20T09:02:00.329914+00:00
[2023-06-20T09:02:00.354+0000] {processor.py:179} INFO - Processing /home/airflow/.local/lib/python3.7/site-packages/airflow/example_dags/tutorial.py took 0.104 seconds
[2023-06-20T09:02:30.444+0000] {processor.py:157} INFO - Started process (PID=264) to work on /home/airflow/.local/lib/python3.7/site-packages/airflow/example_dags/tutorial.py
[2023-06-20T09:02:30.446+0000] {processor.py:826} INFO - Processing file /home/airflow/.local/lib/python3.7/site-packages/airflow/example_dags/tutorial.py for tasks to queue
[2023-06-20T09:02:30.447+0000] {logging_mixin.py:149} INFO - [2023-06-20T09:02:30.447+0000] {dagbag.py:541} INFO - Filling up the DagBag from /home/airflow/.local/lib/python3.7/site-packages/airflow/example_dags/tutorial.py
[2023-06-20T09:02:30.454+0000] {processor.py:836} INFO - DAG(s) dict_keys(['tutorial']) retrieved from /home/airflow/.local/lib/python3.7/site-packages/airflow/example_dags/tutorial.py
[2023-06-20T09:02:30.482+0000] {logging_mixin.py:149} INFO - [2023-06-20T09:02:30.481+0000] {dag.py:2726} INFO - Sync 1 DAGs
[2023-06-20T09:02:30.512+0000] {logging_mixin.py:149} INFO - [2023-06-20T09:02:30.512+0000] {dag.py:3490} INFO - Setting next_dagrun for tutorial to 2023-06-19T09:02:30.512277+00:00, run_after=2023-06-20T09:02:30.512277+00:00
[2023-06-20T09:02:30.535+0000] {processor.py:179} INFO - Processing /home/airflow/.local/lib/python3.7/site-packages/airflow/example_dags/tutorial.py took 0.096 seconds
[2023-06-20T09:03:01.047+0000] {processor.py:157} INFO - Started process (PID=329) to work on /home/airflow/.local/lib/python3.7/site-packages/airflow/example_dags/tutorial.py
[2023-06-20T09:03:01.048+0000] {processor.py:826} INFO - Processing file /home/airflow/.local/lib/python3.7/site-packages/airflow/example_dags/tutorial.py for tasks to queue
[2023-06-20T09:03:01.050+0000] {logging_mixin.py:149} INFO - [2023-06-20T09:03:01.049+0000] {dagbag.py:541} INFO - Filling up the DagBag from /home/airflow/.local/lib/python3.7/site-packages/airflow/example_dags/tutorial.py
[2023-06-20T09:03:01.056+0000] {processor.py:836} INFO - DAG(s) dict_keys(['tutorial']) retrieved from /home/airflow/.local/lib/python3.7/site-packages/airflow/example_dags/tutorial.py
[2023-06-20T09:03:01.083+0000] {logging_mixin.py:149} INFO - [2023-06-20T09:03:01.083+0000] {dag.py:2726} INFO - Sync 1 DAGs
[2023-06-20T09:03:01.113+0000] {logging_mixin.py:149} INFO - [2023-06-20T09:03:01.113+0000] {dag.py:3490} INFO - Setting next_dagrun for tutorial to 2023-06-19T09:03:01.113012+00:00, run_after=2023-06-20T09:03:01.113012+00:00
[2023-06-20T09:03:01.138+0000] {processor.py:179} INFO - Processing /home/airflow/.local/lib/python3.7/site-packages/airflow/example_dags/tutorial.py took 0.094 seconds
[2023-06-20T09:03:31.806+0000] {processor.py:157} INFO - Started process (PID=395) to work on /home/airflow/.local/lib/python3.7/site-packages/airflow/example_dags/tutorial.py
[2023-06-20T09:03:31.807+0000] {processor.py:826} INFO - Processing file /home/airflow/.local/lib/python3.7/site-packages/airflow/example_dags/tutorial.py for tasks to queue
[2023-06-20T09:03:31.809+0000] {logging_mixin.py:149} INFO - [2023-06-20T09:03:31.808+0000] {dagbag.py:541} INFO - Filling up the DagBag from /home/airflow/.local/lib/python3.7/site-packages/airflow/example_dags/tutorial.py
[2023-06-20T09:03:31.816+0000] {processor.py:836} INFO - DAG(s) dict_keys(['tutorial']) retrieved from /home/airflow/.local/lib/python3.7/site-packages/airflow/example_dags/tutorial.py
[2023-06-20T09:03:31.842+0000] {logging_mixin.py:149} INFO - [2023-06-20T09:03:31.842+0000] {dag.py:2726} INFO - Sync 1 DAGs
[2023-06-20T09:03:31.872+0000] {logging_mixin.py:149} INFO - [2023-06-20T09:03:31.872+0000] {dag.py:3490} INFO - Setting next_dagrun for tutorial to 2023-06-19T09:03:31.872593+00:00, run_after=2023-06-20T09:03:31.872593+00:00
[2023-06-20T09:03:31.896+0000] {processor.py:179} INFO - Processing /home/airflow/.local/lib/python3.7/site-packages/airflow/example_dags/tutorial.py took 0.093 seconds
[2023-06-20T09:04:01.972+0000] {processor.py:157} INFO - Started process (PID=460) to work on /home/airflow/.local/lib/python3.7/site-packages/airflow/example_dags/tutorial.py
[2023-06-20T09:04:01.973+0000] {processor.py:826} INFO - Processing file /home/airflow/.local/lib/python3.7/site-packages/airflow/example_dags/tutorial.py for tasks to queue
[2023-06-20T09:04:01.974+0000] {logging_mixin.py:149} INFO - [2023-06-20T09:04:01.974+0000] {dagbag.py:541} INFO - Filling up the DagBag from /home/airflow/.local/lib/python3.7/site-packages/airflow/example_dags/tutorial.py
[2023-06-20T09:04:01.981+0000] {processor.py:836} INFO - DAG(s) dict_keys(['tutorial']) retrieved from /home/airflow/.local/lib/python3.7/site-packages/airflow/example_dags/tutorial.py
[2023-06-20T09:04:02.009+0000] {logging_mixin.py:149} INFO - [2023-06-20T09:04:02.009+0000] {dag.py:2726} INFO - Sync 1 DAGs
[2023-06-20T09:04:02.041+0000] {logging_mixin.py:149} INFO - [2023-06-20T09:04:02.041+0000] {dag.py:3490} INFO - Setting next_dagrun for tutorial to 2023-06-19T09:04:02.041358+00:00, run_after=2023-06-20T09:04:02.041358+00:00
[2023-06-20T09:04:02.064+0000] {processor.py:179} INFO - Processing /home/airflow/.local/lib/python3.7/site-packages/airflow/example_dags/tutorial.py took 0.095 seconds
[2023-06-20T09:04:32.332+0000] {processor.py:157} INFO - Started process (PID=525) to work on /home/airflow/.local/lib/python3.7/site-packages/airflow/example_dags/tutorial.py
[2023-06-20T09:04:32.334+0000] {processor.py:826} INFO - Processing file /home/airflow/.local/lib/python3.7/site-packages/airflow/example_dags/tutorial.py for tasks to queue
[2023-06-20T09:04:32.335+0000] {logging_mixin.py:149} INFO - [2023-06-20T09:04:32.335+0000] {dagbag.py:541} INFO - Filling up the DagBag from /home/airflow/.local/lib/python3.7/site-packages/airflow/example_dags/tutorial.py
[2023-06-20T09:04:32.342+0000] {processor.py:836} INFO - DAG(s) dict_keys(['tutorial']) retrieved from /home/airflow/.local/lib/python3.7/site-packages/airflow/example_dags/tutorial.py
[2023-06-20T09:04:32.368+0000] {logging_mixin.py:149} INFO - [2023-06-20T09:04:32.368+0000] {dag.py:2726} INFO - Sync 1 DAGs
[2023-06-20T09:04:32.398+0000] {logging_mixin.py:149} INFO - [2023-06-20T09:04:32.398+0000] {dag.py:3490} INFO - Setting next_dagrun for tutorial to 2023-06-19T09:04:32.397785+00:00, run_after=2023-06-20T09:04:32.397785+00:00
[2023-06-20T09:04:32.422+0000] {processor.py:179} INFO - Processing /home/airflow/.local/lib/python3.7/site-packages/airflow/example_dags/tutorial.py took 0.094 seconds
[2023-06-20T09:05:03.318+0000] {processor.py:157} INFO - Started process (PID=590) to work on /home/airflow/.local/lib/python3.7/site-packages/airflow/example_dags/tutorial.py
[2023-06-20T09:05:03.319+0000] {processor.py:826} INFO - Processing file /home/airflow/.local/lib/python3.7/site-packages/airflow/example_dags/tutorial.py for tasks to queue
[2023-06-20T09:05:03.320+0000] {logging_mixin.py:149} INFO - [2023-06-20T09:05:03.320+0000] {dagbag.py:541} INFO - Filling up the DagBag from /home/airflow/.local/lib/python3.7/site-packages/airflow/example_dags/tutorial.py
[2023-06-20T09:05:03.327+0000] {processor.py:836} INFO - DAG(s) dict_keys(['tutorial']) retrieved from /home/airflow/.local/lib/python3.7/site-packages/airflow/example_dags/tutorial.py
[2023-06-20T09:05:03.353+0000] {logging_mixin.py:149} INFO - [2023-06-20T09:05:03.353+0000] {dag.py:2726} INFO - Sync 1 DAGs
[2023-06-20T09:05:03.387+0000] {logging_mixin.py:149} INFO - [2023-06-20T09:05:03.387+0000] {dag.py:3490} INFO - Setting next_dagrun for tutorial to 2023-06-19T09:05:03.387514+00:00, run_after=2023-06-20T09:05:03.387514+00:00
[2023-06-20T09:05:03.413+0000] {processor.py:179} INFO - Processing /home/airflow/.local/lib/python3.7/site-packages/airflow/example_dags/tutorial.py took 0.099 seconds
[2023-06-20T09:05:33.888+0000] {processor.py:157} INFO - Started process (PID=655) to work on /home/airflow/.local/lib/python3.7/site-packages/airflow/example_dags/tutorial.py
[2023-06-20T09:05:33.889+0000] {processor.py:826} INFO - Processing file /home/airflow/.local/lib/python3.7/site-packages/airflow/example_dags/tutorial.py for tasks to queue
[2023-06-20T09:05:33.891+0000] {logging_mixin.py:149} INFO - [2023-06-20T09:05:33.890+0000] {dagbag.py:541} INFO - Filling up the DagBag from /home/airflow/.local/lib/python3.7/site-packages/airflow/example_dags/tutorial.py
[2023-06-20T09:05:33.901+0000] {processor.py:836} INFO - DAG(s) dict_keys(['tutorial']) retrieved from /home/airflow/.local/lib/python3.7/site-packages/airflow/example_dags/tutorial.py
[2023-06-20T09:05:33.938+0000] {logging_mixin.py:149} INFO - [2023-06-20T09:05:33.938+0000] {dag.py:2726} INFO - Sync 1 DAGs
[2023-06-20T09:05:33.976+0000] {logging_mixin.py:149} INFO - [2023-06-20T09:05:33.976+0000] {dag.py:3490} INFO - Setting next_dagrun for tutorial to 2023-06-19T09:05:33.975866+00:00, run_after=2023-06-20T09:05:33.975866+00:00
[2023-06-20T09:05:34.000+0000] {processor.py:179} INFO - Processing /home/airflow/.local/lib/python3.7/site-packages/airflow/example_dags/tutorial.py took 0.117 seconds
[2023-06-20T09:06:04.516+0000] {processor.py:157} INFO - Started process (PID=720) to work on /home/airflow/.local/lib/python3.7/site-packages/airflow/example_dags/tutorial.py
[2023-06-20T09:06:04.517+0000] {processor.py:826} INFO - Processing file /home/airflow/.local/lib/python3.7/site-packages/airflow/example_dags/tutorial.py for tasks to queue
[2023-06-20T09:06:04.519+0000] {logging_mixin.py:149} INFO - [2023-06-20T09:06:04.518+0000] {dagbag.py:541} INFO - Filling up the DagBag from /home/airflow/.local/lib/python3.7/site-packages/airflow/example_dags/tutorial.py
[2023-06-20T09:06:04.527+0000] {processor.py:836} INFO - DAG(s) dict_keys(['tutorial']) retrieved from /home/airflow/.local/lib/python3.7/site-packages/airflow/example_dags/tutorial.py
[2023-06-20T09:06:04.557+0000] {logging_mixin.py:149} INFO - [2023-06-20T09:06:04.556+0000] {dag.py:2726} INFO - Sync 1 DAGs
[2023-06-20T09:06:04.591+0000] {logging_mixin.py:149} INFO - [2023-06-20T09:06:04.591+0000] {dag.py:3490} INFO - Setting next_dagrun for tutorial to 2023-06-19T09:06:04.591456+00:00, run_after=2023-06-20T09:06:04.591456+00:00
[2023-06-20T09:06:04.621+0000] {processor.py:179} INFO - Processing /home/airflow/.local/lib/python3.7/site-packages/airflow/example_dags/tutorial.py took 0.108 seconds
[2023-06-20T09:06:34.838+0000] {processor.py:157} INFO - Started process (PID=785) to work on /home/airflow/.local/lib/python3.7/site-packages/airflow/example_dags/tutorial.py
[2023-06-20T09:06:34.839+0000] {processor.py:826} INFO - Processing file /home/airflow/.local/lib/python3.7/site-packages/airflow/example_dags/tutorial.py for tasks to queue
[2023-06-20T09:06:34.840+0000] {logging_mixin.py:149} INFO - [2023-06-20T09:06:34.840+0000] {dagbag.py:541} INFO - Filling up the DagBag from /home/airflow/.local/lib/python3.7/site-packages/airflow/example_dags/tutorial.py
[2023-06-20T09:06:34.848+0000] {processor.py:836} INFO - DAG(s) dict_keys(['tutorial']) retrieved from /home/airflow/.local/lib/python3.7/site-packages/airflow/example_dags/tutorial.py
[2023-06-20T09:06:34.877+0000] {logging_mixin.py:149} INFO - [2023-06-20T09:06:34.877+0000] {dag.py:2726} INFO - Sync 1 DAGs
[2023-06-20T09:06:34.918+0000] {logging_mixin.py:149} INFO - [2023-06-20T09:06:34.918+0000] {dag.py:3490} INFO - Setting next_dagrun for tutorial to 2023-06-19T09:06:34.917885+00:00, run_after=2023-06-20T09:06:34.917885+00:00
[2023-06-20T09:06:34.948+0000] {processor.py:179} INFO - Processing /home/airflow/.local/lib/python3.7/site-packages/airflow/example_dags/tutorial.py took 0.116 seconds
[2023-06-20T09:07:05.537+0000] {processor.py:157} INFO - Started process (PID=850) to work on /home/airflow/.local/lib/python3.7/site-packages/airflow/example_dags/tutorial.py
[2023-06-20T09:07:05.538+0000] {processor.py:826} INFO - Processing file /home/airflow/.local/lib/python3.7/site-packages/airflow/example_dags/tutorial.py for tasks to queue
[2023-06-20T09:07:05.539+0000] {logging_mixin.py:149} INFO - [2023-06-20T09:07:05.539+0000] {dagbag.py:541} INFO - Filling up the DagBag from /home/airflow/.local/lib/python3.7/site-packages/airflow/example_dags/tutorial.py
[2023-06-20T09:07:05.546+0000] {processor.py:836} INFO - DAG(s) dict_keys(['tutorial']) retrieved from /home/airflow/.local/lib/python3.7/site-packages/airflow/example_dags/tutorial.py
[2023-06-20T09:07:05.577+0000] {logging_mixin.py:149} INFO - [2023-06-20T09:07:05.577+0000] {dag.py:2726} INFO - Sync 1 DAGs
[2023-06-20T09:07:05.607+0000] {logging_mixin.py:149} INFO - [2023-06-20T09:07:05.606+0000] {dag.py:3490} INFO - Setting next_dagrun for tutorial to 2023-06-19T09:07:05.606647+00:00, run_after=2023-06-20T09:07:05.606647+00:00
[2023-06-20T09:07:05.633+0000] {processor.py:179} INFO - Processing /home/airflow/.local/lib/python3.7/site-packages/airflow/example_dags/tutorial.py took 0.100 seconds
[2023-06-20T09:07:35.993+0000] {processor.py:157} INFO - Started process (PID=916) to work on /home/airflow/.local/lib/python3.7/site-packages/airflow/example_dags/tutorial.py
[2023-06-20T09:07:35.995+0000] {processor.py:826} INFO - Processing file /home/airflow/.local/lib/python3.7/site-packages/airflow/example_dags/tutorial.py for tasks to queue
[2023-06-20T09:07:35.996+0000] {logging_mixin.py:149} INFO - [2023-06-20T09:07:35.996+0000] {dagbag.py:541} INFO - Filling up the DagBag from /home/airflow/.local/lib/python3.7/site-packages/airflow/example_dags/tutorial.py
[2023-06-20T09:07:36.003+0000] {processor.py:836} INFO - DAG(s) dict_keys(['tutorial']) retrieved from /home/airflow/.local/lib/python3.7/site-packages/airflow/example_dags/tutorial.py
[2023-06-20T09:07:36.027+0000] {logging_mixin.py:149} INFO - [2023-06-20T09:07:36.027+0000] {dag.py:2726} INFO - Sync 1 DAGs
[2023-06-20T09:07:36.056+0000] {logging_mixin.py:149} INFO - [2023-06-20T09:07:36.055+0000] {dag.py:3490} INFO - Setting next_dagrun for tutorial to 2023-06-19T09:07:36.055620+00:00, run_after=2023-06-20T09:07:36.055620+00:00
[2023-06-20T09:07:36.082+0000] {processor.py:179} INFO - Processing /home/airflow/.local/lib/python3.7/site-packages/airflow/example_dags/tutorial.py took 0.092 seconds
[2023-06-20T09:09:58.523+0000] {processor.py:157} INFO - Started process (PID=68) to work on /home/airflow/.local/lib/python3.7/site-packages/airflow/example_dags/tutorial.py
[2023-06-20T09:09:58.525+0000] {processor.py:826} INFO - Processing file /home/airflow/.local/lib/python3.7/site-packages/airflow/example_dags/tutorial.py for tasks to queue
[2023-06-20T09:09:58.527+0000] {logging_mixin.py:149} INFO - [2023-06-20T09:09:58.527+0000] {dagbag.py:541} INFO - Filling up the DagBag from /home/airflow/.local/lib/python3.7/site-packages/airflow/example_dags/tutorial.py
[2023-06-20T09:09:58.543+0000] {processor.py:836} INFO - DAG(s) dict_keys(['tutorial']) retrieved from /home/airflow/.local/lib/python3.7/site-packages/airflow/example_dags/tutorial.py
[2023-06-20T09:09:58.565+0000] {logging_mixin.py:149} INFO - [2023-06-20T09:09:58.565+0000] {dag.py:2726} INFO - Sync 1 DAGs
[2023-06-20T09:09:58.598+0000] {logging_mixin.py:149} INFO - [2023-06-20T09:09:58.598+0000] {dag.py:3490} INFO - Setting next_dagrun for tutorial to 2023-06-19T09:09:58.598302+00:00, run_after=2023-06-20T09:09:58.598302+00:00
[2023-06-20T09:09:58.623+0000] {processor.py:179} INFO - Processing /home/airflow/.local/lib/python3.7/site-packages/airflow/example_dags/tutorial.py took 0.108 seconds
[2023-06-20T09:10:28.939+0000] {processor.py:157} INFO - Started process (PID=133) to work on /home/airflow/.local/lib/python3.7/site-packages/airflow/example_dags/tutorial.py
[2023-06-20T09:10:28.941+0000] {processor.py:826} INFO - Processing file /home/airflow/.local/lib/python3.7/site-packages/airflow/example_dags/tutorial.py for tasks to queue
[2023-06-20T09:10:28.942+0000] {logging_mixin.py:149} INFO - [2023-06-20T09:10:28.942+0000] {dagbag.py:541} INFO - Filling up the DagBag from /home/airflow/.local/lib/python3.7/site-packages/airflow/example_dags/tutorial.py
[2023-06-20T09:10:28.949+0000] {processor.py:836} INFO - DAG(s) dict_keys(['tutorial']) retrieved from /home/airflow/.local/lib/python3.7/site-packages/airflow/example_dags/tutorial.py
[2023-06-20T09:10:28.980+0000] {logging_mixin.py:149} INFO - [2023-06-20T09:10:28.980+0000] {dag.py:2726} INFO - Sync 1 DAGs
[2023-06-20T09:10:29.020+0000] {logging_mixin.py:149} INFO - [2023-06-20T09:10:29.020+0000] {dag.py:3490} INFO - Setting next_dagrun for tutorial to 2023-06-19T09:10:29.020396+00:00, run_after=2023-06-20T09:10:29.020396+00:00
[2023-06-20T09:10:29.045+0000] {processor.py:179} INFO - Processing /home/airflow/.local/lib/python3.7/site-packages/airflow/example_dags/tutorial.py took 0.110 seconds
[2023-06-20T09:11:00.101+0000] {processor.py:157} INFO - Started process (PID=198) to work on /home/airflow/.local/lib/python3.7/site-packages/airflow/example_dags/tutorial.py
[2023-06-20T09:11:00.102+0000] {processor.py:826} INFO - Processing file /home/airflow/.local/lib/python3.7/site-packages/airflow/example_dags/tutorial.py for tasks to queue
[2023-06-20T09:11:00.103+0000] {logging_mixin.py:149} INFO - [2023-06-20T09:11:00.103+0000] {dagbag.py:541} INFO - Filling up the DagBag from /home/airflow/.local/lib/python3.7/site-packages/airflow/example_dags/tutorial.py
[2023-06-20T09:11:00.110+0000] {processor.py:836} INFO - DAG(s) dict_keys(['tutorial']) retrieved from /home/airflow/.local/lib/python3.7/site-packages/airflow/example_dags/tutorial.py
[2023-06-20T09:11:00.136+0000] {logging_mixin.py:149} INFO - [2023-06-20T09:11:00.135+0000] {dag.py:2726} INFO - Sync 1 DAGs
[2023-06-20T09:11:00.165+0000] {logging_mixin.py:149} INFO - [2023-06-20T09:11:00.165+0000] {dag.py:3490} INFO - Setting next_dagrun for tutorial to 2023-06-19T09:11:00.164806+00:00, run_after=2023-06-20T09:11:00.164806+00:00
[2023-06-20T09:11:00.195+0000] {processor.py:179} INFO - Processing /home/airflow/.local/lib/python3.7/site-packages/airflow/example_dags/tutorial.py took 0.098 seconds
[2023-06-20T09:11:30.536+0000] {processor.py:157} INFO - Started process (PID=263) to work on /home/airflow/.local/lib/python3.7/site-packages/airflow/example_dags/tutorial.py
[2023-06-20T09:11:30.537+0000] {processor.py:826} INFO - Processing file /home/airflow/.local/lib/python3.7/site-packages/airflow/example_dags/tutorial.py for tasks to queue
[2023-06-20T09:11:30.538+0000] {logging_mixin.py:149} INFO - [2023-06-20T09:11:30.538+0000] {dagbag.py:541} INFO - Filling up the DagBag from /home/airflow/.local/lib/python3.7/site-packages/airflow/example_dags/tutorial.py
[2023-06-20T09:11:30.545+0000] {processor.py:836} INFO - DAG(s) dict_keys(['tutorial']) retrieved from /home/airflow/.local/lib/python3.7/site-packages/airflow/example_dags/tutorial.py
[2023-06-20T09:11:30.572+0000] {logging_mixin.py:149} INFO - [2023-06-20T09:11:30.572+0000] {dag.py:2726} INFO - Sync 1 DAGs
[2023-06-20T09:11:30.606+0000] {logging_mixin.py:149} INFO - [2023-06-20T09:11:30.605+0000] {dag.py:3490} INFO - Setting next_dagrun for tutorial to 2023-06-19T09:11:30.605633+00:00, run_after=2023-06-20T09:11:30.605633+00:00
[2023-06-20T09:11:30.633+0000] {processor.py:179} INFO - Processing /home/airflow/.local/lib/python3.7/site-packages/airflow/example_dags/tutorial.py took 0.101 seconds
[2023-06-20T09:12:00.956+0000] {processor.py:157} INFO - Started process (PID=329) to work on /home/airflow/.local/lib/python3.7/site-packages/airflow/example_dags/tutorial.py
[2023-06-20T09:12:00.958+0000] {processor.py:826} INFO - Processing file /home/airflow/.local/lib/python3.7/site-packages/airflow/example_dags/tutorial.py for tasks to queue
[2023-06-20T09:12:00.960+0000] {logging_mixin.py:149} INFO - [2023-06-20T09:12:00.959+0000] {dagbag.py:541} INFO - Filling up the DagBag from /home/airflow/.local/lib/python3.7/site-packages/airflow/example_dags/tutorial.py
[2023-06-20T09:12:00.968+0000] {processor.py:836} INFO - DAG(s) dict_keys(['tutorial']) retrieved from /home/airflow/.local/lib/python3.7/site-packages/airflow/example_dags/tutorial.py
[2023-06-20T09:12:01.010+0000] {logging_mixin.py:149} INFO - [2023-06-20T09:12:01.010+0000] {dag.py:2726} INFO - Sync 1 DAGs
[2023-06-20T09:12:01.064+0000] {logging_mixin.py:149} INFO - [2023-06-20T09:12:01.063+0000] {dag.py:3490} INFO - Setting next_dagrun for tutorial to 2023-06-19T09:12:01.063661+00:00, run_after=2023-06-20T09:12:01.063661+00:00
[2023-06-20T09:12:01.101+0000] {processor.py:179} INFO - Processing /home/airflow/.local/lib/python3.7/site-packages/airflow/example_dags/tutorial.py took 0.149 seconds
[2023-06-20T09:14:27.925+0000] {processor.py:157} INFO - Started process (PID=68) to work on /home/airflow/.local/lib/python3.7/site-packages/airflow/example_dags/tutorial.py
[2023-06-20T09:14:27.927+0000] {processor.py:826} INFO - Processing file /home/airflow/.local/lib/python3.7/site-packages/airflow/example_dags/tutorial.py for tasks to queue
[2023-06-20T09:14:27.928+0000] {logging_mixin.py:149} INFO - [2023-06-20T09:14:27.928+0000] {dagbag.py:541} INFO - Filling up the DagBag from /home/airflow/.local/lib/python3.7/site-packages/airflow/example_dags/tutorial.py
[2023-06-20T09:14:27.938+0000] {processor.py:836} INFO - DAG(s) dict_keys(['tutorial']) retrieved from /home/airflow/.local/lib/python3.7/site-packages/airflow/example_dags/tutorial.py
[2023-06-20T09:14:27.956+0000] {logging_mixin.py:149} INFO - [2023-06-20T09:14:27.955+0000] {dag.py:2726} INFO - Sync 1 DAGs
[2023-06-20T09:14:28.003+0000] {logging_mixin.py:149} INFO - [2023-06-20T09:14:28.003+0000] {dag.py:3490} INFO - Setting next_dagrun for tutorial to 2023-06-19T09:14:28.003003+00:00, run_after=2023-06-20T09:14:28.003003+00:00
[2023-06-20T09:14:28.035+0000] {processor.py:179} INFO - Processing /home/airflow/.local/lib/python3.7/site-packages/airflow/example_dags/tutorial.py took 0.113 seconds
[2023-06-20T09:18:36.293+0000] {processor.py:157} INFO - Started process (PID=69) to work on /home/airflow/.local/lib/python3.7/site-packages/airflow/example_dags/tutorial.py
[2023-06-20T09:18:36.294+0000] {processor.py:826} INFO - Processing file /home/airflow/.local/lib/python3.7/site-packages/airflow/example_dags/tutorial.py for tasks to queue
[2023-06-20T09:18:36.296+0000] {logging_mixin.py:149} INFO - [2023-06-20T09:18:36.296+0000] {dagbag.py:541} INFO - Filling up the DagBag from /home/airflow/.local/lib/python3.7/site-packages/airflow/example_dags/tutorial.py
[2023-06-20T09:18:36.306+0000] {processor.py:836} INFO - DAG(s) dict_keys(['tutorial']) retrieved from /home/airflow/.local/lib/python3.7/site-packages/airflow/example_dags/tutorial.py
[2023-06-20T09:18:36.323+0000] {logging_mixin.py:149} INFO - [2023-06-20T09:18:36.323+0000] {dag.py:2726} INFO - Sync 1 DAGs
[2023-06-20T09:18:36.364+0000] {logging_mixin.py:149} INFO - [2023-06-20T09:18:36.364+0000] {dag.py:3490} INFO - Setting next_dagrun for tutorial to 2023-06-19T09:18:36.364406+00:00, run_after=2023-06-20T09:18:36.364406+00:00
[2023-06-20T09:18:36.395+0000] {processor.py:179} INFO - Processing /home/airflow/.local/lib/python3.7/site-packages/airflow/example_dags/tutorial.py took 0.105 seconds
[2023-06-20T09:19:07.268+0000] {processor.py:157} INFO - Started process (PID=135) to work on /home/airflow/.local/lib/python3.7/site-packages/airflow/example_dags/tutorial.py
[2023-06-20T09:19:07.269+0000] {processor.py:826} INFO - Processing file /home/airflow/.local/lib/python3.7/site-packages/airflow/example_dags/tutorial.py for tasks to queue
[2023-06-20T09:19:07.270+0000] {logging_mixin.py:149} INFO - [2023-06-20T09:19:07.270+0000] {dagbag.py:541} INFO - Filling up the DagBag from /home/airflow/.local/lib/python3.7/site-packages/airflow/example_dags/tutorial.py
[2023-06-20T09:19:07.277+0000] {processor.py:836} INFO - DAG(s) dict_keys(['tutorial']) retrieved from /home/airflow/.local/lib/python3.7/site-packages/airflow/example_dags/tutorial.py
[2023-06-20T09:19:07.303+0000] {logging_mixin.py:149} INFO - [2023-06-20T09:19:07.303+0000] {dag.py:2726} INFO - Sync 1 DAGs
[2023-06-20T09:19:07.333+0000] {logging_mixin.py:149} INFO - [2023-06-20T09:19:07.333+0000] {dag.py:3490} INFO - Setting next_dagrun for tutorial to 2023-06-19T09:19:07.333143+00:00, run_after=2023-06-20T09:19:07.333143+00:00
[2023-06-20T09:19:07.446+0000] {processor.py:179} INFO - Processing /home/airflow/.local/lib/python3.7/site-packages/airflow/example_dags/tutorial.py took 0.182 seconds
[2023-06-20T09:19:39.228+0000] {processor.py:157} INFO - Started process (PID=202) to work on /home/airflow/.local/lib/python3.7/site-packages/airflow/example_dags/tutorial.py
[2023-06-20T09:19:39.229+0000] {processor.py:826} INFO - Processing file /home/airflow/.local/lib/python3.7/site-packages/airflow/example_dags/tutorial.py for tasks to queue
[2023-06-20T09:19:39.230+0000] {logging_mixin.py:149} INFO - [2023-06-20T09:19:39.230+0000] {dagbag.py:541} INFO - Filling up the DagBag from /home/airflow/.local/lib/python3.7/site-packages/airflow/example_dags/tutorial.py
[2023-06-20T09:19:39.237+0000] {processor.py:836} INFO - DAG(s) dict_keys(['tutorial']) retrieved from /home/airflow/.local/lib/python3.7/site-packages/airflow/example_dags/tutorial.py
[2023-06-20T09:19:39.345+0000] {logging_mixin.py:149} INFO - [2023-06-20T09:19:39.345+0000] {dag.py:2726} INFO - Sync 1 DAGs
[2023-06-20T09:19:39.371+0000] {logging_mixin.py:149} INFO - [2023-06-20T09:19:39.371+0000] {dag.py:3490} INFO - Setting next_dagrun for tutorial to 2023-06-19T09:19:39.370918+00:00, run_after=2023-06-20T09:19:39.370918+00:00
[2023-06-20T09:19:39.392+0000] {processor.py:179} INFO - Processing /home/airflow/.local/lib/python3.7/site-packages/airflow/example_dags/tutorial.py took 0.167 seconds
[2023-06-20T09:20:10.406+0000] {processor.py:157} INFO - Started process (PID=268) to work on /home/airflow/.local/lib/python3.7/site-packages/airflow/example_dags/tutorial.py
[2023-06-20T09:20:10.407+0000] {processor.py:826} INFO - Processing file /home/airflow/.local/lib/python3.7/site-packages/airflow/example_dags/tutorial.py for tasks to queue
[2023-06-20T09:20:10.409+0000] {logging_mixin.py:149} INFO - [2023-06-20T09:20:10.408+0000] {dagbag.py:541} INFO - Filling up the DagBag from /home/airflow/.local/lib/python3.7/site-packages/airflow/example_dags/tutorial.py
[2023-06-20T09:20:10.417+0000] {processor.py:836} INFO - DAG(s) dict_keys(['tutorial']) retrieved from /home/airflow/.local/lib/python3.7/site-packages/airflow/example_dags/tutorial.py
[2023-06-20T09:20:10.446+0000] {logging_mixin.py:149} INFO - [2023-06-20T09:20:10.446+0000] {dag.py:2726} INFO - Sync 1 DAGs
[2023-06-20T09:20:10.475+0000] {logging_mixin.py:149} INFO - [2023-06-20T09:20:10.475+0000] {dag.py:3490} INFO - Setting next_dagrun for tutorial to 2023-06-19T09:20:10.475008+00:00, run_after=2023-06-20T09:20:10.475008+00:00
[2023-06-20T09:20:10.499+0000] {processor.py:179} INFO - Processing /home/airflow/.local/lib/python3.7/site-packages/airflow/example_dags/tutorial.py took 0.096 seconds
[2023-06-20T09:20:40.631+0000] {processor.py:157} INFO - Started process (PID=334) to work on /home/airflow/.local/lib/python3.7/site-packages/airflow/example_dags/tutorial.py
[2023-06-20T09:20:40.633+0000] {processor.py:826} INFO - Processing file /home/airflow/.local/lib/python3.7/site-packages/airflow/example_dags/tutorial.py for tasks to queue
[2023-06-20T09:20:40.634+0000] {logging_mixin.py:149} INFO - [2023-06-20T09:20:40.634+0000] {dagbag.py:541} INFO - Filling up the DagBag from /home/airflow/.local/lib/python3.7/site-packages/airflow/example_dags/tutorial.py
[2023-06-20T09:20:40.643+0000] {processor.py:836} INFO - DAG(s) dict_keys(['tutorial']) retrieved from /home/airflow/.local/lib/python3.7/site-packages/airflow/example_dags/tutorial.py
[2023-06-20T09:20:40.675+0000] {logging_mixin.py:149} INFO - [2023-06-20T09:20:40.675+0000] {dag.py:2726} INFO - Sync 1 DAGs
[2023-06-20T09:20:40.712+0000] {logging_mixin.py:149} INFO - [2023-06-20T09:20:40.712+0000] {dag.py:3490} INFO - Setting next_dagrun for tutorial to 2023-06-19T09:20:40.712348+00:00, run_after=2023-06-20T09:20:40.712348+00:00
[2023-06-20T09:20:40.744+0000] {processor.py:179} INFO - Processing /home/airflow/.local/lib/python3.7/site-packages/airflow/example_dags/tutorial.py took 0.116 seconds
[2023-06-20T09:21:11.349+0000] {processor.py:157} INFO - Started process (PID=400) to work on /home/airflow/.local/lib/python3.7/site-packages/airflow/example_dags/tutorial.py
[2023-06-20T09:21:11.350+0000] {processor.py:826} INFO - Processing file /home/airflow/.local/lib/python3.7/site-packages/airflow/example_dags/tutorial.py for tasks to queue
[2023-06-20T09:21:11.352+0000] {logging_mixin.py:149} INFO - [2023-06-20T09:21:11.352+0000] {dagbag.py:541} INFO - Filling up the DagBag from /home/airflow/.local/lib/python3.7/site-packages/airflow/example_dags/tutorial.py
[2023-06-20T09:21:11.360+0000] {processor.py:836} INFO - DAG(s) dict_keys(['tutorial']) retrieved from /home/airflow/.local/lib/python3.7/site-packages/airflow/example_dags/tutorial.py
[2023-06-20T09:21:11.394+0000] {logging_mixin.py:149} INFO - [2023-06-20T09:21:11.394+0000] {dag.py:2726} INFO - Sync 1 DAGs
[2023-06-20T09:21:11.429+0000] {logging_mixin.py:149} INFO - [2023-06-20T09:21:11.429+0000] {dag.py:3490} INFO - Setting next_dagrun for tutorial to 2023-06-19T09:21:11.429306+00:00, run_after=2023-06-20T09:21:11.429306+00:00
[2023-06-20T09:21:11.454+0000] {processor.py:179} INFO - Processing /home/airflow/.local/lib/python3.7/site-packages/airflow/example_dags/tutorial.py took 0.109 seconds
[2023-06-20T09:21:41.682+0000] {processor.py:157} INFO - Started process (PID=466) to work on /home/airflow/.local/lib/python3.7/site-packages/airflow/example_dags/tutorial.py
[2023-06-20T09:21:41.685+0000] {processor.py:826} INFO - Processing file /home/airflow/.local/lib/python3.7/site-packages/airflow/example_dags/tutorial.py for tasks to queue
[2023-06-20T09:21:41.686+0000] {logging_mixin.py:149} INFO - [2023-06-20T09:21:41.686+0000] {dagbag.py:541} INFO - Filling up the DagBag from /home/airflow/.local/lib/python3.7/site-packages/airflow/example_dags/tutorial.py
[2023-06-20T09:21:41.695+0000] {processor.py:836} INFO - DAG(s) dict_keys(['tutorial']) retrieved from /home/airflow/.local/lib/python3.7/site-packages/airflow/example_dags/tutorial.py
[2023-06-20T09:21:41.711+0000] {logging_mixin.py:149} INFO - [2023-06-20T09:21:41.710+0000] {dag.py:2726} INFO - Sync 1 DAGs
[2023-06-20T09:21:41.744+0000] {logging_mixin.py:149} INFO - [2023-06-20T09:21:41.743+0000] {dag.py:3490} INFO - Setting next_dagrun for tutorial to 2023-06-19T09:21:41.743710+00:00, run_after=2023-06-20T09:21:41.743710+00:00
[2023-06-20T09:21:41.770+0000] {processor.py:179} INFO - Processing /home/airflow/.local/lib/python3.7/site-packages/airflow/example_dags/tutorial.py took 0.091 seconds
[2023-06-20T09:22:12.065+0000] {processor.py:157} INFO - Started process (PID=532) to work on /home/airflow/.local/lib/python3.7/site-packages/airflow/example_dags/tutorial.py
[2023-06-20T09:22:12.067+0000] {processor.py:826} INFO - Processing file /home/airflow/.local/lib/python3.7/site-packages/airflow/example_dags/tutorial.py for tasks to queue
[2023-06-20T09:22:12.068+0000] {logging_mixin.py:149} INFO - [2023-06-20T09:22:12.068+0000] {dagbag.py:541} INFO - Filling up the DagBag from /home/airflow/.local/lib/python3.7/site-packages/airflow/example_dags/tutorial.py
[2023-06-20T09:22:12.076+0000] {processor.py:836} INFO - DAG(s) dict_keys(['tutorial']) retrieved from /home/airflow/.local/lib/python3.7/site-packages/airflow/example_dags/tutorial.py
[2023-06-20T09:22:12.103+0000] {logging_mixin.py:149} INFO - [2023-06-20T09:22:12.103+0000] {dag.py:2726} INFO - Sync 1 DAGs
[2023-06-20T09:22:12.137+0000] {logging_mixin.py:149} INFO - [2023-06-20T09:22:12.137+0000] {dag.py:3490} INFO - Setting next_dagrun for tutorial to 2023-06-19T09:22:12.136839+00:00, run_after=2023-06-20T09:22:12.136839+00:00
[2023-06-20T09:22:12.162+0000] {processor.py:179} INFO - Processing /home/airflow/.local/lib/python3.7/site-packages/airflow/example_dags/tutorial.py took 0.101 seconds
[2023-06-20T09:22:42.753+0000] {processor.py:157} INFO - Started process (PID=598) to work on /home/airflow/.local/lib/python3.7/site-packages/airflow/example_dags/tutorial.py
[2023-06-20T09:22:42.755+0000] {processor.py:826} INFO - Processing file /home/airflow/.local/lib/python3.7/site-packages/airflow/example_dags/tutorial.py for tasks to queue
[2023-06-20T09:22:42.756+0000] {logging_mixin.py:149} INFO - [2023-06-20T09:22:42.756+0000] {dagbag.py:541} INFO - Filling up the DagBag from /home/airflow/.local/lib/python3.7/site-packages/airflow/example_dags/tutorial.py
[2023-06-20T09:22:42.764+0000] {processor.py:836} INFO - DAG(s) dict_keys(['tutorial']) retrieved from /home/airflow/.local/lib/python3.7/site-packages/airflow/example_dags/tutorial.py
[2023-06-20T09:22:42.792+0000] {logging_mixin.py:149} INFO - [2023-06-20T09:22:42.792+0000] {dag.py:2726} INFO - Sync 1 DAGs
[2023-06-20T09:22:42.821+0000] {logging_mixin.py:149} INFO - [2023-06-20T09:22:42.821+0000] {dag.py:3490} INFO - Setting next_dagrun for tutorial to 2023-06-19T09:22:42.821220+00:00, run_after=2023-06-20T09:22:42.821220+00:00
[2023-06-20T09:22:42.847+0000] {processor.py:179} INFO - Processing /home/airflow/.local/lib/python3.7/site-packages/airflow/example_dags/tutorial.py took 0.097 seconds
[2023-06-20T09:23:13.506+0000] {processor.py:157} INFO - Started process (PID=664) to work on /home/airflow/.local/lib/python3.7/site-packages/airflow/example_dags/tutorial.py
[2023-06-20T09:23:13.507+0000] {processor.py:826} INFO - Processing file /home/airflow/.local/lib/python3.7/site-packages/airflow/example_dags/tutorial.py for tasks to queue
[2023-06-20T09:23:13.509+0000] {logging_mixin.py:149} INFO - [2023-06-20T09:23:13.509+0000] {dagbag.py:541} INFO - Filling up the DagBag from /home/airflow/.local/lib/python3.7/site-packages/airflow/example_dags/tutorial.py
[2023-06-20T09:23:13.519+0000] {processor.py:836} INFO - DAG(s) dict_keys(['tutorial']) retrieved from /home/airflow/.local/lib/python3.7/site-packages/airflow/example_dags/tutorial.py
[2023-06-20T09:23:13.549+0000] {logging_mixin.py:149} INFO - [2023-06-20T09:23:13.549+0000] {dag.py:2726} INFO - Sync 1 DAGs
[2023-06-20T09:23:13.578+0000] {logging_mixin.py:149} INFO - [2023-06-20T09:23:13.578+0000] {dag.py:3490} INFO - Setting next_dagrun for tutorial to 2023-06-19T09:23:13.577871+00:00, run_after=2023-06-20T09:23:13.577871+00:00
[2023-06-20T09:23:13.604+0000] {processor.py:179} INFO - Processing /home/airflow/.local/lib/python3.7/site-packages/airflow/example_dags/tutorial.py took 0.103 seconds
[2023-06-20T09:30:19.241+0000] {processor.py:157} INFO - Started process (PID=69) to work on /home/airflow/.local/lib/python3.7/site-packages/airflow/example_dags/tutorial.py
[2023-06-20T09:30:19.243+0000] {processor.py:826} INFO - Processing file /home/airflow/.local/lib/python3.7/site-packages/airflow/example_dags/tutorial.py for tasks to queue
[2023-06-20T09:30:19.245+0000] {logging_mixin.py:149} INFO - [2023-06-20T09:30:19.245+0000] {dagbag.py:541} INFO - Filling up the DagBag from /home/airflow/.local/lib/python3.7/site-packages/airflow/example_dags/tutorial.py
[2023-06-20T09:30:19.255+0000] {processor.py:836} INFO - DAG(s) dict_keys(['tutorial']) retrieved from /home/airflow/.local/lib/python3.7/site-packages/airflow/example_dags/tutorial.py
[2023-06-20T09:30:19.278+0000] {logging_mixin.py:149} INFO - [2023-06-20T09:30:19.277+0000] {dag.py:2726} INFO - Sync 1 DAGs
[2023-06-20T09:30:19.320+0000] {logging_mixin.py:149} INFO - [2023-06-20T09:30:19.320+0000] {dag.py:3490} INFO - Setting next_dagrun for tutorial to 2023-06-19T09:30:19.319890+00:00, run_after=2023-06-20T09:30:19.319890+00:00
[2023-06-20T09:30:19.347+0000] {processor.py:179} INFO - Processing /home/airflow/.local/lib/python3.7/site-packages/airflow/example_dags/tutorial.py took 0.111 seconds
[2023-06-20T09:30:49.798+0000] {processor.py:157} INFO - Started process (PID=135) to work on /home/airflow/.local/lib/python3.7/site-packages/airflow/example_dags/tutorial.py
[2023-06-20T09:30:49.799+0000] {processor.py:826} INFO - Processing file /home/airflow/.local/lib/python3.7/site-packages/airflow/example_dags/tutorial.py for tasks to queue
[2023-06-20T09:30:49.801+0000] {logging_mixin.py:149} INFO - [2023-06-20T09:30:49.800+0000] {dagbag.py:541} INFO - Filling up the DagBag from /home/airflow/.local/lib/python3.7/site-packages/airflow/example_dags/tutorial.py
[2023-06-20T09:30:49.807+0000] {processor.py:836} INFO - DAG(s) dict_keys(['tutorial']) retrieved from /home/airflow/.local/lib/python3.7/site-packages/airflow/example_dags/tutorial.py
[2023-06-20T09:30:49.832+0000] {logging_mixin.py:149} INFO - [2023-06-20T09:30:49.832+0000] {dag.py:2726} INFO - Sync 1 DAGs
[2023-06-20T09:30:49.861+0000] {logging_mixin.py:149} INFO - [2023-06-20T09:30:49.861+0000] {dag.py:3490} INFO - Setting next_dagrun for tutorial to 2023-06-19T09:30:49.861137+00:00, run_after=2023-06-20T09:30:49.861137+00:00
[2023-06-20T09:30:49.885+0000] {processor.py:179} INFO - Processing /home/airflow/.local/lib/python3.7/site-packages/airflow/example_dags/tutorial.py took 0.089 seconds
[2023-06-20T09:31:20.074+0000] {processor.py:157} INFO - Started process (PID=201) to work on /home/airflow/.local/lib/python3.7/site-packages/airflow/example_dags/tutorial.py
[2023-06-20T09:31:20.076+0000] {processor.py:826} INFO - Processing file /home/airflow/.local/lib/python3.7/site-packages/airflow/example_dags/tutorial.py for tasks to queue
[2023-06-20T09:31:20.077+0000] {logging_mixin.py:149} INFO - [2023-06-20T09:31:20.077+0000] {dagbag.py:541} INFO - Filling up the DagBag from /home/airflow/.local/lib/python3.7/site-packages/airflow/example_dags/tutorial.py
[2023-06-20T09:31:20.084+0000] {processor.py:836} INFO - DAG(s) dict_keys(['tutorial']) retrieved from /home/airflow/.local/lib/python3.7/site-packages/airflow/example_dags/tutorial.py
[2023-06-20T09:31:20.099+0000] {logging_mixin.py:149} INFO - [2023-06-20T09:31:20.098+0000] {dag.py:2726} INFO - Sync 1 DAGs
[2023-06-20T09:31:20.133+0000] {logging_mixin.py:149} INFO - [2023-06-20T09:31:20.133+0000] {dag.py:3490} INFO - Setting next_dagrun for tutorial to 2023-06-19T09:31:20.132933+00:00, run_after=2023-06-20T09:31:20.132933+00:00
[2023-06-20T09:31:20.161+0000] {processor.py:179} INFO - Processing /home/airflow/.local/lib/python3.7/site-packages/airflow/example_dags/tutorial.py took 0.090 seconds
[2023-06-20T09:31:51.154+0000] {processor.py:157} INFO - Started process (PID=271) to work on /home/airflow/.local/lib/python3.7/site-packages/airflow/example_dags/tutorial.py
[2023-06-20T09:31:51.155+0000] {processor.py:826} INFO - Processing file /home/airflow/.local/lib/python3.7/site-packages/airflow/example_dags/tutorial.py for tasks to queue
[2023-06-20T09:31:51.157+0000] {logging_mixin.py:149} INFO - [2023-06-20T09:31:51.157+0000] {dagbag.py:541} INFO - Filling up the DagBag from /home/airflow/.local/lib/python3.7/site-packages/airflow/example_dags/tutorial.py
[2023-06-20T09:31:51.164+0000] {processor.py:836} INFO - DAG(s) dict_keys(['tutorial']) retrieved from /home/airflow/.local/lib/python3.7/site-packages/airflow/example_dags/tutorial.py
[2023-06-20T09:31:51.194+0000] {logging_mixin.py:149} INFO - [2023-06-20T09:31:51.193+0000] {dag.py:2726} INFO - Sync 1 DAGs
[2023-06-20T09:31:51.230+0000] {logging_mixin.py:149} INFO - [2023-06-20T09:31:51.230+0000] {dag.py:3490} INFO - Setting next_dagrun for tutorial to 2023-06-19T09:31:51.230121+00:00, run_after=2023-06-20T09:31:51.230121+00:00
[2023-06-20T09:31:51.257+0000] {processor.py:179} INFO - Processing /home/airflow/.local/lib/python3.7/site-packages/airflow/example_dags/tutorial.py took 0.106 seconds
[2023-06-20T09:32:22.196+0000] {processor.py:157} INFO - Started process (PID=337) to work on /home/airflow/.local/lib/python3.7/site-packages/airflow/example_dags/tutorial.py
[2023-06-20T09:32:22.198+0000] {processor.py:826} INFO - Processing file /home/airflow/.local/lib/python3.7/site-packages/airflow/example_dags/tutorial.py for tasks to queue
[2023-06-20T09:32:22.199+0000] {logging_mixin.py:149} INFO - [2023-06-20T09:32:22.199+0000] {dagbag.py:541} INFO - Filling up the DagBag from /home/airflow/.local/lib/python3.7/site-packages/airflow/example_dags/tutorial.py
[2023-06-20T09:32:22.206+0000] {processor.py:836} INFO - DAG(s) dict_keys(['tutorial']) retrieved from /home/airflow/.local/lib/python3.7/site-packages/airflow/example_dags/tutorial.py
[2023-06-20T09:32:22.233+0000] {logging_mixin.py:149} INFO - [2023-06-20T09:32:22.233+0000] {dag.py:2726} INFO - Sync 1 DAGs
[2023-06-20T09:32:22.265+0000] {logging_mixin.py:149} INFO - [2023-06-20T09:32:22.265+0000] {dag.py:3490} INFO - Setting next_dagrun for tutorial to 2023-06-19T09:32:22.265219+00:00, run_after=2023-06-20T09:32:22.265219+00:00
[2023-06-20T09:32:22.293+0000] {processor.py:179} INFO - Processing /home/airflow/.local/lib/python3.7/site-packages/airflow/example_dags/tutorial.py took 0.100 seconds
[2023-06-20T09:32:52.635+0000] {processor.py:157} INFO - Started process (PID=403) to work on /home/airflow/.local/lib/python3.7/site-packages/airflow/example_dags/tutorial.py
[2023-06-20T09:32:52.636+0000] {processor.py:826} INFO - Processing file /home/airflow/.local/lib/python3.7/site-packages/airflow/example_dags/tutorial.py for tasks to queue
[2023-06-20T09:32:52.637+0000] {logging_mixin.py:149} INFO - [2023-06-20T09:32:52.637+0000] {dagbag.py:541} INFO - Filling up the DagBag from /home/airflow/.local/lib/python3.7/site-packages/airflow/example_dags/tutorial.py
[2023-06-20T09:32:52.644+0000] {processor.py:836} INFO - DAG(s) dict_keys(['tutorial']) retrieved from /home/airflow/.local/lib/python3.7/site-packages/airflow/example_dags/tutorial.py
[2023-06-20T09:32:52.668+0000] {logging_mixin.py:149} INFO - [2023-06-20T09:32:52.668+0000] {dag.py:2726} INFO - Sync 1 DAGs
[2023-06-20T09:32:52.696+0000] {logging_mixin.py:149} INFO - [2023-06-20T09:32:52.695+0000] {dag.py:3490} INFO - Setting next_dagrun for tutorial to 2023-06-19T09:32:52.695691+00:00, run_after=2023-06-20T09:32:52.695691+00:00
[2023-06-20T09:32:52.720+0000] {processor.py:179} INFO - Processing /home/airflow/.local/lib/python3.7/site-packages/airflow/example_dags/tutorial.py took 0.088 seconds
[2023-06-20T09:33:23.419+0000] {processor.py:157} INFO - Started process (PID=469) to work on /home/airflow/.local/lib/python3.7/site-packages/airflow/example_dags/tutorial.py
[2023-06-20T09:33:23.420+0000] {processor.py:826} INFO - Processing file /home/airflow/.local/lib/python3.7/site-packages/airflow/example_dags/tutorial.py for tasks to queue
[2023-06-20T09:33:23.421+0000] {logging_mixin.py:149} INFO - [2023-06-20T09:33:23.421+0000] {dagbag.py:541} INFO - Filling up the DagBag from /home/airflow/.local/lib/python3.7/site-packages/airflow/example_dags/tutorial.py
[2023-06-20T09:33:23.428+0000] {processor.py:836} INFO - DAG(s) dict_keys(['tutorial']) retrieved from /home/airflow/.local/lib/python3.7/site-packages/airflow/example_dags/tutorial.py
[2023-06-20T09:33:23.453+0000] {logging_mixin.py:149} INFO - [2023-06-20T09:33:23.453+0000] {dag.py:2726} INFO - Sync 1 DAGs
[2023-06-20T09:33:23.481+0000] {logging_mixin.py:149} INFO - [2023-06-20T09:33:23.480+0000] {dag.py:3490} INFO - Setting next_dagrun for tutorial to 2023-06-19T09:33:23.480717+00:00, run_after=2023-06-20T09:33:23.480717+00:00
[2023-06-20T09:33:23.504+0000] {processor.py:179} INFO - Processing /home/airflow/.local/lib/python3.7/site-packages/airflow/example_dags/tutorial.py took 0.088 seconds
[2023-06-20T09:33:53.889+0000] {processor.py:157} INFO - Started process (PID=535) to work on /home/airflow/.local/lib/python3.7/site-packages/airflow/example_dags/tutorial.py
[2023-06-20T09:33:53.891+0000] {processor.py:826} INFO - Processing file /home/airflow/.local/lib/python3.7/site-packages/airflow/example_dags/tutorial.py for tasks to queue
[2023-06-20T09:33:53.893+0000] {logging_mixin.py:149} INFO - [2023-06-20T09:33:53.892+0000] {dagbag.py:541} INFO - Filling up the DagBag from /home/airflow/.local/lib/python3.7/site-packages/airflow/example_dags/tutorial.py
[2023-06-20T09:33:53.904+0000] {processor.py:836} INFO - DAG(s) dict_keys(['tutorial']) retrieved from /home/airflow/.local/lib/python3.7/site-packages/airflow/example_dags/tutorial.py
[2023-06-20T09:33:53.944+0000] {logging_mixin.py:149} INFO - [2023-06-20T09:33:53.944+0000] {dag.py:2726} INFO - Sync 1 DAGs
[2023-06-20T09:33:53.993+0000] {logging_mixin.py:149} INFO - [2023-06-20T09:33:53.993+0000] {dag.py:3490} INFO - Setting next_dagrun for tutorial to 2023-06-19T09:33:53.992753+00:00, run_after=2023-06-20T09:33:53.992753+00:00
[2023-06-20T09:33:54.019+0000] {processor.py:179} INFO - Processing /home/airflow/.local/lib/python3.7/site-packages/airflow/example_dags/tutorial.py took 0.133 seconds
[2023-06-20T09:34:24.431+0000] {processor.py:157} INFO - Started process (PID=601) to work on /home/airflow/.local/lib/python3.7/site-packages/airflow/example_dags/tutorial.py
[2023-06-20T09:34:24.432+0000] {processor.py:826} INFO - Processing file /home/airflow/.local/lib/python3.7/site-packages/airflow/example_dags/tutorial.py for tasks to queue
[2023-06-20T09:34:24.433+0000] {logging_mixin.py:149} INFO - [2023-06-20T09:34:24.433+0000] {dagbag.py:541} INFO - Filling up the DagBag from /home/airflow/.local/lib/python3.7/site-packages/airflow/example_dags/tutorial.py
[2023-06-20T09:34:24.440+0000] {processor.py:836} INFO - DAG(s) dict_keys(['tutorial']) retrieved from /home/airflow/.local/lib/python3.7/site-packages/airflow/example_dags/tutorial.py
[2023-06-20T09:34:24.467+0000] {logging_mixin.py:149} INFO - [2023-06-20T09:34:24.467+0000] {dag.py:2726} INFO - Sync 1 DAGs
[2023-06-20T09:34:24.499+0000] {logging_mixin.py:149} INFO - [2023-06-20T09:34:24.499+0000] {dag.py:3490} INFO - Setting next_dagrun for tutorial to 2023-06-19T09:34:24.499379+00:00, run_after=2023-06-20T09:34:24.499379+00:00
[2023-06-20T09:34:24.527+0000] {processor.py:179} INFO - Processing /home/airflow/.local/lib/python3.7/site-packages/airflow/example_dags/tutorial.py took 0.100 seconds
[2023-06-20T09:34:54.765+0000] {processor.py:157} INFO - Started process (PID=667) to work on /home/airflow/.local/lib/python3.7/site-packages/airflow/example_dags/tutorial.py
[2023-06-20T09:34:54.766+0000] {processor.py:826} INFO - Processing file /home/airflow/.local/lib/python3.7/site-packages/airflow/example_dags/tutorial.py for tasks to queue
[2023-06-20T09:34:54.767+0000] {logging_mixin.py:149} INFO - [2023-06-20T09:34:54.767+0000] {dagbag.py:541} INFO - Filling up the DagBag from /home/airflow/.local/lib/python3.7/site-packages/airflow/example_dags/tutorial.py
[2023-06-20T09:34:54.774+0000] {processor.py:836} INFO - DAG(s) dict_keys(['tutorial']) retrieved from /home/airflow/.local/lib/python3.7/site-packages/airflow/example_dags/tutorial.py
[2023-06-20T09:34:54.806+0000] {logging_mixin.py:149} INFO - [2023-06-20T09:34:54.806+0000] {dag.py:2726} INFO - Sync 1 DAGs
[2023-06-20T09:34:54.835+0000] {logging_mixin.py:149} INFO - [2023-06-20T09:34:54.835+0000] {dag.py:3490} INFO - Setting next_dagrun for tutorial to 2023-06-19T09:34:54.835552+00:00, run_after=2023-06-20T09:34:54.835552+00:00
[2023-06-20T09:34:54.859+0000] {processor.py:179} INFO - Processing /home/airflow/.local/lib/python3.7/site-packages/airflow/example_dags/tutorial.py took 0.097 seconds
[2023-06-20T09:35:24.942+0000] {processor.py:157} INFO - Started process (PID=733) to work on /home/airflow/.local/lib/python3.7/site-packages/airflow/example_dags/tutorial.py
[2023-06-20T09:35:24.943+0000] {processor.py:826} INFO - Processing file /home/airflow/.local/lib/python3.7/site-packages/airflow/example_dags/tutorial.py for tasks to queue
[2023-06-20T09:35:24.945+0000] {logging_mixin.py:149} INFO - [2023-06-20T09:35:24.945+0000] {dagbag.py:541} INFO - Filling up the DagBag from /home/airflow/.local/lib/python3.7/site-packages/airflow/example_dags/tutorial.py
[2023-06-20T09:35:24.952+0000] {processor.py:836} INFO - DAG(s) dict_keys(['tutorial']) retrieved from /home/airflow/.local/lib/python3.7/site-packages/airflow/example_dags/tutorial.py
[2023-06-20T09:35:24.976+0000] {logging_mixin.py:149} INFO - [2023-06-20T09:35:24.976+0000] {dag.py:2726} INFO - Sync 1 DAGs
[2023-06-20T09:35:25.007+0000] {logging_mixin.py:149} INFO - [2023-06-20T09:35:25.006+0000] {dag.py:3490} INFO - Setting next_dagrun for tutorial to 2023-06-19T09:35:25.006545+00:00, run_after=2023-06-20T09:35:25.006545+00:00
[2023-06-20T09:35:25.033+0000] {processor.py:179} INFO - Processing /home/airflow/.local/lib/python3.7/site-packages/airflow/example_dags/tutorial.py took 0.094 seconds
[2023-06-20T09:35:55.353+0000] {processor.py:157} INFO - Started process (PID=800) to work on /home/airflow/.local/lib/python3.7/site-packages/airflow/example_dags/tutorial.py
[2023-06-20T09:35:55.354+0000] {processor.py:826} INFO - Processing file /home/airflow/.local/lib/python3.7/site-packages/airflow/example_dags/tutorial.py for tasks to queue
[2023-06-20T09:35:55.355+0000] {logging_mixin.py:149} INFO - [2023-06-20T09:35:55.355+0000] {dagbag.py:541} INFO - Filling up the DagBag from /home/airflow/.local/lib/python3.7/site-packages/airflow/example_dags/tutorial.py
[2023-06-20T09:35:55.361+0000] {processor.py:836} INFO - DAG(s) dict_keys(['tutorial']) retrieved from /home/airflow/.local/lib/python3.7/site-packages/airflow/example_dags/tutorial.py
[2023-06-20T09:35:55.386+0000] {logging_mixin.py:149} INFO - [2023-06-20T09:35:55.385+0000] {dag.py:2726} INFO - Sync 1 DAGs
[2023-06-20T09:35:55.414+0000] {logging_mixin.py:149} INFO - [2023-06-20T09:35:55.414+0000] {dag.py:3490} INFO - Setting next_dagrun for tutorial to 2023-06-19T09:35:55.414077+00:00, run_after=2023-06-20T09:35:55.414077+00:00
[2023-06-20T09:35:55.437+0000] {processor.py:179} INFO - Processing /home/airflow/.local/lib/python3.7/site-packages/airflow/example_dags/tutorial.py took 0.088 seconds
[2023-06-20T09:36:25.478+0000] {processor.py:157} INFO - Started process (PID=866) to work on /home/airflow/.local/lib/python3.7/site-packages/airflow/example_dags/tutorial.py
[2023-06-20T09:36:25.479+0000] {processor.py:826} INFO - Processing file /home/airflow/.local/lib/python3.7/site-packages/airflow/example_dags/tutorial.py for tasks to queue
[2023-06-20T09:36:25.480+0000] {logging_mixin.py:149} INFO - [2023-06-20T09:36:25.480+0000] {dagbag.py:541} INFO - Filling up the DagBag from /home/airflow/.local/lib/python3.7/site-packages/airflow/example_dags/tutorial.py
[2023-06-20T09:36:25.487+0000] {processor.py:836} INFO - DAG(s) dict_keys(['tutorial']) retrieved from /home/airflow/.local/lib/python3.7/site-packages/airflow/example_dags/tutorial.py
[2023-06-20T09:36:25.515+0000] {logging_mixin.py:149} INFO - [2023-06-20T09:36:25.515+0000] {dag.py:2726} INFO - Sync 1 DAGs
[2023-06-20T09:36:25.548+0000] {logging_mixin.py:149} INFO - [2023-06-20T09:36:25.548+0000] {dag.py:3490} INFO - Setting next_dagrun for tutorial to 2023-06-19T09:36:25.547964+00:00, run_after=2023-06-20T09:36:25.547964+00:00
[2023-06-20T09:36:25.576+0000] {processor.py:179} INFO - Processing /home/airflow/.local/lib/python3.7/site-packages/airflow/example_dags/tutorial.py took 0.101 seconds
[2023-06-20T09:36:55.965+0000] {processor.py:157} INFO - Started process (PID=932) to work on /home/airflow/.local/lib/python3.7/site-packages/airflow/example_dags/tutorial.py
[2023-06-20T09:36:55.966+0000] {processor.py:826} INFO - Processing file /home/airflow/.local/lib/python3.7/site-packages/airflow/example_dags/tutorial.py for tasks to queue
[2023-06-20T09:36:55.967+0000] {logging_mixin.py:149} INFO - [2023-06-20T09:36:55.967+0000] {dagbag.py:541} INFO - Filling up the DagBag from /home/airflow/.local/lib/python3.7/site-packages/airflow/example_dags/tutorial.py
[2023-06-20T09:36:55.974+0000] {processor.py:836} INFO - DAG(s) dict_keys(['tutorial']) retrieved from /home/airflow/.local/lib/python3.7/site-packages/airflow/example_dags/tutorial.py
[2023-06-20T09:36:55.999+0000] {logging_mixin.py:149} INFO - [2023-06-20T09:36:55.999+0000] {dag.py:2726} INFO - Sync 1 DAGs
[2023-06-20T09:36:56.026+0000] {logging_mixin.py:149} INFO - [2023-06-20T09:36:56.026+0000] {dag.py:3490} INFO - Setting next_dagrun for tutorial to 2023-06-19T09:36:56.025926+00:00, run_after=2023-06-20T09:36:56.025926+00:00
[2023-06-20T09:36:56.048+0000] {processor.py:179} INFO - Processing /home/airflow/.local/lib/python3.7/site-packages/airflow/example_dags/tutorial.py took 0.087 seconds
[2023-06-20T09:37:26.336+0000] {processor.py:157} INFO - Started process (PID=998) to work on /home/airflow/.local/lib/python3.7/site-packages/airflow/example_dags/tutorial.py
[2023-06-20T09:37:26.337+0000] {processor.py:826} INFO - Processing file /home/airflow/.local/lib/python3.7/site-packages/airflow/example_dags/tutorial.py for tasks to queue
[2023-06-20T09:37:26.339+0000] {logging_mixin.py:149} INFO - [2023-06-20T09:37:26.338+0000] {dagbag.py:541} INFO - Filling up the DagBag from /home/airflow/.local/lib/python3.7/site-packages/airflow/example_dags/tutorial.py
[2023-06-20T09:37:26.345+0000] {processor.py:836} INFO - DAG(s) dict_keys(['tutorial']) retrieved from /home/airflow/.local/lib/python3.7/site-packages/airflow/example_dags/tutorial.py
[2023-06-20T09:37:26.372+0000] {logging_mixin.py:149} INFO - [2023-06-20T09:37:26.372+0000] {dag.py:2726} INFO - Sync 1 DAGs
[2023-06-20T09:37:26.400+0000] {logging_mixin.py:149} INFO - [2023-06-20T09:37:26.400+0000] {dag.py:3490} INFO - Setting next_dagrun for tutorial to 2023-06-19T09:37:26.400325+00:00, run_after=2023-06-20T09:37:26.400325+00:00
[2023-06-20T09:37:26.423+0000] {processor.py:179} INFO - Processing /home/airflow/.local/lib/python3.7/site-packages/airflow/example_dags/tutorial.py took 0.090 seconds
[2023-06-20T09:37:56.775+0000] {processor.py:157} INFO - Started process (PID=1063) to work on /home/airflow/.local/lib/python3.7/site-packages/airflow/example_dags/tutorial.py
[2023-06-20T09:37:56.776+0000] {processor.py:826} INFO - Processing file /home/airflow/.local/lib/python3.7/site-packages/airflow/example_dags/tutorial.py for tasks to queue
[2023-06-20T09:37:56.778+0000] {logging_mixin.py:149} INFO - [2023-06-20T09:37:56.777+0000] {dagbag.py:541} INFO - Filling up the DagBag from /home/airflow/.local/lib/python3.7/site-packages/airflow/example_dags/tutorial.py
[2023-06-20T09:37:56.785+0000] {processor.py:836} INFO - DAG(s) dict_keys(['tutorial']) retrieved from /home/airflow/.local/lib/python3.7/site-packages/airflow/example_dags/tutorial.py
[2023-06-20T09:37:56.816+0000] {logging_mixin.py:149} INFO - [2023-06-20T09:37:56.816+0000] {dag.py:2726} INFO - Sync 1 DAGs
[2023-06-20T09:37:56.848+0000] {logging_mixin.py:149} INFO - [2023-06-20T09:37:56.848+0000] {dag.py:3490} INFO - Setting next_dagrun for tutorial to 2023-06-19T09:37:56.848125+00:00, run_after=2023-06-20T09:37:56.848125+00:00
[2023-06-20T09:37:56.875+0000] {processor.py:179} INFO - Processing /home/airflow/.local/lib/python3.7/site-packages/airflow/example_dags/tutorial.py took 0.103 seconds
[2023-06-20T09:38:27.125+0000] {processor.py:157} INFO - Started process (PID=1129) to work on /home/airflow/.local/lib/python3.7/site-packages/airflow/example_dags/tutorial.py
[2023-06-20T09:38:27.126+0000] {processor.py:826} INFO - Processing file /home/airflow/.local/lib/python3.7/site-packages/airflow/example_dags/tutorial.py for tasks to queue
[2023-06-20T09:38:27.128+0000] {logging_mixin.py:149} INFO - [2023-06-20T09:38:27.127+0000] {dagbag.py:541} INFO - Filling up the DagBag from /home/airflow/.local/lib/python3.7/site-packages/airflow/example_dags/tutorial.py
[2023-06-20T09:38:27.135+0000] {processor.py:836} INFO - DAG(s) dict_keys(['tutorial']) retrieved from /home/airflow/.local/lib/python3.7/site-packages/airflow/example_dags/tutorial.py
[2023-06-20T09:38:27.160+0000] {logging_mixin.py:149} INFO - [2023-06-20T09:38:27.160+0000] {dag.py:2726} INFO - Sync 1 DAGs
[2023-06-20T09:38:27.189+0000] {logging_mixin.py:149} INFO - [2023-06-20T09:38:27.189+0000] {dag.py:3490} INFO - Setting next_dagrun for tutorial to 2023-06-19T09:38:27.189321+00:00, run_after=2023-06-20T09:38:27.189321+00:00
[2023-06-20T09:38:27.217+0000] {processor.py:179} INFO - Processing /home/airflow/.local/lib/python3.7/site-packages/airflow/example_dags/tutorial.py took 0.096 seconds
[2023-06-20T09:38:57.439+0000] {processor.py:157} INFO - Started process (PID=1195) to work on /home/airflow/.local/lib/python3.7/site-packages/airflow/example_dags/tutorial.py
[2023-06-20T09:38:57.440+0000] {processor.py:826} INFO - Processing file /home/airflow/.local/lib/python3.7/site-packages/airflow/example_dags/tutorial.py for tasks to queue
[2023-06-20T09:38:57.442+0000] {logging_mixin.py:149} INFO - [2023-06-20T09:38:57.441+0000] {dagbag.py:541} INFO - Filling up the DagBag from /home/airflow/.local/lib/python3.7/site-packages/airflow/example_dags/tutorial.py
[2023-06-20T09:38:57.448+0000] {processor.py:836} INFO - DAG(s) dict_keys(['tutorial']) retrieved from /home/airflow/.local/lib/python3.7/site-packages/airflow/example_dags/tutorial.py
[2023-06-20T09:38:57.475+0000] {logging_mixin.py:149} INFO - [2023-06-20T09:38:57.475+0000] {dag.py:2726} INFO - Sync 1 DAGs
[2023-06-20T09:38:57.506+0000] {logging_mixin.py:149} INFO - [2023-06-20T09:38:57.506+0000] {dag.py:3490} INFO - Setting next_dagrun for tutorial to 2023-06-19T09:38:57.505764+00:00, run_after=2023-06-20T09:38:57.505764+00:00
[2023-06-20T09:38:57.528+0000] {processor.py:179} INFO - Processing /home/airflow/.local/lib/python3.7/site-packages/airflow/example_dags/tutorial.py took 0.092 seconds
[2023-06-20T09:39:27.874+0000] {processor.py:157} INFO - Started process (PID=1261) to work on /home/airflow/.local/lib/python3.7/site-packages/airflow/example_dags/tutorial.py
[2023-06-20T09:39:27.875+0000] {processor.py:826} INFO - Processing file /home/airflow/.local/lib/python3.7/site-packages/airflow/example_dags/tutorial.py for tasks to queue
[2023-06-20T09:39:27.876+0000] {logging_mixin.py:149} INFO - [2023-06-20T09:39:27.876+0000] {dagbag.py:541} INFO - Filling up the DagBag from /home/airflow/.local/lib/python3.7/site-packages/airflow/example_dags/tutorial.py
[2023-06-20T09:39:27.883+0000] {processor.py:836} INFO - DAG(s) dict_keys(['tutorial']) retrieved from /home/airflow/.local/lib/python3.7/site-packages/airflow/example_dags/tutorial.py
[2023-06-20T09:39:27.907+0000] {logging_mixin.py:149} INFO - [2023-06-20T09:39:27.906+0000] {dag.py:2726} INFO - Sync 1 DAGs
[2023-06-20T09:39:27.934+0000] {logging_mixin.py:149} INFO - [2023-06-20T09:39:27.933+0000] {dag.py:3490} INFO - Setting next_dagrun for tutorial to 2023-06-19T09:39:27.933639+00:00, run_after=2023-06-20T09:39:27.933639+00:00
[2023-06-20T09:39:27.956+0000] {processor.py:179} INFO - Processing /home/airflow/.local/lib/python3.7/site-packages/airflow/example_dags/tutorial.py took 0.085 seconds
[2023-06-20T09:39:58.236+0000] {processor.py:157} INFO - Started process (PID=1327) to work on /home/airflow/.local/lib/python3.7/site-packages/airflow/example_dags/tutorial.py
[2023-06-20T09:39:58.238+0000] {processor.py:826} INFO - Processing file /home/airflow/.local/lib/python3.7/site-packages/airflow/example_dags/tutorial.py for tasks to queue
[2023-06-20T09:39:58.239+0000] {logging_mixin.py:149} INFO - [2023-06-20T09:39:58.239+0000] {dagbag.py:541} INFO - Filling up the DagBag from /home/airflow/.local/lib/python3.7/site-packages/airflow/example_dags/tutorial.py
[2023-06-20T09:39:58.246+0000] {processor.py:836} INFO - DAG(s) dict_keys(['tutorial']) retrieved from /home/airflow/.local/lib/python3.7/site-packages/airflow/example_dags/tutorial.py
[2023-06-20T09:39:58.273+0000] {logging_mixin.py:149} INFO - [2023-06-20T09:39:58.273+0000] {dag.py:2726} INFO - Sync 1 DAGs
[2023-06-20T09:39:58.303+0000] {logging_mixin.py:149} INFO - [2023-06-20T09:39:58.302+0000] {dag.py:3490} INFO - Setting next_dagrun for tutorial to 2023-06-19T09:39:58.302704+00:00, run_after=2023-06-20T09:39:58.302704+00:00
[2023-06-20T09:39:58.327+0000] {processor.py:179} INFO - Processing /home/airflow/.local/lib/python3.7/site-packages/airflow/example_dags/tutorial.py took 0.093 seconds
[2023-06-20T09:40:29.165+0000] {processor.py:157} INFO - Started process (PID=1393) to work on /home/airflow/.local/lib/python3.7/site-packages/airflow/example_dags/tutorial.py
[2023-06-20T09:40:29.166+0000] {processor.py:826} INFO - Processing file /home/airflow/.local/lib/python3.7/site-packages/airflow/example_dags/tutorial.py for tasks to queue
[2023-06-20T09:40:29.167+0000] {logging_mixin.py:149} INFO - [2023-06-20T09:40:29.167+0000] {dagbag.py:541} INFO - Filling up the DagBag from /home/airflow/.local/lib/python3.7/site-packages/airflow/example_dags/tutorial.py
[2023-06-20T09:40:29.174+0000] {processor.py:836} INFO - DAG(s) dict_keys(['tutorial']) retrieved from /home/airflow/.local/lib/python3.7/site-packages/airflow/example_dags/tutorial.py
[2023-06-20T09:40:29.200+0000] {logging_mixin.py:149} INFO - [2023-06-20T09:40:29.200+0000] {dag.py:2726} INFO - Sync 1 DAGs
[2023-06-20T09:40:29.229+0000] {logging_mixin.py:149} INFO - [2023-06-20T09:40:29.229+0000] {dag.py:3490} INFO - Setting next_dagrun for tutorial to 2023-06-19T09:40:29.228954+00:00, run_after=2023-06-20T09:40:29.228954+00:00
[2023-06-20T09:40:29.252+0000] {processor.py:179} INFO - Processing /home/airflow/.local/lib/python3.7/site-packages/airflow/example_dags/tutorial.py took 0.090 seconds
[2023-06-20T09:41:00.014+0000] {processor.py:157} INFO - Started process (PID=1459) to work on /home/airflow/.local/lib/python3.7/site-packages/airflow/example_dags/tutorial.py
[2023-06-20T09:41:00.015+0000] {processor.py:826} INFO - Processing file /home/airflow/.local/lib/python3.7/site-packages/airflow/example_dags/tutorial.py for tasks to queue
[2023-06-20T09:41:00.017+0000] {logging_mixin.py:149} INFO - [2023-06-20T09:41:00.017+0000] {dagbag.py:541} INFO - Filling up the DagBag from /home/airflow/.local/lib/python3.7/site-packages/airflow/example_dags/tutorial.py
[2023-06-20T09:41:00.025+0000] {processor.py:836} INFO - DAG(s) dict_keys(['tutorial']) retrieved from /home/airflow/.local/lib/python3.7/site-packages/airflow/example_dags/tutorial.py
[2023-06-20T09:41:00.053+0000] {logging_mixin.py:149} INFO - [2023-06-20T09:41:00.052+0000] {dag.py:2726} INFO - Sync 1 DAGs
[2023-06-20T09:41:00.081+0000] {logging_mixin.py:149} INFO - [2023-06-20T09:41:00.081+0000] {dag.py:3490} INFO - Setting next_dagrun for tutorial to 2023-06-19T09:41:00.081346+00:00, run_after=2023-06-20T09:41:00.081346+00:00
[2023-06-20T09:41:00.105+0000] {processor.py:179} INFO - Processing /home/airflow/.local/lib/python3.7/site-packages/airflow/example_dags/tutorial.py took 0.095 seconds
[2023-06-20T09:41:30.976+0000] {processor.py:157} INFO - Started process (PID=1525) to work on /home/airflow/.local/lib/python3.7/site-packages/airflow/example_dags/tutorial.py
[2023-06-20T09:41:30.978+0000] {processor.py:826} INFO - Processing file /home/airflow/.local/lib/python3.7/site-packages/airflow/example_dags/tutorial.py for tasks to queue
[2023-06-20T09:41:30.979+0000] {logging_mixin.py:149} INFO - [2023-06-20T09:41:30.979+0000] {dagbag.py:541} INFO - Filling up the DagBag from /home/airflow/.local/lib/python3.7/site-packages/airflow/example_dags/tutorial.py
[2023-06-20T09:41:30.985+0000] {processor.py:836} INFO - DAG(s) dict_keys(['tutorial']) retrieved from /home/airflow/.local/lib/python3.7/site-packages/airflow/example_dags/tutorial.py
[2023-06-20T09:41:31.011+0000] {logging_mixin.py:149} INFO - [2023-06-20T09:41:31.011+0000] {dag.py:2726} INFO - Sync 1 DAGs
[2023-06-20T09:41:31.040+0000] {logging_mixin.py:149} INFO - [2023-06-20T09:41:31.040+0000] {dag.py:3490} INFO - Setting next_dagrun for tutorial to 2023-06-19T09:41:31.039888+00:00, run_after=2023-06-20T09:41:31.039888+00:00
[2023-06-20T09:41:31.064+0000] {processor.py:179} INFO - Processing /home/airflow/.local/lib/python3.7/site-packages/airflow/example_dags/tutorial.py took 0.091 seconds
[2023-06-20T09:42:01.376+0000] {processor.py:157} INFO - Started process (PID=1591) to work on /home/airflow/.local/lib/python3.7/site-packages/airflow/example_dags/tutorial.py
[2023-06-20T09:42:01.377+0000] {processor.py:826} INFO - Processing file /home/airflow/.local/lib/python3.7/site-packages/airflow/example_dags/tutorial.py for tasks to queue
[2023-06-20T09:42:01.378+0000] {logging_mixin.py:149} INFO - [2023-06-20T09:42:01.378+0000] {dagbag.py:541} INFO - Filling up the DagBag from /home/airflow/.local/lib/python3.7/site-packages/airflow/example_dags/tutorial.py
[2023-06-20T09:42:01.385+0000] {processor.py:836} INFO - DAG(s) dict_keys(['tutorial']) retrieved from /home/airflow/.local/lib/python3.7/site-packages/airflow/example_dags/tutorial.py
[2023-06-20T09:42:01.412+0000] {logging_mixin.py:149} INFO - [2023-06-20T09:42:01.411+0000] {dag.py:2726} INFO - Sync 1 DAGs
[2023-06-20T09:42:01.445+0000] {logging_mixin.py:149} INFO - [2023-06-20T09:42:01.445+0000] {dag.py:3490} INFO - Setting next_dagrun for tutorial to 2023-06-19T09:42:01.444816+00:00, run_after=2023-06-20T09:42:01.444816+00:00
[2023-06-20T09:42:01.469+0000] {processor.py:179} INFO - Processing /home/airflow/.local/lib/python3.7/site-packages/airflow/example_dags/tutorial.py took 0.097 seconds
[2023-06-20T09:42:31.902+0000] {processor.py:157} INFO - Started process (PID=1657) to work on /home/airflow/.local/lib/python3.7/site-packages/airflow/example_dags/tutorial.py
[2023-06-20T09:42:31.903+0000] {processor.py:826} INFO - Processing file /home/airflow/.local/lib/python3.7/site-packages/airflow/example_dags/tutorial.py for tasks to queue
[2023-06-20T09:42:31.904+0000] {logging_mixin.py:149} INFO - [2023-06-20T09:42:31.904+0000] {dagbag.py:541} INFO - Filling up the DagBag from /home/airflow/.local/lib/python3.7/site-packages/airflow/example_dags/tutorial.py
[2023-06-20T09:42:31.911+0000] {processor.py:836} INFO - DAG(s) dict_keys(['tutorial']) retrieved from /home/airflow/.local/lib/python3.7/site-packages/airflow/example_dags/tutorial.py
[2023-06-20T09:42:31.938+0000] {logging_mixin.py:149} INFO - [2023-06-20T09:42:31.938+0000] {dag.py:2726} INFO - Sync 1 DAGs
[2023-06-20T09:42:31.974+0000] {logging_mixin.py:149} INFO - [2023-06-20T09:42:31.974+0000] {dag.py:3490} INFO - Setting next_dagrun for tutorial to 2023-06-19T09:42:31.974462+00:00, run_after=2023-06-20T09:42:31.974462+00:00
[2023-06-20T09:42:32.001+0000] {processor.py:179} INFO - Processing /home/airflow/.local/lib/python3.7/site-packages/airflow/example_dags/tutorial.py took 0.103 seconds
[2023-06-20T09:43:02.494+0000] {processor.py:157} INFO - Started process (PID=1723) to work on /home/airflow/.local/lib/python3.7/site-packages/airflow/example_dags/tutorial.py
[2023-06-20T09:43:02.496+0000] {processor.py:826} INFO - Processing file /home/airflow/.local/lib/python3.7/site-packages/airflow/example_dags/tutorial.py for tasks to queue
[2023-06-20T09:43:02.497+0000] {logging_mixin.py:149} INFO - [2023-06-20T09:43:02.497+0000] {dagbag.py:541} INFO - Filling up the DagBag from /home/airflow/.local/lib/python3.7/site-packages/airflow/example_dags/tutorial.py
[2023-06-20T09:43:02.503+0000] {processor.py:836} INFO - DAG(s) dict_keys(['tutorial']) retrieved from /home/airflow/.local/lib/python3.7/site-packages/airflow/example_dags/tutorial.py
[2023-06-20T09:43:02.532+0000] {logging_mixin.py:149} INFO - [2023-06-20T09:43:02.531+0000] {dag.py:2726} INFO - Sync 1 DAGs
[2023-06-20T09:43:02.565+0000] {logging_mixin.py:149} INFO - [2023-06-20T09:43:02.565+0000] {dag.py:3490} INFO - Setting next_dagrun for tutorial to 2023-06-19T09:43:02.565113+00:00, run_after=2023-06-20T09:43:02.565113+00:00
[2023-06-20T09:43:02.593+0000] {processor.py:179} INFO - Processing /home/airflow/.local/lib/python3.7/site-packages/airflow/example_dags/tutorial.py took 0.103 seconds
[2023-06-20T09:43:33.986+0000] {processor.py:157} INFO - Started process (PID=1789) to work on /home/airflow/.local/lib/python3.7/site-packages/airflow/example_dags/tutorial.py
[2023-06-20T09:43:33.987+0000] {processor.py:826} INFO - Processing file /home/airflow/.local/lib/python3.7/site-packages/airflow/example_dags/tutorial.py for tasks to queue
[2023-06-20T09:43:33.989+0000] {logging_mixin.py:149} INFO - [2023-06-20T09:43:33.989+0000] {dagbag.py:541} INFO - Filling up the DagBag from /home/airflow/.local/lib/python3.7/site-packages/airflow/example_dags/tutorial.py
[2023-06-20T09:43:33.999+0000] {processor.py:836} INFO - DAG(s) dict_keys(['tutorial']) retrieved from /home/airflow/.local/lib/python3.7/site-packages/airflow/example_dags/tutorial.py
[2023-06-20T09:43:34.046+0000] {logging_mixin.py:149} INFO - [2023-06-20T09:43:34.045+0000] {dag.py:2726} INFO - Sync 1 DAGs
[2023-06-20T09:43:34.082+0000] {logging_mixin.py:149} INFO - [2023-06-20T09:43:34.082+0000] {dag.py:3490} INFO - Setting next_dagrun for tutorial to 2023-06-19T09:43:34.081766+00:00, run_after=2023-06-20T09:43:34.081766+00:00
[2023-06-20T09:43:34.115+0000] {processor.py:179} INFO - Processing /home/airflow/.local/lib/python3.7/site-packages/airflow/example_dags/tutorial.py took 0.134 seconds
[2023-06-20T09:44:04.360+0000] {processor.py:157} INFO - Started process (PID=1855) to work on /home/airflow/.local/lib/python3.7/site-packages/airflow/example_dags/tutorial.py
[2023-06-20T09:44:04.361+0000] {processor.py:826} INFO - Processing file /home/airflow/.local/lib/python3.7/site-packages/airflow/example_dags/tutorial.py for tasks to queue
[2023-06-20T09:44:04.362+0000] {logging_mixin.py:149} INFO - [2023-06-20T09:44:04.362+0000] {dagbag.py:541} INFO - Filling up the DagBag from /home/airflow/.local/lib/python3.7/site-packages/airflow/example_dags/tutorial.py
[2023-06-20T09:44:04.370+0000] {processor.py:836} INFO - DAG(s) dict_keys(['tutorial']) retrieved from /home/airflow/.local/lib/python3.7/site-packages/airflow/example_dags/tutorial.py
[2023-06-20T09:44:04.398+0000] {logging_mixin.py:149} INFO - [2023-06-20T09:44:04.398+0000] {dag.py:2726} INFO - Sync 1 DAGs
[2023-06-20T09:44:04.433+0000] {logging_mixin.py:149} INFO - [2023-06-20T09:44:04.432+0000] {dag.py:3490} INFO - Setting next_dagrun for tutorial to 2023-06-19T09:44:04.432616+00:00, run_after=2023-06-20T09:44:04.432616+00:00
[2023-06-20T09:44:04.460+0000] {processor.py:179} INFO - Processing /home/airflow/.local/lib/python3.7/site-packages/airflow/example_dags/tutorial.py took 0.104 seconds
[2023-06-20T09:44:34.968+0000] {processor.py:157} INFO - Started process (PID=1921) to work on /home/airflow/.local/lib/python3.7/site-packages/airflow/example_dags/tutorial.py
[2023-06-20T09:44:34.969+0000] {processor.py:826} INFO - Processing file /home/airflow/.local/lib/python3.7/site-packages/airflow/example_dags/tutorial.py for tasks to queue
[2023-06-20T09:44:34.971+0000] {logging_mixin.py:149} INFO - [2023-06-20T09:44:34.970+0000] {dagbag.py:541} INFO - Filling up the DagBag from /home/airflow/.local/lib/python3.7/site-packages/airflow/example_dags/tutorial.py
[2023-06-20T09:44:34.978+0000] {processor.py:836} INFO - DAG(s) dict_keys(['tutorial']) retrieved from /home/airflow/.local/lib/python3.7/site-packages/airflow/example_dags/tutorial.py
[2023-06-20T09:44:35.005+0000] {logging_mixin.py:149} INFO - [2023-06-20T09:44:35.005+0000] {dag.py:2726} INFO - Sync 1 DAGs
[2023-06-20T09:44:35.037+0000] {logging_mixin.py:149} INFO - [2023-06-20T09:44:35.037+0000] {dag.py:3490} INFO - Setting next_dagrun for tutorial to 2023-06-19T09:44:35.037157+00:00, run_after=2023-06-20T09:44:35.037157+00:00
[2023-06-20T09:44:35.064+0000] {processor.py:179} INFO - Processing /home/airflow/.local/lib/python3.7/site-packages/airflow/example_dags/tutorial.py took 0.101 seconds
[2023-06-20T09:45:05.449+0000] {processor.py:157} INFO - Started process (PID=1987) to work on /home/airflow/.local/lib/python3.7/site-packages/airflow/example_dags/tutorial.py
[2023-06-20T09:45:05.450+0000] {processor.py:826} INFO - Processing file /home/airflow/.local/lib/python3.7/site-packages/airflow/example_dags/tutorial.py for tasks to queue
[2023-06-20T09:45:05.451+0000] {logging_mixin.py:149} INFO - [2023-06-20T09:45:05.451+0000] {dagbag.py:541} INFO - Filling up the DagBag from /home/airflow/.local/lib/python3.7/site-packages/airflow/example_dags/tutorial.py
[2023-06-20T09:45:05.458+0000] {processor.py:836} INFO - DAG(s) dict_keys(['tutorial']) retrieved from /home/airflow/.local/lib/python3.7/site-packages/airflow/example_dags/tutorial.py
[2023-06-20T09:45:05.482+0000] {logging_mixin.py:149} INFO - [2023-06-20T09:45:05.482+0000] {dag.py:2726} INFO - Sync 1 DAGs
[2023-06-20T09:45:05.512+0000] {logging_mixin.py:149} INFO - [2023-06-20T09:45:05.512+0000] {dag.py:3490} INFO - Setting next_dagrun for tutorial to 2023-06-19T09:45:05.511809+00:00, run_after=2023-06-20T09:45:05.511809+00:00
[2023-06-20T09:45:05.534+0000] {processor.py:179} INFO - Processing /home/airflow/.local/lib/python3.7/site-packages/airflow/example_dags/tutorial.py took 0.089 seconds
[2023-06-20T09:45:36.405+0000] {processor.py:157} INFO - Started process (PID=2053) to work on /home/airflow/.local/lib/python3.7/site-packages/airflow/example_dags/tutorial.py
[2023-06-20T09:45:36.407+0000] {processor.py:826} INFO - Processing file /home/airflow/.local/lib/python3.7/site-packages/airflow/example_dags/tutorial.py for tasks to queue
[2023-06-20T09:45:36.408+0000] {logging_mixin.py:149} INFO - [2023-06-20T09:45:36.408+0000] {dagbag.py:541} INFO - Filling up the DagBag from /home/airflow/.local/lib/python3.7/site-packages/airflow/example_dags/tutorial.py
[2023-06-20T09:45:36.414+0000] {processor.py:836} INFO - DAG(s) dict_keys(['tutorial']) retrieved from /home/airflow/.local/lib/python3.7/site-packages/airflow/example_dags/tutorial.py
[2023-06-20T09:45:36.440+0000] {logging_mixin.py:149} INFO - [2023-06-20T09:45:36.440+0000] {dag.py:2726} INFO - Sync 1 DAGs
[2023-06-20T09:45:36.470+0000] {logging_mixin.py:149} INFO - [2023-06-20T09:45:36.469+0000] {dag.py:3490} INFO - Setting next_dagrun for tutorial to 2023-06-19T09:45:36.469711+00:00, run_after=2023-06-20T09:45:36.469711+00:00
[2023-06-20T09:45:36.492+0000] {processor.py:179} INFO - Processing /home/airflow/.local/lib/python3.7/site-packages/airflow/example_dags/tutorial.py took 0.089 seconds
[2023-06-20T09:46:06.940+0000] {processor.py:157} INFO - Started process (PID=2119) to work on /home/airflow/.local/lib/python3.7/site-packages/airflow/example_dags/tutorial.py
[2023-06-20T09:46:06.941+0000] {processor.py:826} INFO - Processing file /home/airflow/.local/lib/python3.7/site-packages/airflow/example_dags/tutorial.py for tasks to queue
[2023-06-20T09:46:06.942+0000] {logging_mixin.py:149} INFO - [2023-06-20T09:46:06.942+0000] {dagbag.py:541} INFO - Filling up the DagBag from /home/airflow/.local/lib/python3.7/site-packages/airflow/example_dags/tutorial.py
[2023-06-20T09:46:06.949+0000] {processor.py:836} INFO - DAG(s) dict_keys(['tutorial']) retrieved from /home/airflow/.local/lib/python3.7/site-packages/airflow/example_dags/tutorial.py
[2023-06-20T09:46:06.975+0000] {logging_mixin.py:149} INFO - [2023-06-20T09:46:06.975+0000] {dag.py:2726} INFO - Sync 1 DAGs
[2023-06-20T09:46:07.007+0000] {logging_mixin.py:149} INFO - [2023-06-20T09:46:07.006+0000] {dag.py:3490} INFO - Setting next_dagrun for tutorial to 2023-06-19T09:46:07.006648+00:00, run_after=2023-06-20T09:46:07.006648+00:00
[2023-06-20T09:46:07.031+0000] {processor.py:179} INFO - Processing /home/airflow/.local/lib/python3.7/site-packages/airflow/example_dags/tutorial.py took 0.094 seconds
[2023-06-20T09:46:37.258+0000] {processor.py:157} INFO - Started process (PID=2186) to work on /home/airflow/.local/lib/python3.7/site-packages/airflow/example_dags/tutorial.py
[2023-06-20T09:46:37.260+0000] {processor.py:826} INFO - Processing file /home/airflow/.local/lib/python3.7/site-packages/airflow/example_dags/tutorial.py for tasks to queue
[2023-06-20T09:46:37.261+0000] {logging_mixin.py:149} INFO - [2023-06-20T09:46:37.261+0000] {dagbag.py:541} INFO - Filling up the DagBag from /home/airflow/.local/lib/python3.7/site-packages/airflow/example_dags/tutorial.py
[2023-06-20T09:46:37.268+0000] {processor.py:836} INFO - DAG(s) dict_keys(['tutorial']) retrieved from /home/airflow/.local/lib/python3.7/site-packages/airflow/example_dags/tutorial.py
[2023-06-20T09:46:37.292+0000] {logging_mixin.py:149} INFO - [2023-06-20T09:46:37.292+0000] {dag.py:2726} INFO - Sync 1 DAGs
[2023-06-20T09:46:37.322+0000] {logging_mixin.py:149} INFO - [2023-06-20T09:46:37.322+0000] {dag.py:3490} INFO - Setting next_dagrun for tutorial to 2023-06-19T09:46:37.321821+00:00, run_after=2023-06-20T09:46:37.321821+00:00
[2023-06-20T09:46:37.346+0000] {processor.py:179} INFO - Processing /home/airflow/.local/lib/python3.7/site-packages/airflow/example_dags/tutorial.py took 0.091 seconds
[2023-06-20T09:47:07.682+0000] {processor.py:157} INFO - Started process (PID=2252) to work on /home/airflow/.local/lib/python3.7/site-packages/airflow/example_dags/tutorial.py
[2023-06-20T09:47:07.683+0000] {processor.py:826} INFO - Processing file /home/airflow/.local/lib/python3.7/site-packages/airflow/example_dags/tutorial.py for tasks to queue
[2023-06-20T09:47:07.684+0000] {logging_mixin.py:149} INFO - [2023-06-20T09:47:07.684+0000] {dagbag.py:541} INFO - Filling up the DagBag from /home/airflow/.local/lib/python3.7/site-packages/airflow/example_dags/tutorial.py
[2023-06-20T09:47:07.691+0000] {processor.py:836} INFO - DAG(s) dict_keys(['tutorial']) retrieved from /home/airflow/.local/lib/python3.7/site-packages/airflow/example_dags/tutorial.py
[2023-06-20T09:47:07.715+0000] {logging_mixin.py:149} INFO - [2023-06-20T09:47:07.714+0000] {dag.py:2726} INFO - Sync 1 DAGs
[2023-06-20T09:47:07.741+0000] {logging_mixin.py:149} INFO - [2023-06-20T09:47:07.741+0000] {dag.py:3490} INFO - Setting next_dagrun for tutorial to 2023-06-19T09:47:07.741042+00:00, run_after=2023-06-20T09:47:07.741042+00:00
[2023-06-20T09:47:07.765+0000] {processor.py:179} INFO - Processing /home/airflow/.local/lib/python3.7/site-packages/airflow/example_dags/tutorial.py took 0.086 seconds
[2023-06-20T09:47:38.819+0000] {processor.py:157} INFO - Started process (PID=2318) to work on /home/airflow/.local/lib/python3.7/site-packages/airflow/example_dags/tutorial.py
[2023-06-20T09:47:38.820+0000] {processor.py:826} INFO - Processing file /home/airflow/.local/lib/python3.7/site-packages/airflow/example_dags/tutorial.py for tasks to queue
[2023-06-20T09:47:38.822+0000] {logging_mixin.py:149} INFO - [2023-06-20T09:47:38.821+0000] {dagbag.py:541} INFO - Filling up the DagBag from /home/airflow/.local/lib/python3.7/site-packages/airflow/example_dags/tutorial.py
[2023-06-20T09:47:38.828+0000] {processor.py:836} INFO - DAG(s) dict_keys(['tutorial']) retrieved from /home/airflow/.local/lib/python3.7/site-packages/airflow/example_dags/tutorial.py
[2023-06-20T09:47:38.856+0000] {logging_mixin.py:149} INFO - [2023-06-20T09:47:38.856+0000] {dag.py:2726} INFO - Sync 1 DAGs
[2023-06-20T09:47:38.888+0000] {logging_mixin.py:149} INFO - [2023-06-20T09:47:38.888+0000] {dag.py:3490} INFO - Setting next_dagrun for tutorial to 2023-06-19T09:47:38.888330+00:00, run_after=2023-06-20T09:47:38.888330+00:00
[2023-06-20T09:47:38.912+0000] {processor.py:179} INFO - Processing /home/airflow/.local/lib/python3.7/site-packages/airflow/example_dags/tutorial.py took 0.097 seconds
[2023-06-20T09:48:09.483+0000] {processor.py:157} INFO - Started process (PID=2384) to work on /home/airflow/.local/lib/python3.7/site-packages/airflow/example_dags/tutorial.py
[2023-06-20T09:48:09.484+0000] {processor.py:826} INFO - Processing file /home/airflow/.local/lib/python3.7/site-packages/airflow/example_dags/tutorial.py for tasks to queue
[2023-06-20T09:48:09.486+0000] {logging_mixin.py:149} INFO - [2023-06-20T09:48:09.486+0000] {dagbag.py:541} INFO - Filling up the DagBag from /home/airflow/.local/lib/python3.7/site-packages/airflow/example_dags/tutorial.py
[2023-06-20T09:48:09.495+0000] {processor.py:836} INFO - DAG(s) dict_keys(['tutorial']) retrieved from /home/airflow/.local/lib/python3.7/site-packages/airflow/example_dags/tutorial.py
[2023-06-20T09:48:09.528+0000] {logging_mixin.py:149} INFO - [2023-06-20T09:48:09.527+0000] {dag.py:2726} INFO - Sync 1 DAGs
[2023-06-20T09:48:09.566+0000] {logging_mixin.py:149} INFO - [2023-06-20T09:48:09.566+0000] {dag.py:3490} INFO - Setting next_dagrun for tutorial to 2023-06-19T09:48:09.565711+00:00, run_after=2023-06-20T09:48:09.565711+00:00
[2023-06-20T09:48:09.597+0000] {processor.py:179} INFO - Processing /home/airflow/.local/lib/python3.7/site-packages/airflow/example_dags/tutorial.py took 0.118 seconds
[2023-06-20T09:48:40.584+0000] {processor.py:157} INFO - Started process (PID=2450) to work on /home/airflow/.local/lib/python3.7/site-packages/airflow/example_dags/tutorial.py
[2023-06-20T09:48:40.586+0000] {processor.py:826} INFO - Processing file /home/airflow/.local/lib/python3.7/site-packages/airflow/example_dags/tutorial.py for tasks to queue
[2023-06-20T09:48:40.587+0000] {logging_mixin.py:149} INFO - [2023-06-20T09:48:40.587+0000] {dagbag.py:541} INFO - Filling up the DagBag from /home/airflow/.local/lib/python3.7/site-packages/airflow/example_dags/tutorial.py
[2023-06-20T09:48:40.593+0000] {processor.py:836} INFO - DAG(s) dict_keys(['tutorial']) retrieved from /home/airflow/.local/lib/python3.7/site-packages/airflow/example_dags/tutorial.py
[2023-06-20T09:48:40.615+0000] {logging_mixin.py:149} INFO - [2023-06-20T09:48:40.615+0000] {dag.py:2726} INFO - Sync 1 DAGs
[2023-06-20T09:48:40.639+0000] {logging_mixin.py:149} INFO - [2023-06-20T09:48:40.639+0000] {dag.py:3490} INFO - Setting next_dagrun for tutorial to 2023-06-19T09:48:40.639312+00:00, run_after=2023-06-20T09:48:40.639312+00:00
[2023-06-20T09:48:40.663+0000] {processor.py:179} INFO - Processing /home/airflow/.local/lib/python3.7/site-packages/airflow/example_dags/tutorial.py took 0.081 seconds
[2023-06-20T09:49:10.878+0000] {processor.py:157} INFO - Started process (PID=2516) to work on /home/airflow/.local/lib/python3.7/site-packages/airflow/example_dags/tutorial.py
[2023-06-20T09:49:10.879+0000] {processor.py:826} INFO - Processing file /home/airflow/.local/lib/python3.7/site-packages/airflow/example_dags/tutorial.py for tasks to queue
[2023-06-20T09:49:10.880+0000] {logging_mixin.py:149} INFO - [2023-06-20T09:49:10.880+0000] {dagbag.py:541} INFO - Filling up the DagBag from /home/airflow/.local/lib/python3.7/site-packages/airflow/example_dags/tutorial.py
[2023-06-20T09:49:10.886+0000] {processor.py:836} INFO - DAG(s) dict_keys(['tutorial']) retrieved from /home/airflow/.local/lib/python3.7/site-packages/airflow/example_dags/tutorial.py
[2023-06-20T09:49:10.907+0000] {logging_mixin.py:149} INFO - [2023-06-20T09:49:10.907+0000] {dag.py:2726} INFO - Sync 1 DAGs
[2023-06-20T09:49:10.929+0000] {logging_mixin.py:149} INFO - [2023-06-20T09:49:10.929+0000] {dag.py:3490} INFO - Setting next_dagrun for tutorial to 2023-06-19T09:49:10.929134+00:00, run_after=2023-06-20T09:49:10.929134+00:00
[2023-06-20T09:49:10.949+0000] {processor.py:179} INFO - Processing /home/airflow/.local/lib/python3.7/site-packages/airflow/example_dags/tutorial.py took 0.074 seconds
[2023-06-20T09:49:41.377+0000] {processor.py:157} INFO - Started process (PID=2582) to work on /home/airflow/.local/lib/python3.7/site-packages/airflow/example_dags/tutorial.py
[2023-06-20T09:49:41.378+0000] {processor.py:826} INFO - Processing file /home/airflow/.local/lib/python3.7/site-packages/airflow/example_dags/tutorial.py for tasks to queue
[2023-06-20T09:49:41.379+0000] {logging_mixin.py:149} INFO - [2023-06-20T09:49:41.379+0000] {dagbag.py:541} INFO - Filling up the DagBag from /home/airflow/.local/lib/python3.7/site-packages/airflow/example_dags/tutorial.py
[2023-06-20T09:49:41.385+0000] {processor.py:836} INFO - DAG(s) dict_keys(['tutorial']) retrieved from /home/airflow/.local/lib/python3.7/site-packages/airflow/example_dags/tutorial.py
[2023-06-20T09:49:41.413+0000] {logging_mixin.py:149} INFO - [2023-06-20T09:49:41.413+0000] {dag.py:2726} INFO - Sync 1 DAGs
[2023-06-20T09:49:41.443+0000] {logging_mixin.py:149} INFO - [2023-06-20T09:49:41.442+0000] {dag.py:3490} INFO - Setting next_dagrun for tutorial to 2023-06-19T09:49:41.442685+00:00, run_after=2023-06-20T09:49:41.442685+00:00
[2023-06-20T09:49:41.470+0000] {processor.py:179} INFO - Processing /home/airflow/.local/lib/python3.7/site-packages/airflow/example_dags/tutorial.py took 0.095 seconds
[2023-06-20T09:50:11.657+0000] {processor.py:157} INFO - Started process (PID=2648) to work on /home/airflow/.local/lib/python3.7/site-packages/airflow/example_dags/tutorial.py
[2023-06-20T09:50:11.659+0000] {processor.py:826} INFO - Processing file /home/airflow/.local/lib/python3.7/site-packages/airflow/example_dags/tutorial.py for tasks to queue
[2023-06-20T09:50:11.660+0000] {logging_mixin.py:149} INFO - [2023-06-20T09:50:11.660+0000] {dagbag.py:541} INFO - Filling up the DagBag from /home/airflow/.local/lib/python3.7/site-packages/airflow/example_dags/tutorial.py
[2023-06-20T09:50:11.667+0000] {processor.py:836} INFO - DAG(s) dict_keys(['tutorial']) retrieved from /home/airflow/.local/lib/python3.7/site-packages/airflow/example_dags/tutorial.py
[2023-06-20T09:50:11.692+0000] {logging_mixin.py:149} INFO - [2023-06-20T09:50:11.692+0000] {dag.py:2726} INFO - Sync 1 DAGs
[2023-06-20T09:50:11.720+0000] {logging_mixin.py:149} INFO - [2023-06-20T09:50:11.720+0000] {dag.py:3490} INFO - Setting next_dagrun for tutorial to 2023-06-19T09:50:11.720262+00:00, run_after=2023-06-20T09:50:11.720262+00:00
[2023-06-20T09:50:11.747+0000] {processor.py:179} INFO - Processing /home/airflow/.local/lib/python3.7/site-packages/airflow/example_dags/tutorial.py took 0.093 seconds
[2023-06-20T09:50:42.018+0000] {processor.py:157} INFO - Started process (PID=2714) to work on /home/airflow/.local/lib/python3.7/site-packages/airflow/example_dags/tutorial.py
[2023-06-20T09:50:42.020+0000] {processor.py:826} INFO - Processing file /home/airflow/.local/lib/python3.7/site-packages/airflow/example_dags/tutorial.py for tasks to queue
[2023-06-20T09:50:42.021+0000] {logging_mixin.py:149} INFO - [2023-06-20T09:50:42.021+0000] {dagbag.py:541} INFO - Filling up the DagBag from /home/airflow/.local/lib/python3.7/site-packages/airflow/example_dags/tutorial.py
[2023-06-20T09:50:42.027+0000] {processor.py:836} INFO - DAG(s) dict_keys(['tutorial']) retrieved from /home/airflow/.local/lib/python3.7/site-packages/airflow/example_dags/tutorial.py
[2023-06-20T09:50:42.052+0000] {logging_mixin.py:149} INFO - [2023-06-20T09:50:42.052+0000] {dag.py:2726} INFO - Sync 1 DAGs
[2023-06-20T09:50:42.078+0000] {logging_mixin.py:149} INFO - [2023-06-20T09:50:42.078+0000] {dag.py:3490} INFO - Setting next_dagrun for tutorial to 2023-06-19T09:50:42.078111+00:00, run_after=2023-06-20T09:50:42.078111+00:00
[2023-06-20T09:50:42.103+0000] {processor.py:179} INFO - Processing /home/airflow/.local/lib/python3.7/site-packages/airflow/example_dags/tutorial.py took 0.087 seconds
[2023-06-20T09:51:12.532+0000] {processor.py:157} INFO - Started process (PID=2780) to work on /home/airflow/.local/lib/python3.7/site-packages/airflow/example_dags/tutorial.py
[2023-06-20T09:51:12.533+0000] {processor.py:826} INFO - Processing file /home/airflow/.local/lib/python3.7/site-packages/airflow/example_dags/tutorial.py for tasks to queue
[2023-06-20T09:51:12.535+0000] {logging_mixin.py:149} INFO - [2023-06-20T09:51:12.534+0000] {dagbag.py:541} INFO - Filling up the DagBag from /home/airflow/.local/lib/python3.7/site-packages/airflow/example_dags/tutorial.py
[2023-06-20T09:51:12.541+0000] {processor.py:836} INFO - DAG(s) dict_keys(['tutorial']) retrieved from /home/airflow/.local/lib/python3.7/site-packages/airflow/example_dags/tutorial.py
[2023-06-20T09:51:12.563+0000] {logging_mixin.py:149} INFO - [2023-06-20T09:51:12.563+0000] {dag.py:2726} INFO - Sync 1 DAGs
[2023-06-20T09:51:12.589+0000] {logging_mixin.py:149} INFO - [2023-06-20T09:51:12.589+0000] {dag.py:3490} INFO - Setting next_dagrun for tutorial to 2023-06-19T09:51:12.589030+00:00, run_after=2023-06-20T09:51:12.589030+00:00
[2023-06-20T09:51:12.612+0000] {processor.py:179} INFO - Processing /home/airflow/.local/lib/python3.7/site-packages/airflow/example_dags/tutorial.py took 0.083 seconds
[2023-06-20T09:51:42.925+0000] {processor.py:157} INFO - Started process (PID=2846) to work on /home/airflow/.local/lib/python3.7/site-packages/airflow/example_dags/tutorial.py
[2023-06-20T09:51:42.926+0000] {processor.py:826} INFO - Processing file /home/airflow/.local/lib/python3.7/site-packages/airflow/example_dags/tutorial.py for tasks to queue
[2023-06-20T09:51:42.927+0000] {logging_mixin.py:149} INFO - [2023-06-20T09:51:42.927+0000] {dagbag.py:541} INFO - Filling up the DagBag from /home/airflow/.local/lib/python3.7/site-packages/airflow/example_dags/tutorial.py
[2023-06-20T09:51:42.933+0000] {processor.py:836} INFO - DAG(s) dict_keys(['tutorial']) retrieved from /home/airflow/.local/lib/python3.7/site-packages/airflow/example_dags/tutorial.py
[2023-06-20T09:51:42.955+0000] {logging_mixin.py:149} INFO - [2023-06-20T09:51:42.955+0000] {dag.py:2726} INFO - Sync 1 DAGs
[2023-06-20T09:51:42.983+0000] {logging_mixin.py:149} INFO - [2023-06-20T09:51:42.983+0000] {dag.py:3490} INFO - Setting next_dagrun for tutorial to 2023-06-19T09:51:42.983101+00:00, run_after=2023-06-20T09:51:42.983101+00:00
[2023-06-20T09:51:43.009+0000] {processor.py:179} INFO - Processing /home/airflow/.local/lib/python3.7/site-packages/airflow/example_dags/tutorial.py took 0.087 seconds
[2023-06-20T09:52:13.314+0000] {processor.py:157} INFO - Started process (PID=2912) to work on /home/airflow/.local/lib/python3.7/site-packages/airflow/example_dags/tutorial.py
[2023-06-20T09:52:13.315+0000] {processor.py:826} INFO - Processing file /home/airflow/.local/lib/python3.7/site-packages/airflow/example_dags/tutorial.py for tasks to queue
[2023-06-20T09:52:13.316+0000] {logging_mixin.py:149} INFO - [2023-06-20T09:52:13.316+0000] {dagbag.py:541} INFO - Filling up the DagBag from /home/airflow/.local/lib/python3.7/site-packages/airflow/example_dags/tutorial.py
[2023-06-20T09:52:13.322+0000] {processor.py:836} INFO - DAG(s) dict_keys(['tutorial']) retrieved from /home/airflow/.local/lib/python3.7/site-packages/airflow/example_dags/tutorial.py
[2023-06-20T09:52:13.344+0000] {logging_mixin.py:149} INFO - [2023-06-20T09:52:13.344+0000] {dag.py:2726} INFO - Sync 1 DAGs
[2023-06-20T09:52:13.372+0000] {logging_mixin.py:149} INFO - [2023-06-20T09:52:13.372+0000] {dag.py:3490} INFO - Setting next_dagrun for tutorial to 2023-06-19T09:52:13.371924+00:00, run_after=2023-06-20T09:52:13.371924+00:00
[2023-06-20T09:52:13.394+0000] {processor.py:179} INFO - Processing /home/airflow/.local/lib/python3.7/site-packages/airflow/example_dags/tutorial.py took 0.082 seconds
[2023-06-20T09:52:43.582+0000] {processor.py:157} INFO - Started process (PID=2978) to work on /home/airflow/.local/lib/python3.7/site-packages/airflow/example_dags/tutorial.py
[2023-06-20T09:52:43.583+0000] {processor.py:826} INFO - Processing file /home/airflow/.local/lib/python3.7/site-packages/airflow/example_dags/tutorial.py for tasks to queue
[2023-06-20T09:52:43.584+0000] {logging_mixin.py:149} INFO - [2023-06-20T09:52:43.584+0000] {dagbag.py:541} INFO - Filling up the DagBag from /home/airflow/.local/lib/python3.7/site-packages/airflow/example_dags/tutorial.py
[2023-06-20T09:52:43.590+0000] {processor.py:836} INFO - DAG(s) dict_keys(['tutorial']) retrieved from /home/airflow/.local/lib/python3.7/site-packages/airflow/example_dags/tutorial.py
[2023-06-20T09:52:43.613+0000] {logging_mixin.py:149} INFO - [2023-06-20T09:52:43.613+0000] {dag.py:2726} INFO - Sync 1 DAGs
[2023-06-20T09:52:43.641+0000] {logging_mixin.py:149} INFO - [2023-06-20T09:52:43.641+0000] {dag.py:3490} INFO - Setting next_dagrun for tutorial to 2023-06-19T09:52:43.641205+00:00, run_after=2023-06-20T09:52:43.641205+00:00
[2023-06-20T09:52:43.665+0000] {processor.py:179} INFO - Processing /home/airflow/.local/lib/python3.7/site-packages/airflow/example_dags/tutorial.py took 0.086 seconds
