[2023-06-21T09:50:51.483+0000] {processor.py:157} INFO - Started process (PID=42) to work on /home/airflow/.local/lib/python3.7/site-packages/airflow/example_dags/example_datasets.py
[2023-06-21T09:50:51.485+0000] {processor.py:826} INFO - Processing file /home/airflow/.local/lib/python3.7/site-packages/airflow/example_dags/example_datasets.py for tasks to queue
[2023-06-21T09:50:51.486+0000] {logging_mixin.py:149} INFO - [2023-06-21T09:50:51.486+0000] {dagbag.py:541} INFO - Filling up the DagBag from /home/airflow/.local/lib/python3.7/site-packages/airflow/example_dags/example_datasets.py
[2023-06-21T09:50:51.499+0000] {processor.py:836} INFO - DAG(s) dict_keys(['dataset_consumes_1_and_2', 'dataset_produces_2', 'dataset_consumes_unknown_never_scheduled', 'dataset_produces_1', 'dataset_consumes_1', 'dataset_consumes_1_never_scheduled']) retrieved from /home/airflow/.local/lib/python3.7/site-packages/airflow/example_dags/example_datasets.py
[2023-06-21T09:50:51.518+0000] {logging_mixin.py:149} INFO - [2023-06-21T09:50:51.518+0000] {dag.py:2726} INFO - Sync 6 DAGs
[2023-06-21T09:50:51.549+0000] {logging_mixin.py:149} INFO - [2023-06-21T09:50:51.549+0000] {dag.py:3490} INFO - Setting next_dagrun for dataset_consumes_1 to None, run_after=None
[2023-06-21T09:50:51.553+0000] {logging_mixin.py:149} INFO - [2023-06-21T09:50:51.553+0000] {dag.py:3490} INFO - Setting next_dagrun for dataset_consumes_1_and_2 to None, run_after=None
[2023-06-21T09:50:51.555+0000] {logging_mixin.py:149} INFO - [2023-06-21T09:50:51.555+0000] {dag.py:3490} INFO - Setting next_dagrun for dataset_consumes_1_never_scheduled to None, run_after=None
[2023-06-21T09:50:51.557+0000] {logging_mixin.py:149} INFO - [2023-06-21T09:50:51.557+0000] {dag.py:3490} INFO - Setting next_dagrun for dataset_consumes_unknown_never_scheduled to None, run_after=None
[2023-06-21T09:50:51.561+0000] {logging_mixin.py:149} INFO - [2023-06-21T09:50:51.561+0000] {dag.py:3490} INFO - Setting next_dagrun for dataset_produces_1 to 2023-06-20T00:00:00+00:00, run_after=2023-06-21T00:00:00+00:00
[2023-06-21T09:50:51.563+0000] {logging_mixin.py:149} INFO - [2023-06-21T09:50:51.562+0000] {dag.py:3490} INFO - Setting next_dagrun for dataset_produces_2 to None, run_after=None
[2023-06-21T09:50:51.603+0000] {processor.py:179} INFO - Processing /home/airflow/.local/lib/python3.7/site-packages/airflow/example_dags/example_datasets.py took 0.123 seconds
[2023-06-21T09:51:21.810+0000] {processor.py:157} INFO - Started process (PID=108) to work on /home/airflow/.local/lib/python3.7/site-packages/airflow/example_dags/example_datasets.py
[2023-06-21T09:51:21.811+0000] {processor.py:826} INFO - Processing file /home/airflow/.local/lib/python3.7/site-packages/airflow/example_dags/example_datasets.py for tasks to queue
[2023-06-21T09:51:21.812+0000] {logging_mixin.py:149} INFO - [2023-06-21T09:51:21.812+0000] {dagbag.py:541} INFO - Filling up the DagBag from /home/airflow/.local/lib/python3.7/site-packages/airflow/example_dags/example_datasets.py
[2023-06-21T09:51:21.821+0000] {processor.py:836} INFO - DAG(s) dict_keys(['dataset_consumes_unknown_never_scheduled', 'dataset_consumes_1', 'dataset_consumes_1_never_scheduled', 'dataset_consumes_1_and_2', 'dataset_produces_2', 'dataset_produces_1']) retrieved from /home/airflow/.local/lib/python3.7/site-packages/airflow/example_dags/example_datasets.py
[2023-06-21T09:51:21.836+0000] {logging_mixin.py:149} INFO - [2023-06-21T09:51:21.836+0000] {dag.py:2726} INFO - Sync 6 DAGs
[2023-06-21T09:51:21.861+0000] {logging_mixin.py:149} INFO - [2023-06-21T09:51:21.861+0000] {dag.py:3490} INFO - Setting next_dagrun for dataset_consumes_1 to None, run_after=None
[2023-06-21T09:51:21.865+0000] {logging_mixin.py:149} INFO - [2023-06-21T09:51:21.865+0000] {dag.py:3490} INFO - Setting next_dagrun for dataset_consumes_1_and_2 to None, run_after=None
[2023-06-21T09:51:21.866+0000] {logging_mixin.py:149} INFO - [2023-06-21T09:51:21.866+0000] {dag.py:3490} INFO - Setting next_dagrun for dataset_consumes_1_never_scheduled to None, run_after=None
[2023-06-21T09:51:21.868+0000] {logging_mixin.py:149} INFO - [2023-06-21T09:51:21.868+0000] {dag.py:3490} INFO - Setting next_dagrun for dataset_consumes_unknown_never_scheduled to None, run_after=None
[2023-06-21T09:51:21.870+0000] {logging_mixin.py:149} INFO - [2023-06-21T09:51:21.870+0000] {dag.py:3490} INFO - Setting next_dagrun for dataset_produces_1 to 2023-06-20T00:00:00+00:00, run_after=2023-06-21T00:00:00+00:00
[2023-06-21T09:51:21.872+0000] {logging_mixin.py:149} INFO - [2023-06-21T09:51:21.872+0000] {dag.py:3490} INFO - Setting next_dagrun for dataset_produces_2 to None, run_after=None
[2023-06-21T09:51:21.905+0000] {processor.py:179} INFO - Processing /home/airflow/.local/lib/python3.7/site-packages/airflow/example_dags/example_datasets.py took 0.097 seconds
[2023-06-21T09:51:52.083+0000] {processor.py:157} INFO - Started process (PID=174) to work on /home/airflow/.local/lib/python3.7/site-packages/airflow/example_dags/example_datasets.py
[2023-06-21T09:51:52.084+0000] {processor.py:826} INFO - Processing file /home/airflow/.local/lib/python3.7/site-packages/airflow/example_dags/example_datasets.py for tasks to queue
[2023-06-21T09:51:52.085+0000] {logging_mixin.py:149} INFO - [2023-06-21T09:51:52.085+0000] {dagbag.py:541} INFO - Filling up the DagBag from /home/airflow/.local/lib/python3.7/site-packages/airflow/example_dags/example_datasets.py
[2023-06-21T09:51:52.094+0000] {processor.py:836} INFO - DAG(s) dict_keys(['dataset_consumes_unknown_never_scheduled', 'dataset_produces_2', 'dataset_consumes_1_and_2', 'dataset_consumes_1_never_scheduled', 'dataset_consumes_1', 'dataset_produces_1']) retrieved from /home/airflow/.local/lib/python3.7/site-packages/airflow/example_dags/example_datasets.py
[2023-06-21T09:51:52.180+0000] {logging_mixin.py:149} INFO - [2023-06-21T09:51:52.180+0000] {dag.py:2726} INFO - Sync 6 DAGs
[2023-06-21T09:51:52.206+0000] {logging_mixin.py:149} INFO - [2023-06-21T09:51:52.206+0000] {dag.py:3490} INFO - Setting next_dagrun for dataset_consumes_1 to None, run_after=None
[2023-06-21T09:51:52.209+0000] {logging_mixin.py:149} INFO - [2023-06-21T09:51:52.209+0000] {dag.py:3490} INFO - Setting next_dagrun for dataset_consumes_1_and_2 to None, run_after=None
[2023-06-21T09:51:52.211+0000] {logging_mixin.py:149} INFO - [2023-06-21T09:51:52.211+0000] {dag.py:3490} INFO - Setting next_dagrun for dataset_consumes_1_never_scheduled to None, run_after=None
[2023-06-21T09:51:52.212+0000] {logging_mixin.py:149} INFO - [2023-06-21T09:51:52.212+0000] {dag.py:3490} INFO - Setting next_dagrun for dataset_consumes_unknown_never_scheduled to None, run_after=None
[2023-06-21T09:51:52.215+0000] {logging_mixin.py:149} INFO - [2023-06-21T09:51:52.215+0000] {dag.py:3490} INFO - Setting next_dagrun for dataset_produces_1 to 2023-06-20T00:00:00+00:00, run_after=2023-06-21T00:00:00+00:00
[2023-06-21T09:51:52.217+0000] {logging_mixin.py:149} INFO - [2023-06-21T09:51:52.217+0000] {dag.py:3490} INFO - Setting next_dagrun for dataset_produces_2 to None, run_after=None
[2023-06-21T09:51:52.252+0000] {processor.py:179} INFO - Processing /home/airflow/.local/lib/python3.7/site-packages/airflow/example_dags/example_datasets.py took 0.173 seconds
[2023-06-21T09:52:22.974+0000] {processor.py:157} INFO - Started process (PID=240) to work on /home/airflow/.local/lib/python3.7/site-packages/airflow/example_dags/example_datasets.py
[2023-06-21T09:52:22.975+0000] {processor.py:826} INFO - Processing file /home/airflow/.local/lib/python3.7/site-packages/airflow/example_dags/example_datasets.py for tasks to queue
[2023-06-21T09:52:22.976+0000] {logging_mixin.py:149} INFO - [2023-06-21T09:52:22.976+0000] {dagbag.py:541} INFO - Filling up the DagBag from /home/airflow/.local/lib/python3.7/site-packages/airflow/example_dags/example_datasets.py
[2023-06-21T09:52:22.989+0000] {processor.py:836} INFO - DAG(s) dict_keys(['dataset_produces_2', 'dataset_produces_1', 'dataset_consumes_unknown_never_scheduled', 'dataset_consumes_1_and_2', 'dataset_consumes_1_never_scheduled', 'dataset_consumes_1']) retrieved from /home/airflow/.local/lib/python3.7/site-packages/airflow/example_dags/example_datasets.py
[2023-06-21T09:52:23.034+0000] {logging_mixin.py:149} INFO - [2023-06-21T09:52:23.033+0000] {dag.py:2726} INFO - Sync 6 DAGs
[2023-06-21T09:52:23.068+0000] {logging_mixin.py:149} INFO - [2023-06-21T09:52:23.067+0000] {dag.py:3490} INFO - Setting next_dagrun for dataset_consumes_1 to None, run_after=None
[2023-06-21T09:52:23.072+0000] {logging_mixin.py:149} INFO - [2023-06-21T09:52:23.072+0000] {dag.py:3490} INFO - Setting next_dagrun for dataset_consumes_1_and_2 to None, run_after=None
[2023-06-21T09:52:23.074+0000] {logging_mixin.py:149} INFO - [2023-06-21T09:52:23.074+0000] {dag.py:3490} INFO - Setting next_dagrun for dataset_consumes_1_never_scheduled to None, run_after=None
[2023-06-21T09:52:23.076+0000] {logging_mixin.py:149} INFO - [2023-06-21T09:52:23.076+0000] {dag.py:3490} INFO - Setting next_dagrun for dataset_consumes_unknown_never_scheduled to None, run_after=None
[2023-06-21T09:52:23.079+0000] {logging_mixin.py:149} INFO - [2023-06-21T09:52:23.079+0000] {dag.py:3490} INFO - Setting next_dagrun for dataset_produces_1 to 2023-06-20T00:00:00+00:00, run_after=2023-06-21T00:00:00+00:00
[2023-06-21T09:52:23.081+0000] {logging_mixin.py:149} INFO - [2023-06-21T09:52:23.081+0000] {dag.py:3490} INFO - Setting next_dagrun for dataset_produces_2 to None, run_after=None
[2023-06-21T09:52:23.118+0000] {processor.py:179} INFO - Processing /home/airflow/.local/lib/python3.7/site-packages/airflow/example_dags/example_datasets.py took 0.147 seconds
[2023-06-21T09:52:53.393+0000] {processor.py:157} INFO - Started process (PID=306) to work on /home/airflow/.local/lib/python3.7/site-packages/airflow/example_dags/example_datasets.py
[2023-06-21T09:52:53.395+0000] {processor.py:826} INFO - Processing file /home/airflow/.local/lib/python3.7/site-packages/airflow/example_dags/example_datasets.py for tasks to queue
[2023-06-21T09:52:53.396+0000] {logging_mixin.py:149} INFO - [2023-06-21T09:52:53.396+0000] {dagbag.py:541} INFO - Filling up the DagBag from /home/airflow/.local/lib/python3.7/site-packages/airflow/example_dags/example_datasets.py
[2023-06-21T09:52:53.405+0000] {processor.py:836} INFO - DAG(s) dict_keys(['dataset_produces_1', 'dataset_consumes_unknown_never_scheduled', 'dataset_consumes_1_and_2', 'dataset_produces_2', 'dataset_consumes_1', 'dataset_consumes_1_never_scheduled']) retrieved from /home/airflow/.local/lib/python3.7/site-packages/airflow/example_dags/example_datasets.py
[2023-06-21T09:52:53.440+0000] {logging_mixin.py:149} INFO - [2023-06-21T09:52:53.440+0000] {dag.py:2726} INFO - Sync 6 DAGs
[2023-06-21T09:52:53.466+0000] {logging_mixin.py:149} INFO - [2023-06-21T09:52:53.465+0000] {dag.py:3490} INFO - Setting next_dagrun for dataset_consumes_1 to None, run_after=None
[2023-06-21T09:52:53.469+0000] {logging_mixin.py:149} INFO - [2023-06-21T09:52:53.469+0000] {dag.py:3490} INFO - Setting next_dagrun for dataset_consumes_1_and_2 to None, run_after=None
[2023-06-21T09:52:53.471+0000] {logging_mixin.py:149} INFO - [2023-06-21T09:52:53.471+0000] {dag.py:3490} INFO - Setting next_dagrun for dataset_consumes_1_never_scheduled to None, run_after=None
[2023-06-21T09:52:53.472+0000] {logging_mixin.py:149} INFO - [2023-06-21T09:52:53.472+0000] {dag.py:3490} INFO - Setting next_dagrun for dataset_consumes_unknown_never_scheduled to None, run_after=None
[2023-06-21T09:52:53.476+0000] {logging_mixin.py:149} INFO - [2023-06-21T09:52:53.475+0000] {dag.py:3490} INFO - Setting next_dagrun for dataset_produces_1 to 2023-06-20T00:00:00+00:00, run_after=2023-06-21T00:00:00+00:00
[2023-06-21T09:52:53.477+0000] {logging_mixin.py:149} INFO - [2023-06-21T09:52:53.477+0000] {dag.py:3490} INFO - Setting next_dagrun for dataset_produces_2 to None, run_after=None
[2023-06-21T09:52:53.511+0000] {processor.py:179} INFO - Processing /home/airflow/.local/lib/python3.7/site-packages/airflow/example_dags/example_datasets.py took 0.121 seconds
[2023-06-21T09:53:24.079+0000] {processor.py:157} INFO - Started process (PID=372) to work on /home/airflow/.local/lib/python3.7/site-packages/airflow/example_dags/example_datasets.py
[2023-06-21T09:53:24.080+0000] {processor.py:826} INFO - Processing file /home/airflow/.local/lib/python3.7/site-packages/airflow/example_dags/example_datasets.py for tasks to queue
[2023-06-21T09:53:24.081+0000] {logging_mixin.py:149} INFO - [2023-06-21T09:53:24.081+0000] {dagbag.py:541} INFO - Filling up the DagBag from /home/airflow/.local/lib/python3.7/site-packages/airflow/example_dags/example_datasets.py
[2023-06-21T09:53:24.089+0000] {processor.py:836} INFO - DAG(s) dict_keys(['dataset_consumes_1', 'dataset_consumes_1_and_2', 'dataset_consumes_unknown_never_scheduled', 'dataset_produces_2', 'dataset_produces_1', 'dataset_consumes_1_never_scheduled']) retrieved from /home/airflow/.local/lib/python3.7/site-packages/airflow/example_dags/example_datasets.py
[2023-06-21T09:53:24.128+0000] {logging_mixin.py:149} INFO - [2023-06-21T09:53:24.128+0000] {dag.py:2726} INFO - Sync 6 DAGs
[2023-06-21T09:53:24.153+0000] {logging_mixin.py:149} INFO - [2023-06-21T09:53:24.153+0000] {dag.py:3490} INFO - Setting next_dagrun for dataset_consumes_1 to None, run_after=None
[2023-06-21T09:53:24.156+0000] {logging_mixin.py:149} INFO - [2023-06-21T09:53:24.156+0000] {dag.py:3490} INFO - Setting next_dagrun for dataset_consumes_1_and_2 to None, run_after=None
[2023-06-21T09:53:24.158+0000] {logging_mixin.py:149} INFO - [2023-06-21T09:53:24.157+0000] {dag.py:3490} INFO - Setting next_dagrun for dataset_consumes_1_never_scheduled to None, run_after=None
[2023-06-21T09:53:24.159+0000] {logging_mixin.py:149} INFO - [2023-06-21T09:53:24.159+0000] {dag.py:3490} INFO - Setting next_dagrun for dataset_consumes_unknown_never_scheduled to None, run_after=None
[2023-06-21T09:53:24.162+0000] {logging_mixin.py:149} INFO - [2023-06-21T09:53:24.162+0000] {dag.py:3490} INFO - Setting next_dagrun for dataset_produces_1 to 2023-06-20T00:00:00+00:00, run_after=2023-06-21T00:00:00+00:00
[2023-06-21T09:53:24.163+0000] {logging_mixin.py:149} INFO - [2023-06-21T09:53:24.163+0000] {dag.py:3490} INFO - Setting next_dagrun for dataset_produces_2 to None, run_after=None
[2023-06-21T09:53:24.194+0000] {processor.py:179} INFO - Processing /home/airflow/.local/lib/python3.7/site-packages/airflow/example_dags/example_datasets.py took 0.118 seconds
[2023-06-21T09:53:54.490+0000] {processor.py:157} INFO - Started process (PID=438) to work on /home/airflow/.local/lib/python3.7/site-packages/airflow/example_dags/example_datasets.py
[2023-06-21T09:53:54.491+0000] {processor.py:826} INFO - Processing file /home/airflow/.local/lib/python3.7/site-packages/airflow/example_dags/example_datasets.py for tasks to queue
[2023-06-21T09:53:54.492+0000] {logging_mixin.py:149} INFO - [2023-06-21T09:53:54.492+0000] {dagbag.py:541} INFO - Filling up the DagBag from /home/airflow/.local/lib/python3.7/site-packages/airflow/example_dags/example_datasets.py
[2023-06-21T09:53:54.501+0000] {processor.py:836} INFO - DAG(s) dict_keys(['dataset_consumes_1_and_2', 'dataset_consumes_1_never_scheduled', 'dataset_produces_2', 'dataset_consumes_unknown_never_scheduled', 'dataset_consumes_1', 'dataset_produces_1']) retrieved from /home/airflow/.local/lib/python3.7/site-packages/airflow/example_dags/example_datasets.py
[2023-06-21T09:53:54.538+0000] {logging_mixin.py:149} INFO - [2023-06-21T09:53:54.538+0000] {dag.py:2726} INFO - Sync 6 DAGs
[2023-06-21T09:53:54.565+0000] {logging_mixin.py:149} INFO - [2023-06-21T09:53:54.565+0000] {dag.py:3490} INFO - Setting next_dagrun for dataset_consumes_1 to None, run_after=None
[2023-06-21T09:53:54.569+0000] {logging_mixin.py:149} INFO - [2023-06-21T09:53:54.569+0000] {dag.py:3490} INFO - Setting next_dagrun for dataset_consumes_1_and_2 to None, run_after=None
[2023-06-21T09:53:54.570+0000] {logging_mixin.py:149} INFO - [2023-06-21T09:53:54.570+0000] {dag.py:3490} INFO - Setting next_dagrun for dataset_consumes_1_never_scheduled to None, run_after=None
[2023-06-21T09:53:54.572+0000] {logging_mixin.py:149} INFO - [2023-06-21T09:53:54.572+0000] {dag.py:3490} INFO - Setting next_dagrun for dataset_consumes_unknown_never_scheduled to None, run_after=None
[2023-06-21T09:53:54.575+0000] {logging_mixin.py:149} INFO - [2023-06-21T09:53:54.575+0000] {dag.py:3490} INFO - Setting next_dagrun for dataset_produces_1 to 2023-06-20T00:00:00+00:00, run_after=2023-06-21T00:00:00+00:00
[2023-06-21T09:53:54.576+0000] {logging_mixin.py:149} INFO - [2023-06-21T09:53:54.576+0000] {dag.py:3490} INFO - Setting next_dagrun for dataset_produces_2 to None, run_after=None
[2023-06-21T09:53:54.609+0000] {processor.py:179} INFO - Processing /home/airflow/.local/lib/python3.7/site-packages/airflow/example_dags/example_datasets.py took 0.123 seconds
[2023-06-21T09:54:25.212+0000] {processor.py:157} INFO - Started process (PID=504) to work on /home/airflow/.local/lib/python3.7/site-packages/airflow/example_dags/example_datasets.py
[2023-06-21T09:54:25.213+0000] {processor.py:826} INFO - Processing file /home/airflow/.local/lib/python3.7/site-packages/airflow/example_dags/example_datasets.py for tasks to queue
[2023-06-21T09:54:25.214+0000] {logging_mixin.py:149} INFO - [2023-06-21T09:54:25.214+0000] {dagbag.py:541} INFO - Filling up the DagBag from /home/airflow/.local/lib/python3.7/site-packages/airflow/example_dags/example_datasets.py
[2023-06-21T09:54:25.222+0000] {processor.py:836} INFO - DAG(s) dict_keys(['dataset_consumes_unknown_never_scheduled', 'dataset_consumes_1_never_scheduled', 'dataset_consumes_1', 'dataset_consumes_1_and_2', 'dataset_produces_2', 'dataset_produces_1']) retrieved from /home/airflow/.local/lib/python3.7/site-packages/airflow/example_dags/example_datasets.py
[2023-06-21T09:54:25.264+0000] {logging_mixin.py:149} INFO - [2023-06-21T09:54:25.264+0000] {dag.py:2726} INFO - Sync 6 DAGs
[2023-06-21T09:54:25.290+0000] {logging_mixin.py:149} INFO - [2023-06-21T09:54:25.290+0000] {dag.py:3490} INFO - Setting next_dagrun for dataset_consumes_1 to None, run_after=None
[2023-06-21T09:54:25.293+0000] {logging_mixin.py:149} INFO - [2023-06-21T09:54:25.293+0000] {dag.py:3490} INFO - Setting next_dagrun for dataset_consumes_1_and_2 to None, run_after=None
[2023-06-21T09:54:25.295+0000] {logging_mixin.py:149} INFO - [2023-06-21T09:54:25.295+0000] {dag.py:3490} INFO - Setting next_dagrun for dataset_consumes_1_never_scheduled to None, run_after=None
[2023-06-21T09:54:25.297+0000] {logging_mixin.py:149} INFO - [2023-06-21T09:54:25.297+0000] {dag.py:3490} INFO - Setting next_dagrun for dataset_consumes_unknown_never_scheduled to None, run_after=None
[2023-06-21T09:54:25.301+0000] {logging_mixin.py:149} INFO - [2023-06-21T09:54:25.301+0000] {dag.py:3490} INFO - Setting next_dagrun for dataset_produces_1 to 2023-06-20T00:00:00+00:00, run_after=2023-06-21T00:00:00+00:00
[2023-06-21T09:54:25.303+0000] {logging_mixin.py:149} INFO - [2023-06-21T09:54:25.303+0000] {dag.py:3490} INFO - Setting next_dagrun for dataset_produces_2 to None, run_after=None
[2023-06-21T09:54:25.340+0000] {processor.py:179} INFO - Processing /home/airflow/.local/lib/python3.7/site-packages/airflow/example_dags/example_datasets.py took 0.132 seconds
[2023-06-21T09:54:55.710+0000] {processor.py:157} INFO - Started process (PID=570) to work on /home/airflow/.local/lib/python3.7/site-packages/airflow/example_dags/example_datasets.py
[2023-06-21T09:54:55.711+0000] {processor.py:826} INFO - Processing file /home/airflow/.local/lib/python3.7/site-packages/airflow/example_dags/example_datasets.py for tasks to queue
[2023-06-21T09:54:55.713+0000] {logging_mixin.py:149} INFO - [2023-06-21T09:54:55.712+0000] {dagbag.py:541} INFO - Filling up the DagBag from /home/airflow/.local/lib/python3.7/site-packages/airflow/example_dags/example_datasets.py
[2023-06-21T09:54:55.721+0000] {processor.py:836} INFO - DAG(s) dict_keys(['dataset_consumes_1', 'dataset_consumes_1_and_2', 'dataset_consumes_1_never_scheduled', 'dataset_produces_1', 'dataset_produces_2', 'dataset_consumes_unknown_never_scheduled']) retrieved from /home/airflow/.local/lib/python3.7/site-packages/airflow/example_dags/example_datasets.py
[2023-06-21T09:54:55.761+0000] {logging_mixin.py:149} INFO - [2023-06-21T09:54:55.760+0000] {dag.py:2726} INFO - Sync 6 DAGs
[2023-06-21T09:54:55.786+0000] {logging_mixin.py:149} INFO - [2023-06-21T09:54:55.786+0000] {dag.py:3490} INFO - Setting next_dagrun for dataset_consumes_1 to None, run_after=None
[2023-06-21T09:54:55.790+0000] {logging_mixin.py:149} INFO - [2023-06-21T09:54:55.790+0000] {dag.py:3490} INFO - Setting next_dagrun for dataset_consumes_1_and_2 to None, run_after=None
[2023-06-21T09:54:55.792+0000] {logging_mixin.py:149} INFO - [2023-06-21T09:54:55.792+0000] {dag.py:3490} INFO - Setting next_dagrun for dataset_consumes_1_never_scheduled to None, run_after=None
[2023-06-21T09:54:55.793+0000] {logging_mixin.py:149} INFO - [2023-06-21T09:54:55.793+0000] {dag.py:3490} INFO - Setting next_dagrun for dataset_consumes_unknown_never_scheduled to None, run_after=None
[2023-06-21T09:54:55.798+0000] {logging_mixin.py:149} INFO - [2023-06-21T09:54:55.797+0000] {dag.py:3490} INFO - Setting next_dagrun for dataset_produces_1 to 2023-06-20T00:00:00+00:00, run_after=2023-06-21T00:00:00+00:00
[2023-06-21T09:54:55.800+0000] {logging_mixin.py:149} INFO - [2023-06-21T09:54:55.800+0000] {dag.py:3490} INFO - Setting next_dagrun for dataset_produces_2 to None, run_after=None
[2023-06-21T09:54:55.839+0000] {processor.py:179} INFO - Processing /home/airflow/.local/lib/python3.7/site-packages/airflow/example_dags/example_datasets.py took 0.132 seconds
[2023-06-21T09:55:26.267+0000] {processor.py:157} INFO - Started process (PID=636) to work on /home/airflow/.local/lib/python3.7/site-packages/airflow/example_dags/example_datasets.py
[2023-06-21T09:55:26.268+0000] {processor.py:826} INFO - Processing file /home/airflow/.local/lib/python3.7/site-packages/airflow/example_dags/example_datasets.py for tasks to queue
[2023-06-21T09:55:26.269+0000] {logging_mixin.py:149} INFO - [2023-06-21T09:55:26.269+0000] {dagbag.py:541} INFO - Filling up the DagBag from /home/airflow/.local/lib/python3.7/site-packages/airflow/example_dags/example_datasets.py
[2023-06-21T09:55:26.278+0000] {processor.py:836} INFO - DAG(s) dict_keys(['dataset_consumes_1', 'dataset_produces_2', 'dataset_consumes_1_and_2', 'dataset_consumes_unknown_never_scheduled', 'dataset_produces_1', 'dataset_consumes_1_never_scheduled']) retrieved from /home/airflow/.local/lib/python3.7/site-packages/airflow/example_dags/example_datasets.py
[2023-06-21T09:55:26.314+0000] {logging_mixin.py:149} INFO - [2023-06-21T09:55:26.314+0000] {dag.py:2726} INFO - Sync 6 DAGs
[2023-06-21T09:55:26.342+0000] {logging_mixin.py:149} INFO - [2023-06-21T09:55:26.341+0000] {dag.py:3490} INFO - Setting next_dagrun for dataset_consumes_1 to None, run_after=None
[2023-06-21T09:55:26.345+0000] {logging_mixin.py:149} INFO - [2023-06-21T09:55:26.345+0000] {dag.py:3490} INFO - Setting next_dagrun for dataset_consumes_1_and_2 to None, run_after=None
[2023-06-21T09:55:26.347+0000] {logging_mixin.py:149} INFO - [2023-06-21T09:55:26.347+0000] {dag.py:3490} INFO - Setting next_dagrun for dataset_consumes_1_never_scheduled to None, run_after=None
[2023-06-21T09:55:26.348+0000] {logging_mixin.py:149} INFO - [2023-06-21T09:55:26.348+0000] {dag.py:3490} INFO - Setting next_dagrun for dataset_consumes_unknown_never_scheduled to None, run_after=None
[2023-06-21T09:55:26.351+0000] {logging_mixin.py:149} INFO - [2023-06-21T09:55:26.351+0000] {dag.py:3490} INFO - Setting next_dagrun for dataset_produces_1 to 2023-06-20T00:00:00+00:00, run_after=2023-06-21T00:00:00+00:00
[2023-06-21T09:55:26.353+0000] {logging_mixin.py:149} INFO - [2023-06-21T09:55:26.353+0000] {dag.py:3490} INFO - Setting next_dagrun for dataset_produces_2 to None, run_after=None
[2023-06-21T09:55:26.385+0000] {processor.py:179} INFO - Processing /home/airflow/.local/lib/python3.7/site-packages/airflow/example_dags/example_datasets.py took 0.121 seconds
[2023-06-21T09:55:56.835+0000] {processor.py:157} INFO - Started process (PID=702) to work on /home/airflow/.local/lib/python3.7/site-packages/airflow/example_dags/example_datasets.py
[2023-06-21T09:55:56.836+0000] {processor.py:826} INFO - Processing file /home/airflow/.local/lib/python3.7/site-packages/airflow/example_dags/example_datasets.py for tasks to queue
[2023-06-21T09:55:56.837+0000] {logging_mixin.py:149} INFO - [2023-06-21T09:55:56.837+0000] {dagbag.py:541} INFO - Filling up the DagBag from /home/airflow/.local/lib/python3.7/site-packages/airflow/example_dags/example_datasets.py
[2023-06-21T09:55:56.846+0000] {processor.py:836} INFO - DAG(s) dict_keys(['dataset_consumes_unknown_never_scheduled', 'dataset_consumes_1', 'dataset_consumes_1_and_2', 'dataset_produces_1', 'dataset_consumes_1_never_scheduled', 'dataset_produces_2']) retrieved from /home/airflow/.local/lib/python3.7/site-packages/airflow/example_dags/example_datasets.py
[2023-06-21T09:55:56.883+0000] {logging_mixin.py:149} INFO - [2023-06-21T09:55:56.882+0000] {dag.py:2726} INFO - Sync 6 DAGs
[2023-06-21T09:55:56.910+0000] {logging_mixin.py:149} INFO - [2023-06-21T09:55:56.910+0000] {dag.py:3490} INFO - Setting next_dagrun for dataset_consumes_1 to None, run_after=None
[2023-06-21T09:55:56.914+0000] {logging_mixin.py:149} INFO - [2023-06-21T09:55:56.914+0000] {dag.py:3490} INFO - Setting next_dagrun for dataset_consumes_1_and_2 to None, run_after=None
[2023-06-21T09:55:56.916+0000] {logging_mixin.py:149} INFO - [2023-06-21T09:55:56.916+0000] {dag.py:3490} INFO - Setting next_dagrun for dataset_consumes_1_never_scheduled to None, run_after=None
[2023-06-21T09:55:56.917+0000] {logging_mixin.py:149} INFO - [2023-06-21T09:55:56.917+0000] {dag.py:3490} INFO - Setting next_dagrun for dataset_consumes_unknown_never_scheduled to None, run_after=None
[2023-06-21T09:55:56.920+0000] {logging_mixin.py:149} INFO - [2023-06-21T09:55:56.920+0000] {dag.py:3490} INFO - Setting next_dagrun for dataset_produces_1 to 2023-06-20T00:00:00+00:00, run_after=2023-06-21T00:00:00+00:00
[2023-06-21T09:55:56.922+0000] {logging_mixin.py:149} INFO - [2023-06-21T09:55:56.922+0000] {dag.py:3490} INFO - Setting next_dagrun for dataset_produces_2 to None, run_after=None
[2023-06-21T09:55:56.958+0000] {processor.py:179} INFO - Processing /home/airflow/.local/lib/python3.7/site-packages/airflow/example_dags/example_datasets.py took 0.126 seconds
[2023-06-21T09:56:27.226+0000] {processor.py:157} INFO - Started process (PID=768) to work on /home/airflow/.local/lib/python3.7/site-packages/airflow/example_dags/example_datasets.py
[2023-06-21T09:56:27.227+0000] {processor.py:826} INFO - Processing file /home/airflow/.local/lib/python3.7/site-packages/airflow/example_dags/example_datasets.py for tasks to queue
[2023-06-21T09:56:27.228+0000] {logging_mixin.py:149} INFO - [2023-06-21T09:56:27.228+0000] {dagbag.py:541} INFO - Filling up the DagBag from /home/airflow/.local/lib/python3.7/site-packages/airflow/example_dags/example_datasets.py
[2023-06-21T09:56:27.238+0000] {processor.py:836} INFO - DAG(s) dict_keys(['dataset_consumes_1_never_scheduled', 'dataset_produces_1', 'dataset_consumes_1', 'dataset_consumes_1_and_2', 'dataset_consumes_unknown_never_scheduled', 'dataset_produces_2']) retrieved from /home/airflow/.local/lib/python3.7/site-packages/airflow/example_dags/example_datasets.py
[2023-06-21T09:56:27.279+0000] {logging_mixin.py:149} INFO - [2023-06-21T09:56:27.279+0000] {dag.py:2726} INFO - Sync 6 DAGs
[2023-06-21T09:56:27.306+0000] {logging_mixin.py:149} INFO - [2023-06-21T09:56:27.306+0000] {dag.py:3490} INFO - Setting next_dagrun for dataset_consumes_1 to None, run_after=None
[2023-06-21T09:56:27.310+0000] {logging_mixin.py:149} INFO - [2023-06-21T09:56:27.310+0000] {dag.py:3490} INFO - Setting next_dagrun for dataset_consumes_1_and_2 to None, run_after=None
[2023-06-21T09:56:27.312+0000] {logging_mixin.py:149} INFO - [2023-06-21T09:56:27.311+0000] {dag.py:3490} INFO - Setting next_dagrun for dataset_consumes_1_never_scheduled to None, run_after=None
[2023-06-21T09:56:27.313+0000] {logging_mixin.py:149} INFO - [2023-06-21T09:56:27.313+0000] {dag.py:3490} INFO - Setting next_dagrun for dataset_consumes_unknown_never_scheduled to None, run_after=None
[2023-06-21T09:56:27.316+0000] {logging_mixin.py:149} INFO - [2023-06-21T09:56:27.316+0000] {dag.py:3490} INFO - Setting next_dagrun for dataset_produces_1 to 2023-06-20T00:00:00+00:00, run_after=2023-06-21T00:00:00+00:00
[2023-06-21T09:56:27.318+0000] {logging_mixin.py:149} INFO - [2023-06-21T09:56:27.318+0000] {dag.py:3490} INFO - Setting next_dagrun for dataset_produces_2 to None, run_after=None
[2023-06-21T09:56:27.351+0000] {processor.py:179} INFO - Processing /home/airflow/.local/lib/python3.7/site-packages/airflow/example_dags/example_datasets.py took 0.128 seconds
[2023-06-21T09:56:57.703+0000] {processor.py:157} INFO - Started process (PID=834) to work on /home/airflow/.local/lib/python3.7/site-packages/airflow/example_dags/example_datasets.py
[2023-06-21T09:56:57.704+0000] {processor.py:826} INFO - Processing file /home/airflow/.local/lib/python3.7/site-packages/airflow/example_dags/example_datasets.py for tasks to queue
[2023-06-21T09:56:57.705+0000] {logging_mixin.py:149} INFO - [2023-06-21T09:56:57.705+0000] {dagbag.py:541} INFO - Filling up the DagBag from /home/airflow/.local/lib/python3.7/site-packages/airflow/example_dags/example_datasets.py
[2023-06-21T09:56:57.714+0000] {processor.py:836} INFO - DAG(s) dict_keys(['dataset_produces_1', 'dataset_consumes_1_and_2', 'dataset_consumes_1_never_scheduled', 'dataset_produces_2', 'dataset_consumes_unknown_never_scheduled', 'dataset_consumes_1']) retrieved from /home/airflow/.local/lib/python3.7/site-packages/airflow/example_dags/example_datasets.py
[2023-06-21T09:56:57.754+0000] {logging_mixin.py:149} INFO - [2023-06-21T09:56:57.754+0000] {dag.py:2726} INFO - Sync 6 DAGs
[2023-06-21T09:56:57.780+0000] {logging_mixin.py:149} INFO - [2023-06-21T09:56:57.780+0000] {dag.py:3490} INFO - Setting next_dagrun for dataset_consumes_1 to None, run_after=None
[2023-06-21T09:56:57.784+0000] {logging_mixin.py:149} INFO - [2023-06-21T09:56:57.784+0000] {dag.py:3490} INFO - Setting next_dagrun for dataset_consumes_1_and_2 to None, run_after=None
[2023-06-21T09:56:57.786+0000] {logging_mixin.py:149} INFO - [2023-06-21T09:56:57.785+0000] {dag.py:3490} INFO - Setting next_dagrun for dataset_consumes_1_never_scheduled to None, run_after=None
[2023-06-21T09:56:57.787+0000] {logging_mixin.py:149} INFO - [2023-06-21T09:56:57.787+0000] {dag.py:3490} INFO - Setting next_dagrun for dataset_consumes_unknown_never_scheduled to None, run_after=None
[2023-06-21T09:56:57.790+0000] {logging_mixin.py:149} INFO - [2023-06-21T09:56:57.790+0000] {dag.py:3490} INFO - Setting next_dagrun for dataset_produces_1 to 2023-06-20T00:00:00+00:00, run_after=2023-06-21T00:00:00+00:00
[2023-06-21T09:56:57.792+0000] {logging_mixin.py:149} INFO - [2023-06-21T09:56:57.792+0000] {dag.py:3490} INFO - Setting next_dagrun for dataset_produces_2 to None, run_after=None
[2023-06-21T09:56:57.828+0000] {processor.py:179} INFO - Processing /home/airflow/.local/lib/python3.7/site-packages/airflow/example_dags/example_datasets.py took 0.128 seconds
