[2023-06-21T09:50:52.110+0000] {processor.py:157} INFO - Started process (PID=51) to work on /home/airflow/.local/lib/python3.7/site-packages/airflow/example_dags/example_task_group_decorator.py
[2023-06-21T09:50:52.111+0000] {processor.py:826} INFO - Processing file /home/airflow/.local/lib/python3.7/site-packages/airflow/example_dags/example_task_group_decorator.py for tasks to queue
[2023-06-21T09:50:52.113+0000] {logging_mixin.py:149} INFO - [2023-06-21T09:50:52.112+0000] {dagbag.py:541} INFO - Filling up the DagBag from /home/airflow/.local/lib/python3.7/site-packages/airflow/example_dags/example_task_group_decorator.py
[2023-06-21T09:50:52.135+0000] {processor.py:836} INFO - DAG(s) dict_keys(['example_task_group_decorator']) retrieved from /home/airflow/.local/lib/python3.7/site-packages/airflow/example_dags/example_task_group_decorator.py
[2023-06-21T09:50:52.150+0000] {logging_mixin.py:149} INFO - [2023-06-21T09:50:52.150+0000] {dag.py:2726} INFO - Sync 1 DAGs
[2023-06-21T09:50:52.187+0000] {logging_mixin.py:149} INFO - [2023-06-21T09:50:52.187+0000] {dag.py:3490} INFO - Setting next_dagrun for example_task_group_decorator to 2023-06-20T09:50:52.187394+00:00, run_after=2023-06-21T09:50:52.187394+00:00
[2023-06-21T09:50:52.214+0000] {processor.py:179} INFO - Processing /home/airflow/.local/lib/python3.7/site-packages/airflow/example_dags/example_task_group_decorator.py took 0.107 seconds
[2023-06-21T09:51:22.260+0000] {processor.py:157} INFO - Started process (PID=117) to work on /home/airflow/.local/lib/python3.7/site-packages/airflow/example_dags/example_task_group_decorator.py
[2023-06-21T09:51:22.261+0000] {processor.py:826} INFO - Processing file /home/airflow/.local/lib/python3.7/site-packages/airflow/example_dags/example_task_group_decorator.py for tasks to queue
[2023-06-21T09:51:22.262+0000] {logging_mixin.py:149} INFO - [2023-06-21T09:51:22.262+0000] {dagbag.py:541} INFO - Filling up the DagBag from /home/airflow/.local/lib/python3.7/site-packages/airflow/example_dags/example_task_group_decorator.py
[2023-06-21T09:51:22.275+0000] {processor.py:836} INFO - DAG(s) dict_keys(['example_task_group_decorator']) retrieved from /home/airflow/.local/lib/python3.7/site-packages/airflow/example_dags/example_task_group_decorator.py
[2023-06-21T09:51:22.289+0000] {logging_mixin.py:149} INFO - [2023-06-21T09:51:22.289+0000] {dag.py:2726} INFO - Sync 1 DAGs
[2023-06-21T09:51:22.329+0000] {logging_mixin.py:149} INFO - [2023-06-21T09:51:22.329+0000] {dag.py:3490} INFO - Setting next_dagrun for example_task_group_decorator to 2023-06-20T09:51:22.329455+00:00, run_after=2023-06-21T09:51:22.329455+00:00
[2023-06-21T09:51:22.354+0000] {processor.py:179} INFO - Processing /home/airflow/.local/lib/python3.7/site-packages/airflow/example_dags/example_task_group_decorator.py took 0.097 seconds
[2023-06-21T09:51:52.730+0000] {processor.py:157} INFO - Started process (PID=183) to work on /home/airflow/.local/lib/python3.7/site-packages/airflow/example_dags/example_task_group_decorator.py
[2023-06-21T09:51:52.731+0000] {processor.py:826} INFO - Processing file /home/airflow/.local/lib/python3.7/site-packages/airflow/example_dags/example_task_group_decorator.py for tasks to queue
[2023-06-21T09:51:52.732+0000] {logging_mixin.py:149} INFO - [2023-06-21T09:51:52.732+0000] {dagbag.py:541} INFO - Filling up the DagBag from /home/airflow/.local/lib/python3.7/site-packages/airflow/example_dags/example_task_group_decorator.py
[2023-06-21T09:51:52.746+0000] {processor.py:836} INFO - DAG(s) dict_keys(['example_task_group_decorator']) retrieved from /home/airflow/.local/lib/python3.7/site-packages/airflow/example_dags/example_task_group_decorator.py
[2023-06-21T09:51:52.775+0000] {logging_mixin.py:149} INFO - [2023-06-21T09:51:52.775+0000] {dag.py:2726} INFO - Sync 1 DAGs
[2023-06-21T09:51:52.802+0000] {logging_mixin.py:149} INFO - [2023-06-21T09:51:52.802+0000] {dag.py:3490} INFO - Setting next_dagrun for example_task_group_decorator to 2023-06-20T09:51:52.801876+00:00, run_after=2023-06-21T09:51:52.801876+00:00
[2023-06-21T09:51:52.825+0000] {processor.py:179} INFO - Processing /home/airflow/.local/lib/python3.7/site-packages/airflow/example_dags/example_task_group_decorator.py took 0.098 seconds
[2023-06-21T09:52:23.510+0000] {processor.py:157} INFO - Started process (PID=249) to work on /home/airflow/.local/lib/python3.7/site-packages/airflow/example_dags/example_task_group_decorator.py
[2023-06-21T09:52:23.511+0000] {processor.py:826} INFO - Processing file /home/airflow/.local/lib/python3.7/site-packages/airflow/example_dags/example_task_group_decorator.py for tasks to queue
[2023-06-21T09:52:23.512+0000] {logging_mixin.py:149} INFO - [2023-06-21T09:52:23.511+0000] {dagbag.py:541} INFO - Filling up the DagBag from /home/airflow/.local/lib/python3.7/site-packages/airflow/example_dags/example_task_group_decorator.py
[2023-06-21T09:52:23.525+0000] {processor.py:836} INFO - DAG(s) dict_keys(['example_task_group_decorator']) retrieved from /home/airflow/.local/lib/python3.7/site-packages/airflow/example_dags/example_task_group_decorator.py
[2023-06-21T09:52:23.550+0000] {logging_mixin.py:149} INFO - [2023-06-21T09:52:23.550+0000] {dag.py:2726} INFO - Sync 1 DAGs
[2023-06-21T09:52:23.574+0000] {logging_mixin.py:149} INFO - [2023-06-21T09:52:23.574+0000] {dag.py:3490} INFO - Setting next_dagrun for example_task_group_decorator to 2023-06-20T09:52:23.574222+00:00, run_after=2023-06-21T09:52:23.574222+00:00
[2023-06-21T09:52:23.594+0000] {processor.py:179} INFO - Processing /home/airflow/.local/lib/python3.7/site-packages/airflow/example_dags/example_task_group_decorator.py took 0.087 seconds
[2023-06-21T09:52:53.970+0000] {processor.py:157} INFO - Started process (PID=315) to work on /home/airflow/.local/lib/python3.7/site-packages/airflow/example_dags/example_task_group_decorator.py
[2023-06-21T09:52:53.971+0000] {processor.py:826} INFO - Processing file /home/airflow/.local/lib/python3.7/site-packages/airflow/example_dags/example_task_group_decorator.py for tasks to queue
[2023-06-21T09:52:53.972+0000] {logging_mixin.py:149} INFO - [2023-06-21T09:52:53.972+0000] {dagbag.py:541} INFO - Filling up the DagBag from /home/airflow/.local/lib/python3.7/site-packages/airflow/example_dags/example_task_group_decorator.py
[2023-06-21T09:52:53.986+0000] {processor.py:836} INFO - DAG(s) dict_keys(['example_task_group_decorator']) retrieved from /home/airflow/.local/lib/python3.7/site-packages/airflow/example_dags/example_task_group_decorator.py
[2023-06-21T09:52:54.015+0000] {logging_mixin.py:149} INFO - [2023-06-21T09:52:54.015+0000] {dag.py:2726} INFO - Sync 1 DAGs
[2023-06-21T09:52:54.040+0000] {logging_mixin.py:149} INFO - [2023-06-21T09:52:54.039+0000] {dag.py:3490} INFO - Setting next_dagrun for example_task_group_decorator to 2023-06-20T09:52:54.039724+00:00, run_after=2023-06-21T09:52:54.039724+00:00
[2023-06-21T09:52:54.060+0000] {processor.py:179} INFO - Processing /home/airflow/.local/lib/python3.7/site-packages/airflow/example_dags/example_task_group_decorator.py took 0.093 seconds
[2023-06-21T09:53:24.612+0000] {processor.py:157} INFO - Started process (PID=381) to work on /home/airflow/.local/lib/python3.7/site-packages/airflow/example_dags/example_task_group_decorator.py
[2023-06-21T09:53:24.613+0000] {processor.py:826} INFO - Processing file /home/airflow/.local/lib/python3.7/site-packages/airflow/example_dags/example_task_group_decorator.py for tasks to queue
[2023-06-21T09:53:24.614+0000] {logging_mixin.py:149} INFO - [2023-06-21T09:53:24.614+0000] {dagbag.py:541} INFO - Filling up the DagBag from /home/airflow/.local/lib/python3.7/site-packages/airflow/example_dags/example_task_group_decorator.py
[2023-06-21T09:53:24.627+0000] {processor.py:836} INFO - DAG(s) dict_keys(['example_task_group_decorator']) retrieved from /home/airflow/.local/lib/python3.7/site-packages/airflow/example_dags/example_task_group_decorator.py
[2023-06-21T09:53:24.653+0000] {logging_mixin.py:149} INFO - [2023-06-21T09:53:24.653+0000] {dag.py:2726} INFO - Sync 1 DAGs
[2023-06-21T09:53:24.679+0000] {logging_mixin.py:149} INFO - [2023-06-21T09:53:24.679+0000] {dag.py:3490} INFO - Setting next_dagrun for example_task_group_decorator to 2023-06-20T09:53:24.679512+00:00, run_after=2023-06-21T09:53:24.679512+00:00
[2023-06-21T09:53:24.699+0000] {processor.py:179} INFO - Processing /home/airflow/.local/lib/python3.7/site-packages/airflow/example_dags/example_task_group_decorator.py took 0.090 seconds
[2023-06-21T09:53:55.126+0000] {processor.py:157} INFO - Started process (PID=447) to work on /home/airflow/.local/lib/python3.7/site-packages/airflow/example_dags/example_task_group_decorator.py
[2023-06-21T09:53:55.127+0000] {processor.py:826} INFO - Processing file /home/airflow/.local/lib/python3.7/site-packages/airflow/example_dags/example_task_group_decorator.py for tasks to queue
[2023-06-21T09:53:55.128+0000] {logging_mixin.py:149} INFO - [2023-06-21T09:53:55.128+0000] {dagbag.py:541} INFO - Filling up the DagBag from /home/airflow/.local/lib/python3.7/site-packages/airflow/example_dags/example_task_group_decorator.py
[2023-06-21T09:53:55.144+0000] {processor.py:836} INFO - DAG(s) dict_keys(['example_task_group_decorator']) retrieved from /home/airflow/.local/lib/python3.7/site-packages/airflow/example_dags/example_task_group_decorator.py
[2023-06-21T09:53:55.173+0000] {logging_mixin.py:149} INFO - [2023-06-21T09:53:55.173+0000] {dag.py:2726} INFO - Sync 1 DAGs
[2023-06-21T09:53:55.202+0000] {logging_mixin.py:149} INFO - [2023-06-21T09:53:55.202+0000] {dag.py:3490} INFO - Setting next_dagrun for example_task_group_decorator to 2023-06-20T09:53:55.201989+00:00, run_after=2023-06-21T09:53:55.201989+00:00
[2023-06-21T09:53:55.227+0000] {processor.py:179} INFO - Processing /home/airflow/.local/lib/python3.7/site-packages/airflow/example_dags/example_task_group_decorator.py took 0.104 seconds
[2023-06-21T09:54:25.769+0000] {processor.py:157} INFO - Started process (PID=513) to work on /home/airflow/.local/lib/python3.7/site-packages/airflow/example_dags/example_task_group_decorator.py
[2023-06-21T09:54:25.771+0000] {processor.py:826} INFO - Processing file /home/airflow/.local/lib/python3.7/site-packages/airflow/example_dags/example_task_group_decorator.py for tasks to queue
[2023-06-21T09:54:25.771+0000] {logging_mixin.py:149} INFO - [2023-06-21T09:54:25.771+0000] {dagbag.py:541} INFO - Filling up the DagBag from /home/airflow/.local/lib/python3.7/site-packages/airflow/example_dags/example_task_group_decorator.py
[2023-06-21T09:54:25.785+0000] {processor.py:836} INFO - DAG(s) dict_keys(['example_task_group_decorator']) retrieved from /home/airflow/.local/lib/python3.7/site-packages/airflow/example_dags/example_task_group_decorator.py
[2023-06-21T09:54:25.811+0000] {logging_mixin.py:149} INFO - [2023-06-21T09:54:25.811+0000] {dag.py:2726} INFO - Sync 1 DAGs
[2023-06-21T09:54:25.836+0000] {logging_mixin.py:149} INFO - [2023-06-21T09:54:25.836+0000] {dag.py:3490} INFO - Setting next_dagrun for example_task_group_decorator to 2023-06-20T09:54:25.835738+00:00, run_after=2023-06-21T09:54:25.835738+00:00
[2023-06-21T09:54:25.858+0000] {processor.py:179} INFO - Processing /home/airflow/.local/lib/python3.7/site-packages/airflow/example_dags/example_task_group_decorator.py took 0.092 seconds
[2023-06-21T09:54:56.328+0000] {processor.py:157} INFO - Started process (PID=579) to work on /home/airflow/.local/lib/python3.7/site-packages/airflow/example_dags/example_task_group_decorator.py
[2023-06-21T09:54:56.330+0000] {processor.py:826} INFO - Processing file /home/airflow/.local/lib/python3.7/site-packages/airflow/example_dags/example_task_group_decorator.py for tasks to queue
[2023-06-21T09:54:56.331+0000] {logging_mixin.py:149} INFO - [2023-06-21T09:54:56.331+0000] {dagbag.py:541} INFO - Filling up the DagBag from /home/airflow/.local/lib/python3.7/site-packages/airflow/example_dags/example_task_group_decorator.py
[2023-06-21T09:54:56.346+0000] {processor.py:836} INFO - DAG(s) dict_keys(['example_task_group_decorator']) retrieved from /home/airflow/.local/lib/python3.7/site-packages/airflow/example_dags/example_task_group_decorator.py
[2023-06-21T09:54:56.376+0000] {logging_mixin.py:149} INFO - [2023-06-21T09:54:56.376+0000] {dag.py:2726} INFO - Sync 1 DAGs
[2023-06-21T09:54:56.403+0000] {logging_mixin.py:149} INFO - [2023-06-21T09:54:56.403+0000] {dag.py:3490} INFO - Setting next_dagrun for example_task_group_decorator to 2023-06-20T09:54:56.403458+00:00, run_after=2023-06-21T09:54:56.403458+00:00
[2023-06-21T09:54:56.426+0000] {processor.py:179} INFO - Processing /home/airflow/.local/lib/python3.7/site-packages/airflow/example_dags/example_task_group_decorator.py took 0.101 seconds
[2023-06-21T09:55:26.872+0000] {processor.py:157} INFO - Started process (PID=645) to work on /home/airflow/.local/lib/python3.7/site-packages/airflow/example_dags/example_task_group_decorator.py
[2023-06-21T09:55:26.873+0000] {processor.py:826} INFO - Processing file /home/airflow/.local/lib/python3.7/site-packages/airflow/example_dags/example_task_group_decorator.py for tasks to queue
[2023-06-21T09:55:26.875+0000] {logging_mixin.py:149} INFO - [2023-06-21T09:55:26.875+0000] {dagbag.py:541} INFO - Filling up the DagBag from /home/airflow/.local/lib/python3.7/site-packages/airflow/example_dags/example_task_group_decorator.py
[2023-06-21T09:55:26.890+0000] {processor.py:836} INFO - DAG(s) dict_keys(['example_task_group_decorator']) retrieved from /home/airflow/.local/lib/python3.7/site-packages/airflow/example_dags/example_task_group_decorator.py
[2023-06-21T09:55:26.918+0000] {logging_mixin.py:149} INFO - [2023-06-21T09:55:26.918+0000] {dag.py:2726} INFO - Sync 1 DAGs
[2023-06-21T09:55:26.945+0000] {logging_mixin.py:149} INFO - [2023-06-21T09:55:26.944+0000] {dag.py:3490} INFO - Setting next_dagrun for example_task_group_decorator to 2023-06-20T09:55:26.944583+00:00, run_after=2023-06-21T09:55:26.944583+00:00
[2023-06-21T09:55:26.965+0000] {processor.py:179} INFO - Processing /home/airflow/.local/lib/python3.7/site-packages/airflow/example_dags/example_task_group_decorator.py took 0.095 seconds
[2023-06-21T09:55:57.443+0000] {processor.py:157} INFO - Started process (PID=711) to work on /home/airflow/.local/lib/python3.7/site-packages/airflow/example_dags/example_task_group_decorator.py
[2023-06-21T09:55:57.444+0000] {processor.py:826} INFO - Processing file /home/airflow/.local/lib/python3.7/site-packages/airflow/example_dags/example_task_group_decorator.py for tasks to queue
[2023-06-21T09:55:57.445+0000] {logging_mixin.py:149} INFO - [2023-06-21T09:55:57.445+0000] {dagbag.py:541} INFO - Filling up the DagBag from /home/airflow/.local/lib/python3.7/site-packages/airflow/example_dags/example_task_group_decorator.py
[2023-06-21T09:55:57.459+0000] {processor.py:836} INFO - DAG(s) dict_keys(['example_task_group_decorator']) retrieved from /home/airflow/.local/lib/python3.7/site-packages/airflow/example_dags/example_task_group_decorator.py
[2023-06-21T09:55:57.490+0000] {logging_mixin.py:149} INFO - [2023-06-21T09:55:57.490+0000] {dag.py:2726} INFO - Sync 1 DAGs
[2023-06-21T09:55:57.521+0000] {logging_mixin.py:149} INFO - [2023-06-21T09:55:57.521+0000] {dag.py:3490} INFO - Setting next_dagrun for example_task_group_decorator to 2023-06-20T09:55:57.520833+00:00, run_after=2023-06-21T09:55:57.520833+00:00
[2023-06-21T09:55:57.545+0000] {processor.py:179} INFO - Processing /home/airflow/.local/lib/python3.7/site-packages/airflow/example_dags/example_task_group_decorator.py took 0.105 seconds
[2023-06-21T09:56:27.830+0000] {processor.py:157} INFO - Started process (PID=777) to work on /home/airflow/.local/lib/python3.7/site-packages/airflow/example_dags/example_task_group_decorator.py
[2023-06-21T09:56:27.831+0000] {processor.py:826} INFO - Processing file /home/airflow/.local/lib/python3.7/site-packages/airflow/example_dags/example_task_group_decorator.py for tasks to queue
[2023-06-21T09:56:27.833+0000] {logging_mixin.py:149} INFO - [2023-06-21T09:56:27.832+0000] {dagbag.py:541} INFO - Filling up the DagBag from /home/airflow/.local/lib/python3.7/site-packages/airflow/example_dags/example_task_group_decorator.py
[2023-06-21T09:56:27.849+0000] {processor.py:836} INFO - DAG(s) dict_keys(['example_task_group_decorator']) retrieved from /home/airflow/.local/lib/python3.7/site-packages/airflow/example_dags/example_task_group_decorator.py
[2023-06-21T09:56:27.878+0000] {logging_mixin.py:149} INFO - [2023-06-21T09:56:27.878+0000] {dag.py:2726} INFO - Sync 1 DAGs
[2023-06-21T09:56:27.905+0000] {logging_mixin.py:149} INFO - [2023-06-21T09:56:27.905+0000] {dag.py:3490} INFO - Setting next_dagrun for example_task_group_decorator to 2023-06-20T09:56:27.905288+00:00, run_after=2023-06-21T09:56:27.905288+00:00
[2023-06-21T09:56:27.932+0000] {processor.py:179} INFO - Processing /home/airflow/.local/lib/python3.7/site-packages/airflow/example_dags/example_task_group_decorator.py took 0.107 seconds
[2023-06-21T09:56:58.244+0000] {processor.py:157} INFO - Started process (PID=843) to work on /home/airflow/.local/lib/python3.7/site-packages/airflow/example_dags/example_task_group_decorator.py
[2023-06-21T09:56:58.245+0000] {processor.py:826} INFO - Processing file /home/airflow/.local/lib/python3.7/site-packages/airflow/example_dags/example_task_group_decorator.py for tasks to queue
[2023-06-21T09:56:58.246+0000] {logging_mixin.py:149} INFO - [2023-06-21T09:56:58.246+0000] {dagbag.py:541} INFO - Filling up the DagBag from /home/airflow/.local/lib/python3.7/site-packages/airflow/example_dags/example_task_group_decorator.py
[2023-06-21T09:56:58.260+0000] {processor.py:836} INFO - DAG(s) dict_keys(['example_task_group_decorator']) retrieved from /home/airflow/.local/lib/python3.7/site-packages/airflow/example_dags/example_task_group_decorator.py
[2023-06-21T09:56:58.288+0000] {logging_mixin.py:149} INFO - [2023-06-21T09:56:58.288+0000] {dag.py:2726} INFO - Sync 1 DAGs
[2023-06-21T09:56:58.312+0000] {logging_mixin.py:149} INFO - [2023-06-21T09:56:58.312+0000] {dag.py:3490} INFO - Setting next_dagrun for example_task_group_decorator to 2023-06-20T09:56:58.312423+00:00, run_after=2023-06-21T09:56:58.312423+00:00
[2023-06-21T09:56:58.332+0000] {processor.py:179} INFO - Processing /home/airflow/.local/lib/python3.7/site-packages/airflow/example_dags/example_task_group_decorator.py took 0.091 seconds
