[2023-06-21T09:50:52.791+0000] {processor.py:157} INFO - Started process (PID=59) to work on /home/airflow/.local/lib/python3.7/site-packages/airflow/example_dags/example_nested_branch_dag.py
[2023-06-21T09:50:52.792+0000] {processor.py:826} INFO - Processing file /home/airflow/.local/lib/python3.7/site-packages/airflow/example_dags/example_nested_branch_dag.py for tasks to queue
[2023-06-21T09:50:52.794+0000] {logging_mixin.py:149} INFO - [2023-06-21T09:50:52.794+0000] {dagbag.py:541} INFO - Filling up the DagBag from /home/airflow/.local/lib/python3.7/site-packages/airflow/example_dags/example_nested_branch_dag.py
[2023-06-21T09:50:52.808+0000] {processor.py:836} INFO - DAG(s) dict_keys(['example_nested_branch_dag']) retrieved from /home/airflow/.local/lib/python3.7/site-packages/airflow/example_dags/example_nested_branch_dag.py
[2023-06-21T09:50:52.829+0000] {logging_mixin.py:149} INFO - [2023-06-21T09:50:52.829+0000] {dag.py:2726} INFO - Sync 1 DAGs
[2023-06-21T09:50:52.873+0000] {logging_mixin.py:149} INFO - [2023-06-21T09:50:52.873+0000] {dag.py:3490} INFO - Setting next_dagrun for example_nested_branch_dag to 2023-06-20T00:00:00+00:00, run_after=2023-06-21T00:00:00+00:00
[2023-06-21T09:50:52.900+0000] {processor.py:179} INFO - Processing /home/airflow/.local/lib/python3.7/site-packages/airflow/example_dags/example_nested_branch_dag.py took 0.114 seconds
[2023-06-21T09:51:23.812+0000] {processor.py:157} INFO - Started process (PID=125) to work on /home/airflow/.local/lib/python3.7/site-packages/airflow/example_dags/example_nested_branch_dag.py
[2023-06-21T09:51:23.813+0000] {processor.py:826} INFO - Processing file /home/airflow/.local/lib/python3.7/site-packages/airflow/example_dags/example_nested_branch_dag.py for tasks to queue
[2023-06-21T09:51:23.814+0000] {logging_mixin.py:149} INFO - [2023-06-21T09:51:23.814+0000] {dagbag.py:541} INFO - Filling up the DagBag from /home/airflow/.local/lib/python3.7/site-packages/airflow/example_dags/example_nested_branch_dag.py
[2023-06-21T09:51:23.826+0000] {processor.py:836} INFO - DAG(s) dict_keys(['example_nested_branch_dag']) retrieved from /home/airflow/.local/lib/python3.7/site-packages/airflow/example_dags/example_nested_branch_dag.py
[2023-06-21T09:51:23.839+0000] {logging_mixin.py:149} INFO - [2023-06-21T09:51:23.839+0000] {dag.py:2726} INFO - Sync 1 DAGs
[2023-06-21T09:51:23.870+0000] {logging_mixin.py:149} INFO - [2023-06-21T09:51:23.870+0000] {dag.py:3490} INFO - Setting next_dagrun for example_nested_branch_dag to 2023-06-20T00:00:00+00:00, run_after=2023-06-21T00:00:00+00:00
[2023-06-21T09:51:23.895+0000] {processor.py:179} INFO - Processing /home/airflow/.local/lib/python3.7/site-packages/airflow/example_dags/example_nested_branch_dag.py took 0.086 seconds
[2023-06-21T09:51:54.226+0000] {processor.py:157} INFO - Started process (PID=191) to work on /home/airflow/.local/lib/python3.7/site-packages/airflow/example_dags/example_nested_branch_dag.py
[2023-06-21T09:51:54.228+0000] {processor.py:826} INFO - Processing file /home/airflow/.local/lib/python3.7/site-packages/airflow/example_dags/example_nested_branch_dag.py for tasks to queue
[2023-06-21T09:51:54.228+0000] {logging_mixin.py:149} INFO - [2023-06-21T09:51:54.228+0000] {dagbag.py:541} INFO - Filling up the DagBag from /home/airflow/.local/lib/python3.7/site-packages/airflow/example_dags/example_nested_branch_dag.py
[2023-06-21T09:51:54.239+0000] {processor.py:836} INFO - DAG(s) dict_keys(['example_nested_branch_dag']) retrieved from /home/airflow/.local/lib/python3.7/site-packages/airflow/example_dags/example_nested_branch_dag.py
[2023-06-21T09:51:54.267+0000] {logging_mixin.py:149} INFO - [2023-06-21T09:51:54.267+0000] {dag.py:2726} INFO - Sync 1 DAGs
[2023-06-21T09:51:54.298+0000] {logging_mixin.py:149} INFO - [2023-06-21T09:51:54.298+0000] {dag.py:3490} INFO - Setting next_dagrun for example_nested_branch_dag to 2023-06-20T00:00:00+00:00, run_after=2023-06-21T00:00:00+00:00
[2023-06-21T09:51:54.320+0000] {processor.py:179} INFO - Processing /home/airflow/.local/lib/python3.7/site-packages/airflow/example_dags/example_nested_branch_dag.py took 0.097 seconds
[2023-06-21T09:52:25.012+0000] {processor.py:157} INFO - Started process (PID=257) to work on /home/airflow/.local/lib/python3.7/site-packages/airflow/example_dags/example_nested_branch_dag.py
[2023-06-21T09:52:25.014+0000] {processor.py:826} INFO - Processing file /home/airflow/.local/lib/python3.7/site-packages/airflow/example_dags/example_nested_branch_dag.py for tasks to queue
[2023-06-21T09:52:25.015+0000] {logging_mixin.py:149} INFO - [2023-06-21T09:52:25.015+0000] {dagbag.py:541} INFO - Filling up the DagBag from /home/airflow/.local/lib/python3.7/site-packages/airflow/example_dags/example_nested_branch_dag.py
[2023-06-21T09:52:25.023+0000] {processor.py:836} INFO - DAG(s) dict_keys(['example_nested_branch_dag']) retrieved from /home/airflow/.local/lib/python3.7/site-packages/airflow/example_dags/example_nested_branch_dag.py
[2023-06-21T09:52:25.047+0000] {logging_mixin.py:149} INFO - [2023-06-21T09:52:25.047+0000] {dag.py:2726} INFO - Sync 1 DAGs
[2023-06-21T09:52:25.072+0000] {logging_mixin.py:149} INFO - [2023-06-21T09:52:25.072+0000] {dag.py:3490} INFO - Setting next_dagrun for example_nested_branch_dag to 2023-06-20T00:00:00+00:00, run_after=2023-06-21T00:00:00+00:00
[2023-06-21T09:52:25.093+0000] {processor.py:179} INFO - Processing /home/airflow/.local/lib/python3.7/site-packages/airflow/example_dags/example_nested_branch_dag.py took 0.083 seconds
[2023-06-21T09:52:55.445+0000] {processor.py:157} INFO - Started process (PID=323) to work on /home/airflow/.local/lib/python3.7/site-packages/airflow/example_dags/example_nested_branch_dag.py
[2023-06-21T09:52:55.447+0000] {processor.py:826} INFO - Processing file /home/airflow/.local/lib/python3.7/site-packages/airflow/example_dags/example_nested_branch_dag.py for tasks to queue
[2023-06-21T09:52:55.448+0000] {logging_mixin.py:149} INFO - [2023-06-21T09:52:55.448+0000] {dagbag.py:541} INFO - Filling up the DagBag from /home/airflow/.local/lib/python3.7/site-packages/airflow/example_dags/example_nested_branch_dag.py
[2023-06-21T09:52:55.457+0000] {processor.py:836} INFO - DAG(s) dict_keys(['example_nested_branch_dag']) retrieved from /home/airflow/.local/lib/python3.7/site-packages/airflow/example_dags/example_nested_branch_dag.py
[2023-06-21T09:52:55.483+0000] {logging_mixin.py:149} INFO - [2023-06-21T09:52:55.483+0000] {dag.py:2726} INFO - Sync 1 DAGs
[2023-06-21T09:52:55.509+0000] {logging_mixin.py:149} INFO - [2023-06-21T09:52:55.509+0000] {dag.py:3490} INFO - Setting next_dagrun for example_nested_branch_dag to 2023-06-20T00:00:00+00:00, run_after=2023-06-21T00:00:00+00:00
[2023-06-21T09:52:55.530+0000] {processor.py:179} INFO - Processing /home/airflow/.local/lib/python3.7/site-packages/airflow/example_dags/example_nested_branch_dag.py took 0.088 seconds
[2023-06-21T09:53:26.068+0000] {processor.py:157} INFO - Started process (PID=389) to work on /home/airflow/.local/lib/python3.7/site-packages/airflow/example_dags/example_nested_branch_dag.py
[2023-06-21T09:53:26.069+0000] {processor.py:826} INFO - Processing file /home/airflow/.local/lib/python3.7/site-packages/airflow/example_dags/example_nested_branch_dag.py for tasks to queue
[2023-06-21T09:53:26.070+0000] {logging_mixin.py:149} INFO - [2023-06-21T09:53:26.070+0000] {dagbag.py:541} INFO - Filling up the DagBag from /home/airflow/.local/lib/python3.7/site-packages/airflow/example_dags/example_nested_branch_dag.py
[2023-06-21T09:53:26.079+0000] {processor.py:836} INFO - DAG(s) dict_keys(['example_nested_branch_dag']) retrieved from /home/airflow/.local/lib/python3.7/site-packages/airflow/example_dags/example_nested_branch_dag.py
[2023-06-21T09:53:26.103+0000] {logging_mixin.py:149} INFO - [2023-06-21T09:53:26.103+0000] {dag.py:2726} INFO - Sync 1 DAGs
[2023-06-21T09:53:26.128+0000] {logging_mixin.py:149} INFO - [2023-06-21T09:53:26.128+0000] {dag.py:3490} INFO - Setting next_dagrun for example_nested_branch_dag to 2023-06-20T00:00:00+00:00, run_after=2023-06-21T00:00:00+00:00
[2023-06-21T09:53:26.148+0000] {processor.py:179} INFO - Processing /home/airflow/.local/lib/python3.7/site-packages/airflow/example_dags/example_nested_branch_dag.py took 0.083 seconds
[2023-06-21T09:53:56.693+0000] {processor.py:157} INFO - Started process (PID=455) to work on /home/airflow/.local/lib/python3.7/site-packages/airflow/example_dags/example_nested_branch_dag.py
[2023-06-21T09:53:56.694+0000] {processor.py:826} INFO - Processing file /home/airflow/.local/lib/python3.7/site-packages/airflow/example_dags/example_nested_branch_dag.py for tasks to queue
[2023-06-21T09:53:56.695+0000] {logging_mixin.py:149} INFO - [2023-06-21T09:53:56.695+0000] {dagbag.py:541} INFO - Filling up the DagBag from /home/airflow/.local/lib/python3.7/site-packages/airflow/example_dags/example_nested_branch_dag.py
[2023-06-21T09:53:56.706+0000] {processor.py:836} INFO - DAG(s) dict_keys(['example_nested_branch_dag']) retrieved from /home/airflow/.local/lib/python3.7/site-packages/airflow/example_dags/example_nested_branch_dag.py
[2023-06-21T09:53:56.737+0000] {logging_mixin.py:149} INFO - [2023-06-21T09:53:56.737+0000] {dag.py:2726} INFO - Sync 1 DAGs
[2023-06-21T09:53:56.769+0000] {logging_mixin.py:149} INFO - [2023-06-21T09:53:56.769+0000] {dag.py:3490} INFO - Setting next_dagrun for example_nested_branch_dag to 2023-06-20T00:00:00+00:00, run_after=2023-06-21T00:00:00+00:00
[2023-06-21T09:53:56.796+0000] {processor.py:179} INFO - Processing /home/airflow/.local/lib/python3.7/site-packages/airflow/example_dags/example_nested_branch_dag.py took 0.107 seconds
[2023-06-21T09:54:27.231+0000] {processor.py:157} INFO - Started process (PID=521) to work on /home/airflow/.local/lib/python3.7/site-packages/airflow/example_dags/example_nested_branch_dag.py
[2023-06-21T09:54:27.233+0000] {processor.py:826} INFO - Processing file /home/airflow/.local/lib/python3.7/site-packages/airflow/example_dags/example_nested_branch_dag.py for tasks to queue
[2023-06-21T09:54:27.234+0000] {logging_mixin.py:149} INFO - [2023-06-21T09:54:27.233+0000] {dagbag.py:541} INFO - Filling up the DagBag from /home/airflow/.local/lib/python3.7/site-packages/airflow/example_dags/example_nested_branch_dag.py
[2023-06-21T09:54:27.242+0000] {processor.py:836} INFO - DAG(s) dict_keys(['example_nested_branch_dag']) retrieved from /home/airflow/.local/lib/python3.7/site-packages/airflow/example_dags/example_nested_branch_dag.py
[2023-06-21T09:54:27.265+0000] {logging_mixin.py:149} INFO - [2023-06-21T09:54:27.265+0000] {dag.py:2726} INFO - Sync 1 DAGs
[2023-06-21T09:54:27.290+0000] {logging_mixin.py:149} INFO - [2023-06-21T09:54:27.290+0000] {dag.py:3490} INFO - Setting next_dagrun for example_nested_branch_dag to 2023-06-20T00:00:00+00:00, run_after=2023-06-21T00:00:00+00:00
[2023-06-21T09:54:27.311+0000] {processor.py:179} INFO - Processing /home/airflow/.local/lib/python3.7/site-packages/airflow/example_dags/example_nested_branch_dag.py took 0.082 seconds
[2023-06-21T09:54:57.824+0000] {processor.py:157} INFO - Started process (PID=587) to work on /home/airflow/.local/lib/python3.7/site-packages/airflow/example_dags/example_nested_branch_dag.py
[2023-06-21T09:54:57.826+0000] {processor.py:826} INFO - Processing file /home/airflow/.local/lib/python3.7/site-packages/airflow/example_dags/example_nested_branch_dag.py for tasks to queue
[2023-06-21T09:54:57.827+0000] {logging_mixin.py:149} INFO - [2023-06-21T09:54:57.826+0000] {dagbag.py:541} INFO - Filling up the DagBag from /home/airflow/.local/lib/python3.7/site-packages/airflow/example_dags/example_nested_branch_dag.py
[2023-06-21T09:54:57.838+0000] {processor.py:836} INFO - DAG(s) dict_keys(['example_nested_branch_dag']) retrieved from /home/airflow/.local/lib/python3.7/site-packages/airflow/example_dags/example_nested_branch_dag.py
[2023-06-21T09:54:57.864+0000] {logging_mixin.py:149} INFO - [2023-06-21T09:54:57.864+0000] {dag.py:2726} INFO - Sync 1 DAGs
[2023-06-21T09:54:57.888+0000] {logging_mixin.py:149} INFO - [2023-06-21T09:54:57.888+0000] {dag.py:3490} INFO - Setting next_dagrun for example_nested_branch_dag to 2023-06-20T00:00:00+00:00, run_after=2023-06-21T00:00:00+00:00
[2023-06-21T09:54:57.908+0000] {processor.py:179} INFO - Processing /home/airflow/.local/lib/python3.7/site-packages/airflow/example_dags/example_nested_branch_dag.py took 0.087 seconds
[2023-06-21T09:55:28.362+0000] {processor.py:157} INFO - Started process (PID=653) to work on /home/airflow/.local/lib/python3.7/site-packages/airflow/example_dags/example_nested_branch_dag.py
[2023-06-21T09:55:28.363+0000] {processor.py:826} INFO - Processing file /home/airflow/.local/lib/python3.7/site-packages/airflow/example_dags/example_nested_branch_dag.py for tasks to queue
[2023-06-21T09:55:28.365+0000] {logging_mixin.py:149} INFO - [2023-06-21T09:55:28.365+0000] {dagbag.py:541} INFO - Filling up the DagBag from /home/airflow/.local/lib/python3.7/site-packages/airflow/example_dags/example_nested_branch_dag.py
[2023-06-21T09:55:28.375+0000] {processor.py:836} INFO - DAG(s) dict_keys(['example_nested_branch_dag']) retrieved from /home/airflow/.local/lib/python3.7/site-packages/airflow/example_dags/example_nested_branch_dag.py
[2023-06-21T09:55:28.403+0000] {logging_mixin.py:149} INFO - [2023-06-21T09:55:28.403+0000] {dag.py:2726} INFO - Sync 1 DAGs
[2023-06-21T09:55:28.435+0000] {logging_mixin.py:149} INFO - [2023-06-21T09:55:28.435+0000] {dag.py:3490} INFO - Setting next_dagrun for example_nested_branch_dag to 2023-06-20T00:00:00+00:00, run_after=2023-06-21T00:00:00+00:00
[2023-06-21T09:55:28.459+0000] {processor.py:179} INFO - Processing /home/airflow/.local/lib/python3.7/site-packages/airflow/example_dags/example_nested_branch_dag.py took 0.100 seconds
[2023-06-21T09:55:58.950+0000] {processor.py:157} INFO - Started process (PID=719) to work on /home/airflow/.local/lib/python3.7/site-packages/airflow/example_dags/example_nested_branch_dag.py
[2023-06-21T09:55:58.951+0000] {processor.py:826} INFO - Processing file /home/airflow/.local/lib/python3.7/site-packages/airflow/example_dags/example_nested_branch_dag.py for tasks to queue
[2023-06-21T09:55:58.952+0000] {logging_mixin.py:149} INFO - [2023-06-21T09:55:58.952+0000] {dagbag.py:541} INFO - Filling up the DagBag from /home/airflow/.local/lib/python3.7/site-packages/airflow/example_dags/example_nested_branch_dag.py
[2023-06-21T09:55:58.960+0000] {processor.py:836} INFO - DAG(s) dict_keys(['example_nested_branch_dag']) retrieved from /home/airflow/.local/lib/python3.7/site-packages/airflow/example_dags/example_nested_branch_dag.py
[2023-06-21T09:55:58.985+0000] {logging_mixin.py:149} INFO - [2023-06-21T09:55:58.985+0000] {dag.py:2726} INFO - Sync 1 DAGs
[2023-06-21T09:55:59.010+0000] {logging_mixin.py:149} INFO - [2023-06-21T09:55:59.010+0000] {dag.py:3490} INFO - Setting next_dagrun for example_nested_branch_dag to 2023-06-20T00:00:00+00:00, run_after=2023-06-21T00:00:00+00:00
[2023-06-21T09:55:59.034+0000] {processor.py:179} INFO - Processing /home/airflow/.local/lib/python3.7/site-packages/airflow/example_dags/example_nested_branch_dag.py took 0.087 seconds
[2023-06-21T09:56:29.326+0000] {processor.py:157} INFO - Started process (PID=785) to work on /home/airflow/.local/lib/python3.7/site-packages/airflow/example_dags/example_nested_branch_dag.py
[2023-06-21T09:56:29.327+0000] {processor.py:826} INFO - Processing file /home/airflow/.local/lib/python3.7/site-packages/airflow/example_dags/example_nested_branch_dag.py for tasks to queue
[2023-06-21T09:56:29.329+0000] {logging_mixin.py:149} INFO - [2023-06-21T09:56:29.328+0000] {dagbag.py:541} INFO - Filling up the DagBag from /home/airflow/.local/lib/python3.7/site-packages/airflow/example_dags/example_nested_branch_dag.py
[2023-06-21T09:56:29.338+0000] {processor.py:836} INFO - DAG(s) dict_keys(['example_nested_branch_dag']) retrieved from /home/airflow/.local/lib/python3.7/site-packages/airflow/example_dags/example_nested_branch_dag.py
[2023-06-21T09:56:29.364+0000] {logging_mixin.py:149} INFO - [2023-06-21T09:56:29.364+0000] {dag.py:2726} INFO - Sync 1 DAGs
[2023-06-21T09:56:29.390+0000] {logging_mixin.py:149} INFO - [2023-06-21T09:56:29.390+0000] {dag.py:3490} INFO - Setting next_dagrun for example_nested_branch_dag to 2023-06-20T00:00:00+00:00, run_after=2023-06-21T00:00:00+00:00
[2023-06-21T09:56:29.411+0000] {processor.py:179} INFO - Processing /home/airflow/.local/lib/python3.7/site-packages/airflow/example_dags/example_nested_branch_dag.py took 0.088 seconds
[2023-06-21T09:57:00.015+0000] {processor.py:157} INFO - Started process (PID=851) to work on /home/airflow/.local/lib/python3.7/site-packages/airflow/example_dags/example_nested_branch_dag.py
[2023-06-21T09:57:00.016+0000] {processor.py:826} INFO - Processing file /home/airflow/.local/lib/python3.7/site-packages/airflow/example_dags/example_nested_branch_dag.py for tasks to queue
[2023-06-21T09:57:00.017+0000] {logging_mixin.py:149} INFO - [2023-06-21T09:57:00.017+0000] {dagbag.py:541} INFO - Filling up the DagBag from /home/airflow/.local/lib/python3.7/site-packages/airflow/example_dags/example_nested_branch_dag.py
[2023-06-21T09:57:00.027+0000] {processor.py:836} INFO - DAG(s) dict_keys(['example_nested_branch_dag']) retrieved from /home/airflow/.local/lib/python3.7/site-packages/airflow/example_dags/example_nested_branch_dag.py
[2023-06-21T09:57:00.051+0000] {logging_mixin.py:149} INFO - [2023-06-21T09:57:00.051+0000] {dag.py:2726} INFO - Sync 1 DAGs
[2023-06-21T09:57:00.078+0000] {logging_mixin.py:149} INFO - [2023-06-21T09:57:00.078+0000] {dag.py:3490} INFO - Setting next_dagrun for example_nested_branch_dag to 2023-06-20T00:00:00+00:00, run_after=2023-06-21T00:00:00+00:00
[2023-06-21T09:57:00.097+0000] {processor.py:179} INFO - Processing /home/airflow/.local/lib/python3.7/site-packages/airflow/example_dags/example_nested_branch_dag.py took 0.085 seconds
