[2023-06-21T09:50:50.934+0000] {processor.py:157} INFO - Started process (PID=35) to work on /home/airflow/.local/lib/python3.7/site-packages/airflow/example_dags/example_latest_only.py
[2023-06-21T09:50:50.935+0000] {processor.py:826} INFO - Processing file /home/airflow/.local/lib/python3.7/site-packages/airflow/example_dags/example_latest_only.py for tasks to queue
[2023-06-21T09:50:50.936+0000] {logging_mixin.py:149} INFO - [2023-06-21T09:50:50.936+0000] {dagbag.py:541} INFO - Filling up the DagBag from /home/airflow/.local/lib/python3.7/site-packages/airflow/example_dags/example_latest_only.py
[2023-06-21T09:50:50.945+0000] {processor.py:836} INFO - DAG(s) dict_keys(['latest_only']) retrieved from /home/airflow/.local/lib/python3.7/site-packages/airflow/example_dags/example_latest_only.py
[2023-06-21T09:50:50.960+0000] {logging_mixin.py:149} INFO - [2023-06-21T09:50:50.960+0000] {dag.py:2726} INFO - Sync 1 DAGs
[2023-06-21T09:50:50.990+0000] {logging_mixin.py:149} INFO - [2023-06-21T09:50:50.990+0000] {dag.py:3490} INFO - Setting next_dagrun for latest_only to 2023-06-21T05:50:50.990347+00:00, run_after=2023-06-21T09:50:50.990347+00:00
[2023-06-21T09:50:51.020+0000] {processor.py:179} INFO - Processing /home/airflow/.local/lib/python3.7/site-packages/airflow/example_dags/example_latest_only.py took 0.089 seconds
[2023-06-21T09:51:21.103+0000] {processor.py:157} INFO - Started process (PID=100) to work on /home/airflow/.local/lib/python3.7/site-packages/airflow/example_dags/example_latest_only.py
[2023-06-21T09:51:21.104+0000] {processor.py:826} INFO - Processing file /home/airflow/.local/lib/python3.7/site-packages/airflow/example_dags/example_latest_only.py for tasks to queue
[2023-06-21T09:51:21.105+0000] {logging_mixin.py:149} INFO - [2023-06-21T09:51:21.105+0000] {dagbag.py:541} INFO - Filling up the DagBag from /home/airflow/.local/lib/python3.7/site-packages/airflow/example_dags/example_latest_only.py
[2023-06-21T09:51:21.111+0000] {processor.py:836} INFO - DAG(s) dict_keys(['latest_only']) retrieved from /home/airflow/.local/lib/python3.7/site-packages/airflow/example_dags/example_latest_only.py
[2023-06-21T09:51:21.122+0000] {logging_mixin.py:149} INFO - [2023-06-21T09:51:21.122+0000] {dag.py:2726} INFO - Sync 1 DAGs
[2023-06-21T09:51:21.146+0000] {logging_mixin.py:149} INFO - [2023-06-21T09:51:21.146+0000] {dag.py:3490} INFO - Setting next_dagrun for latest_only to 2023-06-21T05:51:21.146450+00:00, run_after=2023-06-21T09:51:21.146450+00:00
[2023-06-21T09:51:21.167+0000] {processor.py:179} INFO - Processing /home/airflow/.local/lib/python3.7/site-packages/airflow/example_dags/example_latest_only.py took 0.067 seconds
[2023-06-21T09:51:51.572+0000] {processor.py:157} INFO - Started process (PID=167) to work on /home/airflow/.local/lib/python3.7/site-packages/airflow/example_dags/example_latest_only.py
[2023-06-21T09:51:51.573+0000] {processor.py:826} INFO - Processing file /home/airflow/.local/lib/python3.7/site-packages/airflow/example_dags/example_latest_only.py for tasks to queue
[2023-06-21T09:51:51.574+0000] {logging_mixin.py:149} INFO - [2023-06-21T09:51:51.574+0000] {dagbag.py:541} INFO - Filling up the DagBag from /home/airflow/.local/lib/python3.7/site-packages/airflow/example_dags/example_latest_only.py
[2023-06-21T09:51:51.579+0000] {processor.py:836} INFO - DAG(s) dict_keys(['latest_only']) retrieved from /home/airflow/.local/lib/python3.7/site-packages/airflow/example_dags/example_latest_only.py
[2023-06-21T09:51:51.601+0000] {logging_mixin.py:149} INFO - [2023-06-21T09:51:51.600+0000] {dag.py:2726} INFO - Sync 1 DAGs
[2023-06-21T09:51:51.625+0000] {logging_mixin.py:149} INFO - [2023-06-21T09:51:51.625+0000] {dag.py:3490} INFO - Setting next_dagrun for latest_only to 2023-06-21T05:51:51.625102+00:00, run_after=2023-06-21T09:51:51.625102+00:00
[2023-06-21T09:51:51.646+0000] {processor.py:179} INFO - Processing /home/airflow/.local/lib/python3.7/site-packages/airflow/example_dags/example_latest_only.py took 0.077 seconds
[2023-06-21T09:52:22.491+0000] {processor.py:157} INFO - Started process (PID=233) to work on /home/airflow/.local/lib/python3.7/site-packages/airflow/example_dags/example_latest_only.py
[2023-06-21T09:52:22.492+0000] {processor.py:826} INFO - Processing file /home/airflow/.local/lib/python3.7/site-packages/airflow/example_dags/example_latest_only.py for tasks to queue
[2023-06-21T09:52:22.493+0000] {logging_mixin.py:149} INFO - [2023-06-21T09:52:22.493+0000] {dagbag.py:541} INFO - Filling up the DagBag from /home/airflow/.local/lib/python3.7/site-packages/airflow/example_dags/example_latest_only.py
[2023-06-21T09:52:22.498+0000] {processor.py:836} INFO - DAG(s) dict_keys(['latest_only']) retrieved from /home/airflow/.local/lib/python3.7/site-packages/airflow/example_dags/example_latest_only.py
[2023-06-21T09:52:22.518+0000] {logging_mixin.py:149} INFO - [2023-06-21T09:52:22.518+0000] {dag.py:2726} INFO - Sync 1 DAGs
[2023-06-21T09:52:22.544+0000] {logging_mixin.py:149} INFO - [2023-06-21T09:52:22.544+0000] {dag.py:3490} INFO - Setting next_dagrun for latest_only to 2023-06-21T05:52:22.543831+00:00, run_after=2023-06-21T09:52:22.543831+00:00
[2023-06-21T09:52:22.562+0000] {processor.py:179} INFO - Processing /home/airflow/.local/lib/python3.7/site-packages/airflow/example_dags/example_latest_only.py took 0.074 seconds
[2023-06-21T09:52:52.903+0000] {processor.py:157} INFO - Started process (PID=298) to work on /home/airflow/.local/lib/python3.7/site-packages/airflow/example_dags/example_latest_only.py
[2023-06-21T09:52:52.904+0000] {processor.py:826} INFO - Processing file /home/airflow/.local/lib/python3.7/site-packages/airflow/example_dags/example_latest_only.py for tasks to queue
[2023-06-21T09:52:52.905+0000] {logging_mixin.py:149} INFO - [2023-06-21T09:52:52.905+0000] {dagbag.py:541} INFO - Filling up the DagBag from /home/airflow/.local/lib/python3.7/site-packages/airflow/example_dags/example_latest_only.py
[2023-06-21T09:52:52.910+0000] {processor.py:836} INFO - DAG(s) dict_keys(['latest_only']) retrieved from /home/airflow/.local/lib/python3.7/site-packages/airflow/example_dags/example_latest_only.py
[2023-06-21T09:52:52.930+0000] {logging_mixin.py:149} INFO - [2023-06-21T09:52:52.930+0000] {dag.py:2726} INFO - Sync 1 DAGs
[2023-06-21T09:52:52.952+0000] {logging_mixin.py:149} INFO - [2023-06-21T09:52:52.952+0000] {dag.py:3490} INFO - Setting next_dagrun for latest_only to 2023-06-21T05:52:52.952433+00:00, run_after=2023-06-21T09:52:52.952433+00:00
[2023-06-21T09:52:52.972+0000] {processor.py:179} INFO - Processing /home/airflow/.local/lib/python3.7/site-packages/airflow/example_dags/example_latest_only.py took 0.073 seconds
[2023-06-21T09:53:23.403+0000] {processor.py:157} INFO - Started process (PID=364) to work on /home/airflow/.local/lib/python3.7/site-packages/airflow/example_dags/example_latest_only.py
[2023-06-21T09:53:23.404+0000] {processor.py:826} INFO - Processing file /home/airflow/.local/lib/python3.7/site-packages/airflow/example_dags/example_latest_only.py for tasks to queue
[2023-06-21T09:53:23.405+0000] {logging_mixin.py:149} INFO - [2023-06-21T09:53:23.405+0000] {dagbag.py:541} INFO - Filling up the DagBag from /home/airflow/.local/lib/python3.7/site-packages/airflow/example_dags/example_latest_only.py
[2023-06-21T09:53:23.410+0000] {processor.py:836} INFO - DAG(s) dict_keys(['latest_only']) retrieved from /home/airflow/.local/lib/python3.7/site-packages/airflow/example_dags/example_latest_only.py
[2023-06-21T09:53:23.433+0000] {logging_mixin.py:149} INFO - [2023-06-21T09:53:23.433+0000] {dag.py:2726} INFO - Sync 1 DAGs
[2023-06-21T09:53:23.457+0000] {logging_mixin.py:149} INFO - [2023-06-21T09:53:23.457+0000] {dag.py:3490} INFO - Setting next_dagrun for latest_only to 2023-06-21T05:53:23.457124+00:00, run_after=2023-06-21T09:53:23.457124+00:00
[2023-06-21T09:53:23.477+0000] {processor.py:179} INFO - Processing /home/airflow/.local/lib/python3.7/site-packages/airflow/example_dags/example_latest_only.py took 0.077 seconds
[2023-06-21T09:53:54.048+0000] {processor.py:157} INFO - Started process (PID=431) to work on /home/airflow/.local/lib/python3.7/site-packages/airflow/example_dags/example_latest_only.py
[2023-06-21T09:53:54.049+0000] {processor.py:826} INFO - Processing file /home/airflow/.local/lib/python3.7/site-packages/airflow/example_dags/example_latest_only.py for tasks to queue
[2023-06-21T09:53:54.050+0000] {logging_mixin.py:149} INFO - [2023-06-21T09:53:54.050+0000] {dagbag.py:541} INFO - Filling up the DagBag from /home/airflow/.local/lib/python3.7/site-packages/airflow/example_dags/example_latest_only.py
[2023-06-21T09:53:54.055+0000] {processor.py:836} INFO - DAG(s) dict_keys(['latest_only']) retrieved from /home/airflow/.local/lib/python3.7/site-packages/airflow/example_dags/example_latest_only.py
[2023-06-21T09:53:54.078+0000] {logging_mixin.py:149} INFO - [2023-06-21T09:53:54.078+0000] {dag.py:2726} INFO - Sync 1 DAGs
[2023-06-21T09:53:54.103+0000] {logging_mixin.py:149} INFO - [2023-06-21T09:53:54.103+0000] {dag.py:3490} INFO - Setting next_dagrun for latest_only to 2023-06-21T05:53:54.102808+00:00, run_after=2023-06-21T09:53:54.102808+00:00
[2023-06-21T09:53:54.121+0000] {processor.py:179} INFO - Processing /home/airflow/.local/lib/python3.7/site-packages/airflow/example_dags/example_latest_only.py took 0.076 seconds
[2023-06-21T09:54:24.685+0000] {processor.py:157} INFO - Started process (PID=497) to work on /home/airflow/.local/lib/python3.7/site-packages/airflow/example_dags/example_latest_only.py
[2023-06-21T09:54:24.687+0000] {processor.py:826} INFO - Processing file /home/airflow/.local/lib/python3.7/site-packages/airflow/example_dags/example_latest_only.py for tasks to queue
[2023-06-21T09:54:24.688+0000] {logging_mixin.py:149} INFO - [2023-06-21T09:54:24.688+0000] {dagbag.py:541} INFO - Filling up the DagBag from /home/airflow/.local/lib/python3.7/site-packages/airflow/example_dags/example_latest_only.py
[2023-06-21T09:54:24.694+0000] {processor.py:836} INFO - DAG(s) dict_keys(['latest_only']) retrieved from /home/airflow/.local/lib/python3.7/site-packages/airflow/example_dags/example_latest_only.py
[2023-06-21T09:54:24.722+0000] {logging_mixin.py:149} INFO - [2023-06-21T09:54:24.721+0000] {dag.py:2726} INFO - Sync 1 DAGs
[2023-06-21T09:54:24.754+0000] {logging_mixin.py:149} INFO - [2023-06-21T09:54:24.754+0000] {dag.py:3490} INFO - Setting next_dagrun for latest_only to 2023-06-21T05:54:24.754084+00:00, run_after=2023-06-21T09:54:24.754084+00:00
[2023-06-21T09:54:24.776+0000] {processor.py:179} INFO - Processing /home/airflow/.local/lib/python3.7/site-packages/airflow/example_dags/example_latest_only.py took 0.095 seconds
[2023-06-21T09:54:55.098+0000] {processor.py:157} INFO - Started process (PID=562) to work on /home/airflow/.local/lib/python3.7/site-packages/airflow/example_dags/example_latest_only.py
[2023-06-21T09:54:55.099+0000] {processor.py:826} INFO - Processing file /home/airflow/.local/lib/python3.7/site-packages/airflow/example_dags/example_latest_only.py for tasks to queue
[2023-06-21T09:54:55.100+0000] {logging_mixin.py:149} INFO - [2023-06-21T09:54:55.100+0000] {dagbag.py:541} INFO - Filling up the DagBag from /home/airflow/.local/lib/python3.7/site-packages/airflow/example_dags/example_latest_only.py
[2023-06-21T09:54:55.105+0000] {processor.py:836} INFO - DAG(s) dict_keys(['latest_only']) retrieved from /home/airflow/.local/lib/python3.7/site-packages/airflow/example_dags/example_latest_only.py
[2023-06-21T09:54:55.126+0000] {logging_mixin.py:149} INFO - [2023-06-21T09:54:55.126+0000] {dag.py:2726} INFO - Sync 1 DAGs
[2023-06-21T09:54:55.150+0000] {logging_mixin.py:149} INFO - [2023-06-21T09:54:55.150+0000] {dag.py:3490} INFO - Setting next_dagrun for latest_only to 2023-06-21T05:54:55.150538+00:00, run_after=2023-06-21T09:54:55.150538+00:00
[2023-06-21T09:54:55.170+0000] {processor.py:179} INFO - Processing /home/airflow/.local/lib/python3.7/site-packages/airflow/example_dags/example_latest_only.py took 0.075 seconds
[2023-06-21T09:55:25.838+0000] {processor.py:157} INFO - Started process (PID=629) to work on /home/airflow/.local/lib/python3.7/site-packages/airflow/example_dags/example_latest_only.py
[2023-06-21T09:55:25.839+0000] {processor.py:826} INFO - Processing file /home/airflow/.local/lib/python3.7/site-packages/airflow/example_dags/example_latest_only.py for tasks to queue
[2023-06-21T09:55:25.840+0000] {logging_mixin.py:149} INFO - [2023-06-21T09:55:25.840+0000] {dagbag.py:541} INFO - Filling up the DagBag from /home/airflow/.local/lib/python3.7/site-packages/airflow/example_dags/example_latest_only.py
[2023-06-21T09:55:25.845+0000] {processor.py:836} INFO - DAG(s) dict_keys(['latest_only']) retrieved from /home/airflow/.local/lib/python3.7/site-packages/airflow/example_dags/example_latest_only.py
[2023-06-21T09:55:25.866+0000] {logging_mixin.py:149} INFO - [2023-06-21T09:55:25.866+0000] {dag.py:2726} INFO - Sync 1 DAGs
[2023-06-21T09:55:25.890+0000] {logging_mixin.py:149} INFO - [2023-06-21T09:55:25.890+0000] {dag.py:3490} INFO - Setting next_dagrun for latest_only to 2023-06-21T05:55:25.890218+00:00, run_after=2023-06-21T09:55:25.890218+00:00
[2023-06-21T09:55:25.910+0000] {processor.py:179} INFO - Processing /home/airflow/.local/lib/python3.7/site-packages/airflow/example_dags/example_latest_only.py took 0.074 seconds
[2023-06-21T09:55:56.401+0000] {processor.py:157} INFO - Started process (PID=695) to work on /home/airflow/.local/lib/python3.7/site-packages/airflow/example_dags/example_latest_only.py
[2023-06-21T09:55:56.402+0000] {processor.py:826} INFO - Processing file /home/airflow/.local/lib/python3.7/site-packages/airflow/example_dags/example_latest_only.py for tasks to queue
[2023-06-21T09:55:56.403+0000] {logging_mixin.py:149} INFO - [2023-06-21T09:55:56.402+0000] {dagbag.py:541} INFO - Filling up the DagBag from /home/airflow/.local/lib/python3.7/site-packages/airflow/example_dags/example_latest_only.py
[2023-06-21T09:55:56.407+0000] {processor.py:836} INFO - DAG(s) dict_keys(['latest_only']) retrieved from /home/airflow/.local/lib/python3.7/site-packages/airflow/example_dags/example_latest_only.py
[2023-06-21T09:55:56.429+0000] {logging_mixin.py:149} INFO - [2023-06-21T09:55:56.429+0000] {dag.py:2726} INFO - Sync 1 DAGs
[2023-06-21T09:55:56.456+0000] {logging_mixin.py:149} INFO - [2023-06-21T09:55:56.456+0000] {dag.py:3490} INFO - Setting next_dagrun for latest_only to 2023-06-21T05:55:56.456334+00:00, run_after=2023-06-21T09:55:56.456334+00:00
[2023-06-21T09:55:56.475+0000] {processor.py:179} INFO - Processing /home/airflow/.local/lib/python3.7/site-packages/airflow/example_dags/example_latest_only.py took 0.077 seconds
[2023-06-21T09:56:26.754+0000] {processor.py:157} INFO - Started process (PID=761) to work on /home/airflow/.local/lib/python3.7/site-packages/airflow/example_dags/example_latest_only.py
[2023-06-21T09:56:26.755+0000] {processor.py:826} INFO - Processing file /home/airflow/.local/lib/python3.7/site-packages/airflow/example_dags/example_latest_only.py for tasks to queue
[2023-06-21T09:56:26.756+0000] {logging_mixin.py:149} INFO - [2023-06-21T09:56:26.756+0000] {dagbag.py:541} INFO - Filling up the DagBag from /home/airflow/.local/lib/python3.7/site-packages/airflow/example_dags/example_latest_only.py
[2023-06-21T09:56:26.762+0000] {processor.py:836} INFO - DAG(s) dict_keys(['latest_only']) retrieved from /home/airflow/.local/lib/python3.7/site-packages/airflow/example_dags/example_latest_only.py
[2023-06-21T09:56:26.788+0000] {logging_mixin.py:149} INFO - [2023-06-21T09:56:26.788+0000] {dag.py:2726} INFO - Sync 1 DAGs
[2023-06-21T09:56:26.819+0000] {logging_mixin.py:149} INFO - [2023-06-21T09:56:26.819+0000] {dag.py:3490} INFO - Setting next_dagrun for latest_only to 2023-06-21T05:56:26.819207+00:00, run_after=2023-06-21T09:56:26.819207+00:00
[2023-06-21T09:56:26.839+0000] {processor.py:179} INFO - Processing /home/airflow/.local/lib/python3.7/site-packages/airflow/example_dags/example_latest_only.py took 0.088 seconds
[2023-06-21T09:56:57.066+0000] {processor.py:157} INFO - Started process (PID=827) to work on /home/airflow/.local/lib/python3.7/site-packages/airflow/example_dags/example_latest_only.py
[2023-06-21T09:56:57.068+0000] {processor.py:826} INFO - Processing file /home/airflow/.local/lib/python3.7/site-packages/airflow/example_dags/example_latest_only.py for tasks to queue
[2023-06-21T09:56:57.069+0000] {logging_mixin.py:149} INFO - [2023-06-21T09:56:57.069+0000] {dagbag.py:541} INFO - Filling up the DagBag from /home/airflow/.local/lib/python3.7/site-packages/airflow/example_dags/example_latest_only.py
[2023-06-21T09:56:57.075+0000] {processor.py:836} INFO - DAG(s) dict_keys(['latest_only']) retrieved from /home/airflow/.local/lib/python3.7/site-packages/airflow/example_dags/example_latest_only.py
[2023-06-21T09:56:57.102+0000] {logging_mixin.py:149} INFO - [2023-06-21T09:56:57.102+0000] {dag.py:2726} INFO - Sync 1 DAGs
[2023-06-21T09:56:57.129+0000] {logging_mixin.py:149} INFO - [2023-06-21T09:56:57.129+0000] {dag.py:3490} INFO - Setting next_dagrun for latest_only to 2023-06-21T05:56:57.129233+00:00, run_after=2023-06-21T09:56:57.129233+00:00
[2023-06-21T09:56:57.153+0000] {processor.py:179} INFO - Processing /home/airflow/.local/lib/python3.7/site-packages/airflow/example_dags/example_latest_only.py took 0.090 seconds
