[2023-06-21T09:50:53.497+0000] {processor.py:157} INFO - Started process (PID=67) to work on /home/airflow/.local/lib/python3.7/site-packages/airflow/example_dags/example_python_operator.py
[2023-06-21T09:50:53.498+0000] {processor.py:826} INFO - Processing file /home/airflow/.local/lib/python3.7/site-packages/airflow/example_dags/example_python_operator.py for tasks to queue
[2023-06-21T09:50:53.500+0000] {logging_mixin.py:149} INFO - [2023-06-21T09:50:53.499+0000] {dagbag.py:541} INFO - Filling up the DagBag from /home/airflow/.local/lib/python3.7/site-packages/airflow/example_dags/example_python_operator.py
[2023-06-21T09:50:53.510+0000] {logging_mixin.py:149} INFO - [2023-06-21T09:50:53.510+0000] {taskmixin.py:211} WARNING - Dependency <Task(_PythonDecoratedOperator): print_the_context>, log_sql_query already registered for DAG: example_python_operator
[2023-06-21T09:50:53.511+0000] {logging_mixin.py:149} INFO - [2023-06-21T09:50:53.511+0000] {taskmixin.py:211} WARNING - Dependency <Task(_PythonDecoratedOperator): log_sql_query>, print_the_context already registered for DAG: example_python_operator
[2023-06-21T09:50:53.513+0000] {logging_mixin.py:149} INFO - [2023-06-21T09:50:53.513+0000] {taskmixin.py:211} WARNING - Dependency <Task(_PythonDecoratedOperator): print_the_context>, log_sql_query already registered for DAG: example_python_operator
[2023-06-21T09:50:53.513+0000] {logging_mixin.py:149} INFO - [2023-06-21T09:50:53.513+0000] {taskmixin.py:211} WARNING - Dependency <Task(_PythonDecoratedOperator): log_sql_query>, print_the_context already registered for DAG: example_python_operator
[2023-06-21T09:50:53.515+0000] {logging_mixin.py:149} INFO - [2023-06-21T09:50:53.515+0000] {taskmixin.py:211} WARNING - Dependency <Task(_PythonDecoratedOperator): print_the_context>, log_sql_query already registered for DAG: example_python_operator
[2023-06-21T09:50:53.515+0000] {logging_mixin.py:149} INFO - [2023-06-21T09:50:53.515+0000] {taskmixin.py:211} WARNING - Dependency <Task(_PythonDecoratedOperator): log_sql_query>, print_the_context already registered for DAG: example_python_operator
[2023-06-21T09:50:53.517+0000] {logging_mixin.py:149} INFO - [2023-06-21T09:50:53.517+0000] {taskmixin.py:211} WARNING - Dependency <Task(_PythonDecoratedOperator): print_the_context>, log_sql_query already registered for DAG: example_python_operator
[2023-06-21T09:50:53.517+0000] {logging_mixin.py:149} INFO - [2023-06-21T09:50:53.517+0000] {taskmixin.py:211} WARNING - Dependency <Task(_PythonDecoratedOperator): log_sql_query>, print_the_context already registered for DAG: example_python_operator
[2023-06-21T09:50:53.523+0000] {processor.py:836} INFO - DAG(s) dict_keys(['example_python_operator']) retrieved from /home/airflow/.local/lib/python3.7/site-packages/airflow/example_dags/example_python_operator.py
[2023-06-21T09:50:53.542+0000] {logging_mixin.py:149} INFO - [2023-06-21T09:50:53.542+0000] {dag.py:2726} INFO - Sync 1 DAGs
[2023-06-21T09:50:53.586+0000] {logging_mixin.py:149} INFO - [2023-06-21T09:50:53.585+0000] {dag.py:3490} INFO - Setting next_dagrun for example_python_operator to None, run_after=None
[2023-06-21T09:50:53.612+0000] {processor.py:179} INFO - Processing /home/airflow/.local/lib/python3.7/site-packages/airflow/example_dags/example_python_operator.py took 0.119 seconds
[2023-06-21T09:51:24.356+0000] {processor.py:157} INFO - Started process (PID=133) to work on /home/airflow/.local/lib/python3.7/site-packages/airflow/example_dags/example_python_operator.py
[2023-06-21T09:51:24.358+0000] {processor.py:826} INFO - Processing file /home/airflow/.local/lib/python3.7/site-packages/airflow/example_dags/example_python_operator.py for tasks to queue
[2023-06-21T09:51:24.359+0000] {logging_mixin.py:149} INFO - [2023-06-21T09:51:24.359+0000] {dagbag.py:541} INFO - Filling up the DagBag from /home/airflow/.local/lib/python3.7/site-packages/airflow/example_dags/example_python_operator.py
[2023-06-21T09:51:24.366+0000] {logging_mixin.py:149} INFO - [2023-06-21T09:51:24.365+0000] {taskmixin.py:211} WARNING - Dependency <Task(_PythonDecoratedOperator): print_the_context>, log_sql_query already registered for DAG: example_python_operator
[2023-06-21T09:51:24.366+0000] {logging_mixin.py:149} INFO - [2023-06-21T09:51:24.366+0000] {taskmixin.py:211} WARNING - Dependency <Task(_PythonDecoratedOperator): log_sql_query>, print_the_context already registered for DAG: example_python_operator
[2023-06-21T09:51:24.367+0000] {logging_mixin.py:149} INFO - [2023-06-21T09:51:24.367+0000] {taskmixin.py:211} WARNING - Dependency <Task(_PythonDecoratedOperator): print_the_context>, log_sql_query already registered for DAG: example_python_operator
[2023-06-21T09:51:24.368+0000] {logging_mixin.py:149} INFO - [2023-06-21T09:51:24.368+0000] {taskmixin.py:211} WARNING - Dependency <Task(_PythonDecoratedOperator): log_sql_query>, print_the_context already registered for DAG: example_python_operator
[2023-06-21T09:51:24.369+0000] {logging_mixin.py:149} INFO - [2023-06-21T09:51:24.369+0000] {taskmixin.py:211} WARNING - Dependency <Task(_PythonDecoratedOperator): print_the_context>, log_sql_query already registered for DAG: example_python_operator
[2023-06-21T09:51:24.369+0000] {logging_mixin.py:149} INFO - [2023-06-21T09:51:24.369+0000] {taskmixin.py:211} WARNING - Dependency <Task(_PythonDecoratedOperator): log_sql_query>, print_the_context already registered for DAG: example_python_operator
[2023-06-21T09:51:24.371+0000] {logging_mixin.py:149} INFO - [2023-06-21T09:51:24.370+0000] {taskmixin.py:211} WARNING - Dependency <Task(_PythonDecoratedOperator): print_the_context>, log_sql_query already registered for DAG: example_python_operator
[2023-06-21T09:51:24.371+0000] {logging_mixin.py:149} INFO - [2023-06-21T09:51:24.371+0000] {taskmixin.py:211} WARNING - Dependency <Task(_PythonDecoratedOperator): log_sql_query>, print_the_context already registered for DAG: example_python_operator
[2023-06-21T09:51:24.375+0000] {processor.py:836} INFO - DAG(s) dict_keys(['example_python_operator']) retrieved from /home/airflow/.local/lib/python3.7/site-packages/airflow/example_dags/example_python_operator.py
[2023-06-21T09:51:24.388+0000] {logging_mixin.py:149} INFO - [2023-06-21T09:51:24.388+0000] {dag.py:2726} INFO - Sync 1 DAGs
[2023-06-21T09:51:24.418+0000] {logging_mixin.py:149} INFO - [2023-06-21T09:51:24.418+0000] {dag.py:3490} INFO - Setting next_dagrun for example_python_operator to None, run_after=None
[2023-06-21T09:51:24.441+0000] {processor.py:179} INFO - Processing /home/airflow/.local/lib/python3.7/site-packages/airflow/example_dags/example_python_operator.py took 0.088 seconds
[2023-06-21T09:51:54.785+0000] {processor.py:157} INFO - Started process (PID=199) to work on /home/airflow/.local/lib/python3.7/site-packages/airflow/example_dags/example_python_operator.py
[2023-06-21T09:51:54.786+0000] {processor.py:826} INFO - Processing file /home/airflow/.local/lib/python3.7/site-packages/airflow/example_dags/example_python_operator.py for tasks to queue
[2023-06-21T09:51:54.787+0000] {logging_mixin.py:149} INFO - [2023-06-21T09:51:54.787+0000] {dagbag.py:541} INFO - Filling up the DagBag from /home/airflow/.local/lib/python3.7/site-packages/airflow/example_dags/example_python_operator.py
[2023-06-21T09:51:54.793+0000] {logging_mixin.py:149} INFO - [2023-06-21T09:51:54.793+0000] {taskmixin.py:211} WARNING - Dependency <Task(_PythonDecoratedOperator): print_the_context>, log_sql_query already registered for DAG: example_python_operator
[2023-06-21T09:51:54.793+0000] {logging_mixin.py:149} INFO - [2023-06-21T09:51:54.793+0000] {taskmixin.py:211} WARNING - Dependency <Task(_PythonDecoratedOperator): log_sql_query>, print_the_context already registered for DAG: example_python_operator
[2023-06-21T09:51:54.794+0000] {logging_mixin.py:149} INFO - [2023-06-21T09:51:54.794+0000] {taskmixin.py:211} WARNING - Dependency <Task(_PythonDecoratedOperator): print_the_context>, log_sql_query already registered for DAG: example_python_operator
[2023-06-21T09:51:54.795+0000] {logging_mixin.py:149} INFO - [2023-06-21T09:51:54.795+0000] {taskmixin.py:211} WARNING - Dependency <Task(_PythonDecoratedOperator): log_sql_query>, print_the_context already registered for DAG: example_python_operator
[2023-06-21T09:51:54.796+0000] {logging_mixin.py:149} INFO - [2023-06-21T09:51:54.796+0000] {taskmixin.py:211} WARNING - Dependency <Task(_PythonDecoratedOperator): print_the_context>, log_sql_query already registered for DAG: example_python_operator
[2023-06-21T09:51:54.797+0000] {logging_mixin.py:149} INFO - [2023-06-21T09:51:54.797+0000] {taskmixin.py:211} WARNING - Dependency <Task(_PythonDecoratedOperator): log_sql_query>, print_the_context already registered for DAG: example_python_operator
[2023-06-21T09:51:54.798+0000] {logging_mixin.py:149} INFO - [2023-06-21T09:51:54.798+0000] {taskmixin.py:211} WARNING - Dependency <Task(_PythonDecoratedOperator): print_the_context>, log_sql_query already registered for DAG: example_python_operator
[2023-06-21T09:51:54.798+0000] {logging_mixin.py:149} INFO - [2023-06-21T09:51:54.798+0000] {taskmixin.py:211} WARNING - Dependency <Task(_PythonDecoratedOperator): log_sql_query>, print_the_context already registered for DAG: example_python_operator
[2023-06-21T09:51:54.802+0000] {processor.py:836} INFO - DAG(s) dict_keys(['example_python_operator']) retrieved from /home/airflow/.local/lib/python3.7/site-packages/airflow/example_dags/example_python_operator.py
[2023-06-21T09:51:54.867+0000] {logging_mixin.py:149} INFO - [2023-06-21T09:51:54.866+0000] {dag.py:2726} INFO - Sync 1 DAGs
[2023-06-21T09:51:54.889+0000] {logging_mixin.py:149} INFO - [2023-06-21T09:51:54.889+0000] {dag.py:3490} INFO - Setting next_dagrun for example_python_operator to None, run_after=None
[2023-06-21T09:51:54.909+0000] {processor.py:179} INFO - Processing /home/airflow/.local/lib/python3.7/site-packages/airflow/example_dags/example_python_operator.py took 0.128 seconds
[2023-06-21T09:52:25.516+0000] {processor.py:157} INFO - Started process (PID=265) to work on /home/airflow/.local/lib/python3.7/site-packages/airflow/example_dags/example_python_operator.py
[2023-06-21T09:52:25.517+0000] {processor.py:826} INFO - Processing file /home/airflow/.local/lib/python3.7/site-packages/airflow/example_dags/example_python_operator.py for tasks to queue
[2023-06-21T09:52:25.518+0000] {logging_mixin.py:149} INFO - [2023-06-21T09:52:25.517+0000] {dagbag.py:541} INFO - Filling up the DagBag from /home/airflow/.local/lib/python3.7/site-packages/airflow/example_dags/example_python_operator.py
[2023-06-21T09:52:25.523+0000] {logging_mixin.py:149} INFO - [2023-06-21T09:52:25.523+0000] {taskmixin.py:211} WARNING - Dependency <Task(_PythonDecoratedOperator): print_the_context>, log_sql_query already registered for DAG: example_python_operator
[2023-06-21T09:52:25.524+0000] {logging_mixin.py:149} INFO - [2023-06-21T09:52:25.524+0000] {taskmixin.py:211} WARNING - Dependency <Task(_PythonDecoratedOperator): log_sql_query>, print_the_context already registered for DAG: example_python_operator
[2023-06-21T09:52:25.525+0000] {logging_mixin.py:149} INFO - [2023-06-21T09:52:25.525+0000] {taskmixin.py:211} WARNING - Dependency <Task(_PythonDecoratedOperator): print_the_context>, log_sql_query already registered for DAG: example_python_operator
[2023-06-21T09:52:25.526+0000] {logging_mixin.py:149} INFO - [2023-06-21T09:52:25.525+0000] {taskmixin.py:211} WARNING - Dependency <Task(_PythonDecoratedOperator): log_sql_query>, print_the_context already registered for DAG: example_python_operator
[2023-06-21T09:52:25.527+0000] {logging_mixin.py:149} INFO - [2023-06-21T09:52:25.526+0000] {taskmixin.py:211} WARNING - Dependency <Task(_PythonDecoratedOperator): print_the_context>, log_sql_query already registered for DAG: example_python_operator
[2023-06-21T09:52:25.527+0000] {logging_mixin.py:149} INFO - [2023-06-21T09:52:25.527+0000] {taskmixin.py:211} WARNING - Dependency <Task(_PythonDecoratedOperator): log_sql_query>, print_the_context already registered for DAG: example_python_operator
[2023-06-21T09:52:25.528+0000] {logging_mixin.py:149} INFO - [2023-06-21T09:52:25.528+0000] {taskmixin.py:211} WARNING - Dependency <Task(_PythonDecoratedOperator): print_the_context>, log_sql_query already registered for DAG: example_python_operator
[2023-06-21T09:52:25.529+0000] {logging_mixin.py:149} INFO - [2023-06-21T09:52:25.529+0000] {taskmixin.py:211} WARNING - Dependency <Task(_PythonDecoratedOperator): log_sql_query>, print_the_context already registered for DAG: example_python_operator
[2023-06-21T09:52:25.532+0000] {processor.py:836} INFO - DAG(s) dict_keys(['example_python_operator']) retrieved from /home/airflow/.local/lib/python3.7/site-packages/airflow/example_dags/example_python_operator.py
[2023-06-21T09:52:25.557+0000] {logging_mixin.py:149} INFO - [2023-06-21T09:52:25.556+0000] {dag.py:2726} INFO - Sync 1 DAGs
[2023-06-21T09:52:25.579+0000] {logging_mixin.py:149} INFO - [2023-06-21T09:52:25.579+0000] {dag.py:3490} INFO - Setting next_dagrun for example_python_operator to None, run_after=None
[2023-06-21T09:52:25.598+0000] {processor.py:179} INFO - Processing /home/airflow/.local/lib/python3.7/site-packages/airflow/example_dags/example_python_operator.py took 0.085 seconds
[2023-06-21T09:52:55.976+0000] {processor.py:157} INFO - Started process (PID=331) to work on /home/airflow/.local/lib/python3.7/site-packages/airflow/example_dags/example_python_operator.py
[2023-06-21T09:52:55.977+0000] {processor.py:826} INFO - Processing file /home/airflow/.local/lib/python3.7/site-packages/airflow/example_dags/example_python_operator.py for tasks to queue
[2023-06-21T09:52:55.978+0000] {logging_mixin.py:149} INFO - [2023-06-21T09:52:55.978+0000] {dagbag.py:541} INFO - Filling up the DagBag from /home/airflow/.local/lib/python3.7/site-packages/airflow/example_dags/example_python_operator.py
[2023-06-21T09:52:55.984+0000] {logging_mixin.py:149} INFO - [2023-06-21T09:52:55.984+0000] {taskmixin.py:211} WARNING - Dependency <Task(_PythonDecoratedOperator): print_the_context>, log_sql_query already registered for DAG: example_python_operator
[2023-06-21T09:52:55.985+0000] {logging_mixin.py:149} INFO - [2023-06-21T09:52:55.985+0000] {taskmixin.py:211} WARNING - Dependency <Task(_PythonDecoratedOperator): log_sql_query>, print_the_context already registered for DAG: example_python_operator
[2023-06-21T09:52:55.986+0000] {logging_mixin.py:149} INFO - [2023-06-21T09:52:55.986+0000] {taskmixin.py:211} WARNING - Dependency <Task(_PythonDecoratedOperator): print_the_context>, log_sql_query already registered for DAG: example_python_operator
[2023-06-21T09:52:55.986+0000] {logging_mixin.py:149} INFO - [2023-06-21T09:52:55.986+0000] {taskmixin.py:211} WARNING - Dependency <Task(_PythonDecoratedOperator): log_sql_query>, print_the_context already registered for DAG: example_python_operator
[2023-06-21T09:52:55.988+0000] {logging_mixin.py:149} INFO - [2023-06-21T09:52:55.988+0000] {taskmixin.py:211} WARNING - Dependency <Task(_PythonDecoratedOperator): print_the_context>, log_sql_query already registered for DAG: example_python_operator
[2023-06-21T09:52:55.989+0000] {logging_mixin.py:149} INFO - [2023-06-21T09:52:55.989+0000] {taskmixin.py:211} WARNING - Dependency <Task(_PythonDecoratedOperator): log_sql_query>, print_the_context already registered for DAG: example_python_operator
[2023-06-21T09:52:55.990+0000] {logging_mixin.py:149} INFO - [2023-06-21T09:52:55.990+0000] {taskmixin.py:211} WARNING - Dependency <Task(_PythonDecoratedOperator): print_the_context>, log_sql_query already registered for DAG: example_python_operator
[2023-06-21T09:52:55.990+0000] {logging_mixin.py:149} INFO - [2023-06-21T09:52:55.990+0000] {taskmixin.py:211} WARNING - Dependency <Task(_PythonDecoratedOperator): log_sql_query>, print_the_context already registered for DAG: example_python_operator
[2023-06-21T09:52:55.994+0000] {processor.py:836} INFO - DAG(s) dict_keys(['example_python_operator']) retrieved from /home/airflow/.local/lib/python3.7/site-packages/airflow/example_dags/example_python_operator.py
[2023-06-21T09:52:56.018+0000] {logging_mixin.py:149} INFO - [2023-06-21T09:52:56.018+0000] {dag.py:2726} INFO - Sync 1 DAGs
[2023-06-21T09:52:56.042+0000] {logging_mixin.py:149} INFO - [2023-06-21T09:52:56.041+0000] {dag.py:3490} INFO - Setting next_dagrun for example_python_operator to None, run_after=None
[2023-06-21T09:52:56.060+0000] {processor.py:179} INFO - Processing /home/airflow/.local/lib/python3.7/site-packages/airflow/example_dags/example_python_operator.py took 0.086 seconds
[2023-06-21T09:53:26.637+0000] {processor.py:157} INFO - Started process (PID=397) to work on /home/airflow/.local/lib/python3.7/site-packages/airflow/example_dags/example_python_operator.py
[2023-06-21T09:53:26.638+0000] {processor.py:826} INFO - Processing file /home/airflow/.local/lib/python3.7/site-packages/airflow/example_dags/example_python_operator.py for tasks to queue
[2023-06-21T09:53:26.639+0000] {logging_mixin.py:149} INFO - [2023-06-21T09:53:26.638+0000] {dagbag.py:541} INFO - Filling up the DagBag from /home/airflow/.local/lib/python3.7/site-packages/airflow/example_dags/example_python_operator.py
[2023-06-21T09:53:26.647+0000] {logging_mixin.py:149} INFO - [2023-06-21T09:53:26.647+0000] {taskmixin.py:211} WARNING - Dependency <Task(_PythonDecoratedOperator): print_the_context>, log_sql_query already registered for DAG: example_python_operator
[2023-06-21T09:53:26.648+0000] {logging_mixin.py:149} INFO - [2023-06-21T09:53:26.648+0000] {taskmixin.py:211} WARNING - Dependency <Task(_PythonDecoratedOperator): log_sql_query>, print_the_context already registered for DAG: example_python_operator
[2023-06-21T09:53:26.649+0000] {logging_mixin.py:149} INFO - [2023-06-21T09:53:26.649+0000] {taskmixin.py:211} WARNING - Dependency <Task(_PythonDecoratedOperator): print_the_context>, log_sql_query already registered for DAG: example_python_operator
[2023-06-21T09:53:26.650+0000] {logging_mixin.py:149} INFO - [2023-06-21T09:53:26.650+0000] {taskmixin.py:211} WARNING - Dependency <Task(_PythonDecoratedOperator): log_sql_query>, print_the_context already registered for DAG: example_python_operator
[2023-06-21T09:53:26.651+0000] {logging_mixin.py:149} INFO - [2023-06-21T09:53:26.651+0000] {taskmixin.py:211} WARNING - Dependency <Task(_PythonDecoratedOperator): print_the_context>, log_sql_query already registered for DAG: example_python_operator
[2023-06-21T09:53:26.652+0000] {logging_mixin.py:149} INFO - [2023-06-21T09:53:26.651+0000] {taskmixin.py:211} WARNING - Dependency <Task(_PythonDecoratedOperator): log_sql_query>, print_the_context already registered for DAG: example_python_operator
[2023-06-21T09:53:26.653+0000] {logging_mixin.py:149} INFO - [2023-06-21T09:53:26.653+0000] {taskmixin.py:211} WARNING - Dependency <Task(_PythonDecoratedOperator): print_the_context>, log_sql_query already registered for DAG: example_python_operator
[2023-06-21T09:53:26.653+0000] {logging_mixin.py:149} INFO - [2023-06-21T09:53:26.653+0000] {taskmixin.py:211} WARNING - Dependency <Task(_PythonDecoratedOperator): log_sql_query>, print_the_context already registered for DAG: example_python_operator
[2023-06-21T09:53:26.657+0000] {processor.py:836} INFO - DAG(s) dict_keys(['example_python_operator']) retrieved from /home/airflow/.local/lib/python3.7/site-packages/airflow/example_dags/example_python_operator.py
[2023-06-21T09:53:26.687+0000] {logging_mixin.py:149} INFO - [2023-06-21T09:53:26.687+0000] {dag.py:2726} INFO - Sync 1 DAGs
[2023-06-21T09:53:26.714+0000] {logging_mixin.py:149} INFO - [2023-06-21T09:53:26.714+0000] {dag.py:3490} INFO - Setting next_dagrun for example_python_operator to None, run_after=None
[2023-06-21T09:53:26.737+0000] {processor.py:179} INFO - Processing /home/airflow/.local/lib/python3.7/site-packages/airflow/example_dags/example_python_operator.py took 0.103 seconds
[2023-06-21T09:53:57.346+0000] {processor.py:157} INFO - Started process (PID=463) to work on /home/airflow/.local/lib/python3.7/site-packages/airflow/example_dags/example_python_operator.py
[2023-06-21T09:53:57.347+0000] {processor.py:826} INFO - Processing file /home/airflow/.local/lib/python3.7/site-packages/airflow/example_dags/example_python_operator.py for tasks to queue
[2023-06-21T09:53:57.348+0000] {logging_mixin.py:149} INFO - [2023-06-21T09:53:57.348+0000] {dagbag.py:541} INFO - Filling up the DagBag from /home/airflow/.local/lib/python3.7/site-packages/airflow/example_dags/example_python_operator.py
[2023-06-21T09:53:57.354+0000] {logging_mixin.py:149} INFO - [2023-06-21T09:53:57.354+0000] {taskmixin.py:211} WARNING - Dependency <Task(_PythonDecoratedOperator): print_the_context>, log_sql_query already registered for DAG: example_python_operator
[2023-06-21T09:53:57.355+0000] {logging_mixin.py:149} INFO - [2023-06-21T09:53:57.355+0000] {taskmixin.py:211} WARNING - Dependency <Task(_PythonDecoratedOperator): log_sql_query>, print_the_context already registered for DAG: example_python_operator
[2023-06-21T09:53:57.356+0000] {logging_mixin.py:149} INFO - [2023-06-21T09:53:57.356+0000] {taskmixin.py:211} WARNING - Dependency <Task(_PythonDecoratedOperator): print_the_context>, log_sql_query already registered for DAG: example_python_operator
[2023-06-21T09:53:57.357+0000] {logging_mixin.py:149} INFO - [2023-06-21T09:53:57.357+0000] {taskmixin.py:211} WARNING - Dependency <Task(_PythonDecoratedOperator): log_sql_query>, print_the_context already registered for DAG: example_python_operator
[2023-06-21T09:53:57.358+0000] {logging_mixin.py:149} INFO - [2023-06-21T09:53:57.358+0000] {taskmixin.py:211} WARNING - Dependency <Task(_PythonDecoratedOperator): print_the_context>, log_sql_query already registered for DAG: example_python_operator
[2023-06-21T09:53:57.358+0000] {logging_mixin.py:149} INFO - [2023-06-21T09:53:57.358+0000] {taskmixin.py:211} WARNING - Dependency <Task(_PythonDecoratedOperator): log_sql_query>, print_the_context already registered for DAG: example_python_operator
[2023-06-21T09:53:57.360+0000] {logging_mixin.py:149} INFO - [2023-06-21T09:53:57.360+0000] {taskmixin.py:211} WARNING - Dependency <Task(_PythonDecoratedOperator): print_the_context>, log_sql_query already registered for DAG: example_python_operator
[2023-06-21T09:53:57.361+0000] {logging_mixin.py:149} INFO - [2023-06-21T09:53:57.360+0000] {taskmixin.py:211} WARNING - Dependency <Task(_PythonDecoratedOperator): log_sql_query>, print_the_context already registered for DAG: example_python_operator
[2023-06-21T09:53:57.364+0000] {processor.py:836} INFO - DAG(s) dict_keys(['example_python_operator']) retrieved from /home/airflow/.local/lib/python3.7/site-packages/airflow/example_dags/example_python_operator.py
[2023-06-21T09:53:57.390+0000] {logging_mixin.py:149} INFO - [2023-06-21T09:53:57.390+0000] {dag.py:2726} INFO - Sync 1 DAGs
[2023-06-21T09:53:57.416+0000] {logging_mixin.py:149} INFO - [2023-06-21T09:53:57.416+0000] {dag.py:3490} INFO - Setting next_dagrun for example_python_operator to None, run_after=None
[2023-06-21T09:53:57.438+0000] {processor.py:179} INFO - Processing /home/airflow/.local/lib/python3.7/site-packages/airflow/example_dags/example_python_operator.py took 0.095 seconds
[2023-06-21T09:54:27.751+0000] {processor.py:157} INFO - Started process (PID=529) to work on /home/airflow/.local/lib/python3.7/site-packages/airflow/example_dags/example_python_operator.py
[2023-06-21T09:54:27.752+0000] {processor.py:826} INFO - Processing file /home/airflow/.local/lib/python3.7/site-packages/airflow/example_dags/example_python_operator.py for tasks to queue
[2023-06-21T09:54:27.753+0000] {logging_mixin.py:149} INFO - [2023-06-21T09:54:27.753+0000] {dagbag.py:541} INFO - Filling up the DagBag from /home/airflow/.local/lib/python3.7/site-packages/airflow/example_dags/example_python_operator.py
[2023-06-21T09:54:27.759+0000] {logging_mixin.py:149} INFO - [2023-06-21T09:54:27.758+0000] {taskmixin.py:211} WARNING - Dependency <Task(_PythonDecoratedOperator): print_the_context>, log_sql_query already registered for DAG: example_python_operator
[2023-06-21T09:54:27.759+0000] {logging_mixin.py:149} INFO - [2023-06-21T09:54:27.759+0000] {taskmixin.py:211} WARNING - Dependency <Task(_PythonDecoratedOperator): log_sql_query>, print_the_context already registered for DAG: example_python_operator
[2023-06-21T09:54:27.760+0000] {logging_mixin.py:149} INFO - [2023-06-21T09:54:27.760+0000] {taskmixin.py:211} WARNING - Dependency <Task(_PythonDecoratedOperator): print_the_context>, log_sql_query already registered for DAG: example_python_operator
[2023-06-21T09:54:27.761+0000] {logging_mixin.py:149} INFO - [2023-06-21T09:54:27.761+0000] {taskmixin.py:211} WARNING - Dependency <Task(_PythonDecoratedOperator): log_sql_query>, print_the_context already registered for DAG: example_python_operator
[2023-06-21T09:54:27.762+0000] {logging_mixin.py:149} INFO - [2023-06-21T09:54:27.762+0000] {taskmixin.py:211} WARNING - Dependency <Task(_PythonDecoratedOperator): print_the_context>, log_sql_query already registered for DAG: example_python_operator
[2023-06-21T09:54:27.762+0000] {logging_mixin.py:149} INFO - [2023-06-21T09:54:27.762+0000] {taskmixin.py:211} WARNING - Dependency <Task(_PythonDecoratedOperator): log_sql_query>, print_the_context already registered for DAG: example_python_operator
[2023-06-21T09:54:27.763+0000] {logging_mixin.py:149} INFO - [2023-06-21T09:54:27.763+0000] {taskmixin.py:211} WARNING - Dependency <Task(_PythonDecoratedOperator): print_the_context>, log_sql_query already registered for DAG: example_python_operator
[2023-06-21T09:54:27.764+0000] {logging_mixin.py:149} INFO - [2023-06-21T09:54:27.764+0000] {taskmixin.py:211} WARNING - Dependency <Task(_PythonDecoratedOperator): log_sql_query>, print_the_context already registered for DAG: example_python_operator
[2023-06-21T09:54:27.767+0000] {processor.py:836} INFO - DAG(s) dict_keys(['example_python_operator']) retrieved from /home/airflow/.local/lib/python3.7/site-packages/airflow/example_dags/example_python_operator.py
[2023-06-21T09:54:27.791+0000] {logging_mixin.py:149} INFO - [2023-06-21T09:54:27.791+0000] {dag.py:2726} INFO - Sync 1 DAGs
[2023-06-21T09:54:27.814+0000] {logging_mixin.py:149} INFO - [2023-06-21T09:54:27.814+0000] {dag.py:3490} INFO - Setting next_dagrun for example_python_operator to None, run_after=None
[2023-06-21T09:54:27.835+0000] {processor.py:179} INFO - Processing /home/airflow/.local/lib/python3.7/site-packages/airflow/example_dags/example_python_operator.py took 0.087 seconds
[2023-06-21T09:54:58.353+0000] {processor.py:157} INFO - Started process (PID=595) to work on /home/airflow/.local/lib/python3.7/site-packages/airflow/example_dags/example_python_operator.py
[2023-06-21T09:54:58.355+0000] {processor.py:826} INFO - Processing file /home/airflow/.local/lib/python3.7/site-packages/airflow/example_dags/example_python_operator.py for tasks to queue
[2023-06-21T09:54:58.356+0000] {logging_mixin.py:149} INFO - [2023-06-21T09:54:58.356+0000] {dagbag.py:541} INFO - Filling up the DagBag from /home/airflow/.local/lib/python3.7/site-packages/airflow/example_dags/example_python_operator.py
[2023-06-21T09:54:58.362+0000] {logging_mixin.py:149} INFO - [2023-06-21T09:54:58.361+0000] {taskmixin.py:211} WARNING - Dependency <Task(_PythonDecoratedOperator): print_the_context>, log_sql_query already registered for DAG: example_python_operator
[2023-06-21T09:54:58.362+0000] {logging_mixin.py:149} INFO - [2023-06-21T09:54:58.362+0000] {taskmixin.py:211} WARNING - Dependency <Task(_PythonDecoratedOperator): log_sql_query>, print_the_context already registered for DAG: example_python_operator
[2023-06-21T09:54:58.363+0000] {logging_mixin.py:149} INFO - [2023-06-21T09:54:58.363+0000] {taskmixin.py:211} WARNING - Dependency <Task(_PythonDecoratedOperator): print_the_context>, log_sql_query already registered for DAG: example_python_operator
[2023-06-21T09:54:58.364+0000] {logging_mixin.py:149} INFO - [2023-06-21T09:54:58.364+0000] {taskmixin.py:211} WARNING - Dependency <Task(_PythonDecoratedOperator): log_sql_query>, print_the_context already registered for DAG: example_python_operator
[2023-06-21T09:54:58.365+0000] {logging_mixin.py:149} INFO - [2023-06-21T09:54:58.365+0000] {taskmixin.py:211} WARNING - Dependency <Task(_PythonDecoratedOperator): print_the_context>, log_sql_query already registered for DAG: example_python_operator
[2023-06-21T09:54:58.365+0000] {logging_mixin.py:149} INFO - [2023-06-21T09:54:58.365+0000] {taskmixin.py:211} WARNING - Dependency <Task(_PythonDecoratedOperator): log_sql_query>, print_the_context already registered for DAG: example_python_operator
[2023-06-21T09:54:58.366+0000] {logging_mixin.py:149} INFO - [2023-06-21T09:54:58.366+0000] {taskmixin.py:211} WARNING - Dependency <Task(_PythonDecoratedOperator): print_the_context>, log_sql_query already registered for DAG: example_python_operator
[2023-06-21T09:54:58.367+0000] {logging_mixin.py:149} INFO - [2023-06-21T09:54:58.367+0000] {taskmixin.py:211} WARNING - Dependency <Task(_PythonDecoratedOperator): log_sql_query>, print_the_context already registered for DAG: example_python_operator
[2023-06-21T09:54:58.369+0000] {processor.py:836} INFO - DAG(s) dict_keys(['example_python_operator']) retrieved from /home/airflow/.local/lib/python3.7/site-packages/airflow/example_dags/example_python_operator.py
[2023-06-21T09:54:58.395+0000] {logging_mixin.py:149} INFO - [2023-06-21T09:54:58.395+0000] {dag.py:2726} INFO - Sync 1 DAGs
[2023-06-21T09:54:58.418+0000] {logging_mixin.py:149} INFO - [2023-06-21T09:54:58.418+0000] {dag.py:3490} INFO - Setting next_dagrun for example_python_operator to None, run_after=None
[2023-06-21T09:54:58.438+0000] {processor.py:179} INFO - Processing /home/airflow/.local/lib/python3.7/site-packages/airflow/example_dags/example_python_operator.py took 0.088 seconds
[2023-06-21T09:55:28.985+0000] {processor.py:157} INFO - Started process (PID=661) to work on /home/airflow/.local/lib/python3.7/site-packages/airflow/example_dags/example_python_operator.py
[2023-06-21T09:55:28.986+0000] {processor.py:826} INFO - Processing file /home/airflow/.local/lib/python3.7/site-packages/airflow/example_dags/example_python_operator.py for tasks to queue
[2023-06-21T09:55:28.987+0000] {logging_mixin.py:149} INFO - [2023-06-21T09:55:28.987+0000] {dagbag.py:541} INFO - Filling up the DagBag from /home/airflow/.local/lib/python3.7/site-packages/airflow/example_dags/example_python_operator.py
[2023-06-21T09:55:28.993+0000] {logging_mixin.py:149} INFO - [2023-06-21T09:55:28.993+0000] {taskmixin.py:211} WARNING - Dependency <Task(_PythonDecoratedOperator): print_the_context>, log_sql_query already registered for DAG: example_python_operator
[2023-06-21T09:55:28.993+0000] {logging_mixin.py:149} INFO - [2023-06-21T09:55:28.993+0000] {taskmixin.py:211} WARNING - Dependency <Task(_PythonDecoratedOperator): log_sql_query>, print_the_context already registered for DAG: example_python_operator
[2023-06-21T09:55:28.994+0000] {logging_mixin.py:149} INFO - [2023-06-21T09:55:28.994+0000] {taskmixin.py:211} WARNING - Dependency <Task(_PythonDecoratedOperator): print_the_context>, log_sql_query already registered for DAG: example_python_operator
[2023-06-21T09:55:28.995+0000] {logging_mixin.py:149} INFO - [2023-06-21T09:55:28.995+0000] {taskmixin.py:211} WARNING - Dependency <Task(_PythonDecoratedOperator): log_sql_query>, print_the_context already registered for DAG: example_python_operator
[2023-06-21T09:55:28.996+0000] {logging_mixin.py:149} INFO - [2023-06-21T09:55:28.996+0000] {taskmixin.py:211} WARNING - Dependency <Task(_PythonDecoratedOperator): print_the_context>, log_sql_query already registered for DAG: example_python_operator
[2023-06-21T09:55:28.996+0000] {logging_mixin.py:149} INFO - [2023-06-21T09:55:28.996+0000] {taskmixin.py:211} WARNING - Dependency <Task(_PythonDecoratedOperator): log_sql_query>, print_the_context already registered for DAG: example_python_operator
[2023-06-21T09:55:28.997+0000] {logging_mixin.py:149} INFO - [2023-06-21T09:55:28.997+0000] {taskmixin.py:211} WARNING - Dependency <Task(_PythonDecoratedOperator): print_the_context>, log_sql_query already registered for DAG: example_python_operator
[2023-06-21T09:55:28.998+0000] {logging_mixin.py:149} INFO - [2023-06-21T09:55:28.998+0000] {taskmixin.py:211} WARNING - Dependency <Task(_PythonDecoratedOperator): log_sql_query>, print_the_context already registered for DAG: example_python_operator
[2023-06-21T09:55:29.001+0000] {processor.py:836} INFO - DAG(s) dict_keys(['example_python_operator']) retrieved from /home/airflow/.local/lib/python3.7/site-packages/airflow/example_dags/example_python_operator.py
[2023-06-21T09:55:29.026+0000] {logging_mixin.py:149} INFO - [2023-06-21T09:55:29.026+0000] {dag.py:2726} INFO - Sync 1 DAGs
[2023-06-21T09:55:29.050+0000] {logging_mixin.py:149} INFO - [2023-06-21T09:55:29.050+0000] {dag.py:3490} INFO - Setting next_dagrun for example_python_operator to None, run_after=None
[2023-06-21T09:55:29.071+0000] {processor.py:179} INFO - Processing /home/airflow/.local/lib/python3.7/site-packages/airflow/example_dags/example_python_operator.py took 0.089 seconds
[2023-06-21T09:55:59.477+0000] {processor.py:157} INFO - Started process (PID=727) to work on /home/airflow/.local/lib/python3.7/site-packages/airflow/example_dags/example_python_operator.py
[2023-06-21T09:55:59.478+0000] {processor.py:826} INFO - Processing file /home/airflow/.local/lib/python3.7/site-packages/airflow/example_dags/example_python_operator.py for tasks to queue
[2023-06-21T09:55:59.479+0000] {logging_mixin.py:149} INFO - [2023-06-21T09:55:59.478+0000] {dagbag.py:541} INFO - Filling up the DagBag from /home/airflow/.local/lib/python3.7/site-packages/airflow/example_dags/example_python_operator.py
[2023-06-21T09:55:59.485+0000] {logging_mixin.py:149} INFO - [2023-06-21T09:55:59.485+0000] {taskmixin.py:211} WARNING - Dependency <Task(_PythonDecoratedOperator): print_the_context>, log_sql_query already registered for DAG: example_python_operator
[2023-06-21T09:55:59.486+0000] {logging_mixin.py:149} INFO - [2023-06-21T09:55:59.486+0000] {taskmixin.py:211} WARNING - Dependency <Task(_PythonDecoratedOperator): log_sql_query>, print_the_context already registered for DAG: example_python_operator
[2023-06-21T09:55:59.487+0000] {logging_mixin.py:149} INFO - [2023-06-21T09:55:59.487+0000] {taskmixin.py:211} WARNING - Dependency <Task(_PythonDecoratedOperator): print_the_context>, log_sql_query already registered for DAG: example_python_operator
[2023-06-21T09:55:59.488+0000] {logging_mixin.py:149} INFO - [2023-06-21T09:55:59.488+0000] {taskmixin.py:211} WARNING - Dependency <Task(_PythonDecoratedOperator): log_sql_query>, print_the_context already registered for DAG: example_python_operator
[2023-06-21T09:55:59.489+0000] {logging_mixin.py:149} INFO - [2023-06-21T09:55:59.489+0000] {taskmixin.py:211} WARNING - Dependency <Task(_PythonDecoratedOperator): print_the_context>, log_sql_query already registered for DAG: example_python_operator
[2023-06-21T09:55:59.490+0000] {logging_mixin.py:149} INFO - [2023-06-21T09:55:59.490+0000] {taskmixin.py:211} WARNING - Dependency <Task(_PythonDecoratedOperator): log_sql_query>, print_the_context already registered for DAG: example_python_operator
[2023-06-21T09:55:59.491+0000] {logging_mixin.py:149} INFO - [2023-06-21T09:55:59.491+0000] {taskmixin.py:211} WARNING - Dependency <Task(_PythonDecoratedOperator): print_the_context>, log_sql_query already registered for DAG: example_python_operator
[2023-06-21T09:55:59.491+0000] {logging_mixin.py:149} INFO - [2023-06-21T09:55:59.491+0000] {taskmixin.py:211} WARNING - Dependency <Task(_PythonDecoratedOperator): log_sql_query>, print_the_context already registered for DAG: example_python_operator
[2023-06-21T09:55:59.494+0000] {processor.py:836} INFO - DAG(s) dict_keys(['example_python_operator']) retrieved from /home/airflow/.local/lib/python3.7/site-packages/airflow/example_dags/example_python_operator.py
[2023-06-21T09:55:59.520+0000] {logging_mixin.py:149} INFO - [2023-06-21T09:55:59.520+0000] {dag.py:2726} INFO - Sync 1 DAGs
[2023-06-21T09:55:59.544+0000] {logging_mixin.py:149} INFO - [2023-06-21T09:55:59.544+0000] {dag.py:3490} INFO - Setting next_dagrun for example_python_operator to None, run_after=None
[2023-06-21T09:55:59.563+0000] {processor.py:179} INFO - Processing /home/airflow/.local/lib/python3.7/site-packages/airflow/example_dags/example_python_operator.py took 0.089 seconds
[2023-06-21T09:56:29.833+0000] {processor.py:157} INFO - Started process (PID=793) to work on /home/airflow/.local/lib/python3.7/site-packages/airflow/example_dags/example_python_operator.py
[2023-06-21T09:56:29.835+0000] {processor.py:826} INFO - Processing file /home/airflow/.local/lib/python3.7/site-packages/airflow/example_dags/example_python_operator.py for tasks to queue
[2023-06-21T09:56:29.836+0000] {logging_mixin.py:149} INFO - [2023-06-21T09:56:29.835+0000] {dagbag.py:541} INFO - Filling up the DagBag from /home/airflow/.local/lib/python3.7/site-packages/airflow/example_dags/example_python_operator.py
[2023-06-21T09:56:29.842+0000] {logging_mixin.py:149} INFO - [2023-06-21T09:56:29.841+0000] {taskmixin.py:211} WARNING - Dependency <Task(_PythonDecoratedOperator): print_the_context>, log_sql_query already registered for DAG: example_python_operator
[2023-06-21T09:56:29.842+0000] {logging_mixin.py:149} INFO - [2023-06-21T09:56:29.842+0000] {taskmixin.py:211} WARNING - Dependency <Task(_PythonDecoratedOperator): log_sql_query>, print_the_context already registered for DAG: example_python_operator
[2023-06-21T09:56:29.843+0000] {logging_mixin.py:149} INFO - [2023-06-21T09:56:29.843+0000] {taskmixin.py:211} WARNING - Dependency <Task(_PythonDecoratedOperator): print_the_context>, log_sql_query already registered for DAG: example_python_operator
[2023-06-21T09:56:29.844+0000] {logging_mixin.py:149} INFO - [2023-06-21T09:56:29.844+0000] {taskmixin.py:211} WARNING - Dependency <Task(_PythonDecoratedOperator): log_sql_query>, print_the_context already registered for DAG: example_python_operator
[2023-06-21T09:56:29.845+0000] {logging_mixin.py:149} INFO - [2023-06-21T09:56:29.845+0000] {taskmixin.py:211} WARNING - Dependency <Task(_PythonDecoratedOperator): print_the_context>, log_sql_query already registered for DAG: example_python_operator
[2023-06-21T09:56:29.846+0000] {logging_mixin.py:149} INFO - [2023-06-21T09:56:29.846+0000] {taskmixin.py:211} WARNING - Dependency <Task(_PythonDecoratedOperator): log_sql_query>, print_the_context already registered for DAG: example_python_operator
[2023-06-21T09:56:29.847+0000] {logging_mixin.py:149} INFO - [2023-06-21T09:56:29.847+0000] {taskmixin.py:211} WARNING - Dependency <Task(_PythonDecoratedOperator): print_the_context>, log_sql_query already registered for DAG: example_python_operator
[2023-06-21T09:56:29.847+0000] {logging_mixin.py:149} INFO - [2023-06-21T09:56:29.847+0000] {taskmixin.py:211} WARNING - Dependency <Task(_PythonDecoratedOperator): log_sql_query>, print_the_context already registered for DAG: example_python_operator
[2023-06-21T09:56:29.851+0000] {processor.py:836} INFO - DAG(s) dict_keys(['example_python_operator']) retrieved from /home/airflow/.local/lib/python3.7/site-packages/airflow/example_dags/example_python_operator.py
[2023-06-21T09:56:29.876+0000] {logging_mixin.py:149} INFO - [2023-06-21T09:56:29.876+0000] {dag.py:2726} INFO - Sync 1 DAGs
[2023-06-21T09:56:29.899+0000] {logging_mixin.py:149} INFO - [2023-06-21T09:56:29.899+0000] {dag.py:3490} INFO - Setting next_dagrun for example_python_operator to None, run_after=None
[2023-06-21T09:56:29.920+0000] {processor.py:179} INFO - Processing /home/airflow/.local/lib/python3.7/site-packages/airflow/example_dags/example_python_operator.py took 0.090 seconds
[2023-06-21T09:57:00.436+0000] {processor.py:157} INFO - Started process (PID=859) to work on /home/airflow/.local/lib/python3.7/site-packages/airflow/example_dags/example_python_operator.py
[2023-06-21T09:57:00.437+0000] {processor.py:826} INFO - Processing file /home/airflow/.local/lib/python3.7/site-packages/airflow/example_dags/example_python_operator.py for tasks to queue
[2023-06-21T09:57:00.438+0000] {logging_mixin.py:149} INFO - [2023-06-21T09:57:00.438+0000] {dagbag.py:541} INFO - Filling up the DagBag from /home/airflow/.local/lib/python3.7/site-packages/airflow/example_dags/example_python_operator.py
[2023-06-21T09:57:00.444+0000] {logging_mixin.py:149} INFO - [2023-06-21T09:57:00.444+0000] {taskmixin.py:211} WARNING - Dependency <Task(_PythonDecoratedOperator): print_the_context>, log_sql_query already registered for DAG: example_python_operator
[2023-06-21T09:57:00.445+0000] {logging_mixin.py:149} INFO - [2023-06-21T09:57:00.445+0000] {taskmixin.py:211} WARNING - Dependency <Task(_PythonDecoratedOperator): log_sql_query>, print_the_context already registered for DAG: example_python_operator
[2023-06-21T09:57:00.446+0000] {logging_mixin.py:149} INFO - [2023-06-21T09:57:00.446+0000] {taskmixin.py:211} WARNING - Dependency <Task(_PythonDecoratedOperator): print_the_context>, log_sql_query already registered for DAG: example_python_operator
[2023-06-21T09:57:00.447+0000] {logging_mixin.py:149} INFO - [2023-06-21T09:57:00.447+0000] {taskmixin.py:211} WARNING - Dependency <Task(_PythonDecoratedOperator): log_sql_query>, print_the_context already registered for DAG: example_python_operator
[2023-06-21T09:57:00.448+0000] {logging_mixin.py:149} INFO - [2023-06-21T09:57:00.448+0000] {taskmixin.py:211} WARNING - Dependency <Task(_PythonDecoratedOperator): print_the_context>, log_sql_query already registered for DAG: example_python_operator
[2023-06-21T09:57:00.448+0000] {logging_mixin.py:149} INFO - [2023-06-21T09:57:00.448+0000] {taskmixin.py:211} WARNING - Dependency <Task(_PythonDecoratedOperator): log_sql_query>, print_the_context already registered for DAG: example_python_operator
[2023-06-21T09:57:00.449+0000] {logging_mixin.py:149} INFO - [2023-06-21T09:57:00.449+0000] {taskmixin.py:211} WARNING - Dependency <Task(_PythonDecoratedOperator): print_the_context>, log_sql_query already registered for DAG: example_python_operator
[2023-06-21T09:57:00.450+0000] {logging_mixin.py:149} INFO - [2023-06-21T09:57:00.450+0000] {taskmixin.py:211} WARNING - Dependency <Task(_PythonDecoratedOperator): log_sql_query>, print_the_context already registered for DAG: example_python_operator
[2023-06-21T09:57:00.453+0000] {processor.py:836} INFO - DAG(s) dict_keys(['example_python_operator']) retrieved from /home/airflow/.local/lib/python3.7/site-packages/airflow/example_dags/example_python_operator.py
[2023-06-21T09:57:00.480+0000] {logging_mixin.py:149} INFO - [2023-06-21T09:57:00.480+0000] {dag.py:2726} INFO - Sync 1 DAGs
[2023-06-21T09:57:00.504+0000] {logging_mixin.py:149} INFO - [2023-06-21T09:57:00.504+0000] {dag.py:3490} INFO - Setting next_dagrun for example_python_operator to None, run_after=None
[2023-06-21T09:57:00.524+0000] {processor.py:179} INFO - Processing /home/airflow/.local/lib/python3.7/site-packages/airflow/example_dags/example_python_operator.py took 0.091 seconds
