[2023-06-21T09:50:53.825+0000] {processor.py:157} INFO - Started process (PID=71) to work on /home/airflow/.local/lib/python3.7/site-packages/airflow/example_dags/example_external_task_marker_dag.py
[2023-06-21T09:50:53.827+0000] {processor.py:826} INFO - Processing file /home/airflow/.local/lib/python3.7/site-packages/airflow/example_dags/example_external_task_marker_dag.py for tasks to queue
[2023-06-21T09:50:53.828+0000] {logging_mixin.py:149} INFO - [2023-06-21T09:50:53.828+0000] {dagbag.py:541} INFO - Filling up the DagBag from /home/airflow/.local/lib/python3.7/site-packages/airflow/example_dags/example_external_task_marker_dag.py
[2023-06-21T09:50:53.840+0000] {processor.py:836} INFO - DAG(s) dict_keys(['example_external_task_marker_parent', 'example_external_task_marker_child']) retrieved from /home/airflow/.local/lib/python3.7/site-packages/airflow/example_dags/example_external_task_marker_dag.py
[2023-06-21T09:50:53.862+0000] {logging_mixin.py:149} INFO - [2023-06-21T09:50:53.862+0000] {dag.py:2726} INFO - Sync 2 DAGs
[2023-06-21T09:50:53.904+0000] {logging_mixin.py:149} INFO - [2023-06-21T09:50:53.904+0000] {dag.py:3490} INFO - Setting next_dagrun for example_external_task_marker_child to None, run_after=None
[2023-06-21T09:50:53.910+0000] {logging_mixin.py:149} INFO - [2023-06-21T09:50:53.910+0000] {dag.py:3490} INFO - Setting next_dagrun for example_external_task_marker_parent to None, run_after=None
[2023-06-21T09:50:53.936+0000] {processor.py:179} INFO - Processing /home/airflow/.local/lib/python3.7/site-packages/airflow/example_dags/example_external_task_marker_dag.py took 0.117 seconds
[2023-06-21T09:51:24.727+0000] {processor.py:157} INFO - Started process (PID=137) to work on /home/airflow/.local/lib/python3.7/site-packages/airflow/example_dags/example_external_task_marker_dag.py
[2023-06-21T09:51:24.728+0000] {processor.py:826} INFO - Processing file /home/airflow/.local/lib/python3.7/site-packages/airflow/example_dags/example_external_task_marker_dag.py for tasks to queue
[2023-06-21T09:51:24.729+0000] {logging_mixin.py:149} INFO - [2023-06-21T09:51:24.729+0000] {dagbag.py:541} INFO - Filling up the DagBag from /home/airflow/.local/lib/python3.7/site-packages/airflow/example_dags/example_external_task_marker_dag.py
[2023-06-21T09:51:24.735+0000] {processor.py:836} INFO - DAG(s) dict_keys(['example_external_task_marker_child', 'example_external_task_marker_parent']) retrieved from /home/airflow/.local/lib/python3.7/site-packages/airflow/example_dags/example_external_task_marker_dag.py
[2023-06-21T09:51:24.749+0000] {logging_mixin.py:149} INFO - [2023-06-21T09:51:24.749+0000] {dag.py:2726} INFO - Sync 2 DAGs
[2023-06-21T09:51:24.780+0000] {logging_mixin.py:149} INFO - [2023-06-21T09:51:24.780+0000] {dag.py:3490} INFO - Setting next_dagrun for example_external_task_marker_child to None, run_after=None
[2023-06-21T09:51:24.785+0000] {logging_mixin.py:149} INFO - [2023-06-21T09:51:24.785+0000] {dag.py:3490} INFO - Setting next_dagrun for example_external_task_marker_parent to None, run_after=None
[2023-06-21T09:51:24.803+0000] {processor.py:179} INFO - Processing /home/airflow/.local/lib/python3.7/site-packages/airflow/example_dags/example_external_task_marker_dag.py took 0.079 seconds
[2023-06-21T09:51:55.191+0000] {processor.py:157} INFO - Started process (PID=203) to work on /home/airflow/.local/lib/python3.7/site-packages/airflow/example_dags/example_external_task_marker_dag.py
[2023-06-21T09:51:55.192+0000] {processor.py:826} INFO - Processing file /home/airflow/.local/lib/python3.7/site-packages/airflow/example_dags/example_external_task_marker_dag.py for tasks to queue
[2023-06-21T09:51:55.193+0000] {logging_mixin.py:149} INFO - [2023-06-21T09:51:55.193+0000] {dagbag.py:541} INFO - Filling up the DagBag from /home/airflow/.local/lib/python3.7/site-packages/airflow/example_dags/example_external_task_marker_dag.py
[2023-06-21T09:51:55.198+0000] {processor.py:836} INFO - DAG(s) dict_keys(['example_external_task_marker_child', 'example_external_task_marker_parent']) retrieved from /home/airflow/.local/lib/python3.7/site-packages/airflow/example_dags/example_external_task_marker_dag.py
[2023-06-21T09:51:55.260+0000] {logging_mixin.py:149} INFO - [2023-06-21T09:51:55.259+0000] {dag.py:2726} INFO - Sync 2 DAGs
[2023-06-21T09:51:55.282+0000] {logging_mixin.py:149} INFO - [2023-06-21T09:51:55.282+0000] {dag.py:3490} INFO - Setting next_dagrun for example_external_task_marker_child to None, run_after=None
[2023-06-21T09:51:55.286+0000] {logging_mixin.py:149} INFO - [2023-06-21T09:51:55.286+0000] {dag.py:3490} INFO - Setting next_dagrun for example_external_task_marker_parent to None, run_after=None
[2023-06-21T09:51:55.305+0000] {processor.py:179} INFO - Processing /home/airflow/.local/lib/python3.7/site-packages/airflow/example_dags/example_external_task_marker_dag.py took 0.116 seconds
[2023-06-21T09:52:25.862+0000] {processor.py:157} INFO - Started process (PID=269) to work on /home/airflow/.local/lib/python3.7/site-packages/airflow/example_dags/example_external_task_marker_dag.py
[2023-06-21T09:52:25.863+0000] {processor.py:826} INFO - Processing file /home/airflow/.local/lib/python3.7/site-packages/airflow/example_dags/example_external_task_marker_dag.py for tasks to queue
[2023-06-21T09:52:25.864+0000] {logging_mixin.py:149} INFO - [2023-06-21T09:52:25.863+0000] {dagbag.py:541} INFO - Filling up the DagBag from /home/airflow/.local/lib/python3.7/site-packages/airflow/example_dags/example_external_task_marker_dag.py
[2023-06-21T09:52:25.868+0000] {processor.py:836} INFO - DAG(s) dict_keys(['example_external_task_marker_child', 'example_external_task_marker_parent']) retrieved from /home/airflow/.local/lib/python3.7/site-packages/airflow/example_dags/example_external_task_marker_dag.py
[2023-06-21T09:52:25.893+0000] {logging_mixin.py:149} INFO - [2023-06-21T09:52:25.892+0000] {dag.py:2726} INFO - Sync 2 DAGs
[2023-06-21T09:52:25.916+0000] {logging_mixin.py:149} INFO - [2023-06-21T09:52:25.916+0000] {dag.py:3490} INFO - Setting next_dagrun for example_external_task_marker_child to None, run_after=None
[2023-06-21T09:52:25.919+0000] {logging_mixin.py:149} INFO - [2023-06-21T09:52:25.919+0000] {dag.py:3490} INFO - Setting next_dagrun for example_external_task_marker_parent to None, run_after=None
[2023-06-21T09:52:25.936+0000] {processor.py:179} INFO - Processing /home/airflow/.local/lib/python3.7/site-packages/airflow/example_dags/example_external_task_marker_dag.py took 0.077 seconds
[2023-06-21T09:52:56.333+0000] {processor.py:157} INFO - Started process (PID=335) to work on /home/airflow/.local/lib/python3.7/site-packages/airflow/example_dags/example_external_task_marker_dag.py
[2023-06-21T09:52:56.334+0000] {processor.py:826} INFO - Processing file /home/airflow/.local/lib/python3.7/site-packages/airflow/example_dags/example_external_task_marker_dag.py for tasks to queue
[2023-06-21T09:52:56.335+0000] {logging_mixin.py:149} INFO - [2023-06-21T09:52:56.334+0000] {dagbag.py:541} INFO - Filling up the DagBag from /home/airflow/.local/lib/python3.7/site-packages/airflow/example_dags/example_external_task_marker_dag.py
[2023-06-21T09:52:56.339+0000] {processor.py:836} INFO - DAG(s) dict_keys(['example_external_task_marker_child', 'example_external_task_marker_parent']) retrieved from /home/airflow/.local/lib/python3.7/site-packages/airflow/example_dags/example_external_task_marker_dag.py
[2023-06-21T09:52:56.365+0000] {logging_mixin.py:149} INFO - [2023-06-21T09:52:56.365+0000] {dag.py:2726} INFO - Sync 2 DAGs
[2023-06-21T09:52:56.391+0000] {logging_mixin.py:149} INFO - [2023-06-21T09:52:56.390+0000] {dag.py:3490} INFO - Setting next_dagrun for example_external_task_marker_child to None, run_after=None
[2023-06-21T09:52:56.395+0000] {logging_mixin.py:149} INFO - [2023-06-21T09:52:56.395+0000] {dag.py:3490} INFO - Setting next_dagrun for example_external_task_marker_parent to None, run_after=None
[2023-06-21T09:52:56.412+0000] {processor.py:179} INFO - Processing /home/airflow/.local/lib/python3.7/site-packages/airflow/example_dags/example_external_task_marker_dag.py took 0.082 seconds
[2023-06-21T09:53:27.030+0000] {processor.py:157} INFO - Started process (PID=401) to work on /home/airflow/.local/lib/python3.7/site-packages/airflow/example_dags/example_external_task_marker_dag.py
[2023-06-21T09:53:27.031+0000] {processor.py:826} INFO - Processing file /home/airflow/.local/lib/python3.7/site-packages/airflow/example_dags/example_external_task_marker_dag.py for tasks to queue
[2023-06-21T09:53:27.032+0000] {logging_mixin.py:149} INFO - [2023-06-21T09:53:27.032+0000] {dagbag.py:541} INFO - Filling up the DagBag from /home/airflow/.local/lib/python3.7/site-packages/airflow/example_dags/example_external_task_marker_dag.py
[2023-06-21T09:53:27.038+0000] {processor.py:836} INFO - DAG(s) dict_keys(['example_external_task_marker_parent', 'example_external_task_marker_child']) retrieved from /home/airflow/.local/lib/python3.7/site-packages/airflow/example_dags/example_external_task_marker_dag.py
[2023-06-21T09:53:27.068+0000] {logging_mixin.py:149} INFO - [2023-06-21T09:53:27.068+0000] {dag.py:2726} INFO - Sync 2 DAGs
[2023-06-21T09:53:27.096+0000] {logging_mixin.py:149} INFO - [2023-06-21T09:53:27.096+0000] {dag.py:3490} INFO - Setting next_dagrun for example_external_task_marker_child to None, run_after=None
[2023-06-21T09:53:27.100+0000] {logging_mixin.py:149} INFO - [2023-06-21T09:53:27.100+0000] {dag.py:3490} INFO - Setting next_dagrun for example_external_task_marker_parent to None, run_after=None
[2023-06-21T09:53:27.119+0000] {processor.py:179} INFO - Processing /home/airflow/.local/lib/python3.7/site-packages/airflow/example_dags/example_external_task_marker_dag.py took 0.092 seconds
[2023-06-21T09:53:57.720+0000] {processor.py:157} INFO - Started process (PID=467) to work on /home/airflow/.local/lib/python3.7/site-packages/airflow/example_dags/example_external_task_marker_dag.py
[2023-06-21T09:53:57.721+0000] {processor.py:826} INFO - Processing file /home/airflow/.local/lib/python3.7/site-packages/airflow/example_dags/example_external_task_marker_dag.py for tasks to queue
[2023-06-21T09:53:57.722+0000] {logging_mixin.py:149} INFO - [2023-06-21T09:53:57.722+0000] {dagbag.py:541} INFO - Filling up the DagBag from /home/airflow/.local/lib/python3.7/site-packages/airflow/example_dags/example_external_task_marker_dag.py
[2023-06-21T09:53:57.728+0000] {processor.py:836} INFO - DAG(s) dict_keys(['example_external_task_marker_child', 'example_external_task_marker_parent']) retrieved from /home/airflow/.local/lib/python3.7/site-packages/airflow/example_dags/example_external_task_marker_dag.py
[2023-06-21T09:53:57.754+0000] {logging_mixin.py:149} INFO - [2023-06-21T09:53:57.754+0000] {dag.py:2726} INFO - Sync 2 DAGs
[2023-06-21T09:53:57.780+0000] {logging_mixin.py:149} INFO - [2023-06-21T09:53:57.780+0000] {dag.py:3490} INFO - Setting next_dagrun for example_external_task_marker_child to None, run_after=None
[2023-06-21T09:53:57.783+0000] {logging_mixin.py:149} INFO - [2023-06-21T09:53:57.783+0000] {dag.py:3490} INFO - Setting next_dagrun for example_external_task_marker_parent to None, run_after=None
[2023-06-21T09:53:57.803+0000] {processor.py:179} INFO - Processing /home/airflow/.local/lib/python3.7/site-packages/airflow/example_dags/example_external_task_marker_dag.py took 0.085 seconds
[2023-06-21T09:54:28.155+0000] {processor.py:157} INFO - Started process (PID=533) to work on /home/airflow/.local/lib/python3.7/site-packages/airflow/example_dags/example_external_task_marker_dag.py
[2023-06-21T09:54:28.156+0000] {processor.py:826} INFO - Processing file /home/airflow/.local/lib/python3.7/site-packages/airflow/example_dags/example_external_task_marker_dag.py for tasks to queue
[2023-06-21T09:54:28.158+0000] {logging_mixin.py:149} INFO - [2023-06-21T09:54:28.157+0000] {dagbag.py:541} INFO - Filling up the DagBag from /home/airflow/.local/lib/python3.7/site-packages/airflow/example_dags/example_external_task_marker_dag.py
[2023-06-21T09:54:28.166+0000] {processor.py:836} INFO - DAG(s) dict_keys(['example_external_task_marker_child', 'example_external_task_marker_parent']) retrieved from /home/airflow/.local/lib/python3.7/site-packages/airflow/example_dags/example_external_task_marker_dag.py
[2023-06-21T09:54:28.205+0000] {logging_mixin.py:149} INFO - [2023-06-21T09:54:28.205+0000] {dag.py:2726} INFO - Sync 2 DAGs
[2023-06-21T09:54:28.242+0000] {logging_mixin.py:149} INFO - [2023-06-21T09:54:28.242+0000] {dag.py:3490} INFO - Setting next_dagrun for example_external_task_marker_child to None, run_after=None
[2023-06-21T09:54:28.246+0000] {logging_mixin.py:149} INFO - [2023-06-21T09:54:28.246+0000] {dag.py:3490} INFO - Setting next_dagrun for example_external_task_marker_parent to None, run_after=None
[2023-06-21T09:54:28.265+0000] {processor.py:179} INFO - Processing /home/airflow/.local/lib/python3.7/site-packages/airflow/example_dags/example_external_task_marker_dag.py took 0.114 seconds
[2023-06-21T09:54:58.704+0000] {processor.py:157} INFO - Started process (PID=599) to work on /home/airflow/.local/lib/python3.7/site-packages/airflow/example_dags/example_external_task_marker_dag.py
[2023-06-21T09:54:58.705+0000] {processor.py:826} INFO - Processing file /home/airflow/.local/lib/python3.7/site-packages/airflow/example_dags/example_external_task_marker_dag.py for tasks to queue
[2023-06-21T09:54:58.706+0000] {logging_mixin.py:149} INFO - [2023-06-21T09:54:58.705+0000] {dagbag.py:541} INFO - Filling up the DagBag from /home/airflow/.local/lib/python3.7/site-packages/airflow/example_dags/example_external_task_marker_dag.py
[2023-06-21T09:54:58.711+0000] {processor.py:836} INFO - DAG(s) dict_keys(['example_external_task_marker_parent', 'example_external_task_marker_child']) retrieved from /home/airflow/.local/lib/python3.7/site-packages/airflow/example_dags/example_external_task_marker_dag.py
[2023-06-21T09:54:58.737+0000] {logging_mixin.py:149} INFO - [2023-06-21T09:54:58.736+0000] {dag.py:2726} INFO - Sync 2 DAGs
[2023-06-21T09:54:58.760+0000] {logging_mixin.py:149} INFO - [2023-06-21T09:54:58.760+0000] {dag.py:3490} INFO - Setting next_dagrun for example_external_task_marker_child to None, run_after=None
[2023-06-21T09:54:58.764+0000] {logging_mixin.py:149} INFO - [2023-06-21T09:54:58.764+0000] {dag.py:3490} INFO - Setting next_dagrun for example_external_task_marker_parent to None, run_after=None
[2023-06-21T09:54:58.780+0000] {processor.py:179} INFO - Processing /home/airflow/.local/lib/python3.7/site-packages/airflow/example_dags/example_external_task_marker_dag.py took 0.079 seconds
[2023-06-21T09:55:29.352+0000] {processor.py:157} INFO - Started process (PID=665) to work on /home/airflow/.local/lib/python3.7/site-packages/airflow/example_dags/example_external_task_marker_dag.py
[2023-06-21T09:55:29.353+0000] {processor.py:826} INFO - Processing file /home/airflow/.local/lib/python3.7/site-packages/airflow/example_dags/example_external_task_marker_dag.py for tasks to queue
[2023-06-21T09:55:29.354+0000] {logging_mixin.py:149} INFO - [2023-06-21T09:55:29.354+0000] {dagbag.py:541} INFO - Filling up the DagBag from /home/airflow/.local/lib/python3.7/site-packages/airflow/example_dags/example_external_task_marker_dag.py
[2023-06-21T09:55:29.359+0000] {processor.py:836} INFO - DAG(s) dict_keys(['example_external_task_marker_child', 'example_external_task_marker_parent']) retrieved from /home/airflow/.local/lib/python3.7/site-packages/airflow/example_dags/example_external_task_marker_dag.py
[2023-06-21T09:55:29.386+0000] {logging_mixin.py:149} INFO - [2023-06-21T09:55:29.385+0000] {dag.py:2726} INFO - Sync 2 DAGs
[2023-06-21T09:55:29.410+0000] {logging_mixin.py:149} INFO - [2023-06-21T09:55:29.410+0000] {dag.py:3490} INFO - Setting next_dagrun for example_external_task_marker_child to None, run_after=None
[2023-06-21T09:55:29.414+0000] {logging_mixin.py:149} INFO - [2023-06-21T09:55:29.414+0000] {dag.py:3490} INFO - Setting next_dagrun for example_external_task_marker_parent to None, run_after=None
[2023-06-21T09:55:29.434+0000] {processor.py:179} INFO - Processing /home/airflow/.local/lib/python3.7/site-packages/airflow/example_dags/example_external_task_marker_dag.py took 0.085 seconds
[2023-06-21T09:55:59.839+0000] {processor.py:157} INFO - Started process (PID=731) to work on /home/airflow/.local/lib/python3.7/site-packages/airflow/example_dags/example_external_task_marker_dag.py
[2023-06-21T09:55:59.840+0000] {processor.py:826} INFO - Processing file /home/airflow/.local/lib/python3.7/site-packages/airflow/example_dags/example_external_task_marker_dag.py for tasks to queue
[2023-06-21T09:55:59.841+0000] {logging_mixin.py:149} INFO - [2023-06-21T09:55:59.841+0000] {dagbag.py:541} INFO - Filling up the DagBag from /home/airflow/.local/lib/python3.7/site-packages/airflow/example_dags/example_external_task_marker_dag.py
[2023-06-21T09:55:59.846+0000] {processor.py:836} INFO - DAG(s) dict_keys(['example_external_task_marker_child', 'example_external_task_marker_parent']) retrieved from /home/airflow/.local/lib/python3.7/site-packages/airflow/example_dags/example_external_task_marker_dag.py
[2023-06-21T09:55:59.870+0000] {logging_mixin.py:149} INFO - [2023-06-21T09:55:59.870+0000] {dag.py:2726} INFO - Sync 2 DAGs
[2023-06-21T09:55:59.893+0000] {logging_mixin.py:149} INFO - [2023-06-21T09:55:59.893+0000] {dag.py:3490} INFO - Setting next_dagrun for example_external_task_marker_child to None, run_after=None
[2023-06-21T09:55:59.897+0000] {logging_mixin.py:149} INFO - [2023-06-21T09:55:59.897+0000] {dag.py:3490} INFO - Setting next_dagrun for example_external_task_marker_parent to None, run_after=None
[2023-06-21T09:55:59.915+0000] {processor.py:179} INFO - Processing /home/airflow/.local/lib/python3.7/site-packages/airflow/example_dags/example_external_task_marker_dag.py took 0.079 seconds
[2023-06-21T09:56:30.045+0000] {processor.py:157} INFO - Started process (PID=797) to work on /home/airflow/.local/lib/python3.7/site-packages/airflow/example_dags/example_external_task_marker_dag.py
[2023-06-21T09:56:30.046+0000] {processor.py:826} INFO - Processing file /home/airflow/.local/lib/python3.7/site-packages/airflow/example_dags/example_external_task_marker_dag.py for tasks to queue
[2023-06-21T09:56:30.047+0000] {logging_mixin.py:149} INFO - [2023-06-21T09:56:30.047+0000] {dagbag.py:541} INFO - Filling up the DagBag from /home/airflow/.local/lib/python3.7/site-packages/airflow/example_dags/example_external_task_marker_dag.py
[2023-06-21T09:56:30.052+0000] {processor.py:836} INFO - DAG(s) dict_keys(['example_external_task_marker_child', 'example_external_task_marker_parent']) retrieved from /home/airflow/.local/lib/python3.7/site-packages/airflow/example_dags/example_external_task_marker_dag.py
[2023-06-21T09:56:30.080+0000] {logging_mixin.py:149} INFO - [2023-06-21T09:56:30.080+0000] {dag.py:2726} INFO - Sync 2 DAGs
[2023-06-21T09:56:30.104+0000] {logging_mixin.py:149} INFO - [2023-06-21T09:56:30.104+0000] {dag.py:3490} INFO - Setting next_dagrun for example_external_task_marker_child to None, run_after=None
[2023-06-21T09:56:30.107+0000] {logging_mixin.py:149} INFO - [2023-06-21T09:56:30.107+0000] {dag.py:3490} INFO - Setting next_dagrun for example_external_task_marker_parent to None, run_after=None
[2023-06-21T09:56:30.126+0000] {processor.py:179} INFO - Processing /home/airflow/.local/lib/python3.7/site-packages/airflow/example_dags/example_external_task_marker_dag.py took 0.084 seconds
[2023-06-21T09:57:00.652+0000] {processor.py:157} INFO - Started process (PID=863) to work on /home/airflow/.local/lib/python3.7/site-packages/airflow/example_dags/example_external_task_marker_dag.py
[2023-06-21T09:57:00.653+0000] {processor.py:826} INFO - Processing file /home/airflow/.local/lib/python3.7/site-packages/airflow/example_dags/example_external_task_marker_dag.py for tasks to queue
[2023-06-21T09:57:00.655+0000] {logging_mixin.py:149} INFO - [2023-06-21T09:57:00.654+0000] {dagbag.py:541} INFO - Filling up the DagBag from /home/airflow/.local/lib/python3.7/site-packages/airflow/example_dags/example_external_task_marker_dag.py
[2023-06-21T09:57:00.660+0000] {processor.py:836} INFO - DAG(s) dict_keys(['example_external_task_marker_child', 'example_external_task_marker_parent']) retrieved from /home/airflow/.local/lib/python3.7/site-packages/airflow/example_dags/example_external_task_marker_dag.py
[2023-06-21T09:57:00.687+0000] {logging_mixin.py:149} INFO - [2023-06-21T09:57:00.687+0000] {dag.py:2726} INFO - Sync 2 DAGs
[2023-06-21T09:57:00.713+0000] {logging_mixin.py:149} INFO - [2023-06-21T09:57:00.713+0000] {dag.py:3490} INFO - Setting next_dagrun for example_external_task_marker_child to None, run_after=None
[2023-06-21T09:57:00.717+0000] {logging_mixin.py:149} INFO - [2023-06-21T09:57:00.716+0000] {dag.py:3490} INFO - Setting next_dagrun for example_external_task_marker_parent to None, run_after=None
[2023-06-21T09:57:00.734+0000] {processor.py:179} INFO - Processing /home/airflow/.local/lib/python3.7/site-packages/airflow/example_dags/example_external_task_marker_dag.py took 0.085 seconds
