[2023-06-21T09:50:53.338+0000] {processor.py:157} INFO - Started process (PID=66) to work on /home/airflow/.local/lib/python3.7/site-packages/airflow/example_dags/example_xcomargs.py
[2023-06-21T09:50:53.340+0000] {processor.py:826} INFO - Processing file /home/airflow/.local/lib/python3.7/site-packages/airflow/example_dags/example_xcomargs.py for tasks to queue
[2023-06-21T09:50:53.341+0000] {logging_mixin.py:149} INFO - [2023-06-21T09:50:53.341+0000] {dagbag.py:541} INFO - Filling up the DagBag from /home/airflow/.local/lib/python3.7/site-packages/airflow/example_dags/example_xcomargs.py
[2023-06-21T09:50:53.355+0000] {processor.py:836} INFO - DAG(s) dict_keys(['example_xcom_args', 'example_xcom_args_with_operators']) retrieved from /home/airflow/.local/lib/python3.7/site-packages/airflow/example_dags/example_xcomargs.py
[2023-06-21T09:50:53.377+0000] {logging_mixin.py:149} INFO - [2023-06-21T09:50:53.377+0000] {dag.py:2726} INFO - Sync 2 DAGs
[2023-06-21T09:50:53.420+0000] {logging_mixin.py:149} INFO - [2023-06-21T09:50:53.419+0000] {dag.py:3490} INFO - Setting next_dagrun for example_xcom_args to None, run_after=None
[2023-06-21T09:50:53.426+0000] {logging_mixin.py:149} INFO - [2023-06-21T09:50:53.425+0000] {dag.py:3490} INFO - Setting next_dagrun for example_xcom_args_with_operators to None, run_after=None
[2023-06-21T09:50:53.447+0000] {processor.py:179} INFO - Processing /home/airflow/.local/lib/python3.7/site-packages/airflow/example_dags/example_xcomargs.py took 0.116 seconds
[2023-06-21T09:51:24.231+0000] {processor.py:157} INFO - Started process (PID=132) to work on /home/airflow/.local/lib/python3.7/site-packages/airflow/example_dags/example_xcomargs.py
[2023-06-21T09:51:24.232+0000] {processor.py:826} INFO - Processing file /home/airflow/.local/lib/python3.7/site-packages/airflow/example_dags/example_xcomargs.py for tasks to queue
[2023-06-21T09:51:24.234+0000] {logging_mixin.py:149} INFO - [2023-06-21T09:51:24.233+0000] {dagbag.py:541} INFO - Filling up the DagBag from /home/airflow/.local/lib/python3.7/site-packages/airflow/example_dags/example_xcomargs.py
[2023-06-21T09:51:24.242+0000] {processor.py:836} INFO - DAG(s) dict_keys(['example_xcom_args', 'example_xcom_args_with_operators']) retrieved from /home/airflow/.local/lib/python3.7/site-packages/airflow/example_dags/example_xcomargs.py
[2023-06-21T09:51:24.258+0000] {logging_mixin.py:149} INFO - [2023-06-21T09:51:24.257+0000] {dag.py:2726} INFO - Sync 2 DAGs
[2023-06-21T09:51:24.291+0000] {logging_mixin.py:149} INFO - [2023-06-21T09:51:24.291+0000] {dag.py:3490} INFO - Setting next_dagrun for example_xcom_args to None, run_after=None
[2023-06-21T09:51:24.296+0000] {logging_mixin.py:149} INFO - [2023-06-21T09:51:24.296+0000] {dag.py:3490} INFO - Setting next_dagrun for example_xcom_args_with_operators to None, run_after=None
[2023-06-21T09:51:24.318+0000] {processor.py:179} INFO - Processing /home/airflow/.local/lib/python3.7/site-packages/airflow/example_dags/example_xcomargs.py took 0.090 seconds
[2023-06-21T09:51:54.670+0000] {processor.py:157} INFO - Started process (PID=198) to work on /home/airflow/.local/lib/python3.7/site-packages/airflow/example_dags/example_xcomargs.py
[2023-06-21T09:51:54.671+0000] {processor.py:826} INFO - Processing file /home/airflow/.local/lib/python3.7/site-packages/airflow/example_dags/example_xcomargs.py for tasks to queue
[2023-06-21T09:51:54.672+0000] {logging_mixin.py:149} INFO - [2023-06-21T09:51:54.672+0000] {dagbag.py:541} INFO - Filling up the DagBag from /home/airflow/.local/lib/python3.7/site-packages/airflow/example_dags/example_xcomargs.py
[2023-06-21T09:51:54.679+0000] {processor.py:836} INFO - DAG(s) dict_keys(['example_xcom_args', 'example_xcom_args_with_operators']) retrieved from /home/airflow/.local/lib/python3.7/site-packages/airflow/example_dags/example_xcomargs.py
[2023-06-21T09:51:54.707+0000] {logging_mixin.py:149} INFO - [2023-06-21T09:51:54.706+0000] {dag.py:2726} INFO - Sync 2 DAGs
[2023-06-21T09:51:54.731+0000] {logging_mixin.py:149} INFO - [2023-06-21T09:51:54.730+0000] {dag.py:3490} INFO - Setting next_dagrun for example_xcom_args to None, run_after=None
[2023-06-21T09:51:54.735+0000] {logging_mixin.py:149} INFO - [2023-06-21T09:51:54.735+0000] {dag.py:3490} INFO - Setting next_dagrun for example_xcom_args_with_operators to None, run_after=None
[2023-06-21T09:51:54.751+0000] {processor.py:179} INFO - Processing /home/airflow/.local/lib/python3.7/site-packages/airflow/example_dags/example_xcomargs.py took 0.084 seconds
[2023-06-21T09:52:25.407+0000] {processor.py:157} INFO - Started process (PID=264) to work on /home/airflow/.local/lib/python3.7/site-packages/airflow/example_dags/example_xcomargs.py
[2023-06-21T09:52:25.408+0000] {processor.py:826} INFO - Processing file /home/airflow/.local/lib/python3.7/site-packages/airflow/example_dags/example_xcomargs.py for tasks to queue
[2023-06-21T09:52:25.409+0000] {logging_mixin.py:149} INFO - [2023-06-21T09:52:25.409+0000] {dagbag.py:541} INFO - Filling up the DagBag from /home/airflow/.local/lib/python3.7/site-packages/airflow/example_dags/example_xcomargs.py
[2023-06-21T09:52:25.416+0000] {processor.py:836} INFO - DAG(s) dict_keys(['example_xcom_args_with_operators', 'example_xcom_args']) retrieved from /home/airflow/.local/lib/python3.7/site-packages/airflow/example_dags/example_xcomargs.py
[2023-06-21T09:52:25.442+0000] {logging_mixin.py:149} INFO - [2023-06-21T09:52:25.442+0000] {dag.py:2726} INFO - Sync 2 DAGs
[2023-06-21T09:52:25.465+0000] {logging_mixin.py:149} INFO - [2023-06-21T09:52:25.465+0000] {dag.py:3490} INFO - Setting next_dagrun for example_xcom_args to None, run_after=None
[2023-06-21T09:52:25.469+0000] {logging_mixin.py:149} INFO - [2023-06-21T09:52:25.468+0000] {dag.py:3490} INFO - Setting next_dagrun for example_xcom_args_with_operators to None, run_after=None
[2023-06-21T09:52:25.485+0000] {processor.py:179} INFO - Processing /home/airflow/.local/lib/python3.7/site-packages/airflow/example_dags/example_xcomargs.py took 0.081 seconds
[2023-06-21T09:52:55.868+0000] {processor.py:157} INFO - Started process (PID=330) to work on /home/airflow/.local/lib/python3.7/site-packages/airflow/example_dags/example_xcomargs.py
[2023-06-21T09:52:55.869+0000] {processor.py:826} INFO - Processing file /home/airflow/.local/lib/python3.7/site-packages/airflow/example_dags/example_xcomargs.py for tasks to queue
[2023-06-21T09:52:55.869+0000] {logging_mixin.py:149} INFO - [2023-06-21T09:52:55.869+0000] {dagbag.py:541} INFO - Filling up the DagBag from /home/airflow/.local/lib/python3.7/site-packages/airflow/example_dags/example_xcomargs.py
[2023-06-21T09:52:55.877+0000] {processor.py:836} INFO - DAG(s) dict_keys(['example_xcom_args', 'example_xcom_args_with_operators']) retrieved from /home/airflow/.local/lib/python3.7/site-packages/airflow/example_dags/example_xcomargs.py
[2023-06-21T09:52:55.901+0000] {logging_mixin.py:149} INFO - [2023-06-21T09:52:55.901+0000] {dag.py:2726} INFO - Sync 2 DAGs
[2023-06-21T09:52:55.924+0000] {logging_mixin.py:149} INFO - [2023-06-21T09:52:55.924+0000] {dag.py:3490} INFO - Setting next_dagrun for example_xcom_args to None, run_after=None
[2023-06-21T09:52:55.928+0000] {logging_mixin.py:149} INFO - [2023-06-21T09:52:55.928+0000] {dag.py:3490} INFO - Setting next_dagrun for example_xcom_args_with_operators to None, run_after=None
[2023-06-21T09:52:55.945+0000] {processor.py:179} INFO - Processing /home/airflow/.local/lib/python3.7/site-packages/airflow/example_dags/example_xcomargs.py took 0.079 seconds
[2023-06-21T09:53:26.503+0000] {processor.py:157} INFO - Started process (PID=396) to work on /home/airflow/.local/lib/python3.7/site-packages/airflow/example_dags/example_xcomargs.py
[2023-06-21T09:53:26.504+0000] {processor.py:826} INFO - Processing file /home/airflow/.local/lib/python3.7/site-packages/airflow/example_dags/example_xcomargs.py for tasks to queue
[2023-06-21T09:53:26.505+0000] {logging_mixin.py:149} INFO - [2023-06-21T09:53:26.505+0000] {dagbag.py:541} INFO - Filling up the DagBag from /home/airflow/.local/lib/python3.7/site-packages/airflow/example_dags/example_xcomargs.py
[2023-06-21T09:53:26.512+0000] {processor.py:836} INFO - DAG(s) dict_keys(['example_xcom_args', 'example_xcom_args_with_operators']) retrieved from /home/airflow/.local/lib/python3.7/site-packages/airflow/example_dags/example_xcomargs.py
[2023-06-21T09:53:26.543+0000] {logging_mixin.py:149} INFO - [2023-06-21T09:53:26.543+0000] {dag.py:2726} INFO - Sync 2 DAGs
[2023-06-21T09:53:26.572+0000] {logging_mixin.py:149} INFO - [2023-06-21T09:53:26.572+0000] {dag.py:3490} INFO - Setting next_dagrun for example_xcom_args to None, run_after=None
[2023-06-21T09:53:26.577+0000] {logging_mixin.py:149} INFO - [2023-06-21T09:53:26.576+0000] {dag.py:3490} INFO - Setting next_dagrun for example_xcom_args_with_operators to None, run_after=None
[2023-06-21T09:53:26.597+0000] {processor.py:179} INFO - Processing /home/airflow/.local/lib/python3.7/site-packages/airflow/example_dags/example_xcomargs.py took 0.097 seconds
[2023-06-21T09:53:57.212+0000] {processor.py:157} INFO - Started process (PID=462) to work on /home/airflow/.local/lib/python3.7/site-packages/airflow/example_dags/example_xcomargs.py
[2023-06-21T09:53:57.214+0000] {processor.py:826} INFO - Processing file /home/airflow/.local/lib/python3.7/site-packages/airflow/example_dags/example_xcomargs.py for tasks to queue
[2023-06-21T09:53:57.215+0000] {logging_mixin.py:149} INFO - [2023-06-21T09:53:57.215+0000] {dagbag.py:541} INFO - Filling up the DagBag from /home/airflow/.local/lib/python3.7/site-packages/airflow/example_dags/example_xcomargs.py
[2023-06-21T09:53:57.222+0000] {processor.py:836} INFO - DAG(s) dict_keys(['example_xcom_args_with_operators', 'example_xcom_args']) retrieved from /home/airflow/.local/lib/python3.7/site-packages/airflow/example_dags/example_xcomargs.py
[2023-06-21T09:53:57.252+0000] {logging_mixin.py:149} INFO - [2023-06-21T09:53:57.251+0000] {dag.py:2726} INFO - Sync 2 DAGs
[2023-06-21T09:53:57.281+0000] {logging_mixin.py:149} INFO - [2023-06-21T09:53:57.281+0000] {dag.py:3490} INFO - Setting next_dagrun for example_xcom_args to None, run_after=None
[2023-06-21T09:53:57.285+0000] {logging_mixin.py:149} INFO - [2023-06-21T09:53:57.285+0000] {dag.py:3490} INFO - Setting next_dagrun for example_xcom_args_with_operators to None, run_after=None
[2023-06-21T09:53:57.302+0000] {processor.py:179} INFO - Processing /home/airflow/.local/lib/python3.7/site-packages/airflow/example_dags/example_xcomargs.py took 0.093 seconds
[2023-06-21T09:54:27.637+0000] {processor.py:157} INFO - Started process (PID=528) to work on /home/airflow/.local/lib/python3.7/site-packages/airflow/example_dags/example_xcomargs.py
[2023-06-21T09:54:27.639+0000] {processor.py:826} INFO - Processing file /home/airflow/.local/lib/python3.7/site-packages/airflow/example_dags/example_xcomargs.py for tasks to queue
[2023-06-21T09:54:27.640+0000] {logging_mixin.py:149} INFO - [2023-06-21T09:54:27.639+0000] {dagbag.py:541} INFO - Filling up the DagBag from /home/airflow/.local/lib/python3.7/site-packages/airflow/example_dags/example_xcomargs.py
[2023-06-21T09:54:27.647+0000] {processor.py:836} INFO - DAG(s) dict_keys(['example_xcom_args_with_operators', 'example_xcom_args']) retrieved from /home/airflow/.local/lib/python3.7/site-packages/airflow/example_dags/example_xcomargs.py
[2023-06-21T09:54:27.673+0000] {logging_mixin.py:149} INFO - [2023-06-21T09:54:27.673+0000] {dag.py:2726} INFO - Sync 2 DAGs
[2023-06-21T09:54:27.696+0000] {logging_mixin.py:149} INFO - [2023-06-21T09:54:27.696+0000] {dag.py:3490} INFO - Setting next_dagrun for example_xcom_args to None, run_after=None
[2023-06-21T09:54:27.700+0000] {logging_mixin.py:149} INFO - [2023-06-21T09:54:27.700+0000] {dag.py:3490} INFO - Setting next_dagrun for example_xcom_args_with_operators to None, run_after=None
[2023-06-21T09:54:27.717+0000] {processor.py:179} INFO - Processing /home/airflow/.local/lib/python3.7/site-packages/airflow/example_dags/example_xcomargs.py took 0.082 seconds
[2023-06-21T09:54:58.236+0000] {processor.py:157} INFO - Started process (PID=594) to work on /home/airflow/.local/lib/python3.7/site-packages/airflow/example_dags/example_xcomargs.py
[2023-06-21T09:54:58.237+0000] {processor.py:826} INFO - Processing file /home/airflow/.local/lib/python3.7/site-packages/airflow/example_dags/example_xcomargs.py for tasks to queue
[2023-06-21T09:54:58.238+0000] {logging_mixin.py:149} INFO - [2023-06-21T09:54:58.237+0000] {dagbag.py:541} INFO - Filling up the DagBag from /home/airflow/.local/lib/python3.7/site-packages/airflow/example_dags/example_xcomargs.py
[2023-06-21T09:54:58.245+0000] {processor.py:836} INFO - DAG(s) dict_keys(['example_xcom_args_with_operators', 'example_xcom_args']) retrieved from /home/airflow/.local/lib/python3.7/site-packages/airflow/example_dags/example_xcomargs.py
[2023-06-21T09:54:58.272+0000] {logging_mixin.py:149} INFO - [2023-06-21T09:54:58.272+0000] {dag.py:2726} INFO - Sync 2 DAGs
[2023-06-21T09:54:58.296+0000] {logging_mixin.py:149} INFO - [2023-06-21T09:54:58.296+0000] {dag.py:3490} INFO - Setting next_dagrun for example_xcom_args to None, run_after=None
[2023-06-21T09:54:58.299+0000] {logging_mixin.py:149} INFO - [2023-06-21T09:54:58.299+0000] {dag.py:3490} INFO - Setting next_dagrun for example_xcom_args_with_operators to None, run_after=None
[2023-06-21T09:54:58.316+0000] {processor.py:179} INFO - Processing /home/airflow/.local/lib/python3.7/site-packages/airflow/example_dags/example_xcomargs.py took 0.084 seconds
[2023-06-21T09:55:28.848+0000] {processor.py:157} INFO - Started process (PID=660) to work on /home/airflow/.local/lib/python3.7/site-packages/airflow/example_dags/example_xcomargs.py
[2023-06-21T09:55:28.849+0000] {processor.py:826} INFO - Processing file /home/airflow/.local/lib/python3.7/site-packages/airflow/example_dags/example_xcomargs.py for tasks to queue
[2023-06-21T09:55:28.850+0000] {logging_mixin.py:149} INFO - [2023-06-21T09:55:28.850+0000] {dagbag.py:541} INFO - Filling up the DagBag from /home/airflow/.local/lib/python3.7/site-packages/airflow/example_dags/example_xcomargs.py
[2023-06-21T09:55:28.858+0000] {processor.py:836} INFO - DAG(s) dict_keys(['example_xcom_args', 'example_xcom_args_with_operators']) retrieved from /home/airflow/.local/lib/python3.7/site-packages/airflow/example_dags/example_xcomargs.py
[2023-06-21T09:55:28.889+0000] {logging_mixin.py:149} INFO - [2023-06-21T09:55:28.889+0000] {dag.py:2726} INFO - Sync 2 DAGs
[2023-06-21T09:55:28.920+0000] {logging_mixin.py:149} INFO - [2023-06-21T09:55:28.920+0000] {dag.py:3490} INFO - Setting next_dagrun for example_xcom_args to None, run_after=None
[2023-06-21T09:55:28.924+0000] {logging_mixin.py:149} INFO - [2023-06-21T09:55:28.924+0000] {dag.py:3490} INFO - Setting next_dagrun for example_xcom_args_with_operators to None, run_after=None
[2023-06-21T09:55:28.944+0000] {processor.py:179} INFO - Processing /home/airflow/.local/lib/python3.7/site-packages/airflow/example_dags/example_xcomargs.py took 0.099 seconds
[2023-06-21T09:55:59.364+0000] {processor.py:157} INFO - Started process (PID=726) to work on /home/airflow/.local/lib/python3.7/site-packages/airflow/example_dags/example_xcomargs.py
[2023-06-21T09:55:59.365+0000] {processor.py:826} INFO - Processing file /home/airflow/.local/lib/python3.7/site-packages/airflow/example_dags/example_xcomargs.py for tasks to queue
[2023-06-21T09:55:59.366+0000] {logging_mixin.py:149} INFO - [2023-06-21T09:55:59.366+0000] {dagbag.py:541} INFO - Filling up the DagBag from /home/airflow/.local/lib/python3.7/site-packages/airflow/example_dags/example_xcomargs.py
[2023-06-21T09:55:59.373+0000] {processor.py:836} INFO - DAG(s) dict_keys(['example_xcom_args', 'example_xcom_args_with_operators']) retrieved from /home/airflow/.local/lib/python3.7/site-packages/airflow/example_dags/example_xcomargs.py
[2023-06-21T09:55:59.400+0000] {logging_mixin.py:149} INFO - [2023-06-21T09:55:59.400+0000] {dag.py:2726} INFO - Sync 2 DAGs
[2023-06-21T09:55:59.425+0000] {logging_mixin.py:149} INFO - [2023-06-21T09:55:59.424+0000] {dag.py:3490} INFO - Setting next_dagrun for example_xcom_args to None, run_after=None
[2023-06-21T09:55:59.428+0000] {logging_mixin.py:149} INFO - [2023-06-21T09:55:59.428+0000] {dag.py:3490} INFO - Setting next_dagrun for example_xcom_args_with_operators to None, run_after=None
[2023-06-21T09:55:59.444+0000] {processor.py:179} INFO - Processing /home/airflow/.local/lib/python3.7/site-packages/airflow/example_dags/example_xcomargs.py took 0.083 seconds
[2023-06-21T09:56:29.815+0000] {processor.py:157} INFO - Started process (PID=792) to work on /home/airflow/.local/lib/python3.7/site-packages/airflow/example_dags/example_xcomargs.py
[2023-06-21T09:56:29.816+0000] {processor.py:826} INFO - Processing file /home/airflow/.local/lib/python3.7/site-packages/airflow/example_dags/example_xcomargs.py for tasks to queue
[2023-06-21T09:56:29.817+0000] {logging_mixin.py:149} INFO - [2023-06-21T09:56:29.817+0000] {dagbag.py:541} INFO - Filling up the DagBag from /home/airflow/.local/lib/python3.7/site-packages/airflow/example_dags/example_xcomargs.py
[2023-06-21T09:56:29.825+0000] {processor.py:836} INFO - DAG(s) dict_keys(['example_xcom_args', 'example_xcom_args_with_operators']) retrieved from /home/airflow/.local/lib/python3.7/site-packages/airflow/example_dags/example_xcomargs.py
[2023-06-21T09:56:29.852+0000] {logging_mixin.py:149} INFO - [2023-06-21T09:56:29.852+0000] {dag.py:2726} INFO - Sync 2 DAGs
[2023-06-21T09:56:29.875+0000] {logging_mixin.py:149} INFO - [2023-06-21T09:56:29.875+0000] {dag.py:3490} INFO - Setting next_dagrun for example_xcom_args to None, run_after=None
[2023-06-21T09:56:29.878+0000] {logging_mixin.py:149} INFO - [2023-06-21T09:56:29.878+0000] {dag.py:3490} INFO - Setting next_dagrun for example_xcom_args_with_operators to None, run_after=None
[2023-06-21T09:56:29.896+0000] {processor.py:179} INFO - Processing /home/airflow/.local/lib/python3.7/site-packages/airflow/example_dags/example_xcomargs.py took 0.083 seconds
[2023-06-21T09:57:00.371+0000] {processor.py:157} INFO - Started process (PID=858) to work on /home/airflow/.local/lib/python3.7/site-packages/airflow/example_dags/example_xcomargs.py
[2023-06-21T09:57:00.372+0000] {processor.py:826} INFO - Processing file /home/airflow/.local/lib/python3.7/site-packages/airflow/example_dags/example_xcomargs.py for tasks to queue
[2023-06-21T09:57:00.373+0000] {logging_mixin.py:149} INFO - [2023-06-21T09:57:00.373+0000] {dagbag.py:541} INFO - Filling up the DagBag from /home/airflow/.local/lib/python3.7/site-packages/airflow/example_dags/example_xcomargs.py
[2023-06-21T09:57:00.381+0000] {processor.py:836} INFO - DAG(s) dict_keys(['example_xcom_args_with_operators', 'example_xcom_args']) retrieved from /home/airflow/.local/lib/python3.7/site-packages/airflow/example_dags/example_xcomargs.py
[2023-06-21T09:57:00.407+0000] {logging_mixin.py:149} INFO - [2023-06-21T09:57:00.407+0000] {dag.py:2726} INFO - Sync 2 DAGs
[2023-06-21T09:57:00.433+0000] {logging_mixin.py:149} INFO - [2023-06-21T09:57:00.432+0000] {dag.py:3490} INFO - Setting next_dagrun for example_xcom_args to None, run_after=None
[2023-06-21T09:57:00.436+0000] {logging_mixin.py:149} INFO - [2023-06-21T09:57:00.436+0000] {dag.py:3490} INFO - Setting next_dagrun for example_xcom_args_with_operators to None, run_after=None
[2023-06-21T09:57:00.454+0000] {processor.py:179} INFO - Processing /home/airflow/.local/lib/python3.7/site-packages/airflow/example_dags/example_xcomargs.py took 0.086 seconds
