[2023-06-21T09:50:51.699+0000] {processor.py:157} INFO - Started process (PID=45) to work on /home/airflow/.local/lib/python3.7/site-packages/airflow/example_dags/example_task_group.py
[2023-06-21T09:50:51.700+0000] {processor.py:826} INFO - Processing file /home/airflow/.local/lib/python3.7/site-packages/airflow/example_dags/example_task_group.py for tasks to queue
[2023-06-21T09:50:51.701+0000] {logging_mixin.py:149} INFO - [2023-06-21T09:50:51.701+0000] {dagbag.py:541} INFO - Filling up the DagBag from /home/airflow/.local/lib/python3.7/site-packages/airflow/example_dags/example_task_group.py
[2023-06-21T09:50:51.712+0000] {processor.py:836} INFO - DAG(s) dict_keys(['example_task_group']) retrieved from /home/airflow/.local/lib/python3.7/site-packages/airflow/example_dags/example_task_group.py
[2023-06-21T09:50:51.725+0000] {logging_mixin.py:149} INFO - [2023-06-21T09:50:51.725+0000] {dag.py:2726} INFO - Sync 1 DAGs
[2023-06-21T09:50:51.753+0000] {logging_mixin.py:149} INFO - [2023-06-21T09:50:51.753+0000] {dag.py:3490} INFO - Setting next_dagrun for example_task_group to 2023-06-20T09:50:51.753421+00:00, run_after=2023-06-21T09:50:51.753421+00:00
[2023-06-21T09:50:51.779+0000] {processor.py:179} INFO - Processing /home/airflow/.local/lib/python3.7/site-packages/airflow/example_dags/example_task_group.py took 0.083 seconds
[2023-06-21T09:51:21.976+0000] {processor.py:157} INFO - Started process (PID=111) to work on /home/airflow/.local/lib/python3.7/site-packages/airflow/example_dags/example_task_group.py
[2023-06-21T09:51:21.977+0000] {processor.py:826} INFO - Processing file /home/airflow/.local/lib/python3.7/site-packages/airflow/example_dags/example_task_group.py for tasks to queue
[2023-06-21T09:51:21.978+0000] {logging_mixin.py:149} INFO - [2023-06-21T09:51:21.978+0000] {dagbag.py:541} INFO - Filling up the DagBag from /home/airflow/.local/lib/python3.7/site-packages/airflow/example_dags/example_task_group.py
[2023-06-21T09:51:21.987+0000] {processor.py:836} INFO - DAG(s) dict_keys(['example_task_group']) retrieved from /home/airflow/.local/lib/python3.7/site-packages/airflow/example_dags/example_task_group.py
[2023-06-21T09:51:21.999+0000] {logging_mixin.py:149} INFO - [2023-06-21T09:51:21.998+0000] {dag.py:2726} INFO - Sync 1 DAGs
[2023-06-21T09:51:22.027+0000] {logging_mixin.py:149} INFO - [2023-06-21T09:51:22.026+0000] {dag.py:3490} INFO - Setting next_dagrun for example_task_group to 2023-06-20T09:51:22.026606+00:00, run_after=2023-06-21T09:51:22.026606+00:00
[2023-06-21T09:51:22.048+0000] {processor.py:179} INFO - Processing /home/airflow/.local/lib/python3.7/site-packages/airflow/example_dags/example_task_group.py took 0.075 seconds
[2023-06-21T09:51:52.277+0000] {processor.py:157} INFO - Started process (PID=177) to work on /home/airflow/.local/lib/python3.7/site-packages/airflow/example_dags/example_task_group.py
[2023-06-21T09:51:52.278+0000] {processor.py:826} INFO - Processing file /home/airflow/.local/lib/python3.7/site-packages/airflow/example_dags/example_task_group.py for tasks to queue
[2023-06-21T09:51:52.279+0000] {logging_mixin.py:149} INFO - [2023-06-21T09:51:52.279+0000] {dagbag.py:541} INFO - Filling up the DagBag from /home/airflow/.local/lib/python3.7/site-packages/airflow/example_dags/example_task_group.py
[2023-06-21T09:51:52.286+0000] {processor.py:836} INFO - DAG(s) dict_keys(['example_task_group']) retrieved from /home/airflow/.local/lib/python3.7/site-packages/airflow/example_dags/example_task_group.py
[2023-06-21T09:51:52.312+0000] {logging_mixin.py:149} INFO - [2023-06-21T09:51:52.312+0000] {dag.py:2726} INFO - Sync 1 DAGs
[2023-06-21T09:51:52.341+0000] {logging_mixin.py:149} INFO - [2023-06-21T09:51:52.341+0000] {dag.py:3490} INFO - Setting next_dagrun for example_task_group to 2023-06-20T09:51:52.341075+00:00, run_after=2023-06-21T09:51:52.341075+00:00
[2023-06-21T09:51:52.366+0000] {processor.py:179} INFO - Processing /home/airflow/.local/lib/python3.7/site-packages/airflow/example_dags/example_task_group.py took 0.092 seconds
[2023-06-21T09:52:23.171+0000] {processor.py:157} INFO - Started process (PID=243) to work on /home/airflow/.local/lib/python3.7/site-packages/airflow/example_dags/example_task_group.py
[2023-06-21T09:52:23.172+0000] {processor.py:826} INFO - Processing file /home/airflow/.local/lib/python3.7/site-packages/airflow/example_dags/example_task_group.py for tasks to queue
[2023-06-21T09:52:23.174+0000] {logging_mixin.py:149} INFO - [2023-06-21T09:52:23.173+0000] {dagbag.py:541} INFO - Filling up the DagBag from /home/airflow/.local/lib/python3.7/site-packages/airflow/example_dags/example_task_group.py
[2023-06-21T09:52:23.182+0000] {processor.py:836} INFO - DAG(s) dict_keys(['example_task_group']) retrieved from /home/airflow/.local/lib/python3.7/site-packages/airflow/example_dags/example_task_group.py
[2023-06-21T09:52:23.206+0000] {logging_mixin.py:149} INFO - [2023-06-21T09:52:23.206+0000] {dag.py:2726} INFO - Sync 1 DAGs
[2023-06-21T09:52:23.234+0000] {logging_mixin.py:149} INFO - [2023-06-21T09:52:23.234+0000] {dag.py:3490} INFO - Setting next_dagrun for example_task_group to 2023-06-20T09:52:23.234241+00:00, run_after=2023-06-21T09:52:23.234241+00:00
[2023-06-21T09:52:23.256+0000] {processor.py:179} INFO - Processing /home/airflow/.local/lib/python3.7/site-packages/airflow/example_dags/example_task_group.py took 0.088 seconds
[2023-06-21T09:52:53.580+0000] {processor.py:157} INFO - Started process (PID=309) to work on /home/airflow/.local/lib/python3.7/site-packages/airflow/example_dags/example_task_group.py
[2023-06-21T09:52:53.581+0000] {processor.py:826} INFO - Processing file /home/airflow/.local/lib/python3.7/site-packages/airflow/example_dags/example_task_group.py for tasks to queue
[2023-06-21T09:52:53.582+0000] {logging_mixin.py:149} INFO - [2023-06-21T09:52:53.582+0000] {dagbag.py:541} INFO - Filling up the DagBag from /home/airflow/.local/lib/python3.7/site-packages/airflow/example_dags/example_task_group.py
[2023-06-21T09:52:53.590+0000] {processor.py:836} INFO - DAG(s) dict_keys(['example_task_group']) retrieved from /home/airflow/.local/lib/python3.7/site-packages/airflow/example_dags/example_task_group.py
[2023-06-21T09:52:53.612+0000] {logging_mixin.py:149} INFO - [2023-06-21T09:52:53.612+0000] {dag.py:2726} INFO - Sync 1 DAGs
[2023-06-21T09:52:53.636+0000] {logging_mixin.py:149} INFO - [2023-06-21T09:52:53.636+0000] {dag.py:3490} INFO - Setting next_dagrun for example_task_group to 2023-06-20T09:52:53.635867+00:00, run_after=2023-06-21T09:52:53.635867+00:00
[2023-06-21T09:52:53.657+0000] {processor.py:179} INFO - Processing /home/airflow/.local/lib/python3.7/site-packages/airflow/example_dags/example_task_group.py took 0.079 seconds
[2023-06-21T09:53:24.265+0000] {processor.py:157} INFO - Started process (PID=375) to work on /home/airflow/.local/lib/python3.7/site-packages/airflow/example_dags/example_task_group.py
[2023-06-21T09:53:24.266+0000] {processor.py:826} INFO - Processing file /home/airflow/.local/lib/python3.7/site-packages/airflow/example_dags/example_task_group.py for tasks to queue
[2023-06-21T09:53:24.267+0000] {logging_mixin.py:149} INFO - [2023-06-21T09:53:24.267+0000] {dagbag.py:541} INFO - Filling up the DagBag from /home/airflow/.local/lib/python3.7/site-packages/airflow/example_dags/example_task_group.py
[2023-06-21T09:53:24.274+0000] {processor.py:836} INFO - DAG(s) dict_keys(['example_task_group']) retrieved from /home/airflow/.local/lib/python3.7/site-packages/airflow/example_dags/example_task_group.py
[2023-06-21T09:53:24.297+0000] {logging_mixin.py:149} INFO - [2023-06-21T09:53:24.297+0000] {dag.py:2726} INFO - Sync 1 DAGs
[2023-06-21T09:53:24.325+0000] {logging_mixin.py:149} INFO - [2023-06-21T09:53:24.325+0000] {dag.py:3490} INFO - Setting next_dagrun for example_task_group to 2023-06-20T09:53:24.324820+00:00, run_after=2023-06-21T09:53:24.324820+00:00
[2023-06-21T09:53:24.344+0000] {processor.py:179} INFO - Processing /home/airflow/.local/lib/python3.7/site-packages/airflow/example_dags/example_task_group.py took 0.082 seconds
[2023-06-21T09:53:54.664+0000] {processor.py:157} INFO - Started process (PID=441) to work on /home/airflow/.local/lib/python3.7/site-packages/airflow/example_dags/example_task_group.py
[2023-06-21T09:53:54.665+0000] {processor.py:826} INFO - Processing file /home/airflow/.local/lib/python3.7/site-packages/airflow/example_dags/example_task_group.py for tasks to queue
[2023-06-21T09:53:54.666+0000] {logging_mixin.py:149} INFO - [2023-06-21T09:53:54.666+0000] {dagbag.py:541} INFO - Filling up the DagBag from /home/airflow/.local/lib/python3.7/site-packages/airflow/example_dags/example_task_group.py
[2023-06-21T09:53:54.674+0000] {processor.py:836} INFO - DAG(s) dict_keys(['example_task_group']) retrieved from /home/airflow/.local/lib/python3.7/site-packages/airflow/example_dags/example_task_group.py
[2023-06-21T09:53:54.696+0000] {logging_mixin.py:149} INFO - [2023-06-21T09:53:54.695+0000] {dag.py:2726} INFO - Sync 1 DAGs
[2023-06-21T09:53:54.719+0000] {logging_mixin.py:149} INFO - [2023-06-21T09:53:54.719+0000] {dag.py:3490} INFO - Setting next_dagrun for example_task_group to 2023-06-20T09:53:54.719426+00:00, run_after=2023-06-21T09:53:54.719426+00:00
[2023-06-21T09:53:54.738+0000] {processor.py:179} INFO - Processing /home/airflow/.local/lib/python3.7/site-packages/airflow/example_dags/example_task_group.py took 0.076 seconds
[2023-06-21T09:54:25.450+0000] {processor.py:157} INFO - Started process (PID=507) to work on /home/airflow/.local/lib/python3.7/site-packages/airflow/example_dags/example_task_group.py
[2023-06-21T09:54:25.451+0000] {processor.py:826} INFO - Processing file /home/airflow/.local/lib/python3.7/site-packages/airflow/example_dags/example_task_group.py for tasks to queue
[2023-06-21T09:54:25.452+0000] {logging_mixin.py:149} INFO - [2023-06-21T09:54:25.452+0000] {dagbag.py:541} INFO - Filling up the DagBag from /home/airflow/.local/lib/python3.7/site-packages/airflow/example_dags/example_task_group.py
[2023-06-21T09:54:25.460+0000] {processor.py:836} INFO - DAG(s) dict_keys(['example_task_group']) retrieved from /home/airflow/.local/lib/python3.7/site-packages/airflow/example_dags/example_task_group.py
[2023-06-21T09:54:25.484+0000] {logging_mixin.py:149} INFO - [2023-06-21T09:54:25.484+0000] {dag.py:2726} INFO - Sync 1 DAGs
[2023-06-21T09:54:25.511+0000] {logging_mixin.py:149} INFO - [2023-06-21T09:54:25.510+0000] {dag.py:3490} INFO - Setting next_dagrun for example_task_group to 2023-06-20T09:54:25.510703+00:00, run_after=2023-06-21T09:54:25.510703+00:00
[2023-06-21T09:54:25.533+0000] {processor.py:179} INFO - Processing /home/airflow/.local/lib/python3.7/site-packages/airflow/example_dags/example_task_group.py took 0.085 seconds
[2023-06-21T09:54:55.854+0000] {processor.py:157} INFO - Started process (PID=573) to work on /home/airflow/.local/lib/python3.7/site-packages/airflow/example_dags/example_task_group.py
[2023-06-21T09:54:55.855+0000] {processor.py:826} INFO - Processing file /home/airflow/.local/lib/python3.7/site-packages/airflow/example_dags/example_task_group.py for tasks to queue
[2023-06-21T09:54:55.856+0000] {logging_mixin.py:149} INFO - [2023-06-21T09:54:55.856+0000] {dagbag.py:541} INFO - Filling up the DagBag from /home/airflow/.local/lib/python3.7/site-packages/airflow/example_dags/example_task_group.py
[2023-06-21T09:54:55.863+0000] {processor.py:836} INFO - DAG(s) dict_keys(['example_task_group']) retrieved from /home/airflow/.local/lib/python3.7/site-packages/airflow/example_dags/example_task_group.py
[2023-06-21T09:54:55.886+0000] {logging_mixin.py:149} INFO - [2023-06-21T09:54:55.886+0000] {dag.py:2726} INFO - Sync 1 DAGs
[2023-06-21T09:54:55.909+0000] {logging_mixin.py:149} INFO - [2023-06-21T09:54:55.909+0000] {dag.py:3490} INFO - Setting next_dagrun for example_task_group to 2023-06-20T09:54:55.909538+00:00, run_after=2023-06-21T09:54:55.909538+00:00
[2023-06-21T09:54:55.929+0000] {processor.py:179} INFO - Processing /home/airflow/.local/lib/python3.7/site-packages/airflow/example_dags/example_task_group.py took 0.078 seconds
[2023-06-21T09:55:26.475+0000] {processor.py:157} INFO - Started process (PID=639) to work on /home/airflow/.local/lib/python3.7/site-packages/airflow/example_dags/example_task_group.py
[2023-06-21T09:55:26.476+0000] {processor.py:826} INFO - Processing file /home/airflow/.local/lib/python3.7/site-packages/airflow/example_dags/example_task_group.py for tasks to queue
[2023-06-21T09:55:26.477+0000] {logging_mixin.py:149} INFO - [2023-06-21T09:55:26.477+0000] {dagbag.py:541} INFO - Filling up the DagBag from /home/airflow/.local/lib/python3.7/site-packages/airflow/example_dags/example_task_group.py
[2023-06-21T09:55:26.484+0000] {processor.py:836} INFO - DAG(s) dict_keys(['example_task_group']) retrieved from /home/airflow/.local/lib/python3.7/site-packages/airflow/example_dags/example_task_group.py
[2023-06-21T09:55:26.507+0000] {logging_mixin.py:149} INFO - [2023-06-21T09:55:26.507+0000] {dag.py:2726} INFO - Sync 1 DAGs
[2023-06-21T09:55:26.530+0000] {logging_mixin.py:149} INFO - [2023-06-21T09:55:26.530+0000] {dag.py:3490} INFO - Setting next_dagrun for example_task_group to 2023-06-20T09:55:26.530299+00:00, run_after=2023-06-21T09:55:26.530299+00:00
[2023-06-21T09:55:26.550+0000] {processor.py:179} INFO - Processing /home/airflow/.local/lib/python3.7/site-packages/airflow/example_dags/example_task_group.py took 0.078 seconds
[2023-06-21T09:55:57.017+0000] {processor.py:157} INFO - Started process (PID=705) to work on /home/airflow/.local/lib/python3.7/site-packages/airflow/example_dags/example_task_group.py
[2023-06-21T09:55:57.019+0000] {processor.py:826} INFO - Processing file /home/airflow/.local/lib/python3.7/site-packages/airflow/example_dags/example_task_group.py for tasks to queue
[2023-06-21T09:55:57.020+0000] {logging_mixin.py:149} INFO - [2023-06-21T09:55:57.020+0000] {dagbag.py:541} INFO - Filling up the DagBag from /home/airflow/.local/lib/python3.7/site-packages/airflow/example_dags/example_task_group.py
[2023-06-21T09:55:57.028+0000] {processor.py:836} INFO - DAG(s) dict_keys(['example_task_group']) retrieved from /home/airflow/.local/lib/python3.7/site-packages/airflow/example_dags/example_task_group.py
[2023-06-21T09:55:57.053+0000] {logging_mixin.py:149} INFO - [2023-06-21T09:55:57.053+0000] {dag.py:2726} INFO - Sync 1 DAGs
[2023-06-21T09:55:57.079+0000] {logging_mixin.py:149} INFO - [2023-06-21T09:55:57.079+0000] {dag.py:3490} INFO - Setting next_dagrun for example_task_group to 2023-06-20T09:55:57.079060+00:00, run_after=2023-06-21T09:55:57.079060+00:00
[2023-06-21T09:55:57.099+0000] {processor.py:179} INFO - Processing /home/airflow/.local/lib/python3.7/site-packages/airflow/example_dags/example_task_group.py took 0.085 seconds
[2023-06-21T09:56:27.440+0000] {processor.py:157} INFO - Started process (PID=771) to work on /home/airflow/.local/lib/python3.7/site-packages/airflow/example_dags/example_task_group.py
[2023-06-21T09:56:27.441+0000] {processor.py:826} INFO - Processing file /home/airflow/.local/lib/python3.7/site-packages/airflow/example_dags/example_task_group.py for tasks to queue
[2023-06-21T09:56:27.442+0000] {logging_mixin.py:149} INFO - [2023-06-21T09:56:27.442+0000] {dagbag.py:541} INFO - Filling up the DagBag from /home/airflow/.local/lib/python3.7/site-packages/airflow/example_dags/example_task_group.py
[2023-06-21T09:56:27.450+0000] {processor.py:836} INFO - DAG(s) dict_keys(['example_task_group']) retrieved from /home/airflow/.local/lib/python3.7/site-packages/airflow/example_dags/example_task_group.py
[2023-06-21T09:56:27.474+0000] {logging_mixin.py:149} INFO - [2023-06-21T09:56:27.474+0000] {dag.py:2726} INFO - Sync 1 DAGs
[2023-06-21T09:56:27.497+0000] {logging_mixin.py:149} INFO - [2023-06-21T09:56:27.497+0000] {dag.py:3490} INFO - Setting next_dagrun for example_task_group to 2023-06-20T09:56:27.497361+00:00, run_after=2023-06-21T09:56:27.497361+00:00
[2023-06-21T09:56:27.517+0000] {processor.py:179} INFO - Processing /home/airflow/.local/lib/python3.7/site-packages/airflow/example_dags/example_task_group.py took 0.080 seconds
[2023-06-21T09:56:57.895+0000] {processor.py:157} INFO - Started process (PID=837) to work on /home/airflow/.local/lib/python3.7/site-packages/airflow/example_dags/example_task_group.py
[2023-06-21T09:56:57.896+0000] {processor.py:826} INFO - Processing file /home/airflow/.local/lib/python3.7/site-packages/airflow/example_dags/example_task_group.py for tasks to queue
[2023-06-21T09:56:57.897+0000] {logging_mixin.py:149} INFO - [2023-06-21T09:56:57.897+0000] {dagbag.py:541} INFO - Filling up the DagBag from /home/airflow/.local/lib/python3.7/site-packages/airflow/example_dags/example_task_group.py
[2023-06-21T09:56:57.906+0000] {processor.py:836} INFO - DAG(s) dict_keys(['example_task_group']) retrieved from /home/airflow/.local/lib/python3.7/site-packages/airflow/example_dags/example_task_group.py
[2023-06-21T09:56:57.929+0000] {logging_mixin.py:149} INFO - [2023-06-21T09:56:57.929+0000] {dag.py:2726} INFO - Sync 1 DAGs
[2023-06-21T09:56:57.954+0000] {logging_mixin.py:149} INFO - [2023-06-21T09:56:57.954+0000] {dag.py:3490} INFO - Setting next_dagrun for example_task_group to 2023-06-20T09:56:57.954446+00:00, run_after=2023-06-21T09:56:57.954446+00:00
[2023-06-21T09:56:57.973+0000] {processor.py:179} INFO - Processing /home/airflow/.local/lib/python3.7/site-packages/airflow/example_dags/example_task_group.py took 0.080 seconds
