[2023-06-21T09:50:52.794+0000] {processor.py:157} INFO - Started process (PID=60) to work on /home/airflow/.local/lib/python3.7/site-packages/airflow/example_dags/example_sensors.py
[2023-06-21T09:50:52.795+0000] {processor.py:826} INFO - Processing file /home/airflow/.local/lib/python3.7/site-packages/airflow/example_dags/example_sensors.py for tasks to queue
[2023-06-21T09:50:52.797+0000] {logging_mixin.py:149} INFO - [2023-06-21T09:50:52.796+0000] {dagbag.py:541} INFO - Filling up the DagBag from /home/airflow/.local/lib/python3.7/site-packages/airflow/example_dags/example_sensors.py
[2023-06-21T09:50:52.812+0000] {processor.py:836} INFO - DAG(s) dict_keys(['example_sensors']) retrieved from /home/airflow/.local/lib/python3.7/site-packages/airflow/example_dags/example_sensors.py
[2023-06-21T09:50:52.831+0000] {logging_mixin.py:149} INFO - [2023-06-21T09:50:52.831+0000] {dag.py:2726} INFO - Sync 1 DAGs
[2023-06-21T09:50:52.866+0000] {logging_mixin.py:149} INFO - [2023-06-21T09:50:52.866+0000] {dag.py:3490} INFO - Setting next_dagrun for example_sensors to None, run_after=None
[2023-06-21T09:50:52.897+0000] {processor.py:179} INFO - Processing /home/airflow/.local/lib/python3.7/site-packages/airflow/example_dags/example_sensors.py took 0.108 seconds
[2023-06-21T09:51:23.812+0000] {processor.py:157} INFO - Started process (PID=126) to work on /home/airflow/.local/lib/python3.7/site-packages/airflow/example_dags/example_sensors.py
[2023-06-21T09:51:23.813+0000] {processor.py:826} INFO - Processing file /home/airflow/.local/lib/python3.7/site-packages/airflow/example_dags/example_sensors.py for tasks to queue
[2023-06-21T09:51:23.814+0000] {logging_mixin.py:149} INFO - [2023-06-21T09:51:23.814+0000] {dagbag.py:541} INFO - Filling up the DagBag from /home/airflow/.local/lib/python3.7/site-packages/airflow/example_dags/example_sensors.py
[2023-06-21T09:51:23.827+0000] {processor.py:836} INFO - DAG(s) dict_keys(['example_sensors']) retrieved from /home/airflow/.local/lib/python3.7/site-packages/airflow/example_dags/example_sensors.py
[2023-06-21T09:51:23.839+0000] {logging_mixin.py:149} INFO - [2023-06-21T09:51:23.839+0000] {dag.py:2726} INFO - Sync 1 DAGs
[2023-06-21T09:51:23.869+0000] {logging_mixin.py:149} INFO - [2023-06-21T09:51:23.868+0000] {dag.py:3490} INFO - Setting next_dagrun for example_sensors to None, run_after=None
[2023-06-21T09:51:23.894+0000] {processor.py:179} INFO - Processing /home/airflow/.local/lib/python3.7/site-packages/airflow/example_dags/example_sensors.py took 0.084 seconds
[2023-06-21T09:51:54.226+0000] {processor.py:157} INFO - Started process (PID=192) to work on /home/airflow/.local/lib/python3.7/site-packages/airflow/example_dags/example_sensors.py
[2023-06-21T09:51:54.228+0000] {processor.py:826} INFO - Processing file /home/airflow/.local/lib/python3.7/site-packages/airflow/example_dags/example_sensors.py for tasks to queue
[2023-06-21T09:51:54.229+0000] {logging_mixin.py:149} INFO - [2023-06-21T09:51:54.228+0000] {dagbag.py:541} INFO - Filling up the DagBag from /home/airflow/.local/lib/python3.7/site-packages/airflow/example_dags/example_sensors.py
[2023-06-21T09:51:54.238+0000] {processor.py:836} INFO - DAG(s) dict_keys(['example_sensors']) retrieved from /home/airflow/.local/lib/python3.7/site-packages/airflow/example_dags/example_sensors.py
[2023-06-21T09:51:54.270+0000] {logging_mixin.py:149} INFO - [2023-06-21T09:51:54.270+0000] {dag.py:2726} INFO - Sync 1 DAGs
[2023-06-21T09:51:54.297+0000] {logging_mixin.py:149} INFO - [2023-06-21T09:51:54.297+0000] {dag.py:3490} INFO - Setting next_dagrun for example_sensors to None, run_after=None
[2023-06-21T09:51:54.319+0000] {processor.py:179} INFO - Processing /home/airflow/.local/lib/python3.7/site-packages/airflow/example_dags/example_sensors.py took 0.096 seconds
[2023-06-21T09:52:25.012+0000] {processor.py:157} INFO - Started process (PID=258) to work on /home/airflow/.local/lib/python3.7/site-packages/airflow/example_dags/example_sensors.py
[2023-06-21T09:52:25.014+0000] {processor.py:826} INFO - Processing file /home/airflow/.local/lib/python3.7/site-packages/airflow/example_dags/example_sensors.py for tasks to queue
[2023-06-21T09:52:25.015+0000] {logging_mixin.py:149} INFO - [2023-06-21T09:52:25.015+0000] {dagbag.py:541} INFO - Filling up the DagBag from /home/airflow/.local/lib/python3.7/site-packages/airflow/example_dags/example_sensors.py
[2023-06-21T09:52:25.023+0000] {processor.py:836} INFO - DAG(s) dict_keys(['example_sensors']) retrieved from /home/airflow/.local/lib/python3.7/site-packages/airflow/example_dags/example_sensors.py
[2023-06-21T09:52:25.049+0000] {logging_mixin.py:149} INFO - [2023-06-21T09:52:25.049+0000] {dag.py:2726} INFO - Sync 1 DAGs
[2023-06-21T09:52:25.073+0000] {logging_mixin.py:149} INFO - [2023-06-21T09:52:25.072+0000] {dag.py:3490} INFO - Setting next_dagrun for example_sensors to None, run_after=None
[2023-06-21T09:52:25.095+0000] {processor.py:179} INFO - Processing /home/airflow/.local/lib/python3.7/site-packages/airflow/example_dags/example_sensors.py took 0.085 seconds
[2023-06-21T09:52:55.447+0000] {processor.py:157} INFO - Started process (PID=324) to work on /home/airflow/.local/lib/python3.7/site-packages/airflow/example_dags/example_sensors.py
[2023-06-21T09:52:55.448+0000] {processor.py:826} INFO - Processing file /home/airflow/.local/lib/python3.7/site-packages/airflow/example_dags/example_sensors.py for tasks to queue
[2023-06-21T09:52:55.449+0000] {logging_mixin.py:149} INFO - [2023-06-21T09:52:55.449+0000] {dagbag.py:541} INFO - Filling up the DagBag from /home/airflow/.local/lib/python3.7/site-packages/airflow/example_dags/example_sensors.py
[2023-06-21T09:52:55.463+0000] {processor.py:836} INFO - DAG(s) dict_keys(['example_sensors']) retrieved from /home/airflow/.local/lib/python3.7/site-packages/airflow/example_dags/example_sensors.py
[2023-06-21T09:52:55.491+0000] {logging_mixin.py:149} INFO - [2023-06-21T09:52:55.491+0000] {dag.py:2726} INFO - Sync 1 DAGs
[2023-06-21T09:52:55.515+0000] {logging_mixin.py:149} INFO - [2023-06-21T09:52:55.515+0000] {dag.py:3490} INFO - Setting next_dagrun for example_sensors to None, run_after=None
[2023-06-21T09:52:55.536+0000] {processor.py:179} INFO - Processing /home/airflow/.local/lib/python3.7/site-packages/airflow/example_dags/example_sensors.py took 0.094 seconds
[2023-06-21T09:53:26.068+0000] {processor.py:157} INFO - Started process (PID=390) to work on /home/airflow/.local/lib/python3.7/site-packages/airflow/example_dags/example_sensors.py
[2023-06-21T09:53:26.069+0000] {processor.py:826} INFO - Processing file /home/airflow/.local/lib/python3.7/site-packages/airflow/example_dags/example_sensors.py for tasks to queue
[2023-06-21T09:53:26.070+0000] {logging_mixin.py:149} INFO - [2023-06-21T09:53:26.070+0000] {dagbag.py:541} INFO - Filling up the DagBag from /home/airflow/.local/lib/python3.7/site-packages/airflow/example_dags/example_sensors.py
[2023-06-21T09:53:26.079+0000] {processor.py:836} INFO - DAG(s) dict_keys(['example_sensors']) retrieved from /home/airflow/.local/lib/python3.7/site-packages/airflow/example_dags/example_sensors.py
[2023-06-21T09:53:26.106+0000] {logging_mixin.py:149} INFO - [2023-06-21T09:53:26.106+0000] {dag.py:2726} INFO - Sync 1 DAGs
[2023-06-21T09:53:26.128+0000] {logging_mixin.py:149} INFO - [2023-06-21T09:53:26.128+0000] {dag.py:3490} INFO - Setting next_dagrun for example_sensors to None, run_after=None
[2023-06-21T09:53:26.149+0000] {processor.py:179} INFO - Processing /home/airflow/.local/lib/python3.7/site-packages/airflow/example_dags/example_sensors.py took 0.084 seconds
[2023-06-21T09:53:56.693+0000] {processor.py:157} INFO - Started process (PID=456) to work on /home/airflow/.local/lib/python3.7/site-packages/airflow/example_dags/example_sensors.py
[2023-06-21T09:53:56.694+0000] {processor.py:826} INFO - Processing file /home/airflow/.local/lib/python3.7/site-packages/airflow/example_dags/example_sensors.py for tasks to queue
[2023-06-21T09:53:56.695+0000] {logging_mixin.py:149} INFO - [2023-06-21T09:53:56.695+0000] {dagbag.py:541} INFO - Filling up the DagBag from /home/airflow/.local/lib/python3.7/site-packages/airflow/example_dags/example_sensors.py
[2023-06-21T09:53:56.708+0000] {processor.py:836} INFO - DAG(s) dict_keys(['example_sensors']) retrieved from /home/airflow/.local/lib/python3.7/site-packages/airflow/example_dags/example_sensors.py
[2023-06-21T09:53:56.743+0000] {logging_mixin.py:149} INFO - [2023-06-21T09:53:56.742+0000] {dag.py:2726} INFO - Sync 1 DAGs
[2023-06-21T09:53:56.773+0000] {logging_mixin.py:149} INFO - [2023-06-21T09:53:56.773+0000] {dag.py:3490} INFO - Setting next_dagrun for example_sensors to None, run_after=None
[2023-06-21T09:53:56.797+0000] {processor.py:179} INFO - Processing /home/airflow/.local/lib/python3.7/site-packages/airflow/example_dags/example_sensors.py took 0.108 seconds
[2023-06-21T09:54:27.232+0000] {processor.py:157} INFO - Started process (PID=522) to work on /home/airflow/.local/lib/python3.7/site-packages/airflow/example_dags/example_sensors.py
[2023-06-21T09:54:27.233+0000] {processor.py:826} INFO - Processing file /home/airflow/.local/lib/python3.7/site-packages/airflow/example_dags/example_sensors.py for tasks to queue
[2023-06-21T09:54:27.234+0000] {logging_mixin.py:149} INFO - [2023-06-21T09:54:27.233+0000] {dagbag.py:541} INFO - Filling up the DagBag from /home/airflow/.local/lib/python3.7/site-packages/airflow/example_dags/example_sensors.py
[2023-06-21T09:54:27.242+0000] {processor.py:836} INFO - DAG(s) dict_keys(['example_sensors']) retrieved from /home/airflow/.local/lib/python3.7/site-packages/airflow/example_dags/example_sensors.py
[2023-06-21T09:54:27.268+0000] {logging_mixin.py:149} INFO - [2023-06-21T09:54:27.268+0000] {dag.py:2726} INFO - Sync 1 DAGs
[2023-06-21T09:54:27.291+0000] {logging_mixin.py:149} INFO - [2023-06-21T09:54:27.290+0000] {dag.py:3490} INFO - Setting next_dagrun for example_sensors to None, run_after=None
[2023-06-21T09:54:27.314+0000] {processor.py:179} INFO - Processing /home/airflow/.local/lib/python3.7/site-packages/airflow/example_dags/example_sensors.py took 0.085 seconds
[2023-06-21T09:54:57.825+0000] {processor.py:157} INFO - Started process (PID=588) to work on /home/airflow/.local/lib/python3.7/site-packages/airflow/example_dags/example_sensors.py
[2023-06-21T09:54:57.826+0000] {processor.py:826} INFO - Processing file /home/airflow/.local/lib/python3.7/site-packages/airflow/example_dags/example_sensors.py for tasks to queue
[2023-06-21T09:54:57.827+0000] {logging_mixin.py:149} INFO - [2023-06-21T09:54:57.827+0000] {dagbag.py:541} INFO - Filling up the DagBag from /home/airflow/.local/lib/python3.7/site-packages/airflow/example_dags/example_sensors.py
[2023-06-21T09:54:57.836+0000] {processor.py:836} INFO - DAG(s) dict_keys(['example_sensors']) retrieved from /home/airflow/.local/lib/python3.7/site-packages/airflow/example_dags/example_sensors.py
[2023-06-21T09:54:57.866+0000] {logging_mixin.py:149} INFO - [2023-06-21T09:54:57.866+0000] {dag.py:2726} INFO - Sync 1 DAGs
[2023-06-21T09:54:57.890+0000] {logging_mixin.py:149} INFO - [2023-06-21T09:54:57.889+0000] {dag.py:3490} INFO - Setting next_dagrun for example_sensors to None, run_after=None
[2023-06-21T09:54:57.910+0000] {processor.py:179} INFO - Processing /home/airflow/.local/lib/python3.7/site-packages/airflow/example_dags/example_sensors.py took 0.089 seconds
[2023-06-21T09:55:28.363+0000] {processor.py:157} INFO - Started process (PID=654) to work on /home/airflow/.local/lib/python3.7/site-packages/airflow/example_dags/example_sensors.py
[2023-06-21T09:55:28.364+0000] {processor.py:826} INFO - Processing file /home/airflow/.local/lib/python3.7/site-packages/airflow/example_dags/example_sensors.py for tasks to queue
[2023-06-21T09:55:28.365+0000] {logging_mixin.py:149} INFO - [2023-06-21T09:55:28.365+0000] {dagbag.py:541} INFO - Filling up the DagBag from /home/airflow/.local/lib/python3.7/site-packages/airflow/example_dags/example_sensors.py
[2023-06-21T09:55:28.375+0000] {processor.py:836} INFO - DAG(s) dict_keys(['example_sensors']) retrieved from /home/airflow/.local/lib/python3.7/site-packages/airflow/example_dags/example_sensors.py
[2023-06-21T09:55:28.407+0000] {logging_mixin.py:149} INFO - [2023-06-21T09:55:28.407+0000] {dag.py:2726} INFO - Sync 1 DAGs
[2023-06-21T09:55:28.442+0000] {logging_mixin.py:149} INFO - [2023-06-21T09:55:28.442+0000] {dag.py:3490} INFO - Setting next_dagrun for example_sensors to None, run_after=None
[2023-06-21T09:55:28.466+0000] {processor.py:179} INFO - Processing /home/airflow/.local/lib/python3.7/site-packages/airflow/example_dags/example_sensors.py took 0.106 seconds
[2023-06-21T09:55:58.950+0000] {processor.py:157} INFO - Started process (PID=720) to work on /home/airflow/.local/lib/python3.7/site-packages/airflow/example_dags/example_sensors.py
[2023-06-21T09:55:58.951+0000] {processor.py:826} INFO - Processing file /home/airflow/.local/lib/python3.7/site-packages/airflow/example_dags/example_sensors.py for tasks to queue
[2023-06-21T09:55:58.952+0000] {logging_mixin.py:149} INFO - [2023-06-21T09:55:58.952+0000] {dagbag.py:541} INFO - Filling up the DagBag from /home/airflow/.local/lib/python3.7/site-packages/airflow/example_dags/example_sensors.py
[2023-06-21T09:55:58.961+0000] {processor.py:836} INFO - DAG(s) dict_keys(['example_sensors']) retrieved from /home/airflow/.local/lib/python3.7/site-packages/airflow/example_dags/example_sensors.py
[2023-06-21T09:55:58.988+0000] {logging_mixin.py:149} INFO - [2023-06-21T09:55:58.988+0000] {dag.py:2726} INFO - Sync 1 DAGs
[2023-06-21T09:55:59.011+0000] {logging_mixin.py:149} INFO - [2023-06-21T09:55:59.011+0000] {dag.py:3490} INFO - Setting next_dagrun for example_sensors to None, run_after=None
[2023-06-21T09:55:59.034+0000] {processor.py:179} INFO - Processing /home/airflow/.local/lib/python3.7/site-packages/airflow/example_dags/example_sensors.py took 0.086 seconds
[2023-06-21T09:56:29.326+0000] {processor.py:157} INFO - Started process (PID=786) to work on /home/airflow/.local/lib/python3.7/site-packages/airflow/example_dags/example_sensors.py
[2023-06-21T09:56:29.328+0000] {processor.py:826} INFO - Processing file /home/airflow/.local/lib/python3.7/site-packages/airflow/example_dags/example_sensors.py for tasks to queue
[2023-06-21T09:56:29.329+0000] {logging_mixin.py:149} INFO - [2023-06-21T09:56:29.329+0000] {dagbag.py:541} INFO - Filling up the DagBag from /home/airflow/.local/lib/python3.7/site-packages/airflow/example_dags/example_sensors.py
[2023-06-21T09:56:29.339+0000] {processor.py:836} INFO - DAG(s) dict_keys(['example_sensors']) retrieved from /home/airflow/.local/lib/python3.7/site-packages/airflow/example_dags/example_sensors.py
[2023-06-21T09:56:29.367+0000] {logging_mixin.py:149} INFO - [2023-06-21T09:56:29.367+0000] {dag.py:2726} INFO - Sync 1 DAGs
[2023-06-21T09:56:29.390+0000] {logging_mixin.py:149} INFO - [2023-06-21T09:56:29.390+0000] {dag.py:3490} INFO - Setting next_dagrun for example_sensors to None, run_after=None
[2023-06-21T09:56:29.410+0000] {processor.py:179} INFO - Processing /home/airflow/.local/lib/python3.7/site-packages/airflow/example_dags/example_sensors.py took 0.087 seconds
[2023-06-21T09:57:00.015+0000] {processor.py:157} INFO - Started process (PID=852) to work on /home/airflow/.local/lib/python3.7/site-packages/airflow/example_dags/example_sensors.py
[2023-06-21T09:57:00.016+0000] {processor.py:826} INFO - Processing file /home/airflow/.local/lib/python3.7/site-packages/airflow/example_dags/example_sensors.py for tasks to queue
[2023-06-21T09:57:00.017+0000] {logging_mixin.py:149} INFO - [2023-06-21T09:57:00.017+0000] {dagbag.py:541} INFO - Filling up the DagBag from /home/airflow/.local/lib/python3.7/site-packages/airflow/example_dags/example_sensors.py
[2023-06-21T09:57:00.027+0000] {processor.py:836} INFO - DAG(s) dict_keys(['example_sensors']) retrieved from /home/airflow/.local/lib/python3.7/site-packages/airflow/example_dags/example_sensors.py
[2023-06-21T09:57:00.054+0000] {logging_mixin.py:149} INFO - [2023-06-21T09:57:00.054+0000] {dag.py:2726} INFO - Sync 1 DAGs
[2023-06-21T09:57:00.078+0000] {logging_mixin.py:149} INFO - [2023-06-21T09:57:00.078+0000] {dag.py:3490} INFO - Setting next_dagrun for example_sensors to None, run_after=None
[2023-06-21T09:57:00.097+0000] {processor.py:179} INFO - Processing /home/airflow/.local/lib/python3.7/site-packages/airflow/example_dags/example_sensors.py took 0.084 seconds
