[2023-06-21T09:50:51.058+0000] {processor.py:157} INFO - Started process (PID=36) to work on /home/airflow/.local/lib/python3.7/site-packages/airflow/example_dags/example_skip_dag.py
[2023-06-21T09:50:51.060+0000] {processor.py:826} INFO - Processing file /home/airflow/.local/lib/python3.7/site-packages/airflow/example_dags/example_skip_dag.py for tasks to queue
[2023-06-21T09:50:51.061+0000] {logging_mixin.py:149} INFO - [2023-06-21T09:50:51.061+0000] {dagbag.py:541} INFO - Filling up the DagBag from /home/airflow/.local/lib/python3.7/site-packages/airflow/example_dags/example_skip_dag.py
[2023-06-21T09:50:51.084+0000] {processor.py:836} INFO - DAG(s) dict_keys(['example_skip_dag']) retrieved from /home/airflow/.local/lib/python3.7/site-packages/airflow/example_dags/example_skip_dag.py
[2023-06-21T09:50:51.125+0000] {logging_mixin.py:149} INFO - [2023-06-21T09:50:51.125+0000] {dag.py:2726} INFO - Sync 1 DAGs
[2023-06-21T09:50:51.176+0000] {logging_mixin.py:149} INFO - [2023-06-21T09:50:51.175+0000] {dag.py:3490} INFO - Setting next_dagrun for example_skip_dag to 2023-06-20T09:50:51.175598+00:00, run_after=2023-06-21T09:50:51.175598+00:00
[2023-06-21T09:50:51.208+0000] {processor.py:179} INFO - Processing /home/airflow/.local/lib/python3.7/site-packages/airflow/example_dags/example_skip_dag.py took 0.152 seconds
[2023-06-21T09:51:21.338+0000] {processor.py:157} INFO - Started process (PID=102) to work on /home/airflow/.local/lib/python3.7/site-packages/airflow/example_dags/example_skip_dag.py
[2023-06-21T09:51:21.339+0000] {processor.py:826} INFO - Processing file /home/airflow/.local/lib/python3.7/site-packages/airflow/example_dags/example_skip_dag.py for tasks to queue
[2023-06-21T09:51:21.340+0000] {logging_mixin.py:149} INFO - [2023-06-21T09:51:21.340+0000] {dagbag.py:541} INFO - Filling up the DagBag from /home/airflow/.local/lib/python3.7/site-packages/airflow/example_dags/example_skip_dag.py
[2023-06-21T09:51:21.347+0000] {processor.py:836} INFO - DAG(s) dict_keys(['example_skip_dag']) retrieved from /home/airflow/.local/lib/python3.7/site-packages/airflow/example_dags/example_skip_dag.py
[2023-06-21T09:51:21.360+0000] {logging_mixin.py:149} INFO - [2023-06-21T09:51:21.359+0000] {dag.py:2726} INFO - Sync 1 DAGs
[2023-06-21T09:51:21.387+0000] {logging_mixin.py:149} INFO - [2023-06-21T09:51:21.386+0000] {dag.py:3490} INFO - Setting next_dagrun for example_skip_dag to 2023-06-20T09:51:21.386661+00:00, run_after=2023-06-21T09:51:21.386661+00:00
[2023-06-21T09:51:21.407+0000] {processor.py:179} INFO - Processing /home/airflow/.local/lib/python3.7/site-packages/airflow/example_dags/example_skip_dag.py took 0.072 seconds
[2023-06-21T09:51:51.674+0000] {processor.py:157} INFO - Started process (PID=168) to work on /home/airflow/.local/lib/python3.7/site-packages/airflow/example_dags/example_skip_dag.py
[2023-06-21T09:51:51.676+0000] {processor.py:826} INFO - Processing file /home/airflow/.local/lib/python3.7/site-packages/airflow/example_dags/example_skip_dag.py for tasks to queue
[2023-06-21T09:51:51.677+0000] {logging_mixin.py:149} INFO - [2023-06-21T09:51:51.677+0000] {dagbag.py:541} INFO - Filling up the DagBag from /home/airflow/.local/lib/python3.7/site-packages/airflow/example_dags/example_skip_dag.py
[2023-06-21T09:51:51.684+0000] {processor.py:836} INFO - DAG(s) dict_keys(['example_skip_dag']) retrieved from /home/airflow/.local/lib/python3.7/site-packages/airflow/example_dags/example_skip_dag.py
[2023-06-21T09:51:51.706+0000] {logging_mixin.py:149} INFO - [2023-06-21T09:51:51.706+0000] {dag.py:2726} INFO - Sync 1 DAGs
[2023-06-21T09:51:51.731+0000] {logging_mixin.py:149} INFO - [2023-06-21T09:51:51.730+0000] {dag.py:3490} INFO - Setting next_dagrun for example_skip_dag to 2023-06-20T09:51:51.730645+00:00, run_after=2023-06-21T09:51:51.730645+00:00
[2023-06-21T09:51:51.752+0000] {processor.py:179} INFO - Processing /home/airflow/.local/lib/python3.7/site-packages/airflow/example_dags/example_skip_dag.py took 0.081 seconds
[2023-06-21T09:52:22.585+0000] {processor.py:157} INFO - Started process (PID=234) to work on /home/airflow/.local/lib/python3.7/site-packages/airflow/example_dags/example_skip_dag.py
[2023-06-21T09:52:22.586+0000] {processor.py:826} INFO - Processing file /home/airflow/.local/lib/python3.7/site-packages/airflow/example_dags/example_skip_dag.py for tasks to queue
[2023-06-21T09:52:22.587+0000] {logging_mixin.py:149} INFO - [2023-06-21T09:52:22.587+0000] {dagbag.py:541} INFO - Filling up the DagBag from /home/airflow/.local/lib/python3.7/site-packages/airflow/example_dags/example_skip_dag.py
[2023-06-21T09:52:22.594+0000] {processor.py:836} INFO - DAG(s) dict_keys(['example_skip_dag']) retrieved from /home/airflow/.local/lib/python3.7/site-packages/airflow/example_dags/example_skip_dag.py
[2023-06-21T09:52:22.617+0000] {logging_mixin.py:149} INFO - [2023-06-21T09:52:22.616+0000] {dag.py:2726} INFO - Sync 1 DAGs
[2023-06-21T09:52:22.649+0000] {logging_mixin.py:149} INFO - [2023-06-21T09:52:22.649+0000] {dag.py:3490} INFO - Setting next_dagrun for example_skip_dag to 2023-06-20T09:52:22.648796+00:00, run_after=2023-06-21T09:52:22.648796+00:00
[2023-06-21T09:52:22.671+0000] {processor.py:179} INFO - Processing /home/airflow/.local/lib/python3.7/site-packages/airflow/example_dags/example_skip_dag.py took 0.088 seconds
[2023-06-21T09:52:53.008+0000] {processor.py:157} INFO - Started process (PID=300) to work on /home/airflow/.local/lib/python3.7/site-packages/airflow/example_dags/example_skip_dag.py
[2023-06-21T09:52:53.008+0000] {processor.py:826} INFO - Processing file /home/airflow/.local/lib/python3.7/site-packages/airflow/example_dags/example_skip_dag.py for tasks to queue
[2023-06-21T09:52:53.009+0000] {logging_mixin.py:149} INFO - [2023-06-21T09:52:53.009+0000] {dagbag.py:541} INFO - Filling up the DagBag from /home/airflow/.local/lib/python3.7/site-packages/airflow/example_dags/example_skip_dag.py
[2023-06-21T09:52:53.015+0000] {processor.py:836} INFO - DAG(s) dict_keys(['example_skip_dag']) retrieved from /home/airflow/.local/lib/python3.7/site-packages/airflow/example_dags/example_skip_dag.py
[2023-06-21T09:52:53.039+0000] {logging_mixin.py:149} INFO - [2023-06-21T09:52:53.038+0000] {dag.py:2726} INFO - Sync 1 DAGs
[2023-06-21T09:52:53.062+0000] {logging_mixin.py:149} INFO - [2023-06-21T09:52:53.062+0000] {dag.py:3490} INFO - Setting next_dagrun for example_skip_dag to 2023-06-20T09:52:53.062611+00:00, run_after=2023-06-21T09:52:53.062611+00:00
[2023-06-21T09:52:53.081+0000] {processor.py:179} INFO - Processing /home/airflow/.local/lib/python3.7/site-packages/airflow/example_dags/example_skip_dag.py took 0.076 seconds
[2023-06-21T09:53:23.403+0000] {processor.py:157} INFO - Started process (PID=365) to work on /home/airflow/.local/lib/python3.7/site-packages/airflow/example_dags/example_skip_dag.py
[2023-06-21T09:53:23.404+0000] {processor.py:826} INFO - Processing file /home/airflow/.local/lib/python3.7/site-packages/airflow/example_dags/example_skip_dag.py for tasks to queue
[2023-06-21T09:53:23.405+0000] {logging_mixin.py:149} INFO - [2023-06-21T09:53:23.405+0000] {dagbag.py:541} INFO - Filling up the DagBag from /home/airflow/.local/lib/python3.7/site-packages/airflow/example_dags/example_skip_dag.py
[2023-06-21T09:53:23.412+0000] {processor.py:836} INFO - DAG(s) dict_keys(['example_skip_dag']) retrieved from /home/airflow/.local/lib/python3.7/site-packages/airflow/example_dags/example_skip_dag.py
[2023-06-21T09:53:23.436+0000] {logging_mixin.py:149} INFO - [2023-06-21T09:53:23.436+0000] {dag.py:2726} INFO - Sync 1 DAGs
[2023-06-21T09:53:23.460+0000] {logging_mixin.py:149} INFO - [2023-06-21T09:53:23.460+0000] {dag.py:3490} INFO - Setting next_dagrun for example_skip_dag to 2023-06-20T09:53:23.459944+00:00, run_after=2023-06-21T09:53:23.459944+00:00
[2023-06-21T09:53:23.479+0000] {processor.py:179} INFO - Processing /home/airflow/.local/lib/python3.7/site-packages/airflow/example_dags/example_skip_dag.py took 0.078 seconds
[2023-06-21T09:53:54.146+0000] {processor.py:157} INFO - Started process (PID=432) to work on /home/airflow/.local/lib/python3.7/site-packages/airflow/example_dags/example_skip_dag.py
[2023-06-21T09:53:54.147+0000] {processor.py:826} INFO - Processing file /home/airflow/.local/lib/python3.7/site-packages/airflow/example_dags/example_skip_dag.py for tasks to queue
[2023-06-21T09:53:54.148+0000] {logging_mixin.py:149} INFO - [2023-06-21T09:53:54.147+0000] {dagbag.py:541} INFO - Filling up the DagBag from /home/airflow/.local/lib/python3.7/site-packages/airflow/example_dags/example_skip_dag.py
[2023-06-21T09:53:54.154+0000] {processor.py:836} INFO - DAG(s) dict_keys(['example_skip_dag']) retrieved from /home/airflow/.local/lib/python3.7/site-packages/airflow/example_dags/example_skip_dag.py
[2023-06-21T09:53:54.178+0000] {logging_mixin.py:149} INFO - [2023-06-21T09:53:54.177+0000] {dag.py:2726} INFO - Sync 1 DAGs
[2023-06-21T09:53:54.202+0000] {logging_mixin.py:149} INFO - [2023-06-21T09:53:54.202+0000] {dag.py:3490} INFO - Setting next_dagrun for example_skip_dag to 2023-06-20T09:53:54.201909+00:00, run_after=2023-06-21T09:53:54.201909+00:00
[2023-06-21T09:53:54.222+0000] {processor.py:179} INFO - Processing /home/airflow/.local/lib/python3.7/site-packages/airflow/example_dags/example_skip_dag.py took 0.080 seconds
[2023-06-21T09:54:24.804+0000] {processor.py:157} INFO - Started process (PID=498) to work on /home/airflow/.local/lib/python3.7/site-packages/airflow/example_dags/example_skip_dag.py
[2023-06-21T09:54:24.805+0000] {processor.py:826} INFO - Processing file /home/airflow/.local/lib/python3.7/site-packages/airflow/example_dags/example_skip_dag.py for tasks to queue
[2023-06-21T09:54:24.806+0000] {logging_mixin.py:149} INFO - [2023-06-21T09:54:24.806+0000] {dagbag.py:541} INFO - Filling up the DagBag from /home/airflow/.local/lib/python3.7/site-packages/airflow/example_dags/example_skip_dag.py
[2023-06-21T09:54:24.816+0000] {processor.py:836} INFO - DAG(s) dict_keys(['example_skip_dag']) retrieved from /home/airflow/.local/lib/python3.7/site-packages/airflow/example_dags/example_skip_dag.py
[2023-06-21T09:54:24.843+0000] {logging_mixin.py:149} INFO - [2023-06-21T09:54:24.842+0000] {dag.py:2726} INFO - Sync 1 DAGs
[2023-06-21T09:54:24.872+0000] {logging_mixin.py:149} INFO - [2023-06-21T09:54:24.872+0000] {dag.py:3490} INFO - Setting next_dagrun for example_skip_dag to 2023-06-20T09:54:24.871945+00:00, run_after=2023-06-21T09:54:24.871945+00:00
[2023-06-21T09:54:24.898+0000] {processor.py:179} INFO - Processing /home/airflow/.local/lib/python3.7/site-packages/airflow/example_dags/example_skip_dag.py took 0.098 seconds
[2023-06-21T09:54:55.205+0000] {processor.py:157} INFO - Started process (PID=564) to work on /home/airflow/.local/lib/python3.7/site-packages/airflow/example_dags/example_skip_dag.py
[2023-06-21T09:54:55.206+0000] {processor.py:826} INFO - Processing file /home/airflow/.local/lib/python3.7/site-packages/airflow/example_dags/example_skip_dag.py for tasks to queue
[2023-06-21T09:54:55.207+0000] {logging_mixin.py:149} INFO - [2023-06-21T09:54:55.207+0000] {dagbag.py:541} INFO - Filling up the DagBag from /home/airflow/.local/lib/python3.7/site-packages/airflow/example_dags/example_skip_dag.py
[2023-06-21T09:54:55.215+0000] {processor.py:836} INFO - DAG(s) dict_keys(['example_skip_dag']) retrieved from /home/airflow/.local/lib/python3.7/site-packages/airflow/example_dags/example_skip_dag.py
[2023-06-21T09:54:55.239+0000] {logging_mixin.py:149} INFO - [2023-06-21T09:54:55.239+0000] {dag.py:2726} INFO - Sync 1 DAGs
[2023-06-21T09:54:55.264+0000] {logging_mixin.py:149} INFO - [2023-06-21T09:54:55.264+0000] {dag.py:3490} INFO - Setting next_dagrun for example_skip_dag to 2023-06-20T09:54:55.263886+00:00, run_after=2023-06-21T09:54:55.263886+00:00
[2023-06-21T09:54:55.283+0000] {processor.py:179} INFO - Processing /home/airflow/.local/lib/python3.7/site-packages/airflow/example_dags/example_skip_dag.py took 0.081 seconds
[2023-06-21T09:55:25.934+0000] {processor.py:157} INFO - Started process (PID=630) to work on /home/airflow/.local/lib/python3.7/site-packages/airflow/example_dags/example_skip_dag.py
[2023-06-21T09:55:25.936+0000] {processor.py:826} INFO - Processing file /home/airflow/.local/lib/python3.7/site-packages/airflow/example_dags/example_skip_dag.py for tasks to queue
[2023-06-21T09:55:25.937+0000] {logging_mixin.py:149} INFO - [2023-06-21T09:55:25.936+0000] {dagbag.py:541} INFO - Filling up the DagBag from /home/airflow/.local/lib/python3.7/site-packages/airflow/example_dags/example_skip_dag.py
[2023-06-21T09:55:25.943+0000] {processor.py:836} INFO - DAG(s) dict_keys(['example_skip_dag']) retrieved from /home/airflow/.local/lib/python3.7/site-packages/airflow/example_dags/example_skip_dag.py
[2023-06-21T09:55:25.969+0000] {logging_mixin.py:149} INFO - [2023-06-21T09:55:25.968+0000] {dag.py:2726} INFO - Sync 1 DAGs
[2023-06-21T09:55:25.994+0000] {logging_mixin.py:149} INFO - [2023-06-21T09:55:25.994+0000] {dag.py:3490} INFO - Setting next_dagrun for example_skip_dag to 2023-06-20T09:55:25.994261+00:00, run_after=2023-06-21T09:55:25.994261+00:00
[2023-06-21T09:55:26.014+0000] {processor.py:179} INFO - Processing /home/airflow/.local/lib/python3.7/site-packages/airflow/example_dags/example_skip_dag.py took 0.082 seconds
[2023-06-21T09:55:56.500+0000] {processor.py:157} INFO - Started process (PID=696) to work on /home/airflow/.local/lib/python3.7/site-packages/airflow/example_dags/example_skip_dag.py
[2023-06-21T09:55:56.501+0000] {processor.py:826} INFO - Processing file /home/airflow/.local/lib/python3.7/site-packages/airflow/example_dags/example_skip_dag.py for tasks to queue
[2023-06-21T09:55:56.502+0000] {logging_mixin.py:149} INFO - [2023-06-21T09:55:56.501+0000] {dagbag.py:541} INFO - Filling up the DagBag from /home/airflow/.local/lib/python3.7/site-packages/airflow/example_dags/example_skip_dag.py
[2023-06-21T09:55:56.508+0000] {processor.py:836} INFO - DAG(s) dict_keys(['example_skip_dag']) retrieved from /home/airflow/.local/lib/python3.7/site-packages/airflow/example_dags/example_skip_dag.py
[2023-06-21T09:55:56.531+0000] {logging_mixin.py:149} INFO - [2023-06-21T09:55:56.531+0000] {dag.py:2726} INFO - Sync 1 DAGs
[2023-06-21T09:55:56.557+0000] {logging_mixin.py:149} INFO - [2023-06-21T09:55:56.556+0000] {dag.py:3490} INFO - Setting next_dagrun for example_skip_dag to 2023-06-20T09:55:56.556698+00:00, run_after=2023-06-21T09:55:56.556698+00:00
[2023-06-21T09:55:56.579+0000] {processor.py:179} INFO - Processing /home/airflow/.local/lib/python3.7/site-packages/airflow/example_dags/example_skip_dag.py took 0.082 seconds
[2023-06-21T09:56:26.865+0000] {processor.py:157} INFO - Started process (PID=762) to work on /home/airflow/.local/lib/python3.7/site-packages/airflow/example_dags/example_skip_dag.py
[2023-06-21T09:56:26.866+0000] {processor.py:826} INFO - Processing file /home/airflow/.local/lib/python3.7/site-packages/airflow/example_dags/example_skip_dag.py for tasks to queue
[2023-06-21T09:56:26.867+0000] {logging_mixin.py:149} INFO - [2023-06-21T09:56:26.867+0000] {dagbag.py:541} INFO - Filling up the DagBag from /home/airflow/.local/lib/python3.7/site-packages/airflow/example_dags/example_skip_dag.py
[2023-06-21T09:56:26.874+0000] {processor.py:836} INFO - DAG(s) dict_keys(['example_skip_dag']) retrieved from /home/airflow/.local/lib/python3.7/site-packages/airflow/example_dags/example_skip_dag.py
[2023-06-21T09:56:26.897+0000] {logging_mixin.py:149} INFO - [2023-06-21T09:56:26.897+0000] {dag.py:2726} INFO - Sync 1 DAGs
[2023-06-21T09:56:26.921+0000] {logging_mixin.py:149} INFO - [2023-06-21T09:56:26.921+0000] {dag.py:3490} INFO - Setting next_dagrun for example_skip_dag to 2023-06-20T09:56:26.921140+00:00, run_after=2023-06-21T09:56:26.921140+00:00
[2023-06-21T09:56:26.942+0000] {processor.py:179} INFO - Processing /home/airflow/.local/lib/python3.7/site-packages/airflow/example_dags/example_skip_dag.py took 0.080 seconds
[2023-06-21T09:56:57.196+0000] {processor.py:157} INFO - Started process (PID=828) to work on /home/airflow/.local/lib/python3.7/site-packages/airflow/example_dags/example_skip_dag.py
[2023-06-21T09:56:57.197+0000] {processor.py:826} INFO - Processing file /home/airflow/.local/lib/python3.7/site-packages/airflow/example_dags/example_skip_dag.py for tasks to queue
[2023-06-21T09:56:57.198+0000] {logging_mixin.py:149} INFO - [2023-06-21T09:56:57.198+0000] {dagbag.py:541} INFO - Filling up the DagBag from /home/airflow/.local/lib/python3.7/site-packages/airflow/example_dags/example_skip_dag.py
[2023-06-21T09:56:57.205+0000] {processor.py:836} INFO - DAG(s) dict_keys(['example_skip_dag']) retrieved from /home/airflow/.local/lib/python3.7/site-packages/airflow/example_dags/example_skip_dag.py
[2023-06-21T09:56:57.229+0000] {logging_mixin.py:149} INFO - [2023-06-21T09:56:57.229+0000] {dag.py:2726} INFO - Sync 1 DAGs
[2023-06-21T09:56:57.253+0000] {logging_mixin.py:149} INFO - [2023-06-21T09:56:57.252+0000] {dag.py:3490} INFO - Setting next_dagrun for example_skip_dag to 2023-06-20T09:56:57.252726+00:00, run_after=2023-06-21T09:56:57.252726+00:00
[2023-06-21T09:56:57.272+0000] {processor.py:179} INFO - Processing /home/airflow/.local/lib/python3.7/site-packages/airflow/example_dags/example_skip_dag.py took 0.079 seconds
