[2023-06-21T09:50:51.320+0000] {processor.py:157} INFO - Started process (PID=39) to work on /home/airflow/.local/lib/python3.7/site-packages/airflow/example_dags/example_dag_decorator.py
[2023-06-21T09:50:51.322+0000] {processor.py:826} INFO - Processing file /home/airflow/.local/lib/python3.7/site-packages/airflow/example_dags/example_dag_decorator.py for tasks to queue
[2023-06-21T09:50:51.323+0000] {logging_mixin.py:149} INFO - [2023-06-21T09:50:51.323+0000] {dagbag.py:541} INFO - Filling up the DagBag from /home/airflow/.local/lib/python3.7/site-packages/airflow/example_dags/example_dag_decorator.py
[2023-06-21T09:50:51.330+0000] {logging_mixin.py:149} INFO - [2023-06-21T09:50:51.330+0000] {taskmixin.py:211} WARNING - Dependency <Task(_PythonDecoratedOperator): prepare_email>, send_email already registered for DAG: example_dag_decorator
[2023-06-21T09:50:51.331+0000] {logging_mixin.py:149} INFO - [2023-06-21T09:50:51.331+0000] {taskmixin.py:211} WARNING - Dependency <Task(EmailOperator): send_email>, prepare_email already registered for DAG: example_dag_decorator
[2023-06-21T09:50:51.342+0000] {processor.py:836} INFO - DAG(s) dict_keys(['example_dag_decorator']) retrieved from /home/airflow/.local/lib/python3.7/site-packages/airflow/example_dags/example_dag_decorator.py
[2023-06-21T09:50:51.354+0000] {logging_mixin.py:149} INFO - [2023-06-21T09:50:51.354+0000] {dag.py:2726} INFO - Sync 1 DAGs
[2023-06-21T09:50:51.384+0000] {logging_mixin.py:149} INFO - [2023-06-21T09:50:51.384+0000] {dag.py:3490} INFO - Setting next_dagrun for example_dag_decorator to None, run_after=None
[2023-06-21T09:50:51.408+0000] {processor.py:179} INFO - Processing /home/airflow/.local/lib/python3.7/site-packages/airflow/example_dags/example_dag_decorator.py took 0.091 seconds
[2023-06-21T09:51:21.595+0000] {processor.py:157} INFO - Started process (PID=105) to work on /home/airflow/.local/lib/python3.7/site-packages/airflow/example_dags/example_dag_decorator.py
[2023-06-21T09:51:21.596+0000] {processor.py:826} INFO - Processing file /home/airflow/.local/lib/python3.7/site-packages/airflow/example_dags/example_dag_decorator.py for tasks to queue
[2023-06-21T09:51:21.597+0000] {logging_mixin.py:149} INFO - [2023-06-21T09:51:21.597+0000] {dagbag.py:541} INFO - Filling up the DagBag from /home/airflow/.local/lib/python3.7/site-packages/airflow/example_dags/example_dag_decorator.py
[2023-06-21T09:51:21.604+0000] {logging_mixin.py:149} INFO - [2023-06-21T09:51:21.604+0000] {taskmixin.py:211} WARNING - Dependency <Task(_PythonDecoratedOperator): prepare_email>, send_email already registered for DAG: example_dag_decorator
[2023-06-21T09:51:21.605+0000] {logging_mixin.py:149} INFO - [2023-06-21T09:51:21.605+0000] {taskmixin.py:211} WARNING - Dependency <Task(EmailOperator): send_email>, prepare_email already registered for DAG: example_dag_decorator
[2023-06-21T09:51:21.614+0000] {processor.py:836} INFO - DAG(s) dict_keys(['example_dag_decorator']) retrieved from /home/airflow/.local/lib/python3.7/site-packages/airflow/example_dags/example_dag_decorator.py
[2023-06-21T09:51:21.628+0000] {logging_mixin.py:149} INFO - [2023-06-21T09:51:21.628+0000] {dag.py:2726} INFO - Sync 1 DAGs
[2023-06-21T09:51:21.654+0000] {logging_mixin.py:149} INFO - [2023-06-21T09:51:21.654+0000] {dag.py:3490} INFO - Setting next_dagrun for example_dag_decorator to None, run_after=None
[2023-06-21T09:51:21.675+0000] {processor.py:179} INFO - Processing /home/airflow/.local/lib/python3.7/site-packages/airflow/example_dags/example_dag_decorator.py took 0.084 seconds
[2023-06-21T09:51:51.867+0000] {processor.py:157} INFO - Started process (PID=171) to work on /home/airflow/.local/lib/python3.7/site-packages/airflow/example_dags/example_dag_decorator.py
[2023-06-21T09:51:51.868+0000] {processor.py:826} INFO - Processing file /home/airflow/.local/lib/python3.7/site-packages/airflow/example_dags/example_dag_decorator.py for tasks to queue
[2023-06-21T09:51:51.869+0000] {logging_mixin.py:149} INFO - [2023-06-21T09:51:51.869+0000] {dagbag.py:541} INFO - Filling up the DagBag from /home/airflow/.local/lib/python3.7/site-packages/airflow/example_dags/example_dag_decorator.py
[2023-06-21T09:51:51.875+0000] {logging_mixin.py:149} INFO - [2023-06-21T09:51:51.875+0000] {taskmixin.py:211} WARNING - Dependency <Task(_PythonDecoratedOperator): prepare_email>, send_email already registered for DAG: example_dag_decorator
[2023-06-21T09:51:51.876+0000] {logging_mixin.py:149} INFO - [2023-06-21T09:51:51.875+0000] {taskmixin.py:211} WARNING - Dependency <Task(EmailOperator): send_email>, prepare_email already registered for DAG: example_dag_decorator
[2023-06-21T09:51:51.885+0000] {processor.py:836} INFO - DAG(s) dict_keys(['example_dag_decorator']) retrieved from /home/airflow/.local/lib/python3.7/site-packages/airflow/example_dags/example_dag_decorator.py
[2023-06-21T09:51:51.966+0000] {logging_mixin.py:149} INFO - [2023-06-21T09:51:51.966+0000] {dag.py:2726} INFO - Sync 1 DAGs
[2023-06-21T09:51:51.993+0000] {logging_mixin.py:149} INFO - [2023-06-21T09:51:51.992+0000] {dag.py:3490} INFO - Setting next_dagrun for example_dag_decorator to None, run_after=None
[2023-06-21T09:51:52.015+0000] {processor.py:179} INFO - Processing /home/airflow/.local/lib/python3.7/site-packages/airflow/example_dags/example_dag_decorator.py took 0.152 seconds
[2023-06-21T09:52:22.787+0000] {processor.py:157} INFO - Started process (PID=237) to work on /home/airflow/.local/lib/python3.7/site-packages/airflow/example_dags/example_dag_decorator.py
[2023-06-21T09:52:22.789+0000] {processor.py:826} INFO - Processing file /home/airflow/.local/lib/python3.7/site-packages/airflow/example_dags/example_dag_decorator.py for tasks to queue
[2023-06-21T09:52:22.790+0000] {logging_mixin.py:149} INFO - [2023-06-21T09:52:22.790+0000] {dagbag.py:541} INFO - Filling up the DagBag from /home/airflow/.local/lib/python3.7/site-packages/airflow/example_dags/example_dag_decorator.py
[2023-06-21T09:52:22.797+0000] {logging_mixin.py:149} INFO - [2023-06-21T09:52:22.796+0000] {taskmixin.py:211} WARNING - Dependency <Task(_PythonDecoratedOperator): prepare_email>, send_email already registered for DAG: example_dag_decorator
[2023-06-21T09:52:22.797+0000] {logging_mixin.py:149} INFO - [2023-06-21T09:52:22.797+0000] {taskmixin.py:211} WARNING - Dependency <Task(EmailOperator): send_email>, prepare_email already registered for DAG: example_dag_decorator
[2023-06-21T09:52:22.805+0000] {processor.py:836} INFO - DAG(s) dict_keys(['example_dag_decorator']) retrieved from /home/airflow/.local/lib/python3.7/site-packages/airflow/example_dags/example_dag_decorator.py
[2023-06-21T09:52:22.879+0000] {logging_mixin.py:149} INFO - [2023-06-21T09:52:22.879+0000] {dag.py:2726} INFO - Sync 1 DAGs
[2023-06-21T09:52:22.905+0000] {logging_mixin.py:149} INFO - [2023-06-21T09:52:22.905+0000] {dag.py:3490} INFO - Setting next_dagrun for example_dag_decorator to None, run_after=None
[2023-06-21T09:52:22.930+0000] {processor.py:179} INFO - Processing /home/airflow/.local/lib/python3.7/site-packages/airflow/example_dags/example_dag_decorator.py took 0.146 seconds
[2023-06-21T09:52:53.210+0000] {processor.py:157} INFO - Started process (PID=303) to work on /home/airflow/.local/lib/python3.7/site-packages/airflow/example_dags/example_dag_decorator.py
[2023-06-21T09:52:53.211+0000] {processor.py:826} INFO - Processing file /home/airflow/.local/lib/python3.7/site-packages/airflow/example_dags/example_dag_decorator.py for tasks to queue
[2023-06-21T09:52:53.212+0000] {logging_mixin.py:149} INFO - [2023-06-21T09:52:53.212+0000] {dagbag.py:541} INFO - Filling up the DagBag from /home/airflow/.local/lib/python3.7/site-packages/airflow/example_dags/example_dag_decorator.py
[2023-06-21T09:52:53.217+0000] {logging_mixin.py:149} INFO - [2023-06-21T09:52:53.217+0000] {taskmixin.py:211} WARNING - Dependency <Task(_PythonDecoratedOperator): prepare_email>, send_email already registered for DAG: example_dag_decorator
[2023-06-21T09:52:53.218+0000] {logging_mixin.py:149} INFO - [2023-06-21T09:52:53.218+0000] {taskmixin.py:211} WARNING - Dependency <Task(EmailOperator): send_email>, prepare_email already registered for DAG: example_dag_decorator
[2023-06-21T09:52:53.226+0000] {processor.py:836} INFO - DAG(s) dict_keys(['example_dag_decorator']) retrieved from /home/airflow/.local/lib/python3.7/site-packages/airflow/example_dags/example_dag_decorator.py
[2023-06-21T09:52:53.289+0000] {logging_mixin.py:149} INFO - [2023-06-21T09:52:53.289+0000] {dag.py:2726} INFO - Sync 1 DAGs
[2023-06-21T09:52:53.312+0000] {logging_mixin.py:149} INFO - [2023-06-21T09:52:53.312+0000] {dag.py:3490} INFO - Setting next_dagrun for example_dag_decorator to None, run_after=None
[2023-06-21T09:52:53.333+0000] {processor.py:179} INFO - Processing /home/airflow/.local/lib/python3.7/site-packages/airflow/example_dags/example_dag_decorator.py took 0.125 seconds
[2023-06-21T09:53:23.809+0000] {processor.py:157} INFO - Started process (PID=369) to work on /home/airflow/.local/lib/python3.7/site-packages/airflow/example_dags/example_dag_decorator.py
[2023-06-21T09:53:23.810+0000] {processor.py:826} INFO - Processing file /home/airflow/.local/lib/python3.7/site-packages/airflow/example_dags/example_dag_decorator.py for tasks to queue
[2023-06-21T09:53:23.811+0000] {logging_mixin.py:149} INFO - [2023-06-21T09:53:23.811+0000] {dagbag.py:541} INFO - Filling up the DagBag from /home/airflow/.local/lib/python3.7/site-packages/airflow/example_dags/example_dag_decorator.py
[2023-06-21T09:53:23.817+0000] {logging_mixin.py:149} INFO - [2023-06-21T09:53:23.816+0000] {taskmixin.py:211} WARNING - Dependency <Task(_PythonDecoratedOperator): prepare_email>, send_email already registered for DAG: example_dag_decorator
[2023-06-21T09:53:23.817+0000] {logging_mixin.py:149} INFO - [2023-06-21T09:53:23.817+0000] {taskmixin.py:211} WARNING - Dependency <Task(EmailOperator): send_email>, prepare_email already registered for DAG: example_dag_decorator
[2023-06-21T09:53:23.825+0000] {processor.py:836} INFO - DAG(s) dict_keys(['example_dag_decorator']) retrieved from /home/airflow/.local/lib/python3.7/site-packages/airflow/example_dags/example_dag_decorator.py
[2023-06-21T09:53:23.886+0000] {logging_mixin.py:149} INFO - [2023-06-21T09:53:23.886+0000] {dag.py:2726} INFO - Sync 1 DAGs
[2023-06-21T09:53:23.909+0000] {logging_mixin.py:149} INFO - [2023-06-21T09:53:23.909+0000] {dag.py:3490} INFO - Setting next_dagrun for example_dag_decorator to None, run_after=None
[2023-06-21T09:53:23.931+0000] {processor.py:179} INFO - Processing /home/airflow/.local/lib/python3.7/site-packages/airflow/example_dags/example_dag_decorator.py took 0.124 seconds
[2023-06-21T09:53:54.337+0000] {processor.py:157} INFO - Started process (PID=435) to work on /home/airflow/.local/lib/python3.7/site-packages/airflow/example_dags/example_dag_decorator.py
[2023-06-21T09:53:54.338+0000] {processor.py:826} INFO - Processing file /home/airflow/.local/lib/python3.7/site-packages/airflow/example_dags/example_dag_decorator.py for tasks to queue
[2023-06-21T09:53:54.339+0000] {logging_mixin.py:149} INFO - [2023-06-21T09:53:54.339+0000] {dagbag.py:541} INFO - Filling up the DagBag from /home/airflow/.local/lib/python3.7/site-packages/airflow/example_dags/example_dag_decorator.py
[2023-06-21T09:53:54.345+0000] {logging_mixin.py:149} INFO - [2023-06-21T09:53:54.345+0000] {taskmixin.py:211} WARNING - Dependency <Task(_PythonDecoratedOperator): prepare_email>, send_email already registered for DAG: example_dag_decorator
[2023-06-21T09:53:54.346+0000] {logging_mixin.py:149} INFO - [2023-06-21T09:53:54.346+0000] {taskmixin.py:211} WARNING - Dependency <Task(EmailOperator): send_email>, prepare_email already registered for DAG: example_dag_decorator
[2023-06-21T09:53:54.355+0000] {processor.py:836} INFO - DAG(s) dict_keys(['example_dag_decorator']) retrieved from /home/airflow/.local/lib/python3.7/site-packages/airflow/example_dags/example_dag_decorator.py
[2023-06-21T09:53:54.421+0000] {logging_mixin.py:149} INFO - [2023-06-21T09:53:54.421+0000] {dag.py:2726} INFO - Sync 1 DAGs
[2023-06-21T09:53:54.444+0000] {logging_mixin.py:149} INFO - [2023-06-21T09:53:54.444+0000] {dag.py:3490} INFO - Setting next_dagrun for example_dag_decorator to None, run_after=None
[2023-06-21T09:53:54.464+0000] {processor.py:179} INFO - Processing /home/airflow/.local/lib/python3.7/site-packages/airflow/example_dags/example_dag_decorator.py took 0.132 seconds
[2023-06-21T09:54:25.020+0000] {processor.py:157} INFO - Started process (PID=501) to work on /home/airflow/.local/lib/python3.7/site-packages/airflow/example_dags/example_dag_decorator.py
[2023-06-21T09:54:25.021+0000] {processor.py:826} INFO - Processing file /home/airflow/.local/lib/python3.7/site-packages/airflow/example_dags/example_dag_decorator.py for tasks to queue
[2023-06-21T09:54:25.022+0000] {logging_mixin.py:149} INFO - [2023-06-21T09:54:25.022+0000] {dagbag.py:541} INFO - Filling up the DagBag from /home/airflow/.local/lib/python3.7/site-packages/airflow/example_dags/example_dag_decorator.py
[2023-06-21T09:54:25.030+0000] {logging_mixin.py:149} INFO - [2023-06-21T09:54:25.030+0000] {taskmixin.py:211} WARNING - Dependency <Task(_PythonDecoratedOperator): prepare_email>, send_email already registered for DAG: example_dag_decorator
[2023-06-21T09:54:25.031+0000] {logging_mixin.py:149} INFO - [2023-06-21T09:54:25.031+0000] {taskmixin.py:211} WARNING - Dependency <Task(EmailOperator): send_email>, prepare_email already registered for DAG: example_dag_decorator
[2023-06-21T09:54:25.042+0000] {processor.py:836} INFO - DAG(s) dict_keys(['example_dag_decorator']) retrieved from /home/airflow/.local/lib/python3.7/site-packages/airflow/example_dags/example_dag_decorator.py
[2023-06-21T09:54:25.116+0000] {logging_mixin.py:149} INFO - [2023-06-21T09:54:25.115+0000] {dag.py:2726} INFO - Sync 1 DAGs
[2023-06-21T09:54:25.141+0000] {logging_mixin.py:149} INFO - [2023-06-21T09:54:25.141+0000] {dag.py:3490} INFO - Setting next_dagrun for example_dag_decorator to None, run_after=None
[2023-06-21T09:54:25.163+0000] {processor.py:179} INFO - Processing /home/airflow/.local/lib/python3.7/site-packages/airflow/example_dags/example_dag_decorator.py took 0.146 seconds
[2023-06-21T09:54:55.414+0000] {processor.py:157} INFO - Started process (PID=567) to work on /home/airflow/.local/lib/python3.7/site-packages/airflow/example_dags/example_dag_decorator.py
[2023-06-21T09:54:55.415+0000] {processor.py:826} INFO - Processing file /home/airflow/.local/lib/python3.7/site-packages/airflow/example_dags/example_dag_decorator.py for tasks to queue
[2023-06-21T09:54:55.416+0000] {logging_mixin.py:149} INFO - [2023-06-21T09:54:55.416+0000] {dagbag.py:541} INFO - Filling up the DagBag from /home/airflow/.local/lib/python3.7/site-packages/airflow/example_dags/example_dag_decorator.py
[2023-06-21T09:54:55.421+0000] {logging_mixin.py:149} INFO - [2023-06-21T09:54:55.421+0000] {taskmixin.py:211} WARNING - Dependency <Task(_PythonDecoratedOperator): prepare_email>, send_email already registered for DAG: example_dag_decorator
[2023-06-21T09:54:55.422+0000] {logging_mixin.py:149} INFO - [2023-06-21T09:54:55.422+0000] {taskmixin.py:211} WARNING - Dependency <Task(EmailOperator): send_email>, prepare_email already registered for DAG: example_dag_decorator
[2023-06-21T09:54:55.430+0000] {processor.py:836} INFO - DAG(s) dict_keys(['example_dag_decorator']) retrieved from /home/airflow/.local/lib/python3.7/site-packages/airflow/example_dags/example_dag_decorator.py
[2023-06-21T09:54:55.502+0000] {logging_mixin.py:149} INFO - [2023-06-21T09:54:55.502+0000] {dag.py:2726} INFO - Sync 1 DAGs
[2023-06-21T09:54:55.526+0000] {logging_mixin.py:149} INFO - [2023-06-21T09:54:55.526+0000] {dag.py:3490} INFO - Setting next_dagrun for example_dag_decorator to None, run_after=None
[2023-06-21T09:54:55.549+0000] {processor.py:179} INFO - Processing /home/airflow/.local/lib/python3.7/site-packages/airflow/example_dags/example_dag_decorator.py took 0.139 seconds
[2023-06-21T09:55:26.119+0000] {processor.py:157} INFO - Started process (PID=633) to work on /home/airflow/.local/lib/python3.7/site-packages/airflow/example_dags/example_dag_decorator.py
[2023-06-21T09:55:26.121+0000] {processor.py:826} INFO - Processing file /home/airflow/.local/lib/python3.7/site-packages/airflow/example_dags/example_dag_decorator.py for tasks to queue
[2023-06-21T09:55:26.121+0000] {logging_mixin.py:149} INFO - [2023-06-21T09:55:26.121+0000] {dagbag.py:541} INFO - Filling up the DagBag from /home/airflow/.local/lib/python3.7/site-packages/airflow/example_dags/example_dag_decorator.py
[2023-06-21T09:55:26.128+0000] {logging_mixin.py:149} INFO - [2023-06-21T09:55:26.128+0000] {taskmixin.py:211} WARNING - Dependency <Task(_PythonDecoratedOperator): prepare_email>, send_email already registered for DAG: example_dag_decorator
[2023-06-21T09:55:26.128+0000] {logging_mixin.py:149} INFO - [2023-06-21T09:55:26.128+0000] {taskmixin.py:211} WARNING - Dependency <Task(EmailOperator): send_email>, prepare_email already registered for DAG: example_dag_decorator
[2023-06-21T09:55:26.136+0000] {processor.py:836} INFO - DAG(s) dict_keys(['example_dag_decorator']) retrieved from /home/airflow/.local/lib/python3.7/site-packages/airflow/example_dags/example_dag_decorator.py
[2023-06-21T09:55:26.198+0000] {logging_mixin.py:149} INFO - [2023-06-21T09:55:26.198+0000] {dag.py:2726} INFO - Sync 1 DAGs
[2023-06-21T09:55:26.220+0000] {logging_mixin.py:149} INFO - [2023-06-21T09:55:26.220+0000] {dag.py:3490} INFO - Setting next_dagrun for example_dag_decorator to None, run_after=None
[2023-06-21T09:55:26.242+0000] {processor.py:179} INFO - Processing /home/airflow/.local/lib/python3.7/site-packages/airflow/example_dags/example_dag_decorator.py took 0.125 seconds
[2023-06-21T09:55:56.684+0000] {processor.py:157} INFO - Started process (PID=699) to work on /home/airflow/.local/lib/python3.7/site-packages/airflow/example_dags/example_dag_decorator.py
[2023-06-21T09:55:56.686+0000] {processor.py:826} INFO - Processing file /home/airflow/.local/lib/python3.7/site-packages/airflow/example_dags/example_dag_decorator.py for tasks to queue
[2023-06-21T09:55:56.686+0000] {logging_mixin.py:149} INFO - [2023-06-21T09:55:56.686+0000] {dagbag.py:541} INFO - Filling up the DagBag from /home/airflow/.local/lib/python3.7/site-packages/airflow/example_dags/example_dag_decorator.py
[2023-06-21T09:55:56.692+0000] {logging_mixin.py:149} INFO - [2023-06-21T09:55:56.692+0000] {taskmixin.py:211} WARNING - Dependency <Task(_PythonDecoratedOperator): prepare_email>, send_email already registered for DAG: example_dag_decorator
[2023-06-21T09:55:56.693+0000] {logging_mixin.py:149} INFO - [2023-06-21T09:55:56.693+0000] {taskmixin.py:211} WARNING - Dependency <Task(EmailOperator): send_email>, prepare_email already registered for DAG: example_dag_decorator
[2023-06-21T09:55:56.701+0000] {processor.py:836} INFO - DAG(s) dict_keys(['example_dag_decorator']) retrieved from /home/airflow/.local/lib/python3.7/site-packages/airflow/example_dags/example_dag_decorator.py
[2023-06-21T09:55:56.761+0000] {logging_mixin.py:149} INFO - [2023-06-21T09:55:56.761+0000] {dag.py:2726} INFO - Sync 1 DAGs
[2023-06-21T09:55:56.787+0000] {logging_mixin.py:149} INFO - [2023-06-21T09:55:56.786+0000] {dag.py:3490} INFO - Setting next_dagrun for example_dag_decorator to None, run_after=None
[2023-06-21T09:55:56.809+0000] {processor.py:179} INFO - Processing /home/airflow/.local/lib/python3.7/site-packages/airflow/example_dags/example_dag_decorator.py took 0.128 seconds
[2023-06-21T09:56:27.050+0000] {processor.py:157} INFO - Started process (PID=765) to work on /home/airflow/.local/lib/python3.7/site-packages/airflow/example_dags/example_dag_decorator.py
[2023-06-21T09:56:27.051+0000] {processor.py:826} INFO - Processing file /home/airflow/.local/lib/python3.7/site-packages/airflow/example_dags/example_dag_decorator.py for tasks to queue
[2023-06-21T09:56:27.052+0000] {logging_mixin.py:149} INFO - [2023-06-21T09:56:27.052+0000] {dagbag.py:541} INFO - Filling up the DagBag from /home/airflow/.local/lib/python3.7/site-packages/airflow/example_dags/example_dag_decorator.py
[2023-06-21T09:56:27.059+0000] {logging_mixin.py:149} INFO - [2023-06-21T09:56:27.059+0000] {taskmixin.py:211} WARNING - Dependency <Task(_PythonDecoratedOperator): prepare_email>, send_email already registered for DAG: example_dag_decorator
[2023-06-21T09:56:27.060+0000] {logging_mixin.py:149} INFO - [2023-06-21T09:56:27.060+0000] {taskmixin.py:211} WARNING - Dependency <Task(EmailOperator): send_email>, prepare_email already registered for DAG: example_dag_decorator
[2023-06-21T09:56:27.068+0000] {processor.py:836} INFO - DAG(s) dict_keys(['example_dag_decorator']) retrieved from /home/airflow/.local/lib/python3.7/site-packages/airflow/example_dags/example_dag_decorator.py
[2023-06-21T09:56:27.137+0000] {logging_mixin.py:149} INFO - [2023-06-21T09:56:27.136+0000] {dag.py:2726} INFO - Sync 1 DAGs
[2023-06-21T09:56:27.167+0000] {logging_mixin.py:149} INFO - [2023-06-21T09:56:27.167+0000] {dag.py:3490} INFO - Setting next_dagrun for example_dag_decorator to None, run_after=None
[2023-06-21T09:56:27.198+0000] {processor.py:179} INFO - Processing /home/airflow/.local/lib/python3.7/site-packages/airflow/example_dags/example_dag_decorator.py took 0.150 seconds
[2023-06-21T09:56:57.428+0000] {processor.py:157} INFO - Started process (PID=831) to work on /home/airflow/.local/lib/python3.7/site-packages/airflow/example_dags/example_dag_decorator.py
[2023-06-21T09:56:57.429+0000] {processor.py:826} INFO - Processing file /home/airflow/.local/lib/python3.7/site-packages/airflow/example_dags/example_dag_decorator.py for tasks to queue
[2023-06-21T09:56:57.430+0000] {logging_mixin.py:149} INFO - [2023-06-21T09:56:57.430+0000] {dagbag.py:541} INFO - Filling up the DagBag from /home/airflow/.local/lib/python3.7/site-packages/airflow/example_dags/example_dag_decorator.py
[2023-06-21T09:56:57.436+0000] {logging_mixin.py:149} INFO - [2023-06-21T09:56:57.436+0000] {taskmixin.py:211} WARNING - Dependency <Task(_PythonDecoratedOperator): prepare_email>, send_email already registered for DAG: example_dag_decorator
[2023-06-21T09:56:57.436+0000] {logging_mixin.py:149} INFO - [2023-06-21T09:56:57.436+0000] {taskmixin.py:211} WARNING - Dependency <Task(EmailOperator): send_email>, prepare_email already registered for DAG: example_dag_decorator
[2023-06-21T09:56:57.444+0000] {processor.py:836} INFO - DAG(s) dict_keys(['example_dag_decorator']) retrieved from /home/airflow/.local/lib/python3.7/site-packages/airflow/example_dags/example_dag_decorator.py
[2023-06-21T09:56:57.511+0000] {logging_mixin.py:149} INFO - [2023-06-21T09:56:57.511+0000] {dag.py:2726} INFO - Sync 1 DAGs
[2023-06-21T09:56:57.537+0000] {logging_mixin.py:149} INFO - [2023-06-21T09:56:57.537+0000] {dag.py:3490} INFO - Setting next_dagrun for example_dag_decorator to None, run_after=None
[2023-06-21T09:56:57.559+0000] {processor.py:179} INFO - Processing /home/airflow/.local/lib/python3.7/site-packages/airflow/example_dags/example_dag_decorator.py took 0.134 seconds
