[2023-06-21T09:50:51.246+0000] {processor.py:157} INFO - Started process (PID=38) to work on /home/airflow/.local/lib/python3.7/site-packages/airflow/example_dags/example_short_circuit_decorator.py
[2023-06-21T09:50:51.247+0000] {processor.py:826} INFO - Processing file /home/airflow/.local/lib/python3.7/site-packages/airflow/example_dags/example_short_circuit_decorator.py for tasks to queue
[2023-06-21T09:50:51.249+0000] {logging_mixin.py:149} INFO - [2023-06-21T09:50:51.248+0000] {dagbag.py:541} INFO - Filling up the DagBag from /home/airflow/.local/lib/python3.7/site-packages/airflow/example_dags/example_short_circuit_decorator.py
[2023-06-21T09:50:51.263+0000] {processor.py:836} INFO - DAG(s) dict_keys(['example_short_circuit_decorator']) retrieved from /home/airflow/.local/lib/python3.7/site-packages/airflow/example_dags/example_short_circuit_decorator.py
[2023-06-21T09:50:51.276+0000] {logging_mixin.py:149} INFO - [2023-06-21T09:50:51.276+0000] {dag.py:2726} INFO - Sync 1 DAGs
[2023-06-21T09:50:51.313+0000] {logging_mixin.py:149} INFO - [2023-06-21T09:50:51.313+0000] {dag.py:3490} INFO - Setting next_dagrun for example_short_circuit_decorator to 2023-06-20T09:50:51.313288+00:00, run_after=2023-06-21T09:50:51.313288+00:00
[2023-06-21T09:50:51.336+0000] {processor.py:179} INFO - Processing /home/airflow/.local/lib/python3.7/site-packages/airflow/example_dags/example_short_circuit_decorator.py took 0.093 seconds
[2023-06-21T09:51:21.447+0000] {processor.py:157} INFO - Started process (PID=104) to work on /home/airflow/.local/lib/python3.7/site-packages/airflow/example_dags/example_short_circuit_decorator.py
[2023-06-21T09:51:21.448+0000] {processor.py:826} INFO - Processing file /home/airflow/.local/lib/python3.7/site-packages/airflow/example_dags/example_short_circuit_decorator.py for tasks to queue
[2023-06-21T09:51:21.449+0000] {logging_mixin.py:149} INFO - [2023-06-21T09:51:21.449+0000] {dagbag.py:541} INFO - Filling up the DagBag from /home/airflow/.local/lib/python3.7/site-packages/airflow/example_dags/example_short_circuit_decorator.py
[2023-06-21T09:51:21.459+0000] {processor.py:836} INFO - DAG(s) dict_keys(['example_short_circuit_decorator']) retrieved from /home/airflow/.local/lib/python3.7/site-packages/airflow/example_dags/example_short_circuit_decorator.py
[2023-06-21T09:51:21.513+0000] {logging_mixin.py:149} INFO - [2023-06-21T09:51:21.512+0000] {dag.py:2726} INFO - Sync 1 DAGs
[2023-06-21T09:51:21.541+0000] {logging_mixin.py:149} INFO - [2023-06-21T09:51:21.540+0000] {dag.py:3490} INFO - Setting next_dagrun for example_short_circuit_decorator to 2023-06-20T09:51:21.540678+00:00, run_after=2023-06-21T09:51:21.540678+00:00
[2023-06-21T09:51:21.562+0000] {processor.py:179} INFO - Processing /home/airflow/.local/lib/python3.7/site-packages/airflow/example_dags/example_short_circuit_decorator.py took 0.118 seconds
[2023-06-21T09:51:51.849+0000] {processor.py:157} INFO - Started process (PID=170) to work on /home/airflow/.local/lib/python3.7/site-packages/airflow/example_dags/example_short_circuit_decorator.py
[2023-06-21T09:51:51.850+0000] {processor.py:826} INFO - Processing file /home/airflow/.local/lib/python3.7/site-packages/airflow/example_dags/example_short_circuit_decorator.py for tasks to queue
[2023-06-21T09:51:51.851+0000] {logging_mixin.py:149} INFO - [2023-06-21T09:51:51.851+0000] {dagbag.py:541} INFO - Filling up the DagBag from /home/airflow/.local/lib/python3.7/site-packages/airflow/example_dags/example_short_circuit_decorator.py
[2023-06-21T09:51:51.863+0000] {processor.py:836} INFO - DAG(s) dict_keys(['example_short_circuit_decorator']) retrieved from /home/airflow/.local/lib/python3.7/site-packages/airflow/example_dags/example_short_circuit_decorator.py
[2023-06-21T09:51:51.888+0000] {logging_mixin.py:149} INFO - [2023-06-21T09:51:51.888+0000] {dag.py:2726} INFO - Sync 1 DAGs
[2023-06-21T09:51:51.920+0000] {logging_mixin.py:149} INFO - [2023-06-21T09:51:51.920+0000] {dag.py:3490} INFO - Setting next_dagrun for example_short_circuit_decorator to 2023-06-20T09:51:51.920085+00:00, run_after=2023-06-21T09:51:51.920085+00:00
[2023-06-21T09:51:51.943+0000] {processor.py:179} INFO - Processing /home/airflow/.local/lib/python3.7/site-packages/airflow/example_dags/example_short_circuit_decorator.py took 0.100 seconds
[2023-06-21T09:52:22.698+0000] {processor.py:157} INFO - Started process (PID=236) to work on /home/airflow/.local/lib/python3.7/site-packages/airflow/example_dags/example_short_circuit_decorator.py
[2023-06-21T09:52:22.699+0000] {processor.py:826} INFO - Processing file /home/airflow/.local/lib/python3.7/site-packages/airflow/example_dags/example_short_circuit_decorator.py for tasks to queue
[2023-06-21T09:52:22.700+0000] {logging_mixin.py:149} INFO - [2023-06-21T09:52:22.700+0000] {dagbag.py:541} INFO - Filling up the DagBag from /home/airflow/.local/lib/python3.7/site-packages/airflow/example_dags/example_short_circuit_decorator.py
[2023-06-21T09:52:22.710+0000] {processor.py:836} INFO - DAG(s) dict_keys(['example_short_circuit_decorator']) retrieved from /home/airflow/.local/lib/python3.7/site-packages/airflow/example_dags/example_short_circuit_decorator.py
[2023-06-21T09:52:22.736+0000] {logging_mixin.py:149} INFO - [2023-06-21T09:52:22.736+0000] {dag.py:2726} INFO - Sync 1 DAGs
[2023-06-21T09:52:22.765+0000] {logging_mixin.py:149} INFO - [2023-06-21T09:52:22.765+0000] {dag.py:3490} INFO - Setting next_dagrun for example_short_circuit_decorator to 2023-06-20T09:52:22.765211+00:00, run_after=2023-06-21T09:52:22.765211+00:00
[2023-06-21T09:52:22.791+0000] {processor.py:179} INFO - Processing /home/airflow/.local/lib/python3.7/site-packages/airflow/example_dags/example_short_circuit_decorator.py took 0.097 seconds
[2023-06-21T09:52:53.181+0000] {processor.py:157} INFO - Started process (PID=302) to work on /home/airflow/.local/lib/python3.7/site-packages/airflow/example_dags/example_short_circuit_decorator.py
[2023-06-21T09:52:53.182+0000] {processor.py:826} INFO - Processing file /home/airflow/.local/lib/python3.7/site-packages/airflow/example_dags/example_short_circuit_decorator.py for tasks to queue
[2023-06-21T09:52:53.183+0000] {logging_mixin.py:149} INFO - [2023-06-21T09:52:53.182+0000] {dagbag.py:541} INFO - Filling up the DagBag from /home/airflow/.local/lib/python3.7/site-packages/airflow/example_dags/example_short_circuit_decorator.py
[2023-06-21T09:52:53.193+0000] {processor.py:836} INFO - DAG(s) dict_keys(['example_short_circuit_decorator']) retrieved from /home/airflow/.local/lib/python3.7/site-packages/airflow/example_dags/example_short_circuit_decorator.py
[2023-06-21T09:52:53.219+0000] {logging_mixin.py:149} INFO - [2023-06-21T09:52:53.219+0000] {dag.py:2726} INFO - Sync 1 DAGs
[2023-06-21T09:52:53.244+0000] {logging_mixin.py:149} INFO - [2023-06-21T09:52:53.243+0000] {dag.py:3490} INFO - Setting next_dagrun for example_short_circuit_decorator to 2023-06-20T09:52:53.243669+00:00, run_after=2023-06-21T09:52:53.243669+00:00
[2023-06-21T09:52:53.262+0000] {processor.py:179} INFO - Processing /home/airflow/.local/lib/python3.7/site-packages/airflow/example_dags/example_short_circuit_decorator.py took 0.084 seconds
[2023-06-21T09:53:23.689+0000] {processor.py:157} INFO - Started process (PID=368) to work on /home/airflow/.local/lib/python3.7/site-packages/airflow/example_dags/example_short_circuit_decorator.py
[2023-06-21T09:53:23.690+0000] {processor.py:826} INFO - Processing file /home/airflow/.local/lib/python3.7/site-packages/airflow/example_dags/example_short_circuit_decorator.py for tasks to queue
[2023-06-21T09:53:23.691+0000] {logging_mixin.py:149} INFO - [2023-06-21T09:53:23.691+0000] {dagbag.py:541} INFO - Filling up the DagBag from /home/airflow/.local/lib/python3.7/site-packages/airflow/example_dags/example_short_circuit_decorator.py
[2023-06-21T09:53:23.700+0000] {processor.py:836} INFO - DAG(s) dict_keys(['example_short_circuit_decorator']) retrieved from /home/airflow/.local/lib/python3.7/site-packages/airflow/example_dags/example_short_circuit_decorator.py
[2023-06-21T09:53:23.727+0000] {logging_mixin.py:149} INFO - [2023-06-21T09:53:23.726+0000] {dag.py:2726} INFO - Sync 1 DAGs
[2023-06-21T09:53:23.751+0000] {logging_mixin.py:149} INFO - [2023-06-21T09:53:23.750+0000] {dag.py:3490} INFO - Setting next_dagrun for example_short_circuit_decorator to 2023-06-20T09:53:23.750714+00:00, run_after=2023-06-21T09:53:23.750714+00:00
[2023-06-21T09:53:23.772+0000] {processor.py:179} INFO - Processing /home/airflow/.local/lib/python3.7/site-packages/airflow/example_dags/example_short_circuit_decorator.py took 0.085 seconds
[2023-06-21T09:53:54.248+0000] {processor.py:157} INFO - Started process (PID=434) to work on /home/airflow/.local/lib/python3.7/site-packages/airflow/example_dags/example_short_circuit_decorator.py
[2023-06-21T09:53:54.249+0000] {processor.py:826} INFO - Processing file /home/airflow/.local/lib/python3.7/site-packages/airflow/example_dags/example_short_circuit_decorator.py for tasks to queue
[2023-06-21T09:53:54.250+0000] {logging_mixin.py:149} INFO - [2023-06-21T09:53:54.250+0000] {dagbag.py:541} INFO - Filling up the DagBag from /home/airflow/.local/lib/python3.7/site-packages/airflow/example_dags/example_short_circuit_decorator.py
[2023-06-21T09:53:54.259+0000] {processor.py:836} INFO - DAG(s) dict_keys(['example_short_circuit_decorator']) retrieved from /home/airflow/.local/lib/python3.7/site-packages/airflow/example_dags/example_short_circuit_decorator.py
[2023-06-21T09:53:54.282+0000] {logging_mixin.py:149} INFO - [2023-06-21T09:53:54.282+0000] {dag.py:2726} INFO - Sync 1 DAGs
[2023-06-21T09:53:54.307+0000] {logging_mixin.py:149} INFO - [2023-06-21T09:53:54.306+0000] {dag.py:3490} INFO - Setting next_dagrun for example_short_circuit_decorator to 2023-06-20T09:53:54.306630+00:00, run_after=2023-06-21T09:53:54.306630+00:00
[2023-06-21T09:53:54.327+0000] {processor.py:179} INFO - Processing /home/airflow/.local/lib/python3.7/site-packages/airflow/example_dags/example_short_circuit_decorator.py took 0.082 seconds
[2023-06-21T09:54:24.928+0000] {processor.py:157} INFO - Started process (PID=500) to work on /home/airflow/.local/lib/python3.7/site-packages/airflow/example_dags/example_short_circuit_decorator.py
[2023-06-21T09:54:24.929+0000] {processor.py:826} INFO - Processing file /home/airflow/.local/lib/python3.7/site-packages/airflow/example_dags/example_short_circuit_decorator.py for tasks to queue
[2023-06-21T09:54:24.931+0000] {logging_mixin.py:149} INFO - [2023-06-21T09:54:24.930+0000] {dagbag.py:541} INFO - Filling up the DagBag from /home/airflow/.local/lib/python3.7/site-packages/airflow/example_dags/example_short_circuit_decorator.py
[2023-06-21T09:54:24.943+0000] {processor.py:836} INFO - DAG(s) dict_keys(['example_short_circuit_decorator']) retrieved from /home/airflow/.local/lib/python3.7/site-packages/airflow/example_dags/example_short_circuit_decorator.py
[2023-06-21T09:54:24.971+0000] {logging_mixin.py:149} INFO - [2023-06-21T09:54:24.970+0000] {dag.py:2726} INFO - Sync 1 DAGs
[2023-06-21T09:54:24.998+0000] {logging_mixin.py:149} INFO - [2023-06-21T09:54:24.998+0000] {dag.py:3490} INFO - Setting next_dagrun for example_short_circuit_decorator to 2023-06-20T09:54:24.998072+00:00, run_after=2023-06-21T09:54:24.998072+00:00
[2023-06-21T09:54:25.020+0000] {processor.py:179} INFO - Processing /home/airflow/.local/lib/python3.7/site-packages/airflow/example_dags/example_short_circuit_decorator.py took 0.095 seconds
[2023-06-21T09:54:55.378+0000] {processor.py:157} INFO - Started process (PID=566) to work on /home/airflow/.local/lib/python3.7/site-packages/airflow/example_dags/example_short_circuit_decorator.py
[2023-06-21T09:54:55.379+0000] {processor.py:826} INFO - Processing file /home/airflow/.local/lib/python3.7/site-packages/airflow/example_dags/example_short_circuit_decorator.py for tasks to queue
[2023-06-21T09:54:55.380+0000] {logging_mixin.py:149} INFO - [2023-06-21T09:54:55.380+0000] {dagbag.py:541} INFO - Filling up the DagBag from /home/airflow/.local/lib/python3.7/site-packages/airflow/example_dags/example_short_circuit_decorator.py
[2023-06-21T09:54:55.389+0000] {processor.py:836} INFO - DAG(s) dict_keys(['example_short_circuit_decorator']) retrieved from /home/airflow/.local/lib/python3.7/site-packages/airflow/example_dags/example_short_circuit_decorator.py
[2023-06-21T09:54:55.414+0000] {logging_mixin.py:149} INFO - [2023-06-21T09:54:55.414+0000] {dag.py:2726} INFO - Sync 1 DAGs
[2023-06-21T09:54:55.438+0000] {logging_mixin.py:149} INFO - [2023-06-21T09:54:55.438+0000] {dag.py:3490} INFO - Setting next_dagrun for example_short_circuit_decorator to 2023-06-20T09:54:55.438146+00:00, run_after=2023-06-21T09:54:55.438146+00:00
[2023-06-21T09:54:55.457+0000] {processor.py:179} INFO - Processing /home/airflow/.local/lib/python3.7/site-packages/airflow/example_dags/example_short_circuit_decorator.py took 0.082 seconds
[2023-06-21T09:55:26.042+0000] {processor.py:157} INFO - Started process (PID=632) to work on /home/airflow/.local/lib/python3.7/site-packages/airflow/example_dags/example_short_circuit_decorator.py
[2023-06-21T09:55:26.043+0000] {processor.py:826} INFO - Processing file /home/airflow/.local/lib/python3.7/site-packages/airflow/example_dags/example_short_circuit_decorator.py for tasks to queue
[2023-06-21T09:55:26.044+0000] {logging_mixin.py:149} INFO - [2023-06-21T09:55:26.044+0000] {dagbag.py:541} INFO - Filling up the DagBag from /home/airflow/.local/lib/python3.7/site-packages/airflow/example_dags/example_short_circuit_decorator.py
[2023-06-21T09:55:26.053+0000] {processor.py:836} INFO - DAG(s) dict_keys(['example_short_circuit_decorator']) retrieved from /home/airflow/.local/lib/python3.7/site-packages/airflow/example_dags/example_short_circuit_decorator.py
[2023-06-21T09:55:26.078+0000] {logging_mixin.py:149} INFO - [2023-06-21T09:55:26.078+0000] {dag.py:2726} INFO - Sync 1 DAGs
[2023-06-21T09:55:26.103+0000] {logging_mixin.py:149} INFO - [2023-06-21T09:55:26.103+0000] {dag.py:3490} INFO - Setting next_dagrun for example_short_circuit_decorator to 2023-06-20T09:55:26.102803+00:00, run_after=2023-06-21T09:55:26.102803+00:00
[2023-06-21T09:55:26.123+0000] {processor.py:179} INFO - Processing /home/airflow/.local/lib/python3.7/site-packages/airflow/example_dags/example_short_circuit_decorator.py took 0.083 seconds
[2023-06-21T09:55:56.605+0000] {processor.py:157} INFO - Started process (PID=698) to work on /home/airflow/.local/lib/python3.7/site-packages/airflow/example_dags/example_short_circuit_decorator.py
[2023-06-21T09:55:56.606+0000] {processor.py:826} INFO - Processing file /home/airflow/.local/lib/python3.7/site-packages/airflow/example_dags/example_short_circuit_decorator.py for tasks to queue
[2023-06-21T09:55:56.608+0000] {logging_mixin.py:149} INFO - [2023-06-21T09:55:56.607+0000] {dagbag.py:541} INFO - Filling up the DagBag from /home/airflow/.local/lib/python3.7/site-packages/airflow/example_dags/example_short_circuit_decorator.py
[2023-06-21T09:55:56.616+0000] {processor.py:836} INFO - DAG(s) dict_keys(['example_short_circuit_decorator']) retrieved from /home/airflow/.local/lib/python3.7/site-packages/airflow/example_dags/example_short_circuit_decorator.py
[2023-06-21T09:55:56.642+0000] {logging_mixin.py:149} INFO - [2023-06-21T09:55:56.642+0000] {dag.py:2726} INFO - Sync 1 DAGs
[2023-06-21T09:55:56.667+0000] {logging_mixin.py:149} INFO - [2023-06-21T09:55:56.667+0000] {dag.py:3490} INFO - Setting next_dagrun for example_short_circuit_decorator to 2023-06-20T09:55:56.666971+00:00, run_after=2023-06-21T09:55:56.666971+00:00
[2023-06-21T09:55:56.687+0000] {processor.py:179} INFO - Processing /home/airflow/.local/lib/python3.7/site-packages/airflow/example_dags/example_short_circuit_decorator.py took 0.085 seconds
[2023-06-21T09:56:26.968+0000] {processor.py:157} INFO - Started process (PID=764) to work on /home/airflow/.local/lib/python3.7/site-packages/airflow/example_dags/example_short_circuit_decorator.py
[2023-06-21T09:56:26.969+0000] {processor.py:826} INFO - Processing file /home/airflow/.local/lib/python3.7/site-packages/airflow/example_dags/example_short_circuit_decorator.py for tasks to queue
[2023-06-21T09:56:26.970+0000] {logging_mixin.py:149} INFO - [2023-06-21T09:56:26.970+0000] {dagbag.py:541} INFO - Filling up the DagBag from /home/airflow/.local/lib/python3.7/site-packages/airflow/example_dags/example_short_circuit_decorator.py
[2023-06-21T09:56:26.978+0000] {processor.py:836} INFO - DAG(s) dict_keys(['example_short_circuit_decorator']) retrieved from /home/airflow/.local/lib/python3.7/site-packages/airflow/example_dags/example_short_circuit_decorator.py
[2023-06-21T09:56:27.003+0000] {logging_mixin.py:149} INFO - [2023-06-21T09:56:27.003+0000] {dag.py:2726} INFO - Sync 1 DAGs
[2023-06-21T09:56:27.028+0000] {logging_mixin.py:149} INFO - [2023-06-21T09:56:27.028+0000] {dag.py:3490} INFO - Setting next_dagrun for example_short_circuit_decorator to 2023-06-20T09:56:27.028334+00:00, run_after=2023-06-21T09:56:27.028334+00:00
[2023-06-21T09:56:27.049+0000] {processor.py:179} INFO - Processing /home/airflow/.local/lib/python3.7/site-packages/airflow/example_dags/example_short_circuit_decorator.py took 0.085 seconds
[2023-06-21T09:56:57.306+0000] {processor.py:157} INFO - Started process (PID=830) to work on /home/airflow/.local/lib/python3.7/site-packages/airflow/example_dags/example_short_circuit_decorator.py
[2023-06-21T09:56:57.307+0000] {processor.py:826} INFO - Processing file /home/airflow/.local/lib/python3.7/site-packages/airflow/example_dags/example_short_circuit_decorator.py for tasks to queue
[2023-06-21T09:56:57.308+0000] {logging_mixin.py:149} INFO - [2023-06-21T09:56:57.308+0000] {dagbag.py:541} INFO - Filling up the DagBag from /home/airflow/.local/lib/python3.7/site-packages/airflow/example_dags/example_short_circuit_decorator.py
[2023-06-21T09:56:57.317+0000] {processor.py:836} INFO - DAG(s) dict_keys(['example_short_circuit_decorator']) retrieved from /home/airflow/.local/lib/python3.7/site-packages/airflow/example_dags/example_short_circuit_decorator.py
[2023-06-21T09:56:57.344+0000] {logging_mixin.py:149} INFO - [2023-06-21T09:56:57.344+0000] {dag.py:2726} INFO - Sync 1 DAGs
[2023-06-21T09:56:57.371+0000] {logging_mixin.py:149} INFO - [2023-06-21T09:56:57.370+0000] {dag.py:3490} INFO - Setting next_dagrun for example_short_circuit_decorator to 2023-06-20T09:56:57.370635+00:00, run_after=2023-06-21T09:56:57.370635+00:00
[2023-06-21T09:56:57.392+0000] {processor.py:179} INFO - Processing /home/airflow/.local/lib/python3.7/site-packages/airflow/example_dags/example_short_circuit_decorator.py took 0.089 seconds
