[2023-06-21T09:50:52.482+0000] {processor.py:157} INFO - Started process (PID=56) to work on /home/airflow/.local/lib/python3.7/site-packages/airflow/example_dags/example_subdag_operator.py
[2023-06-21T09:50:52.483+0000] {processor.py:826} INFO - Processing file /home/airflow/.local/lib/python3.7/site-packages/airflow/example_dags/example_subdag_operator.py for tasks to queue
[2023-06-21T09:50:52.485+0000] {logging_mixin.py:149} INFO - [2023-06-21T09:50:52.484+0000] {dagbag.py:541} INFO - Filling up the DagBag from /home/airflow/.local/lib/python3.7/site-packages/airflow/example_dags/example_subdag_operator.py
[2023-06-21T09:50:52.514+0000] {processor.py:836} INFO - DAG(s) dict_keys(['example_subdag_operator.section-1', 'example_subdag_operator.section-2', 'example_subdag_operator']) retrieved from /home/airflow/.local/lib/python3.7/site-packages/airflow/example_dags/example_subdag_operator.py
[2023-06-21T09:50:52.519+0000] {logging_mixin.py:149} INFO - [2023-06-21T09:50:52.519+0000] {dag.py:2726} INFO - Sync 3 DAGs
[2023-06-21T09:50:52.551+0000] {logging_mixin.py:149} INFO - [2023-06-21T09:50:52.551+0000] {dag.py:3490} INFO - Setting next_dagrun for example_subdag_operator to 2022-01-01T00:00:00+00:00, run_after=2022-01-01T00:00:00+00:00
[2023-06-21T09:50:52.555+0000] {logging_mixin.py:149} INFO - [2023-06-21T09:50:52.555+0000] {dag.py:3490} INFO - Setting next_dagrun for example_subdag_operator.section-1 to None, run_after=None
[2023-06-21T09:50:52.557+0000] {logging_mixin.py:149} INFO - [2023-06-21T09:50:52.557+0000] {dag.py:3490} INFO - Setting next_dagrun for example_subdag_operator.section-2 to None, run_after=None
[2023-06-21T09:50:52.566+0000] {logging_mixin.py:149} INFO - [2023-06-21T09:50:52.566+0000] {dag.py:2726} INFO - Sync 2 DAGs
[2023-06-21T09:50:52.572+0000] {logging_mixin.py:149} INFO - [2023-06-21T09:50:52.572+0000] {dag.py:3490} INFO - Setting next_dagrun for example_subdag_operator.section-1 to None, run_after=None
[2023-06-21T09:50:52.573+0000] {logging_mixin.py:149} INFO - [2023-06-21T09:50:52.573+0000] {dag.py:3490} INFO - Setting next_dagrun for example_subdag_operator.section-2 to None, run_after=None
[2023-06-21T09:50:52.587+0000] {processor.py:179} INFO - Processing /home/airflow/.local/lib/python3.7/site-packages/airflow/example_dags/example_subdag_operator.py took 0.108 seconds
[2023-06-21T09:51:22.650+0000] {processor.py:157} INFO - Started process (PID=122) to work on /home/airflow/.local/lib/python3.7/site-packages/airflow/example_dags/example_subdag_operator.py
[2023-06-21T09:51:22.651+0000] {processor.py:826} INFO - Processing file /home/airflow/.local/lib/python3.7/site-packages/airflow/example_dags/example_subdag_operator.py for tasks to queue
[2023-06-21T09:51:22.652+0000] {logging_mixin.py:149} INFO - [2023-06-21T09:51:22.652+0000] {dagbag.py:541} INFO - Filling up the DagBag from /home/airflow/.local/lib/python3.7/site-packages/airflow/example_dags/example_subdag_operator.py
[2023-06-21T09:51:22.683+0000] {processor.py:836} INFO - DAG(s) dict_keys(['example_subdag_operator.section-1', 'example_subdag_operator.section-2', 'example_subdag_operator']) retrieved from /home/airflow/.local/lib/python3.7/site-packages/airflow/example_dags/example_subdag_operator.py
[2023-06-21T09:51:22.688+0000] {logging_mixin.py:149} INFO - [2023-06-21T09:51:22.688+0000] {dag.py:2726} INFO - Sync 3 DAGs
[2023-06-21T09:51:22.719+0000] {logging_mixin.py:149} INFO - [2023-06-21T09:51:22.718+0000] {dag.py:3490} INFO - Setting next_dagrun for example_subdag_operator to 2022-01-01T00:00:00+00:00, run_after=2022-01-01T00:00:00+00:00
[2023-06-21T09:51:22.724+0000] {logging_mixin.py:149} INFO - [2023-06-21T09:51:22.723+0000] {dag.py:3490} INFO - Setting next_dagrun for example_subdag_operator.section-1 to None, run_after=None
[2023-06-21T09:51:22.726+0000] {logging_mixin.py:149} INFO - [2023-06-21T09:51:22.725+0000] {dag.py:3490} INFO - Setting next_dagrun for example_subdag_operator.section-2 to None, run_after=None
[2023-06-21T09:51:22.734+0000] {logging_mixin.py:149} INFO - [2023-06-21T09:51:22.734+0000] {dag.py:2726} INFO - Sync 2 DAGs
[2023-06-21T09:51:22.741+0000] {logging_mixin.py:149} INFO - [2023-06-21T09:51:22.741+0000] {dag.py:3490} INFO - Setting next_dagrun for example_subdag_operator.section-1 to None, run_after=None
[2023-06-21T09:51:22.742+0000] {logging_mixin.py:149} INFO - [2023-06-21T09:51:22.742+0000] {dag.py:3490} INFO - Setting next_dagrun for example_subdag_operator.section-2 to None, run_after=None
[2023-06-21T09:51:22.761+0000] {processor.py:179} INFO - Processing /home/airflow/.local/lib/python3.7/site-packages/airflow/example_dags/example_subdag_operator.py took 0.114 seconds
[2023-06-21T09:51:53.074+0000] {processor.py:157} INFO - Started process (PID=188) to work on /home/airflow/.local/lib/python3.7/site-packages/airflow/example_dags/example_subdag_operator.py
[2023-06-21T09:51:53.075+0000] {processor.py:826} INFO - Processing file /home/airflow/.local/lib/python3.7/site-packages/airflow/example_dags/example_subdag_operator.py for tasks to queue
[2023-06-21T09:51:53.076+0000] {logging_mixin.py:149} INFO - [2023-06-21T09:51:53.076+0000] {dagbag.py:541} INFO - Filling up the DagBag from /home/airflow/.local/lib/python3.7/site-packages/airflow/example_dags/example_subdag_operator.py
[2023-06-21T09:51:53.098+0000] {processor.py:836} INFO - DAG(s) dict_keys(['example_subdag_operator.section-1', 'example_subdag_operator.section-2', 'example_subdag_operator']) retrieved from /home/airflow/.local/lib/python3.7/site-packages/airflow/example_dags/example_subdag_operator.py
[2023-06-21T09:51:53.118+0000] {logging_mixin.py:149} INFO - [2023-06-21T09:51:53.118+0000] {dag.py:2726} INFO - Sync 3 DAGs
[2023-06-21T09:51:53.143+0000] {logging_mixin.py:149} INFO - [2023-06-21T09:51:53.143+0000] {dag.py:3490} INFO - Setting next_dagrun for example_subdag_operator to 2022-01-01T00:00:00+00:00, run_after=2022-01-01T00:00:00+00:00
[2023-06-21T09:51:53.147+0000] {logging_mixin.py:149} INFO - [2023-06-21T09:51:53.147+0000] {dag.py:3490} INFO - Setting next_dagrun for example_subdag_operator.section-1 to None, run_after=None
[2023-06-21T09:51:53.148+0000] {logging_mixin.py:149} INFO - [2023-06-21T09:51:53.148+0000] {dag.py:3490} INFO - Setting next_dagrun for example_subdag_operator.section-2 to None, run_after=None
[2023-06-21T09:51:53.159+0000] {logging_mixin.py:149} INFO - [2023-06-21T09:51:53.158+0000] {dag.py:2726} INFO - Sync 2 DAGs
[2023-06-21T09:51:53.165+0000] {logging_mixin.py:149} INFO - [2023-06-21T09:51:53.165+0000] {dag.py:3490} INFO - Setting next_dagrun for example_subdag_operator.section-1 to None, run_after=None
[2023-06-21T09:51:53.166+0000] {logging_mixin.py:149} INFO - [2023-06-21T09:51:53.166+0000] {dag.py:3490} INFO - Setting next_dagrun for example_subdag_operator.section-2 to None, run_after=None
[2023-06-21T09:51:53.181+0000] {processor.py:179} INFO - Processing /home/airflow/.local/lib/python3.7/site-packages/airflow/example_dags/example_subdag_operator.py took 0.110 seconds
[2023-06-21T09:52:23.803+0000] {processor.py:157} INFO - Started process (PID=254) to work on /home/airflow/.local/lib/python3.7/site-packages/airflow/example_dags/example_subdag_operator.py
[2023-06-21T09:52:23.804+0000] {processor.py:826} INFO - Processing file /home/airflow/.local/lib/python3.7/site-packages/airflow/example_dags/example_subdag_operator.py for tasks to queue
[2023-06-21T09:52:23.805+0000] {logging_mixin.py:149} INFO - [2023-06-21T09:52:23.805+0000] {dagbag.py:541} INFO - Filling up the DagBag from /home/airflow/.local/lib/python3.7/site-packages/airflow/example_dags/example_subdag_operator.py
[2023-06-21T09:52:23.830+0000] {processor.py:836} INFO - DAG(s) dict_keys(['example_subdag_operator.section-1', 'example_subdag_operator.section-2', 'example_subdag_operator']) retrieved from /home/airflow/.local/lib/python3.7/site-packages/airflow/example_dags/example_subdag_operator.py
[2023-06-21T09:52:23.848+0000] {logging_mixin.py:149} INFO - [2023-06-21T09:52:23.848+0000] {dag.py:2726} INFO - Sync 3 DAGs
[2023-06-21T09:52:23.871+0000] {logging_mixin.py:149} INFO - [2023-06-21T09:52:23.871+0000] {dag.py:3490} INFO - Setting next_dagrun for example_subdag_operator to 2022-01-01T00:00:00+00:00, run_after=2022-01-01T00:00:00+00:00
[2023-06-21T09:52:23.875+0000] {logging_mixin.py:149} INFO - [2023-06-21T09:52:23.875+0000] {dag.py:3490} INFO - Setting next_dagrun for example_subdag_operator.section-1 to None, run_after=None
[2023-06-21T09:52:23.877+0000] {logging_mixin.py:149} INFO - [2023-06-21T09:52:23.877+0000] {dag.py:3490} INFO - Setting next_dagrun for example_subdag_operator.section-2 to None, run_after=None
[2023-06-21T09:52:23.884+0000] {logging_mixin.py:149} INFO - [2023-06-21T09:52:23.884+0000] {dag.py:2726} INFO - Sync 2 DAGs
[2023-06-21T09:52:23.889+0000] {logging_mixin.py:149} INFO - [2023-06-21T09:52:23.889+0000] {dag.py:3490} INFO - Setting next_dagrun for example_subdag_operator.section-1 to None, run_after=None
[2023-06-21T09:52:23.889+0000] {logging_mixin.py:149} INFO - [2023-06-21T09:52:23.889+0000] {dag.py:3490} INFO - Setting next_dagrun for example_subdag_operator.section-2 to None, run_after=None
[2023-06-21T09:52:23.901+0000] {processor.py:179} INFO - Processing /home/airflow/.local/lib/python3.7/site-packages/airflow/example_dags/example_subdag_operator.py took 0.101 seconds
[2023-06-21T09:52:54.229+0000] {processor.py:157} INFO - Started process (PID=320) to work on /home/airflow/.local/lib/python3.7/site-packages/airflow/example_dags/example_subdag_operator.py
[2023-06-21T09:52:54.230+0000] {processor.py:826} INFO - Processing file /home/airflow/.local/lib/python3.7/site-packages/airflow/example_dags/example_subdag_operator.py for tasks to queue
[2023-06-21T09:52:54.231+0000] {logging_mixin.py:149} INFO - [2023-06-21T09:52:54.231+0000] {dagbag.py:541} INFO - Filling up the DagBag from /home/airflow/.local/lib/python3.7/site-packages/airflow/example_dags/example_subdag_operator.py
[2023-06-21T09:52:54.254+0000] {processor.py:836} INFO - DAG(s) dict_keys(['example_subdag_operator.section-1', 'example_subdag_operator.section-2', 'example_subdag_operator']) retrieved from /home/airflow/.local/lib/python3.7/site-packages/airflow/example_dags/example_subdag_operator.py
[2023-06-21T09:52:54.273+0000] {logging_mixin.py:149} INFO - [2023-06-21T09:52:54.273+0000] {dag.py:2726} INFO - Sync 3 DAGs
[2023-06-21T09:52:54.298+0000] {logging_mixin.py:149} INFO - [2023-06-21T09:52:54.298+0000] {dag.py:3490} INFO - Setting next_dagrun for example_subdag_operator to 2022-01-01T00:00:00+00:00, run_after=2022-01-01T00:00:00+00:00
[2023-06-21T09:52:54.301+0000] {logging_mixin.py:149} INFO - [2023-06-21T09:52:54.301+0000] {dag.py:3490} INFO - Setting next_dagrun for example_subdag_operator.section-1 to None, run_after=None
[2023-06-21T09:52:54.303+0000] {logging_mixin.py:149} INFO - [2023-06-21T09:52:54.303+0000] {dag.py:3490} INFO - Setting next_dagrun for example_subdag_operator.section-2 to None, run_after=None
[2023-06-21T09:52:54.310+0000] {logging_mixin.py:149} INFO - [2023-06-21T09:52:54.310+0000] {dag.py:2726} INFO - Sync 2 DAGs
[2023-06-21T09:52:54.316+0000] {logging_mixin.py:149} INFO - [2023-06-21T09:52:54.316+0000] {dag.py:3490} INFO - Setting next_dagrun for example_subdag_operator.section-1 to None, run_after=None
[2023-06-21T09:52:54.316+0000] {logging_mixin.py:149} INFO - [2023-06-21T09:52:54.316+0000] {dag.py:3490} INFO - Setting next_dagrun for example_subdag_operator.section-2 to None, run_after=None
[2023-06-21T09:52:54.330+0000] {processor.py:179} INFO - Processing /home/airflow/.local/lib/python3.7/site-packages/airflow/example_dags/example_subdag_operator.py took 0.103 seconds
[2023-06-21T09:53:24.886+0000] {processor.py:157} INFO - Started process (PID=386) to work on /home/airflow/.local/lib/python3.7/site-packages/airflow/example_dags/example_subdag_operator.py
[2023-06-21T09:53:24.887+0000] {processor.py:826} INFO - Processing file /home/airflow/.local/lib/python3.7/site-packages/airflow/example_dags/example_subdag_operator.py for tasks to queue
[2023-06-21T09:53:24.888+0000] {logging_mixin.py:149} INFO - [2023-06-21T09:53:24.888+0000] {dagbag.py:541} INFO - Filling up the DagBag from /home/airflow/.local/lib/python3.7/site-packages/airflow/example_dags/example_subdag_operator.py
[2023-06-21T09:53:24.911+0000] {processor.py:836} INFO - DAG(s) dict_keys(['example_subdag_operator.section-1', 'example_subdag_operator.section-2', 'example_subdag_operator']) retrieved from /home/airflow/.local/lib/python3.7/site-packages/airflow/example_dags/example_subdag_operator.py
[2023-06-21T09:53:24.930+0000] {logging_mixin.py:149} INFO - [2023-06-21T09:53:24.930+0000] {dag.py:2726} INFO - Sync 3 DAGs
[2023-06-21T09:53:24.954+0000] {logging_mixin.py:149} INFO - [2023-06-21T09:53:24.954+0000] {dag.py:3490} INFO - Setting next_dagrun for example_subdag_operator to 2022-01-01T00:00:00+00:00, run_after=2022-01-01T00:00:00+00:00
[2023-06-21T09:53:24.957+0000] {logging_mixin.py:149} INFO - [2023-06-21T09:53:24.957+0000] {dag.py:3490} INFO - Setting next_dagrun for example_subdag_operator.section-1 to None, run_after=None
[2023-06-21T09:53:24.959+0000] {logging_mixin.py:149} INFO - [2023-06-21T09:53:24.959+0000] {dag.py:3490} INFO - Setting next_dagrun for example_subdag_operator.section-2 to None, run_after=None
[2023-06-21T09:53:24.966+0000] {logging_mixin.py:149} INFO - [2023-06-21T09:53:24.965+0000] {dag.py:2726} INFO - Sync 2 DAGs
[2023-06-21T09:53:24.971+0000] {logging_mixin.py:149} INFO - [2023-06-21T09:53:24.971+0000] {dag.py:3490} INFO - Setting next_dagrun for example_subdag_operator.section-1 to None, run_after=None
[2023-06-21T09:53:24.972+0000] {logging_mixin.py:149} INFO - [2023-06-21T09:53:24.971+0000] {dag.py:3490} INFO - Setting next_dagrun for example_subdag_operator.section-2 to None, run_after=None
[2023-06-21T09:53:24.987+0000] {processor.py:179} INFO - Processing /home/airflow/.local/lib/python3.7/site-packages/airflow/example_dags/example_subdag_operator.py took 0.103 seconds
[2023-06-21T09:53:55.517+0000] {processor.py:157} INFO - Started process (PID=452) to work on /home/airflow/.local/lib/python3.7/site-packages/airflow/example_dags/example_subdag_operator.py
[2023-06-21T09:53:55.518+0000] {processor.py:826} INFO - Processing file /home/airflow/.local/lib/python3.7/site-packages/airflow/example_dags/example_subdag_operator.py for tasks to queue
[2023-06-21T09:53:55.519+0000] {logging_mixin.py:149} INFO - [2023-06-21T09:53:55.519+0000] {dagbag.py:541} INFO - Filling up the DagBag from /home/airflow/.local/lib/python3.7/site-packages/airflow/example_dags/example_subdag_operator.py
[2023-06-21T09:53:55.548+0000] {processor.py:836} INFO - DAG(s) dict_keys(['example_subdag_operator.section-1', 'example_subdag_operator.section-2', 'example_subdag_operator']) retrieved from /home/airflow/.local/lib/python3.7/site-packages/airflow/example_dags/example_subdag_operator.py
[2023-06-21T09:53:55.569+0000] {logging_mixin.py:149} INFO - [2023-06-21T09:53:55.569+0000] {dag.py:2726} INFO - Sync 3 DAGs
[2023-06-21T09:53:55.602+0000] {logging_mixin.py:149} INFO - [2023-06-21T09:53:55.602+0000] {dag.py:3490} INFO - Setting next_dagrun for example_subdag_operator to 2022-01-01T00:00:00+00:00, run_after=2022-01-01T00:00:00+00:00
[2023-06-21T09:53:55.606+0000] {logging_mixin.py:149} INFO - [2023-06-21T09:53:55.606+0000] {dag.py:3490} INFO - Setting next_dagrun for example_subdag_operator.section-1 to None, run_after=None
[2023-06-21T09:53:55.608+0000] {logging_mixin.py:149} INFO - [2023-06-21T09:53:55.608+0000] {dag.py:3490} INFO - Setting next_dagrun for example_subdag_operator.section-2 to None, run_after=None
[2023-06-21T09:53:55.620+0000] {logging_mixin.py:149} INFO - [2023-06-21T09:53:55.620+0000] {dag.py:2726} INFO - Sync 2 DAGs
[2023-06-21T09:53:55.629+0000] {logging_mixin.py:149} INFO - [2023-06-21T09:53:55.629+0000] {dag.py:3490} INFO - Setting next_dagrun for example_subdag_operator.section-1 to None, run_after=None
[2023-06-21T09:53:55.630+0000] {logging_mixin.py:149} INFO - [2023-06-21T09:53:55.630+0000] {dag.py:3490} INFO - Setting next_dagrun for example_subdag_operator.section-2 to None, run_after=None
[2023-06-21T09:53:55.645+0000] {processor.py:179} INFO - Processing /home/airflow/.local/lib/python3.7/site-packages/airflow/example_dags/example_subdag_operator.py took 0.132 seconds
[2023-06-21T09:54:26.063+0000] {processor.py:157} INFO - Started process (PID=518) to work on /home/airflow/.local/lib/python3.7/site-packages/airflow/example_dags/example_subdag_operator.py
[2023-06-21T09:54:26.064+0000] {processor.py:826} INFO - Processing file /home/airflow/.local/lib/python3.7/site-packages/airflow/example_dags/example_subdag_operator.py for tasks to queue
[2023-06-21T09:54:26.065+0000] {logging_mixin.py:149} INFO - [2023-06-21T09:54:26.065+0000] {dagbag.py:541} INFO - Filling up the DagBag from /home/airflow/.local/lib/python3.7/site-packages/airflow/example_dags/example_subdag_operator.py
[2023-06-21T09:54:26.090+0000] {processor.py:836} INFO - DAG(s) dict_keys(['example_subdag_operator.section-1', 'example_subdag_operator.section-2', 'example_subdag_operator']) retrieved from /home/airflow/.local/lib/python3.7/site-packages/airflow/example_dags/example_subdag_operator.py
[2023-06-21T09:54:26.110+0000] {logging_mixin.py:149} INFO - [2023-06-21T09:54:26.109+0000] {dag.py:2726} INFO - Sync 3 DAGs
[2023-06-21T09:54:26.134+0000] {logging_mixin.py:149} INFO - [2023-06-21T09:54:26.134+0000] {dag.py:3490} INFO - Setting next_dagrun for example_subdag_operator to 2022-01-01T00:00:00+00:00, run_after=2022-01-01T00:00:00+00:00
[2023-06-21T09:54:26.138+0000] {logging_mixin.py:149} INFO - [2023-06-21T09:54:26.137+0000] {dag.py:3490} INFO - Setting next_dagrun for example_subdag_operator.section-1 to None, run_after=None
[2023-06-21T09:54:26.139+0000] {logging_mixin.py:149} INFO - [2023-06-21T09:54:26.139+0000] {dag.py:3490} INFO - Setting next_dagrun for example_subdag_operator.section-2 to None, run_after=None
[2023-06-21T09:54:26.146+0000] {logging_mixin.py:149} INFO - [2023-06-21T09:54:26.146+0000] {dag.py:2726} INFO - Sync 2 DAGs
[2023-06-21T09:54:26.151+0000] {logging_mixin.py:149} INFO - [2023-06-21T09:54:26.151+0000] {dag.py:3490} INFO - Setting next_dagrun for example_subdag_operator.section-1 to None, run_after=None
[2023-06-21T09:54:26.152+0000] {logging_mixin.py:149} INFO - [2023-06-21T09:54:26.152+0000] {dag.py:3490} INFO - Setting next_dagrun for example_subdag_operator.section-2 to None, run_after=None
[2023-06-21T09:54:26.166+0000] {processor.py:179} INFO - Processing /home/airflow/.local/lib/python3.7/site-packages/airflow/example_dags/example_subdag_operator.py took 0.106 seconds
[2023-06-21T09:54:56.669+0000] {processor.py:157} INFO - Started process (PID=584) to work on /home/airflow/.local/lib/python3.7/site-packages/airflow/example_dags/example_subdag_operator.py
[2023-06-21T09:54:56.670+0000] {processor.py:826} INFO - Processing file /home/airflow/.local/lib/python3.7/site-packages/airflow/example_dags/example_subdag_operator.py for tasks to queue
[2023-06-21T09:54:56.671+0000] {logging_mixin.py:149} INFO - [2023-06-21T09:54:56.671+0000] {dagbag.py:541} INFO - Filling up the DagBag from /home/airflow/.local/lib/python3.7/site-packages/airflow/example_dags/example_subdag_operator.py
[2023-06-21T09:54:56.696+0000] {processor.py:836} INFO - DAG(s) dict_keys(['example_subdag_operator.section-1', 'example_subdag_operator.section-2', 'example_subdag_operator']) retrieved from /home/airflow/.local/lib/python3.7/site-packages/airflow/example_dags/example_subdag_operator.py
[2023-06-21T09:54:56.717+0000] {logging_mixin.py:149} INFO - [2023-06-21T09:54:56.717+0000] {dag.py:2726} INFO - Sync 3 DAGs
[2023-06-21T09:54:56.744+0000] {logging_mixin.py:149} INFO - [2023-06-21T09:54:56.744+0000] {dag.py:3490} INFO - Setting next_dagrun for example_subdag_operator to 2022-01-01T00:00:00+00:00, run_after=2022-01-01T00:00:00+00:00
[2023-06-21T09:54:56.749+0000] {logging_mixin.py:149} INFO - [2023-06-21T09:54:56.749+0000] {dag.py:3490} INFO - Setting next_dagrun for example_subdag_operator.section-1 to None, run_after=None
[2023-06-21T09:54:56.752+0000] {logging_mixin.py:149} INFO - [2023-06-21T09:54:56.751+0000] {dag.py:3490} INFO - Setting next_dagrun for example_subdag_operator.section-2 to None, run_after=None
[2023-06-21T09:54:56.762+0000] {logging_mixin.py:149} INFO - [2023-06-21T09:54:56.762+0000] {dag.py:2726} INFO - Sync 2 DAGs
[2023-06-21T09:54:56.768+0000] {logging_mixin.py:149} INFO - [2023-06-21T09:54:56.768+0000] {dag.py:3490} INFO - Setting next_dagrun for example_subdag_operator.section-1 to None, run_after=None
[2023-06-21T09:54:56.769+0000] {logging_mixin.py:149} INFO - [2023-06-21T09:54:56.769+0000] {dag.py:3490} INFO - Setting next_dagrun for example_subdag_operator.section-2 to None, run_after=None
[2023-06-21T09:54:56.783+0000] {processor.py:179} INFO - Processing /home/airflow/.local/lib/python3.7/site-packages/airflow/example_dags/example_subdag_operator.py took 0.117 seconds
[2023-06-21T09:55:27.217+0000] {processor.py:157} INFO - Started process (PID=650) to work on /home/airflow/.local/lib/python3.7/site-packages/airflow/example_dags/example_subdag_operator.py
[2023-06-21T09:55:27.218+0000] {processor.py:826} INFO - Processing file /home/airflow/.local/lib/python3.7/site-packages/airflow/example_dags/example_subdag_operator.py for tasks to queue
[2023-06-21T09:55:27.219+0000] {logging_mixin.py:149} INFO - [2023-06-21T09:55:27.219+0000] {dagbag.py:541} INFO - Filling up the DagBag from /home/airflow/.local/lib/python3.7/site-packages/airflow/example_dags/example_subdag_operator.py
[2023-06-21T09:55:27.241+0000] {processor.py:836} INFO - DAG(s) dict_keys(['example_subdag_operator.section-1', 'example_subdag_operator.section-2', 'example_subdag_operator']) retrieved from /home/airflow/.local/lib/python3.7/site-packages/airflow/example_dags/example_subdag_operator.py
[2023-06-21T09:55:27.258+0000] {logging_mixin.py:149} INFO - [2023-06-21T09:55:27.258+0000] {dag.py:2726} INFO - Sync 3 DAGs
[2023-06-21T09:55:27.284+0000] {logging_mixin.py:149} INFO - [2023-06-21T09:55:27.283+0000] {dag.py:3490} INFO - Setting next_dagrun for example_subdag_operator to 2022-01-01T00:00:00+00:00, run_after=2022-01-01T00:00:00+00:00
[2023-06-21T09:55:27.288+0000] {logging_mixin.py:149} INFO - [2023-06-21T09:55:27.288+0000] {dag.py:3490} INFO - Setting next_dagrun for example_subdag_operator.section-1 to None, run_after=None
[2023-06-21T09:55:27.291+0000] {logging_mixin.py:149} INFO - [2023-06-21T09:55:27.290+0000] {dag.py:3490} INFO - Setting next_dagrun for example_subdag_operator.section-2 to None, run_after=None
[2023-06-21T09:55:27.302+0000] {logging_mixin.py:149} INFO - [2023-06-21T09:55:27.301+0000] {dag.py:2726} INFO - Sync 2 DAGs
[2023-06-21T09:55:27.309+0000] {logging_mixin.py:149} INFO - [2023-06-21T09:55:27.309+0000] {dag.py:3490} INFO - Setting next_dagrun for example_subdag_operator.section-1 to None, run_after=None
[2023-06-21T09:55:27.310+0000] {logging_mixin.py:149} INFO - [2023-06-21T09:55:27.310+0000] {dag.py:3490} INFO - Setting next_dagrun for example_subdag_operator.section-2 to None, run_after=None
[2023-06-21T09:55:27.323+0000] {processor.py:179} INFO - Processing /home/airflow/.local/lib/python3.7/site-packages/airflow/example_dags/example_subdag_operator.py took 0.108 seconds
[2023-06-21T09:55:57.723+0000] {processor.py:157} INFO - Started process (PID=716) to work on /home/airflow/.local/lib/python3.7/site-packages/airflow/example_dags/example_subdag_operator.py
[2023-06-21T09:55:57.724+0000] {processor.py:826} INFO - Processing file /home/airflow/.local/lib/python3.7/site-packages/airflow/example_dags/example_subdag_operator.py for tasks to queue
[2023-06-21T09:55:57.725+0000] {logging_mixin.py:149} INFO - [2023-06-21T09:55:57.725+0000] {dagbag.py:541} INFO - Filling up the DagBag from /home/airflow/.local/lib/python3.7/site-packages/airflow/example_dags/example_subdag_operator.py
[2023-06-21T09:55:57.752+0000] {processor.py:836} INFO - DAG(s) dict_keys(['example_subdag_operator.section-1', 'example_subdag_operator.section-2', 'example_subdag_operator']) retrieved from /home/airflow/.local/lib/python3.7/site-packages/airflow/example_dags/example_subdag_operator.py
[2023-06-21T09:55:57.773+0000] {logging_mixin.py:149} INFO - [2023-06-21T09:55:57.773+0000] {dag.py:2726} INFO - Sync 3 DAGs
[2023-06-21T09:55:57.803+0000] {logging_mixin.py:149} INFO - [2023-06-21T09:55:57.803+0000] {dag.py:3490} INFO - Setting next_dagrun for example_subdag_operator to 2022-01-01T00:00:00+00:00, run_after=2022-01-01T00:00:00+00:00
[2023-06-21T09:55:57.807+0000] {logging_mixin.py:149} INFO - [2023-06-21T09:55:57.807+0000] {dag.py:3490} INFO - Setting next_dagrun for example_subdag_operator.section-1 to None, run_after=None
[2023-06-21T09:55:57.809+0000] {logging_mixin.py:149} INFO - [2023-06-21T09:55:57.809+0000] {dag.py:3490} INFO - Setting next_dagrun for example_subdag_operator.section-2 to None, run_after=None
[2023-06-21T09:55:57.820+0000] {logging_mixin.py:149} INFO - [2023-06-21T09:55:57.820+0000] {dag.py:2726} INFO - Sync 2 DAGs
[2023-06-21T09:55:57.827+0000] {logging_mixin.py:149} INFO - [2023-06-21T09:55:57.827+0000] {dag.py:3490} INFO - Setting next_dagrun for example_subdag_operator.section-1 to None, run_after=None
[2023-06-21T09:55:57.828+0000] {logging_mixin.py:149} INFO - [2023-06-21T09:55:57.828+0000] {dag.py:3490} INFO - Setting next_dagrun for example_subdag_operator.section-2 to None, run_after=None
[2023-06-21T09:55:57.840+0000] {processor.py:179} INFO - Processing /home/airflow/.local/lib/python3.7/site-packages/airflow/example_dags/example_subdag_operator.py took 0.120 seconds
[2023-06-21T09:56:28.113+0000] {processor.py:157} INFO - Started process (PID=782) to work on /home/airflow/.local/lib/python3.7/site-packages/airflow/example_dags/example_subdag_operator.py
[2023-06-21T09:56:28.114+0000] {processor.py:826} INFO - Processing file /home/airflow/.local/lib/python3.7/site-packages/airflow/example_dags/example_subdag_operator.py for tasks to queue
[2023-06-21T09:56:28.115+0000] {logging_mixin.py:149} INFO - [2023-06-21T09:56:28.115+0000] {dagbag.py:541} INFO - Filling up the DagBag from /home/airflow/.local/lib/python3.7/site-packages/airflow/example_dags/example_subdag_operator.py
[2023-06-21T09:56:28.138+0000] {processor.py:836} INFO - DAG(s) dict_keys(['example_subdag_operator.section-1', 'example_subdag_operator.section-2', 'example_subdag_operator']) retrieved from /home/airflow/.local/lib/python3.7/site-packages/airflow/example_dags/example_subdag_operator.py
[2023-06-21T09:56:28.157+0000] {logging_mixin.py:149} INFO - [2023-06-21T09:56:28.157+0000] {dag.py:2726} INFO - Sync 3 DAGs
[2023-06-21T09:56:28.183+0000] {logging_mixin.py:149} INFO - [2023-06-21T09:56:28.183+0000] {dag.py:3490} INFO - Setting next_dagrun for example_subdag_operator to 2022-01-01T00:00:00+00:00, run_after=2022-01-01T00:00:00+00:00
[2023-06-21T09:56:28.187+0000] {logging_mixin.py:149} INFO - [2023-06-21T09:56:28.187+0000] {dag.py:3490} INFO - Setting next_dagrun for example_subdag_operator.section-1 to None, run_after=None
[2023-06-21T09:56:28.189+0000] {logging_mixin.py:149} INFO - [2023-06-21T09:56:28.189+0000] {dag.py:3490} INFO - Setting next_dagrun for example_subdag_operator.section-2 to None, run_after=None
[2023-06-21T09:56:28.197+0000] {logging_mixin.py:149} INFO - [2023-06-21T09:56:28.197+0000] {dag.py:2726} INFO - Sync 2 DAGs
[2023-06-21T09:56:28.203+0000] {logging_mixin.py:149} INFO - [2023-06-21T09:56:28.203+0000] {dag.py:3490} INFO - Setting next_dagrun for example_subdag_operator.section-1 to None, run_after=None
[2023-06-21T09:56:28.203+0000] {logging_mixin.py:149} INFO - [2023-06-21T09:56:28.203+0000] {dag.py:3490} INFO - Setting next_dagrun for example_subdag_operator.section-2 to None, run_after=None
[2023-06-21T09:56:28.216+0000] {processor.py:179} INFO - Processing /home/airflow/.local/lib/python3.7/site-packages/airflow/example_dags/example_subdag_operator.py took 0.107 seconds
[2023-06-21T09:56:58.482+0000] {processor.py:157} INFO - Started process (PID=848) to work on /home/airflow/.local/lib/python3.7/site-packages/airflow/example_dags/example_subdag_operator.py
[2023-06-21T09:56:58.795+0000] {processor.py:826} INFO - Processing file /home/airflow/.local/lib/python3.7/site-packages/airflow/example_dags/example_subdag_operator.py for tasks to queue
[2023-06-21T09:56:58.797+0000] {logging_mixin.py:149} INFO - [2023-06-21T09:56:58.797+0000] {dagbag.py:541} INFO - Filling up the DagBag from /home/airflow/.local/lib/python3.7/site-packages/airflow/example_dags/example_subdag_operator.py
[2023-06-21T09:56:58.821+0000] {processor.py:836} INFO - DAG(s) dict_keys(['example_subdag_operator.section-1', 'example_subdag_operator.section-2', 'example_subdag_operator']) retrieved from /home/airflow/.local/lib/python3.7/site-packages/airflow/example_dags/example_subdag_operator.py
[2023-06-21T09:56:58.840+0000] {logging_mixin.py:149} INFO - [2023-06-21T09:56:58.839+0000] {dag.py:2726} INFO - Sync 3 DAGs
[2023-06-21T09:56:58.865+0000] {logging_mixin.py:149} INFO - [2023-06-21T09:56:58.865+0000] {dag.py:3490} INFO - Setting next_dagrun for example_subdag_operator to 2022-01-01T00:00:00+00:00, run_after=2022-01-01T00:00:00+00:00
[2023-06-21T09:56:58.869+0000] {logging_mixin.py:149} INFO - [2023-06-21T09:56:58.869+0000] {dag.py:3490} INFO - Setting next_dagrun for example_subdag_operator.section-1 to None, run_after=None
[2023-06-21T09:56:58.871+0000] {logging_mixin.py:149} INFO - [2023-06-21T09:56:58.871+0000] {dag.py:3490} INFO - Setting next_dagrun for example_subdag_operator.section-2 to None, run_after=None
[2023-06-21T09:56:58.880+0000] {logging_mixin.py:149} INFO - [2023-06-21T09:56:58.879+0000] {dag.py:2726} INFO - Sync 2 DAGs
[2023-06-21T09:56:58.886+0000] {logging_mixin.py:149} INFO - [2023-06-21T09:56:58.886+0000] {dag.py:3490} INFO - Setting next_dagrun for example_subdag_operator.section-1 to None, run_after=None
[2023-06-21T09:56:58.887+0000] {logging_mixin.py:149} INFO - [2023-06-21T09:56:58.886+0000] {dag.py:3490} INFO - Setting next_dagrun for example_subdag_operator.section-2 to None, run_after=None
[2023-06-21T09:56:58.900+0000] {processor.py:179} INFO - Processing /home/airflow/.local/lib/python3.7/site-packages/airflow/example_dags/example_subdag_operator.py took 0.421 seconds
