[2023-06-21T09:50:51.182+0000] {processor.py:157} INFO - Started process (PID=37) to work on /home/airflow/.local/lib/python3.7/site-packages/airflow/example_dags/example_branch_operator.py
[2023-06-21T09:50:51.184+0000] {processor.py:826} INFO - Processing file /home/airflow/.local/lib/python3.7/site-packages/airflow/example_dags/example_branch_operator.py for tasks to queue
[2023-06-21T09:50:51.185+0000] {logging_mixin.py:149} INFO - [2023-06-21T09:50:51.185+0000] {dagbag.py:541} INFO - Filling up the DagBag from /home/airflow/.local/lib/python3.7/site-packages/airflow/example_dags/example_branch_operator.py
[2023-06-21T09:50:51.208+0000] {processor.py:836} INFO - DAG(s) dict_keys(['example_branch_operator']) retrieved from /home/airflow/.local/lib/python3.7/site-packages/airflow/example_dags/example_branch_operator.py
[2023-06-21T09:50:51.229+0000] {logging_mixin.py:149} INFO - [2023-06-21T09:50:51.229+0000] {dag.py:2726} INFO - Sync 1 DAGs
[2023-06-21T09:50:51.265+0000] {logging_mixin.py:149} INFO - [2023-06-21T09:50:51.265+0000] {dag.py:3490} INFO - Setting next_dagrun for example_branch_operator to 2023-06-20T00:00:00+00:00, run_after=2023-06-21T00:00:00+00:00
[2023-06-21T09:50:51.289+0000] {processor.py:179} INFO - Processing /home/airflow/.local/lib/python3.7/site-packages/airflow/example_dags/example_branch_operator.py took 0.111 seconds
[2023-06-21T09:51:21.338+0000] {processor.py:157} INFO - Started process (PID=103) to work on /home/airflow/.local/lib/python3.7/site-packages/airflow/example_dags/example_branch_operator.py
[2023-06-21T09:51:21.339+0000] {processor.py:826} INFO - Processing file /home/airflow/.local/lib/python3.7/site-packages/airflow/example_dags/example_branch_operator.py for tasks to queue
[2023-06-21T09:51:21.340+0000] {logging_mixin.py:149} INFO - [2023-06-21T09:51:21.340+0000] {dagbag.py:541} INFO - Filling up the DagBag from /home/airflow/.local/lib/python3.7/site-packages/airflow/example_dags/example_branch_operator.py
[2023-06-21T09:51:21.349+0000] {processor.py:836} INFO - DAG(s) dict_keys(['example_branch_operator']) retrieved from /home/airflow/.local/lib/python3.7/site-packages/airflow/example_dags/example_branch_operator.py
[2023-06-21T09:51:21.362+0000] {logging_mixin.py:149} INFO - [2023-06-21T09:51:21.362+0000] {dag.py:2726} INFO - Sync 1 DAGs
[2023-06-21T09:51:21.391+0000] {logging_mixin.py:149} INFO - [2023-06-21T09:51:21.391+0000] {dag.py:3490} INFO - Setting next_dagrun for example_branch_operator to 2023-06-20T00:00:00+00:00, run_after=2023-06-21T00:00:00+00:00
[2023-06-21T09:51:21.411+0000] {processor.py:179} INFO - Processing /home/airflow/.local/lib/python3.7/site-packages/airflow/example_dags/example_branch_operator.py took 0.076 seconds
[2023-06-21T09:51:51.744+0000] {processor.py:157} INFO - Started process (PID=169) to work on /home/airflow/.local/lib/python3.7/site-packages/airflow/example_dags/example_branch_operator.py
[2023-06-21T09:51:51.745+0000] {processor.py:826} INFO - Processing file /home/airflow/.local/lib/python3.7/site-packages/airflow/example_dags/example_branch_operator.py for tasks to queue
[2023-06-21T09:51:51.746+0000] {logging_mixin.py:149} INFO - [2023-06-21T09:51:51.746+0000] {dagbag.py:541} INFO - Filling up the DagBag from /home/airflow/.local/lib/python3.7/site-packages/airflow/example_dags/example_branch_operator.py
[2023-06-21T09:51:51.756+0000] {processor.py:836} INFO - DAG(s) dict_keys(['example_branch_operator']) retrieved from /home/airflow/.local/lib/python3.7/site-packages/airflow/example_dags/example_branch_operator.py
[2023-06-21T09:51:51.783+0000] {logging_mixin.py:149} INFO - [2023-06-21T09:51:51.783+0000] {dag.py:2726} INFO - Sync 1 DAGs
[2023-06-21T09:51:51.809+0000] {logging_mixin.py:149} INFO - [2023-06-21T09:51:51.809+0000] {dag.py:3490} INFO - Setting next_dagrun for example_branch_operator to 2023-06-20T00:00:00+00:00, run_after=2023-06-21T00:00:00+00:00
[2023-06-21T09:51:51.827+0000] {processor.py:179} INFO - Processing /home/airflow/.local/lib/python3.7/site-packages/airflow/example_dags/example_branch_operator.py took 0.087 seconds
[2023-06-21T09:52:22.670+0000] {processor.py:157} INFO - Started process (PID=235) to work on /home/airflow/.local/lib/python3.7/site-packages/airflow/example_dags/example_branch_operator.py
[2023-06-21T09:52:22.671+0000] {processor.py:826} INFO - Processing file /home/airflow/.local/lib/python3.7/site-packages/airflow/example_dags/example_branch_operator.py for tasks to queue
[2023-06-21T09:52:22.672+0000] {logging_mixin.py:149} INFO - [2023-06-21T09:52:22.672+0000] {dagbag.py:541} INFO - Filling up the DagBag from /home/airflow/.local/lib/python3.7/site-packages/airflow/example_dags/example_branch_operator.py
[2023-06-21T09:52:22.682+0000] {processor.py:836} INFO - DAG(s) dict_keys(['example_branch_operator']) retrieved from /home/airflow/.local/lib/python3.7/site-packages/airflow/example_dags/example_branch_operator.py
[2023-06-21T09:52:22.707+0000] {logging_mixin.py:149} INFO - [2023-06-21T09:52:22.707+0000] {dag.py:2726} INFO - Sync 1 DAGs
[2023-06-21T09:52:22.737+0000] {logging_mixin.py:149} INFO - [2023-06-21T09:52:22.736+0000] {dag.py:3490} INFO - Setting next_dagrun for example_branch_operator to 2023-06-20T00:00:00+00:00, run_after=2023-06-21T00:00:00+00:00
[2023-06-21T09:52:22.760+0000] {processor.py:179} INFO - Processing /home/airflow/.local/lib/python3.7/site-packages/airflow/example_dags/example_branch_operator.py took 0.093 seconds
[2023-06-21T09:52:53.105+0000] {processor.py:157} INFO - Started process (PID=301) to work on /home/airflow/.local/lib/python3.7/site-packages/airflow/example_dags/example_branch_operator.py
[2023-06-21T09:52:53.106+0000] {processor.py:826} INFO - Processing file /home/airflow/.local/lib/python3.7/site-packages/airflow/example_dags/example_branch_operator.py for tasks to queue
[2023-06-21T09:52:53.107+0000] {logging_mixin.py:149} INFO - [2023-06-21T09:52:53.107+0000] {dagbag.py:541} INFO - Filling up the DagBag from /home/airflow/.local/lib/python3.7/site-packages/airflow/example_dags/example_branch_operator.py
[2023-06-21T09:52:53.116+0000] {processor.py:836} INFO - DAG(s) dict_keys(['example_branch_operator']) retrieved from /home/airflow/.local/lib/python3.7/site-packages/airflow/example_dags/example_branch_operator.py
[2023-06-21T09:52:53.140+0000] {logging_mixin.py:149} INFO - [2023-06-21T09:52:53.140+0000] {dag.py:2726} INFO - Sync 1 DAGs
[2023-06-21T09:52:53.166+0000] {logging_mixin.py:149} INFO - [2023-06-21T09:52:53.166+0000] {dag.py:3490} INFO - Setting next_dagrun for example_branch_operator to 2023-06-20T00:00:00+00:00, run_after=2023-06-21T00:00:00+00:00
[2023-06-21T09:52:53.185+0000] {processor.py:179} INFO - Processing /home/airflow/.local/lib/python3.7/site-packages/airflow/example_dags/example_branch_operator.py took 0.083 seconds
[2023-06-21T09:53:23.689+0000] {processor.py:157} INFO - Started process (PID=367) to work on /home/airflow/.local/lib/python3.7/site-packages/airflow/example_dags/example_branch_operator.py
[2023-06-21T09:53:23.690+0000] {processor.py:826} INFO - Processing file /home/airflow/.local/lib/python3.7/site-packages/airflow/example_dags/example_branch_operator.py for tasks to queue
[2023-06-21T09:53:23.691+0000] {logging_mixin.py:149} INFO - [2023-06-21T09:53:23.691+0000] {dagbag.py:541} INFO - Filling up the DagBag from /home/airflow/.local/lib/python3.7/site-packages/airflow/example_dags/example_branch_operator.py
[2023-06-21T09:53:23.699+0000] {processor.py:836} INFO - DAG(s) dict_keys(['example_branch_operator']) retrieved from /home/airflow/.local/lib/python3.7/site-packages/airflow/example_dags/example_branch_operator.py
[2023-06-21T09:53:23.727+0000] {logging_mixin.py:149} INFO - [2023-06-21T09:53:23.726+0000] {dag.py:2726} INFO - Sync 1 DAGs
[2023-06-21T09:53:23.752+0000] {logging_mixin.py:149} INFO - [2023-06-21T09:53:23.752+0000] {dag.py:3490} INFO - Setting next_dagrun for example_branch_operator to 2023-06-20T00:00:00+00:00, run_after=2023-06-21T00:00:00+00:00
[2023-06-21T09:53:23.773+0000] {processor.py:179} INFO - Processing /home/airflow/.local/lib/python3.7/site-packages/airflow/example_dags/example_branch_operator.py took 0.087 seconds
[2023-06-21T09:53:54.230+0000] {processor.py:157} INFO - Started process (PID=433) to work on /home/airflow/.local/lib/python3.7/site-packages/airflow/example_dags/example_branch_operator.py
[2023-06-21T09:53:54.231+0000] {processor.py:826} INFO - Processing file /home/airflow/.local/lib/python3.7/site-packages/airflow/example_dags/example_branch_operator.py for tasks to queue
[2023-06-21T09:53:54.232+0000] {logging_mixin.py:149} INFO - [2023-06-21T09:53:54.232+0000] {dagbag.py:541} INFO - Filling up the DagBag from /home/airflow/.local/lib/python3.7/site-packages/airflow/example_dags/example_branch_operator.py
[2023-06-21T09:53:54.241+0000] {processor.py:836} INFO - DAG(s) dict_keys(['example_branch_operator']) retrieved from /home/airflow/.local/lib/python3.7/site-packages/airflow/example_dags/example_branch_operator.py
[2023-06-21T09:53:54.266+0000] {logging_mixin.py:149} INFO - [2023-06-21T09:53:54.265+0000] {dag.py:2726} INFO - Sync 1 DAGs
[2023-06-21T09:53:54.291+0000] {logging_mixin.py:149} INFO - [2023-06-21T09:53:54.291+0000] {dag.py:3490} INFO - Setting next_dagrun for example_branch_operator to 2023-06-20T00:00:00+00:00, run_after=2023-06-21T00:00:00+00:00
[2023-06-21T09:53:54.311+0000] {processor.py:179} INFO - Processing /home/airflow/.local/lib/python3.7/site-packages/airflow/example_dags/example_branch_operator.py took 0.084 seconds
[2023-06-21T09:54:24.894+0000] {processor.py:157} INFO - Started process (PID=499) to work on /home/airflow/.local/lib/python3.7/site-packages/airflow/example_dags/example_branch_operator.py
[2023-06-21T09:54:24.896+0000] {processor.py:826} INFO - Processing file /home/airflow/.local/lib/python3.7/site-packages/airflow/example_dags/example_branch_operator.py for tasks to queue
[2023-06-21T09:54:24.897+0000] {logging_mixin.py:149} INFO - [2023-06-21T09:54:24.896+0000] {dagbag.py:541} INFO - Filling up the DagBag from /home/airflow/.local/lib/python3.7/site-packages/airflow/example_dags/example_branch_operator.py
[2023-06-21T09:54:24.908+0000] {processor.py:836} INFO - DAG(s) dict_keys(['example_branch_operator']) retrieved from /home/airflow/.local/lib/python3.7/site-packages/airflow/example_dags/example_branch_operator.py
[2023-06-21T09:54:24.939+0000] {logging_mixin.py:149} INFO - [2023-06-21T09:54:24.939+0000] {dag.py:2726} INFO - Sync 1 DAGs
[2023-06-21T09:54:24.969+0000] {logging_mixin.py:149} INFO - [2023-06-21T09:54:24.969+0000] {dag.py:3490} INFO - Setting next_dagrun for example_branch_operator to 2023-06-20T00:00:00+00:00, run_after=2023-06-21T00:00:00+00:00
[2023-06-21T09:54:24.993+0000] {processor.py:179} INFO - Processing /home/airflow/.local/lib/python3.7/site-packages/airflow/example_dags/example_branch_operator.py took 0.102 seconds
[2023-06-21T09:54:55.306+0000] {processor.py:157} INFO - Started process (PID=565) to work on /home/airflow/.local/lib/python3.7/site-packages/airflow/example_dags/example_branch_operator.py
[2023-06-21T09:54:55.307+0000] {processor.py:826} INFO - Processing file /home/airflow/.local/lib/python3.7/site-packages/airflow/example_dags/example_branch_operator.py for tasks to queue
[2023-06-21T09:54:55.308+0000] {logging_mixin.py:149} INFO - [2023-06-21T09:54:55.308+0000] {dagbag.py:541} INFO - Filling up the DagBag from /home/airflow/.local/lib/python3.7/site-packages/airflow/example_dags/example_branch_operator.py
[2023-06-21T09:54:55.318+0000] {processor.py:836} INFO - DAG(s) dict_keys(['example_branch_operator']) retrieved from /home/airflow/.local/lib/python3.7/site-packages/airflow/example_dags/example_branch_operator.py
[2023-06-21T09:54:55.342+0000] {logging_mixin.py:149} INFO - [2023-06-21T09:54:55.342+0000] {dag.py:2726} INFO - Sync 1 DAGs
[2023-06-21T09:54:55.369+0000] {logging_mixin.py:149} INFO - [2023-06-21T09:54:55.368+0000] {dag.py:3490} INFO - Setting next_dagrun for example_branch_operator to 2023-06-20T00:00:00+00:00, run_after=2023-06-21T00:00:00+00:00
[2023-06-21T09:54:55.389+0000] {processor.py:179} INFO - Processing /home/airflow/.local/lib/python3.7/site-packages/airflow/example_dags/example_branch_operator.py took 0.085 seconds
[2023-06-21T09:55:26.009+0000] {processor.py:157} INFO - Started process (PID=631) to work on /home/airflow/.local/lib/python3.7/site-packages/airflow/example_dags/example_branch_operator.py
[2023-06-21T09:55:26.010+0000] {processor.py:826} INFO - Processing file /home/airflow/.local/lib/python3.7/site-packages/airflow/example_dags/example_branch_operator.py for tasks to queue
[2023-06-21T09:55:26.011+0000] {logging_mixin.py:149} INFO - [2023-06-21T09:55:26.011+0000] {dagbag.py:541} INFO - Filling up the DagBag from /home/airflow/.local/lib/python3.7/site-packages/airflow/example_dags/example_branch_operator.py
[2023-06-21T09:55:26.021+0000] {processor.py:836} INFO - DAG(s) dict_keys(['example_branch_operator']) retrieved from /home/airflow/.local/lib/python3.7/site-packages/airflow/example_dags/example_branch_operator.py
[2023-06-21T09:55:26.048+0000] {logging_mixin.py:149} INFO - [2023-06-21T09:55:26.048+0000] {dag.py:2726} INFO - Sync 1 DAGs
[2023-06-21T09:55:26.075+0000] {logging_mixin.py:149} INFO - [2023-06-21T09:55:26.075+0000] {dag.py:3490} INFO - Setting next_dagrun for example_branch_operator to 2023-06-20T00:00:00+00:00, run_after=2023-06-21T00:00:00+00:00
[2023-06-21T09:55:26.093+0000] {processor.py:179} INFO - Processing /home/airflow/.local/lib/python3.7/site-packages/airflow/example_dags/example_branch_operator.py took 0.086 seconds
[2023-06-21T09:55:56.578+0000] {processor.py:157} INFO - Started process (PID=697) to work on /home/airflow/.local/lib/python3.7/site-packages/airflow/example_dags/example_branch_operator.py
[2023-06-21T09:55:56.579+0000] {processor.py:826} INFO - Processing file /home/airflow/.local/lib/python3.7/site-packages/airflow/example_dags/example_branch_operator.py for tasks to queue
[2023-06-21T09:55:56.580+0000] {logging_mixin.py:149} INFO - [2023-06-21T09:55:56.580+0000] {dagbag.py:541} INFO - Filling up the DagBag from /home/airflow/.local/lib/python3.7/site-packages/airflow/example_dags/example_branch_operator.py
[2023-06-21T09:55:56.589+0000] {processor.py:836} INFO - DAG(s) dict_keys(['example_branch_operator']) retrieved from /home/airflow/.local/lib/python3.7/site-packages/airflow/example_dags/example_branch_operator.py
[2023-06-21T09:55:56.614+0000] {logging_mixin.py:149} INFO - [2023-06-21T09:55:56.614+0000] {dag.py:2726} INFO - Sync 1 DAGs
[2023-06-21T09:55:56.641+0000] {logging_mixin.py:149} INFO - [2023-06-21T09:55:56.640+0000] {dag.py:3490} INFO - Setting next_dagrun for example_branch_operator to 2023-06-20T00:00:00+00:00, run_after=2023-06-21T00:00:00+00:00
[2023-06-21T09:55:56.660+0000] {processor.py:179} INFO - Processing /home/airflow/.local/lib/python3.7/site-packages/airflow/example_dags/example_branch_operator.py took 0.085 seconds
[2023-06-21T09:56:26.941+0000] {processor.py:157} INFO - Started process (PID=763) to work on /home/airflow/.local/lib/python3.7/site-packages/airflow/example_dags/example_branch_operator.py
[2023-06-21T09:56:26.942+0000] {processor.py:826} INFO - Processing file /home/airflow/.local/lib/python3.7/site-packages/airflow/example_dags/example_branch_operator.py for tasks to queue
[2023-06-21T09:56:26.943+0000] {logging_mixin.py:149} INFO - [2023-06-21T09:56:26.943+0000] {dagbag.py:541} INFO - Filling up the DagBag from /home/airflow/.local/lib/python3.7/site-packages/airflow/example_dags/example_branch_operator.py
[2023-06-21T09:56:26.953+0000] {processor.py:836} INFO - DAG(s) dict_keys(['example_branch_operator']) retrieved from /home/airflow/.local/lib/python3.7/site-packages/airflow/example_dags/example_branch_operator.py
[2023-06-21T09:56:26.979+0000] {logging_mixin.py:149} INFO - [2023-06-21T09:56:26.978+0000] {dag.py:2726} INFO - Sync 1 DAGs
[2023-06-21T09:56:27.004+0000] {logging_mixin.py:149} INFO - [2023-06-21T09:56:27.004+0000] {dag.py:3490} INFO - Setting next_dagrun for example_branch_operator to 2023-06-20T00:00:00+00:00, run_after=2023-06-21T00:00:00+00:00
[2023-06-21T09:56:27.022+0000] {processor.py:179} INFO - Processing /home/airflow/.local/lib/python3.7/site-packages/airflow/example_dags/example_branch_operator.py took 0.085 seconds
[2023-06-21T09:56:57.306+0000] {processor.py:157} INFO - Started process (PID=829) to work on /home/airflow/.local/lib/python3.7/site-packages/airflow/example_dags/example_branch_operator.py
[2023-06-21T09:56:57.307+0000] {processor.py:826} INFO - Processing file /home/airflow/.local/lib/python3.7/site-packages/airflow/example_dags/example_branch_operator.py for tasks to queue
[2023-06-21T09:56:57.308+0000] {logging_mixin.py:149} INFO - [2023-06-21T09:56:57.308+0000] {dagbag.py:541} INFO - Filling up the DagBag from /home/airflow/.local/lib/python3.7/site-packages/airflow/example_dags/example_branch_operator.py
[2023-06-21T09:56:57.317+0000] {processor.py:836} INFO - DAG(s) dict_keys(['example_branch_operator']) retrieved from /home/airflow/.local/lib/python3.7/site-packages/airflow/example_dags/example_branch_operator.py
[2023-06-21T09:56:57.344+0000] {logging_mixin.py:149} INFO - [2023-06-21T09:56:57.344+0000] {dag.py:2726} INFO - Sync 1 DAGs
[2023-06-21T09:56:57.372+0000] {logging_mixin.py:149} INFO - [2023-06-21T09:56:57.372+0000] {dag.py:3490} INFO - Setting next_dagrun for example_branch_operator to 2023-06-20T00:00:00+00:00, run_after=2023-06-21T00:00:00+00:00
[2023-06-21T09:56:57.393+0000] {processor.py:179} INFO - Processing /home/airflow/.local/lib/python3.7/site-packages/airflow/example_dags/example_branch_operator.py took 0.091 seconds
