[2023-06-21T09:50:51.370+0000] {processor.py:157} INFO - Started process (PID=40) to work on /home/airflow/.local/lib/python3.7/site-packages/airflow/example_dags/tutorial_dag.py
[2023-06-21T09:50:51.371+0000] {processor.py:826} INFO - Processing file /home/airflow/.local/lib/python3.7/site-packages/airflow/example_dags/tutorial_dag.py for tasks to queue
[2023-06-21T09:50:51.373+0000] {logging_mixin.py:149} INFO - [2023-06-21T09:50:51.372+0000] {dagbag.py:541} INFO - Filling up the DagBag from /home/airflow/.local/lib/python3.7/site-packages/airflow/example_dags/tutorial_dag.py
[2023-06-21T09:50:51.382+0000] {processor.py:836} INFO - DAG(s) dict_keys(['tutorial_dag']) retrieved from /home/airflow/.local/lib/python3.7/site-packages/airflow/example_dags/tutorial_dag.py
[2023-06-21T09:50:51.396+0000] {logging_mixin.py:149} INFO - [2023-06-21T09:50:51.396+0000] {dag.py:2726} INFO - Sync 1 DAGs
[2023-06-21T09:50:51.427+0000] {logging_mixin.py:149} INFO - [2023-06-21T09:50:51.427+0000] {dag.py:3490} INFO - Setting next_dagrun for tutorial_dag to None, run_after=None
[2023-06-21T09:50:51.452+0000] {processor.py:179} INFO - Processing /home/airflow/.local/lib/python3.7/site-packages/airflow/example_dags/tutorial_dag.py took 0.085 seconds
[2023-06-21T09:51:21.708+0000] {processor.py:157} INFO - Started process (PID=106) to work on /home/airflow/.local/lib/python3.7/site-packages/airflow/example_dags/tutorial_dag.py
[2023-06-21T09:51:21.709+0000] {processor.py:826} INFO - Processing file /home/airflow/.local/lib/python3.7/site-packages/airflow/example_dags/tutorial_dag.py for tasks to queue
[2023-06-21T09:51:21.710+0000] {logging_mixin.py:149} INFO - [2023-06-21T09:51:21.710+0000] {dagbag.py:541} INFO - Filling up the DagBag from /home/airflow/.local/lib/python3.7/site-packages/airflow/example_dags/tutorial_dag.py
[2023-06-21T09:51:21.715+0000] {processor.py:836} INFO - DAG(s) dict_keys(['tutorial_dag']) retrieved from /home/airflow/.local/lib/python3.7/site-packages/airflow/example_dags/tutorial_dag.py
[2023-06-21T09:51:21.727+0000] {logging_mixin.py:149} INFO - [2023-06-21T09:51:21.727+0000] {dag.py:2726} INFO - Sync 1 DAGs
[2023-06-21T09:51:21.754+0000] {logging_mixin.py:149} INFO - [2023-06-21T09:51:21.754+0000] {dag.py:3490} INFO - Setting next_dagrun for tutorial_dag to None, run_after=None
[2023-06-21T09:51:21.775+0000] {processor.py:179} INFO - Processing /home/airflow/.local/lib/python3.7/site-packages/airflow/example_dags/tutorial_dag.py took 0.070 seconds
[2023-06-21T09:51:51.972+0000] {processor.py:157} INFO - Started process (PID=172) to work on /home/airflow/.local/lib/python3.7/site-packages/airflow/example_dags/tutorial_dag.py
[2023-06-21T09:51:51.973+0000] {processor.py:826} INFO - Processing file /home/airflow/.local/lib/python3.7/site-packages/airflow/example_dags/tutorial_dag.py for tasks to queue
[2023-06-21T09:51:51.974+0000] {logging_mixin.py:149} INFO - [2023-06-21T09:51:51.974+0000] {dagbag.py:541} INFO - Filling up the DagBag from /home/airflow/.local/lib/python3.7/site-packages/airflow/example_dags/tutorial_dag.py
[2023-06-21T09:51:51.980+0000] {processor.py:836} INFO - DAG(s) dict_keys(['tutorial_dag']) retrieved from /home/airflow/.local/lib/python3.7/site-packages/airflow/example_dags/tutorial_dag.py
[2023-06-21T09:51:52.004+0000] {logging_mixin.py:149} INFO - [2023-06-21T09:51:52.004+0000] {dag.py:2726} INFO - Sync 1 DAGs
[2023-06-21T09:51:52.030+0000] {logging_mixin.py:149} INFO - [2023-06-21T09:51:52.030+0000] {dag.py:3490} INFO - Setting next_dagrun for tutorial_dag to None, run_after=None
[2023-06-21T09:51:52.055+0000] {processor.py:179} INFO - Processing /home/airflow/.local/lib/python3.7/site-packages/airflow/example_dags/tutorial_dag.py took 0.086 seconds
[2023-06-21T09:52:22.818+0000] {processor.py:157} INFO - Started process (PID=238) to work on /home/airflow/.local/lib/python3.7/site-packages/airflow/example_dags/tutorial_dag.py
[2023-06-21T09:52:22.819+0000] {processor.py:826} INFO - Processing file /home/airflow/.local/lib/python3.7/site-packages/airflow/example_dags/tutorial_dag.py for tasks to queue
[2023-06-21T09:52:22.820+0000] {logging_mixin.py:149} INFO - [2023-06-21T09:52:22.820+0000] {dagbag.py:541} INFO - Filling up the DagBag from /home/airflow/.local/lib/python3.7/site-packages/airflow/example_dags/tutorial_dag.py
[2023-06-21T09:52:22.825+0000] {processor.py:836} INFO - DAG(s) dict_keys(['tutorial_dag']) retrieved from /home/airflow/.local/lib/python3.7/site-packages/airflow/example_dags/tutorial_dag.py
[2023-06-21T09:52:22.850+0000] {logging_mixin.py:149} INFO - [2023-06-21T09:52:22.850+0000] {dag.py:2726} INFO - Sync 1 DAGs
[2023-06-21T09:52:22.879+0000] {logging_mixin.py:149} INFO - [2023-06-21T09:52:22.879+0000] {dag.py:3490} INFO - Setting next_dagrun for tutorial_dag to None, run_after=None
[2023-06-21T09:52:22.902+0000] {processor.py:179} INFO - Processing /home/airflow/.local/lib/python3.7/site-packages/airflow/example_dags/tutorial_dag.py took 0.086 seconds
[2023-06-21T09:52:53.285+0000] {processor.py:157} INFO - Started process (PID=304) to work on /home/airflow/.local/lib/python3.7/site-packages/airflow/example_dags/tutorial_dag.py
[2023-06-21T09:52:53.287+0000] {processor.py:826} INFO - Processing file /home/airflow/.local/lib/python3.7/site-packages/airflow/example_dags/tutorial_dag.py for tasks to queue
[2023-06-21T09:52:53.288+0000] {logging_mixin.py:149} INFO - [2023-06-21T09:52:53.288+0000] {dagbag.py:541} INFO - Filling up the DagBag from /home/airflow/.local/lib/python3.7/site-packages/airflow/example_dags/tutorial_dag.py
[2023-06-21T09:52:53.292+0000] {processor.py:836} INFO - DAG(s) dict_keys(['tutorial_dag']) retrieved from /home/airflow/.local/lib/python3.7/site-packages/airflow/example_dags/tutorial_dag.py
[2023-06-21T09:52:53.315+0000] {logging_mixin.py:149} INFO - [2023-06-21T09:52:53.315+0000] {dag.py:2726} INFO - Sync 1 DAGs
[2023-06-21T09:52:53.340+0000] {logging_mixin.py:149} INFO - [2023-06-21T09:52:53.340+0000] {dag.py:3490} INFO - Setting next_dagrun for tutorial_dag to None, run_after=None
[2023-06-21T09:52:53.361+0000] {processor.py:179} INFO - Processing /home/airflow/.local/lib/python3.7/site-packages/airflow/example_dags/tutorial_dag.py took 0.079 seconds
[2023-06-21T09:53:23.960+0000] {processor.py:157} INFO - Started process (PID=370) to work on /home/airflow/.local/lib/python3.7/site-packages/airflow/example_dags/tutorial_dag.py
[2023-06-21T09:53:23.961+0000] {processor.py:826} INFO - Processing file /home/airflow/.local/lib/python3.7/site-packages/airflow/example_dags/tutorial_dag.py for tasks to queue
[2023-06-21T09:53:23.962+0000] {logging_mixin.py:149} INFO - [2023-06-21T09:53:23.962+0000] {dagbag.py:541} INFO - Filling up the DagBag from /home/airflow/.local/lib/python3.7/site-packages/airflow/example_dags/tutorial_dag.py
[2023-06-21T09:53:23.966+0000] {processor.py:836} INFO - DAG(s) dict_keys(['tutorial_dag']) retrieved from /home/airflow/.local/lib/python3.7/site-packages/airflow/example_dags/tutorial_dag.py
[2023-06-21T09:53:23.992+0000] {logging_mixin.py:149} INFO - [2023-06-21T09:53:23.991+0000] {dag.py:2726} INFO - Sync 1 DAGs
[2023-06-21T09:53:24.015+0000] {logging_mixin.py:149} INFO - [2023-06-21T09:53:24.015+0000] {dag.py:3490} INFO - Setting next_dagrun for tutorial_dag to None, run_after=None
[2023-06-21T09:53:24.033+0000] {processor.py:179} INFO - Processing /home/airflow/.local/lib/python3.7/site-packages/airflow/example_dags/tutorial_dag.py took 0.076 seconds
[2023-06-21T09:53:54.354+0000] {processor.py:157} INFO - Started process (PID=436) to work on /home/airflow/.local/lib/python3.7/site-packages/airflow/example_dags/tutorial_dag.py
[2023-06-21T09:53:54.355+0000] {processor.py:826} INFO - Processing file /home/airflow/.local/lib/python3.7/site-packages/airflow/example_dags/tutorial_dag.py for tasks to queue
[2023-06-21T09:53:54.356+0000] {logging_mixin.py:149} INFO - [2023-06-21T09:53:54.356+0000] {dagbag.py:541} INFO - Filling up the DagBag from /home/airflow/.local/lib/python3.7/site-packages/airflow/example_dags/tutorial_dag.py
[2023-06-21T09:53:54.361+0000] {processor.py:836} INFO - DAG(s) dict_keys(['tutorial_dag']) retrieved from /home/airflow/.local/lib/python3.7/site-packages/airflow/example_dags/tutorial_dag.py
[2023-06-21T09:53:54.384+0000] {logging_mixin.py:149} INFO - [2023-06-21T09:53:54.383+0000] {dag.py:2726} INFO - Sync 1 DAGs
[2023-06-21T09:53:54.411+0000] {logging_mixin.py:149} INFO - [2023-06-21T09:53:54.411+0000] {dag.py:3490} INFO - Setting next_dagrun for tutorial_dag to None, run_after=None
[2023-06-21T09:53:54.430+0000] {processor.py:179} INFO - Processing /home/airflow/.local/lib/python3.7/site-packages/airflow/example_dags/tutorial_dag.py took 0.079 seconds
[2023-06-21T09:54:25.047+0000] {processor.py:157} INFO - Started process (PID=502) to work on /home/airflow/.local/lib/python3.7/site-packages/airflow/example_dags/tutorial_dag.py
[2023-06-21T09:54:25.048+0000] {processor.py:826} INFO - Processing file /home/airflow/.local/lib/python3.7/site-packages/airflow/example_dags/tutorial_dag.py for tasks to queue
[2023-06-21T09:54:25.048+0000] {logging_mixin.py:149} INFO - [2023-06-21T09:54:25.048+0000] {dagbag.py:541} INFO - Filling up the DagBag from /home/airflow/.local/lib/python3.7/site-packages/airflow/example_dags/tutorial_dag.py
[2023-06-21T09:54:25.055+0000] {processor.py:836} INFO - DAG(s) dict_keys(['tutorial_dag']) retrieved from /home/airflow/.local/lib/python3.7/site-packages/airflow/example_dags/tutorial_dag.py
[2023-06-21T09:54:25.080+0000] {logging_mixin.py:149} INFO - [2023-06-21T09:54:25.080+0000] {dag.py:2726} INFO - Sync 1 DAGs
[2023-06-21T09:54:25.106+0000] {logging_mixin.py:149} INFO - [2023-06-21T09:54:25.106+0000] {dag.py:3490} INFO - Setting next_dagrun for tutorial_dag to None, run_after=None
[2023-06-21T09:54:25.127+0000] {processor.py:179} INFO - Processing /home/airflow/.local/lib/python3.7/site-packages/airflow/example_dags/tutorial_dag.py took 0.084 seconds
[2023-06-21T09:54:55.483+0000] {processor.py:157} INFO - Started process (PID=568) to work on /home/airflow/.local/lib/python3.7/site-packages/airflow/example_dags/tutorial_dag.py
[2023-06-21T09:54:55.484+0000] {processor.py:826} INFO - Processing file /home/airflow/.local/lib/python3.7/site-packages/airflow/example_dags/tutorial_dag.py for tasks to queue
[2023-06-21T09:54:55.485+0000] {logging_mixin.py:149} INFO - [2023-06-21T09:54:55.485+0000] {dagbag.py:541} INFO - Filling up the DagBag from /home/airflow/.local/lib/python3.7/site-packages/airflow/example_dags/tutorial_dag.py
[2023-06-21T09:54:55.489+0000] {processor.py:836} INFO - DAG(s) dict_keys(['tutorial_dag']) retrieved from /home/airflow/.local/lib/python3.7/site-packages/airflow/example_dags/tutorial_dag.py
[2023-06-21T09:54:55.512+0000] {logging_mixin.py:149} INFO - [2023-06-21T09:54:55.512+0000] {dag.py:2726} INFO - Sync 1 DAGs
[2023-06-21T09:54:55.536+0000] {logging_mixin.py:149} INFO - [2023-06-21T09:54:55.536+0000] {dag.py:3490} INFO - Setting next_dagrun for tutorial_dag to None, run_after=None
[2023-06-21T09:54:55.556+0000] {processor.py:179} INFO - Processing /home/airflow/.local/lib/python3.7/site-packages/airflow/example_dags/tutorial_dag.py took 0.077 seconds
[2023-06-21T09:55:26.147+0000] {processor.py:157} INFO - Started process (PID=634) to work on /home/airflow/.local/lib/python3.7/site-packages/airflow/example_dags/tutorial_dag.py
[2023-06-21T09:55:26.148+0000] {processor.py:826} INFO - Processing file /home/airflow/.local/lib/python3.7/site-packages/airflow/example_dags/tutorial_dag.py for tasks to queue
[2023-06-21T09:55:26.149+0000] {logging_mixin.py:149} INFO - [2023-06-21T09:55:26.148+0000] {dagbag.py:541} INFO - Filling up the DagBag from /home/airflow/.local/lib/python3.7/site-packages/airflow/example_dags/tutorial_dag.py
[2023-06-21T09:55:26.153+0000] {processor.py:836} INFO - DAG(s) dict_keys(['tutorial_dag']) retrieved from /home/airflow/.local/lib/python3.7/site-packages/airflow/example_dags/tutorial_dag.py
[2023-06-21T09:55:26.175+0000] {logging_mixin.py:149} INFO - [2023-06-21T09:55:26.175+0000] {dag.py:2726} INFO - Sync 1 DAGs
[2023-06-21T09:55:26.199+0000] {logging_mixin.py:149} INFO - [2023-06-21T09:55:26.199+0000] {dag.py:3490} INFO - Setting next_dagrun for tutorial_dag to None, run_after=None
[2023-06-21T09:55:26.217+0000] {processor.py:179} INFO - Processing /home/airflow/.local/lib/python3.7/site-packages/airflow/example_dags/tutorial_dag.py took 0.073 seconds
[2023-06-21T09:55:56.713+0000] {processor.py:157} INFO - Started process (PID=700) to work on /home/airflow/.local/lib/python3.7/site-packages/airflow/example_dags/tutorial_dag.py
[2023-06-21T09:55:56.714+0000] {processor.py:826} INFO - Processing file /home/airflow/.local/lib/python3.7/site-packages/airflow/example_dags/tutorial_dag.py for tasks to queue
[2023-06-21T09:55:56.715+0000] {logging_mixin.py:149} INFO - [2023-06-21T09:55:56.715+0000] {dagbag.py:541} INFO - Filling up the DagBag from /home/airflow/.local/lib/python3.7/site-packages/airflow/example_dags/tutorial_dag.py
[2023-06-21T09:55:56.720+0000] {processor.py:836} INFO - DAG(s) dict_keys(['tutorial_dag']) retrieved from /home/airflow/.local/lib/python3.7/site-packages/airflow/example_dags/tutorial_dag.py
[2023-06-21T09:55:56.740+0000] {logging_mixin.py:149} INFO - [2023-06-21T09:55:56.740+0000] {dag.py:2726} INFO - Sync 1 DAGs
[2023-06-21T09:55:56.763+0000] {logging_mixin.py:149} INFO - [2023-06-21T09:55:56.763+0000] {dag.py:3490} INFO - Setting next_dagrun for tutorial_dag to None, run_after=None
[2023-06-21T09:55:56.784+0000] {processor.py:179} INFO - Processing /home/airflow/.local/lib/python3.7/site-packages/airflow/example_dags/tutorial_dag.py took 0.074 seconds
[2023-06-21T09:56:27.076+0000] {processor.py:157} INFO - Started process (PID=766) to work on /home/airflow/.local/lib/python3.7/site-packages/airflow/example_dags/tutorial_dag.py
[2023-06-21T09:56:27.077+0000] {processor.py:826} INFO - Processing file /home/airflow/.local/lib/python3.7/site-packages/airflow/example_dags/tutorial_dag.py for tasks to queue
[2023-06-21T09:56:27.078+0000] {logging_mixin.py:149} INFO - [2023-06-21T09:56:27.078+0000] {dagbag.py:541} INFO - Filling up the DagBag from /home/airflow/.local/lib/python3.7/site-packages/airflow/example_dags/tutorial_dag.py
[2023-06-21T09:56:27.084+0000] {processor.py:836} INFO - DAG(s) dict_keys(['tutorial_dag']) retrieved from /home/airflow/.local/lib/python3.7/site-packages/airflow/example_dags/tutorial_dag.py
[2023-06-21T09:56:27.109+0000] {logging_mixin.py:149} INFO - [2023-06-21T09:56:27.108+0000] {dag.py:2726} INFO - Sync 1 DAGs
[2023-06-21T09:56:27.134+0000] {logging_mixin.py:149} INFO - [2023-06-21T09:56:27.134+0000] {dag.py:3490} INFO - Setting next_dagrun for tutorial_dag to None, run_after=None
[2023-06-21T09:56:27.159+0000] {processor.py:179} INFO - Processing /home/airflow/.local/lib/python3.7/site-packages/airflow/example_dags/tutorial_dag.py took 0.086 seconds
[2023-06-21T09:56:57.595+0000] {processor.py:157} INFO - Started process (PID=832) to work on /home/airflow/.local/lib/python3.7/site-packages/airflow/example_dags/tutorial_dag.py
[2023-06-21T09:56:57.596+0000] {processor.py:826} INFO - Processing file /home/airflow/.local/lib/python3.7/site-packages/airflow/example_dags/tutorial_dag.py for tasks to queue
[2023-06-21T09:56:57.597+0000] {logging_mixin.py:149} INFO - [2023-06-21T09:56:57.597+0000] {dagbag.py:541} INFO - Filling up the DagBag from /home/airflow/.local/lib/python3.7/site-packages/airflow/example_dags/tutorial_dag.py
[2023-06-21T09:56:57.602+0000] {processor.py:836} INFO - DAG(s) dict_keys(['tutorial_dag']) retrieved from /home/airflow/.local/lib/python3.7/site-packages/airflow/example_dags/tutorial_dag.py
[2023-06-21T09:56:57.625+0000] {logging_mixin.py:149} INFO - [2023-06-21T09:56:57.625+0000] {dag.py:2726} INFO - Sync 1 DAGs
[2023-06-21T09:56:57.648+0000] {logging_mixin.py:149} INFO - [2023-06-21T09:56:57.648+0000] {dag.py:3490} INFO - Setting next_dagrun for tutorial_dag to None, run_after=None
[2023-06-21T09:56:57.668+0000] {processor.py:179} INFO - Processing /home/airflow/.local/lib/python3.7/site-packages/airflow/example_dags/tutorial_dag.py took 0.075 seconds
