[2023-06-23T13:14:28.945+0000] {processor.py:157} INFO - Started process (PID=32) to work on /opt/airflow/dags/init.py
[2023-06-23T13:14:28.946+0000] {processor.py:826} INFO - Processing file /opt/airflow/dags/init.py for tasks to queue
[2023-06-23T13:14:28.947+0000] {logging_mixin.py:149} INFO - [2023-06-23T13:14:28.947+0000] {dagbag.py:541} INFO - Filling up the DagBag from /opt/airflow/dags/init.py
[2023-06-23T13:14:29.000+0000] {processor.py:836} INFO - DAG(s) dict_keys(['1_Project_Badge_5']) retrieved from /opt/airflow/dags/init.py
[2023-06-23T13:14:29.247+0000] {logging_mixin.py:149} INFO - [2023-06-23T13:14:29.247+0000] {dag.py:2726} INFO - Sync 1 DAGs
[2023-06-23T13:14:29.321+0000] {logging_mixin.py:149} INFO - [2023-06-23T13:14:29.320+0000] {dag.py:3490} INFO - Setting next_dagrun for 1_Project_Badge_5 to 2023-06-20T00:00:00+00:00, run_after=2023-06-20T00:00:00+00:00
[2023-06-23T13:14:29.356+0000] {processor.py:179} INFO - Processing /opt/airflow/dags/init.py took 0.417 seconds
[2023-06-23T13:15:00.142+0000] {processor.py:157} INFO - Started process (PID=98) to work on /opt/airflow/dags/init.py
[2023-06-23T13:15:00.144+0000] {processor.py:826} INFO - Processing file /opt/airflow/dags/init.py for tasks to queue
[2023-06-23T13:15:00.145+0000] {logging_mixin.py:149} INFO - [2023-06-23T13:15:00.145+0000] {dagbag.py:541} INFO - Filling up the DagBag from /opt/airflow/dags/init.py
[2023-06-23T13:15:00.176+0000] {processor.py:836} INFO - DAG(s) dict_keys(['1_Project_Badge_5']) retrieved from /opt/airflow/dags/init.py
[2023-06-23T13:15:00.253+0000] {logging_mixin.py:149} INFO - [2023-06-23T13:15:00.253+0000] {dag.py:2726} INFO - Sync 1 DAGs
[2023-06-23T13:15:00.283+0000] {logging_mixin.py:149} INFO - [2023-06-23T13:15:00.283+0000] {dag.py:3490} INFO - Setting next_dagrun for 1_Project_Badge_5 to 2023-06-20T00:00:00+00:00, run_after=2023-06-20T00:00:00+00:00
[2023-06-23T13:15:00.311+0000] {processor.py:179} INFO - Processing /opt/airflow/dags/init.py took 0.172 seconds
[2023-06-23T13:15:30.423+0000] {processor.py:157} INFO - Started process (PID=164) to work on /opt/airflow/dags/init.py
[2023-06-23T13:15:30.425+0000] {processor.py:826} INFO - Processing file /opt/airflow/dags/init.py for tasks to queue
[2023-06-23T13:15:30.426+0000] {logging_mixin.py:149} INFO - [2023-06-23T13:15:30.426+0000] {dagbag.py:541} INFO - Filling up the DagBag from /opt/airflow/dags/init.py
[2023-06-23T13:15:30.448+0000] {processor.py:836} INFO - DAG(s) dict_keys(['1_Project_Badge_5']) retrieved from /opt/airflow/dags/init.py
[2023-06-23T13:15:30.469+0000] {logging_mixin.py:149} INFO - [2023-06-23T13:15:30.469+0000] {dag.py:2726} INFO - Sync 1 DAGs
[2023-06-23T13:15:30.493+0000] {logging_mixin.py:149} INFO - [2023-06-23T13:15:30.493+0000] {dag.py:3490} INFO - Setting next_dagrun for 1_Project_Badge_5 to 2023-06-20T00:00:00+00:00, run_after=2023-06-20T00:00:00+00:00
[2023-06-23T13:15:30.515+0000] {processor.py:179} INFO - Processing /opt/airflow/dags/init.py took 0.097 seconds
[2023-06-23T13:16:00.911+0000] {processor.py:157} INFO - Started process (PID=230) to work on /opt/airflow/dags/init.py
[2023-06-23T13:16:00.913+0000] {processor.py:826} INFO - Processing file /opt/airflow/dags/init.py for tasks to queue
[2023-06-23T13:16:00.914+0000] {logging_mixin.py:149} INFO - [2023-06-23T13:16:00.914+0000] {dagbag.py:541} INFO - Filling up the DagBag from /opt/airflow/dags/init.py
[2023-06-23T13:16:00.939+0000] {processor.py:836} INFO - DAG(s) dict_keys(['1_Project_Badge_5']) retrieved from /opt/airflow/dags/init.py
[2023-06-23T13:16:00.969+0000] {logging_mixin.py:149} INFO - [2023-06-23T13:16:00.969+0000] {dag.py:2726} INFO - Sync 1 DAGs
[2023-06-23T13:16:00.995+0000] {logging_mixin.py:149} INFO - [2023-06-23T13:16:00.995+0000] {dag.py:3490} INFO - Setting next_dagrun for 1_Project_Badge_5 to 2023-06-20T00:00:00+00:00, run_after=2023-06-20T00:00:00+00:00
[2023-06-23T13:16:01.017+0000] {processor.py:179} INFO - Processing /opt/airflow/dags/init.py took 0.111 seconds
[2023-06-23T13:38:38.422+0000] {processor.py:157} INFO - Started process (PID=31) to work on /opt/airflow/dags/init.py
[2023-06-23T13:38:38.424+0000] {processor.py:826} INFO - Processing file /opt/airflow/dags/init.py for tasks to queue
[2023-06-23T13:38:38.425+0000] {logging_mixin.py:149} INFO - [2023-06-23T13:38:38.425+0000] {dagbag.py:541} INFO - Filling up the DagBag from /opt/airflow/dags/init.py
[2023-06-23T13:38:38.487+0000] {processor.py:836} INFO - DAG(s) dict_keys(['1_Project_Badge_5']) retrieved from /opt/airflow/dags/init.py
[2023-06-23T13:38:38.761+0000] {logging_mixin.py:149} INFO - [2023-06-23T13:38:38.760+0000] {dag.py:2726} INFO - Sync 1 DAGs
[2023-06-23T13:38:38.797+0000] {logging_mixin.py:149} INFO - [2023-06-23T13:38:38.797+0000] {dag.py:3490} INFO - Setting next_dagrun for 1_Project_Badge_5 to 2023-06-20T00:00:00+00:00, run_after=2023-06-20T00:00:00+00:00
[2023-06-23T13:38:38.840+0000] {processor.py:179} INFO - Processing /opt/airflow/dags/init.py took 0.421 seconds
[2023-06-23T13:39:09.247+0000] {processor.py:157} INFO - Started process (PID=97) to work on /opt/airflow/dags/init.py
[2023-06-23T13:39:09.248+0000] {processor.py:826} INFO - Processing file /opt/airflow/dags/init.py for tasks to queue
[2023-06-23T13:39:09.249+0000] {logging_mixin.py:149} INFO - [2023-06-23T13:39:09.249+0000] {dagbag.py:541} INFO - Filling up the DagBag from /opt/airflow/dags/init.py
[2023-06-23T13:39:09.280+0000] {processor.py:836} INFO - DAG(s) dict_keys(['1_Project_Badge_5']) retrieved from /opt/airflow/dags/init.py
[2023-06-23T13:39:09.308+0000] {logging_mixin.py:149} INFO - [2023-06-23T13:39:09.308+0000] {dag.py:2726} INFO - Sync 1 DAGs
[2023-06-23T13:39:09.339+0000] {logging_mixin.py:149} INFO - [2023-06-23T13:39:09.339+0000] {dag.py:3490} INFO - Setting next_dagrun for 1_Project_Badge_5 to 2023-06-20T00:00:00+00:00, run_after=2023-06-20T00:00:00+00:00
[2023-06-23T13:39:09.378+0000] {processor.py:179} INFO - Processing /opt/airflow/dags/init.py took 0.134 seconds
[2023-06-23T13:39:39.904+0000] {processor.py:157} INFO - Started process (PID=163) to work on /opt/airflow/dags/init.py
[2023-06-23T13:39:39.906+0000] {processor.py:826} INFO - Processing file /opt/airflow/dags/init.py for tasks to queue
[2023-06-23T13:39:39.907+0000] {logging_mixin.py:149} INFO - [2023-06-23T13:39:39.907+0000] {dagbag.py:541} INFO - Filling up the DagBag from /opt/airflow/dags/init.py
[2023-06-23T13:39:39.940+0000] {processor.py:836} INFO - DAG(s) dict_keys(['1_Project_Badge_5']) retrieved from /opt/airflow/dags/init.py
[2023-06-23T13:39:39.973+0000] {logging_mixin.py:149} INFO - [2023-06-23T13:39:39.973+0000] {dag.py:2726} INFO - Sync 1 DAGs
[2023-06-23T13:39:40.015+0000] {logging_mixin.py:149} INFO - [2023-06-23T13:39:40.014+0000] {dag.py:3490} INFO - Setting next_dagrun for 1_Project_Badge_5 to 2023-06-20T00:00:00+00:00, run_after=2023-06-20T00:00:00+00:00
[2023-06-23T13:39:40.041+0000] {processor.py:179} INFO - Processing /opt/airflow/dags/init.py took 0.143 seconds
[2023-06-23T13:40:10.113+0000] {processor.py:157} INFO - Started process (PID=229) to work on /opt/airflow/dags/init.py
[2023-06-23T13:40:10.114+0000] {processor.py:826} INFO - Processing file /opt/airflow/dags/init.py for tasks to queue
[2023-06-23T13:40:10.115+0000] {logging_mixin.py:149} INFO - [2023-06-23T13:40:10.115+0000] {dagbag.py:541} INFO - Filling up the DagBag from /opt/airflow/dags/init.py
[2023-06-23T13:40:10.137+0000] {processor.py:836} INFO - DAG(s) dict_keys(['1_Project_Badge_5']) retrieved from /opt/airflow/dags/init.py
[2023-06-23T13:40:10.159+0000] {logging_mixin.py:149} INFO - [2023-06-23T13:40:10.159+0000] {dag.py:2726} INFO - Sync 1 DAGs
[2023-06-23T13:40:10.183+0000] {logging_mixin.py:149} INFO - [2023-06-23T13:40:10.183+0000] {dag.py:3490} INFO - Setting next_dagrun for 1_Project_Badge_5 to 2023-06-20T00:00:00+00:00, run_after=2023-06-20T00:00:00+00:00
[2023-06-23T13:40:10.204+0000] {processor.py:179} INFO - Processing /opt/airflow/dags/init.py took 0.095 seconds
[2023-06-23T13:40:40.409+0000] {processor.py:157} INFO - Started process (PID=295) to work on /opt/airflow/dags/init.py
[2023-06-23T13:40:40.410+0000] {processor.py:826} INFO - Processing file /opt/airflow/dags/init.py for tasks to queue
[2023-06-23T13:40:40.411+0000] {logging_mixin.py:149} INFO - [2023-06-23T13:40:40.411+0000] {dagbag.py:541} INFO - Filling up the DagBag from /opt/airflow/dags/init.py
[2023-06-23T13:40:40.433+0000] {processor.py:836} INFO - DAG(s) dict_keys(['1_Project_Badge_5']) retrieved from /opt/airflow/dags/init.py
[2023-06-23T13:40:40.453+0000] {logging_mixin.py:149} INFO - [2023-06-23T13:40:40.453+0000] {dag.py:2726} INFO - Sync 1 DAGs
[2023-06-23T13:40:40.477+0000] {logging_mixin.py:149} INFO - [2023-06-23T13:40:40.477+0000] {dag.py:3490} INFO - Setting next_dagrun for 1_Project_Badge_5 to 2023-06-20T00:00:00+00:00, run_after=2023-06-20T00:00:00+00:00
[2023-06-23T13:40:40.500+0000] {processor.py:179} INFO - Processing /opt/airflow/dags/init.py took 0.094 seconds
[2023-06-23T13:41:10.873+0000] {processor.py:157} INFO - Started process (PID=361) to work on /opt/airflow/dags/init.py
[2023-06-23T13:41:10.874+0000] {processor.py:826} INFO - Processing file /opt/airflow/dags/init.py for tasks to queue
[2023-06-23T13:41:10.876+0000] {logging_mixin.py:149} INFO - [2023-06-23T13:41:10.875+0000] {dagbag.py:541} INFO - Filling up the DagBag from /opt/airflow/dags/init.py
[2023-06-23T13:41:10.899+0000] {processor.py:836} INFO - DAG(s) dict_keys(['1_Project_Badge_5']) retrieved from /opt/airflow/dags/init.py
[2023-06-23T13:41:10.918+0000] {logging_mixin.py:149} INFO - [2023-06-23T13:41:10.918+0000] {dag.py:2726} INFO - Sync 1 DAGs
[2023-06-23T13:41:10.942+0000] {logging_mixin.py:149} INFO - [2023-06-23T13:41:10.942+0000] {dag.py:3490} INFO - Setting next_dagrun for 1_Project_Badge_5 to 2023-06-20T00:00:00+00:00, run_after=2023-06-20T00:00:00+00:00
[2023-06-23T13:41:10.963+0000] {processor.py:179} INFO - Processing /opt/airflow/dags/init.py took 0.093 seconds
[2023-06-23T13:41:41.663+0000] {processor.py:157} INFO - Started process (PID=428) to work on /opt/airflow/dags/init.py
[2023-06-23T13:41:41.664+0000] {processor.py:826} INFO - Processing file /opt/airflow/dags/init.py for tasks to queue
[2023-06-23T13:41:41.665+0000] {logging_mixin.py:149} INFO - [2023-06-23T13:41:41.664+0000] {dagbag.py:541} INFO - Filling up the DagBag from /opt/airflow/dags/init.py
[2023-06-23T13:41:41.685+0000] {processor.py:836} INFO - DAG(s) dict_keys(['1_Project_Badge_5']) retrieved from /opt/airflow/dags/init.py
[2023-06-23T13:41:41.705+0000] {logging_mixin.py:149} INFO - [2023-06-23T13:41:41.705+0000] {dag.py:2726} INFO - Sync 1 DAGs
[2023-06-23T13:41:41.728+0000] {logging_mixin.py:149} INFO - [2023-06-23T13:41:41.728+0000] {dag.py:3490} INFO - Setting next_dagrun for 1_Project_Badge_5 to 2023-06-20T00:00:00+00:00, run_after=2023-06-20T00:00:00+00:00
[2023-06-23T13:41:41.749+0000] {processor.py:179} INFO - Processing /opt/airflow/dags/init.py took 0.089 seconds
[2023-06-23T13:42:11.876+0000] {processor.py:157} INFO - Started process (PID=493) to work on /opt/airflow/dags/init.py
[2023-06-23T13:42:11.877+0000] {processor.py:826} INFO - Processing file /opt/airflow/dags/init.py for tasks to queue
[2023-06-23T13:42:11.878+0000] {logging_mixin.py:149} INFO - [2023-06-23T13:42:11.878+0000] {dagbag.py:541} INFO - Filling up the DagBag from /opt/airflow/dags/init.py
[2023-06-23T13:42:11.901+0000] {processor.py:836} INFO - DAG(s) dict_keys(['1_Project_Badge_5']) retrieved from /opt/airflow/dags/init.py
[2023-06-23T13:42:11.924+0000] {logging_mixin.py:149} INFO - [2023-06-23T13:42:11.924+0000] {dag.py:2726} INFO - Sync 1 DAGs
[2023-06-23T13:42:11.949+0000] {logging_mixin.py:149} INFO - [2023-06-23T13:42:11.949+0000] {dag.py:3490} INFO - Setting next_dagrun for 1_Project_Badge_5 to 2023-06-20T00:00:00+00:00, run_after=2023-06-20T00:00:00+00:00
[2023-06-23T13:42:11.970+0000] {processor.py:179} INFO - Processing /opt/airflow/dags/init.py took 0.097 seconds
[2023-06-23T13:42:42.380+0000] {processor.py:157} INFO - Started process (PID=560) to work on /opt/airflow/dags/init.py
[2023-06-23T13:42:42.381+0000] {processor.py:826} INFO - Processing file /opt/airflow/dags/init.py for tasks to queue
[2023-06-23T13:42:42.381+0000] {logging_mixin.py:149} INFO - [2023-06-23T13:42:42.381+0000] {dagbag.py:541} INFO - Filling up the DagBag from /opt/airflow/dags/init.py
[2023-06-23T13:42:42.404+0000] {processor.py:836} INFO - DAG(s) dict_keys(['1_Project_Badge_5']) retrieved from /opt/airflow/dags/init.py
[2023-06-23T13:42:42.425+0000] {logging_mixin.py:149} INFO - [2023-06-23T13:42:42.425+0000] {dag.py:2726} INFO - Sync 1 DAGs
[2023-06-23T13:42:42.449+0000] {logging_mixin.py:149} INFO - [2023-06-23T13:42:42.449+0000] {dag.py:3490} INFO - Setting next_dagrun for 1_Project_Badge_5 to 2023-06-20T00:00:00+00:00, run_after=2023-06-20T00:00:00+00:00
[2023-06-23T13:42:42.471+0000] {processor.py:179} INFO - Processing /opt/airflow/dags/init.py took 0.095 seconds
[2023-06-23T13:43:12.650+0000] {processor.py:157} INFO - Started process (PID=625) to work on /opt/airflow/dags/init.py
[2023-06-23T13:43:12.652+0000] {processor.py:826} INFO - Processing file /opt/airflow/dags/init.py for tasks to queue
[2023-06-23T13:43:12.653+0000] {logging_mixin.py:149} INFO - [2023-06-23T13:43:12.653+0000] {dagbag.py:541} INFO - Filling up the DagBag from /opt/airflow/dags/init.py
[2023-06-23T13:43:12.678+0000] {processor.py:836} INFO - DAG(s) dict_keys(['1_Project_Badge_5']) retrieved from /opt/airflow/dags/init.py
[2023-06-23T13:43:12.698+0000] {logging_mixin.py:149} INFO - [2023-06-23T13:43:12.698+0000] {dag.py:2726} INFO - Sync 1 DAGs
[2023-06-23T13:43:12.730+0000] {logging_mixin.py:149} INFO - [2023-06-23T13:43:12.729+0000] {dag.py:3490} INFO - Setting next_dagrun for 1_Project_Badge_5 to 2023-06-20T00:00:00+00:00, run_after=2023-06-20T00:00:00+00:00
[2023-06-23T13:43:12.751+0000] {processor.py:179} INFO - Processing /opt/airflow/dags/init.py took 0.105 seconds
[2023-06-23T13:43:43.176+0000] {processor.py:157} INFO - Started process (PID=691) to work on /opt/airflow/dags/init.py
[2023-06-23T13:43:43.178+0000] {processor.py:826} INFO - Processing file /opt/airflow/dags/init.py for tasks to queue
[2023-06-23T13:43:43.179+0000] {logging_mixin.py:149} INFO - [2023-06-23T13:43:43.178+0000] {dagbag.py:541} INFO - Filling up the DagBag from /opt/airflow/dags/init.py
[2023-06-23T13:43:43.201+0000] {processor.py:836} INFO - DAG(s) dict_keys(['1_Project_Badge_5']) retrieved from /opt/airflow/dags/init.py
[2023-06-23T13:43:43.226+0000] {logging_mixin.py:149} INFO - [2023-06-23T13:43:43.226+0000] {dag.py:2726} INFO - Sync 1 DAGs
[2023-06-23T13:43:43.249+0000] {logging_mixin.py:149} INFO - [2023-06-23T13:43:43.249+0000] {dag.py:3490} INFO - Setting next_dagrun for 1_Project_Badge_5 to 2023-06-20T00:00:00+00:00, run_after=2023-06-20T00:00:00+00:00
[2023-06-23T13:43:43.271+0000] {processor.py:179} INFO - Processing /opt/airflow/dags/init.py took 0.099 seconds
[2023-06-23T13:44:13.606+0000] {processor.py:157} INFO - Started process (PID=757) to work on /opt/airflow/dags/init.py
[2023-06-23T13:44:13.608+0000] {processor.py:826} INFO - Processing file /opt/airflow/dags/init.py for tasks to queue
[2023-06-23T13:44:13.609+0000] {logging_mixin.py:149} INFO - [2023-06-23T13:44:13.609+0000] {dagbag.py:541} INFO - Filling up the DagBag from /opt/airflow/dags/init.py
[2023-06-23T13:44:13.634+0000] {processor.py:836} INFO - DAG(s) dict_keys(['1_Project_Badge_5']) retrieved from /opt/airflow/dags/init.py
[2023-06-23T13:44:13.659+0000] {logging_mixin.py:149} INFO - [2023-06-23T13:44:13.659+0000] {dag.py:2726} INFO - Sync 1 DAGs
[2023-06-23T13:44:13.684+0000] {logging_mixin.py:149} INFO - [2023-06-23T13:44:13.684+0000] {dag.py:3490} INFO - Setting next_dagrun for 1_Project_Badge_5 to 2023-06-20T00:00:00+00:00, run_after=2023-06-20T00:00:00+00:00
[2023-06-23T13:44:13.705+0000] {processor.py:179} INFO - Processing /opt/airflow/dags/init.py took 0.103 seconds
[2023-06-23T13:44:43.956+0000] {processor.py:157} INFO - Started process (PID=823) to work on /opt/airflow/dags/init.py
[2023-06-23T13:44:43.957+0000] {processor.py:826} INFO - Processing file /opt/airflow/dags/init.py for tasks to queue
[2023-06-23T13:44:43.958+0000] {logging_mixin.py:149} INFO - [2023-06-23T13:44:43.958+0000] {dagbag.py:541} INFO - Filling up the DagBag from /opt/airflow/dags/init.py
[2023-06-23T13:44:43.980+0000] {processor.py:836} INFO - DAG(s) dict_keys(['1_Project_Badge_5']) retrieved from /opt/airflow/dags/init.py
[2023-06-23T13:44:44.003+0000] {logging_mixin.py:149} INFO - [2023-06-23T13:44:44.003+0000] {dag.py:2726} INFO - Sync 1 DAGs
[2023-06-23T13:44:44.029+0000] {logging_mixin.py:149} INFO - [2023-06-23T13:44:44.029+0000] {dag.py:3490} INFO - Setting next_dagrun for 1_Project_Badge_5 to 2023-06-20T00:00:00+00:00, run_after=2023-06-20T00:00:00+00:00
[2023-06-23T13:44:44.050+0000] {processor.py:179} INFO - Processing /opt/airflow/dags/init.py took 0.097 seconds
[2023-06-23T13:45:14.416+0000] {processor.py:157} INFO - Started process (PID=889) to work on /opt/airflow/dags/init.py
[2023-06-23T13:45:14.417+0000] {processor.py:826} INFO - Processing file /opt/airflow/dags/init.py for tasks to queue
[2023-06-23T13:45:14.418+0000] {logging_mixin.py:149} INFO - [2023-06-23T13:45:14.418+0000] {dagbag.py:541} INFO - Filling up the DagBag from /opt/airflow/dags/init.py
[2023-06-23T13:45:14.439+0000] {processor.py:836} INFO - DAG(s) dict_keys(['1_Project_Badge_5']) retrieved from /opt/airflow/dags/init.py
[2023-06-23T13:45:14.459+0000] {logging_mixin.py:149} INFO - [2023-06-23T13:45:14.459+0000] {dag.py:2726} INFO - Sync 1 DAGs
[2023-06-23T13:45:14.485+0000] {logging_mixin.py:149} INFO - [2023-06-23T13:45:14.485+0000] {dag.py:3490} INFO - Setting next_dagrun for 1_Project_Badge_5 to 2023-06-20T00:00:00+00:00, run_after=2023-06-20T00:00:00+00:00
[2023-06-23T13:45:14.507+0000] {processor.py:179} INFO - Processing /opt/airflow/dags/init.py took 0.094 seconds
[2023-06-23T13:45:44.681+0000] {processor.py:157} INFO - Started process (PID=955) to work on /opt/airflow/dags/init.py
[2023-06-23T13:45:44.683+0000] {processor.py:826} INFO - Processing file /opt/airflow/dags/init.py for tasks to queue
[2023-06-23T13:45:44.684+0000] {logging_mixin.py:149} INFO - [2023-06-23T13:45:44.684+0000] {dagbag.py:541} INFO - Filling up the DagBag from /opt/airflow/dags/init.py
[2023-06-23T13:45:44.707+0000] {processor.py:836} INFO - DAG(s) dict_keys(['1_Project_Badge_5']) retrieved from /opt/airflow/dags/init.py
[2023-06-23T13:45:44.729+0000] {logging_mixin.py:149} INFO - [2023-06-23T13:45:44.729+0000] {dag.py:2726} INFO - Sync 1 DAGs
[2023-06-23T13:45:44.752+0000] {logging_mixin.py:149} INFO - [2023-06-23T13:45:44.752+0000] {dag.py:3490} INFO - Setting next_dagrun for 1_Project_Badge_5 to 2023-06-20T00:00:00+00:00, run_after=2023-06-20T00:00:00+00:00
[2023-06-23T13:45:44.773+0000] {processor.py:179} INFO - Processing /opt/airflow/dags/init.py took 0.095 seconds
[2023-06-23T13:46:15.062+0000] {processor.py:157} INFO - Started process (PID=1021) to work on /opt/airflow/dags/init.py
[2023-06-23T13:46:15.063+0000] {processor.py:826} INFO - Processing file /opt/airflow/dags/init.py for tasks to queue
[2023-06-23T13:46:15.064+0000] {logging_mixin.py:149} INFO - [2023-06-23T13:46:15.064+0000] {dagbag.py:541} INFO - Filling up the DagBag from /opt/airflow/dags/init.py
[2023-06-23T13:46:15.085+0000] {processor.py:836} INFO - DAG(s) dict_keys(['1_Project_Badge_5']) retrieved from /opt/airflow/dags/init.py
[2023-06-23T13:46:15.105+0000] {logging_mixin.py:149} INFO - [2023-06-23T13:46:15.105+0000] {dag.py:2726} INFO - Sync 1 DAGs
[2023-06-23T13:46:15.127+0000] {logging_mixin.py:149} INFO - [2023-06-23T13:46:15.127+0000] {dag.py:3490} INFO - Setting next_dagrun for 1_Project_Badge_5 to 2023-06-20T00:00:00+00:00, run_after=2023-06-20T00:00:00+00:00
[2023-06-23T13:46:15.147+0000] {processor.py:179} INFO - Processing /opt/airflow/dags/init.py took 0.088 seconds
[2023-06-23T13:46:45.202+0000] {processor.py:157} INFO - Started process (PID=1087) to work on /opt/airflow/dags/init.py
[2023-06-23T13:46:45.203+0000] {processor.py:826} INFO - Processing file /opt/airflow/dags/init.py for tasks to queue
[2023-06-23T13:46:45.204+0000] {logging_mixin.py:149} INFO - [2023-06-23T13:46:45.204+0000] {dagbag.py:541} INFO - Filling up the DagBag from /opt/airflow/dags/init.py
[2023-06-23T13:46:45.226+0000] {processor.py:836} INFO - DAG(s) dict_keys(['1_Project_Badge_5']) retrieved from /opt/airflow/dags/init.py
[2023-06-23T13:46:45.246+0000] {logging_mixin.py:149} INFO - [2023-06-23T13:46:45.245+0000] {dag.py:2726} INFO - Sync 1 DAGs
[2023-06-23T13:46:45.268+0000] {logging_mixin.py:149} INFO - [2023-06-23T13:46:45.267+0000] {dag.py:3490} INFO - Setting next_dagrun for 1_Project_Badge_5 to 2023-06-20T00:00:00+00:00, run_after=2023-06-20T00:00:00+00:00
[2023-06-23T13:46:45.288+0000] {processor.py:179} INFO - Processing /opt/airflow/dags/init.py took 0.089 seconds
[2023-06-23T13:47:15.653+0000] {processor.py:157} INFO - Started process (PID=1153) to work on /opt/airflow/dags/init.py
[2023-06-23T13:47:15.654+0000] {processor.py:826} INFO - Processing file /opt/airflow/dags/init.py for tasks to queue
[2023-06-23T13:47:15.655+0000] {logging_mixin.py:149} INFO - [2023-06-23T13:47:15.655+0000] {dagbag.py:541} INFO - Filling up the DagBag from /opt/airflow/dags/init.py
[2023-06-23T13:47:15.677+0000] {processor.py:836} INFO - DAG(s) dict_keys(['1_Project_Badge_5']) retrieved from /opt/airflow/dags/init.py
[2023-06-23T13:47:15.698+0000] {logging_mixin.py:149} INFO - [2023-06-23T13:47:15.698+0000] {dag.py:2726} INFO - Sync 1 DAGs
[2023-06-23T13:47:15.721+0000] {logging_mixin.py:149} INFO - [2023-06-23T13:47:15.721+0000] {dag.py:3490} INFO - Setting next_dagrun for 1_Project_Badge_5 to 2023-06-20T00:00:00+00:00, run_after=2023-06-20T00:00:00+00:00
[2023-06-23T13:47:15.742+0000] {processor.py:179} INFO - Processing /opt/airflow/dags/init.py took 0.093 seconds
[2023-06-23T13:47:46.132+0000] {processor.py:157} INFO - Started process (PID=1220) to work on /opt/airflow/dags/init.py
[2023-06-23T13:47:46.133+0000] {processor.py:826} INFO - Processing file /opt/airflow/dags/init.py for tasks to queue
[2023-06-23T13:47:46.134+0000] {logging_mixin.py:149} INFO - [2023-06-23T13:47:46.134+0000] {dagbag.py:541} INFO - Filling up the DagBag from /opt/airflow/dags/init.py
[2023-06-23T13:47:46.157+0000] {processor.py:836} INFO - DAG(s) dict_keys(['1_Project_Badge_5']) retrieved from /opt/airflow/dags/init.py
[2023-06-23T13:47:46.181+0000] {logging_mixin.py:149} INFO - [2023-06-23T13:47:46.180+0000] {dag.py:2726} INFO - Sync 1 DAGs
[2023-06-23T13:47:46.215+0000] {logging_mixin.py:149} INFO - [2023-06-23T13:47:46.215+0000] {dag.py:3490} INFO - Setting next_dagrun for 1_Project_Badge_5 to 2023-06-20T00:00:00+00:00, run_after=2023-06-20T00:00:00+00:00
[2023-06-23T13:47:46.248+0000] {processor.py:179} INFO - Processing /opt/airflow/dags/init.py took 0.120 seconds
[2023-06-23T13:48:16.524+0000] {processor.py:157} INFO - Started process (PID=1286) to work on /opt/airflow/dags/init.py
[2023-06-23T13:48:16.524+0000] {processor.py:826} INFO - Processing file /opt/airflow/dags/init.py for tasks to queue
[2023-06-23T13:48:16.526+0000] {logging_mixin.py:149} INFO - [2023-06-23T13:48:16.525+0000] {dagbag.py:541} INFO - Filling up the DagBag from /opt/airflow/dags/init.py
[2023-06-23T13:48:16.550+0000] {processor.py:836} INFO - DAG(s) dict_keys(['1_Project_Badge_5']) retrieved from /opt/airflow/dags/init.py
[2023-06-23T13:48:16.574+0000] {logging_mixin.py:149} INFO - [2023-06-23T13:48:16.574+0000] {dag.py:2726} INFO - Sync 1 DAGs
[2023-06-23T13:48:16.599+0000] {logging_mixin.py:149} INFO - [2023-06-23T13:48:16.599+0000] {dag.py:3490} INFO - Setting next_dagrun for 1_Project_Badge_5 to 2023-06-20T00:00:00+00:00, run_after=2023-06-20T00:00:00+00:00
[2023-06-23T13:48:16.622+0000] {processor.py:179} INFO - Processing /opt/airflow/dags/init.py took 0.102 seconds
[2023-06-23T13:48:47.067+0000] {processor.py:157} INFO - Started process (PID=1352) to work on /opt/airflow/dags/init.py
[2023-06-23T13:48:47.068+0000] {processor.py:826} INFO - Processing file /opt/airflow/dags/init.py for tasks to queue
[2023-06-23T13:48:47.069+0000] {logging_mixin.py:149} INFO - [2023-06-23T13:48:47.069+0000] {dagbag.py:541} INFO - Filling up the DagBag from /opt/airflow/dags/init.py
[2023-06-23T13:48:47.094+0000] {processor.py:836} INFO - DAG(s) dict_keys(['1_Project_Badge_5']) retrieved from /opt/airflow/dags/init.py
[2023-06-23T13:48:47.116+0000] {logging_mixin.py:149} INFO - [2023-06-23T13:48:47.116+0000] {dag.py:2726} INFO - Sync 1 DAGs
[2023-06-23T13:48:47.141+0000] {logging_mixin.py:149} INFO - [2023-06-23T13:48:47.141+0000] {dag.py:3490} INFO - Setting next_dagrun for 1_Project_Badge_5 to 2023-06-20T00:00:00+00:00, run_after=2023-06-20T00:00:00+00:00
[2023-06-23T13:48:47.165+0000] {processor.py:179} INFO - Processing /opt/airflow/dags/init.py took 0.100 seconds
[2023-06-23T13:49:17.339+0000] {processor.py:157} INFO - Started process (PID=1419) to work on /opt/airflow/dags/init.py
[2023-06-23T13:49:17.340+0000] {processor.py:826} INFO - Processing file /opt/airflow/dags/init.py for tasks to queue
[2023-06-23T13:49:17.342+0000] {logging_mixin.py:149} INFO - [2023-06-23T13:49:17.341+0000] {dagbag.py:541} INFO - Filling up the DagBag from /opt/airflow/dags/init.py
[2023-06-23T13:49:17.366+0000] {processor.py:836} INFO - DAG(s) dict_keys(['1_Project_Badge_5']) retrieved from /opt/airflow/dags/init.py
[2023-06-23T13:49:17.388+0000] {logging_mixin.py:149} INFO - [2023-06-23T13:49:17.388+0000] {dag.py:2726} INFO - Sync 1 DAGs
[2023-06-23T13:49:17.412+0000] {logging_mixin.py:149} INFO - [2023-06-23T13:49:17.411+0000] {dag.py:3490} INFO - Setting next_dagrun for 1_Project_Badge_5 to 2023-06-20T00:00:00+00:00, run_after=2023-06-20T00:00:00+00:00
[2023-06-23T13:49:17.432+0000] {processor.py:179} INFO - Processing /opt/airflow/dags/init.py took 0.096 seconds
[2023-06-23T13:49:47.925+0000] {processor.py:157} INFO - Started process (PID=1484) to work on /opt/airflow/dags/init.py
[2023-06-23T13:49:47.926+0000] {processor.py:826} INFO - Processing file /opt/airflow/dags/init.py for tasks to queue
[2023-06-23T13:49:47.927+0000] {logging_mixin.py:149} INFO - [2023-06-23T13:49:47.927+0000] {dagbag.py:541} INFO - Filling up the DagBag from /opt/airflow/dags/init.py
[2023-06-23T13:49:47.948+0000] {processor.py:836} INFO - DAG(s) dict_keys(['1_Project_Badge_5']) retrieved from /opt/airflow/dags/init.py
[2023-06-23T13:49:47.969+0000] {logging_mixin.py:149} INFO - [2023-06-23T13:49:47.968+0000] {dag.py:2726} INFO - Sync 1 DAGs
[2023-06-23T13:49:47.992+0000] {logging_mixin.py:149} INFO - [2023-06-23T13:49:47.992+0000] {dag.py:3490} INFO - Setting next_dagrun for 1_Project_Badge_5 to 2023-06-20T00:00:00+00:00, run_after=2023-06-20T00:00:00+00:00
[2023-06-23T13:49:48.011+0000] {processor.py:179} INFO - Processing /opt/airflow/dags/init.py took 0.090 seconds
[2023-06-23T13:50:18.226+0000] {processor.py:157} INFO - Started process (PID=1551) to work on /opt/airflow/dags/init.py
[2023-06-23T13:50:18.228+0000] {processor.py:826} INFO - Processing file /opt/airflow/dags/init.py for tasks to queue
[2023-06-23T13:50:18.230+0000] {logging_mixin.py:149} INFO - [2023-06-23T13:50:18.229+0000] {dagbag.py:541} INFO - Filling up the DagBag from /opt/airflow/dags/init.py
[2023-06-23T13:50:18.251+0000] {processor.py:836} INFO - DAG(s) dict_keys(['1_Project_Badge_5']) retrieved from /opt/airflow/dags/init.py
[2023-06-23T13:50:18.273+0000] {logging_mixin.py:149} INFO - [2023-06-23T13:50:18.273+0000] {dag.py:2726} INFO - Sync 1 DAGs
[2023-06-23T13:50:18.300+0000] {logging_mixin.py:149} INFO - [2023-06-23T13:50:18.300+0000] {dag.py:3490} INFO - Setting next_dagrun for 1_Project_Badge_5 to 2023-06-20T00:00:00+00:00, run_after=2023-06-20T00:00:00+00:00
[2023-06-23T13:50:18.321+0000] {processor.py:179} INFO - Processing /opt/airflow/dags/init.py took 0.099 seconds
[2023-06-23T13:50:48.548+0000] {processor.py:157} INFO - Started process (PID=1618) to work on /opt/airflow/dags/init.py
[2023-06-23T13:50:48.549+0000] {processor.py:826} INFO - Processing file /opt/airflow/dags/init.py for tasks to queue
[2023-06-23T13:50:48.550+0000] {logging_mixin.py:149} INFO - [2023-06-23T13:50:48.550+0000] {dagbag.py:541} INFO - Filling up the DagBag from /opt/airflow/dags/init.py
[2023-06-23T13:50:48.572+0000] {processor.py:836} INFO - DAG(s) dict_keys(['1_Project_Badge_5']) retrieved from /opt/airflow/dags/init.py
[2023-06-23T13:50:48.592+0000] {logging_mixin.py:149} INFO - [2023-06-23T13:50:48.592+0000] {dag.py:2726} INFO - Sync 1 DAGs
[2023-06-23T13:50:48.618+0000] {logging_mixin.py:149} INFO - [2023-06-23T13:50:48.618+0000] {dag.py:3490} INFO - Setting next_dagrun for 1_Project_Badge_5 to 2023-06-20T00:00:00+00:00, run_after=2023-06-20T00:00:00+00:00
[2023-06-23T13:50:48.639+0000] {processor.py:179} INFO - Processing /opt/airflow/dags/init.py took 0.093 seconds
[2023-06-23T13:51:18.993+0000] {processor.py:157} INFO - Started process (PID=1684) to work on /opt/airflow/dags/init.py
[2023-06-23T13:51:18.994+0000] {processor.py:826} INFO - Processing file /opt/airflow/dags/init.py for tasks to queue
[2023-06-23T13:51:18.995+0000] {logging_mixin.py:149} INFO - [2023-06-23T13:51:18.995+0000] {dagbag.py:541} INFO - Filling up the DagBag from /opt/airflow/dags/init.py
[2023-06-23T13:51:19.016+0000] {processor.py:836} INFO - DAG(s) dict_keys(['1_Project_Badge_5']) retrieved from /opt/airflow/dags/init.py
[2023-06-23T13:51:19.040+0000] {logging_mixin.py:149} INFO - [2023-06-23T13:51:19.039+0000] {dag.py:2726} INFO - Sync 1 DAGs
[2023-06-23T13:51:19.068+0000] {logging_mixin.py:149} INFO - [2023-06-23T13:51:19.068+0000] {dag.py:3490} INFO - Setting next_dagrun for 1_Project_Badge_5 to 2023-06-20T00:00:00+00:00, run_after=2023-06-20T00:00:00+00:00
[2023-06-23T13:51:19.090+0000] {processor.py:179} INFO - Processing /opt/airflow/dags/init.py took 0.099 seconds
[2023-06-23T13:51:49.292+0000] {processor.py:157} INFO - Started process (PID=1750) to work on /opt/airflow/dags/init.py
[2023-06-23T13:51:49.293+0000] {processor.py:826} INFO - Processing file /opt/airflow/dags/init.py for tasks to queue
[2023-06-23T13:51:49.294+0000] {logging_mixin.py:149} INFO - [2023-06-23T13:51:49.294+0000] {dagbag.py:541} INFO - Filling up the DagBag from /opt/airflow/dags/init.py
[2023-06-23T13:51:49.318+0000] {processor.py:836} INFO - DAG(s) dict_keys(['1_Project_Badge_5']) retrieved from /opt/airflow/dags/init.py
[2023-06-23T13:51:49.338+0000] {logging_mixin.py:149} INFO - [2023-06-23T13:51:49.338+0000] {dag.py:2726} INFO - Sync 1 DAGs
[2023-06-23T13:51:49.361+0000] {logging_mixin.py:149} INFO - [2023-06-23T13:51:49.360+0000] {dag.py:3490} INFO - Setting next_dagrun for 1_Project_Badge_5 to 2023-06-20T00:00:00+00:00, run_after=2023-06-20T00:00:00+00:00
[2023-06-23T13:51:49.380+0000] {processor.py:179} INFO - Processing /opt/airflow/dags/init.py took 0.093 seconds
[2023-06-23T13:52:19.545+0000] {processor.py:157} INFO - Started process (PID=1816) to work on /opt/airflow/dags/init.py
[2023-06-23T13:52:19.547+0000] {processor.py:826} INFO - Processing file /opt/airflow/dags/init.py for tasks to queue
[2023-06-23T13:52:19.547+0000] {logging_mixin.py:149} INFO - [2023-06-23T13:52:19.547+0000] {dagbag.py:541} INFO - Filling up the DagBag from /opt/airflow/dags/init.py
[2023-06-23T13:52:19.568+0000] {processor.py:836} INFO - DAG(s) dict_keys(['1_Project_Badge_5']) retrieved from /opt/airflow/dags/init.py
[2023-06-23T13:52:19.590+0000] {logging_mixin.py:149} INFO - [2023-06-23T13:52:19.589+0000] {dag.py:2726} INFO - Sync 1 DAGs
[2023-06-23T13:52:19.615+0000] {logging_mixin.py:149} INFO - [2023-06-23T13:52:19.614+0000] {dag.py:3490} INFO - Setting next_dagrun for 1_Project_Badge_5 to 2023-06-20T00:00:00+00:00, run_after=2023-06-20T00:00:00+00:00
[2023-06-23T13:52:19.639+0000] {processor.py:179} INFO - Processing /opt/airflow/dags/init.py took 0.097 seconds
[2023-06-23T13:52:49.966+0000] {processor.py:157} INFO - Started process (PID=1882) to work on /opt/airflow/dags/init.py
[2023-06-23T13:52:49.967+0000] {processor.py:826} INFO - Processing file /opt/airflow/dags/init.py for tasks to queue
[2023-06-23T13:52:49.968+0000] {logging_mixin.py:149} INFO - [2023-06-23T13:52:49.968+0000] {dagbag.py:541} INFO - Filling up the DagBag from /opt/airflow/dags/init.py
[2023-06-23T13:52:49.989+0000] {processor.py:836} INFO - DAG(s) dict_keys(['1_Project_Badge_5']) retrieved from /opt/airflow/dags/init.py
[2023-06-23T13:52:50.011+0000] {logging_mixin.py:149} INFO - [2023-06-23T13:52:50.011+0000] {dag.py:2726} INFO - Sync 1 DAGs
[2023-06-23T13:52:50.035+0000] {logging_mixin.py:149} INFO - [2023-06-23T13:52:50.035+0000] {dag.py:3490} INFO - Setting next_dagrun for 1_Project_Badge_5 to 2023-06-20T00:00:00+00:00, run_after=2023-06-20T00:00:00+00:00
[2023-06-23T13:52:50.057+0000] {processor.py:179} INFO - Processing /opt/airflow/dags/init.py took 0.096 seconds
[2023-06-23T13:53:20.834+0000] {processor.py:157} INFO - Started process (PID=1948) to work on /opt/airflow/dags/init.py
[2023-06-23T13:53:20.836+0000] {processor.py:826} INFO - Processing file /opt/airflow/dags/init.py for tasks to queue
[2023-06-23T13:53:20.837+0000] {logging_mixin.py:149} INFO - [2023-06-23T13:53:20.837+0000] {dagbag.py:541} INFO - Filling up the DagBag from /opt/airflow/dags/init.py
[2023-06-23T13:53:20.864+0000] {processor.py:836} INFO - DAG(s) dict_keys(['1_Project_Badge_5']) retrieved from /opt/airflow/dags/init.py
[2023-06-23T13:53:20.887+0000] {logging_mixin.py:149} INFO - [2023-06-23T13:53:20.887+0000] {dag.py:2726} INFO - Sync 1 DAGs
[2023-06-23T13:53:20.918+0000] {logging_mixin.py:149} INFO - [2023-06-23T13:53:20.918+0000] {dag.py:3490} INFO - Setting next_dagrun for 1_Project_Badge_5 to 2023-06-20T00:00:00+00:00, run_after=2023-06-20T00:00:00+00:00
[2023-06-23T13:53:20.949+0000] {processor.py:179} INFO - Processing /opt/airflow/dags/init.py took 0.120 seconds
[2023-06-23T13:53:51.741+0000] {processor.py:157} INFO - Started process (PID=2014) to work on /opt/airflow/dags/init.py
[2023-06-23T13:53:51.742+0000] {processor.py:826} INFO - Processing file /opt/airflow/dags/init.py for tasks to queue
[2023-06-23T13:53:51.743+0000] {logging_mixin.py:149} INFO - [2023-06-23T13:53:51.743+0000] {dagbag.py:541} INFO - Filling up the DagBag from /opt/airflow/dags/init.py
[2023-06-23T13:53:51.769+0000] {processor.py:836} INFO - DAG(s) dict_keys(['1_Project_Badge_5']) retrieved from /opt/airflow/dags/init.py
[2023-06-23T13:53:51.795+0000] {logging_mixin.py:149} INFO - [2023-06-23T13:53:51.795+0000] {dag.py:2726} INFO - Sync 1 DAGs
[2023-06-23T13:53:51.822+0000] {logging_mixin.py:149} INFO - [2023-06-23T13:53:51.822+0000] {dag.py:3490} INFO - Setting next_dagrun for 1_Project_Badge_5 to 2023-06-20T00:00:00+00:00, run_after=2023-06-20T00:00:00+00:00
[2023-06-23T13:53:51.849+0000] {processor.py:179} INFO - Processing /opt/airflow/dags/init.py took 0.111 seconds
[2023-06-23T13:54:22.497+0000] {processor.py:157} INFO - Started process (PID=2080) to work on /opt/airflow/dags/init.py
[2023-06-23T13:54:22.498+0000] {processor.py:826} INFO - Processing file /opt/airflow/dags/init.py for tasks to queue
[2023-06-23T13:54:22.499+0000] {logging_mixin.py:149} INFO - [2023-06-23T13:54:22.499+0000] {dagbag.py:541} INFO - Filling up the DagBag from /opt/airflow/dags/init.py
[2023-06-23T13:54:22.521+0000] {processor.py:836} INFO - DAG(s) dict_keys(['1_Project_Badge_5']) retrieved from /opt/airflow/dags/init.py
[2023-06-23T13:54:22.547+0000] {logging_mixin.py:149} INFO - [2023-06-23T13:54:22.547+0000] {dag.py:2726} INFO - Sync 1 DAGs
[2023-06-23T13:54:22.580+0000] {logging_mixin.py:149} INFO - [2023-06-23T13:54:22.580+0000] {dag.py:3490} INFO - Setting next_dagrun for 1_Project_Badge_5 to 2023-06-20T00:00:00+00:00, run_after=2023-06-20T00:00:00+00:00
[2023-06-23T13:54:22.601+0000] {processor.py:179} INFO - Processing /opt/airflow/dags/init.py took 0.108 seconds
[2023-06-23T13:54:53.044+0000] {processor.py:157} INFO - Started process (PID=2146) to work on /opt/airflow/dags/init.py
[2023-06-23T13:54:53.045+0000] {processor.py:826} INFO - Processing file /opt/airflow/dags/init.py for tasks to queue
[2023-06-23T13:54:53.046+0000] {logging_mixin.py:149} INFO - [2023-06-23T13:54:53.046+0000] {dagbag.py:541} INFO - Filling up the DagBag from /opt/airflow/dags/init.py
[2023-06-23T13:54:53.069+0000] {processor.py:836} INFO - DAG(s) dict_keys(['1_Project_Badge_5']) retrieved from /opt/airflow/dags/init.py
[2023-06-23T13:54:53.090+0000] {logging_mixin.py:149} INFO - [2023-06-23T13:54:53.090+0000] {dag.py:2726} INFO - Sync 1 DAGs
[2023-06-23T13:54:53.115+0000] {logging_mixin.py:149} INFO - [2023-06-23T13:54:53.115+0000] {dag.py:3490} INFO - Setting next_dagrun for 1_Project_Badge_5 to 2023-06-20T00:00:00+00:00, run_after=2023-06-20T00:00:00+00:00
[2023-06-23T13:54:53.138+0000] {processor.py:179} INFO - Processing /opt/airflow/dags/init.py took 0.098 seconds
[2023-06-23T13:55:23.418+0000] {processor.py:157} INFO - Started process (PID=2212) to work on /opt/airflow/dags/init.py
[2023-06-23T13:55:23.420+0000] {processor.py:826} INFO - Processing file /opt/airflow/dags/init.py for tasks to queue
[2023-06-23T13:55:23.421+0000] {logging_mixin.py:149} INFO - [2023-06-23T13:55:23.421+0000] {dagbag.py:541} INFO - Filling up the DagBag from /opt/airflow/dags/init.py
[2023-06-23T13:55:23.446+0000] {processor.py:836} INFO - DAG(s) dict_keys(['1_Project_Badge_5']) retrieved from /opt/airflow/dags/init.py
[2023-06-23T13:55:23.472+0000] {logging_mixin.py:149} INFO - [2023-06-23T13:55:23.471+0000] {dag.py:2726} INFO - Sync 1 DAGs
[2023-06-23T13:55:23.502+0000] {logging_mixin.py:149} INFO - [2023-06-23T13:55:23.502+0000] {dag.py:3490} INFO - Setting next_dagrun for 1_Project_Badge_5 to 2023-06-20T00:00:00+00:00, run_after=2023-06-20T00:00:00+00:00
[2023-06-23T13:55:23.530+0000] {processor.py:179} INFO - Processing /opt/airflow/dags/init.py took 0.116 seconds
[2023-06-23T13:55:53.929+0000] {processor.py:157} INFO - Started process (PID=2278) to work on /opt/airflow/dags/init.py
[2023-06-23T13:55:53.930+0000] {processor.py:826} INFO - Processing file /opt/airflow/dags/init.py for tasks to queue
[2023-06-23T13:55:53.931+0000] {logging_mixin.py:149} INFO - [2023-06-23T13:55:53.931+0000] {dagbag.py:541} INFO - Filling up the DagBag from /opt/airflow/dags/init.py
[2023-06-23T13:55:53.952+0000] {processor.py:836} INFO - DAG(s) dict_keys(['1_Project_Badge_5']) retrieved from /opt/airflow/dags/init.py
[2023-06-23T13:55:53.971+0000] {logging_mixin.py:149} INFO - [2023-06-23T13:55:53.971+0000] {dag.py:2726} INFO - Sync 1 DAGs
[2023-06-23T13:55:53.997+0000] {logging_mixin.py:149} INFO - [2023-06-23T13:55:53.997+0000] {dag.py:3490} INFO - Setting next_dagrun for 1_Project_Badge_5 to 2023-06-20T00:00:00+00:00, run_after=2023-06-20T00:00:00+00:00
[2023-06-23T13:55:54.018+0000] {processor.py:179} INFO - Processing /opt/airflow/dags/init.py took 0.093 seconds
[2023-06-23T13:56:24.359+0000] {processor.py:157} INFO - Started process (PID=2344) to work on /opt/airflow/dags/init.py
[2023-06-23T13:56:24.360+0000] {processor.py:826} INFO - Processing file /opt/airflow/dags/init.py for tasks to queue
[2023-06-23T13:56:24.361+0000] {logging_mixin.py:149} INFO - [2023-06-23T13:56:24.361+0000] {dagbag.py:541} INFO - Filling up the DagBag from /opt/airflow/dags/init.py
[2023-06-23T13:56:24.382+0000] {processor.py:836} INFO - DAG(s) dict_keys(['1_Project_Badge_5']) retrieved from /opt/airflow/dags/init.py
[2023-06-23T13:56:24.403+0000] {logging_mixin.py:149} INFO - [2023-06-23T13:56:24.403+0000] {dag.py:2726} INFO - Sync 1 DAGs
[2023-06-23T13:56:24.427+0000] {logging_mixin.py:149} INFO - [2023-06-23T13:56:24.427+0000] {dag.py:3490} INFO - Setting next_dagrun for 1_Project_Badge_5 to 2023-06-20T00:00:00+00:00, run_after=2023-06-20T00:00:00+00:00
[2023-06-23T13:56:24.451+0000] {processor.py:179} INFO - Processing /opt/airflow/dags/init.py took 0.097 seconds
[2023-06-23T13:56:54.555+0000] {processor.py:157} INFO - Started process (PID=2410) to work on /opt/airflow/dags/init.py
[2023-06-23T13:56:54.556+0000] {processor.py:826} INFO - Processing file /opt/airflow/dags/init.py for tasks to queue
[2023-06-23T13:56:54.557+0000] {logging_mixin.py:149} INFO - [2023-06-23T13:56:54.557+0000] {dagbag.py:541} INFO - Filling up the DagBag from /opt/airflow/dags/init.py
[2023-06-23T13:56:54.580+0000] {processor.py:836} INFO - DAG(s) dict_keys(['1_Project_Badge_5']) retrieved from /opt/airflow/dags/init.py
[2023-06-23T13:56:54.601+0000] {logging_mixin.py:149} INFO - [2023-06-23T13:56:54.601+0000] {dag.py:2726} INFO - Sync 1 DAGs
[2023-06-23T13:56:54.625+0000] {logging_mixin.py:149} INFO - [2023-06-23T13:56:54.625+0000] {dag.py:3490} INFO - Setting next_dagrun for 1_Project_Badge_5 to 2023-06-20T00:00:00+00:00, run_after=2023-06-20T00:00:00+00:00
[2023-06-23T13:56:54.650+0000] {processor.py:179} INFO - Processing /opt/airflow/dags/init.py took 0.098 seconds
[2023-06-23T13:57:24.968+0000] {processor.py:157} INFO - Started process (PID=2476) to work on /opt/airflow/dags/init.py
[2023-06-23T13:57:24.969+0000] {processor.py:826} INFO - Processing file /opt/airflow/dags/init.py for tasks to queue
[2023-06-23T13:57:24.970+0000] {logging_mixin.py:149} INFO - [2023-06-23T13:57:24.970+0000] {dagbag.py:541} INFO - Filling up the DagBag from /opt/airflow/dags/init.py
[2023-06-23T13:57:24.991+0000] {processor.py:836} INFO - DAG(s) dict_keys(['1_Project_Badge_5']) retrieved from /opt/airflow/dags/init.py
[2023-06-23T13:57:25.012+0000] {logging_mixin.py:149} INFO - [2023-06-23T13:57:25.012+0000] {dag.py:2726} INFO - Sync 1 DAGs
[2023-06-23T13:57:25.037+0000] {logging_mixin.py:149} INFO - [2023-06-23T13:57:25.037+0000] {dag.py:3490} INFO - Setting next_dagrun for 1_Project_Badge_5 to 2023-06-20T00:00:00+00:00, run_after=2023-06-20T00:00:00+00:00
[2023-06-23T13:57:25.060+0000] {processor.py:179} INFO - Processing /opt/airflow/dags/init.py took 0.095 seconds
[2023-06-23T13:57:55.431+0000] {processor.py:157} INFO - Started process (PID=2542) to work on /opt/airflow/dags/init.py
[2023-06-23T13:57:55.432+0000] {processor.py:826} INFO - Processing file /opt/airflow/dags/init.py for tasks to queue
[2023-06-23T13:57:55.433+0000] {logging_mixin.py:149} INFO - [2023-06-23T13:57:55.432+0000] {dagbag.py:541} INFO - Filling up the DagBag from /opt/airflow/dags/init.py
[2023-06-23T13:57:55.454+0000] {processor.py:836} INFO - DAG(s) dict_keys(['1_Project_Badge_5']) retrieved from /opt/airflow/dags/init.py
[2023-06-23T13:57:55.473+0000] {logging_mixin.py:149} INFO - [2023-06-23T13:57:55.473+0000] {dag.py:2726} INFO - Sync 1 DAGs
[2023-06-23T13:57:55.496+0000] {logging_mixin.py:149} INFO - [2023-06-23T13:57:55.495+0000] {dag.py:3490} INFO - Setting next_dagrun for 1_Project_Badge_5 to 2023-06-20T00:00:00+00:00, run_after=2023-06-20T00:00:00+00:00
[2023-06-23T13:57:55.517+0000] {processor.py:179} INFO - Processing /opt/airflow/dags/init.py took 0.089 seconds
[2023-06-23T13:58:25.718+0000] {processor.py:157} INFO - Started process (PID=2608) to work on /opt/airflow/dags/init.py
[2023-06-23T13:58:25.719+0000] {processor.py:826} INFO - Processing file /opt/airflow/dags/init.py for tasks to queue
[2023-06-23T13:58:25.720+0000] {logging_mixin.py:149} INFO - [2023-06-23T13:58:25.720+0000] {dagbag.py:541} INFO - Filling up the DagBag from /opt/airflow/dags/init.py
[2023-06-23T13:58:25.741+0000] {processor.py:836} INFO - DAG(s) dict_keys(['1_Project_Badge_5']) retrieved from /opt/airflow/dags/init.py
[2023-06-23T13:58:25.761+0000] {logging_mixin.py:149} INFO - [2023-06-23T13:58:25.761+0000] {dag.py:2726} INFO - Sync 1 DAGs
[2023-06-23T13:58:25.786+0000] {logging_mixin.py:149} INFO - [2023-06-23T13:58:25.786+0000] {dag.py:3490} INFO - Setting next_dagrun for 1_Project_Badge_5 to 2023-06-20T00:00:00+00:00, run_after=2023-06-20T00:00:00+00:00
[2023-06-23T13:58:25.806+0000] {processor.py:179} INFO - Processing /opt/airflow/dags/init.py took 0.091 seconds
[2023-06-23T13:58:56.128+0000] {processor.py:157} INFO - Started process (PID=2674) to work on /opt/airflow/dags/init.py
[2023-06-23T13:58:56.129+0000] {processor.py:826} INFO - Processing file /opt/airflow/dags/init.py for tasks to queue
[2023-06-23T13:58:56.130+0000] {logging_mixin.py:149} INFO - [2023-06-23T13:58:56.130+0000] {dagbag.py:541} INFO - Filling up the DagBag from /opt/airflow/dags/init.py
[2023-06-23T13:58:56.151+0000] {processor.py:836} INFO - DAG(s) dict_keys(['1_Project_Badge_5']) retrieved from /opt/airflow/dags/init.py
[2023-06-23T13:58:56.171+0000] {logging_mixin.py:149} INFO - [2023-06-23T13:58:56.171+0000] {dag.py:2726} INFO - Sync 1 DAGs
[2023-06-23T13:58:56.194+0000] {logging_mixin.py:149} INFO - [2023-06-23T13:58:56.193+0000] {dag.py:3490} INFO - Setting next_dagrun for 1_Project_Badge_5 to 2023-06-20T00:00:00+00:00, run_after=2023-06-20T00:00:00+00:00
[2023-06-23T13:58:56.215+0000] {processor.py:179} INFO - Processing /opt/airflow/dags/init.py took 0.090 seconds
[2023-06-23T13:59:26.451+0000] {processor.py:157} INFO - Started process (PID=2740) to work on /opt/airflow/dags/init.py
[2023-06-23T13:59:26.452+0000] {processor.py:826} INFO - Processing file /opt/airflow/dags/init.py for tasks to queue
[2023-06-23T13:59:26.453+0000] {logging_mixin.py:149} INFO - [2023-06-23T13:59:26.453+0000] {dagbag.py:541} INFO - Filling up the DagBag from /opt/airflow/dags/init.py
[2023-06-23T13:59:26.476+0000] {processor.py:836} INFO - DAG(s) dict_keys(['1_Project_Badge_5']) retrieved from /opt/airflow/dags/init.py
[2023-06-23T13:59:26.498+0000] {logging_mixin.py:149} INFO - [2023-06-23T13:59:26.498+0000] {dag.py:2726} INFO - Sync 1 DAGs
[2023-06-23T13:59:26.524+0000] {logging_mixin.py:149} INFO - [2023-06-23T13:59:26.524+0000] {dag.py:3490} INFO - Setting next_dagrun for 1_Project_Badge_5 to 2023-06-20T00:00:00+00:00, run_after=2023-06-20T00:00:00+00:00
[2023-06-23T13:59:26.547+0000] {processor.py:179} INFO - Processing /opt/airflow/dags/init.py took 0.099 seconds
[2023-06-23T13:59:56.848+0000] {processor.py:157} INFO - Started process (PID=2806) to work on /opt/airflow/dags/init.py
[2023-06-23T13:59:56.849+0000] {processor.py:826} INFO - Processing file /opt/airflow/dags/init.py for tasks to queue
[2023-06-23T13:59:56.850+0000] {logging_mixin.py:149} INFO - [2023-06-23T13:59:56.850+0000] {dagbag.py:541} INFO - Filling up the DagBag from /opt/airflow/dags/init.py
[2023-06-23T13:59:56.871+0000] {processor.py:836} INFO - DAG(s) dict_keys(['1_Project_Badge_5']) retrieved from /opt/airflow/dags/init.py
[2023-06-23T13:59:56.893+0000] {logging_mixin.py:149} INFO - [2023-06-23T13:59:56.893+0000] {dag.py:2726} INFO - Sync 1 DAGs
[2023-06-23T13:59:56.918+0000] {logging_mixin.py:149} INFO - [2023-06-23T13:59:56.918+0000] {dag.py:3490} INFO - Setting next_dagrun for 1_Project_Badge_5 to 2023-06-20T00:00:00+00:00, run_after=2023-06-20T00:00:00+00:00
[2023-06-23T13:59:56.939+0000] {processor.py:179} INFO - Processing /opt/airflow/dags/init.py took 0.094 seconds
[2023-06-23T14:00:27.090+0000] {processor.py:157} INFO - Started process (PID=2872) to work on /opt/airflow/dags/init.py
[2023-06-23T14:00:27.091+0000] {processor.py:826} INFO - Processing file /opt/airflow/dags/init.py for tasks to queue
[2023-06-23T14:00:27.092+0000] {logging_mixin.py:149} INFO - [2023-06-23T14:00:27.092+0000] {dagbag.py:541} INFO - Filling up the DagBag from /opt/airflow/dags/init.py
[2023-06-23T14:00:27.115+0000] {processor.py:836} INFO - DAG(s) dict_keys(['1_Project_Badge_5']) retrieved from /opt/airflow/dags/init.py
[2023-06-23T14:00:27.136+0000] {logging_mixin.py:149} INFO - [2023-06-23T14:00:27.136+0000] {dag.py:2726} INFO - Sync 1 DAGs
[2023-06-23T14:00:27.159+0000] {logging_mixin.py:149} INFO - [2023-06-23T14:00:27.159+0000] {dag.py:3490} INFO - Setting next_dagrun for 1_Project_Badge_5 to 2023-06-20T00:00:00+00:00, run_after=2023-06-20T00:00:00+00:00
[2023-06-23T14:00:27.180+0000] {processor.py:179} INFO - Processing /opt/airflow/dags/init.py took 0.094 seconds
[2023-06-23T14:00:57.375+0000] {processor.py:157} INFO - Started process (PID=2939) to work on /opt/airflow/dags/init.py
[2023-06-23T14:00:57.376+0000] {processor.py:826} INFO - Processing file /opt/airflow/dags/init.py for tasks to queue
[2023-06-23T14:00:57.377+0000] {logging_mixin.py:149} INFO - [2023-06-23T14:00:57.377+0000] {dagbag.py:541} INFO - Filling up the DagBag from /opt/airflow/dags/init.py
[2023-06-23T14:00:57.400+0000] {processor.py:836} INFO - DAG(s) dict_keys(['1_Project_Badge_5']) retrieved from /opt/airflow/dags/init.py
[2023-06-23T14:00:57.421+0000] {logging_mixin.py:149} INFO - [2023-06-23T14:00:57.421+0000] {dag.py:2726} INFO - Sync 1 DAGs
[2023-06-23T14:00:57.457+0000] {logging_mixin.py:149} INFO - [2023-06-23T14:00:57.456+0000] {dag.py:3490} INFO - Setting next_dagrun for 1_Project_Badge_5 to 2023-06-20T00:00:00+00:00, run_after=2023-06-20T00:00:00+00:00
[2023-06-23T14:00:57.492+0000] {processor.py:179} INFO - Processing /opt/airflow/dags/init.py took 0.121 seconds
[2023-06-23T14:01:27.625+0000] {processor.py:157} INFO - Started process (PID=3005) to work on /opt/airflow/dags/init.py
[2023-06-23T14:01:27.626+0000] {processor.py:826} INFO - Processing file /opt/airflow/dags/init.py for tasks to queue
[2023-06-23T14:01:27.627+0000] {logging_mixin.py:149} INFO - [2023-06-23T14:01:27.627+0000] {dagbag.py:541} INFO - Filling up the DagBag from /opt/airflow/dags/init.py
[2023-06-23T14:01:27.648+0000] {processor.py:836} INFO - DAG(s) dict_keys(['1_Project_Badge_5']) retrieved from /opt/airflow/dags/init.py
[2023-06-23T14:01:27.668+0000] {logging_mixin.py:149} INFO - [2023-06-23T14:01:27.667+0000] {dag.py:2726} INFO - Sync 1 DAGs
[2023-06-23T14:01:27.691+0000] {logging_mixin.py:149} INFO - [2023-06-23T14:01:27.691+0000] {dag.py:3490} INFO - Setting next_dagrun for 1_Project_Badge_5 to 2023-06-20T00:00:00+00:00, run_after=2023-06-20T00:00:00+00:00
[2023-06-23T14:01:27.711+0000] {processor.py:179} INFO - Processing /opt/airflow/dags/init.py took 0.089 seconds
[2023-06-23T14:01:58.121+0000] {processor.py:157} INFO - Started process (PID=3071) to work on /opt/airflow/dags/init.py
[2023-06-23T14:01:58.123+0000] {processor.py:826} INFO - Processing file /opt/airflow/dags/init.py for tasks to queue
[2023-06-23T14:01:58.124+0000] {logging_mixin.py:149} INFO - [2023-06-23T14:01:58.123+0000] {dagbag.py:541} INFO - Filling up the DagBag from /opt/airflow/dags/init.py
[2023-06-23T14:01:58.145+0000] {processor.py:836} INFO - DAG(s) dict_keys(['1_Project_Badge_5']) retrieved from /opt/airflow/dags/init.py
[2023-06-23T14:01:58.165+0000] {logging_mixin.py:149} INFO - [2023-06-23T14:01:58.165+0000] {dag.py:2726} INFO - Sync 1 DAGs
[2023-06-23T14:01:58.187+0000] {logging_mixin.py:149} INFO - [2023-06-23T14:01:58.187+0000] {dag.py:3490} INFO - Setting next_dagrun for 1_Project_Badge_5 to 2023-06-20T00:00:00+00:00, run_after=2023-06-20T00:00:00+00:00
[2023-06-23T14:01:58.210+0000] {processor.py:179} INFO - Processing /opt/airflow/dags/init.py took 0.092 seconds
[2023-06-23T14:02:28.495+0000] {processor.py:157} INFO - Started process (PID=3137) to work on /opt/airflow/dags/init.py
[2023-06-23T14:02:28.496+0000] {processor.py:826} INFO - Processing file /opt/airflow/dags/init.py for tasks to queue
[2023-06-23T14:02:28.497+0000] {logging_mixin.py:149} INFO - [2023-06-23T14:02:28.497+0000] {dagbag.py:541} INFO - Filling up the DagBag from /opt/airflow/dags/init.py
[2023-06-23T14:02:28.519+0000] {processor.py:836} INFO - DAG(s) dict_keys(['1_Project_Badge_5']) retrieved from /opt/airflow/dags/init.py
[2023-06-23T14:02:28.537+0000] {logging_mixin.py:149} INFO - [2023-06-23T14:02:28.537+0000] {dag.py:2726} INFO - Sync 1 DAGs
[2023-06-23T14:02:28.560+0000] {logging_mixin.py:149} INFO - [2023-06-23T14:02:28.560+0000] {dag.py:3490} INFO - Setting next_dagrun for 1_Project_Badge_5 to 2023-06-20T00:00:00+00:00, run_after=2023-06-20T00:00:00+00:00
[2023-06-23T14:02:28.581+0000] {processor.py:179} INFO - Processing /opt/airflow/dags/init.py took 0.089 seconds
[2023-06-23T14:02:58.844+0000] {processor.py:157} INFO - Started process (PID=3204) to work on /opt/airflow/dags/init.py
[2023-06-23T14:02:58.845+0000] {processor.py:826} INFO - Processing file /opt/airflow/dags/init.py for tasks to queue
[2023-06-23T14:02:58.846+0000] {logging_mixin.py:149} INFO - [2023-06-23T14:02:58.846+0000] {dagbag.py:541} INFO - Filling up the DagBag from /opt/airflow/dags/init.py
[2023-06-23T14:02:58.865+0000] {processor.py:836} INFO - DAG(s) dict_keys(['1_Project_Badge_5']) retrieved from /opt/airflow/dags/init.py
[2023-06-23T14:02:58.885+0000] {logging_mixin.py:149} INFO - [2023-06-23T14:02:58.885+0000] {dag.py:2726} INFO - Sync 1 DAGs
[2023-06-23T14:02:58.907+0000] {logging_mixin.py:149} INFO - [2023-06-23T14:02:58.906+0000] {dag.py:3490} INFO - Setting next_dagrun for 1_Project_Badge_5 to 2023-06-20T00:00:00+00:00, run_after=2023-06-20T00:00:00+00:00
[2023-06-23T14:02:58.926+0000] {processor.py:179} INFO - Processing /opt/airflow/dags/init.py took 0.084 seconds
[2023-06-23T14:03:28.994+0000] {processor.py:157} INFO - Started process (PID=3270) to work on /opt/airflow/dags/init.py
[2023-06-23T14:03:28.995+0000] {processor.py:826} INFO - Processing file /opt/airflow/dags/init.py for tasks to queue
[2023-06-23T14:03:28.996+0000] {logging_mixin.py:149} INFO - [2023-06-23T14:03:28.996+0000] {dagbag.py:541} INFO - Filling up the DagBag from /opt/airflow/dags/init.py
[2023-06-23T14:03:29.018+0000] {processor.py:836} INFO - DAG(s) dict_keys(['1_Project_Badge_5']) retrieved from /opt/airflow/dags/init.py
[2023-06-23T14:03:29.039+0000] {logging_mixin.py:149} INFO - [2023-06-23T14:03:29.039+0000] {dag.py:2726} INFO - Sync 1 DAGs
[2023-06-23T14:03:29.061+0000] {logging_mixin.py:149} INFO - [2023-06-23T14:03:29.061+0000] {dag.py:3490} INFO - Setting next_dagrun for 1_Project_Badge_5 to 2023-06-20T00:00:00+00:00, run_after=2023-06-20T00:00:00+00:00
[2023-06-23T14:03:29.081+0000] {processor.py:179} INFO - Processing /opt/airflow/dags/init.py took 0.090 seconds
[2023-06-23T14:03:59.361+0000] {processor.py:157} INFO - Started process (PID=3335) to work on /opt/airflow/dags/init.py
[2023-06-23T14:03:59.362+0000] {processor.py:826} INFO - Processing file /opt/airflow/dags/init.py for tasks to queue
[2023-06-23T14:03:59.363+0000] {logging_mixin.py:149} INFO - [2023-06-23T14:03:59.363+0000] {dagbag.py:541} INFO - Filling up the DagBag from /opt/airflow/dags/init.py
[2023-06-23T14:03:59.385+0000] {processor.py:836} INFO - DAG(s) dict_keys(['1_Project_Badge_5']) retrieved from /opt/airflow/dags/init.py
[2023-06-23T14:03:59.405+0000] {logging_mixin.py:149} INFO - [2023-06-23T14:03:59.405+0000] {dag.py:2726} INFO - Sync 1 DAGs
[2023-06-23T14:03:59.428+0000] {logging_mixin.py:149} INFO - [2023-06-23T14:03:59.428+0000] {dag.py:3490} INFO - Setting next_dagrun for 1_Project_Badge_5 to 2023-06-20T00:00:00+00:00, run_after=2023-06-20T00:00:00+00:00
[2023-06-23T14:03:59.451+0000] {processor.py:179} INFO - Processing /opt/airflow/dags/init.py took 0.094 seconds
