[2023-06-23T13:14:29.930+0000] {processor.py:157} INFO - Started process (PID=38) to work on /home/airflow/.local/lib/python3.7/site-packages/airflow/example_dags/example_short_circuit_decorator.py
[2023-06-23T13:14:29.931+0000] {processor.py:826} INFO - Processing file /home/airflow/.local/lib/python3.7/site-packages/airflow/example_dags/example_short_circuit_decorator.py for tasks to queue
[2023-06-23T13:14:29.932+0000] {logging_mixin.py:149} INFO - [2023-06-23T13:14:29.932+0000] {dagbag.py:541} INFO - Filling up the DagBag from /home/airflow/.local/lib/python3.7/site-packages/airflow/example_dags/example_short_circuit_decorator.py
[2023-06-23T13:14:29.946+0000] {processor.py:836} INFO - DAG(s) dict_keys(['example_short_circuit_decorator']) retrieved from /home/airflow/.local/lib/python3.7/site-packages/airflow/example_dags/example_short_circuit_decorator.py
[2023-06-23T13:14:29.959+0000] {logging_mixin.py:149} INFO - [2023-06-23T13:14:29.959+0000] {dag.py:2726} INFO - Sync 1 DAGs
[2023-06-23T13:14:29.998+0000] {logging_mixin.py:149} INFO - [2023-06-23T13:14:29.998+0000] {dag.py:3490} INFO - Setting next_dagrun for example_short_circuit_decorator to 2023-06-22T13:14:29.997778+00:00, run_after=2023-06-23T13:14:29.997778+00:00
[2023-06-23T13:14:30.026+0000] {processor.py:179} INFO - Processing /home/airflow/.local/lib/python3.7/site-packages/airflow/example_dags/example_short_circuit_decorator.py took 0.100 seconds
[2023-06-23T13:15:00.698+0000] {processor.py:157} INFO - Started process (PID=104) to work on /home/airflow/.local/lib/python3.7/site-packages/airflow/example_dags/example_short_circuit_decorator.py
[2023-06-23T13:15:00.699+0000] {processor.py:826} INFO - Processing file /home/airflow/.local/lib/python3.7/site-packages/airflow/example_dags/example_short_circuit_decorator.py for tasks to queue
[2023-06-23T13:15:00.700+0000] {logging_mixin.py:149} INFO - [2023-06-23T13:15:00.700+0000] {dagbag.py:541} INFO - Filling up the DagBag from /home/airflow/.local/lib/python3.7/site-packages/airflow/example_dags/example_short_circuit_decorator.py
[2023-06-23T13:15:00.713+0000] {processor.py:836} INFO - DAG(s) dict_keys(['example_short_circuit_decorator']) retrieved from /home/airflow/.local/lib/python3.7/site-packages/airflow/example_dags/example_short_circuit_decorator.py
[2023-06-23T13:15:00.728+0000] {logging_mixin.py:149} INFO - [2023-06-23T13:15:00.728+0000] {dag.py:2726} INFO - Sync 1 DAGs
[2023-06-23T13:15:00.760+0000] {logging_mixin.py:149} INFO - [2023-06-23T13:15:00.760+0000] {dag.py:3490} INFO - Setting next_dagrun for example_short_circuit_decorator to 2023-06-22T13:15:00.759782+00:00, run_after=2023-06-23T13:15:00.759782+00:00
[2023-06-23T13:15:00.785+0000] {processor.py:179} INFO - Processing /home/airflow/.local/lib/python3.7/site-packages/airflow/example_dags/example_short_circuit_decorator.py took 0.090 seconds
[2023-06-23T13:15:30.866+0000] {processor.py:157} INFO - Started process (PID=170) to work on /home/airflow/.local/lib/python3.7/site-packages/airflow/example_dags/example_short_circuit_decorator.py
[2023-06-23T13:15:30.867+0000] {processor.py:826} INFO - Processing file /home/airflow/.local/lib/python3.7/site-packages/airflow/example_dags/example_short_circuit_decorator.py for tasks to queue
[2023-06-23T13:15:30.868+0000] {logging_mixin.py:149} INFO - [2023-06-23T13:15:30.868+0000] {dagbag.py:541} INFO - Filling up the DagBag from /home/airflow/.local/lib/python3.7/site-packages/airflow/example_dags/example_short_circuit_decorator.py
[2023-06-23T13:15:30.877+0000] {processor.py:836} INFO - DAG(s) dict_keys(['example_short_circuit_decorator']) retrieved from /home/airflow/.local/lib/python3.7/site-packages/airflow/example_dags/example_short_circuit_decorator.py
[2023-06-23T13:15:30.903+0000] {logging_mixin.py:149} INFO - [2023-06-23T13:15:30.903+0000] {dag.py:2726} INFO - Sync 1 DAGs
[2023-06-23T13:15:30.927+0000] {logging_mixin.py:149} INFO - [2023-06-23T13:15:30.927+0000] {dag.py:3490} INFO - Setting next_dagrun for example_short_circuit_decorator to 2023-06-22T13:15:30.927315+00:00, run_after=2023-06-23T13:15:30.927315+00:00
[2023-06-23T13:15:30.948+0000] {processor.py:179} INFO - Processing /home/airflow/.local/lib/python3.7/site-packages/airflow/example_dags/example_short_circuit_decorator.py took 0.085 seconds
[2023-06-23T13:16:01.446+0000] {processor.py:157} INFO - Started process (PID=236) to work on /home/airflow/.local/lib/python3.7/site-packages/airflow/example_dags/example_short_circuit_decorator.py
[2023-06-23T13:16:01.447+0000] {processor.py:826} INFO - Processing file /home/airflow/.local/lib/python3.7/site-packages/airflow/example_dags/example_short_circuit_decorator.py for tasks to queue
[2023-06-23T13:16:01.448+0000] {logging_mixin.py:149} INFO - [2023-06-23T13:16:01.448+0000] {dagbag.py:541} INFO - Filling up the DagBag from /home/airflow/.local/lib/python3.7/site-packages/airflow/example_dags/example_short_circuit_decorator.py
[2023-06-23T13:16:01.457+0000] {processor.py:836} INFO - DAG(s) dict_keys(['example_short_circuit_decorator']) retrieved from /home/airflow/.local/lib/python3.7/site-packages/airflow/example_dags/example_short_circuit_decorator.py
[2023-06-23T13:16:01.490+0000] {logging_mixin.py:149} INFO - [2023-06-23T13:16:01.490+0000] {dag.py:2726} INFO - Sync 1 DAGs
[2023-06-23T13:16:01.520+0000] {logging_mixin.py:149} INFO - [2023-06-23T13:16:01.520+0000] {dag.py:3490} INFO - Setting next_dagrun for example_short_circuit_decorator to 2023-06-22T13:16:01.519793+00:00, run_after=2023-06-23T13:16:01.519793+00:00
[2023-06-23T13:16:01.541+0000] {processor.py:179} INFO - Processing /home/airflow/.local/lib/python3.7/site-packages/airflow/example_dags/example_short_circuit_decorator.py took 0.098 seconds
