[2023-06-23T13:14:30.466+0000] {processor.py:157} INFO - Started process (PID=45) to work on /home/airflow/.local/lib/python3.7/site-packages/airflow/example_dags/example_task_group.py
[2023-06-23T13:14:30.468+0000] {processor.py:826} INFO - Processing file /home/airflow/.local/lib/python3.7/site-packages/airflow/example_dags/example_task_group.py for tasks to queue
[2023-06-23T13:14:30.470+0000] {logging_mixin.py:149} INFO - [2023-06-23T13:14:30.470+0000] {dagbag.py:541} INFO - Filling up the DagBag from /home/airflow/.local/lib/python3.7/site-packages/airflow/example_dags/example_task_group.py
[2023-06-23T13:14:30.489+0000] {processor.py:836} INFO - DAG(s) dict_keys(['example_task_group']) retrieved from /home/airflow/.local/lib/python3.7/site-packages/airflow/example_dags/example_task_group.py
[2023-06-23T13:14:30.504+0000] {logging_mixin.py:149} INFO - [2023-06-23T13:14:30.503+0000] {dag.py:2726} INFO - Sync 1 DAGs
[2023-06-23T13:14:30.540+0000] {logging_mixin.py:149} INFO - [2023-06-23T13:14:30.540+0000] {dag.py:3490} INFO - Setting next_dagrun for example_task_group to 2023-06-22T13:14:30.540390+00:00, run_after=2023-06-23T13:14:30.540390+00:00
[2023-06-23T13:14:30.591+0000] {processor.py:179} INFO - Processing /home/airflow/.local/lib/python3.7/site-packages/airflow/example_dags/example_task_group.py took 0.129 seconds
[2023-06-23T13:15:01.102+0000] {processor.py:157} INFO - Started process (PID=111) to work on /home/airflow/.local/lib/python3.7/site-packages/airflow/example_dags/example_task_group.py
[2023-06-23T13:15:01.104+0000] {processor.py:826} INFO - Processing file /home/airflow/.local/lib/python3.7/site-packages/airflow/example_dags/example_task_group.py for tasks to queue
[2023-06-23T13:15:01.105+0000] {logging_mixin.py:149} INFO - [2023-06-23T13:15:01.105+0000] {dagbag.py:541} INFO - Filling up the DagBag from /home/airflow/.local/lib/python3.7/site-packages/airflow/example_dags/example_task_group.py
[2023-06-23T13:15:01.115+0000] {processor.py:836} INFO - DAG(s) dict_keys(['example_task_group']) retrieved from /home/airflow/.local/lib/python3.7/site-packages/airflow/example_dags/example_task_group.py
[2023-06-23T13:15:01.129+0000] {logging_mixin.py:149} INFO - [2023-06-23T13:15:01.128+0000] {dag.py:2726} INFO - Sync 1 DAGs
[2023-06-23T13:15:01.163+0000] {logging_mixin.py:149} INFO - [2023-06-23T13:15:01.163+0000] {dag.py:3490} INFO - Setting next_dagrun for example_task_group to 2023-06-22T13:15:01.162876+00:00, run_after=2023-06-23T13:15:01.162876+00:00
[2023-06-23T13:15:01.186+0000] {processor.py:179} INFO - Processing /home/airflow/.local/lib/python3.7/site-packages/airflow/example_dags/example_task_group.py took 0.088 seconds
[2023-06-23T13:15:31.361+0000] {processor.py:157} INFO - Started process (PID=177) to work on /home/airflow/.local/lib/python3.7/site-packages/airflow/example_dags/example_task_group.py
[2023-06-23T13:15:31.362+0000] {processor.py:826} INFO - Processing file /home/airflow/.local/lib/python3.7/site-packages/airflow/example_dags/example_task_group.py for tasks to queue
[2023-06-23T13:15:31.363+0000] {logging_mixin.py:149} INFO - [2023-06-23T13:15:31.363+0000] {dagbag.py:541} INFO - Filling up the DagBag from /home/airflow/.local/lib/python3.7/site-packages/airflow/example_dags/example_task_group.py
[2023-06-23T13:15:31.371+0000] {processor.py:836} INFO - DAG(s) dict_keys(['example_task_group']) retrieved from /home/airflow/.local/lib/python3.7/site-packages/airflow/example_dags/example_task_group.py
[2023-06-23T13:15:31.397+0000] {logging_mixin.py:149} INFO - [2023-06-23T13:15:31.397+0000] {dag.py:2726} INFO - Sync 1 DAGs
[2023-06-23T13:15:31.423+0000] {logging_mixin.py:149} INFO - [2023-06-23T13:15:31.423+0000] {dag.py:3490} INFO - Setting next_dagrun for example_task_group to 2023-06-22T13:15:31.423461+00:00, run_after=2023-06-23T13:15:31.423461+00:00
[2023-06-23T13:15:31.443+0000] {processor.py:179} INFO - Processing /home/airflow/.local/lib/python3.7/site-packages/airflow/example_dags/example_task_group.py took 0.085 seconds
[2023-06-23T13:16:01.867+0000] {processor.py:157} INFO - Started process (PID=243) to work on /home/airflow/.local/lib/python3.7/site-packages/airflow/example_dags/example_task_group.py
[2023-06-23T13:16:01.869+0000] {processor.py:826} INFO - Processing file /home/airflow/.local/lib/python3.7/site-packages/airflow/example_dags/example_task_group.py for tasks to queue
[2023-06-23T13:16:01.870+0000] {logging_mixin.py:149} INFO - [2023-06-23T13:16:01.869+0000] {dagbag.py:541} INFO - Filling up the DagBag from /home/airflow/.local/lib/python3.7/site-packages/airflow/example_dags/example_task_group.py
[2023-06-23T13:16:01.877+0000] {processor.py:836} INFO - DAG(s) dict_keys(['example_task_group']) retrieved from /home/airflow/.local/lib/python3.7/site-packages/airflow/example_dags/example_task_group.py
[2023-06-23T13:16:01.899+0000] {logging_mixin.py:149} INFO - [2023-06-23T13:16:01.899+0000] {dag.py:2726} INFO - Sync 1 DAGs
[2023-06-23T13:16:01.923+0000] {logging_mixin.py:149} INFO - [2023-06-23T13:16:01.923+0000] {dag.py:3490} INFO - Setting next_dagrun for example_task_group to 2023-06-22T13:16:01.923152+00:00, run_after=2023-06-23T13:16:01.923152+00:00
[2023-06-23T13:16:01.941+0000] {processor.py:179} INFO - Processing /home/airflow/.local/lib/python3.7/site-packages/airflow/example_dags/example_task_group.py took 0.076 seconds
[2023-06-23T13:38:40.109+0000] {processor.py:157} INFO - Started process (PID=44) to work on /home/airflow/.local/lib/python3.7/site-packages/airflow/example_dags/example_task_group.py
[2023-06-23T13:38:40.110+0000] {processor.py:826} INFO - Processing file /home/airflow/.local/lib/python3.7/site-packages/airflow/example_dags/example_task_group.py for tasks to queue
[2023-06-23T13:38:40.111+0000] {logging_mixin.py:149} INFO - [2023-06-23T13:38:40.111+0000] {dagbag.py:541} INFO - Filling up the DagBag from /home/airflow/.local/lib/python3.7/site-packages/airflow/example_dags/example_task_group.py
[2023-06-23T13:38:40.124+0000] {processor.py:836} INFO - DAG(s) dict_keys(['example_task_group']) retrieved from /home/airflow/.local/lib/python3.7/site-packages/airflow/example_dags/example_task_group.py
[2023-06-23T13:38:40.138+0000] {logging_mixin.py:149} INFO - [2023-06-23T13:38:40.138+0000] {dag.py:2726} INFO - Sync 1 DAGs
[2023-06-23T13:38:40.373+0000] {logging_mixin.py:149} INFO - [2023-06-23T13:38:40.373+0000] {dag.py:3490} INFO - Setting next_dagrun for example_task_group to 2023-06-22T13:38:40.372841+00:00, run_after=2023-06-23T13:38:40.372841+00:00
[2023-06-23T13:38:40.396+0000] {processor.py:179} INFO - Processing /home/airflow/.local/lib/python3.7/site-packages/airflow/example_dags/example_task_group.py took 0.291 seconds
[2023-06-23T13:39:10.575+0000] {processor.py:157} INFO - Started process (PID=110) to work on /home/airflow/.local/lib/python3.7/site-packages/airflow/example_dags/example_task_group.py
[2023-06-23T13:39:10.576+0000] {processor.py:826} INFO - Processing file /home/airflow/.local/lib/python3.7/site-packages/airflow/example_dags/example_task_group.py for tasks to queue
[2023-06-23T13:39:10.577+0000] {logging_mixin.py:149} INFO - [2023-06-23T13:39:10.577+0000] {dagbag.py:541} INFO - Filling up the DagBag from /home/airflow/.local/lib/python3.7/site-packages/airflow/example_dags/example_task_group.py
[2023-06-23T13:39:10.585+0000] {processor.py:836} INFO - DAG(s) dict_keys(['example_task_group']) retrieved from /home/airflow/.local/lib/python3.7/site-packages/airflow/example_dags/example_task_group.py
[2023-06-23T13:39:10.610+0000] {logging_mixin.py:149} INFO - [2023-06-23T13:39:10.610+0000] {dag.py:2726} INFO - Sync 1 DAGs
[2023-06-23T13:39:10.638+0000] {logging_mixin.py:149} INFO - [2023-06-23T13:39:10.638+0000] {dag.py:3490} INFO - Setting next_dagrun for example_task_group to 2023-06-22T13:39:10.638572+00:00, run_after=2023-06-23T13:39:10.638572+00:00
[2023-06-23T13:39:10.664+0000] {processor.py:179} INFO - Processing /home/airflow/.local/lib/python3.7/site-packages/airflow/example_dags/example_task_group.py took 0.092 seconds
[2023-06-23T13:39:41.035+0000] {processor.py:157} INFO - Started process (PID=176) to work on /home/airflow/.local/lib/python3.7/site-packages/airflow/example_dags/example_task_group.py
[2023-06-23T13:39:41.036+0000] {processor.py:826} INFO - Processing file /home/airflow/.local/lib/python3.7/site-packages/airflow/example_dags/example_task_group.py for tasks to queue
[2023-06-23T13:39:41.037+0000] {logging_mixin.py:149} INFO - [2023-06-23T13:39:41.037+0000] {dagbag.py:541} INFO - Filling up the DagBag from /home/airflow/.local/lib/python3.7/site-packages/airflow/example_dags/example_task_group.py
[2023-06-23T13:39:41.046+0000] {processor.py:836} INFO - DAG(s) dict_keys(['example_task_group']) retrieved from /home/airflow/.local/lib/python3.7/site-packages/airflow/example_dags/example_task_group.py
[2023-06-23T13:39:41.071+0000] {logging_mixin.py:149} INFO - [2023-06-23T13:39:41.071+0000] {dag.py:2726} INFO - Sync 1 DAGs
[2023-06-23T13:39:41.099+0000] {logging_mixin.py:149} INFO - [2023-06-23T13:39:41.099+0000] {dag.py:3490} INFO - Setting next_dagrun for example_task_group to 2023-06-22T13:39:41.099119+00:00, run_after=2023-06-23T13:39:41.099119+00:00
[2023-06-23T13:39:41.120+0000] {processor.py:179} INFO - Processing /home/airflow/.local/lib/python3.7/site-packages/airflow/example_dags/example_task_group.py took 0.090 seconds
[2023-06-23T13:40:11.855+0000] {processor.py:157} INFO - Started process (PID=242) to work on /home/airflow/.local/lib/python3.7/site-packages/airflow/example_dags/example_task_group.py
[2023-06-23T13:40:11.856+0000] {processor.py:826} INFO - Processing file /home/airflow/.local/lib/python3.7/site-packages/airflow/example_dags/example_task_group.py for tasks to queue
[2023-06-23T13:40:11.857+0000] {logging_mixin.py:149} INFO - [2023-06-23T13:40:11.857+0000] {dagbag.py:541} INFO - Filling up the DagBag from /home/airflow/.local/lib/python3.7/site-packages/airflow/example_dags/example_task_group.py
[2023-06-23T13:40:11.864+0000] {processor.py:836} INFO - DAG(s) dict_keys(['example_task_group']) retrieved from /home/airflow/.local/lib/python3.7/site-packages/airflow/example_dags/example_task_group.py
[2023-06-23T13:40:11.888+0000] {logging_mixin.py:149} INFO - [2023-06-23T13:40:11.888+0000] {dag.py:2726} INFO - Sync 1 DAGs
[2023-06-23T13:40:11.913+0000] {logging_mixin.py:149} INFO - [2023-06-23T13:40:11.912+0000] {dag.py:3490} INFO - Setting next_dagrun for example_task_group to 2023-06-22T13:40:11.912704+00:00, run_after=2023-06-23T13:40:11.912704+00:00
[2023-06-23T13:40:11.932+0000] {processor.py:179} INFO - Processing /home/airflow/.local/lib/python3.7/site-packages/airflow/example_dags/example_task_group.py took 0.080 seconds
[2023-06-23T13:40:42.116+0000] {processor.py:157} INFO - Started process (PID=308) to work on /home/airflow/.local/lib/python3.7/site-packages/airflow/example_dags/example_task_group.py
[2023-06-23T13:40:42.117+0000] {processor.py:826} INFO - Processing file /home/airflow/.local/lib/python3.7/site-packages/airflow/example_dags/example_task_group.py for tasks to queue
[2023-06-23T13:40:42.118+0000] {logging_mixin.py:149} INFO - [2023-06-23T13:40:42.118+0000] {dagbag.py:541} INFO - Filling up the DagBag from /home/airflow/.local/lib/python3.7/site-packages/airflow/example_dags/example_task_group.py
[2023-06-23T13:40:42.126+0000] {processor.py:836} INFO - DAG(s) dict_keys(['example_task_group']) retrieved from /home/airflow/.local/lib/python3.7/site-packages/airflow/example_dags/example_task_group.py
[2023-06-23T13:40:42.150+0000] {logging_mixin.py:149} INFO - [2023-06-23T13:40:42.150+0000] {dag.py:2726} INFO - Sync 1 DAGs
[2023-06-23T13:40:42.174+0000] {logging_mixin.py:149} INFO - [2023-06-23T13:40:42.174+0000] {dag.py:3490} INFO - Setting next_dagrun for example_task_group to 2023-06-22T13:40:42.174307+00:00, run_after=2023-06-23T13:40:42.174307+00:00
[2023-06-23T13:40:42.193+0000] {processor.py:179} INFO - Processing /home/airflow/.local/lib/python3.7/site-packages/airflow/example_dags/example_task_group.py took 0.079 seconds
[2023-06-23T13:41:12.629+0000] {processor.py:157} INFO - Started process (PID=374) to work on /home/airflow/.local/lib/python3.7/site-packages/airflow/example_dags/example_task_group.py
[2023-06-23T13:41:12.630+0000] {processor.py:826} INFO - Processing file /home/airflow/.local/lib/python3.7/site-packages/airflow/example_dags/example_task_group.py for tasks to queue
[2023-06-23T13:41:12.631+0000] {logging_mixin.py:149} INFO - [2023-06-23T13:41:12.631+0000] {dagbag.py:541} INFO - Filling up the DagBag from /home/airflow/.local/lib/python3.7/site-packages/airflow/example_dags/example_task_group.py
[2023-06-23T13:41:12.638+0000] {processor.py:836} INFO - DAG(s) dict_keys(['example_task_group']) retrieved from /home/airflow/.local/lib/python3.7/site-packages/airflow/example_dags/example_task_group.py
[2023-06-23T13:41:12.661+0000] {logging_mixin.py:149} INFO - [2023-06-23T13:41:12.661+0000] {dag.py:2726} INFO - Sync 1 DAGs
[2023-06-23T13:41:12.685+0000] {logging_mixin.py:149} INFO - [2023-06-23T13:41:12.685+0000] {dag.py:3490} INFO - Setting next_dagrun for example_task_group to 2023-06-22T13:41:12.685518+00:00, run_after=2023-06-23T13:41:12.685518+00:00
[2023-06-23T13:41:12.707+0000] {processor.py:179} INFO - Processing /home/airflow/.local/lib/python3.7/site-packages/airflow/example_dags/example_task_group.py took 0.080 seconds
[2023-06-23T13:41:43.462+0000] {processor.py:157} INFO - Started process (PID=440) to work on /home/airflow/.local/lib/python3.7/site-packages/airflow/example_dags/example_task_group.py
[2023-06-23T13:41:43.464+0000] {processor.py:826} INFO - Processing file /home/airflow/.local/lib/python3.7/site-packages/airflow/example_dags/example_task_group.py for tasks to queue
[2023-06-23T13:41:43.464+0000] {logging_mixin.py:149} INFO - [2023-06-23T13:41:43.464+0000] {dagbag.py:541} INFO - Filling up the DagBag from /home/airflow/.local/lib/python3.7/site-packages/airflow/example_dags/example_task_group.py
[2023-06-23T13:41:43.471+0000] {processor.py:836} INFO - DAG(s) dict_keys(['example_task_group']) retrieved from /home/airflow/.local/lib/python3.7/site-packages/airflow/example_dags/example_task_group.py
[2023-06-23T13:41:43.495+0000] {logging_mixin.py:149} INFO - [2023-06-23T13:41:43.495+0000] {dag.py:2726} INFO - Sync 1 DAGs
[2023-06-23T13:41:43.521+0000] {logging_mixin.py:149} INFO - [2023-06-23T13:41:43.521+0000] {dag.py:3490} INFO - Setting next_dagrun for example_task_group to 2023-06-22T13:41:43.521080+00:00, run_after=2023-06-23T13:41:43.521080+00:00
[2023-06-23T13:41:43.543+0000] {processor.py:179} INFO - Processing /home/airflow/.local/lib/python3.7/site-packages/airflow/example_dags/example_task_group.py took 0.083 seconds
[2023-06-23T13:42:13.628+0000] {processor.py:157} INFO - Started process (PID=506) to work on /home/airflow/.local/lib/python3.7/site-packages/airflow/example_dags/example_task_group.py
[2023-06-23T13:42:13.629+0000] {processor.py:826} INFO - Processing file /home/airflow/.local/lib/python3.7/site-packages/airflow/example_dags/example_task_group.py for tasks to queue
[2023-06-23T13:42:13.630+0000] {logging_mixin.py:149} INFO - [2023-06-23T13:42:13.630+0000] {dagbag.py:541} INFO - Filling up the DagBag from /home/airflow/.local/lib/python3.7/site-packages/airflow/example_dags/example_task_group.py
[2023-06-23T13:42:13.639+0000] {processor.py:836} INFO - DAG(s) dict_keys(['example_task_group']) retrieved from /home/airflow/.local/lib/python3.7/site-packages/airflow/example_dags/example_task_group.py
[2023-06-23T13:42:13.664+0000] {logging_mixin.py:149} INFO - [2023-06-23T13:42:13.664+0000] {dag.py:2726} INFO - Sync 1 DAGs
[2023-06-23T13:42:13.695+0000] {logging_mixin.py:149} INFO - [2023-06-23T13:42:13.695+0000] {dag.py:3490} INFO - Setting next_dagrun for example_task_group to 2023-06-22T13:42:13.695103+00:00, run_after=2023-06-23T13:42:13.695103+00:00
[2023-06-23T13:42:13.720+0000] {processor.py:179} INFO - Processing /home/airflow/.local/lib/python3.7/site-packages/airflow/example_dags/example_task_group.py took 0.094 seconds
[2023-06-23T13:42:44.158+0000] {processor.py:157} INFO - Started process (PID=572) to work on /home/airflow/.local/lib/python3.7/site-packages/airflow/example_dags/example_task_group.py
[2023-06-23T13:42:44.160+0000] {processor.py:826} INFO - Processing file /home/airflow/.local/lib/python3.7/site-packages/airflow/example_dags/example_task_group.py for tasks to queue
[2023-06-23T13:42:44.161+0000] {logging_mixin.py:149} INFO - [2023-06-23T13:42:44.161+0000] {dagbag.py:541} INFO - Filling up the DagBag from /home/airflow/.local/lib/python3.7/site-packages/airflow/example_dags/example_task_group.py
[2023-06-23T13:42:44.169+0000] {processor.py:836} INFO - DAG(s) dict_keys(['example_task_group']) retrieved from /home/airflow/.local/lib/python3.7/site-packages/airflow/example_dags/example_task_group.py
[2023-06-23T13:42:44.197+0000] {logging_mixin.py:149} INFO - [2023-06-23T13:42:44.197+0000] {dag.py:2726} INFO - Sync 1 DAGs
[2023-06-23T13:42:44.233+0000] {logging_mixin.py:149} INFO - [2023-06-23T13:42:44.232+0000] {dag.py:3490} INFO - Setting next_dagrun for example_task_group to 2023-06-22T13:42:44.232687+00:00, run_after=2023-06-23T13:42:44.232687+00:00
[2023-06-23T13:42:44.255+0000] {processor.py:179} INFO - Processing /home/airflow/.local/lib/python3.7/site-packages/airflow/example_dags/example_task_group.py took 0.099 seconds
[2023-06-23T13:43:14.322+0000] {processor.py:157} INFO - Started process (PID=638) to work on /home/airflow/.local/lib/python3.7/site-packages/airflow/example_dags/example_task_group.py
[2023-06-23T13:43:14.323+0000] {processor.py:826} INFO - Processing file /home/airflow/.local/lib/python3.7/site-packages/airflow/example_dags/example_task_group.py for tasks to queue
[2023-06-23T13:43:14.324+0000] {logging_mixin.py:149} INFO - [2023-06-23T13:43:14.324+0000] {dagbag.py:541} INFO - Filling up the DagBag from /home/airflow/.local/lib/python3.7/site-packages/airflow/example_dags/example_task_group.py
[2023-06-23T13:43:14.332+0000] {processor.py:836} INFO - DAG(s) dict_keys(['example_task_group']) retrieved from /home/airflow/.local/lib/python3.7/site-packages/airflow/example_dags/example_task_group.py
[2023-06-23T13:43:14.357+0000] {logging_mixin.py:149} INFO - [2023-06-23T13:43:14.356+0000] {dag.py:2726} INFO - Sync 1 DAGs
[2023-06-23T13:43:14.380+0000] {logging_mixin.py:149} INFO - [2023-06-23T13:43:14.380+0000] {dag.py:3490} INFO - Setting next_dagrun for example_task_group to 2023-06-22T13:43:14.379951+00:00, run_after=2023-06-23T13:43:14.379951+00:00
[2023-06-23T13:43:14.398+0000] {processor.py:179} INFO - Processing /home/airflow/.local/lib/python3.7/site-packages/airflow/example_dags/example_task_group.py took 0.080 seconds
[2023-06-23T13:43:44.982+0000] {processor.py:157} INFO - Started process (PID=704) to work on /home/airflow/.local/lib/python3.7/site-packages/airflow/example_dags/example_task_group.py
[2023-06-23T13:43:44.983+0000] {processor.py:826} INFO - Processing file /home/airflow/.local/lib/python3.7/site-packages/airflow/example_dags/example_task_group.py for tasks to queue
[2023-06-23T13:43:44.984+0000] {logging_mixin.py:149} INFO - [2023-06-23T13:43:44.984+0000] {dagbag.py:541} INFO - Filling up the DagBag from /home/airflow/.local/lib/python3.7/site-packages/airflow/example_dags/example_task_group.py
[2023-06-23T13:43:44.991+0000] {processor.py:836} INFO - DAG(s) dict_keys(['example_task_group']) retrieved from /home/airflow/.local/lib/python3.7/site-packages/airflow/example_dags/example_task_group.py
[2023-06-23T13:43:45.014+0000] {logging_mixin.py:149} INFO - [2023-06-23T13:43:45.013+0000] {dag.py:2726} INFO - Sync 1 DAGs
[2023-06-23T13:43:45.036+0000] {logging_mixin.py:149} INFO - [2023-06-23T13:43:45.036+0000] {dag.py:3490} INFO - Setting next_dagrun for example_task_group to 2023-06-22T13:43:45.036395+00:00, run_after=2023-06-23T13:43:45.036395+00:00
[2023-06-23T13:43:45.056+0000] {processor.py:179} INFO - Processing /home/airflow/.local/lib/python3.7/site-packages/airflow/example_dags/example_task_group.py took 0.077 seconds
[2023-06-23T13:44:15.380+0000] {processor.py:157} INFO - Started process (PID=770) to work on /home/airflow/.local/lib/python3.7/site-packages/airflow/example_dags/example_task_group.py
[2023-06-23T13:44:15.381+0000] {processor.py:826} INFO - Processing file /home/airflow/.local/lib/python3.7/site-packages/airflow/example_dags/example_task_group.py for tasks to queue
[2023-06-23T13:44:15.382+0000] {logging_mixin.py:149} INFO - [2023-06-23T13:44:15.381+0000] {dagbag.py:541} INFO - Filling up the DagBag from /home/airflow/.local/lib/python3.7/site-packages/airflow/example_dags/example_task_group.py
[2023-06-23T13:44:15.389+0000] {processor.py:836} INFO - DAG(s) dict_keys(['example_task_group']) retrieved from /home/airflow/.local/lib/python3.7/site-packages/airflow/example_dags/example_task_group.py
[2023-06-23T13:44:15.412+0000] {logging_mixin.py:149} INFO - [2023-06-23T13:44:15.412+0000] {dag.py:2726} INFO - Sync 1 DAGs
[2023-06-23T13:44:15.436+0000] {logging_mixin.py:149} INFO - [2023-06-23T13:44:15.435+0000] {dag.py:3490} INFO - Setting next_dagrun for example_task_group to 2023-06-22T13:44:15.435759+00:00, run_after=2023-06-23T13:44:15.435759+00:00
[2023-06-23T13:44:15.456+0000] {processor.py:179} INFO - Processing /home/airflow/.local/lib/python3.7/site-packages/airflow/example_dags/example_task_group.py took 0.079 seconds
[2023-06-23T13:44:45.803+0000] {processor.py:157} INFO - Started process (PID=836) to work on /home/airflow/.local/lib/python3.7/site-packages/airflow/example_dags/example_task_group.py
[2023-06-23T13:44:45.804+0000] {processor.py:826} INFO - Processing file /home/airflow/.local/lib/python3.7/site-packages/airflow/example_dags/example_task_group.py for tasks to queue
[2023-06-23T13:44:45.806+0000] {logging_mixin.py:149} INFO - [2023-06-23T13:44:45.805+0000] {dagbag.py:541} INFO - Filling up the DagBag from /home/airflow/.local/lib/python3.7/site-packages/airflow/example_dags/example_task_group.py
[2023-06-23T13:44:45.815+0000] {processor.py:836} INFO - DAG(s) dict_keys(['example_task_group']) retrieved from /home/airflow/.local/lib/python3.7/site-packages/airflow/example_dags/example_task_group.py
[2023-06-23T13:44:45.841+0000] {logging_mixin.py:149} INFO - [2023-06-23T13:44:45.840+0000] {dag.py:2726} INFO - Sync 1 DAGs
[2023-06-23T13:44:45.868+0000] {logging_mixin.py:149} INFO - [2023-06-23T13:44:45.868+0000] {dag.py:3490} INFO - Setting next_dagrun for example_task_group to 2023-06-22T13:44:45.868471+00:00, run_after=2023-06-23T13:44:45.868471+00:00
[2023-06-23T13:44:45.894+0000] {processor.py:179} INFO - Processing /home/airflow/.local/lib/python3.7/site-packages/airflow/example_dags/example_task_group.py took 0.094 seconds
[2023-06-23T13:45:16.102+0000] {processor.py:157} INFO - Started process (PID=902) to work on /home/airflow/.local/lib/python3.7/site-packages/airflow/example_dags/example_task_group.py
[2023-06-23T13:45:16.103+0000] {processor.py:826} INFO - Processing file /home/airflow/.local/lib/python3.7/site-packages/airflow/example_dags/example_task_group.py for tasks to queue
[2023-06-23T13:45:16.104+0000] {logging_mixin.py:149} INFO - [2023-06-23T13:45:16.104+0000] {dagbag.py:541} INFO - Filling up the DagBag from /home/airflow/.local/lib/python3.7/site-packages/airflow/example_dags/example_task_group.py
[2023-06-23T13:45:16.111+0000] {processor.py:836} INFO - DAG(s) dict_keys(['example_task_group']) retrieved from /home/airflow/.local/lib/python3.7/site-packages/airflow/example_dags/example_task_group.py
[2023-06-23T13:45:16.134+0000] {logging_mixin.py:149} INFO - [2023-06-23T13:45:16.134+0000] {dag.py:2726} INFO - Sync 1 DAGs
[2023-06-23T13:45:16.158+0000] {logging_mixin.py:149} INFO - [2023-06-23T13:45:16.158+0000] {dag.py:3490} INFO - Setting next_dagrun for example_task_group to 2023-06-22T13:45:16.157931+00:00, run_after=2023-06-23T13:45:16.157931+00:00
[2023-06-23T13:45:16.177+0000] {processor.py:179} INFO - Processing /home/airflow/.local/lib/python3.7/site-packages/airflow/example_dags/example_task_group.py took 0.078 seconds
[2023-06-23T13:45:46.504+0000] {processor.py:157} INFO - Started process (PID=968) to work on /home/airflow/.local/lib/python3.7/site-packages/airflow/example_dags/example_task_group.py
[2023-06-23T13:45:46.505+0000] {processor.py:826} INFO - Processing file /home/airflow/.local/lib/python3.7/site-packages/airflow/example_dags/example_task_group.py for tasks to queue
[2023-06-23T13:45:46.506+0000] {logging_mixin.py:149} INFO - [2023-06-23T13:45:46.506+0000] {dagbag.py:541} INFO - Filling up the DagBag from /home/airflow/.local/lib/python3.7/site-packages/airflow/example_dags/example_task_group.py
[2023-06-23T13:45:46.514+0000] {processor.py:836} INFO - DAG(s) dict_keys(['example_task_group']) retrieved from /home/airflow/.local/lib/python3.7/site-packages/airflow/example_dags/example_task_group.py
[2023-06-23T13:45:46.537+0000] {logging_mixin.py:149} INFO - [2023-06-23T13:45:46.537+0000] {dag.py:2726} INFO - Sync 1 DAGs
[2023-06-23T13:45:46.560+0000] {logging_mixin.py:149} INFO - [2023-06-23T13:45:46.559+0000] {dag.py:3490} INFO - Setting next_dagrun for example_task_group to 2023-06-22T13:45:46.559746+00:00, run_after=2023-06-23T13:45:46.559746+00:00
[2023-06-23T13:45:46.577+0000] {processor.py:179} INFO - Processing /home/airflow/.local/lib/python3.7/site-packages/airflow/example_dags/example_task_group.py took 0.075 seconds
[2023-06-23T13:46:16.799+0000] {processor.py:157} INFO - Started process (PID=1034) to work on /home/airflow/.local/lib/python3.7/site-packages/airflow/example_dags/example_task_group.py
[2023-06-23T13:46:16.800+0000] {processor.py:826} INFO - Processing file /home/airflow/.local/lib/python3.7/site-packages/airflow/example_dags/example_task_group.py for tasks to queue
[2023-06-23T13:46:16.801+0000] {logging_mixin.py:149} INFO - [2023-06-23T13:46:16.801+0000] {dagbag.py:541} INFO - Filling up the DagBag from /home/airflow/.local/lib/python3.7/site-packages/airflow/example_dags/example_task_group.py
[2023-06-23T13:46:16.808+0000] {processor.py:836} INFO - DAG(s) dict_keys(['example_task_group']) retrieved from /home/airflow/.local/lib/python3.7/site-packages/airflow/example_dags/example_task_group.py
[2023-06-23T13:46:16.832+0000] {logging_mixin.py:149} INFO - [2023-06-23T13:46:16.831+0000] {dag.py:2726} INFO - Sync 1 DAGs
[2023-06-23T13:46:16.859+0000] {logging_mixin.py:149} INFO - [2023-06-23T13:46:16.859+0000] {dag.py:3490} INFO - Setting next_dagrun for example_task_group to 2023-06-22T13:46:16.858952+00:00, run_after=2023-06-23T13:46:16.858952+00:00
[2023-06-23T13:46:16.879+0000] {processor.py:179} INFO - Processing /home/airflow/.local/lib/python3.7/site-packages/airflow/example_dags/example_task_group.py took 0.083 seconds
[2023-06-23T13:46:47.055+0000] {processor.py:157} INFO - Started process (PID=1100) to work on /home/airflow/.local/lib/python3.7/site-packages/airflow/example_dags/example_task_group.py
[2023-06-23T13:46:47.056+0000] {processor.py:826} INFO - Processing file /home/airflow/.local/lib/python3.7/site-packages/airflow/example_dags/example_task_group.py for tasks to queue
[2023-06-23T13:46:47.057+0000] {logging_mixin.py:149} INFO - [2023-06-23T13:46:47.057+0000] {dagbag.py:541} INFO - Filling up the DagBag from /home/airflow/.local/lib/python3.7/site-packages/airflow/example_dags/example_task_group.py
[2023-06-23T13:46:47.065+0000] {processor.py:836} INFO - DAG(s) dict_keys(['example_task_group']) retrieved from /home/airflow/.local/lib/python3.7/site-packages/airflow/example_dags/example_task_group.py
[2023-06-23T13:46:47.088+0000] {logging_mixin.py:149} INFO - [2023-06-23T13:46:47.088+0000] {dag.py:2726} INFO - Sync 1 DAGs
[2023-06-23T13:46:47.113+0000] {logging_mixin.py:149} INFO - [2023-06-23T13:46:47.113+0000] {dag.py:3490} INFO - Setting next_dagrun for example_task_group to 2023-06-22T13:46:47.113552+00:00, run_after=2023-06-23T13:46:47.113552+00:00
[2023-06-23T13:46:47.136+0000] {processor.py:179} INFO - Processing /home/airflow/.local/lib/python3.7/site-packages/airflow/example_dags/example_task_group.py took 0.083 seconds
[2023-06-23T13:47:17.447+0000] {processor.py:157} INFO - Started process (PID=1166) to work on /home/airflow/.local/lib/python3.7/site-packages/airflow/example_dags/example_task_group.py
[2023-06-23T13:47:17.448+0000] {processor.py:826} INFO - Processing file /home/airflow/.local/lib/python3.7/site-packages/airflow/example_dags/example_task_group.py for tasks to queue
[2023-06-23T13:47:17.449+0000] {logging_mixin.py:149} INFO - [2023-06-23T13:47:17.449+0000] {dagbag.py:541} INFO - Filling up the DagBag from /home/airflow/.local/lib/python3.7/site-packages/airflow/example_dags/example_task_group.py
[2023-06-23T13:47:17.458+0000] {processor.py:836} INFO - DAG(s) dict_keys(['example_task_group']) retrieved from /home/airflow/.local/lib/python3.7/site-packages/airflow/example_dags/example_task_group.py
[2023-06-23T13:47:17.483+0000] {logging_mixin.py:149} INFO - [2023-06-23T13:47:17.483+0000] {dag.py:2726} INFO - Sync 1 DAGs
[2023-06-23T13:47:17.508+0000] {logging_mixin.py:149} INFO - [2023-06-23T13:47:17.508+0000] {dag.py:3490} INFO - Setting next_dagrun for example_task_group to 2023-06-22T13:47:17.508513+00:00, run_after=2023-06-23T13:47:17.508513+00:00
[2023-06-23T13:47:17.529+0000] {processor.py:179} INFO - Processing /home/airflow/.local/lib/python3.7/site-packages/airflow/example_dags/example_task_group.py took 0.085 seconds
[2023-06-23T13:47:47.873+0000] {processor.py:157} INFO - Started process (PID=1233) to work on /home/airflow/.local/lib/python3.7/site-packages/airflow/example_dags/example_task_group.py
[2023-06-23T13:47:47.874+0000] {processor.py:826} INFO - Processing file /home/airflow/.local/lib/python3.7/site-packages/airflow/example_dags/example_task_group.py for tasks to queue
[2023-06-23T13:47:47.875+0000] {logging_mixin.py:149} INFO - [2023-06-23T13:47:47.875+0000] {dagbag.py:541} INFO - Filling up the DagBag from /home/airflow/.local/lib/python3.7/site-packages/airflow/example_dags/example_task_group.py
[2023-06-23T13:47:47.881+0000] {processor.py:836} INFO - DAG(s) dict_keys(['example_task_group']) retrieved from /home/airflow/.local/lib/python3.7/site-packages/airflow/example_dags/example_task_group.py
[2023-06-23T13:47:47.905+0000] {logging_mixin.py:149} INFO - [2023-06-23T13:47:47.905+0000] {dag.py:2726} INFO - Sync 1 DAGs
[2023-06-23T13:47:47.928+0000] {logging_mixin.py:149} INFO - [2023-06-23T13:47:47.928+0000] {dag.py:3490} INFO - Setting next_dagrun for example_task_group to 2023-06-22T13:47:47.928024+00:00, run_after=2023-06-23T13:47:47.928024+00:00
[2023-06-23T13:47:47.948+0000] {processor.py:179} INFO - Processing /home/airflow/.local/lib/python3.7/site-packages/airflow/example_dags/example_task_group.py took 0.078 seconds
[2023-06-23T13:48:18.154+0000] {processor.py:157} INFO - Started process (PID=1299) to work on /home/airflow/.local/lib/python3.7/site-packages/airflow/example_dags/example_task_group.py
[2023-06-23T13:48:18.155+0000] {processor.py:826} INFO - Processing file /home/airflow/.local/lib/python3.7/site-packages/airflow/example_dags/example_task_group.py for tasks to queue
[2023-06-23T13:48:18.156+0000] {logging_mixin.py:149} INFO - [2023-06-23T13:48:18.156+0000] {dagbag.py:541} INFO - Filling up the DagBag from /home/airflow/.local/lib/python3.7/site-packages/airflow/example_dags/example_task_group.py
[2023-06-23T13:48:18.165+0000] {processor.py:836} INFO - DAG(s) dict_keys(['example_task_group']) retrieved from /home/airflow/.local/lib/python3.7/site-packages/airflow/example_dags/example_task_group.py
[2023-06-23T13:48:18.188+0000] {logging_mixin.py:149} INFO - [2023-06-23T13:48:18.188+0000] {dag.py:2726} INFO - Sync 1 DAGs
[2023-06-23T13:48:18.213+0000] {logging_mixin.py:149} INFO - [2023-06-23T13:48:18.213+0000] {dag.py:3490} INFO - Setting next_dagrun for example_task_group to 2023-06-22T13:48:18.213341+00:00, run_after=2023-06-23T13:48:18.213341+00:00
[2023-06-23T13:48:18.236+0000] {processor.py:179} INFO - Processing /home/airflow/.local/lib/python3.7/site-packages/airflow/example_dags/example_task_group.py took 0.084 seconds
[2023-06-23T13:48:48.751+0000] {processor.py:157} INFO - Started process (PID=1365) to work on /home/airflow/.local/lib/python3.7/site-packages/airflow/example_dags/example_task_group.py
[2023-06-23T13:48:48.752+0000] {processor.py:826} INFO - Processing file /home/airflow/.local/lib/python3.7/site-packages/airflow/example_dags/example_task_group.py for tasks to queue
[2023-06-23T13:48:48.753+0000] {logging_mixin.py:149} INFO - [2023-06-23T13:48:48.753+0000] {dagbag.py:541} INFO - Filling up the DagBag from /home/airflow/.local/lib/python3.7/site-packages/airflow/example_dags/example_task_group.py
[2023-06-23T13:48:48.760+0000] {processor.py:836} INFO - DAG(s) dict_keys(['example_task_group']) retrieved from /home/airflow/.local/lib/python3.7/site-packages/airflow/example_dags/example_task_group.py
[2023-06-23T13:48:48.783+0000] {logging_mixin.py:149} INFO - [2023-06-23T13:48:48.783+0000] {dag.py:2726} INFO - Sync 1 DAGs
[2023-06-23T13:48:48.808+0000] {logging_mixin.py:149} INFO - [2023-06-23T13:48:48.808+0000] {dag.py:3490} INFO - Setting next_dagrun for example_task_group to 2023-06-22T13:48:48.807944+00:00, run_after=2023-06-23T13:48:48.807944+00:00
[2023-06-23T13:48:48.826+0000] {processor.py:179} INFO - Processing /home/airflow/.local/lib/python3.7/site-packages/airflow/example_dags/example_task_group.py took 0.078 seconds
[2023-06-23T13:49:19.047+0000] {processor.py:157} INFO - Started process (PID=1431) to work on /home/airflow/.local/lib/python3.7/site-packages/airflow/example_dags/example_task_group.py
[2023-06-23T13:49:19.048+0000] {processor.py:826} INFO - Processing file /home/airflow/.local/lib/python3.7/site-packages/airflow/example_dags/example_task_group.py for tasks to queue
[2023-06-23T13:49:19.049+0000] {logging_mixin.py:149} INFO - [2023-06-23T13:49:19.049+0000] {dagbag.py:541} INFO - Filling up the DagBag from /home/airflow/.local/lib/python3.7/site-packages/airflow/example_dags/example_task_group.py
[2023-06-23T13:49:19.056+0000] {processor.py:836} INFO - DAG(s) dict_keys(['example_task_group']) retrieved from /home/airflow/.local/lib/python3.7/site-packages/airflow/example_dags/example_task_group.py
[2023-06-23T13:49:19.080+0000] {logging_mixin.py:149} INFO - [2023-06-23T13:49:19.080+0000] {dag.py:2726} INFO - Sync 1 DAGs
[2023-06-23T13:49:19.106+0000] {logging_mixin.py:149} INFO - [2023-06-23T13:49:19.106+0000] {dag.py:3490} INFO - Setting next_dagrun for example_task_group to 2023-06-22T13:49:19.106105+00:00, run_after=2023-06-23T13:49:19.106105+00:00
[2023-06-23T13:49:19.127+0000] {processor.py:179} INFO - Processing /home/airflow/.local/lib/python3.7/site-packages/airflow/example_dags/example_task_group.py took 0.082 seconds
[2023-06-23T13:49:49.572+0000] {processor.py:157} INFO - Started process (PID=1497) to work on /home/airflow/.local/lib/python3.7/site-packages/airflow/example_dags/example_task_group.py
[2023-06-23T13:49:49.573+0000] {processor.py:826} INFO - Processing file /home/airflow/.local/lib/python3.7/site-packages/airflow/example_dags/example_task_group.py for tasks to queue
[2023-06-23T13:49:49.574+0000] {logging_mixin.py:149} INFO - [2023-06-23T13:49:49.574+0000] {dagbag.py:541} INFO - Filling up the DagBag from /home/airflow/.local/lib/python3.7/site-packages/airflow/example_dags/example_task_group.py
[2023-06-23T13:49:49.583+0000] {processor.py:836} INFO - DAG(s) dict_keys(['example_task_group']) retrieved from /home/airflow/.local/lib/python3.7/site-packages/airflow/example_dags/example_task_group.py
[2023-06-23T13:49:49.605+0000] {logging_mixin.py:149} INFO - [2023-06-23T13:49:49.605+0000] {dag.py:2726} INFO - Sync 1 DAGs
[2023-06-23T13:49:49.629+0000] {logging_mixin.py:149} INFO - [2023-06-23T13:49:49.628+0000] {dag.py:3490} INFO - Setting next_dagrun for example_task_group to 2023-06-22T13:49:49.628663+00:00, run_after=2023-06-23T13:49:49.628663+00:00
[2023-06-23T13:49:49.649+0000] {processor.py:179} INFO - Processing /home/airflow/.local/lib/python3.7/site-packages/airflow/example_dags/example_task_group.py took 0.080 seconds
[2023-06-23T13:50:19.903+0000] {processor.py:157} INFO - Started process (PID=1564) to work on /home/airflow/.local/lib/python3.7/site-packages/airflow/example_dags/example_task_group.py
[2023-06-23T13:50:19.904+0000] {processor.py:826} INFO - Processing file /home/airflow/.local/lib/python3.7/site-packages/airflow/example_dags/example_task_group.py for tasks to queue
[2023-06-23T13:50:19.905+0000] {logging_mixin.py:149} INFO - [2023-06-23T13:50:19.905+0000] {dagbag.py:541} INFO - Filling up the DagBag from /home/airflow/.local/lib/python3.7/site-packages/airflow/example_dags/example_task_group.py
[2023-06-23T13:50:19.913+0000] {processor.py:836} INFO - DAG(s) dict_keys(['example_task_group']) retrieved from /home/airflow/.local/lib/python3.7/site-packages/airflow/example_dags/example_task_group.py
[2023-06-23T13:50:19.935+0000] {logging_mixin.py:149} INFO - [2023-06-23T13:50:19.935+0000] {dag.py:2726} INFO - Sync 1 DAGs
[2023-06-23T13:50:19.958+0000] {logging_mixin.py:149} INFO - [2023-06-23T13:50:19.958+0000] {dag.py:3490} INFO - Setting next_dagrun for example_task_group to 2023-06-22T13:50:19.958157+00:00, run_after=2023-06-23T13:50:19.958157+00:00
[2023-06-23T13:50:19.978+0000] {processor.py:179} INFO - Processing /home/airflow/.local/lib/python3.7/site-packages/airflow/example_dags/example_task_group.py took 0.078 seconds
[2023-06-23T13:50:50.185+0000] {processor.py:157} INFO - Started process (PID=1631) to work on /home/airflow/.local/lib/python3.7/site-packages/airflow/example_dags/example_task_group.py
[2023-06-23T13:50:50.186+0000] {processor.py:826} INFO - Processing file /home/airflow/.local/lib/python3.7/site-packages/airflow/example_dags/example_task_group.py for tasks to queue
[2023-06-23T13:50:50.187+0000] {logging_mixin.py:149} INFO - [2023-06-23T13:50:50.186+0000] {dagbag.py:541} INFO - Filling up the DagBag from /home/airflow/.local/lib/python3.7/site-packages/airflow/example_dags/example_task_group.py
[2023-06-23T13:50:50.195+0000] {processor.py:836} INFO - DAG(s) dict_keys(['example_task_group']) retrieved from /home/airflow/.local/lib/python3.7/site-packages/airflow/example_dags/example_task_group.py
[2023-06-23T13:50:50.218+0000] {logging_mixin.py:149} INFO - [2023-06-23T13:50:50.217+0000] {dag.py:2726} INFO - Sync 1 DAGs
[2023-06-23T13:50:50.241+0000] {logging_mixin.py:149} INFO - [2023-06-23T13:50:50.241+0000] {dag.py:3490} INFO - Setting next_dagrun for example_task_group to 2023-06-22T13:50:50.241608+00:00, run_after=2023-06-23T13:50:50.241608+00:00
[2023-06-23T13:50:50.261+0000] {processor.py:179} INFO - Processing /home/airflow/.local/lib/python3.7/site-packages/airflow/example_dags/example_task_group.py took 0.079 seconds
[2023-06-23T13:51:20.816+0000] {processor.py:157} INFO - Started process (PID=1697) to work on /home/airflow/.local/lib/python3.7/site-packages/airflow/example_dags/example_task_group.py
[2023-06-23T13:51:20.817+0000] {processor.py:826} INFO - Processing file /home/airflow/.local/lib/python3.7/site-packages/airflow/example_dags/example_task_group.py for tasks to queue
[2023-06-23T13:51:20.818+0000] {logging_mixin.py:149} INFO - [2023-06-23T13:51:20.818+0000] {dagbag.py:541} INFO - Filling up the DagBag from /home/airflow/.local/lib/python3.7/site-packages/airflow/example_dags/example_task_group.py
[2023-06-23T13:51:20.825+0000] {processor.py:836} INFO - DAG(s) dict_keys(['example_task_group']) retrieved from /home/airflow/.local/lib/python3.7/site-packages/airflow/example_dags/example_task_group.py
[2023-06-23T13:51:20.848+0000] {logging_mixin.py:149} INFO - [2023-06-23T13:51:20.848+0000] {dag.py:2726} INFO - Sync 1 DAGs
[2023-06-23T13:51:20.876+0000] {logging_mixin.py:149} INFO - [2023-06-23T13:51:20.875+0000] {dag.py:3490} INFO - Setting next_dagrun for example_task_group to 2023-06-22T13:51:20.875650+00:00, run_after=2023-06-23T13:51:20.875650+00:00
[2023-06-23T13:51:20.897+0000] {processor.py:179} INFO - Processing /home/airflow/.local/lib/python3.7/site-packages/airflow/example_dags/example_task_group.py took 0.083 seconds
[2023-06-23T13:51:51.166+0000] {processor.py:157} INFO - Started process (PID=1763) to work on /home/airflow/.local/lib/python3.7/site-packages/airflow/example_dags/example_task_group.py
[2023-06-23T13:51:51.167+0000] {processor.py:826} INFO - Processing file /home/airflow/.local/lib/python3.7/site-packages/airflow/example_dags/example_task_group.py for tasks to queue
[2023-06-23T13:51:51.168+0000] {logging_mixin.py:149} INFO - [2023-06-23T13:51:51.168+0000] {dagbag.py:541} INFO - Filling up the DagBag from /home/airflow/.local/lib/python3.7/site-packages/airflow/example_dags/example_task_group.py
[2023-06-23T13:51:51.177+0000] {processor.py:836} INFO - DAG(s) dict_keys(['example_task_group']) retrieved from /home/airflow/.local/lib/python3.7/site-packages/airflow/example_dags/example_task_group.py
[2023-06-23T13:51:51.203+0000] {logging_mixin.py:149} INFO - [2023-06-23T13:51:51.203+0000] {dag.py:2726} INFO - Sync 1 DAGs
[2023-06-23T13:51:51.230+0000] {logging_mixin.py:149} INFO - [2023-06-23T13:51:51.230+0000] {dag.py:3490} INFO - Setting next_dagrun for example_task_group to 2023-06-22T13:51:51.230432+00:00, run_after=2023-06-23T13:51:51.230432+00:00
[2023-06-23T13:51:51.252+0000] {processor.py:179} INFO - Processing /home/airflow/.local/lib/python3.7/site-packages/airflow/example_dags/example_task_group.py took 0.089 seconds
[2023-06-23T13:52:21.551+0000] {processor.py:157} INFO - Started process (PID=1829) to work on /home/airflow/.local/lib/python3.7/site-packages/airflow/example_dags/example_task_group.py
[2023-06-23T13:52:21.552+0000] {processor.py:826} INFO - Processing file /home/airflow/.local/lib/python3.7/site-packages/airflow/example_dags/example_task_group.py for tasks to queue
[2023-06-23T13:52:21.553+0000] {logging_mixin.py:149} INFO - [2023-06-23T13:52:21.553+0000] {dagbag.py:541} INFO - Filling up the DagBag from /home/airflow/.local/lib/python3.7/site-packages/airflow/example_dags/example_task_group.py
[2023-06-23T13:52:21.560+0000] {processor.py:836} INFO - DAG(s) dict_keys(['example_task_group']) retrieved from /home/airflow/.local/lib/python3.7/site-packages/airflow/example_dags/example_task_group.py
[2023-06-23T13:52:21.582+0000] {logging_mixin.py:149} INFO - [2023-06-23T13:52:21.582+0000] {dag.py:2726} INFO - Sync 1 DAGs
[2023-06-23T13:52:21.611+0000] {logging_mixin.py:149} INFO - [2023-06-23T13:52:21.611+0000] {dag.py:3490} INFO - Setting next_dagrun for example_task_group to 2023-06-22T13:52:21.611543+00:00, run_after=2023-06-23T13:52:21.611543+00:00
[2023-06-23T13:52:21.632+0000] {processor.py:179} INFO - Processing /home/airflow/.local/lib/python3.7/site-packages/airflow/example_dags/example_task_group.py took 0.084 seconds
[2023-06-23T13:52:51.661+0000] {processor.py:157} INFO - Started process (PID=1895) to work on /home/airflow/.local/lib/python3.7/site-packages/airflow/example_dags/example_task_group.py
[2023-06-23T13:52:51.662+0000] {processor.py:826} INFO - Processing file /home/airflow/.local/lib/python3.7/site-packages/airflow/example_dags/example_task_group.py for tasks to queue
[2023-06-23T13:52:51.663+0000] {logging_mixin.py:149} INFO - [2023-06-23T13:52:51.663+0000] {dagbag.py:541} INFO - Filling up the DagBag from /home/airflow/.local/lib/python3.7/site-packages/airflow/example_dags/example_task_group.py
[2023-06-23T13:52:51.670+0000] {processor.py:836} INFO - DAG(s) dict_keys(['example_task_group']) retrieved from /home/airflow/.local/lib/python3.7/site-packages/airflow/example_dags/example_task_group.py
[2023-06-23T13:52:51.694+0000] {logging_mixin.py:149} INFO - [2023-06-23T13:52:51.694+0000] {dag.py:2726} INFO - Sync 1 DAGs
[2023-06-23T13:52:51.719+0000] {logging_mixin.py:149} INFO - [2023-06-23T13:52:51.719+0000] {dag.py:3490} INFO - Setting next_dagrun for example_task_group to 2023-06-22T13:52:51.718930+00:00, run_after=2023-06-23T13:52:51.718930+00:00
[2023-06-23T13:52:51.740+0000] {processor.py:179} INFO - Processing /home/airflow/.local/lib/python3.7/site-packages/airflow/example_dags/example_task_group.py took 0.082 seconds
[2023-06-23T13:53:22.610+0000] {processor.py:157} INFO - Started process (PID=1961) to work on /home/airflow/.local/lib/python3.7/site-packages/airflow/example_dags/example_task_group.py
[2023-06-23T13:53:22.611+0000] {processor.py:826} INFO - Processing file /home/airflow/.local/lib/python3.7/site-packages/airflow/example_dags/example_task_group.py for tasks to queue
[2023-06-23T13:53:22.612+0000] {logging_mixin.py:149} INFO - [2023-06-23T13:53:22.612+0000] {dagbag.py:541} INFO - Filling up the DagBag from /home/airflow/.local/lib/python3.7/site-packages/airflow/example_dags/example_task_group.py
[2023-06-23T13:53:22.619+0000] {processor.py:836} INFO - DAG(s) dict_keys(['example_task_group']) retrieved from /home/airflow/.local/lib/python3.7/site-packages/airflow/example_dags/example_task_group.py
[2023-06-23T13:53:22.643+0000] {logging_mixin.py:149} INFO - [2023-06-23T13:53:22.643+0000] {dag.py:2726} INFO - Sync 1 DAGs
[2023-06-23T13:53:22.667+0000] {logging_mixin.py:149} INFO - [2023-06-23T13:53:22.667+0000] {dag.py:3490} INFO - Setting next_dagrun for example_task_group to 2023-06-22T13:53:22.667250+00:00, run_after=2023-06-23T13:53:22.667250+00:00
[2023-06-23T13:53:22.688+0000] {processor.py:179} INFO - Processing /home/airflow/.local/lib/python3.7/site-packages/airflow/example_dags/example_task_group.py took 0.080 seconds
[2023-06-23T13:53:53.684+0000] {processor.py:157} INFO - Started process (PID=2027) to work on /home/airflow/.local/lib/python3.7/site-packages/airflow/example_dags/example_task_group.py
[2023-06-23T13:53:53.685+0000] {processor.py:826} INFO - Processing file /home/airflow/.local/lib/python3.7/site-packages/airflow/example_dags/example_task_group.py for tasks to queue
[2023-06-23T13:53:53.686+0000] {logging_mixin.py:149} INFO - [2023-06-23T13:53:53.686+0000] {dagbag.py:541} INFO - Filling up the DagBag from /home/airflow/.local/lib/python3.7/site-packages/airflow/example_dags/example_task_group.py
[2023-06-23T13:53:53.696+0000] {processor.py:836} INFO - DAG(s) dict_keys(['example_task_group']) retrieved from /home/airflow/.local/lib/python3.7/site-packages/airflow/example_dags/example_task_group.py
[2023-06-23T13:53:53.728+0000] {logging_mixin.py:149} INFO - [2023-06-23T13:53:53.727+0000] {dag.py:2726} INFO - Sync 1 DAGs
[2023-06-23T13:53:53.760+0000] {logging_mixin.py:149} INFO - [2023-06-23T13:53:53.760+0000] {dag.py:3490} INFO - Setting next_dagrun for example_task_group to 2023-06-22T13:53:53.760383+00:00, run_after=2023-06-23T13:53:53.760383+00:00
[2023-06-23T13:53:53.789+0000] {processor.py:179} INFO - Processing /home/airflow/.local/lib/python3.7/site-packages/airflow/example_dags/example_task_group.py took 0.109 seconds
[2023-06-23T13:54:24.245+0000] {processor.py:157} INFO - Started process (PID=2093) to work on /home/airflow/.local/lib/python3.7/site-packages/airflow/example_dags/example_task_group.py
[2023-06-23T13:54:24.246+0000] {processor.py:826} INFO - Processing file /home/airflow/.local/lib/python3.7/site-packages/airflow/example_dags/example_task_group.py for tasks to queue
[2023-06-23T13:54:24.247+0000] {logging_mixin.py:149} INFO - [2023-06-23T13:54:24.247+0000] {dagbag.py:541} INFO - Filling up the DagBag from /home/airflow/.local/lib/python3.7/site-packages/airflow/example_dags/example_task_group.py
[2023-06-23T13:54:24.254+0000] {processor.py:836} INFO - DAG(s) dict_keys(['example_task_group']) retrieved from /home/airflow/.local/lib/python3.7/site-packages/airflow/example_dags/example_task_group.py
[2023-06-23T13:54:24.277+0000] {logging_mixin.py:149} INFO - [2023-06-23T13:54:24.277+0000] {dag.py:2726} INFO - Sync 1 DAGs
[2023-06-23T13:54:24.302+0000] {logging_mixin.py:149} INFO - [2023-06-23T13:54:24.301+0000] {dag.py:3490} INFO - Setting next_dagrun for example_task_group to 2023-06-22T13:54:24.301710+00:00, run_after=2023-06-23T13:54:24.301710+00:00
[2023-06-23T13:54:24.322+0000] {processor.py:179} INFO - Processing /home/airflow/.local/lib/python3.7/site-packages/airflow/example_dags/example_task_group.py took 0.079 seconds
[2023-06-23T13:54:54.833+0000] {processor.py:157} INFO - Started process (PID=2159) to work on /home/airflow/.local/lib/python3.7/site-packages/airflow/example_dags/example_task_group.py
[2023-06-23T13:54:54.834+0000] {processor.py:826} INFO - Processing file /home/airflow/.local/lib/python3.7/site-packages/airflow/example_dags/example_task_group.py for tasks to queue
[2023-06-23T13:54:54.835+0000] {logging_mixin.py:149} INFO - [2023-06-23T13:54:54.835+0000] {dagbag.py:541} INFO - Filling up the DagBag from /home/airflow/.local/lib/python3.7/site-packages/airflow/example_dags/example_task_group.py
[2023-06-23T13:54:54.842+0000] {processor.py:836} INFO - DAG(s) dict_keys(['example_task_group']) retrieved from /home/airflow/.local/lib/python3.7/site-packages/airflow/example_dags/example_task_group.py
[2023-06-23T13:54:54.865+0000] {logging_mixin.py:149} INFO - [2023-06-23T13:54:54.865+0000] {dag.py:2726} INFO - Sync 1 DAGs
[2023-06-23T13:54:54.888+0000] {logging_mixin.py:149} INFO - [2023-06-23T13:54:54.888+0000] {dag.py:3490} INFO - Setting next_dagrun for example_task_group to 2023-06-22T13:54:54.888216+00:00, run_after=2023-06-23T13:54:54.888216+00:00
[2023-06-23T13:54:54.908+0000] {processor.py:179} INFO - Processing /home/airflow/.local/lib/python3.7/site-packages/airflow/example_dags/example_task_group.py took 0.077 seconds
[2023-06-23T13:55:25.128+0000] {processor.py:157} INFO - Started process (PID=2225) to work on /home/airflow/.local/lib/python3.7/site-packages/airflow/example_dags/example_task_group.py
[2023-06-23T13:55:25.129+0000] {processor.py:826} INFO - Processing file /home/airflow/.local/lib/python3.7/site-packages/airflow/example_dags/example_task_group.py for tasks to queue
[2023-06-23T13:55:25.130+0000] {logging_mixin.py:149} INFO - [2023-06-23T13:55:25.130+0000] {dagbag.py:541} INFO - Filling up the DagBag from /home/airflow/.local/lib/python3.7/site-packages/airflow/example_dags/example_task_group.py
[2023-06-23T13:55:25.137+0000] {processor.py:836} INFO - DAG(s) dict_keys(['example_task_group']) retrieved from /home/airflow/.local/lib/python3.7/site-packages/airflow/example_dags/example_task_group.py
[2023-06-23T13:55:25.161+0000] {logging_mixin.py:149} INFO - [2023-06-23T13:55:25.161+0000] {dag.py:2726} INFO - Sync 1 DAGs
[2023-06-23T13:55:25.186+0000] {logging_mixin.py:149} INFO - [2023-06-23T13:55:25.186+0000] {dag.py:3490} INFO - Setting next_dagrun for example_task_group to 2023-06-22T13:55:25.186538+00:00, run_after=2023-06-23T13:55:25.186538+00:00
[2023-06-23T13:55:25.208+0000] {processor.py:179} INFO - Processing /home/airflow/.local/lib/python3.7/site-packages/airflow/example_dags/example_task_group.py took 0.083 seconds
[2023-06-23T13:55:55.599+0000] {processor.py:157} INFO - Started process (PID=2291) to work on /home/airflow/.local/lib/python3.7/site-packages/airflow/example_dags/example_task_group.py
[2023-06-23T13:55:55.601+0000] {processor.py:826} INFO - Processing file /home/airflow/.local/lib/python3.7/site-packages/airflow/example_dags/example_task_group.py for tasks to queue
[2023-06-23T13:55:55.602+0000] {logging_mixin.py:149} INFO - [2023-06-23T13:55:55.602+0000] {dagbag.py:541} INFO - Filling up the DagBag from /home/airflow/.local/lib/python3.7/site-packages/airflow/example_dags/example_task_group.py
[2023-06-23T13:55:55.609+0000] {processor.py:836} INFO - DAG(s) dict_keys(['example_task_group']) retrieved from /home/airflow/.local/lib/python3.7/site-packages/airflow/example_dags/example_task_group.py
[2023-06-23T13:55:55.632+0000] {logging_mixin.py:149} INFO - [2023-06-23T13:55:55.632+0000] {dag.py:2726} INFO - Sync 1 DAGs
[2023-06-23T13:55:55.656+0000] {logging_mixin.py:149} INFO - [2023-06-23T13:55:55.656+0000] {dag.py:3490} INFO - Setting next_dagrun for example_task_group to 2023-06-22T13:55:55.656567+00:00, run_after=2023-06-23T13:55:55.656567+00:00
[2023-06-23T13:55:55.676+0000] {processor.py:179} INFO - Processing /home/airflow/.local/lib/python3.7/site-packages/airflow/example_dags/example_task_group.py took 0.080 seconds
[2023-06-23T13:56:26.119+0000] {processor.py:157} INFO - Started process (PID=2357) to work on /home/airflow/.local/lib/python3.7/site-packages/airflow/example_dags/example_task_group.py
[2023-06-23T13:56:26.120+0000] {processor.py:826} INFO - Processing file /home/airflow/.local/lib/python3.7/site-packages/airflow/example_dags/example_task_group.py for tasks to queue
[2023-06-23T13:56:26.121+0000] {logging_mixin.py:149} INFO - [2023-06-23T13:56:26.121+0000] {dagbag.py:541} INFO - Filling up the DagBag from /home/airflow/.local/lib/python3.7/site-packages/airflow/example_dags/example_task_group.py
[2023-06-23T13:56:26.128+0000] {processor.py:836} INFO - DAG(s) dict_keys(['example_task_group']) retrieved from /home/airflow/.local/lib/python3.7/site-packages/airflow/example_dags/example_task_group.py
[2023-06-23T13:56:26.151+0000] {logging_mixin.py:149} INFO - [2023-06-23T13:56:26.150+0000] {dag.py:2726} INFO - Sync 1 DAGs
[2023-06-23T13:56:26.173+0000] {logging_mixin.py:149} INFO - [2023-06-23T13:56:26.173+0000] {dag.py:3490} INFO - Setting next_dagrun for example_task_group to 2023-06-22T13:56:26.173341+00:00, run_after=2023-06-23T13:56:26.173341+00:00
[2023-06-23T13:56:26.192+0000] {processor.py:179} INFO - Processing /home/airflow/.local/lib/python3.7/site-packages/airflow/example_dags/example_task_group.py took 0.076 seconds
[2023-06-23T13:56:56.346+0000] {processor.py:157} INFO - Started process (PID=2423) to work on /home/airflow/.local/lib/python3.7/site-packages/airflow/example_dags/example_task_group.py
[2023-06-23T13:56:56.346+0000] {processor.py:826} INFO - Processing file /home/airflow/.local/lib/python3.7/site-packages/airflow/example_dags/example_task_group.py for tasks to queue
[2023-06-23T13:56:56.347+0000] {logging_mixin.py:149} INFO - [2023-06-23T13:56:56.347+0000] {dagbag.py:541} INFO - Filling up the DagBag from /home/airflow/.local/lib/python3.7/site-packages/airflow/example_dags/example_task_group.py
[2023-06-23T13:56:56.354+0000] {processor.py:836} INFO - DAG(s) dict_keys(['example_task_group']) retrieved from /home/airflow/.local/lib/python3.7/site-packages/airflow/example_dags/example_task_group.py
[2023-06-23T13:56:56.376+0000] {logging_mixin.py:149} INFO - [2023-06-23T13:56:56.376+0000] {dag.py:2726} INFO - Sync 1 DAGs
[2023-06-23T13:56:56.400+0000] {logging_mixin.py:149} INFO - [2023-06-23T13:56:56.400+0000] {dag.py:3490} INFO - Setting next_dagrun for example_task_group to 2023-06-22T13:56:56.400586+00:00, run_after=2023-06-23T13:56:56.400586+00:00
[2023-06-23T13:56:56.419+0000] {processor.py:179} INFO - Processing /home/airflow/.local/lib/python3.7/site-packages/airflow/example_dags/example_task_group.py took 0.076 seconds
[2023-06-23T13:57:26.789+0000] {processor.py:157} INFO - Started process (PID=2489) to work on /home/airflow/.local/lib/python3.7/site-packages/airflow/example_dags/example_task_group.py
[2023-06-23T13:57:26.790+0000] {processor.py:826} INFO - Processing file /home/airflow/.local/lib/python3.7/site-packages/airflow/example_dags/example_task_group.py for tasks to queue
[2023-06-23T13:57:26.791+0000] {logging_mixin.py:149} INFO - [2023-06-23T13:57:26.791+0000] {dagbag.py:541} INFO - Filling up the DagBag from /home/airflow/.local/lib/python3.7/site-packages/airflow/example_dags/example_task_group.py
[2023-06-23T13:57:26.798+0000] {processor.py:836} INFO - DAG(s) dict_keys(['example_task_group']) retrieved from /home/airflow/.local/lib/python3.7/site-packages/airflow/example_dags/example_task_group.py
[2023-06-23T13:57:26.820+0000] {logging_mixin.py:149} INFO - [2023-06-23T13:57:26.820+0000] {dag.py:2726} INFO - Sync 1 DAGs
[2023-06-23T13:57:26.842+0000] {logging_mixin.py:149} INFO - [2023-06-23T13:57:26.841+0000] {dag.py:3490} INFO - Setting next_dagrun for example_task_group to 2023-06-22T13:57:26.841794+00:00, run_after=2023-06-23T13:57:26.841794+00:00
[2023-06-23T13:57:26.861+0000] {processor.py:179} INFO - Processing /home/airflow/.local/lib/python3.7/site-packages/airflow/example_dags/example_task_group.py took 0.075 seconds
[2023-06-23T13:57:57.162+0000] {processor.py:157} INFO - Started process (PID=2555) to work on /home/airflow/.local/lib/python3.7/site-packages/airflow/example_dags/example_task_group.py
[2023-06-23T13:57:57.163+0000] {processor.py:826} INFO - Processing file /home/airflow/.local/lib/python3.7/site-packages/airflow/example_dags/example_task_group.py for tasks to queue
[2023-06-23T13:57:57.164+0000] {logging_mixin.py:149} INFO - [2023-06-23T13:57:57.164+0000] {dagbag.py:541} INFO - Filling up the DagBag from /home/airflow/.local/lib/python3.7/site-packages/airflow/example_dags/example_task_group.py
[2023-06-23T13:57:57.171+0000] {processor.py:836} INFO - DAG(s) dict_keys(['example_task_group']) retrieved from /home/airflow/.local/lib/python3.7/site-packages/airflow/example_dags/example_task_group.py
[2023-06-23T13:57:57.192+0000] {logging_mixin.py:149} INFO - [2023-06-23T13:57:57.192+0000] {dag.py:2726} INFO - Sync 1 DAGs
[2023-06-23T13:57:57.215+0000] {logging_mixin.py:149} INFO - [2023-06-23T13:57:57.215+0000] {dag.py:3490} INFO - Setting next_dagrun for example_task_group to 2023-06-22T13:57:57.215167+00:00, run_after=2023-06-23T13:57:57.215167+00:00
[2023-06-23T13:57:57.234+0000] {processor.py:179} INFO - Processing /home/airflow/.local/lib/python3.7/site-packages/airflow/example_dags/example_task_group.py took 0.074 seconds
[2023-06-23T13:58:27.424+0000] {processor.py:157} INFO - Started process (PID=2621) to work on /home/airflow/.local/lib/python3.7/site-packages/airflow/example_dags/example_task_group.py
[2023-06-23T13:58:27.425+0000] {processor.py:826} INFO - Processing file /home/airflow/.local/lib/python3.7/site-packages/airflow/example_dags/example_task_group.py for tasks to queue
[2023-06-23T13:58:27.425+0000] {logging_mixin.py:149} INFO - [2023-06-23T13:58:27.425+0000] {dagbag.py:541} INFO - Filling up the DagBag from /home/airflow/.local/lib/python3.7/site-packages/airflow/example_dags/example_task_group.py
[2023-06-23T13:58:27.432+0000] {processor.py:836} INFO - DAG(s) dict_keys(['example_task_group']) retrieved from /home/airflow/.local/lib/python3.7/site-packages/airflow/example_dags/example_task_group.py
[2023-06-23T13:58:27.455+0000] {logging_mixin.py:149} INFO - [2023-06-23T13:58:27.455+0000] {dag.py:2726} INFO - Sync 1 DAGs
[2023-06-23T13:58:27.478+0000] {logging_mixin.py:149} INFO - [2023-06-23T13:58:27.478+0000] {dag.py:3490} INFO - Setting next_dagrun for example_task_group to 2023-06-22T13:58:27.478358+00:00, run_after=2023-06-23T13:58:27.478358+00:00
[2023-06-23T13:58:27.499+0000] {processor.py:179} INFO - Processing /home/airflow/.local/lib/python3.7/site-packages/airflow/example_dags/example_task_group.py took 0.078 seconds
[2023-06-23T13:58:57.840+0000] {processor.py:157} INFO - Started process (PID=2687) to work on /home/airflow/.local/lib/python3.7/site-packages/airflow/example_dags/example_task_group.py
[2023-06-23T13:58:57.841+0000] {processor.py:826} INFO - Processing file /home/airflow/.local/lib/python3.7/site-packages/airflow/example_dags/example_task_group.py for tasks to queue
[2023-06-23T13:58:57.842+0000] {logging_mixin.py:149} INFO - [2023-06-23T13:58:57.841+0000] {dagbag.py:541} INFO - Filling up the DagBag from /home/airflow/.local/lib/python3.7/site-packages/airflow/example_dags/example_task_group.py
[2023-06-23T13:58:57.850+0000] {processor.py:836} INFO - DAG(s) dict_keys(['example_task_group']) retrieved from /home/airflow/.local/lib/python3.7/site-packages/airflow/example_dags/example_task_group.py
[2023-06-23T13:58:57.872+0000] {logging_mixin.py:149} INFO - [2023-06-23T13:58:57.872+0000] {dag.py:2726} INFO - Sync 1 DAGs
[2023-06-23T13:58:57.896+0000] {logging_mixin.py:149} INFO - [2023-06-23T13:58:57.896+0000] {dag.py:3490} INFO - Setting next_dagrun for example_task_group to 2023-06-22T13:58:57.896610+00:00, run_after=2023-06-23T13:58:57.896610+00:00
[2023-06-23T13:58:57.915+0000] {processor.py:179} INFO - Processing /home/airflow/.local/lib/python3.7/site-packages/airflow/example_dags/example_task_group.py took 0.078 seconds
[2023-06-23T13:59:28.230+0000] {processor.py:157} INFO - Started process (PID=2753) to work on /home/airflow/.local/lib/python3.7/site-packages/airflow/example_dags/example_task_group.py
[2023-06-23T13:59:28.231+0000] {processor.py:826} INFO - Processing file /home/airflow/.local/lib/python3.7/site-packages/airflow/example_dags/example_task_group.py for tasks to queue
[2023-06-23T13:59:28.232+0000] {logging_mixin.py:149} INFO - [2023-06-23T13:59:28.232+0000] {dagbag.py:541} INFO - Filling up the DagBag from /home/airflow/.local/lib/python3.7/site-packages/airflow/example_dags/example_task_group.py
[2023-06-23T13:59:28.240+0000] {processor.py:836} INFO - DAG(s) dict_keys(['example_task_group']) retrieved from /home/airflow/.local/lib/python3.7/site-packages/airflow/example_dags/example_task_group.py
[2023-06-23T13:59:28.262+0000] {logging_mixin.py:149} INFO - [2023-06-23T13:59:28.262+0000] {dag.py:2726} INFO - Sync 1 DAGs
[2023-06-23T13:59:28.285+0000] {logging_mixin.py:149} INFO - [2023-06-23T13:59:28.285+0000] {dag.py:3490} INFO - Setting next_dagrun for example_task_group to 2023-06-22T13:59:28.285385+00:00, run_after=2023-06-23T13:59:28.285385+00:00
[2023-06-23T13:59:28.304+0000] {processor.py:179} INFO - Processing /home/airflow/.local/lib/python3.7/site-packages/airflow/example_dags/example_task_group.py took 0.077 seconds
[2023-06-23T13:59:58.512+0000] {processor.py:157} INFO - Started process (PID=2819) to work on /home/airflow/.local/lib/python3.7/site-packages/airflow/example_dags/example_task_group.py
[2023-06-23T13:59:58.513+0000] {processor.py:826} INFO - Processing file /home/airflow/.local/lib/python3.7/site-packages/airflow/example_dags/example_task_group.py for tasks to queue
[2023-06-23T13:59:58.514+0000] {logging_mixin.py:149} INFO - [2023-06-23T13:59:58.514+0000] {dagbag.py:541} INFO - Filling up the DagBag from /home/airflow/.local/lib/python3.7/site-packages/airflow/example_dags/example_task_group.py
[2023-06-23T13:59:58.521+0000] {processor.py:836} INFO - DAG(s) dict_keys(['example_task_group']) retrieved from /home/airflow/.local/lib/python3.7/site-packages/airflow/example_dags/example_task_group.py
[2023-06-23T13:59:58.544+0000] {logging_mixin.py:149} INFO - [2023-06-23T13:59:58.544+0000] {dag.py:2726} INFO - Sync 1 DAGs
[2023-06-23T13:59:58.566+0000] {logging_mixin.py:149} INFO - [2023-06-23T13:59:58.566+0000] {dag.py:3490} INFO - Setting next_dagrun for example_task_group to 2023-06-22T13:59:58.566500+00:00, run_after=2023-06-23T13:59:58.566500+00:00
[2023-06-23T13:59:58.586+0000] {processor.py:179} INFO - Processing /home/airflow/.local/lib/python3.7/site-packages/airflow/example_dags/example_task_group.py took 0.076 seconds
[2023-06-23T14:00:28.756+0000] {processor.py:157} INFO - Started process (PID=2885) to work on /home/airflow/.local/lib/python3.7/site-packages/airflow/example_dags/example_task_group.py
[2023-06-23T14:00:28.757+0000] {processor.py:826} INFO - Processing file /home/airflow/.local/lib/python3.7/site-packages/airflow/example_dags/example_task_group.py for tasks to queue
[2023-06-23T14:00:28.758+0000] {logging_mixin.py:149} INFO - [2023-06-23T14:00:28.758+0000] {dagbag.py:541} INFO - Filling up the DagBag from /home/airflow/.local/lib/python3.7/site-packages/airflow/example_dags/example_task_group.py
[2023-06-23T14:00:28.766+0000] {processor.py:836} INFO - DAG(s) dict_keys(['example_task_group']) retrieved from /home/airflow/.local/lib/python3.7/site-packages/airflow/example_dags/example_task_group.py
[2023-06-23T14:00:28.790+0000] {logging_mixin.py:149} INFO - [2023-06-23T14:00:28.790+0000] {dag.py:2726} INFO - Sync 1 DAGs
[2023-06-23T14:00:28.814+0000] {logging_mixin.py:149} INFO - [2023-06-23T14:00:28.814+0000] {dag.py:3490} INFO - Setting next_dagrun for example_task_group to 2023-06-22T14:00:28.813818+00:00, run_after=2023-06-23T14:00:28.813818+00:00
[2023-06-23T14:00:28.834+0000] {processor.py:179} INFO - Processing /home/airflow/.local/lib/python3.7/site-packages/airflow/example_dags/example_task_group.py took 0.081 seconds
[2023-06-23T14:00:59.236+0000] {processor.py:157} INFO - Started process (PID=2952) to work on /home/airflow/.local/lib/python3.7/site-packages/airflow/example_dags/example_task_group.py
[2023-06-23T14:00:59.237+0000] {processor.py:826} INFO - Processing file /home/airflow/.local/lib/python3.7/site-packages/airflow/example_dags/example_task_group.py for tasks to queue
[2023-06-23T14:00:59.239+0000] {logging_mixin.py:149} INFO - [2023-06-23T14:00:59.238+0000] {dagbag.py:541} INFO - Filling up the DagBag from /home/airflow/.local/lib/python3.7/site-packages/airflow/example_dags/example_task_group.py
[2023-06-23T14:00:59.247+0000] {processor.py:836} INFO - DAG(s) dict_keys(['example_task_group']) retrieved from /home/airflow/.local/lib/python3.7/site-packages/airflow/example_dags/example_task_group.py
[2023-06-23T14:00:59.272+0000] {logging_mixin.py:149} INFO - [2023-06-23T14:00:59.272+0000] {dag.py:2726} INFO - Sync 1 DAGs
[2023-06-23T14:00:59.298+0000] {logging_mixin.py:149} INFO - [2023-06-23T14:00:59.298+0000] {dag.py:3490} INFO - Setting next_dagrun for example_task_group to 2023-06-22T14:00:59.297818+00:00, run_after=2023-06-23T14:00:59.297818+00:00
[2023-06-23T14:00:59.320+0000] {processor.py:179} INFO - Processing /home/airflow/.local/lib/python3.7/site-packages/airflow/example_dags/example_task_group.py took 0.088 seconds
[2023-06-23T14:01:29.548+0000] {processor.py:157} INFO - Started process (PID=3018) to work on /home/airflow/.local/lib/python3.7/site-packages/airflow/example_dags/example_task_group.py
[2023-06-23T14:01:29.550+0000] {processor.py:826} INFO - Processing file /home/airflow/.local/lib/python3.7/site-packages/airflow/example_dags/example_task_group.py for tasks to queue
[2023-06-23T14:01:29.550+0000] {logging_mixin.py:149} INFO - [2023-06-23T14:01:29.550+0000] {dagbag.py:541} INFO - Filling up the DagBag from /home/airflow/.local/lib/python3.7/site-packages/airflow/example_dags/example_task_group.py
[2023-06-23T14:01:29.557+0000] {processor.py:836} INFO - DAG(s) dict_keys(['example_task_group']) retrieved from /home/airflow/.local/lib/python3.7/site-packages/airflow/example_dags/example_task_group.py
[2023-06-23T14:01:29.581+0000] {logging_mixin.py:149} INFO - [2023-06-23T14:01:29.580+0000] {dag.py:2726} INFO - Sync 1 DAGs
[2023-06-23T14:01:29.607+0000] {logging_mixin.py:149} INFO - [2023-06-23T14:01:29.607+0000] {dag.py:3490} INFO - Setting next_dagrun for example_task_group to 2023-06-22T14:01:29.606792+00:00, run_after=2023-06-23T14:01:29.606792+00:00
[2023-06-23T14:01:29.630+0000] {processor.py:179} INFO - Processing /home/airflow/.local/lib/python3.7/site-packages/airflow/example_dags/example_task_group.py took 0.084 seconds
[2023-06-23T14:01:59.788+0000] {processor.py:157} INFO - Started process (PID=3084) to work on /home/airflow/.local/lib/python3.7/site-packages/airflow/example_dags/example_task_group.py
[2023-06-23T14:01:59.789+0000] {processor.py:826} INFO - Processing file /home/airflow/.local/lib/python3.7/site-packages/airflow/example_dags/example_task_group.py for tasks to queue
[2023-06-23T14:01:59.790+0000] {logging_mixin.py:149} INFO - [2023-06-23T14:01:59.789+0000] {dagbag.py:541} INFO - Filling up the DagBag from /home/airflow/.local/lib/python3.7/site-packages/airflow/example_dags/example_task_group.py
[2023-06-23T14:01:59.798+0000] {processor.py:836} INFO - DAG(s) dict_keys(['example_task_group']) retrieved from /home/airflow/.local/lib/python3.7/site-packages/airflow/example_dags/example_task_group.py
[2023-06-23T14:01:59.821+0000] {logging_mixin.py:149} INFO - [2023-06-23T14:01:59.821+0000] {dag.py:2726} INFO - Sync 1 DAGs
[2023-06-23T14:01:59.843+0000] {logging_mixin.py:149} INFO - [2023-06-23T14:01:59.843+0000] {dag.py:3490} INFO - Setting next_dagrun for example_task_group to 2023-06-22T14:01:59.842918+00:00, run_after=2023-06-23T14:01:59.842918+00:00
[2023-06-23T14:01:59.861+0000] {processor.py:179} INFO - Processing /home/airflow/.local/lib/python3.7/site-packages/airflow/example_dags/example_task_group.py took 0.077 seconds
[2023-06-23T14:02:30.112+0000] {processor.py:157} INFO - Started process (PID=3150) to work on /home/airflow/.local/lib/python3.7/site-packages/airflow/example_dags/example_task_group.py
[2023-06-23T14:02:30.113+0000] {processor.py:826} INFO - Processing file /home/airflow/.local/lib/python3.7/site-packages/airflow/example_dags/example_task_group.py for tasks to queue
[2023-06-23T14:02:30.114+0000] {logging_mixin.py:149} INFO - [2023-06-23T14:02:30.114+0000] {dagbag.py:541} INFO - Filling up the DagBag from /home/airflow/.local/lib/python3.7/site-packages/airflow/example_dags/example_task_group.py
[2023-06-23T14:02:30.122+0000] {processor.py:836} INFO - DAG(s) dict_keys(['example_task_group']) retrieved from /home/airflow/.local/lib/python3.7/site-packages/airflow/example_dags/example_task_group.py
[2023-06-23T14:02:30.146+0000] {logging_mixin.py:149} INFO - [2023-06-23T14:02:30.146+0000] {dag.py:2726} INFO - Sync 1 DAGs
[2023-06-23T14:02:30.174+0000] {logging_mixin.py:149} INFO - [2023-06-23T14:02:30.174+0000] {dag.py:3490} INFO - Setting next_dagrun for example_task_group to 2023-06-22T14:02:30.174264+00:00, run_after=2023-06-23T14:02:30.174264+00:00
[2023-06-23T14:02:30.198+0000] {processor.py:179} INFO - Processing /home/airflow/.local/lib/python3.7/site-packages/airflow/example_dags/example_task_group.py took 0.088 seconds
[2023-06-23T14:03:00.543+0000] {processor.py:157} INFO - Started process (PID=3216) to work on /home/airflow/.local/lib/python3.7/site-packages/airflow/example_dags/example_task_group.py
[2023-06-23T14:03:00.544+0000] {processor.py:826} INFO - Processing file /home/airflow/.local/lib/python3.7/site-packages/airflow/example_dags/example_task_group.py for tasks to queue
[2023-06-23T14:03:00.545+0000] {logging_mixin.py:149} INFO - [2023-06-23T14:03:00.545+0000] {dagbag.py:541} INFO - Filling up the DagBag from /home/airflow/.local/lib/python3.7/site-packages/airflow/example_dags/example_task_group.py
[2023-06-23T14:03:00.552+0000] {processor.py:836} INFO - DAG(s) dict_keys(['example_task_group']) retrieved from /home/airflow/.local/lib/python3.7/site-packages/airflow/example_dags/example_task_group.py
[2023-06-23T14:03:00.577+0000] {logging_mixin.py:149} INFO - [2023-06-23T14:03:00.577+0000] {dag.py:2726} INFO - Sync 1 DAGs
[2023-06-23T14:03:00.600+0000] {logging_mixin.py:149} INFO - [2023-06-23T14:03:00.600+0000] {dag.py:3490} INFO - Setting next_dagrun for example_task_group to 2023-06-22T14:03:00.600279+00:00, run_after=2023-06-23T14:03:00.600279+00:00
[2023-06-23T14:03:00.618+0000] {processor.py:179} INFO - Processing /home/airflow/.local/lib/python3.7/site-packages/airflow/example_dags/example_task_group.py took 0.078 seconds
[2023-06-23T14:03:30.785+0000] {processor.py:157} INFO - Started process (PID=3282) to work on /home/airflow/.local/lib/python3.7/site-packages/airflow/example_dags/example_task_group.py
[2023-06-23T14:03:30.786+0000] {processor.py:826} INFO - Processing file /home/airflow/.local/lib/python3.7/site-packages/airflow/example_dags/example_task_group.py for tasks to queue
[2023-06-23T14:03:30.787+0000] {logging_mixin.py:149} INFO - [2023-06-23T14:03:30.787+0000] {dagbag.py:541} INFO - Filling up the DagBag from /home/airflow/.local/lib/python3.7/site-packages/airflow/example_dags/example_task_group.py
[2023-06-23T14:03:30.794+0000] {processor.py:836} INFO - DAG(s) dict_keys(['example_task_group']) retrieved from /home/airflow/.local/lib/python3.7/site-packages/airflow/example_dags/example_task_group.py
[2023-06-23T14:03:30.868+0000] {logging_mixin.py:149} INFO - [2023-06-23T14:03:30.868+0000] {dag.py:2726} INFO - Sync 1 DAGs
[2023-06-23T14:03:30.893+0000] {logging_mixin.py:149} INFO - [2023-06-23T14:03:30.893+0000] {dag.py:3490} INFO - Setting next_dagrun for example_task_group to 2023-06-22T14:03:30.893525+00:00, run_after=2023-06-23T14:03:30.893525+00:00
[2023-06-23T14:03:30.916+0000] {processor.py:179} INFO - Processing /home/airflow/.local/lib/python3.7/site-packages/airflow/example_dags/example_task_group.py took 0.134 seconds
[2023-06-23T14:04:01.036+0000] {processor.py:157} INFO - Started process (PID=3348) to work on /home/airflow/.local/lib/python3.7/site-packages/airflow/example_dags/example_task_group.py
[2023-06-23T14:04:01.038+0000] {processor.py:826} INFO - Processing file /home/airflow/.local/lib/python3.7/site-packages/airflow/example_dags/example_task_group.py for tasks to queue
[2023-06-23T14:04:01.039+0000] {logging_mixin.py:149} INFO - [2023-06-23T14:04:01.039+0000] {dagbag.py:541} INFO - Filling up the DagBag from /home/airflow/.local/lib/python3.7/site-packages/airflow/example_dags/example_task_group.py
[2023-06-23T14:04:01.050+0000] {processor.py:836} INFO - DAG(s) dict_keys(['example_task_group']) retrieved from /home/airflow/.local/lib/python3.7/site-packages/airflow/example_dags/example_task_group.py
[2023-06-23T14:04:01.082+0000] {logging_mixin.py:149} INFO - [2023-06-23T14:04:01.082+0000] {dag.py:2726} INFO - Sync 1 DAGs
[2023-06-23T14:04:01.118+0000] {logging_mixin.py:149} INFO - [2023-06-23T14:04:01.117+0000] {dag.py:3490} INFO - Setting next_dagrun for example_task_group to 2023-06-22T14:04:01.117537+00:00, run_after=2023-06-23T14:04:01.117537+00:00
[2023-06-23T14:04:01.146+0000] {processor.py:179} INFO - Processing /home/airflow/.local/lib/python3.7/site-packages/airflow/example_dags/example_task_group.py took 0.115 seconds
