[2023-06-23T13:14:29.986+0000] {processor.py:157} INFO - Started process (PID=39) to work on /home/airflow/.local/lib/python3.7/site-packages/airflow/example_dags/example_dag_decorator.py
[2023-06-23T13:14:29.987+0000] {processor.py:826} INFO - Processing file /home/airflow/.local/lib/python3.7/site-packages/airflow/example_dags/example_dag_decorator.py for tasks to queue
[2023-06-23T13:14:29.989+0000] {logging_mixin.py:149} INFO - [2023-06-23T13:14:29.988+0000] {dagbag.py:541} INFO - Filling up the DagBag from /home/airflow/.local/lib/python3.7/site-packages/airflow/example_dags/example_dag_decorator.py
[2023-06-23T13:14:29.998+0000] {logging_mixin.py:149} INFO - [2023-06-23T13:14:29.997+0000] {taskmixin.py:211} WARNING - Dependency <Task(_PythonDecoratedOperator): prepare_email>, send_email already registered for DAG: example_dag_decorator
[2023-06-23T13:14:29.999+0000] {logging_mixin.py:149} INFO - [2023-06-23T13:14:29.998+0000] {taskmixin.py:211} WARNING - Dependency <Task(EmailOperator): send_email>, prepare_email already registered for DAG: example_dag_decorator
[2023-06-23T13:14:30.011+0000] {processor.py:836} INFO - DAG(s) dict_keys(['example_dag_decorator']) retrieved from /home/airflow/.local/lib/python3.7/site-packages/airflow/example_dags/example_dag_decorator.py
[2023-06-23T13:14:30.029+0000] {logging_mixin.py:149} INFO - [2023-06-23T13:14:30.029+0000] {dag.py:2726} INFO - Sync 1 DAGs
[2023-06-23T13:14:30.061+0000] {logging_mixin.py:149} INFO - [2023-06-23T13:14:30.061+0000] {dag.py:3490} INFO - Setting next_dagrun for example_dag_decorator to None, run_after=None
[2023-06-23T13:14:30.087+0000] {processor.py:179} INFO - Processing /home/airflow/.local/lib/python3.7/site-packages/airflow/example_dags/example_dag_decorator.py took 0.104 seconds
[2023-06-23T13:15:00.744+0000] {processor.py:157} INFO - Started process (PID=105) to work on /home/airflow/.local/lib/python3.7/site-packages/airflow/example_dags/example_dag_decorator.py
[2023-06-23T13:15:00.746+0000] {processor.py:826} INFO - Processing file /home/airflow/.local/lib/python3.7/site-packages/airflow/example_dags/example_dag_decorator.py for tasks to queue
[2023-06-23T13:15:00.747+0000] {logging_mixin.py:149} INFO - [2023-06-23T13:15:00.747+0000] {dagbag.py:541} INFO - Filling up the DagBag from /home/airflow/.local/lib/python3.7/site-packages/airflow/example_dags/example_dag_decorator.py
[2023-06-23T13:15:00.754+0000] {logging_mixin.py:149} INFO - [2023-06-23T13:15:00.754+0000] {taskmixin.py:211} WARNING - Dependency <Task(_PythonDecoratedOperator): prepare_email>, send_email already registered for DAG: example_dag_decorator
[2023-06-23T13:15:00.754+0000] {logging_mixin.py:149} INFO - [2023-06-23T13:15:00.754+0000] {taskmixin.py:211} WARNING - Dependency <Task(EmailOperator): send_email>, prepare_email already registered for DAG: example_dag_decorator
[2023-06-23T13:15:00.765+0000] {processor.py:836} INFO - DAG(s) dict_keys(['example_dag_decorator']) retrieved from /home/airflow/.local/lib/python3.7/site-packages/airflow/example_dags/example_dag_decorator.py
[2023-06-23T13:15:00.779+0000] {logging_mixin.py:149} INFO - [2023-06-23T13:15:00.779+0000] {dag.py:2726} INFO - Sync 1 DAGs
[2023-06-23T13:15:00.815+0000] {logging_mixin.py:149} INFO - [2023-06-23T13:15:00.815+0000] {dag.py:3490} INFO - Setting next_dagrun for example_dag_decorator to None, run_after=None
[2023-06-23T13:15:00.841+0000] {processor.py:179} INFO - Processing /home/airflow/.local/lib/python3.7/site-packages/airflow/example_dags/example_dag_decorator.py took 0.101 seconds
[2023-06-23T13:15:30.948+0000] {processor.py:157} INFO - Started process (PID=171) to work on /home/airflow/.local/lib/python3.7/site-packages/airflow/example_dags/example_dag_decorator.py
[2023-06-23T13:15:30.949+0000] {processor.py:826} INFO - Processing file /home/airflow/.local/lib/python3.7/site-packages/airflow/example_dags/example_dag_decorator.py for tasks to queue
[2023-06-23T13:15:30.950+0000] {logging_mixin.py:149} INFO - [2023-06-23T13:15:30.950+0000] {dagbag.py:541} INFO - Filling up the DagBag from /home/airflow/.local/lib/python3.7/site-packages/airflow/example_dags/example_dag_decorator.py
[2023-06-23T13:15:30.956+0000] {logging_mixin.py:149} INFO - [2023-06-23T13:15:30.956+0000] {taskmixin.py:211} WARNING - Dependency <Task(_PythonDecoratedOperator): prepare_email>, send_email already registered for DAG: example_dag_decorator
[2023-06-23T13:15:30.957+0000] {logging_mixin.py:149} INFO - [2023-06-23T13:15:30.957+0000] {taskmixin.py:211} WARNING - Dependency <Task(EmailOperator): send_email>, prepare_email already registered for DAG: example_dag_decorator
[2023-06-23T13:15:30.965+0000] {processor.py:836} INFO - DAG(s) dict_keys(['example_dag_decorator']) retrieved from /home/airflow/.local/lib/python3.7/site-packages/airflow/example_dags/example_dag_decorator.py
[2023-06-23T13:15:31.033+0000] {logging_mixin.py:149} INFO - [2023-06-23T13:15:31.033+0000] {dag.py:2726} INFO - Sync 1 DAGs
[2023-06-23T13:15:31.057+0000] {logging_mixin.py:149} INFO - [2023-06-23T13:15:31.057+0000] {dag.py:3490} INFO - Setting next_dagrun for example_dag_decorator to None, run_after=None
[2023-06-23T13:15:31.080+0000] {processor.py:179} INFO - Processing /home/airflow/.local/lib/python3.7/site-packages/airflow/example_dags/example_dag_decorator.py took 0.135 seconds
[2023-06-23T13:16:01.446+0000] {processor.py:157} INFO - Started process (PID=237) to work on /home/airflow/.local/lib/python3.7/site-packages/airflow/example_dags/example_dag_decorator.py
[2023-06-23T13:16:01.447+0000] {processor.py:826} INFO - Processing file /home/airflow/.local/lib/python3.7/site-packages/airflow/example_dags/example_dag_decorator.py for tasks to queue
[2023-06-23T13:16:01.448+0000] {logging_mixin.py:149} INFO - [2023-06-23T13:16:01.448+0000] {dagbag.py:541} INFO - Filling up the DagBag from /home/airflow/.local/lib/python3.7/site-packages/airflow/example_dags/example_dag_decorator.py
[2023-06-23T13:16:01.454+0000] {logging_mixin.py:149} INFO - [2023-06-23T13:16:01.453+0000] {taskmixin.py:211} WARNING - Dependency <Task(_PythonDecoratedOperator): prepare_email>, send_email already registered for DAG: example_dag_decorator
[2023-06-23T13:16:01.454+0000] {logging_mixin.py:149} INFO - [2023-06-23T13:16:01.454+0000] {taskmixin.py:211} WARNING - Dependency <Task(EmailOperator): send_email>, prepare_email already registered for DAG: example_dag_decorator
[2023-06-23T13:16:01.463+0000] {processor.py:836} INFO - DAG(s) dict_keys(['example_dag_decorator']) retrieved from /home/airflow/.local/lib/python3.7/site-packages/airflow/example_dags/example_dag_decorator.py
[2023-06-23T13:16:01.537+0000] {logging_mixin.py:149} INFO - [2023-06-23T13:16:01.537+0000] {dag.py:2726} INFO - Sync 1 DAGs
[2023-06-23T13:16:01.561+0000] {logging_mixin.py:149} INFO - [2023-06-23T13:16:01.561+0000] {dag.py:3490} INFO - Setting next_dagrun for example_dag_decorator to None, run_after=None
[2023-06-23T13:16:01.581+0000] {processor.py:179} INFO - Processing /home/airflow/.local/lib/python3.7/site-packages/airflow/example_dags/example_dag_decorator.py took 0.138 seconds
