[2023-06-23T13:14:29.812+0000] {processor.py:157} INFO - Started process (PID=36) to work on /home/airflow/.local/lib/python3.7/site-packages/airflow/example_dags/example_skip_dag.py
[2023-06-23T13:14:29.814+0000] {processor.py:826} INFO - Processing file /home/airflow/.local/lib/python3.7/site-packages/airflow/example_dags/example_skip_dag.py for tasks to queue
[2023-06-23T13:14:29.815+0000] {logging_mixin.py:149} INFO - [2023-06-23T13:14:29.815+0000] {dagbag.py:541} INFO - Filling up the DagBag from /home/airflow/.local/lib/python3.7/site-packages/airflow/example_dags/example_skip_dag.py
[2023-06-23T13:14:29.827+0000] {processor.py:836} INFO - DAG(s) dict_keys(['example_skip_dag']) retrieved from /home/airflow/.local/lib/python3.7/site-packages/airflow/example_dags/example_skip_dag.py
[2023-06-23T13:14:29.843+0000] {logging_mixin.py:149} INFO - [2023-06-23T13:14:29.843+0000] {dag.py:2726} INFO - Sync 1 DAGs
[2023-06-23T13:14:29.872+0000] {logging_mixin.py:149} INFO - [2023-06-23T13:14:29.872+0000] {dag.py:3490} INFO - Setting next_dagrun for example_skip_dag to 2023-06-22T13:14:29.872418+00:00, run_after=2023-06-23T13:14:29.872418+00:00
[2023-06-23T13:14:29.895+0000] {processor.py:179} INFO - Processing /home/airflow/.local/lib/python3.7/site-packages/airflow/example_dags/example_skip_dag.py took 0.086 seconds
[2023-06-23T13:15:00.588+0000] {processor.py:157} INFO - Started process (PID=102) to work on /home/airflow/.local/lib/python3.7/site-packages/airflow/example_dags/example_skip_dag.py
[2023-06-23T13:15:00.589+0000] {processor.py:826} INFO - Processing file /home/airflow/.local/lib/python3.7/site-packages/airflow/example_dags/example_skip_dag.py for tasks to queue
[2023-06-23T13:15:00.591+0000] {logging_mixin.py:149} INFO - [2023-06-23T13:15:00.590+0000] {dagbag.py:541} INFO - Filling up the DagBag from /home/airflow/.local/lib/python3.7/site-packages/airflow/example_dags/example_skip_dag.py
[2023-06-23T13:15:00.597+0000] {processor.py:836} INFO - DAG(s) dict_keys(['example_skip_dag']) retrieved from /home/airflow/.local/lib/python3.7/site-packages/airflow/example_dags/example_skip_dag.py
[2023-06-23T13:15:00.611+0000] {logging_mixin.py:149} INFO - [2023-06-23T13:15:00.611+0000] {dag.py:2726} INFO - Sync 1 DAGs
[2023-06-23T13:15:00.642+0000] {logging_mixin.py:149} INFO - [2023-06-23T13:15:00.642+0000] {dag.py:3490} INFO - Setting next_dagrun for example_skip_dag to 2023-06-22T13:15:00.642107+00:00, run_after=2023-06-23T13:15:00.642107+00:00
[2023-06-23T13:15:00.666+0000] {processor.py:179} INFO - Processing /home/airflow/.local/lib/python3.7/site-packages/airflow/example_dags/example_skip_dag.py took 0.082 seconds
[2023-06-23T13:15:30.757+0000] {processor.py:157} INFO - Started process (PID=168) to work on /home/airflow/.local/lib/python3.7/site-packages/airflow/example_dags/example_skip_dag.py
[2023-06-23T13:15:30.758+0000] {processor.py:826} INFO - Processing file /home/airflow/.local/lib/python3.7/site-packages/airflow/example_dags/example_skip_dag.py for tasks to queue
[2023-06-23T13:15:30.759+0000] {logging_mixin.py:149} INFO - [2023-06-23T13:15:30.759+0000] {dagbag.py:541} INFO - Filling up the DagBag from /home/airflow/.local/lib/python3.7/site-packages/airflow/example_dags/example_skip_dag.py
[2023-06-23T13:15:30.766+0000] {processor.py:836} INFO - DAG(s) dict_keys(['example_skip_dag']) retrieved from /home/airflow/.local/lib/python3.7/site-packages/airflow/example_dags/example_skip_dag.py
[2023-06-23T13:15:30.792+0000] {logging_mixin.py:149} INFO - [2023-06-23T13:15:30.792+0000] {dag.py:2726} INFO - Sync 1 DAGs
[2023-06-23T13:15:30.817+0000] {logging_mixin.py:149} INFO - [2023-06-23T13:15:30.817+0000] {dag.py:3490} INFO - Setting next_dagrun for example_skip_dag to 2023-06-22T13:15:30.817107+00:00, run_after=2023-06-23T13:15:30.817107+00:00
[2023-06-23T13:15:30.837+0000] {processor.py:179} INFO - Processing /home/airflow/.local/lib/python3.7/site-packages/airflow/example_dags/example_skip_dag.py took 0.083 seconds
[2023-06-23T13:16:01.228+0000] {processor.py:157} INFO - Started process (PID=234) to work on /home/airflow/.local/lib/python3.7/site-packages/airflow/example_dags/example_skip_dag.py
[2023-06-23T13:16:01.229+0000] {processor.py:826} INFO - Processing file /home/airflow/.local/lib/python3.7/site-packages/airflow/example_dags/example_skip_dag.py for tasks to queue
[2023-06-23T13:16:01.230+0000] {logging_mixin.py:149} INFO - [2023-06-23T13:16:01.230+0000] {dagbag.py:541} INFO - Filling up the DagBag from /home/airflow/.local/lib/python3.7/site-packages/airflow/example_dags/example_skip_dag.py
[2023-06-23T13:16:01.236+0000] {processor.py:836} INFO - DAG(s) dict_keys(['example_skip_dag']) retrieved from /home/airflow/.local/lib/python3.7/site-packages/airflow/example_dags/example_skip_dag.py
[2023-06-23T13:16:01.257+0000] {logging_mixin.py:149} INFO - [2023-06-23T13:16:01.257+0000] {dag.py:2726} INFO - Sync 1 DAGs
[2023-06-23T13:16:01.280+0000] {logging_mixin.py:149} INFO - [2023-06-23T13:16:01.280+0000] {dag.py:3490} INFO - Setting next_dagrun for example_skip_dag to 2023-06-22T13:16:01.280045+00:00, run_after=2023-06-23T13:16:01.280045+00:00
[2023-06-23T13:16:01.298+0000] {processor.py:179} INFO - Processing /home/airflow/.local/lib/python3.7/site-packages/airflow/example_dags/example_skip_dag.py took 0.072 seconds
[2023-06-23T13:38:39.509+0000] {processor.py:157} INFO - Started process (PID=35) to work on /home/airflow/.local/lib/python3.7/site-packages/airflow/example_dags/example_skip_dag.py
[2023-06-23T13:38:39.514+0000] {processor.py:826} INFO - Processing file /home/airflow/.local/lib/python3.7/site-packages/airflow/example_dags/example_skip_dag.py for tasks to queue
[2023-06-23T13:38:39.517+0000] {logging_mixin.py:149} INFO - [2023-06-23T13:38:39.516+0000] {dagbag.py:541} INFO - Filling up the DagBag from /home/airflow/.local/lib/python3.7/site-packages/airflow/example_dags/example_skip_dag.py
[2023-06-23T13:38:39.542+0000] {processor.py:836} INFO - DAG(s) dict_keys(['example_skip_dag']) retrieved from /home/airflow/.local/lib/python3.7/site-packages/airflow/example_dags/example_skip_dag.py
[2023-06-23T13:38:39.567+0000] {logging_mixin.py:149} INFO - [2023-06-23T13:38:39.567+0000] {dag.py:2726} INFO - Sync 1 DAGs
[2023-06-23T13:38:39.620+0000] {logging_mixin.py:149} INFO - [2023-06-23T13:38:39.620+0000] {dag.py:3490} INFO - Setting next_dagrun for example_skip_dag to 2023-06-22T13:38:39.619876+00:00, run_after=2023-06-23T13:38:39.619876+00:00
[2023-06-23T13:38:39.647+0000] {processor.py:179} INFO - Processing /home/airflow/.local/lib/python3.7/site-packages/airflow/example_dags/example_skip_dag.py took 0.143 seconds
[2023-06-23T13:39:09.961+0000] {processor.py:157} INFO - Started process (PID=101) to work on /home/airflow/.local/lib/python3.7/site-packages/airflow/example_dags/example_skip_dag.py
[2023-06-23T13:39:09.963+0000] {processor.py:826} INFO - Processing file /home/airflow/.local/lib/python3.7/site-packages/airflow/example_dags/example_skip_dag.py for tasks to queue
[2023-06-23T13:39:09.964+0000] {logging_mixin.py:149} INFO - [2023-06-23T13:39:09.963+0000] {dagbag.py:541} INFO - Filling up the DagBag from /home/airflow/.local/lib/python3.7/site-packages/airflow/example_dags/example_skip_dag.py
[2023-06-23T13:39:09.971+0000] {processor.py:836} INFO - DAG(s) dict_keys(['example_skip_dag']) retrieved from /home/airflow/.local/lib/python3.7/site-packages/airflow/example_dags/example_skip_dag.py
[2023-06-23T13:39:09.993+0000] {logging_mixin.py:149} INFO - [2023-06-23T13:39:09.993+0000] {dag.py:2726} INFO - Sync 1 DAGs
[2023-06-23T13:39:10.022+0000] {logging_mixin.py:149} INFO - [2023-06-23T13:39:10.022+0000] {dag.py:3490} INFO - Setting next_dagrun for example_skip_dag to 2023-06-22T13:39:10.022068+00:00, run_after=2023-06-23T13:39:10.022068+00:00
[2023-06-23T13:39:10.047+0000] {processor.py:179} INFO - Processing /home/airflow/.local/lib/python3.7/site-packages/airflow/example_dags/example_skip_dag.py took 0.088 seconds
[2023-06-23T13:39:40.499+0000] {processor.py:157} INFO - Started process (PID=167) to work on /home/airflow/.local/lib/python3.7/site-packages/airflow/example_dags/example_skip_dag.py
[2023-06-23T13:39:40.500+0000] {processor.py:826} INFO - Processing file /home/airflow/.local/lib/python3.7/site-packages/airflow/example_dags/example_skip_dag.py for tasks to queue
[2023-06-23T13:39:40.501+0000] {logging_mixin.py:149} INFO - [2023-06-23T13:39:40.501+0000] {dagbag.py:541} INFO - Filling up the DagBag from /home/airflow/.local/lib/python3.7/site-packages/airflow/example_dags/example_skip_dag.py
[2023-06-23T13:39:40.508+0000] {processor.py:836} INFO - DAG(s) dict_keys(['example_skip_dag']) retrieved from /home/airflow/.local/lib/python3.7/site-packages/airflow/example_dags/example_skip_dag.py
[2023-06-23T13:39:40.535+0000] {logging_mixin.py:149} INFO - [2023-06-23T13:39:40.535+0000] {dag.py:2726} INFO - Sync 1 DAGs
[2023-06-23T13:39:40.565+0000] {logging_mixin.py:149} INFO - [2023-06-23T13:39:40.565+0000] {dag.py:3490} INFO - Setting next_dagrun for example_skip_dag to 2023-06-22T13:39:40.564759+00:00, run_after=2023-06-23T13:39:40.564759+00:00
[2023-06-23T13:39:40.588+0000] {processor.py:179} INFO - Processing /home/airflow/.local/lib/python3.7/site-packages/airflow/example_dags/example_skip_dag.py took 0.092 seconds
[2023-06-23T13:40:11.326+0000] {processor.py:157} INFO - Started process (PID=233) to work on /home/airflow/.local/lib/python3.7/site-packages/airflow/example_dags/example_skip_dag.py
[2023-06-23T13:40:11.327+0000] {processor.py:826} INFO - Processing file /home/airflow/.local/lib/python3.7/site-packages/airflow/example_dags/example_skip_dag.py for tasks to queue
[2023-06-23T13:40:11.328+0000] {logging_mixin.py:149} INFO - [2023-06-23T13:40:11.328+0000] {dagbag.py:541} INFO - Filling up the DagBag from /home/airflow/.local/lib/python3.7/site-packages/airflow/example_dags/example_skip_dag.py
[2023-06-23T13:40:11.334+0000] {processor.py:836} INFO - DAG(s) dict_keys(['example_skip_dag']) retrieved from /home/airflow/.local/lib/python3.7/site-packages/airflow/example_dags/example_skip_dag.py
[2023-06-23T13:40:11.357+0000] {logging_mixin.py:149} INFO - [2023-06-23T13:40:11.357+0000] {dag.py:2726} INFO - Sync 1 DAGs
[2023-06-23T13:40:11.383+0000] {logging_mixin.py:149} INFO - [2023-06-23T13:40:11.383+0000] {dag.py:3490} INFO - Setting next_dagrun for example_skip_dag to 2023-06-22T13:40:11.383379+00:00, run_after=2023-06-23T13:40:11.383379+00:00
[2023-06-23T13:40:11.406+0000] {processor.py:179} INFO - Processing /home/airflow/.local/lib/python3.7/site-packages/airflow/example_dags/example_skip_dag.py took 0.083 seconds
[2023-06-23T13:40:41.602+0000] {processor.py:157} INFO - Started process (PID=299) to work on /home/airflow/.local/lib/python3.7/site-packages/airflow/example_dags/example_skip_dag.py
[2023-06-23T13:40:41.603+0000] {processor.py:826} INFO - Processing file /home/airflow/.local/lib/python3.7/site-packages/airflow/example_dags/example_skip_dag.py for tasks to queue
[2023-06-23T13:40:41.604+0000] {logging_mixin.py:149} INFO - [2023-06-23T13:40:41.603+0000] {dagbag.py:541} INFO - Filling up the DagBag from /home/airflow/.local/lib/python3.7/site-packages/airflow/example_dags/example_skip_dag.py
[2023-06-23T13:40:41.610+0000] {processor.py:836} INFO - DAG(s) dict_keys(['example_skip_dag']) retrieved from /home/airflow/.local/lib/python3.7/site-packages/airflow/example_dags/example_skip_dag.py
[2023-06-23T13:40:41.633+0000] {logging_mixin.py:149} INFO - [2023-06-23T13:40:41.633+0000] {dag.py:2726} INFO - Sync 1 DAGs
[2023-06-23T13:40:41.655+0000] {logging_mixin.py:149} INFO - [2023-06-23T13:40:41.655+0000] {dag.py:3490} INFO - Setting next_dagrun for example_skip_dag to 2023-06-22T13:40:41.655638+00:00, run_after=2023-06-23T13:40:41.655638+00:00
[2023-06-23T13:40:41.676+0000] {processor.py:179} INFO - Processing /home/airflow/.local/lib/python3.7/site-packages/airflow/example_dags/example_skip_dag.py took 0.077 seconds
[2023-06-23T13:41:12.025+0000] {processor.py:157} INFO - Started process (PID=365) to work on /home/airflow/.local/lib/python3.7/site-packages/airflow/example_dags/example_skip_dag.py
[2023-06-23T13:41:12.026+0000] {processor.py:826} INFO - Processing file /home/airflow/.local/lib/python3.7/site-packages/airflow/example_dags/example_skip_dag.py for tasks to queue
[2023-06-23T13:41:12.027+0000] {logging_mixin.py:149} INFO - [2023-06-23T13:41:12.027+0000] {dagbag.py:541} INFO - Filling up the DagBag from /home/airflow/.local/lib/python3.7/site-packages/airflow/example_dags/example_skip_dag.py
[2023-06-23T13:41:12.036+0000] {processor.py:836} INFO - DAG(s) dict_keys(['example_skip_dag']) retrieved from /home/airflow/.local/lib/python3.7/site-packages/airflow/example_dags/example_skip_dag.py
[2023-06-23T13:41:12.067+0000] {logging_mixin.py:149} INFO - [2023-06-23T13:41:12.067+0000] {dag.py:2726} INFO - Sync 1 DAGs
[2023-06-23T13:41:12.098+0000] {logging_mixin.py:149} INFO - [2023-06-23T13:41:12.097+0000] {dag.py:3490} INFO - Setting next_dagrun for example_skip_dag to 2023-06-22T13:41:12.097587+00:00, run_after=2023-06-23T13:41:12.097587+00:00
[2023-06-23T13:41:12.124+0000] {processor.py:179} INFO - Processing /home/airflow/.local/lib/python3.7/site-packages/airflow/example_dags/example_skip_dag.py took 0.102 seconds
[2023-06-23T13:41:42.864+0000] {processor.py:157} INFO - Started process (PID=431) to work on /home/airflow/.local/lib/python3.7/site-packages/airflow/example_dags/example_skip_dag.py
[2023-06-23T13:41:42.865+0000] {processor.py:826} INFO - Processing file /home/airflow/.local/lib/python3.7/site-packages/airflow/example_dags/example_skip_dag.py for tasks to queue
[2023-06-23T13:41:42.865+0000] {logging_mixin.py:149} INFO - [2023-06-23T13:41:42.865+0000] {dagbag.py:541} INFO - Filling up the DagBag from /home/airflow/.local/lib/python3.7/site-packages/airflow/example_dags/example_skip_dag.py
[2023-06-23T13:41:42.872+0000] {processor.py:836} INFO - DAG(s) dict_keys(['example_skip_dag']) retrieved from /home/airflow/.local/lib/python3.7/site-packages/airflow/example_dags/example_skip_dag.py
[2023-06-23T13:41:42.894+0000] {logging_mixin.py:149} INFO - [2023-06-23T13:41:42.894+0000] {dag.py:2726} INFO - Sync 1 DAGs
[2023-06-23T13:41:42.918+0000] {logging_mixin.py:149} INFO - [2023-06-23T13:41:42.918+0000] {dag.py:3490} INFO - Setting next_dagrun for example_skip_dag to 2023-06-22T13:41:42.917989+00:00, run_after=2023-06-23T13:41:42.917989+00:00
[2023-06-23T13:41:42.937+0000] {processor.py:179} INFO - Processing /home/airflow/.local/lib/python3.7/site-packages/airflow/example_dags/example_skip_dag.py took 0.076 seconds
[2023-06-23T13:42:13.021+0000] {processor.py:157} INFO - Started process (PID=497) to work on /home/airflow/.local/lib/python3.7/site-packages/airflow/example_dags/example_skip_dag.py
[2023-06-23T13:42:13.022+0000] {processor.py:826} INFO - Processing file /home/airflow/.local/lib/python3.7/site-packages/airflow/example_dags/example_skip_dag.py for tasks to queue
[2023-06-23T13:42:13.023+0000] {logging_mixin.py:149} INFO - [2023-06-23T13:42:13.023+0000] {dagbag.py:541} INFO - Filling up the DagBag from /home/airflow/.local/lib/python3.7/site-packages/airflow/example_dags/example_skip_dag.py
[2023-06-23T13:42:13.030+0000] {processor.py:836} INFO - DAG(s) dict_keys(['example_skip_dag']) retrieved from /home/airflow/.local/lib/python3.7/site-packages/airflow/example_dags/example_skip_dag.py
[2023-06-23T13:42:13.057+0000] {logging_mixin.py:149} INFO - [2023-06-23T13:42:13.056+0000] {dag.py:2726} INFO - Sync 1 DAGs
[2023-06-23T13:42:13.086+0000] {logging_mixin.py:149} INFO - [2023-06-23T13:42:13.086+0000] {dag.py:3490} INFO - Setting next_dagrun for example_skip_dag to 2023-06-22T13:42:13.085862+00:00, run_after=2023-06-23T13:42:13.085862+00:00
[2023-06-23T13:42:13.106+0000] {processor.py:179} INFO - Processing /home/airflow/.local/lib/python3.7/site-packages/airflow/example_dags/example_skip_dag.py took 0.089 seconds
[2023-06-23T13:42:43.512+0000] {processor.py:157} INFO - Started process (PID=563) to work on /home/airflow/.local/lib/python3.7/site-packages/airflow/example_dags/example_skip_dag.py
[2023-06-23T13:42:43.513+0000] {processor.py:826} INFO - Processing file /home/airflow/.local/lib/python3.7/site-packages/airflow/example_dags/example_skip_dag.py for tasks to queue
[2023-06-23T13:42:43.515+0000] {logging_mixin.py:149} INFO - [2023-06-23T13:42:43.515+0000] {dagbag.py:541} INFO - Filling up the DagBag from /home/airflow/.local/lib/python3.7/site-packages/airflow/example_dags/example_skip_dag.py
[2023-06-23T13:42:43.522+0000] {processor.py:836} INFO - DAG(s) dict_keys(['example_skip_dag']) retrieved from /home/airflow/.local/lib/python3.7/site-packages/airflow/example_dags/example_skip_dag.py
[2023-06-23T13:42:43.547+0000] {logging_mixin.py:149} INFO - [2023-06-23T13:42:43.547+0000] {dag.py:2726} INFO - Sync 1 DAGs
[2023-06-23T13:42:43.571+0000] {logging_mixin.py:149} INFO - [2023-06-23T13:42:43.571+0000] {dag.py:3490} INFO - Setting next_dagrun for example_skip_dag to 2023-06-22T13:42:43.571624+00:00, run_after=2023-06-23T13:42:43.571624+00:00
[2023-06-23T13:42:43.593+0000] {processor.py:179} INFO - Processing /home/airflow/.local/lib/python3.7/site-packages/airflow/example_dags/example_skip_dag.py took 0.084 seconds
[2023-06-23T13:43:13.782+0000] {processor.py:157} INFO - Started process (PID=629) to work on /home/airflow/.local/lib/python3.7/site-packages/airflow/example_dags/example_skip_dag.py
[2023-06-23T13:43:13.783+0000] {processor.py:826} INFO - Processing file /home/airflow/.local/lib/python3.7/site-packages/airflow/example_dags/example_skip_dag.py for tasks to queue
[2023-06-23T13:43:13.784+0000] {logging_mixin.py:149} INFO - [2023-06-23T13:43:13.784+0000] {dagbag.py:541} INFO - Filling up the DagBag from /home/airflow/.local/lib/python3.7/site-packages/airflow/example_dags/example_skip_dag.py
[2023-06-23T13:43:13.791+0000] {processor.py:836} INFO - DAG(s) dict_keys(['example_skip_dag']) retrieved from /home/airflow/.local/lib/python3.7/site-packages/airflow/example_dags/example_skip_dag.py
[2023-06-23T13:43:13.819+0000] {logging_mixin.py:149} INFO - [2023-06-23T13:43:13.818+0000] {dag.py:2726} INFO - Sync 1 DAGs
[2023-06-23T13:43:13.850+0000] {logging_mixin.py:149} INFO - [2023-06-23T13:43:13.849+0000] {dag.py:3490} INFO - Setting next_dagrun for example_skip_dag to 2023-06-22T13:43:13.849665+00:00, run_after=2023-06-23T13:43:13.849665+00:00
[2023-06-23T13:43:13.874+0000] {processor.py:179} INFO - Processing /home/airflow/.local/lib/python3.7/site-packages/airflow/example_dags/example_skip_dag.py took 0.095 seconds
[2023-06-23T13:43:44.353+0000] {processor.py:157} INFO - Started process (PID=695) to work on /home/airflow/.local/lib/python3.7/site-packages/airflow/example_dags/example_skip_dag.py
[2023-06-23T13:43:44.354+0000] {processor.py:826} INFO - Processing file /home/airflow/.local/lib/python3.7/site-packages/airflow/example_dags/example_skip_dag.py for tasks to queue
[2023-06-23T13:43:44.355+0000] {logging_mixin.py:149} INFO - [2023-06-23T13:43:44.355+0000] {dagbag.py:541} INFO - Filling up the DagBag from /home/airflow/.local/lib/python3.7/site-packages/airflow/example_dags/example_skip_dag.py
[2023-06-23T13:43:44.361+0000] {processor.py:836} INFO - DAG(s) dict_keys(['example_skip_dag']) retrieved from /home/airflow/.local/lib/python3.7/site-packages/airflow/example_dags/example_skip_dag.py
[2023-06-23T13:43:44.391+0000] {logging_mixin.py:149} INFO - [2023-06-23T13:43:44.391+0000] {dag.py:2726} INFO - Sync 1 DAGs
[2023-06-23T13:43:44.429+0000] {logging_mixin.py:149} INFO - [2023-06-23T13:43:44.429+0000] {dag.py:3490} INFO - Setting next_dagrun for example_skip_dag to 2023-06-22T13:43:44.428830+00:00, run_after=2023-06-23T13:43:44.428830+00:00
[2023-06-23T13:43:44.455+0000] {processor.py:179} INFO - Processing /home/airflow/.local/lib/python3.7/site-packages/airflow/example_dags/example_skip_dag.py took 0.105 seconds
[2023-06-23T13:44:14.838+0000] {processor.py:157} INFO - Started process (PID=761) to work on /home/airflow/.local/lib/python3.7/site-packages/airflow/example_dags/example_skip_dag.py
[2023-06-23T13:44:14.840+0000] {processor.py:826} INFO - Processing file /home/airflow/.local/lib/python3.7/site-packages/airflow/example_dags/example_skip_dag.py for tasks to queue
[2023-06-23T13:44:14.841+0000] {logging_mixin.py:149} INFO - [2023-06-23T13:44:14.840+0000] {dagbag.py:541} INFO - Filling up the DagBag from /home/airflow/.local/lib/python3.7/site-packages/airflow/example_dags/example_skip_dag.py
[2023-06-23T13:44:14.848+0000] {processor.py:836} INFO - DAG(s) dict_keys(['example_skip_dag']) retrieved from /home/airflow/.local/lib/python3.7/site-packages/airflow/example_dags/example_skip_dag.py
[2023-06-23T13:44:14.872+0000] {logging_mixin.py:149} INFO - [2023-06-23T13:44:14.872+0000] {dag.py:2726} INFO - Sync 1 DAGs
[2023-06-23T13:44:14.898+0000] {logging_mixin.py:149} INFO - [2023-06-23T13:44:14.898+0000] {dag.py:3490} INFO - Setting next_dagrun for example_skip_dag to 2023-06-22T13:44:14.898166+00:00, run_after=2023-06-23T13:44:14.898166+00:00
[2023-06-23T13:44:14.922+0000] {processor.py:179} INFO - Processing /home/airflow/.local/lib/python3.7/site-packages/airflow/example_dags/example_skip_dag.py took 0.086 seconds
[2023-06-23T13:44:45.075+0000] {processor.py:157} INFO - Started process (PID=827) to work on /home/airflow/.local/lib/python3.7/site-packages/airflow/example_dags/example_skip_dag.py
[2023-06-23T13:44:45.076+0000] {processor.py:826} INFO - Processing file /home/airflow/.local/lib/python3.7/site-packages/airflow/example_dags/example_skip_dag.py for tasks to queue
[2023-06-23T13:44:45.077+0000] {logging_mixin.py:149} INFO - [2023-06-23T13:44:45.077+0000] {dagbag.py:541} INFO - Filling up the DagBag from /home/airflow/.local/lib/python3.7/site-packages/airflow/example_dags/example_skip_dag.py
[2023-06-23T13:44:45.084+0000] {processor.py:836} INFO - DAG(s) dict_keys(['example_skip_dag']) retrieved from /home/airflow/.local/lib/python3.7/site-packages/airflow/example_dags/example_skip_dag.py
[2023-06-23T13:44:45.108+0000] {logging_mixin.py:149} INFO - [2023-06-23T13:44:45.108+0000] {dag.py:2726} INFO - Sync 1 DAGs
[2023-06-23T13:44:45.134+0000] {logging_mixin.py:149} INFO - [2023-06-23T13:44:45.134+0000] {dag.py:3490} INFO - Setting next_dagrun for example_skip_dag to 2023-06-22T13:44:45.134236+00:00, run_after=2023-06-23T13:44:45.134236+00:00
[2023-06-23T13:44:45.158+0000] {processor.py:179} INFO - Processing /home/airflow/.local/lib/python3.7/site-packages/airflow/example_dags/example_skip_dag.py took 0.086 seconds
[2023-06-23T13:45:15.541+0000] {processor.py:157} INFO - Started process (PID=893) to work on /home/airflow/.local/lib/python3.7/site-packages/airflow/example_dags/example_skip_dag.py
[2023-06-23T13:45:15.543+0000] {processor.py:826} INFO - Processing file /home/airflow/.local/lib/python3.7/site-packages/airflow/example_dags/example_skip_dag.py for tasks to queue
[2023-06-23T13:45:15.544+0000] {logging_mixin.py:149} INFO - [2023-06-23T13:45:15.543+0000] {dagbag.py:541} INFO - Filling up the DagBag from /home/airflow/.local/lib/python3.7/site-packages/airflow/example_dags/example_skip_dag.py
[2023-06-23T13:45:15.551+0000] {processor.py:836} INFO - DAG(s) dict_keys(['example_skip_dag']) retrieved from /home/airflow/.local/lib/python3.7/site-packages/airflow/example_dags/example_skip_dag.py
[2023-06-23T13:45:15.577+0000] {logging_mixin.py:149} INFO - [2023-06-23T13:45:15.577+0000] {dag.py:2726} INFO - Sync 1 DAGs
[2023-06-23T13:45:15.606+0000] {logging_mixin.py:149} INFO - [2023-06-23T13:45:15.605+0000] {dag.py:3490} INFO - Setting next_dagrun for example_skip_dag to 2023-06-22T13:45:15.605708+00:00, run_after=2023-06-23T13:45:15.605708+00:00
[2023-06-23T13:45:15.638+0000] {processor.py:179} INFO - Processing /home/airflow/.local/lib/python3.7/site-packages/airflow/example_dags/example_skip_dag.py took 0.100 seconds
[2023-06-23T13:45:45.946+0000] {processor.py:157} INFO - Started process (PID=959) to work on /home/airflow/.local/lib/python3.7/site-packages/airflow/example_dags/example_skip_dag.py
[2023-06-23T13:45:45.947+0000] {processor.py:826} INFO - Processing file /home/airflow/.local/lib/python3.7/site-packages/airflow/example_dags/example_skip_dag.py for tasks to queue
[2023-06-23T13:45:45.948+0000] {logging_mixin.py:149} INFO - [2023-06-23T13:45:45.948+0000] {dagbag.py:541} INFO - Filling up the DagBag from /home/airflow/.local/lib/python3.7/site-packages/airflow/example_dags/example_skip_dag.py
[2023-06-23T13:45:45.955+0000] {processor.py:836} INFO - DAG(s) dict_keys(['example_skip_dag']) retrieved from /home/airflow/.local/lib/python3.7/site-packages/airflow/example_dags/example_skip_dag.py
[2023-06-23T13:45:45.979+0000] {logging_mixin.py:149} INFO - [2023-06-23T13:45:45.979+0000] {dag.py:2726} INFO - Sync 1 DAGs
[2023-06-23T13:45:46.003+0000] {logging_mixin.py:149} INFO - [2023-06-23T13:45:46.003+0000] {dag.py:3490} INFO - Setting next_dagrun for example_skip_dag to 2023-06-22T13:45:46.003572+00:00, run_after=2023-06-23T13:45:46.003572+00:00
[2023-06-23T13:45:46.025+0000] {processor.py:179} INFO - Processing /home/airflow/.local/lib/python3.7/site-packages/airflow/example_dags/example_skip_dag.py took 0.082 seconds
[2023-06-23T13:46:16.184+0000] {processor.py:157} INFO - Started process (PID=1025) to work on /home/airflow/.local/lib/python3.7/site-packages/airflow/example_dags/example_skip_dag.py
[2023-06-23T13:46:16.185+0000] {processor.py:826} INFO - Processing file /home/airflow/.local/lib/python3.7/site-packages/airflow/example_dags/example_skip_dag.py for tasks to queue
[2023-06-23T13:46:16.186+0000] {logging_mixin.py:149} INFO - [2023-06-23T13:46:16.186+0000] {dagbag.py:541} INFO - Filling up the DagBag from /home/airflow/.local/lib/python3.7/site-packages/airflow/example_dags/example_skip_dag.py
[2023-06-23T13:46:16.193+0000] {processor.py:836} INFO - DAG(s) dict_keys(['example_skip_dag']) retrieved from /home/airflow/.local/lib/python3.7/site-packages/airflow/example_dags/example_skip_dag.py
[2023-06-23T13:46:16.217+0000] {logging_mixin.py:149} INFO - [2023-06-23T13:46:16.216+0000] {dag.py:2726} INFO - Sync 1 DAGs
[2023-06-23T13:46:16.247+0000] {logging_mixin.py:149} INFO - [2023-06-23T13:46:16.246+0000] {dag.py:3490} INFO - Setting next_dagrun for example_skip_dag to 2023-06-22T13:46:16.246682+00:00, run_after=2023-06-23T13:46:16.246682+00:00
[2023-06-23T13:46:16.275+0000] {processor.py:179} INFO - Processing /home/airflow/.local/lib/python3.7/site-packages/airflow/example_dags/example_skip_dag.py took 0.094 seconds
[2023-06-23T13:46:46.338+0000] {processor.py:157} INFO - Started process (PID=1091) to work on /home/airflow/.local/lib/python3.7/site-packages/airflow/example_dags/example_skip_dag.py
[2023-06-23T13:46:46.339+0000] {processor.py:826} INFO - Processing file /home/airflow/.local/lib/python3.7/site-packages/airflow/example_dags/example_skip_dag.py for tasks to queue
[2023-06-23T13:46:46.340+0000] {logging_mixin.py:149} INFO - [2023-06-23T13:46:46.340+0000] {dagbag.py:541} INFO - Filling up the DagBag from /home/airflow/.local/lib/python3.7/site-packages/airflow/example_dags/example_skip_dag.py
[2023-06-23T13:46:46.348+0000] {processor.py:836} INFO - DAG(s) dict_keys(['example_skip_dag']) retrieved from /home/airflow/.local/lib/python3.7/site-packages/airflow/example_dags/example_skip_dag.py
[2023-06-23T13:46:46.372+0000] {logging_mixin.py:149} INFO - [2023-06-23T13:46:46.372+0000] {dag.py:2726} INFO - Sync 1 DAGs
[2023-06-23T13:46:46.405+0000] {logging_mixin.py:149} INFO - [2023-06-23T13:46:46.405+0000] {dag.py:3490} INFO - Setting next_dagrun for example_skip_dag to 2023-06-22T13:46:46.404723+00:00, run_after=2023-06-23T13:46:46.404723+00:00
[2023-06-23T13:46:46.434+0000] {processor.py:179} INFO - Processing /home/airflow/.local/lib/python3.7/site-packages/airflow/example_dags/example_skip_dag.py took 0.099 seconds
[2023-06-23T13:47:16.868+0000] {processor.py:157} INFO - Started process (PID=1157) to work on /home/airflow/.local/lib/python3.7/site-packages/airflow/example_dags/example_skip_dag.py
[2023-06-23T13:47:16.870+0000] {processor.py:826} INFO - Processing file /home/airflow/.local/lib/python3.7/site-packages/airflow/example_dags/example_skip_dag.py for tasks to queue
[2023-06-23T13:47:16.871+0000] {logging_mixin.py:149} INFO - [2023-06-23T13:47:16.870+0000] {dagbag.py:541} INFO - Filling up the DagBag from /home/airflow/.local/lib/python3.7/site-packages/airflow/example_dags/example_skip_dag.py
[2023-06-23T13:47:16.879+0000] {processor.py:836} INFO - DAG(s) dict_keys(['example_skip_dag']) retrieved from /home/airflow/.local/lib/python3.7/site-packages/airflow/example_dags/example_skip_dag.py
[2023-06-23T13:47:16.904+0000] {logging_mixin.py:149} INFO - [2023-06-23T13:47:16.904+0000] {dag.py:2726} INFO - Sync 1 DAGs
[2023-06-23T13:47:16.931+0000] {logging_mixin.py:149} INFO - [2023-06-23T13:47:16.931+0000] {dag.py:3490} INFO - Setting next_dagrun for example_skip_dag to 2023-06-22T13:47:16.931123+00:00, run_after=2023-06-23T13:47:16.931123+00:00
[2023-06-23T13:47:16.952+0000] {processor.py:179} INFO - Processing /home/airflow/.local/lib/python3.7/site-packages/airflow/example_dags/example_skip_dag.py took 0.087 seconds
[2023-06-23T13:47:47.313+0000] {processor.py:157} INFO - Started process (PID=1224) to work on /home/airflow/.local/lib/python3.7/site-packages/airflow/example_dags/example_skip_dag.py
[2023-06-23T13:47:47.315+0000] {processor.py:826} INFO - Processing file /home/airflow/.local/lib/python3.7/site-packages/airflow/example_dags/example_skip_dag.py for tasks to queue
[2023-06-23T13:47:47.315+0000] {logging_mixin.py:149} INFO - [2023-06-23T13:47:47.315+0000] {dagbag.py:541} INFO - Filling up the DagBag from /home/airflow/.local/lib/python3.7/site-packages/airflow/example_dags/example_skip_dag.py
[2023-06-23T13:47:47.323+0000] {processor.py:836} INFO - DAG(s) dict_keys(['example_skip_dag']) retrieved from /home/airflow/.local/lib/python3.7/site-packages/airflow/example_dags/example_skip_dag.py
[2023-06-23T13:47:47.350+0000] {logging_mixin.py:149} INFO - [2023-06-23T13:47:47.349+0000] {dag.py:2726} INFO - Sync 1 DAGs
[2023-06-23T13:47:47.375+0000] {logging_mixin.py:149} INFO - [2023-06-23T13:47:47.375+0000] {dag.py:3490} INFO - Setting next_dagrun for example_skip_dag to 2023-06-22T13:47:47.374796+00:00, run_after=2023-06-23T13:47:47.374796+00:00
[2023-06-23T13:47:47.394+0000] {processor.py:179} INFO - Processing /home/airflow/.local/lib/python3.7/site-packages/airflow/example_dags/example_skip_dag.py took 0.083 seconds
[2023-06-23T13:48:17.648+0000] {processor.py:157} INFO - Started process (PID=1290) to work on /home/airflow/.local/lib/python3.7/site-packages/airflow/example_dags/example_skip_dag.py
[2023-06-23T13:48:17.649+0000] {processor.py:826} INFO - Processing file /home/airflow/.local/lib/python3.7/site-packages/airflow/example_dags/example_skip_dag.py for tasks to queue
[2023-06-23T13:48:17.650+0000] {logging_mixin.py:149} INFO - [2023-06-23T13:48:17.650+0000] {dagbag.py:541} INFO - Filling up the DagBag from /home/airflow/.local/lib/python3.7/site-packages/airflow/example_dags/example_skip_dag.py
[2023-06-23T13:48:17.656+0000] {processor.py:836} INFO - DAG(s) dict_keys(['example_skip_dag']) retrieved from /home/airflow/.local/lib/python3.7/site-packages/airflow/example_dags/example_skip_dag.py
[2023-06-23T13:48:17.679+0000] {logging_mixin.py:149} INFO - [2023-06-23T13:48:17.679+0000] {dag.py:2726} INFO - Sync 1 DAGs
[2023-06-23T13:48:17.704+0000] {logging_mixin.py:149} INFO - [2023-06-23T13:48:17.703+0000] {dag.py:3490} INFO - Setting next_dagrun for example_skip_dag to 2023-06-22T13:48:17.703635+00:00, run_after=2023-06-23T13:48:17.703635+00:00
[2023-06-23T13:48:17.726+0000] {processor.py:179} INFO - Processing /home/airflow/.local/lib/python3.7/site-packages/airflow/example_dags/example_skip_dag.py took 0.081 seconds
[2023-06-23T13:48:48.209+0000] {processor.py:157} INFO - Started process (PID=1356) to work on /home/airflow/.local/lib/python3.7/site-packages/airflow/example_dags/example_skip_dag.py
[2023-06-23T13:48:48.210+0000] {processor.py:826} INFO - Processing file /home/airflow/.local/lib/python3.7/site-packages/airflow/example_dags/example_skip_dag.py for tasks to queue
[2023-06-23T13:48:48.211+0000] {logging_mixin.py:149} INFO - [2023-06-23T13:48:48.211+0000] {dagbag.py:541} INFO - Filling up the DagBag from /home/airflow/.local/lib/python3.7/site-packages/airflow/example_dags/example_skip_dag.py
[2023-06-23T13:48:48.218+0000] {processor.py:836} INFO - DAG(s) dict_keys(['example_skip_dag']) retrieved from /home/airflow/.local/lib/python3.7/site-packages/airflow/example_dags/example_skip_dag.py
[2023-06-23T13:48:48.241+0000] {logging_mixin.py:149} INFO - [2023-06-23T13:48:48.241+0000] {dag.py:2726} INFO - Sync 1 DAGs
[2023-06-23T13:48:48.265+0000] {logging_mixin.py:149} INFO - [2023-06-23T13:48:48.264+0000] {dag.py:3490} INFO - Setting next_dagrun for example_skip_dag to 2023-06-22T13:48:48.264691+00:00, run_after=2023-06-23T13:48:48.264691+00:00
[2023-06-23T13:48:48.288+0000] {processor.py:179} INFO - Processing /home/airflow/.local/lib/python3.7/site-packages/airflow/example_dags/example_skip_dag.py took 0.081 seconds
[2023-06-23T13:49:18.454+0000] {processor.py:157} INFO - Started process (PID=1422) to work on /home/airflow/.local/lib/python3.7/site-packages/airflow/example_dags/example_skip_dag.py
[2023-06-23T13:49:18.455+0000] {processor.py:826} INFO - Processing file /home/airflow/.local/lib/python3.7/site-packages/airflow/example_dags/example_skip_dag.py for tasks to queue
[2023-06-23T13:49:18.457+0000] {logging_mixin.py:149} INFO - [2023-06-23T13:49:18.456+0000] {dagbag.py:541} INFO - Filling up the DagBag from /home/airflow/.local/lib/python3.7/site-packages/airflow/example_dags/example_skip_dag.py
[2023-06-23T13:49:18.463+0000] {processor.py:836} INFO - DAG(s) dict_keys(['example_skip_dag']) retrieved from /home/airflow/.local/lib/python3.7/site-packages/airflow/example_dags/example_skip_dag.py
[2023-06-23T13:49:18.490+0000] {logging_mixin.py:149} INFO - [2023-06-23T13:49:18.489+0000] {dag.py:2726} INFO - Sync 1 DAGs
[2023-06-23T13:49:18.519+0000] {logging_mixin.py:149} INFO - [2023-06-23T13:49:18.519+0000] {dag.py:3490} INFO - Setting next_dagrun for example_skip_dag to 2023-06-22T13:49:18.518805+00:00, run_after=2023-06-23T13:49:18.518805+00:00
[2023-06-23T13:49:18.543+0000] {processor.py:179} INFO - Processing /home/airflow/.local/lib/python3.7/site-packages/airflow/example_dags/example_skip_dag.py took 0.092 seconds
[2023-06-23T13:49:49.049+0000] {processor.py:157} INFO - Started process (PID=1488) to work on /home/airflow/.local/lib/python3.7/site-packages/airflow/example_dags/example_skip_dag.py
[2023-06-23T13:49:49.050+0000] {processor.py:826} INFO - Processing file /home/airflow/.local/lib/python3.7/site-packages/airflow/example_dags/example_skip_dag.py for tasks to queue
[2023-06-23T13:49:49.051+0000] {logging_mixin.py:149} INFO - [2023-06-23T13:49:49.051+0000] {dagbag.py:541} INFO - Filling up the DagBag from /home/airflow/.local/lib/python3.7/site-packages/airflow/example_dags/example_skip_dag.py
[2023-06-23T13:49:49.057+0000] {processor.py:836} INFO - DAG(s) dict_keys(['example_skip_dag']) retrieved from /home/airflow/.local/lib/python3.7/site-packages/airflow/example_dags/example_skip_dag.py
[2023-06-23T13:49:49.081+0000] {logging_mixin.py:149} INFO - [2023-06-23T13:49:49.081+0000] {dag.py:2726} INFO - Sync 1 DAGs
[2023-06-23T13:49:49.107+0000] {logging_mixin.py:149} INFO - [2023-06-23T13:49:49.107+0000] {dag.py:3490} INFO - Setting next_dagrun for example_skip_dag to 2023-06-22T13:49:49.107001+00:00, run_after=2023-06-23T13:49:49.107001+00:00
[2023-06-23T13:49:49.130+0000] {processor.py:179} INFO - Processing /home/airflow/.local/lib/python3.7/site-packages/airflow/example_dags/example_skip_dag.py took 0.084 seconds
[2023-06-23T13:50:19.347+0000] {processor.py:157} INFO - Started process (PID=1555) to work on /home/airflow/.local/lib/python3.7/site-packages/airflow/example_dags/example_skip_dag.py
[2023-06-23T13:50:19.348+0000] {processor.py:826} INFO - Processing file /home/airflow/.local/lib/python3.7/site-packages/airflow/example_dags/example_skip_dag.py for tasks to queue
[2023-06-23T13:50:19.349+0000] {logging_mixin.py:149} INFO - [2023-06-23T13:50:19.349+0000] {dagbag.py:541} INFO - Filling up the DagBag from /home/airflow/.local/lib/python3.7/site-packages/airflow/example_dags/example_skip_dag.py
[2023-06-23T13:50:19.355+0000] {processor.py:836} INFO - DAG(s) dict_keys(['example_skip_dag']) retrieved from /home/airflow/.local/lib/python3.7/site-packages/airflow/example_dags/example_skip_dag.py
[2023-06-23T13:50:19.378+0000] {logging_mixin.py:149} INFO - [2023-06-23T13:50:19.378+0000] {dag.py:2726} INFO - Sync 1 DAGs
[2023-06-23T13:50:19.401+0000] {logging_mixin.py:149} INFO - [2023-06-23T13:50:19.401+0000] {dag.py:3490} INFO - Setting next_dagrun for example_skip_dag to 2023-06-22T13:50:19.401413+00:00, run_after=2023-06-23T13:50:19.401413+00:00
[2023-06-23T13:50:19.423+0000] {processor.py:179} INFO - Processing /home/airflow/.local/lib/python3.7/site-packages/airflow/example_dags/example_skip_dag.py took 0.079 seconds
[2023-06-23T13:50:49.686+0000] {processor.py:157} INFO - Started process (PID=1622) to work on /home/airflow/.local/lib/python3.7/site-packages/airflow/example_dags/example_skip_dag.py
[2023-06-23T13:50:49.687+0000] {processor.py:826} INFO - Processing file /home/airflow/.local/lib/python3.7/site-packages/airflow/example_dags/example_skip_dag.py for tasks to queue
[2023-06-23T13:50:49.688+0000] {logging_mixin.py:149} INFO - [2023-06-23T13:50:49.687+0000] {dagbag.py:541} INFO - Filling up the DagBag from /home/airflow/.local/lib/python3.7/site-packages/airflow/example_dags/example_skip_dag.py
[2023-06-23T13:50:49.694+0000] {processor.py:836} INFO - DAG(s) dict_keys(['example_skip_dag']) retrieved from /home/airflow/.local/lib/python3.7/site-packages/airflow/example_dags/example_skip_dag.py
[2023-06-23T13:50:49.717+0000] {logging_mixin.py:149} INFO - [2023-06-23T13:50:49.716+0000] {dag.py:2726} INFO - Sync 1 DAGs
[2023-06-23T13:50:49.742+0000] {logging_mixin.py:149} INFO - [2023-06-23T13:50:49.742+0000] {dag.py:3490} INFO - Setting next_dagrun for example_skip_dag to 2023-06-22T13:50:49.742517+00:00, run_after=2023-06-23T13:50:49.742517+00:00
[2023-06-23T13:50:49.763+0000] {processor.py:179} INFO - Processing /home/airflow/.local/lib/python3.7/site-packages/airflow/example_dags/example_skip_dag.py took 0.080 seconds
[2023-06-23T13:51:20.254+0000] {processor.py:157} INFO - Started process (PID=1688) to work on /home/airflow/.local/lib/python3.7/site-packages/airflow/example_dags/example_skip_dag.py
[2023-06-23T13:51:20.255+0000] {processor.py:826} INFO - Processing file /home/airflow/.local/lib/python3.7/site-packages/airflow/example_dags/example_skip_dag.py for tasks to queue
[2023-06-23T13:51:20.256+0000] {logging_mixin.py:149} INFO - [2023-06-23T13:51:20.256+0000] {dagbag.py:541} INFO - Filling up the DagBag from /home/airflow/.local/lib/python3.7/site-packages/airflow/example_dags/example_skip_dag.py
[2023-06-23T13:51:20.263+0000] {processor.py:836} INFO - DAG(s) dict_keys(['example_skip_dag']) retrieved from /home/airflow/.local/lib/python3.7/site-packages/airflow/example_dags/example_skip_dag.py
[2023-06-23T13:51:20.289+0000] {logging_mixin.py:149} INFO - [2023-06-23T13:51:20.288+0000] {dag.py:2726} INFO - Sync 1 DAGs
[2023-06-23T13:51:20.318+0000] {logging_mixin.py:149} INFO - [2023-06-23T13:51:20.318+0000] {dag.py:3490} INFO - Setting next_dagrun for example_skip_dag to 2023-06-22T13:51:20.318110+00:00, run_after=2023-06-23T13:51:20.318110+00:00
[2023-06-23T13:51:20.340+0000] {processor.py:179} INFO - Processing /home/airflow/.local/lib/python3.7/site-packages/airflow/example_dags/example_skip_dag.py took 0.089 seconds
[2023-06-23T13:51:50.547+0000] {processor.py:157} INFO - Started process (PID=1754) to work on /home/airflow/.local/lib/python3.7/site-packages/airflow/example_dags/example_skip_dag.py
[2023-06-23T13:51:50.548+0000] {processor.py:826} INFO - Processing file /home/airflow/.local/lib/python3.7/site-packages/airflow/example_dags/example_skip_dag.py for tasks to queue
[2023-06-23T13:51:50.549+0000] {logging_mixin.py:149} INFO - [2023-06-23T13:51:50.549+0000] {dagbag.py:541} INFO - Filling up the DagBag from /home/airflow/.local/lib/python3.7/site-packages/airflow/example_dags/example_skip_dag.py
[2023-06-23T13:51:50.556+0000] {processor.py:836} INFO - DAG(s) dict_keys(['example_skip_dag']) retrieved from /home/airflow/.local/lib/python3.7/site-packages/airflow/example_dags/example_skip_dag.py
[2023-06-23T13:51:50.580+0000] {logging_mixin.py:149} INFO - [2023-06-23T13:51:50.580+0000] {dag.py:2726} INFO - Sync 1 DAGs
[2023-06-23T13:51:50.604+0000] {logging_mixin.py:149} INFO - [2023-06-23T13:51:50.604+0000] {dag.py:3490} INFO - Setting next_dagrun for example_skip_dag to 2023-06-22T13:51:50.604357+00:00, run_after=2023-06-23T13:51:50.604357+00:00
[2023-06-23T13:51:50.626+0000] {processor.py:179} INFO - Processing /home/airflow/.local/lib/python3.7/site-packages/airflow/example_dags/example_skip_dag.py took 0.081 seconds
[2023-06-23T13:52:20.663+0000] {processor.py:157} INFO - Started process (PID=1819) to work on /home/airflow/.local/lib/python3.7/site-packages/airflow/example_dags/example_skip_dag.py
[2023-06-23T13:52:20.665+0000] {processor.py:826} INFO - Processing file /home/airflow/.local/lib/python3.7/site-packages/airflow/example_dags/example_skip_dag.py for tasks to queue
[2023-06-23T13:52:20.666+0000] {logging_mixin.py:149} INFO - [2023-06-23T13:52:20.666+0000] {dagbag.py:541} INFO - Filling up the DagBag from /home/airflow/.local/lib/python3.7/site-packages/airflow/example_dags/example_skip_dag.py
[2023-06-23T13:52:20.673+0000] {processor.py:836} INFO - DAG(s) dict_keys(['example_skip_dag']) retrieved from /home/airflow/.local/lib/python3.7/site-packages/airflow/example_dags/example_skip_dag.py
[2023-06-23T13:52:20.698+0000] {logging_mixin.py:149} INFO - [2023-06-23T13:52:20.698+0000] {dag.py:2726} INFO - Sync 1 DAGs
[2023-06-23T13:52:20.723+0000] {logging_mixin.py:149} INFO - [2023-06-23T13:52:20.723+0000] {dag.py:3490} INFO - Setting next_dagrun for example_skip_dag to 2023-06-22T13:52:20.723140+00:00, run_after=2023-06-23T13:52:20.723140+00:00
[2023-06-23T13:52:20.747+0000] {processor.py:179} INFO - Processing /home/airflow/.local/lib/python3.7/site-packages/airflow/example_dags/example_skip_dag.py took 0.088 seconds
[2023-06-23T13:52:51.174+0000] {processor.py:157} INFO - Started process (PID=1886) to work on /home/airflow/.local/lib/python3.7/site-packages/airflow/example_dags/example_skip_dag.py
[2023-06-23T13:52:51.175+0000] {processor.py:826} INFO - Processing file /home/airflow/.local/lib/python3.7/site-packages/airflow/example_dags/example_skip_dag.py for tasks to queue
[2023-06-23T13:52:51.176+0000] {logging_mixin.py:149} INFO - [2023-06-23T13:52:51.176+0000] {dagbag.py:541} INFO - Filling up the DagBag from /home/airflow/.local/lib/python3.7/site-packages/airflow/example_dags/example_skip_dag.py
[2023-06-23T13:52:51.183+0000] {processor.py:836} INFO - DAG(s) dict_keys(['example_skip_dag']) retrieved from /home/airflow/.local/lib/python3.7/site-packages/airflow/example_dags/example_skip_dag.py
[2023-06-23T13:52:51.205+0000] {logging_mixin.py:149} INFO - [2023-06-23T13:52:51.205+0000] {dag.py:2726} INFO - Sync 1 DAGs
[2023-06-23T13:52:51.228+0000] {logging_mixin.py:149} INFO - [2023-06-23T13:52:51.227+0000] {dag.py:3490} INFO - Setting next_dagrun for example_skip_dag to 2023-06-22T13:52:51.227775+00:00, run_after=2023-06-23T13:52:51.227775+00:00
[2023-06-23T13:52:51.250+0000] {processor.py:179} INFO - Processing /home/airflow/.local/lib/python3.7/site-packages/airflow/example_dags/example_skip_dag.py took 0.079 seconds
[2023-06-23T13:53:22.079+0000] {processor.py:157} INFO - Started process (PID=1952) to work on /home/airflow/.local/lib/python3.7/site-packages/airflow/example_dags/example_skip_dag.py
[2023-06-23T13:53:22.080+0000] {processor.py:826} INFO - Processing file /home/airflow/.local/lib/python3.7/site-packages/airflow/example_dags/example_skip_dag.py for tasks to queue
[2023-06-23T13:53:22.081+0000] {logging_mixin.py:149} INFO - [2023-06-23T13:53:22.081+0000] {dagbag.py:541} INFO - Filling up the DagBag from /home/airflow/.local/lib/python3.7/site-packages/airflow/example_dags/example_skip_dag.py
[2023-06-23T13:53:22.088+0000] {processor.py:836} INFO - DAG(s) dict_keys(['example_skip_dag']) retrieved from /home/airflow/.local/lib/python3.7/site-packages/airflow/example_dags/example_skip_dag.py
[2023-06-23T13:53:22.111+0000] {logging_mixin.py:149} INFO - [2023-06-23T13:53:22.111+0000] {dag.py:2726} INFO - Sync 1 DAGs
[2023-06-23T13:53:22.136+0000] {logging_mixin.py:149} INFO - [2023-06-23T13:53:22.136+0000] {dag.py:3490} INFO - Setting next_dagrun for example_skip_dag to 2023-06-22T13:53:22.136262+00:00, run_after=2023-06-23T13:53:22.136262+00:00
[2023-06-23T13:53:22.156+0000] {processor.py:179} INFO - Processing /home/airflow/.local/lib/python3.7/site-packages/airflow/example_dags/example_skip_dag.py took 0.080 seconds
[2023-06-23T13:53:52.993+0000] {processor.py:157} INFO - Started process (PID=2018) to work on /home/airflow/.local/lib/python3.7/site-packages/airflow/example_dags/example_skip_dag.py
[2023-06-23T13:53:52.994+0000] {processor.py:826} INFO - Processing file /home/airflow/.local/lib/python3.7/site-packages/airflow/example_dags/example_skip_dag.py for tasks to queue
[2023-06-23T13:53:52.995+0000] {logging_mixin.py:149} INFO - [2023-06-23T13:53:52.995+0000] {dagbag.py:541} INFO - Filling up the DagBag from /home/airflow/.local/lib/python3.7/site-packages/airflow/example_dags/example_skip_dag.py
[2023-06-23T13:53:53.003+0000] {processor.py:836} INFO - DAG(s) dict_keys(['example_skip_dag']) retrieved from /home/airflow/.local/lib/python3.7/site-packages/airflow/example_dags/example_skip_dag.py
[2023-06-23T13:53:53.034+0000] {logging_mixin.py:149} INFO - [2023-06-23T13:53:53.034+0000] {dag.py:2726} INFO - Sync 1 DAGs
[2023-06-23T13:53:53.065+0000] {logging_mixin.py:149} INFO - [2023-06-23T13:53:53.065+0000] {dag.py:3490} INFO - Setting next_dagrun for example_skip_dag to 2023-06-22T13:53:53.064857+00:00, run_after=2023-06-23T13:53:53.064857+00:00
[2023-06-23T13:53:53.090+0000] {processor.py:179} INFO - Processing /home/airflow/.local/lib/python3.7/site-packages/airflow/example_dags/example_skip_dag.py took 0.101 seconds
[2023-06-23T13:54:23.699+0000] {processor.py:157} INFO - Started process (PID=2084) to work on /home/airflow/.local/lib/python3.7/site-packages/airflow/example_dags/example_skip_dag.py
[2023-06-23T13:54:23.700+0000] {processor.py:826} INFO - Processing file /home/airflow/.local/lib/python3.7/site-packages/airflow/example_dags/example_skip_dag.py for tasks to queue
[2023-06-23T13:54:23.701+0000] {logging_mixin.py:149} INFO - [2023-06-23T13:54:23.701+0000] {dagbag.py:541} INFO - Filling up the DagBag from /home/airflow/.local/lib/python3.7/site-packages/airflow/example_dags/example_skip_dag.py
[2023-06-23T13:54:23.708+0000] {processor.py:836} INFO - DAG(s) dict_keys(['example_skip_dag']) retrieved from /home/airflow/.local/lib/python3.7/site-packages/airflow/example_dags/example_skip_dag.py
[2023-06-23T13:54:23.731+0000] {logging_mixin.py:149} INFO - [2023-06-23T13:54:23.730+0000] {dag.py:2726} INFO - Sync 1 DAGs
[2023-06-23T13:54:23.757+0000] {logging_mixin.py:149} INFO - [2023-06-23T13:54:23.757+0000] {dag.py:3490} INFO - Setting next_dagrun for example_skip_dag to 2023-06-22T13:54:23.756885+00:00, run_after=2023-06-23T13:54:23.756885+00:00
[2023-06-23T13:54:23.776+0000] {processor.py:179} INFO - Processing /home/airflow/.local/lib/python3.7/site-packages/airflow/example_dags/example_skip_dag.py took 0.080 seconds
[2023-06-23T13:54:54.239+0000] {processor.py:157} INFO - Started process (PID=2150) to work on /home/airflow/.local/lib/python3.7/site-packages/airflow/example_dags/example_skip_dag.py
[2023-06-23T13:54:54.240+0000] {processor.py:826} INFO - Processing file /home/airflow/.local/lib/python3.7/site-packages/airflow/example_dags/example_skip_dag.py for tasks to queue
[2023-06-23T13:54:54.242+0000] {logging_mixin.py:149} INFO - [2023-06-23T13:54:54.242+0000] {dagbag.py:541} INFO - Filling up the DagBag from /home/airflow/.local/lib/python3.7/site-packages/airflow/example_dags/example_skip_dag.py
[2023-06-23T13:54:54.250+0000] {processor.py:836} INFO - DAG(s) dict_keys(['example_skip_dag']) retrieved from /home/airflow/.local/lib/python3.7/site-packages/airflow/example_dags/example_skip_dag.py
[2023-06-23T13:54:54.278+0000] {logging_mixin.py:149} INFO - [2023-06-23T13:54:54.277+0000] {dag.py:2726} INFO - Sync 1 DAGs
[2023-06-23T13:54:54.304+0000] {logging_mixin.py:149} INFO - [2023-06-23T13:54:54.304+0000] {dag.py:3490} INFO - Setting next_dagrun for example_skip_dag to 2023-06-22T13:54:54.304451+00:00, run_after=2023-06-23T13:54:54.304451+00:00
[2023-06-23T13:54:54.328+0000] {processor.py:179} INFO - Processing /home/airflow/.local/lib/python3.7/site-packages/airflow/example_dags/example_skip_dag.py took 0.093 seconds
[2023-06-23T13:55:24.635+0000] {processor.py:157} INFO - Started process (PID=2216) to work on /home/airflow/.local/lib/python3.7/site-packages/airflow/example_dags/example_skip_dag.py
[2023-06-23T13:55:24.636+0000] {processor.py:826} INFO - Processing file /home/airflow/.local/lib/python3.7/site-packages/airflow/example_dags/example_skip_dag.py for tasks to queue
[2023-06-23T13:55:24.638+0000] {logging_mixin.py:149} INFO - [2023-06-23T13:55:24.637+0000] {dagbag.py:541} INFO - Filling up the DagBag from /home/airflow/.local/lib/python3.7/site-packages/airflow/example_dags/example_skip_dag.py
[2023-06-23T13:55:24.644+0000] {processor.py:836} INFO - DAG(s) dict_keys(['example_skip_dag']) retrieved from /home/airflow/.local/lib/python3.7/site-packages/airflow/example_dags/example_skip_dag.py
[2023-06-23T13:55:24.670+0000] {logging_mixin.py:149} INFO - [2023-06-23T13:55:24.670+0000] {dag.py:2726} INFO - Sync 1 DAGs
[2023-06-23T13:55:24.699+0000] {logging_mixin.py:149} INFO - [2023-06-23T13:55:24.699+0000] {dag.py:3490} INFO - Setting next_dagrun for example_skip_dag to 2023-06-22T13:55:24.698809+00:00, run_after=2023-06-23T13:55:24.698809+00:00
[2023-06-23T13:55:24.723+0000] {processor.py:179} INFO - Processing /home/airflow/.local/lib/python3.7/site-packages/airflow/example_dags/example_skip_dag.py took 0.091 seconds
[2023-06-23T13:55:55.076+0000] {processor.py:157} INFO - Started process (PID=2282) to work on /home/airflow/.local/lib/python3.7/site-packages/airflow/example_dags/example_skip_dag.py
[2023-06-23T13:55:55.077+0000] {processor.py:826} INFO - Processing file /home/airflow/.local/lib/python3.7/site-packages/airflow/example_dags/example_skip_dag.py for tasks to queue
[2023-06-23T13:55:55.077+0000] {logging_mixin.py:149} INFO - [2023-06-23T13:55:55.077+0000] {dagbag.py:541} INFO - Filling up the DagBag from /home/airflow/.local/lib/python3.7/site-packages/airflow/example_dags/example_skip_dag.py
[2023-06-23T13:55:55.084+0000] {processor.py:836} INFO - DAG(s) dict_keys(['example_skip_dag']) retrieved from /home/airflow/.local/lib/python3.7/site-packages/airflow/example_dags/example_skip_dag.py
[2023-06-23T13:55:55.106+0000] {logging_mixin.py:149} INFO - [2023-06-23T13:55:55.106+0000] {dag.py:2726} INFO - Sync 1 DAGs
[2023-06-23T13:55:55.129+0000] {logging_mixin.py:149} INFO - [2023-06-23T13:55:55.129+0000] {dag.py:3490} INFO - Setting next_dagrun for example_skip_dag to 2023-06-22T13:55:55.128936+00:00, run_after=2023-06-23T13:55:55.128936+00:00
[2023-06-23T13:55:55.151+0000] {processor.py:179} INFO - Processing /home/airflow/.local/lib/python3.7/site-packages/airflow/example_dags/example_skip_dag.py took 0.078 seconds
[2023-06-23T13:56:25.582+0000] {processor.py:157} INFO - Started process (PID=2348) to work on /home/airflow/.local/lib/python3.7/site-packages/airflow/example_dags/example_skip_dag.py
[2023-06-23T13:56:25.583+0000] {processor.py:826} INFO - Processing file /home/airflow/.local/lib/python3.7/site-packages/airflow/example_dags/example_skip_dag.py for tasks to queue
[2023-06-23T13:56:25.584+0000] {logging_mixin.py:149} INFO - [2023-06-23T13:56:25.584+0000] {dagbag.py:541} INFO - Filling up the DagBag from /home/airflow/.local/lib/python3.7/site-packages/airflow/example_dags/example_skip_dag.py
[2023-06-23T13:56:25.591+0000] {processor.py:836} INFO - DAG(s) dict_keys(['example_skip_dag']) retrieved from /home/airflow/.local/lib/python3.7/site-packages/airflow/example_dags/example_skip_dag.py
[2023-06-23T13:56:25.613+0000] {logging_mixin.py:149} INFO - [2023-06-23T13:56:25.613+0000] {dag.py:2726} INFO - Sync 1 DAGs
[2023-06-23T13:56:25.639+0000] {logging_mixin.py:149} INFO - [2023-06-23T13:56:25.639+0000] {dag.py:3490} INFO - Setting next_dagrun for example_skip_dag to 2023-06-22T13:56:25.638918+00:00, run_after=2023-06-23T13:56:25.638918+00:00
[2023-06-23T13:56:25.659+0000] {processor.py:179} INFO - Processing /home/airflow/.local/lib/python3.7/site-packages/airflow/example_dags/example_skip_dag.py took 0.079 seconds
[2023-06-23T13:56:55.801+0000] {processor.py:157} INFO - Started process (PID=2414) to work on /home/airflow/.local/lib/python3.7/site-packages/airflow/example_dags/example_skip_dag.py
[2023-06-23T13:56:55.802+0000] {processor.py:826} INFO - Processing file /home/airflow/.local/lib/python3.7/site-packages/airflow/example_dags/example_skip_dag.py for tasks to queue
[2023-06-23T13:56:55.803+0000] {logging_mixin.py:149} INFO - [2023-06-23T13:56:55.803+0000] {dagbag.py:541} INFO - Filling up the DagBag from /home/airflow/.local/lib/python3.7/site-packages/airflow/example_dags/example_skip_dag.py
[2023-06-23T13:56:55.809+0000] {processor.py:836} INFO - DAG(s) dict_keys(['example_skip_dag']) retrieved from /home/airflow/.local/lib/python3.7/site-packages/airflow/example_dags/example_skip_dag.py
[2023-06-23T13:56:55.841+0000] {logging_mixin.py:149} INFO - [2023-06-23T13:56:55.840+0000] {dag.py:2726} INFO - Sync 1 DAGs
[2023-06-23T13:56:55.869+0000] {logging_mixin.py:149} INFO - [2023-06-23T13:56:55.869+0000] {dag.py:3490} INFO - Setting next_dagrun for example_skip_dag to 2023-06-22T13:56:55.869392+00:00, run_after=2023-06-23T13:56:55.869392+00:00
[2023-06-23T13:56:55.892+0000] {processor.py:179} INFO - Processing /home/airflow/.local/lib/python3.7/site-packages/airflow/example_dags/example_skip_dag.py took 0.094 seconds
[2023-06-23T13:57:26.222+0000] {processor.py:157} INFO - Started process (PID=2480) to work on /home/airflow/.local/lib/python3.7/site-packages/airflow/example_dags/example_skip_dag.py
[2023-06-23T13:57:26.224+0000] {processor.py:826} INFO - Processing file /home/airflow/.local/lib/python3.7/site-packages/airflow/example_dags/example_skip_dag.py for tasks to queue
[2023-06-23T13:57:26.225+0000] {logging_mixin.py:149} INFO - [2023-06-23T13:57:26.224+0000] {dagbag.py:541} INFO - Filling up the DagBag from /home/airflow/.local/lib/python3.7/site-packages/airflow/example_dags/example_skip_dag.py
[2023-06-23T13:57:26.231+0000] {processor.py:836} INFO - DAG(s) dict_keys(['example_skip_dag']) retrieved from /home/airflow/.local/lib/python3.7/site-packages/airflow/example_dags/example_skip_dag.py
[2023-06-23T13:57:26.255+0000] {logging_mixin.py:149} INFO - [2023-06-23T13:57:26.255+0000] {dag.py:2726} INFO - Sync 1 DAGs
[2023-06-23T13:57:26.279+0000] {logging_mixin.py:149} INFO - [2023-06-23T13:57:26.279+0000] {dag.py:3490} INFO - Setting next_dagrun for example_skip_dag to 2023-06-22T13:57:26.279361+00:00, run_after=2023-06-23T13:57:26.279361+00:00
[2023-06-23T13:57:26.298+0000] {processor.py:179} INFO - Processing /home/airflow/.local/lib/python3.7/site-packages/airflow/example_dags/example_skip_dag.py took 0.079 seconds
[2023-06-23T13:57:56.637+0000] {processor.py:157} INFO - Started process (PID=2546) to work on /home/airflow/.local/lib/python3.7/site-packages/airflow/example_dags/example_skip_dag.py
[2023-06-23T13:57:56.638+0000] {processor.py:826} INFO - Processing file /home/airflow/.local/lib/python3.7/site-packages/airflow/example_dags/example_skip_dag.py for tasks to queue
[2023-06-23T13:57:56.639+0000] {logging_mixin.py:149} INFO - [2023-06-23T13:57:56.639+0000] {dagbag.py:541} INFO - Filling up the DagBag from /home/airflow/.local/lib/python3.7/site-packages/airflow/example_dags/example_skip_dag.py
[2023-06-23T13:57:56.646+0000] {processor.py:836} INFO - DAG(s) dict_keys(['example_skip_dag']) retrieved from /home/airflow/.local/lib/python3.7/site-packages/airflow/example_dags/example_skip_dag.py
[2023-06-23T13:57:56.668+0000] {logging_mixin.py:149} INFO - [2023-06-23T13:57:56.667+0000] {dag.py:2726} INFO - Sync 1 DAGs
[2023-06-23T13:57:56.692+0000] {logging_mixin.py:149} INFO - [2023-06-23T13:57:56.691+0000] {dag.py:3490} INFO - Setting next_dagrun for example_skip_dag to 2023-06-22T13:57:56.691628+00:00, run_after=2023-06-23T13:57:56.691628+00:00
[2023-06-23T13:57:56.712+0000] {processor.py:179} INFO - Processing /home/airflow/.local/lib/python3.7/site-packages/airflow/example_dags/example_skip_dag.py took 0.077 seconds
[2023-06-23T13:58:26.901+0000] {processor.py:157} INFO - Started process (PID=2612) to work on /home/airflow/.local/lib/python3.7/site-packages/airflow/example_dags/example_skip_dag.py
[2023-06-23T13:58:26.902+0000] {processor.py:826} INFO - Processing file /home/airflow/.local/lib/python3.7/site-packages/airflow/example_dags/example_skip_dag.py for tasks to queue
[2023-06-23T13:58:26.903+0000] {logging_mixin.py:149} INFO - [2023-06-23T13:58:26.903+0000] {dagbag.py:541} INFO - Filling up the DagBag from /home/airflow/.local/lib/python3.7/site-packages/airflow/example_dags/example_skip_dag.py
[2023-06-23T13:58:26.910+0000] {processor.py:836} INFO - DAG(s) dict_keys(['example_skip_dag']) retrieved from /home/airflow/.local/lib/python3.7/site-packages/airflow/example_dags/example_skip_dag.py
[2023-06-23T13:58:26.932+0000] {logging_mixin.py:149} INFO - [2023-06-23T13:58:26.932+0000] {dag.py:2726} INFO - Sync 1 DAGs
[2023-06-23T13:58:26.957+0000] {logging_mixin.py:149} INFO - [2023-06-23T13:58:26.956+0000] {dag.py:3490} INFO - Setting next_dagrun for example_skip_dag to 2023-06-22T13:58:26.956648+00:00, run_after=2023-06-23T13:58:26.956648+00:00
[2023-06-23T13:58:26.978+0000] {processor.py:179} INFO - Processing /home/airflow/.local/lib/python3.7/site-packages/airflow/example_dags/example_skip_dag.py took 0.080 seconds
[2023-06-23T13:58:57.331+0000] {processor.py:157} INFO - Started process (PID=2678) to work on /home/airflow/.local/lib/python3.7/site-packages/airflow/example_dags/example_skip_dag.py
[2023-06-23T13:58:57.332+0000] {processor.py:826} INFO - Processing file /home/airflow/.local/lib/python3.7/site-packages/airflow/example_dags/example_skip_dag.py for tasks to queue
[2023-06-23T13:58:57.333+0000] {logging_mixin.py:149} INFO - [2023-06-23T13:58:57.333+0000] {dagbag.py:541} INFO - Filling up the DagBag from /home/airflow/.local/lib/python3.7/site-packages/airflow/example_dags/example_skip_dag.py
[2023-06-23T13:58:57.340+0000] {processor.py:836} INFO - DAG(s) dict_keys(['example_skip_dag']) retrieved from /home/airflow/.local/lib/python3.7/site-packages/airflow/example_dags/example_skip_dag.py
[2023-06-23T13:58:57.362+0000] {logging_mixin.py:149} INFO - [2023-06-23T13:58:57.362+0000] {dag.py:2726} INFO - Sync 1 DAGs
[2023-06-23T13:58:57.385+0000] {logging_mixin.py:149} INFO - [2023-06-23T13:58:57.384+0000] {dag.py:3490} INFO - Setting next_dagrun for example_skip_dag to 2023-06-22T13:58:57.384778+00:00, run_after=2023-06-23T13:58:57.384778+00:00
[2023-06-23T13:58:57.408+0000] {processor.py:179} INFO - Processing /home/airflow/.local/lib/python3.7/site-packages/airflow/example_dags/example_skip_dag.py took 0.079 seconds
[2023-06-23T13:59:27.707+0000] {processor.py:157} INFO - Started process (PID=2744) to work on /home/airflow/.local/lib/python3.7/site-packages/airflow/example_dags/example_skip_dag.py
[2023-06-23T13:59:27.708+0000] {processor.py:826} INFO - Processing file /home/airflow/.local/lib/python3.7/site-packages/airflow/example_dags/example_skip_dag.py for tasks to queue
[2023-06-23T13:59:27.709+0000] {logging_mixin.py:149} INFO - [2023-06-23T13:59:27.709+0000] {dagbag.py:541} INFO - Filling up the DagBag from /home/airflow/.local/lib/python3.7/site-packages/airflow/example_dags/example_skip_dag.py
[2023-06-23T13:59:27.715+0000] {processor.py:836} INFO - DAG(s) dict_keys(['example_skip_dag']) retrieved from /home/airflow/.local/lib/python3.7/site-packages/airflow/example_dags/example_skip_dag.py
[2023-06-23T13:59:27.738+0000] {logging_mixin.py:149} INFO - [2023-06-23T13:59:27.738+0000] {dag.py:2726} INFO - Sync 1 DAGs
[2023-06-23T13:59:27.761+0000] {logging_mixin.py:149} INFO - [2023-06-23T13:59:27.761+0000] {dag.py:3490} INFO - Setting next_dagrun for example_skip_dag to 2023-06-22T13:59:27.761040+00:00, run_after=2023-06-23T13:59:27.761040+00:00
[2023-06-23T13:59:27.781+0000] {processor.py:179} INFO - Processing /home/airflow/.local/lib/python3.7/site-packages/airflow/example_dags/example_skip_dag.py took 0.077 seconds
[2023-06-23T13:59:57.986+0000] {processor.py:157} INFO - Started process (PID=2810) to work on /home/airflow/.local/lib/python3.7/site-packages/airflow/example_dags/example_skip_dag.py
[2023-06-23T13:59:57.987+0000] {processor.py:826} INFO - Processing file /home/airflow/.local/lib/python3.7/site-packages/airflow/example_dags/example_skip_dag.py for tasks to queue
[2023-06-23T13:59:57.988+0000] {logging_mixin.py:149} INFO - [2023-06-23T13:59:57.988+0000] {dagbag.py:541} INFO - Filling up the DagBag from /home/airflow/.local/lib/python3.7/site-packages/airflow/example_dags/example_skip_dag.py
[2023-06-23T13:59:57.995+0000] {processor.py:836} INFO - DAG(s) dict_keys(['example_skip_dag']) retrieved from /home/airflow/.local/lib/python3.7/site-packages/airflow/example_dags/example_skip_dag.py
[2023-06-23T13:59:58.018+0000] {logging_mixin.py:149} INFO - [2023-06-23T13:59:58.018+0000] {dag.py:2726} INFO - Sync 1 DAGs
[2023-06-23T13:59:58.042+0000] {logging_mixin.py:149} INFO - [2023-06-23T13:59:58.042+0000] {dag.py:3490} INFO - Setting next_dagrun for example_skip_dag to 2023-06-22T13:59:58.042427+00:00, run_after=2023-06-23T13:59:58.042427+00:00
[2023-06-23T13:59:58.065+0000] {processor.py:179} INFO - Processing /home/airflow/.local/lib/python3.7/site-packages/airflow/example_dags/example_skip_dag.py took 0.081 seconds
[2023-06-23T14:00:28.210+0000] {processor.py:157} INFO - Started process (PID=2876) to work on /home/airflow/.local/lib/python3.7/site-packages/airflow/example_dags/example_skip_dag.py
[2023-06-23T14:00:28.211+0000] {processor.py:826} INFO - Processing file /home/airflow/.local/lib/python3.7/site-packages/airflow/example_dags/example_skip_dag.py for tasks to queue
[2023-06-23T14:00:28.212+0000] {logging_mixin.py:149} INFO - [2023-06-23T14:00:28.212+0000] {dagbag.py:541} INFO - Filling up the DagBag from /home/airflow/.local/lib/python3.7/site-packages/airflow/example_dags/example_skip_dag.py
[2023-06-23T14:00:28.220+0000] {processor.py:836} INFO - DAG(s) dict_keys(['example_skip_dag']) retrieved from /home/airflow/.local/lib/python3.7/site-packages/airflow/example_dags/example_skip_dag.py
[2023-06-23T14:00:28.243+0000] {logging_mixin.py:149} INFO - [2023-06-23T14:00:28.243+0000] {dag.py:2726} INFO - Sync 1 DAGs
[2023-06-23T14:00:28.268+0000] {logging_mixin.py:149} INFO - [2023-06-23T14:00:28.268+0000] {dag.py:3490} INFO - Setting next_dagrun for example_skip_dag to 2023-06-22T14:00:28.268300+00:00, run_after=2023-06-23T14:00:28.268300+00:00
[2023-06-23T14:00:28.290+0000] {processor.py:179} INFO - Processing /home/airflow/.local/lib/python3.7/site-packages/airflow/example_dags/example_skip_dag.py took 0.083 seconds
[2023-06-23T14:00:58.636+0000] {processor.py:157} INFO - Started process (PID=2943) to work on /home/airflow/.local/lib/python3.7/site-packages/airflow/example_dags/example_skip_dag.py
[2023-06-23T14:00:58.637+0000] {processor.py:826} INFO - Processing file /home/airflow/.local/lib/python3.7/site-packages/airflow/example_dags/example_skip_dag.py for tasks to queue
[2023-06-23T14:00:58.638+0000] {logging_mixin.py:149} INFO - [2023-06-23T14:00:58.638+0000] {dagbag.py:541} INFO - Filling up the DagBag from /home/airflow/.local/lib/python3.7/site-packages/airflow/example_dags/example_skip_dag.py
[2023-06-23T14:00:58.646+0000] {processor.py:836} INFO - DAG(s) dict_keys(['example_skip_dag']) retrieved from /home/airflow/.local/lib/python3.7/site-packages/airflow/example_dags/example_skip_dag.py
[2023-06-23T14:00:58.728+0000] {logging_mixin.py:149} INFO - [2023-06-23T14:00:58.728+0000] {dag.py:2726} INFO - Sync 1 DAGs
[2023-06-23T14:00:58.757+0000] {logging_mixin.py:149} INFO - [2023-06-23T14:00:58.756+0000] {dag.py:3490} INFO - Setting next_dagrun for example_skip_dag to 2023-06-22T14:00:58.756547+00:00, run_after=2023-06-23T14:00:58.756547+00:00
[2023-06-23T14:00:58.781+0000] {processor.py:179} INFO - Processing /home/airflow/.local/lib/python3.7/site-packages/airflow/example_dags/example_skip_dag.py took 0.148 seconds
[2023-06-23T14:01:28.836+0000] {processor.py:157} INFO - Started process (PID=3009) to work on /home/airflow/.local/lib/python3.7/site-packages/airflow/example_dags/example_skip_dag.py
[2023-06-23T14:01:28.837+0000] {processor.py:826} INFO - Processing file /home/airflow/.local/lib/python3.7/site-packages/airflow/example_dags/example_skip_dag.py for tasks to queue
[2023-06-23T14:01:28.838+0000] {logging_mixin.py:149} INFO - [2023-06-23T14:01:28.838+0000] {dagbag.py:541} INFO - Filling up the DagBag from /home/airflow/.local/lib/python3.7/site-packages/airflow/example_dags/example_skip_dag.py
[2023-06-23T14:01:28.845+0000] {processor.py:836} INFO - DAG(s) dict_keys(['example_skip_dag']) retrieved from /home/airflow/.local/lib/python3.7/site-packages/airflow/example_dags/example_skip_dag.py
[2023-06-23T14:01:28.869+0000] {logging_mixin.py:149} INFO - [2023-06-23T14:01:28.869+0000] {dag.py:2726} INFO - Sync 1 DAGs
[2023-06-23T14:01:28.894+0000] {logging_mixin.py:149} INFO - [2023-06-23T14:01:28.894+0000] {dag.py:3490} INFO - Setting next_dagrun for example_skip_dag to 2023-06-22T14:01:28.894372+00:00, run_after=2023-06-23T14:01:28.894372+00:00
[2023-06-23T14:01:28.916+0000] {processor.py:179} INFO - Processing /home/airflow/.local/lib/python3.7/site-packages/airflow/example_dags/example_skip_dag.py took 0.083 seconds
[2023-06-23T14:01:59.275+0000] {processor.py:157} INFO - Started process (PID=3075) to work on /home/airflow/.local/lib/python3.7/site-packages/airflow/example_dags/example_skip_dag.py
[2023-06-23T14:01:59.276+0000] {processor.py:826} INFO - Processing file /home/airflow/.local/lib/python3.7/site-packages/airflow/example_dags/example_skip_dag.py for tasks to queue
[2023-06-23T14:01:59.276+0000] {logging_mixin.py:149} INFO - [2023-06-23T14:01:59.276+0000] {dagbag.py:541} INFO - Filling up the DagBag from /home/airflow/.local/lib/python3.7/site-packages/airflow/example_dags/example_skip_dag.py
[2023-06-23T14:01:59.283+0000] {processor.py:836} INFO - DAG(s) dict_keys(['example_skip_dag']) retrieved from /home/airflow/.local/lib/python3.7/site-packages/airflow/example_dags/example_skip_dag.py
[2023-06-23T14:01:59.305+0000] {logging_mixin.py:149} INFO - [2023-06-23T14:01:59.305+0000] {dag.py:2726} INFO - Sync 1 DAGs
[2023-06-23T14:01:59.329+0000] {logging_mixin.py:149} INFO - [2023-06-23T14:01:59.328+0000] {dag.py:3490} INFO - Setting next_dagrun for example_skip_dag to 2023-06-22T14:01:59.328735+00:00, run_after=2023-06-23T14:01:59.328735+00:00
[2023-06-23T14:01:59.350+0000] {processor.py:179} INFO - Processing /home/airflow/.local/lib/python3.7/site-packages/airflow/example_dags/example_skip_dag.py took 0.079 seconds
[2023-06-23T14:02:29.613+0000] {processor.py:157} INFO - Started process (PID=3141) to work on /home/airflow/.local/lib/python3.7/site-packages/airflow/example_dags/example_skip_dag.py
[2023-06-23T14:02:29.614+0000] {processor.py:826} INFO - Processing file /home/airflow/.local/lib/python3.7/site-packages/airflow/example_dags/example_skip_dag.py for tasks to queue
[2023-06-23T14:02:29.615+0000] {logging_mixin.py:149} INFO - [2023-06-23T14:02:29.615+0000] {dagbag.py:541} INFO - Filling up the DagBag from /home/airflow/.local/lib/python3.7/site-packages/airflow/example_dags/example_skip_dag.py
[2023-06-23T14:02:29.621+0000] {processor.py:836} INFO - DAG(s) dict_keys(['example_skip_dag']) retrieved from /home/airflow/.local/lib/python3.7/site-packages/airflow/example_dags/example_skip_dag.py
[2023-06-23T14:02:29.644+0000] {logging_mixin.py:149} INFO - [2023-06-23T14:02:29.644+0000] {dag.py:2726} INFO - Sync 1 DAGs
[2023-06-23T14:02:29.666+0000] {logging_mixin.py:149} INFO - [2023-06-23T14:02:29.666+0000] {dag.py:3490} INFO - Setting next_dagrun for example_skip_dag to 2023-06-22T14:02:29.666562+00:00, run_after=2023-06-23T14:02:29.666562+00:00
[2023-06-23T14:02:29.688+0000] {processor.py:179} INFO - Processing /home/airflow/.local/lib/python3.7/site-packages/airflow/example_dags/example_skip_dag.py took 0.078 seconds
[2023-06-23T14:02:59.964+0000] {processor.py:157} INFO - Started process (PID=3207) to work on /home/airflow/.local/lib/python3.7/site-packages/airflow/example_dags/example_skip_dag.py
[2023-06-23T14:02:59.965+0000] {processor.py:826} INFO - Processing file /home/airflow/.local/lib/python3.7/site-packages/airflow/example_dags/example_skip_dag.py for tasks to queue
[2023-06-23T14:02:59.966+0000] {logging_mixin.py:149} INFO - [2023-06-23T14:02:59.966+0000] {dagbag.py:541} INFO - Filling up the DagBag from /home/airflow/.local/lib/python3.7/site-packages/airflow/example_dags/example_skip_dag.py
[2023-06-23T14:02:59.972+0000] {processor.py:836} INFO - DAG(s) dict_keys(['example_skip_dag']) retrieved from /home/airflow/.local/lib/python3.7/site-packages/airflow/example_dags/example_skip_dag.py
[2023-06-23T14:02:59.994+0000] {logging_mixin.py:149} INFO - [2023-06-23T14:02:59.994+0000] {dag.py:2726} INFO - Sync 1 DAGs
[2023-06-23T14:03:00.022+0000] {logging_mixin.py:149} INFO - [2023-06-23T14:03:00.021+0000] {dag.py:3490} INFO - Setting next_dagrun for example_skip_dag to 2023-06-22T14:03:00.021663+00:00, run_after=2023-06-23T14:03:00.021663+00:00
[2023-06-23T14:03:00.043+0000] {processor.py:179} INFO - Processing /home/airflow/.local/lib/python3.7/site-packages/airflow/example_dags/example_skip_dag.py took 0.081 seconds
[2023-06-23T14:03:30.115+0000] {processor.py:157} INFO - Started process (PID=3273) to work on /home/airflow/.local/lib/python3.7/site-packages/airflow/example_dags/example_skip_dag.py
[2023-06-23T14:03:30.116+0000] {processor.py:826} INFO - Processing file /home/airflow/.local/lib/python3.7/site-packages/airflow/example_dags/example_skip_dag.py for tasks to queue
[2023-06-23T14:03:30.117+0000] {logging_mixin.py:149} INFO - [2023-06-23T14:03:30.117+0000] {dagbag.py:541} INFO - Filling up the DagBag from /home/airflow/.local/lib/python3.7/site-packages/airflow/example_dags/example_skip_dag.py
[2023-06-23T14:03:30.124+0000] {processor.py:836} INFO - DAG(s) dict_keys(['example_skip_dag']) retrieved from /home/airflow/.local/lib/python3.7/site-packages/airflow/example_dags/example_skip_dag.py
[2023-06-23T14:03:30.147+0000] {logging_mixin.py:149} INFO - [2023-06-23T14:03:30.147+0000] {dag.py:2726} INFO - Sync 1 DAGs
[2023-06-23T14:03:30.171+0000] {logging_mixin.py:149} INFO - [2023-06-23T14:03:30.171+0000] {dag.py:3490} INFO - Setting next_dagrun for example_skip_dag to 2023-06-22T14:03:30.171092+00:00, run_after=2023-06-23T14:03:30.171092+00:00
[2023-06-23T14:03:30.190+0000] {processor.py:179} INFO - Processing /home/airflow/.local/lib/python3.7/site-packages/airflow/example_dags/example_skip_dag.py took 0.078 seconds
[2023-06-23T14:04:00.480+0000] {processor.py:157} INFO - Started process (PID=3339) to work on /home/airflow/.local/lib/python3.7/site-packages/airflow/example_dags/example_skip_dag.py
[2023-06-23T14:04:00.481+0000] {processor.py:826} INFO - Processing file /home/airflow/.local/lib/python3.7/site-packages/airflow/example_dags/example_skip_dag.py for tasks to queue
[2023-06-23T14:04:00.482+0000] {logging_mixin.py:149} INFO - [2023-06-23T14:04:00.482+0000] {dagbag.py:541} INFO - Filling up the DagBag from /home/airflow/.local/lib/python3.7/site-packages/airflow/example_dags/example_skip_dag.py
[2023-06-23T14:04:00.489+0000] {processor.py:836} INFO - DAG(s) dict_keys(['example_skip_dag']) retrieved from /home/airflow/.local/lib/python3.7/site-packages/airflow/example_dags/example_skip_dag.py
[2023-06-23T14:04:00.515+0000] {logging_mixin.py:149} INFO - [2023-06-23T14:04:00.515+0000] {dag.py:2726} INFO - Sync 1 DAGs
[2023-06-23T14:04:00.541+0000] {logging_mixin.py:149} INFO - [2023-06-23T14:04:00.540+0000] {dag.py:3490} INFO - Setting next_dagrun for example_skip_dag to 2023-06-22T14:04:00.540770+00:00, run_after=2023-06-23T14:04:00.540770+00:00
[2023-06-23T14:04:00.563+0000] {processor.py:179} INFO - Processing /home/airflow/.local/lib/python3.7/site-packages/airflow/example_dags/example_skip_dag.py took 0.086 seconds
