[2023-06-23T13:14:30.636+0000] {processor.py:157} INFO - Started process (PID=47) to work on /home/airflow/.local/lib/python3.7/site-packages/airflow/example_dags/example_branch_labels.py
[2023-06-23T13:14:30.637+0000] {processor.py:826} INFO - Processing file /home/airflow/.local/lib/python3.7/site-packages/airflow/example_dags/example_branch_labels.py for tasks to queue
[2023-06-23T13:14:30.639+0000] {logging_mixin.py:149} INFO - [2023-06-23T13:14:30.638+0000] {dagbag.py:541} INFO - Filling up the DagBag from /home/airflow/.local/lib/python3.7/site-packages/airflow/example_dags/example_branch_labels.py
[2023-06-23T13:14:30.653+0000] {processor.py:836} INFO - DAG(s) dict_keys(['example_branch_labels']) retrieved from /home/airflow/.local/lib/python3.7/site-packages/airflow/example_dags/example_branch_labels.py
[2023-06-23T13:14:30.669+0000] {logging_mixin.py:149} INFO - [2023-06-23T13:14:30.669+0000] {dag.py:2726} INFO - Sync 1 DAGs
[2023-06-23T13:14:30.712+0000] {logging_mixin.py:149} INFO - [2023-06-23T13:14:30.712+0000] {dag.py:3490} INFO - Setting next_dagrun for example_branch_labels to 2023-06-22T00:00:00+00:00, run_after=2023-06-23T00:00:00+00:00
[2023-06-23T13:14:30.744+0000] {processor.py:179} INFO - Processing /home/airflow/.local/lib/python3.7/site-packages/airflow/example_dags/example_branch_labels.py took 0.112 seconds
[2023-06-23T13:15:01.214+0000] {processor.py:157} INFO - Started process (PID=113) to work on /home/airflow/.local/lib/python3.7/site-packages/airflow/example_dags/example_branch_labels.py
[2023-06-23T13:15:01.215+0000] {processor.py:826} INFO - Processing file /home/airflow/.local/lib/python3.7/site-packages/airflow/example_dags/example_branch_labels.py for tasks to queue
[2023-06-23T13:15:01.216+0000] {logging_mixin.py:149} INFO - [2023-06-23T13:15:01.216+0000] {dagbag.py:541} INFO - Filling up the DagBag from /home/airflow/.local/lib/python3.7/site-packages/airflow/example_dags/example_branch_labels.py
[2023-06-23T13:15:01.224+0000] {processor.py:836} INFO - DAG(s) dict_keys(['example_branch_labels']) retrieved from /home/airflow/.local/lib/python3.7/site-packages/airflow/example_dags/example_branch_labels.py
[2023-06-23T13:15:01.237+0000] {logging_mixin.py:149} INFO - [2023-06-23T13:15:01.237+0000] {dag.py:2726} INFO - Sync 1 DAGs
[2023-06-23T13:15:01.283+0000] {logging_mixin.py:149} INFO - [2023-06-23T13:15:01.283+0000] {dag.py:3490} INFO - Setting next_dagrun for example_branch_labels to 2023-06-22T00:00:00+00:00, run_after=2023-06-23T00:00:00+00:00
[2023-06-23T13:15:01.311+0000] {processor.py:179} INFO - Processing /home/airflow/.local/lib/python3.7/site-packages/airflow/example_dags/example_branch_labels.py took 0.100 seconds
[2023-06-23T13:15:31.475+0000] {processor.py:157} INFO - Started process (PID=179) to work on /home/airflow/.local/lib/python3.7/site-packages/airflow/example_dags/example_branch_labels.py
[2023-06-23T13:15:31.477+0000] {processor.py:826} INFO - Processing file /home/airflow/.local/lib/python3.7/site-packages/airflow/example_dags/example_branch_labels.py for tasks to queue
[2023-06-23T13:15:31.478+0000] {logging_mixin.py:149} INFO - [2023-06-23T13:15:31.477+0000] {dagbag.py:541} INFO - Filling up the DagBag from /home/airflow/.local/lib/python3.7/site-packages/airflow/example_dags/example_branch_labels.py
[2023-06-23T13:15:31.486+0000] {processor.py:836} INFO - DAG(s) dict_keys(['example_branch_labels']) retrieved from /home/airflow/.local/lib/python3.7/site-packages/airflow/example_dags/example_branch_labels.py
[2023-06-23T13:15:31.513+0000] {logging_mixin.py:149} INFO - [2023-06-23T13:15:31.513+0000] {dag.py:2726} INFO - Sync 1 DAGs
[2023-06-23T13:15:31.543+0000] {logging_mixin.py:149} INFO - [2023-06-23T13:15:31.543+0000] {dag.py:3490} INFO - Setting next_dagrun for example_branch_labels to 2023-06-22T00:00:00+00:00, run_after=2023-06-23T00:00:00+00:00
[2023-06-23T13:15:31.567+0000] {processor.py:179} INFO - Processing /home/airflow/.local/lib/python3.7/site-packages/airflow/example_dags/example_branch_labels.py took 0.094 seconds
[2023-06-23T13:16:01.964+0000] {processor.py:157} INFO - Started process (PID=245) to work on /home/airflow/.local/lib/python3.7/site-packages/airflow/example_dags/example_branch_labels.py
[2023-06-23T13:16:01.965+0000] {processor.py:826} INFO - Processing file /home/airflow/.local/lib/python3.7/site-packages/airflow/example_dags/example_branch_labels.py for tasks to queue
[2023-06-23T13:16:01.966+0000] {logging_mixin.py:149} INFO - [2023-06-23T13:16:01.966+0000] {dagbag.py:541} INFO - Filling up the DagBag from /home/airflow/.local/lib/python3.7/site-packages/airflow/example_dags/example_branch_labels.py
[2023-06-23T13:16:01.973+0000] {processor.py:836} INFO - DAG(s) dict_keys(['example_branch_labels']) retrieved from /home/airflow/.local/lib/python3.7/site-packages/airflow/example_dags/example_branch_labels.py
[2023-06-23T13:16:01.996+0000] {logging_mixin.py:149} INFO - [2023-06-23T13:16:01.996+0000] {dag.py:2726} INFO - Sync 1 DAGs
[2023-06-23T13:16:02.021+0000] {logging_mixin.py:149} INFO - [2023-06-23T13:16:02.020+0000] {dag.py:3490} INFO - Setting next_dagrun for example_branch_labels to 2023-06-22T00:00:00+00:00, run_after=2023-06-23T00:00:00+00:00
[2023-06-23T13:16:02.040+0000] {processor.py:179} INFO - Processing /home/airflow/.local/lib/python3.7/site-packages/airflow/example_dags/example_branch_labels.py took 0.079 seconds
[2023-06-23T13:38:40.447+0000] {processor.py:157} INFO - Started process (PID=46) to work on /home/airflow/.local/lib/python3.7/site-packages/airflow/example_dags/example_branch_labels.py
[2023-06-23T13:38:40.448+0000] {processor.py:826} INFO - Processing file /home/airflow/.local/lib/python3.7/site-packages/airflow/example_dags/example_branch_labels.py for tasks to queue
[2023-06-23T13:38:40.450+0000] {logging_mixin.py:149} INFO - [2023-06-23T13:38:40.450+0000] {dagbag.py:541} INFO - Filling up the DagBag from /home/airflow/.local/lib/python3.7/site-packages/airflow/example_dags/example_branch_labels.py
[2023-06-23T13:38:40.466+0000] {processor.py:836} INFO - DAG(s) dict_keys(['example_branch_labels']) retrieved from /home/airflow/.local/lib/python3.7/site-packages/airflow/example_dags/example_branch_labels.py
[2023-06-23T13:38:40.481+0000] {logging_mixin.py:149} INFO - [2023-06-23T13:38:40.481+0000] {dag.py:2726} INFO - Sync 1 DAGs
[2023-06-23T13:38:40.521+0000] {logging_mixin.py:149} INFO - [2023-06-23T13:38:40.520+0000] {dag.py:3490} INFO - Setting next_dagrun for example_branch_labels to 2023-06-22T00:00:00+00:00, run_after=2023-06-23T00:00:00+00:00
[2023-06-23T13:38:40.547+0000] {processor.py:179} INFO - Processing /home/airflow/.local/lib/python3.7/site-packages/airflow/example_dags/example_branch_labels.py took 0.103 seconds
[2023-06-23T13:39:10.700+0000] {processor.py:157} INFO - Started process (PID=112) to work on /home/airflow/.local/lib/python3.7/site-packages/airflow/example_dags/example_branch_labels.py
[2023-06-23T13:39:10.701+0000] {processor.py:826} INFO - Processing file /home/airflow/.local/lib/python3.7/site-packages/airflow/example_dags/example_branch_labels.py for tasks to queue
[2023-06-23T13:39:10.702+0000] {logging_mixin.py:149} INFO - [2023-06-23T13:39:10.702+0000] {dagbag.py:541} INFO - Filling up the DagBag from /home/airflow/.local/lib/python3.7/site-packages/airflow/example_dags/example_branch_labels.py
[2023-06-23T13:39:10.709+0000] {processor.py:836} INFO - DAG(s) dict_keys(['example_branch_labels']) retrieved from /home/airflow/.local/lib/python3.7/site-packages/airflow/example_dags/example_branch_labels.py
[2023-06-23T13:39:10.737+0000] {logging_mixin.py:149} INFO - [2023-06-23T13:39:10.737+0000] {dag.py:2726} INFO - Sync 1 DAGs
[2023-06-23T13:39:10.765+0000] {logging_mixin.py:149} INFO - [2023-06-23T13:39:10.765+0000] {dag.py:3490} INFO - Setting next_dagrun for example_branch_labels to 2023-06-22T00:00:00+00:00, run_after=2023-06-23T00:00:00+00:00
[2023-06-23T13:39:10.786+0000] {processor.py:179} INFO - Processing /home/airflow/.local/lib/python3.7/site-packages/airflow/example_dags/example_branch_labels.py took 0.089 seconds
[2023-06-23T13:39:41.053+0000] {processor.py:157} INFO - Started process (PID=177) to work on /home/airflow/.local/lib/python3.7/site-packages/airflow/example_dags/example_branch_labels.py
[2023-06-23T13:39:41.055+0000] {processor.py:826} INFO - Processing file /home/airflow/.local/lib/python3.7/site-packages/airflow/example_dags/example_branch_labels.py for tasks to queue
[2023-06-23T13:39:41.056+0000] {logging_mixin.py:149} INFO - [2023-06-23T13:39:41.055+0000] {dagbag.py:541} INFO - Filling up the DagBag from /home/airflow/.local/lib/python3.7/site-packages/airflow/example_dags/example_branch_labels.py
[2023-06-23T13:39:41.065+0000] {processor.py:836} INFO - DAG(s) dict_keys(['example_branch_labels']) retrieved from /home/airflow/.local/lib/python3.7/site-packages/airflow/example_dags/example_branch_labels.py
[2023-06-23T13:39:41.092+0000] {logging_mixin.py:149} INFO - [2023-06-23T13:39:41.091+0000] {dag.py:2726} INFO - Sync 1 DAGs
[2023-06-23T13:39:41.121+0000] {logging_mixin.py:149} INFO - [2023-06-23T13:39:41.121+0000] {dag.py:3490} INFO - Setting next_dagrun for example_branch_labels to 2023-06-22T00:00:00+00:00, run_after=2023-06-23T00:00:00+00:00
[2023-06-23T13:39:41.145+0000] {processor.py:179} INFO - Processing /home/airflow/.local/lib/python3.7/site-packages/airflow/example_dags/example_branch_labels.py took 0.094 seconds
[2023-06-23T13:40:11.970+0000] {processor.py:157} INFO - Started process (PID=243) to work on /home/airflow/.local/lib/python3.7/site-packages/airflow/example_dags/example_branch_labels.py
[2023-06-23T13:40:11.971+0000] {processor.py:826} INFO - Processing file /home/airflow/.local/lib/python3.7/site-packages/airflow/example_dags/example_branch_labels.py for tasks to queue
[2023-06-23T13:40:11.972+0000] {logging_mixin.py:149} INFO - [2023-06-23T13:40:11.972+0000] {dagbag.py:541} INFO - Filling up the DagBag from /home/airflow/.local/lib/python3.7/site-packages/airflow/example_dags/example_branch_labels.py
[2023-06-23T13:40:11.979+0000] {processor.py:836} INFO - DAG(s) dict_keys(['example_branch_labels']) retrieved from /home/airflow/.local/lib/python3.7/site-packages/airflow/example_dags/example_branch_labels.py
[2023-06-23T13:40:12.002+0000] {logging_mixin.py:149} INFO - [2023-06-23T13:40:12.002+0000] {dag.py:2726} INFO - Sync 1 DAGs
[2023-06-23T13:40:12.027+0000] {logging_mixin.py:149} INFO - [2023-06-23T13:40:12.027+0000] {dag.py:3490} INFO - Setting next_dagrun for example_branch_labels to 2023-06-22T00:00:00+00:00, run_after=2023-06-23T00:00:00+00:00
[2023-06-23T13:40:12.045+0000] {processor.py:179} INFO - Processing /home/airflow/.local/lib/python3.7/site-packages/airflow/example_dags/example_branch_labels.py took 0.078 seconds
[2023-06-23T13:40:42.133+0000] {processor.py:157} INFO - Started process (PID=309) to work on /home/airflow/.local/lib/python3.7/site-packages/airflow/example_dags/example_branch_labels.py
[2023-06-23T13:40:42.134+0000] {processor.py:826} INFO - Processing file /home/airflow/.local/lib/python3.7/site-packages/airflow/example_dags/example_branch_labels.py for tasks to queue
[2023-06-23T13:40:42.135+0000] {logging_mixin.py:149} INFO - [2023-06-23T13:40:42.135+0000] {dagbag.py:541} INFO - Filling up the DagBag from /home/airflow/.local/lib/python3.7/site-packages/airflow/example_dags/example_branch_labels.py
[2023-06-23T13:40:42.145+0000] {processor.py:836} INFO - DAG(s) dict_keys(['example_branch_labels']) retrieved from /home/airflow/.local/lib/python3.7/site-packages/airflow/example_dags/example_branch_labels.py
[2023-06-23T13:40:42.170+0000] {logging_mixin.py:149} INFO - [2023-06-23T13:40:42.169+0000] {dag.py:2726} INFO - Sync 1 DAGs
[2023-06-23T13:40:42.196+0000] {logging_mixin.py:149} INFO - [2023-06-23T13:40:42.196+0000] {dag.py:3490} INFO - Setting next_dagrun for example_branch_labels to 2023-06-22T00:00:00+00:00, run_after=2023-06-23T00:00:00+00:00
[2023-06-23T13:40:42.218+0000] {processor.py:179} INFO - Processing /home/airflow/.local/lib/python3.7/site-packages/airflow/example_dags/example_branch_labels.py took 0.088 seconds
[2023-06-23T13:41:12.742+0000] {processor.py:157} INFO - Started process (PID=375) to work on /home/airflow/.local/lib/python3.7/site-packages/airflow/example_dags/example_branch_labels.py
[2023-06-23T13:41:12.743+0000] {processor.py:826} INFO - Processing file /home/airflow/.local/lib/python3.7/site-packages/airflow/example_dags/example_branch_labels.py for tasks to queue
[2023-06-23T13:41:12.744+0000] {logging_mixin.py:149} INFO - [2023-06-23T13:41:12.744+0000] {dagbag.py:541} INFO - Filling up the DagBag from /home/airflow/.local/lib/python3.7/site-packages/airflow/example_dags/example_branch_labels.py
[2023-06-23T13:41:12.752+0000] {processor.py:836} INFO - DAG(s) dict_keys(['example_branch_labels']) retrieved from /home/airflow/.local/lib/python3.7/site-packages/airflow/example_dags/example_branch_labels.py
[2023-06-23T13:41:12.773+0000] {logging_mixin.py:149} INFO - [2023-06-23T13:41:12.773+0000] {dag.py:2726} INFO - Sync 1 DAGs
[2023-06-23T13:41:12.799+0000] {logging_mixin.py:149} INFO - [2023-06-23T13:41:12.799+0000] {dag.py:3490} INFO - Setting next_dagrun for example_branch_labels to 2023-06-22T00:00:00+00:00, run_after=2023-06-23T00:00:00+00:00
[2023-06-23T13:41:12.821+0000] {processor.py:179} INFO - Processing /home/airflow/.local/lib/python3.7/site-packages/airflow/example_dags/example_branch_labels.py took 0.081 seconds
[2023-06-23T13:41:43.568+0000] {processor.py:157} INFO - Started process (PID=442) to work on /home/airflow/.local/lib/python3.7/site-packages/airflow/example_dags/example_branch_labels.py
[2023-06-23T13:41:43.570+0000] {processor.py:826} INFO - Processing file /home/airflow/.local/lib/python3.7/site-packages/airflow/example_dags/example_branch_labels.py for tasks to queue
[2023-06-23T13:41:43.571+0000] {logging_mixin.py:149} INFO - [2023-06-23T13:41:43.570+0000] {dagbag.py:541} INFO - Filling up the DagBag from /home/airflow/.local/lib/python3.7/site-packages/airflow/example_dags/example_branch_labels.py
[2023-06-23T13:41:43.578+0000] {processor.py:836} INFO - DAG(s) dict_keys(['example_branch_labels']) retrieved from /home/airflow/.local/lib/python3.7/site-packages/airflow/example_dags/example_branch_labels.py
[2023-06-23T13:41:43.605+0000] {logging_mixin.py:149} INFO - [2023-06-23T13:41:43.605+0000] {dag.py:2726} INFO - Sync 1 DAGs
[2023-06-23T13:41:43.632+0000] {logging_mixin.py:149} INFO - [2023-06-23T13:41:43.632+0000] {dag.py:3490} INFO - Setting next_dagrun for example_branch_labels to 2023-06-22T00:00:00+00:00, run_after=2023-06-23T00:00:00+00:00
[2023-06-23T13:41:43.652+0000] {processor.py:179} INFO - Processing /home/airflow/.local/lib/python3.7/site-packages/airflow/example_dags/example_branch_labels.py took 0.086 seconds
[2023-06-23T13:42:13.756+0000] {processor.py:157} INFO - Started process (PID=508) to work on /home/airflow/.local/lib/python3.7/site-packages/airflow/example_dags/example_branch_labels.py
[2023-06-23T13:42:13.757+0000] {processor.py:826} INFO - Processing file /home/airflow/.local/lib/python3.7/site-packages/airflow/example_dags/example_branch_labels.py for tasks to queue
[2023-06-23T13:42:13.758+0000] {logging_mixin.py:149} INFO - [2023-06-23T13:42:13.758+0000] {dagbag.py:541} INFO - Filling up the DagBag from /home/airflow/.local/lib/python3.7/site-packages/airflow/example_dags/example_branch_labels.py
[2023-06-23T13:42:13.765+0000] {processor.py:836} INFO - DAG(s) dict_keys(['example_branch_labels']) retrieved from /home/airflow/.local/lib/python3.7/site-packages/airflow/example_dags/example_branch_labels.py
[2023-06-23T13:42:13.796+0000] {logging_mixin.py:149} INFO - [2023-06-23T13:42:13.795+0000] {dag.py:2726} INFO - Sync 1 DAGs
[2023-06-23T13:42:13.824+0000] {logging_mixin.py:149} INFO - [2023-06-23T13:42:13.824+0000] {dag.py:3490} INFO - Setting next_dagrun for example_branch_labels to 2023-06-22T00:00:00+00:00, run_after=2023-06-23T00:00:00+00:00
[2023-06-23T13:42:13.844+0000] {processor.py:179} INFO - Processing /home/airflow/.local/lib/python3.7/site-packages/airflow/example_dags/example_branch_labels.py took 0.092 seconds
[2023-06-23T13:42:44.303+0000] {processor.py:157} INFO - Started process (PID=574) to work on /home/airflow/.local/lib/python3.7/site-packages/airflow/example_dags/example_branch_labels.py
[2023-06-23T13:42:44.304+0000] {processor.py:826} INFO - Processing file /home/airflow/.local/lib/python3.7/site-packages/airflow/example_dags/example_branch_labels.py for tasks to queue
[2023-06-23T13:42:44.305+0000] {logging_mixin.py:149} INFO - [2023-06-23T13:42:44.305+0000] {dagbag.py:541} INFO - Filling up the DagBag from /home/airflow/.local/lib/python3.7/site-packages/airflow/example_dags/example_branch_labels.py
[2023-06-23T13:42:44.313+0000] {processor.py:836} INFO - DAG(s) dict_keys(['example_branch_labels']) retrieved from /home/airflow/.local/lib/python3.7/site-packages/airflow/example_dags/example_branch_labels.py
[2023-06-23T13:42:44.340+0000] {logging_mixin.py:149} INFO - [2023-06-23T13:42:44.340+0000] {dag.py:2726} INFO - Sync 1 DAGs
[2023-06-23T13:42:44.374+0000] {logging_mixin.py:149} INFO - [2023-06-23T13:42:44.373+0000] {dag.py:3490} INFO - Setting next_dagrun for example_branch_labels to 2023-06-22T00:00:00+00:00, run_after=2023-06-23T00:00:00+00:00
[2023-06-23T13:42:44.394+0000] {processor.py:179} INFO - Processing /home/airflow/.local/lib/python3.7/site-packages/airflow/example_dags/example_branch_labels.py took 0.094 seconds
[2023-06-23T13:43:14.433+0000] {processor.py:157} INFO - Started process (PID=640) to work on /home/airflow/.local/lib/python3.7/site-packages/airflow/example_dags/example_branch_labels.py
[2023-06-23T13:43:14.434+0000] {processor.py:826} INFO - Processing file /home/airflow/.local/lib/python3.7/site-packages/airflow/example_dags/example_branch_labels.py for tasks to queue
[2023-06-23T13:43:14.435+0000] {logging_mixin.py:149} INFO - [2023-06-23T13:43:14.435+0000] {dagbag.py:541} INFO - Filling up the DagBag from /home/airflow/.local/lib/python3.7/site-packages/airflow/example_dags/example_branch_labels.py
[2023-06-23T13:43:14.442+0000] {processor.py:836} INFO - DAG(s) dict_keys(['example_branch_labels']) retrieved from /home/airflow/.local/lib/python3.7/site-packages/airflow/example_dags/example_branch_labels.py
[2023-06-23T13:43:14.465+0000] {logging_mixin.py:149} INFO - [2023-06-23T13:43:14.465+0000] {dag.py:2726} INFO - Sync 1 DAGs
[2023-06-23T13:43:14.490+0000] {logging_mixin.py:149} INFO - [2023-06-23T13:43:14.489+0000] {dag.py:3490} INFO - Setting next_dagrun for example_branch_labels to 2023-06-22T00:00:00+00:00, run_after=2023-06-23T00:00:00+00:00
[2023-06-23T13:43:14.510+0000] {processor.py:179} INFO - Processing /home/airflow/.local/lib/python3.7/site-packages/airflow/example_dags/example_branch_labels.py took 0.080 seconds
[2023-06-23T13:43:45.085+0000] {processor.py:157} INFO - Started process (PID=706) to work on /home/airflow/.local/lib/python3.7/site-packages/airflow/example_dags/example_branch_labels.py
[2023-06-23T13:43:45.086+0000] {processor.py:826} INFO - Processing file /home/airflow/.local/lib/python3.7/site-packages/airflow/example_dags/example_branch_labels.py for tasks to queue
[2023-06-23T13:43:45.087+0000] {logging_mixin.py:149} INFO - [2023-06-23T13:43:45.087+0000] {dagbag.py:541} INFO - Filling up the DagBag from /home/airflow/.local/lib/python3.7/site-packages/airflow/example_dags/example_branch_labels.py
[2023-06-23T13:43:45.094+0000] {processor.py:836} INFO - DAG(s) dict_keys(['example_branch_labels']) retrieved from /home/airflow/.local/lib/python3.7/site-packages/airflow/example_dags/example_branch_labels.py
[2023-06-23T13:43:45.122+0000] {logging_mixin.py:149} INFO - [2023-06-23T13:43:45.122+0000] {dag.py:2726} INFO - Sync 1 DAGs
[2023-06-23T13:43:45.151+0000] {logging_mixin.py:149} INFO - [2023-06-23T13:43:45.151+0000] {dag.py:3490} INFO - Setting next_dagrun for example_branch_labels to 2023-06-22T00:00:00+00:00, run_after=2023-06-23T00:00:00+00:00
[2023-06-23T13:43:45.173+0000] {processor.py:179} INFO - Processing /home/airflow/.local/lib/python3.7/site-packages/airflow/example_dags/example_branch_labels.py took 0.090 seconds
[2023-06-23T13:44:15.492+0000] {processor.py:157} INFO - Started process (PID=772) to work on /home/airflow/.local/lib/python3.7/site-packages/airflow/example_dags/example_branch_labels.py
[2023-06-23T13:44:15.493+0000] {processor.py:826} INFO - Processing file /home/airflow/.local/lib/python3.7/site-packages/airflow/example_dags/example_branch_labels.py for tasks to queue
[2023-06-23T13:44:15.494+0000] {logging_mixin.py:149} INFO - [2023-06-23T13:44:15.494+0000] {dagbag.py:541} INFO - Filling up the DagBag from /home/airflow/.local/lib/python3.7/site-packages/airflow/example_dags/example_branch_labels.py
[2023-06-23T13:44:15.504+0000] {processor.py:836} INFO - DAG(s) dict_keys(['example_branch_labels']) retrieved from /home/airflow/.local/lib/python3.7/site-packages/airflow/example_dags/example_branch_labels.py
[2023-06-23T13:44:15.531+0000] {logging_mixin.py:149} INFO - [2023-06-23T13:44:15.531+0000] {dag.py:2726} INFO - Sync 1 DAGs
[2023-06-23T13:44:15.558+0000] {logging_mixin.py:149} INFO - [2023-06-23T13:44:15.558+0000] {dag.py:3490} INFO - Setting next_dagrun for example_branch_labels to 2023-06-22T00:00:00+00:00, run_after=2023-06-23T00:00:00+00:00
[2023-06-23T13:44:15.580+0000] {processor.py:179} INFO - Processing /home/airflow/.local/lib/python3.7/site-packages/airflow/example_dags/example_branch_labels.py took 0.091 seconds
[2023-06-23T13:44:45.926+0000] {processor.py:157} INFO - Started process (PID=838) to work on /home/airflow/.local/lib/python3.7/site-packages/airflow/example_dags/example_branch_labels.py
[2023-06-23T13:44:45.928+0000] {processor.py:826} INFO - Processing file /home/airflow/.local/lib/python3.7/site-packages/airflow/example_dags/example_branch_labels.py for tasks to queue
[2023-06-23T13:44:45.929+0000] {logging_mixin.py:149} INFO - [2023-06-23T13:44:45.929+0000] {dagbag.py:541} INFO - Filling up the DagBag from /home/airflow/.local/lib/python3.7/site-packages/airflow/example_dags/example_branch_labels.py
[2023-06-23T13:44:45.936+0000] {processor.py:836} INFO - DAG(s) dict_keys(['example_branch_labels']) retrieved from /home/airflow/.local/lib/python3.7/site-packages/airflow/example_dags/example_branch_labels.py
[2023-06-23T13:44:45.966+0000] {logging_mixin.py:149} INFO - [2023-06-23T13:44:45.966+0000] {dag.py:2726} INFO - Sync 1 DAGs
[2023-06-23T13:44:45.999+0000] {logging_mixin.py:149} INFO - [2023-06-23T13:44:45.999+0000] {dag.py:3490} INFO - Setting next_dagrun for example_branch_labels to 2023-06-22T00:00:00+00:00, run_after=2023-06-23T00:00:00+00:00
[2023-06-23T13:44:46.023+0000] {processor.py:179} INFO - Processing /home/airflow/.local/lib/python3.7/site-packages/airflow/example_dags/example_branch_labels.py took 0.101 seconds
[2023-06-23T13:45:16.203+0000] {processor.py:157} INFO - Started process (PID=904) to work on /home/airflow/.local/lib/python3.7/site-packages/airflow/example_dags/example_branch_labels.py
[2023-06-23T13:45:16.204+0000] {processor.py:826} INFO - Processing file /home/airflow/.local/lib/python3.7/site-packages/airflow/example_dags/example_branch_labels.py for tasks to queue
[2023-06-23T13:45:16.205+0000] {logging_mixin.py:149} INFO - [2023-06-23T13:45:16.205+0000] {dagbag.py:541} INFO - Filling up the DagBag from /home/airflow/.local/lib/python3.7/site-packages/airflow/example_dags/example_branch_labels.py
[2023-06-23T13:45:16.212+0000] {processor.py:836} INFO - DAG(s) dict_keys(['example_branch_labels']) retrieved from /home/airflow/.local/lib/python3.7/site-packages/airflow/example_dags/example_branch_labels.py
[2023-06-23T13:45:16.239+0000] {logging_mixin.py:149} INFO - [2023-06-23T13:45:16.239+0000] {dag.py:2726} INFO - Sync 1 DAGs
[2023-06-23T13:45:16.265+0000] {logging_mixin.py:149} INFO - [2023-06-23T13:45:16.265+0000] {dag.py:3490} INFO - Setting next_dagrun for example_branch_labels to 2023-06-22T00:00:00+00:00, run_after=2023-06-23T00:00:00+00:00
[2023-06-23T13:45:16.284+0000] {processor.py:179} INFO - Processing /home/airflow/.local/lib/python3.7/site-packages/airflow/example_dags/example_branch_labels.py took 0.085 seconds
[2023-06-23T13:45:46.608+0000] {processor.py:157} INFO - Started process (PID=970) to work on /home/airflow/.local/lib/python3.7/site-packages/airflow/example_dags/example_branch_labels.py
[2023-06-23T13:45:46.609+0000] {processor.py:826} INFO - Processing file /home/airflow/.local/lib/python3.7/site-packages/airflow/example_dags/example_branch_labels.py for tasks to queue
[2023-06-23T13:45:46.610+0000] {logging_mixin.py:149} INFO - [2023-06-23T13:45:46.609+0000] {dagbag.py:541} INFO - Filling up the DagBag from /home/airflow/.local/lib/python3.7/site-packages/airflow/example_dags/example_branch_labels.py
[2023-06-23T13:45:46.616+0000] {processor.py:836} INFO - DAG(s) dict_keys(['example_branch_labels']) retrieved from /home/airflow/.local/lib/python3.7/site-packages/airflow/example_dags/example_branch_labels.py
[2023-06-23T13:45:46.641+0000] {logging_mixin.py:149} INFO - [2023-06-23T13:45:46.641+0000] {dag.py:2726} INFO - Sync 1 DAGs
[2023-06-23T13:45:46.665+0000] {logging_mixin.py:149} INFO - [2023-06-23T13:45:46.665+0000] {dag.py:3490} INFO - Setting next_dagrun for example_branch_labels to 2023-06-22T00:00:00+00:00, run_after=2023-06-23T00:00:00+00:00
[2023-06-23T13:45:46.684+0000] {processor.py:179} INFO - Processing /home/airflow/.local/lib/python3.7/site-packages/airflow/example_dags/example_branch_labels.py took 0.079 seconds
[2023-06-23T13:46:16.904+0000] {processor.py:157} INFO - Started process (PID=1036) to work on /home/airflow/.local/lib/python3.7/site-packages/airflow/example_dags/example_branch_labels.py
[2023-06-23T13:46:16.905+0000] {processor.py:826} INFO - Processing file /home/airflow/.local/lib/python3.7/site-packages/airflow/example_dags/example_branch_labels.py for tasks to queue
[2023-06-23T13:46:16.906+0000] {logging_mixin.py:149} INFO - [2023-06-23T13:46:16.905+0000] {dagbag.py:541} INFO - Filling up the DagBag from /home/airflow/.local/lib/python3.7/site-packages/airflow/example_dags/example_branch_labels.py
[2023-06-23T13:46:16.913+0000] {processor.py:836} INFO - DAG(s) dict_keys(['example_branch_labels']) retrieved from /home/airflow/.local/lib/python3.7/site-packages/airflow/example_dags/example_branch_labels.py
[2023-06-23T13:46:16.936+0000] {logging_mixin.py:149} INFO - [2023-06-23T13:46:16.936+0000] {dag.py:2726} INFO - Sync 1 DAGs
[2023-06-23T13:46:16.963+0000] {logging_mixin.py:149} INFO - [2023-06-23T13:46:16.963+0000] {dag.py:3490} INFO - Setting next_dagrun for example_branch_labels to 2023-06-22T00:00:00+00:00, run_after=2023-06-23T00:00:00+00:00
[2023-06-23T13:46:16.983+0000] {processor.py:179} INFO - Processing /home/airflow/.local/lib/python3.7/site-packages/airflow/example_dags/example_branch_labels.py took 0.082 seconds
[2023-06-23T13:46:47.168+0000] {processor.py:157} INFO - Started process (PID=1102) to work on /home/airflow/.local/lib/python3.7/site-packages/airflow/example_dags/example_branch_labels.py
[2023-06-23T13:46:47.169+0000] {processor.py:826} INFO - Processing file /home/airflow/.local/lib/python3.7/site-packages/airflow/example_dags/example_branch_labels.py for tasks to queue
[2023-06-23T13:46:47.170+0000] {logging_mixin.py:149} INFO - [2023-06-23T13:46:47.170+0000] {dagbag.py:541} INFO - Filling up the DagBag from /home/airflow/.local/lib/python3.7/site-packages/airflow/example_dags/example_branch_labels.py
[2023-06-23T13:46:47.177+0000] {processor.py:836} INFO - DAG(s) dict_keys(['example_branch_labels']) retrieved from /home/airflow/.local/lib/python3.7/site-packages/airflow/example_dags/example_branch_labels.py
[2023-06-23T13:46:47.203+0000] {logging_mixin.py:149} INFO - [2023-06-23T13:46:47.203+0000] {dag.py:2726} INFO - Sync 1 DAGs
[2023-06-23T13:46:47.229+0000] {logging_mixin.py:149} INFO - [2023-06-23T13:46:47.229+0000] {dag.py:3490} INFO - Setting next_dagrun for example_branch_labels to 2023-06-22T00:00:00+00:00, run_after=2023-06-23T00:00:00+00:00
[2023-06-23T13:46:47.250+0000] {processor.py:179} INFO - Processing /home/airflow/.local/lib/python3.7/site-packages/airflow/example_dags/example_branch_labels.py took 0.085 seconds
[2023-06-23T13:47:17.556+0000] {processor.py:157} INFO - Started process (PID=1168) to work on /home/airflow/.local/lib/python3.7/site-packages/airflow/example_dags/example_branch_labels.py
[2023-06-23T13:47:17.557+0000] {processor.py:826} INFO - Processing file /home/airflow/.local/lib/python3.7/site-packages/airflow/example_dags/example_branch_labels.py for tasks to queue
[2023-06-23T13:47:17.558+0000] {logging_mixin.py:149} INFO - [2023-06-23T13:47:17.558+0000] {dagbag.py:541} INFO - Filling up the DagBag from /home/airflow/.local/lib/python3.7/site-packages/airflow/example_dags/example_branch_labels.py
[2023-06-23T13:47:17.566+0000] {processor.py:836} INFO - DAG(s) dict_keys(['example_branch_labels']) retrieved from /home/airflow/.local/lib/python3.7/site-packages/airflow/example_dags/example_branch_labels.py
[2023-06-23T13:47:17.589+0000] {logging_mixin.py:149} INFO - [2023-06-23T13:47:17.589+0000] {dag.py:2726} INFO - Sync 1 DAGs
[2023-06-23T13:47:17.619+0000] {logging_mixin.py:149} INFO - [2023-06-23T13:47:17.619+0000] {dag.py:3490} INFO - Setting next_dagrun for example_branch_labels to 2023-06-22T00:00:00+00:00, run_after=2023-06-23T00:00:00+00:00
[2023-06-23T13:47:17.637+0000] {processor.py:179} INFO - Processing /home/airflow/.local/lib/python3.7/site-packages/airflow/example_dags/example_branch_labels.py took 0.084 seconds
[2023-06-23T13:47:47.972+0000] {processor.py:157} INFO - Started process (PID=1235) to work on /home/airflow/.local/lib/python3.7/site-packages/airflow/example_dags/example_branch_labels.py
[2023-06-23T13:47:47.974+0000] {processor.py:826} INFO - Processing file /home/airflow/.local/lib/python3.7/site-packages/airflow/example_dags/example_branch_labels.py for tasks to queue
[2023-06-23T13:47:47.975+0000] {logging_mixin.py:149} INFO - [2023-06-23T13:47:47.974+0000] {dagbag.py:541} INFO - Filling up the DagBag from /home/airflow/.local/lib/python3.7/site-packages/airflow/example_dags/example_branch_labels.py
[2023-06-23T13:47:47.982+0000] {processor.py:836} INFO - DAG(s) dict_keys(['example_branch_labels']) retrieved from /home/airflow/.local/lib/python3.7/site-packages/airflow/example_dags/example_branch_labels.py
[2023-06-23T13:47:48.007+0000] {logging_mixin.py:149} INFO - [2023-06-23T13:47:48.007+0000] {dag.py:2726} INFO - Sync 1 DAGs
[2023-06-23T13:47:48.035+0000] {logging_mixin.py:149} INFO - [2023-06-23T13:47:48.035+0000] {dag.py:3490} INFO - Setting next_dagrun for example_branch_labels to 2023-06-22T00:00:00+00:00, run_after=2023-06-23T00:00:00+00:00
[2023-06-23T13:47:48.056+0000] {processor.py:179} INFO - Processing /home/airflow/.local/lib/python3.7/site-packages/airflow/example_dags/example_branch_labels.py took 0.086 seconds
[2023-06-23T13:48:18.261+0000] {processor.py:157} INFO - Started process (PID=1301) to work on /home/airflow/.local/lib/python3.7/site-packages/airflow/example_dags/example_branch_labels.py
[2023-06-23T13:48:18.262+0000] {processor.py:826} INFO - Processing file /home/airflow/.local/lib/python3.7/site-packages/airflow/example_dags/example_branch_labels.py for tasks to queue
[2023-06-23T13:48:18.263+0000] {logging_mixin.py:149} INFO - [2023-06-23T13:48:18.263+0000] {dagbag.py:541} INFO - Filling up the DagBag from /home/airflow/.local/lib/python3.7/site-packages/airflow/example_dags/example_branch_labels.py
[2023-06-23T13:48:18.273+0000] {processor.py:836} INFO - DAG(s) dict_keys(['example_branch_labels']) retrieved from /home/airflow/.local/lib/python3.7/site-packages/airflow/example_dags/example_branch_labels.py
[2023-06-23T13:48:18.300+0000] {logging_mixin.py:149} INFO - [2023-06-23T13:48:18.300+0000] {dag.py:2726} INFO - Sync 1 DAGs
[2023-06-23T13:48:18.329+0000] {logging_mixin.py:149} INFO - [2023-06-23T13:48:18.329+0000] {dag.py:3490} INFO - Setting next_dagrun for example_branch_labels to 2023-06-22T00:00:00+00:00, run_after=2023-06-23T00:00:00+00:00
[2023-06-23T13:48:18.350+0000] {processor.py:179} INFO - Processing /home/airflow/.local/lib/python3.7/site-packages/airflow/example_dags/example_branch_labels.py took 0.091 seconds
[2023-06-23T13:48:48.852+0000] {processor.py:157} INFO - Started process (PID=1367) to work on /home/airflow/.local/lib/python3.7/site-packages/airflow/example_dags/example_branch_labels.py
[2023-06-23T13:48:48.853+0000] {processor.py:826} INFO - Processing file /home/airflow/.local/lib/python3.7/site-packages/airflow/example_dags/example_branch_labels.py for tasks to queue
[2023-06-23T13:48:48.854+0000] {logging_mixin.py:149} INFO - [2023-06-23T13:48:48.854+0000] {dagbag.py:541} INFO - Filling up the DagBag from /home/airflow/.local/lib/python3.7/site-packages/airflow/example_dags/example_branch_labels.py
[2023-06-23T13:48:48.862+0000] {processor.py:836} INFO - DAG(s) dict_keys(['example_branch_labels']) retrieved from /home/airflow/.local/lib/python3.7/site-packages/airflow/example_dags/example_branch_labels.py
[2023-06-23T13:48:48.887+0000] {logging_mixin.py:149} INFO - [2023-06-23T13:48:48.887+0000] {dag.py:2726} INFO - Sync 1 DAGs
[2023-06-23T13:48:48.912+0000] {logging_mixin.py:149} INFO - [2023-06-23T13:48:48.912+0000] {dag.py:3490} INFO - Setting next_dagrun for example_branch_labels to 2023-06-22T00:00:00+00:00, run_after=2023-06-23T00:00:00+00:00
[2023-06-23T13:48:48.929+0000] {processor.py:179} INFO - Processing /home/airflow/.local/lib/python3.7/site-packages/airflow/example_dags/example_branch_labels.py took 0.081 seconds
[2023-06-23T13:49:19.153+0000] {processor.py:157} INFO - Started process (PID=1433) to work on /home/airflow/.local/lib/python3.7/site-packages/airflow/example_dags/example_branch_labels.py
[2023-06-23T13:49:19.154+0000] {processor.py:826} INFO - Processing file /home/airflow/.local/lib/python3.7/site-packages/airflow/example_dags/example_branch_labels.py for tasks to queue
[2023-06-23T13:49:19.155+0000] {logging_mixin.py:149} INFO - [2023-06-23T13:49:19.155+0000] {dagbag.py:541} INFO - Filling up the DagBag from /home/airflow/.local/lib/python3.7/site-packages/airflow/example_dags/example_branch_labels.py
[2023-06-23T13:49:19.162+0000] {processor.py:836} INFO - DAG(s) dict_keys(['example_branch_labels']) retrieved from /home/airflow/.local/lib/python3.7/site-packages/airflow/example_dags/example_branch_labels.py
[2023-06-23T13:49:19.189+0000] {logging_mixin.py:149} INFO - [2023-06-23T13:49:19.189+0000] {dag.py:2726} INFO - Sync 1 DAGs
[2023-06-23T13:49:19.213+0000] {logging_mixin.py:149} INFO - [2023-06-23T13:49:19.213+0000] {dag.py:3490} INFO - Setting next_dagrun for example_branch_labels to 2023-06-22T00:00:00+00:00, run_after=2023-06-23T00:00:00+00:00
[2023-06-23T13:49:19.232+0000] {processor.py:179} INFO - Processing /home/airflow/.local/lib/python3.7/site-packages/airflow/example_dags/example_branch_labels.py took 0.082 seconds
[2023-06-23T13:49:49.676+0000] {processor.py:157} INFO - Started process (PID=1499) to work on /home/airflow/.local/lib/python3.7/site-packages/airflow/example_dags/example_branch_labels.py
[2023-06-23T13:49:49.677+0000] {processor.py:826} INFO - Processing file /home/airflow/.local/lib/python3.7/site-packages/airflow/example_dags/example_branch_labels.py for tasks to queue
[2023-06-23T13:49:49.678+0000] {logging_mixin.py:149} INFO - [2023-06-23T13:49:49.678+0000] {dagbag.py:541} INFO - Filling up the DagBag from /home/airflow/.local/lib/python3.7/site-packages/airflow/example_dags/example_branch_labels.py
[2023-06-23T13:49:49.686+0000] {processor.py:836} INFO - DAG(s) dict_keys(['example_branch_labels']) retrieved from /home/airflow/.local/lib/python3.7/site-packages/airflow/example_dags/example_branch_labels.py
[2023-06-23T13:49:49.711+0000] {logging_mixin.py:149} INFO - [2023-06-23T13:49:49.711+0000] {dag.py:2726} INFO - Sync 1 DAGs
[2023-06-23T13:49:49.741+0000] {logging_mixin.py:149} INFO - [2023-06-23T13:49:49.741+0000] {dag.py:3490} INFO - Setting next_dagrun for example_branch_labels to 2023-06-22T00:00:00+00:00, run_after=2023-06-23T00:00:00+00:00
[2023-06-23T13:49:49.761+0000] {processor.py:179} INFO - Processing /home/airflow/.local/lib/python3.7/site-packages/airflow/example_dags/example_branch_labels.py took 0.089 seconds
[2023-06-23T13:50:20.012+0000] {processor.py:157} INFO - Started process (PID=1566) to work on /home/airflow/.local/lib/python3.7/site-packages/airflow/example_dags/example_branch_labels.py
[2023-06-23T13:50:20.013+0000] {processor.py:826} INFO - Processing file /home/airflow/.local/lib/python3.7/site-packages/airflow/example_dags/example_branch_labels.py for tasks to queue
[2023-06-23T13:50:20.014+0000] {logging_mixin.py:149} INFO - [2023-06-23T13:50:20.014+0000] {dagbag.py:541} INFO - Filling up the DagBag from /home/airflow/.local/lib/python3.7/site-packages/airflow/example_dags/example_branch_labels.py
[2023-06-23T13:50:20.021+0000] {processor.py:836} INFO - DAG(s) dict_keys(['example_branch_labels']) retrieved from /home/airflow/.local/lib/python3.7/site-packages/airflow/example_dags/example_branch_labels.py
[2023-06-23T13:50:20.046+0000] {logging_mixin.py:149} INFO - [2023-06-23T13:50:20.046+0000] {dag.py:2726} INFO - Sync 1 DAGs
[2023-06-23T13:50:20.072+0000] {logging_mixin.py:149} INFO - [2023-06-23T13:50:20.072+0000] {dag.py:3490} INFO - Setting next_dagrun for example_branch_labels to 2023-06-22T00:00:00+00:00, run_after=2023-06-23T00:00:00+00:00
[2023-06-23T13:50:20.092+0000] {processor.py:179} INFO - Processing /home/airflow/.local/lib/python3.7/site-packages/airflow/example_dags/example_branch_labels.py took 0.083 seconds
[2023-06-23T13:50:50.285+0000] {processor.py:157} INFO - Started process (PID=1633) to work on /home/airflow/.local/lib/python3.7/site-packages/airflow/example_dags/example_branch_labels.py
[2023-06-23T13:50:50.286+0000] {processor.py:826} INFO - Processing file /home/airflow/.local/lib/python3.7/site-packages/airflow/example_dags/example_branch_labels.py for tasks to queue
[2023-06-23T13:50:50.287+0000] {logging_mixin.py:149} INFO - [2023-06-23T13:50:50.287+0000] {dagbag.py:541} INFO - Filling up the DagBag from /home/airflow/.local/lib/python3.7/site-packages/airflow/example_dags/example_branch_labels.py
[2023-06-23T13:50:50.294+0000] {processor.py:836} INFO - DAG(s) dict_keys(['example_branch_labels']) retrieved from /home/airflow/.local/lib/python3.7/site-packages/airflow/example_dags/example_branch_labels.py
[2023-06-23T13:50:50.320+0000] {logging_mixin.py:149} INFO - [2023-06-23T13:50:50.320+0000] {dag.py:2726} INFO - Sync 1 DAGs
[2023-06-23T13:50:50.345+0000] {logging_mixin.py:149} INFO - [2023-06-23T13:50:50.345+0000] {dag.py:3490} INFO - Setting next_dagrun for example_branch_labels to 2023-06-22T00:00:00+00:00, run_after=2023-06-23T00:00:00+00:00
[2023-06-23T13:50:50.364+0000] {processor.py:179} INFO - Processing /home/airflow/.local/lib/python3.7/site-packages/airflow/example_dags/example_branch_labels.py took 0.082 seconds
[2023-06-23T13:51:20.932+0000] {processor.py:157} INFO - Started process (PID=1699) to work on /home/airflow/.local/lib/python3.7/site-packages/airflow/example_dags/example_branch_labels.py
[2023-06-23T13:51:20.934+0000] {processor.py:826} INFO - Processing file /home/airflow/.local/lib/python3.7/site-packages/airflow/example_dags/example_branch_labels.py for tasks to queue
[2023-06-23T13:51:20.935+0000] {logging_mixin.py:149} INFO - [2023-06-23T13:51:20.935+0000] {dagbag.py:541} INFO - Filling up the DagBag from /home/airflow/.local/lib/python3.7/site-packages/airflow/example_dags/example_branch_labels.py
[2023-06-23T13:51:20.943+0000] {processor.py:836} INFO - DAG(s) dict_keys(['example_branch_labels']) retrieved from /home/airflow/.local/lib/python3.7/site-packages/airflow/example_dags/example_branch_labels.py
[2023-06-23T13:51:20.975+0000] {logging_mixin.py:149} INFO - [2023-06-23T13:51:20.975+0000] {dag.py:2726} INFO - Sync 1 DAGs
[2023-06-23T13:51:21.005+0000] {logging_mixin.py:149} INFO - [2023-06-23T13:51:21.004+0000] {dag.py:3490} INFO - Setting next_dagrun for example_branch_labels to 2023-06-22T00:00:00+00:00, run_after=2023-06-23T00:00:00+00:00
[2023-06-23T13:51:21.026+0000] {processor.py:179} INFO - Processing /home/airflow/.local/lib/python3.7/site-packages/airflow/example_dags/example_branch_labels.py took 0.097 seconds
[2023-06-23T13:51:51.278+0000] {processor.py:157} INFO - Started process (PID=1765) to work on /home/airflow/.local/lib/python3.7/site-packages/airflow/example_dags/example_branch_labels.py
[2023-06-23T13:51:51.279+0000] {processor.py:826} INFO - Processing file /home/airflow/.local/lib/python3.7/site-packages/airflow/example_dags/example_branch_labels.py for tasks to queue
[2023-06-23T13:51:51.281+0000] {logging_mixin.py:149} INFO - [2023-06-23T13:51:51.280+0000] {dagbag.py:541} INFO - Filling up the DagBag from /home/airflow/.local/lib/python3.7/site-packages/airflow/example_dags/example_branch_labels.py
[2023-06-23T13:51:51.288+0000] {processor.py:836} INFO - DAG(s) dict_keys(['example_branch_labels']) retrieved from /home/airflow/.local/lib/python3.7/site-packages/airflow/example_dags/example_branch_labels.py
[2023-06-23T13:51:51.315+0000] {logging_mixin.py:149} INFO - [2023-06-23T13:51:51.315+0000] {dag.py:2726} INFO - Sync 1 DAGs
[2023-06-23T13:51:51.343+0000] {logging_mixin.py:149} INFO - [2023-06-23T13:51:51.343+0000] {dag.py:3490} INFO - Setting next_dagrun for example_branch_labels to 2023-06-22T00:00:00+00:00, run_after=2023-06-23T00:00:00+00:00
[2023-06-23T13:51:51.362+0000] {processor.py:179} INFO - Processing /home/airflow/.local/lib/python3.7/site-packages/airflow/example_dags/example_branch_labels.py took 0.087 seconds
[2023-06-23T13:52:21.657+0000] {processor.py:157} INFO - Started process (PID=1831) to work on /home/airflow/.local/lib/python3.7/site-packages/airflow/example_dags/example_branch_labels.py
[2023-06-23T13:52:21.658+0000] {processor.py:826} INFO - Processing file /home/airflow/.local/lib/python3.7/site-packages/airflow/example_dags/example_branch_labels.py for tasks to queue
[2023-06-23T13:52:21.659+0000] {logging_mixin.py:149} INFO - [2023-06-23T13:52:21.659+0000] {dagbag.py:541} INFO - Filling up the DagBag from /home/airflow/.local/lib/python3.7/site-packages/airflow/example_dags/example_branch_labels.py
[2023-06-23T13:52:21.666+0000] {processor.py:836} INFO - DAG(s) dict_keys(['example_branch_labels']) retrieved from /home/airflow/.local/lib/python3.7/site-packages/airflow/example_dags/example_branch_labels.py
[2023-06-23T13:52:21.691+0000] {logging_mixin.py:149} INFO - [2023-06-23T13:52:21.691+0000] {dag.py:2726} INFO - Sync 1 DAGs
[2023-06-23T13:52:21.717+0000] {logging_mixin.py:149} INFO - [2023-06-23T13:52:21.717+0000] {dag.py:3490} INFO - Setting next_dagrun for example_branch_labels to 2023-06-22T00:00:00+00:00, run_after=2023-06-23T00:00:00+00:00
[2023-06-23T13:52:21.736+0000] {processor.py:179} INFO - Processing /home/airflow/.local/lib/python3.7/site-packages/airflow/example_dags/example_branch_labels.py took 0.083 seconds
[2023-06-23T13:52:51.779+0000] {processor.py:157} INFO - Started process (PID=1896) to work on /home/airflow/.local/lib/python3.7/site-packages/airflow/example_dags/example_branch_labels.py
[2023-06-23T13:52:51.780+0000] {processor.py:826} INFO - Processing file /home/airflow/.local/lib/python3.7/site-packages/airflow/example_dags/example_branch_labels.py for tasks to queue
[2023-06-23T13:52:51.781+0000] {logging_mixin.py:149} INFO - [2023-06-23T13:52:51.780+0000] {dagbag.py:541} INFO - Filling up the DagBag from /home/airflow/.local/lib/python3.7/site-packages/airflow/example_dags/example_branch_labels.py
[2023-06-23T13:52:51.788+0000] {processor.py:836} INFO - DAG(s) dict_keys(['example_branch_labels']) retrieved from /home/airflow/.local/lib/python3.7/site-packages/airflow/example_dags/example_branch_labels.py
[2023-06-23T13:52:51.813+0000] {logging_mixin.py:149} INFO - [2023-06-23T13:52:51.813+0000] {dag.py:2726} INFO - Sync 1 DAGs
[2023-06-23T13:52:51.838+0000] {logging_mixin.py:149} INFO - [2023-06-23T13:52:51.838+0000] {dag.py:3490} INFO - Setting next_dagrun for example_branch_labels to 2023-06-22T00:00:00+00:00, run_after=2023-06-23T00:00:00+00:00
[2023-06-23T13:52:51.858+0000] {processor.py:179} INFO - Processing /home/airflow/.local/lib/python3.7/site-packages/airflow/example_dags/example_branch_labels.py took 0.082 seconds
[2023-06-23T13:53:22.614+0000] {processor.py:157} INFO - Started process (PID=1962) to work on /home/airflow/.local/lib/python3.7/site-packages/airflow/example_dags/example_branch_labels.py
[2023-06-23T13:53:22.615+0000] {processor.py:826} INFO - Processing file /home/airflow/.local/lib/python3.7/site-packages/airflow/example_dags/example_branch_labels.py for tasks to queue
[2023-06-23T13:53:22.616+0000] {logging_mixin.py:149} INFO - [2023-06-23T13:53:22.616+0000] {dagbag.py:541} INFO - Filling up the DagBag from /home/airflow/.local/lib/python3.7/site-packages/airflow/example_dags/example_branch_labels.py
[2023-06-23T13:53:22.623+0000] {processor.py:836} INFO - DAG(s) dict_keys(['example_branch_labels']) retrieved from /home/airflow/.local/lib/python3.7/site-packages/airflow/example_dags/example_branch_labels.py
[2023-06-23T13:53:22.648+0000] {logging_mixin.py:149} INFO - [2023-06-23T13:53:22.648+0000] {dag.py:2726} INFO - Sync 1 DAGs
[2023-06-23T13:53:22.673+0000] {logging_mixin.py:149} INFO - [2023-06-23T13:53:22.673+0000] {dag.py:3490} INFO - Setting next_dagrun for example_branch_labels to 2023-06-22T00:00:00+00:00, run_after=2023-06-23T00:00:00+00:00
[2023-06-23T13:53:22.692+0000] {processor.py:179} INFO - Processing /home/airflow/.local/lib/python3.7/site-packages/airflow/example_dags/example_branch_labels.py took 0.081 seconds
[2023-06-23T13:53:53.829+0000] {processor.py:157} INFO - Started process (PID=2028) to work on /home/airflow/.local/lib/python3.7/site-packages/airflow/example_dags/example_branch_labels.py
[2023-06-23T13:53:53.830+0000] {processor.py:826} INFO - Processing file /home/airflow/.local/lib/python3.7/site-packages/airflow/example_dags/example_branch_labels.py for tasks to queue
[2023-06-23T13:53:53.831+0000] {logging_mixin.py:149} INFO - [2023-06-23T13:53:53.831+0000] {dagbag.py:541} INFO - Filling up the DagBag from /home/airflow/.local/lib/python3.7/site-packages/airflow/example_dags/example_branch_labels.py
[2023-06-23T13:53:53.840+0000] {processor.py:836} INFO - DAG(s) dict_keys(['example_branch_labels']) retrieved from /home/airflow/.local/lib/python3.7/site-packages/airflow/example_dags/example_branch_labels.py
[2023-06-23T13:53:53.865+0000] {logging_mixin.py:149} INFO - [2023-06-23T13:53:53.865+0000] {dag.py:2726} INFO - Sync 1 DAGs
[2023-06-23T13:53:53.893+0000] {logging_mixin.py:149} INFO - [2023-06-23T13:53:53.892+0000] {dag.py:3490} INFO - Setting next_dagrun for example_branch_labels to 2023-06-22T00:00:00+00:00, run_after=2023-06-23T00:00:00+00:00
[2023-06-23T13:53:53.914+0000] {processor.py:179} INFO - Processing /home/airflow/.local/lib/python3.7/site-packages/airflow/example_dags/example_branch_labels.py took 0.087 seconds
[2023-06-23T13:54:24.246+0000] {processor.py:157} INFO - Started process (PID=2094) to work on /home/airflow/.local/lib/python3.7/site-packages/airflow/example_dags/example_branch_labels.py
[2023-06-23T13:54:24.247+0000] {processor.py:826} INFO - Processing file /home/airflow/.local/lib/python3.7/site-packages/airflow/example_dags/example_branch_labels.py for tasks to queue
[2023-06-23T13:54:24.248+0000] {logging_mixin.py:149} INFO - [2023-06-23T13:54:24.247+0000] {dagbag.py:541} INFO - Filling up the DagBag from /home/airflow/.local/lib/python3.7/site-packages/airflow/example_dags/example_branch_labels.py
[2023-06-23T13:54:24.255+0000] {processor.py:836} INFO - DAG(s) dict_keys(['example_branch_labels']) retrieved from /home/airflow/.local/lib/python3.7/site-packages/airflow/example_dags/example_branch_labels.py
[2023-06-23T13:54:24.277+0000] {logging_mixin.py:149} INFO - [2023-06-23T13:54:24.277+0000] {dag.py:2726} INFO - Sync 1 DAGs
[2023-06-23T13:54:24.303+0000] {logging_mixin.py:149} INFO - [2023-06-23T13:54:24.303+0000] {dag.py:3490} INFO - Setting next_dagrun for example_branch_labels to 2023-06-22T00:00:00+00:00, run_after=2023-06-23T00:00:00+00:00
[2023-06-23T13:54:24.324+0000] {processor.py:179} INFO - Processing /home/airflow/.local/lib/python3.7/site-packages/airflow/example_dags/example_branch_labels.py took 0.081 seconds
[2023-06-23T13:54:54.939+0000] {processor.py:157} INFO - Started process (PID=2161) to work on /home/airflow/.local/lib/python3.7/site-packages/airflow/example_dags/example_branch_labels.py
[2023-06-23T13:54:54.940+0000] {processor.py:826} INFO - Processing file /home/airflow/.local/lib/python3.7/site-packages/airflow/example_dags/example_branch_labels.py for tasks to queue
[2023-06-23T13:54:54.941+0000] {logging_mixin.py:149} INFO - [2023-06-23T13:54:54.941+0000] {dagbag.py:541} INFO - Filling up the DagBag from /home/airflow/.local/lib/python3.7/site-packages/airflow/example_dags/example_branch_labels.py
[2023-06-23T13:54:54.948+0000] {processor.py:836} INFO - DAG(s) dict_keys(['example_branch_labels']) retrieved from /home/airflow/.local/lib/python3.7/site-packages/airflow/example_dags/example_branch_labels.py
[2023-06-23T13:54:54.971+0000] {logging_mixin.py:149} INFO - [2023-06-23T13:54:54.971+0000] {dag.py:2726} INFO - Sync 1 DAGs
[2023-06-23T13:54:54.996+0000] {logging_mixin.py:149} INFO - [2023-06-23T13:54:54.996+0000] {dag.py:3490} INFO - Setting next_dagrun for example_branch_labels to 2023-06-22T00:00:00+00:00, run_after=2023-06-23T00:00:00+00:00
[2023-06-23T13:54:55.016+0000] {processor.py:179} INFO - Processing /home/airflow/.local/lib/python3.7/site-packages/airflow/example_dags/example_branch_labels.py took 0.080 seconds
[2023-06-23T13:55:25.208+0000] {processor.py:157} INFO - Started process (PID=2226) to work on /home/airflow/.local/lib/python3.7/site-packages/airflow/example_dags/example_branch_labels.py
[2023-06-23T13:55:25.208+0000] {processor.py:826} INFO - Processing file /home/airflow/.local/lib/python3.7/site-packages/airflow/example_dags/example_branch_labels.py for tasks to queue
[2023-06-23T13:55:25.210+0000] {logging_mixin.py:149} INFO - [2023-06-23T13:55:25.209+0000] {dagbag.py:541} INFO - Filling up the DagBag from /home/airflow/.local/lib/python3.7/site-packages/airflow/example_dags/example_branch_labels.py
[2023-06-23T13:55:25.218+0000] {processor.py:836} INFO - DAG(s) dict_keys(['example_branch_labels']) retrieved from /home/airflow/.local/lib/python3.7/site-packages/airflow/example_dags/example_branch_labels.py
[2023-06-23T13:55:25.244+0000] {logging_mixin.py:149} INFO - [2023-06-23T13:55:25.244+0000] {dag.py:2726} INFO - Sync 1 DAGs
[2023-06-23T13:55:25.269+0000] {logging_mixin.py:149} INFO - [2023-06-23T13:55:25.269+0000] {dag.py:3490} INFO - Setting next_dagrun for example_branch_labels to 2023-06-22T00:00:00+00:00, run_after=2023-06-23T00:00:00+00:00
[2023-06-23T13:55:25.287+0000] {processor.py:179} INFO - Processing /home/airflow/.local/lib/python3.7/site-packages/airflow/example_dags/example_branch_labels.py took 0.082 seconds
[2023-06-23T13:55:55.701+0000] {processor.py:157} INFO - Started process (PID=2293) to work on /home/airflow/.local/lib/python3.7/site-packages/airflow/example_dags/example_branch_labels.py
[2023-06-23T13:55:55.702+0000] {processor.py:826} INFO - Processing file /home/airflow/.local/lib/python3.7/site-packages/airflow/example_dags/example_branch_labels.py for tasks to queue
[2023-06-23T13:55:55.703+0000] {logging_mixin.py:149} INFO - [2023-06-23T13:55:55.703+0000] {dagbag.py:541} INFO - Filling up the DagBag from /home/airflow/.local/lib/python3.7/site-packages/airflow/example_dags/example_branch_labels.py
[2023-06-23T13:55:55.710+0000] {processor.py:836} INFO - DAG(s) dict_keys(['example_branch_labels']) retrieved from /home/airflow/.local/lib/python3.7/site-packages/airflow/example_dags/example_branch_labels.py
[2023-06-23T13:55:55.733+0000] {logging_mixin.py:149} INFO - [2023-06-23T13:55:55.733+0000] {dag.py:2726} INFO - Sync 1 DAGs
[2023-06-23T13:55:55.758+0000] {logging_mixin.py:149} INFO - [2023-06-23T13:55:55.758+0000] {dag.py:3490} INFO - Setting next_dagrun for example_branch_labels to 2023-06-22T00:00:00+00:00, run_after=2023-06-23T00:00:00+00:00
[2023-06-23T13:55:55.776+0000] {processor.py:179} INFO - Processing /home/airflow/.local/lib/python3.7/site-packages/airflow/example_dags/example_branch_labels.py took 0.078 seconds
[2023-06-23T13:56:26.223+0000] {processor.py:157} INFO - Started process (PID=2359) to work on /home/airflow/.local/lib/python3.7/site-packages/airflow/example_dags/example_branch_labels.py
[2023-06-23T13:56:26.224+0000] {processor.py:826} INFO - Processing file /home/airflow/.local/lib/python3.7/site-packages/airflow/example_dags/example_branch_labels.py for tasks to queue
[2023-06-23T13:56:26.225+0000] {logging_mixin.py:149} INFO - [2023-06-23T13:56:26.225+0000] {dagbag.py:541} INFO - Filling up the DagBag from /home/airflow/.local/lib/python3.7/site-packages/airflow/example_dags/example_branch_labels.py
[2023-06-23T13:56:26.232+0000] {processor.py:836} INFO - DAG(s) dict_keys(['example_branch_labels']) retrieved from /home/airflow/.local/lib/python3.7/site-packages/airflow/example_dags/example_branch_labels.py
[2023-06-23T13:56:26.255+0000] {logging_mixin.py:149} INFO - [2023-06-23T13:56:26.255+0000] {dag.py:2726} INFO - Sync 1 DAGs
[2023-06-23T13:56:26.282+0000] {logging_mixin.py:149} INFO - [2023-06-23T13:56:26.282+0000] {dag.py:3490} INFO - Setting next_dagrun for example_branch_labels to 2023-06-22T00:00:00+00:00, run_after=2023-06-23T00:00:00+00:00
[2023-06-23T13:56:26.301+0000] {processor.py:179} INFO - Processing /home/airflow/.local/lib/python3.7/site-packages/airflow/example_dags/example_branch_labels.py took 0.081 seconds
[2023-06-23T13:56:56.455+0000] {processor.py:157} INFO - Started process (PID=2424) to work on /home/airflow/.local/lib/python3.7/site-packages/airflow/example_dags/example_branch_labels.py
[2023-06-23T13:56:56.456+0000] {processor.py:826} INFO - Processing file /home/airflow/.local/lib/python3.7/site-packages/airflow/example_dags/example_branch_labels.py for tasks to queue
[2023-06-23T13:56:56.457+0000] {logging_mixin.py:149} INFO - [2023-06-23T13:56:56.457+0000] {dagbag.py:541} INFO - Filling up the DagBag from /home/airflow/.local/lib/python3.7/site-packages/airflow/example_dags/example_branch_labels.py
[2023-06-23T13:56:56.464+0000] {processor.py:836} INFO - DAG(s) dict_keys(['example_branch_labels']) retrieved from /home/airflow/.local/lib/python3.7/site-packages/airflow/example_dags/example_branch_labels.py
[2023-06-23T13:56:56.487+0000] {logging_mixin.py:149} INFO - [2023-06-23T13:56:56.486+0000] {dag.py:2726} INFO - Sync 1 DAGs
[2023-06-23T13:56:56.510+0000] {logging_mixin.py:149} INFO - [2023-06-23T13:56:56.510+0000] {dag.py:3490} INFO - Setting next_dagrun for example_branch_labels to 2023-06-22T00:00:00+00:00, run_after=2023-06-23T00:00:00+00:00
[2023-06-23T13:56:56.529+0000] {processor.py:179} INFO - Processing /home/airflow/.local/lib/python3.7/site-packages/airflow/example_dags/example_branch_labels.py took 0.076 seconds
[2023-06-23T13:57:26.892+0000] {processor.py:157} INFO - Started process (PID=2490) to work on /home/airflow/.local/lib/python3.7/site-packages/airflow/example_dags/example_branch_labels.py
[2023-06-23T13:57:26.893+0000] {processor.py:826} INFO - Processing file /home/airflow/.local/lib/python3.7/site-packages/airflow/example_dags/example_branch_labels.py for tasks to queue
[2023-06-23T13:57:26.894+0000] {logging_mixin.py:149} INFO - [2023-06-23T13:57:26.894+0000] {dagbag.py:541} INFO - Filling up the DagBag from /home/airflow/.local/lib/python3.7/site-packages/airflow/example_dags/example_branch_labels.py
[2023-06-23T13:57:26.901+0000] {processor.py:836} INFO - DAG(s) dict_keys(['example_branch_labels']) retrieved from /home/airflow/.local/lib/python3.7/site-packages/airflow/example_dags/example_branch_labels.py
[2023-06-23T13:57:26.925+0000] {logging_mixin.py:149} INFO - [2023-06-23T13:57:26.925+0000] {dag.py:2726} INFO - Sync 1 DAGs
[2023-06-23T13:57:26.948+0000] {logging_mixin.py:149} INFO - [2023-06-23T13:57:26.948+0000] {dag.py:3490} INFO - Setting next_dagrun for example_branch_labels to 2023-06-22T00:00:00+00:00, run_after=2023-06-23T00:00:00+00:00
[2023-06-23T13:57:26.969+0000] {processor.py:179} INFO - Processing /home/airflow/.local/lib/python3.7/site-packages/airflow/example_dags/example_branch_labels.py took 0.080 seconds
[2023-06-23T13:57:57.264+0000] {processor.py:157} INFO - Started process (PID=2556) to work on /home/airflow/.local/lib/python3.7/site-packages/airflow/example_dags/example_branch_labels.py
[2023-06-23T13:57:57.265+0000] {processor.py:826} INFO - Processing file /home/airflow/.local/lib/python3.7/site-packages/airflow/example_dags/example_branch_labels.py for tasks to queue
[2023-06-23T13:57:57.266+0000] {logging_mixin.py:149} INFO - [2023-06-23T13:57:57.266+0000] {dagbag.py:541} INFO - Filling up the DagBag from /home/airflow/.local/lib/python3.7/site-packages/airflow/example_dags/example_branch_labels.py
[2023-06-23T13:57:57.273+0000] {processor.py:836} INFO - DAG(s) dict_keys(['example_branch_labels']) retrieved from /home/airflow/.local/lib/python3.7/site-packages/airflow/example_dags/example_branch_labels.py
[2023-06-23T13:57:57.295+0000] {logging_mixin.py:149} INFO - [2023-06-23T13:57:57.295+0000] {dag.py:2726} INFO - Sync 1 DAGs
[2023-06-23T13:57:57.319+0000] {logging_mixin.py:149} INFO - [2023-06-23T13:57:57.319+0000] {dag.py:3490} INFO - Setting next_dagrun for example_branch_labels to 2023-06-22T00:00:00+00:00, run_after=2023-06-23T00:00:00+00:00
[2023-06-23T13:57:57.337+0000] {processor.py:179} INFO - Processing /home/airflow/.local/lib/python3.7/site-packages/airflow/example_dags/example_branch_labels.py took 0.077 seconds
[2023-06-23T13:58:27.530+0000] {processor.py:157} INFO - Started process (PID=2622) to work on /home/airflow/.local/lib/python3.7/site-packages/airflow/example_dags/example_branch_labels.py
[2023-06-23T13:58:27.531+0000] {processor.py:826} INFO - Processing file /home/airflow/.local/lib/python3.7/site-packages/airflow/example_dags/example_branch_labels.py for tasks to queue
[2023-06-23T13:58:27.532+0000] {logging_mixin.py:149} INFO - [2023-06-23T13:58:27.532+0000] {dagbag.py:541} INFO - Filling up the DagBag from /home/airflow/.local/lib/python3.7/site-packages/airflow/example_dags/example_branch_labels.py
[2023-06-23T13:58:27.539+0000] {processor.py:836} INFO - DAG(s) dict_keys(['example_branch_labels']) retrieved from /home/airflow/.local/lib/python3.7/site-packages/airflow/example_dags/example_branch_labels.py
[2023-06-23T13:58:27.562+0000] {logging_mixin.py:149} INFO - [2023-06-23T13:58:27.562+0000] {dag.py:2726} INFO - Sync 1 DAGs
[2023-06-23T13:58:27.586+0000] {logging_mixin.py:149} INFO - [2023-06-23T13:58:27.585+0000] {dag.py:3490} INFO - Setting next_dagrun for example_branch_labels to 2023-06-22T00:00:00+00:00, run_after=2023-06-23T00:00:00+00:00
[2023-06-23T13:58:27.605+0000] {processor.py:179} INFO - Processing /home/airflow/.local/lib/python3.7/site-packages/airflow/example_dags/example_branch_labels.py took 0.078 seconds
[2023-06-23T13:58:57.847+0000] {processor.py:157} INFO - Started process (PID=2688) to work on /home/airflow/.local/lib/python3.7/site-packages/airflow/example_dags/example_branch_labels.py
[2023-06-23T13:58:57.848+0000] {processor.py:826} INFO - Processing file /home/airflow/.local/lib/python3.7/site-packages/airflow/example_dags/example_branch_labels.py for tasks to queue
[2023-06-23T13:58:57.849+0000] {logging_mixin.py:149} INFO - [2023-06-23T13:58:57.849+0000] {dagbag.py:541} INFO - Filling up the DagBag from /home/airflow/.local/lib/python3.7/site-packages/airflow/example_dags/example_branch_labels.py
[2023-06-23T13:58:57.857+0000] {processor.py:836} INFO - DAG(s) dict_keys(['example_branch_labels']) retrieved from /home/airflow/.local/lib/python3.7/site-packages/airflow/example_dags/example_branch_labels.py
[2023-06-23T13:58:57.879+0000] {logging_mixin.py:149} INFO - [2023-06-23T13:58:57.879+0000] {dag.py:2726} INFO - Sync 1 DAGs
[2023-06-23T13:58:57.906+0000] {logging_mixin.py:149} INFO - [2023-06-23T13:58:57.905+0000] {dag.py:3490} INFO - Setting next_dagrun for example_branch_labels to 2023-06-22T00:00:00+00:00, run_after=2023-06-23T00:00:00+00:00
[2023-06-23T13:58:57.926+0000] {processor.py:179} INFO - Processing /home/airflow/.local/lib/python3.7/site-packages/airflow/example_dags/example_branch_labels.py took 0.082 seconds
[2023-06-23T13:59:28.328+0000] {processor.py:157} INFO - Started process (PID=2755) to work on /home/airflow/.local/lib/python3.7/site-packages/airflow/example_dags/example_branch_labels.py
[2023-06-23T13:59:28.330+0000] {processor.py:826} INFO - Processing file /home/airflow/.local/lib/python3.7/site-packages/airflow/example_dags/example_branch_labels.py for tasks to queue
[2023-06-23T13:59:28.331+0000] {logging_mixin.py:149} INFO - [2023-06-23T13:59:28.330+0000] {dagbag.py:541} INFO - Filling up the DagBag from /home/airflow/.local/lib/python3.7/site-packages/airflow/example_dags/example_branch_labels.py
[2023-06-23T13:59:28.338+0000] {processor.py:836} INFO - DAG(s) dict_keys(['example_branch_labels']) retrieved from /home/airflow/.local/lib/python3.7/site-packages/airflow/example_dags/example_branch_labels.py
[2023-06-23T13:59:28.363+0000] {logging_mixin.py:149} INFO - [2023-06-23T13:59:28.363+0000] {dag.py:2726} INFO - Sync 1 DAGs
[2023-06-23T13:59:28.392+0000] {logging_mixin.py:149} INFO - [2023-06-23T13:59:28.392+0000] {dag.py:3490} INFO - Setting next_dagrun for example_branch_labels to 2023-06-22T00:00:00+00:00, run_after=2023-06-23T00:00:00+00:00
[2023-06-23T13:59:28.409+0000] {processor.py:179} INFO - Processing /home/airflow/.local/lib/python3.7/site-packages/airflow/example_dags/example_branch_labels.py took 0.084 seconds
[2023-06-23T13:59:58.616+0000] {processor.py:157} INFO - Started process (PID=2821) to work on /home/airflow/.local/lib/python3.7/site-packages/airflow/example_dags/example_branch_labels.py
[2023-06-23T13:59:58.617+0000] {processor.py:826} INFO - Processing file /home/airflow/.local/lib/python3.7/site-packages/airflow/example_dags/example_branch_labels.py for tasks to queue
[2023-06-23T13:59:58.618+0000] {logging_mixin.py:149} INFO - [2023-06-23T13:59:58.618+0000] {dagbag.py:541} INFO - Filling up the DagBag from /home/airflow/.local/lib/python3.7/site-packages/airflow/example_dags/example_branch_labels.py
[2023-06-23T13:59:58.625+0000] {processor.py:836} INFO - DAG(s) dict_keys(['example_branch_labels']) retrieved from /home/airflow/.local/lib/python3.7/site-packages/airflow/example_dags/example_branch_labels.py
[2023-06-23T13:59:58.648+0000] {logging_mixin.py:149} INFO - [2023-06-23T13:59:58.648+0000] {dag.py:2726} INFO - Sync 1 DAGs
[2023-06-23T13:59:58.675+0000] {logging_mixin.py:149} INFO - [2023-06-23T13:59:58.675+0000] {dag.py:3490} INFO - Setting next_dagrun for example_branch_labels to 2023-06-22T00:00:00+00:00, run_after=2023-06-23T00:00:00+00:00
[2023-06-23T13:59:58.693+0000] {processor.py:179} INFO - Processing /home/airflow/.local/lib/python3.7/site-packages/airflow/example_dags/example_branch_labels.py took 0.080 seconds
[2023-06-23T14:00:28.775+0000] {processor.py:157} INFO - Started process (PID=2886) to work on /home/airflow/.local/lib/python3.7/site-packages/airflow/example_dags/example_branch_labels.py
[2023-06-23T14:00:28.776+0000] {processor.py:826} INFO - Processing file /home/airflow/.local/lib/python3.7/site-packages/airflow/example_dags/example_branch_labels.py for tasks to queue
[2023-06-23T14:00:28.777+0000] {logging_mixin.py:149} INFO - [2023-06-23T14:00:28.777+0000] {dagbag.py:541} INFO - Filling up the DagBag from /home/airflow/.local/lib/python3.7/site-packages/airflow/example_dags/example_branch_labels.py
[2023-06-23T14:00:28.786+0000] {processor.py:836} INFO - DAG(s) dict_keys(['example_branch_labels']) retrieved from /home/airflow/.local/lib/python3.7/site-packages/airflow/example_dags/example_branch_labels.py
[2023-06-23T14:00:28.811+0000] {logging_mixin.py:149} INFO - [2023-06-23T14:00:28.811+0000] {dag.py:2726} INFO - Sync 1 DAGs
[2023-06-23T14:00:28.837+0000] {logging_mixin.py:149} INFO - [2023-06-23T14:00:28.836+0000] {dag.py:3490} INFO - Setting next_dagrun for example_branch_labels to 2023-06-22T00:00:00+00:00, run_after=2023-06-23T00:00:00+00:00
[2023-06-23T14:00:28.862+0000] {processor.py:179} INFO - Processing /home/airflow/.local/lib/python3.7/site-packages/airflow/example_dags/example_branch_labels.py took 0.089 seconds
[2023-06-23T14:00:59.257+0000] {processor.py:157} INFO - Started process (PID=2953) to work on /home/airflow/.local/lib/python3.7/site-packages/airflow/example_dags/example_branch_labels.py
[2023-06-23T14:00:59.258+0000] {processor.py:826} INFO - Processing file /home/airflow/.local/lib/python3.7/site-packages/airflow/example_dags/example_branch_labels.py for tasks to queue
[2023-06-23T14:00:59.259+0000] {logging_mixin.py:149} INFO - [2023-06-23T14:00:59.259+0000] {dagbag.py:541} INFO - Filling up the DagBag from /home/airflow/.local/lib/python3.7/site-packages/airflow/example_dags/example_branch_labels.py
[2023-06-23T14:00:59.267+0000] {processor.py:836} INFO - DAG(s) dict_keys(['example_branch_labels']) retrieved from /home/airflow/.local/lib/python3.7/site-packages/airflow/example_dags/example_branch_labels.py
[2023-06-23T14:00:59.291+0000] {logging_mixin.py:149} INFO - [2023-06-23T14:00:59.290+0000] {dag.py:2726} INFO - Sync 1 DAGs
[2023-06-23T14:00:59.321+0000] {logging_mixin.py:149} INFO - [2023-06-23T14:00:59.321+0000] {dag.py:3490} INFO - Setting next_dagrun for example_branch_labels to 2023-06-22T00:00:00+00:00, run_after=2023-06-23T00:00:00+00:00
[2023-06-23T14:00:59.343+0000] {processor.py:179} INFO - Processing /home/airflow/.local/lib/python3.7/site-packages/airflow/example_dags/example_branch_labels.py took 0.089 seconds
[2023-06-23T14:01:29.549+0000] {processor.py:157} INFO - Started process (PID=3019) to work on /home/airflow/.local/lib/python3.7/site-packages/airflow/example_dags/example_branch_labels.py
[2023-06-23T14:01:29.550+0000] {processor.py:826} INFO - Processing file /home/airflow/.local/lib/python3.7/site-packages/airflow/example_dags/example_branch_labels.py for tasks to queue
[2023-06-23T14:01:29.550+0000] {logging_mixin.py:149} INFO - [2023-06-23T14:01:29.550+0000] {dagbag.py:541} INFO - Filling up the DagBag from /home/airflow/.local/lib/python3.7/site-packages/airflow/example_dags/example_branch_labels.py
[2023-06-23T14:01:29.558+0000] {processor.py:836} INFO - DAG(s) dict_keys(['example_branch_labels']) retrieved from /home/airflow/.local/lib/python3.7/site-packages/airflow/example_dags/example_branch_labels.py
[2023-06-23T14:01:29.581+0000] {logging_mixin.py:149} INFO - [2023-06-23T14:01:29.580+0000] {dag.py:2726} INFO - Sync 1 DAGs
[2023-06-23T14:01:29.608+0000] {logging_mixin.py:149} INFO - [2023-06-23T14:01:29.608+0000] {dag.py:3490} INFO - Setting next_dagrun for example_branch_labels to 2023-06-22T00:00:00+00:00, run_after=2023-06-23T00:00:00+00:00
[2023-06-23T14:01:29.630+0000] {processor.py:179} INFO - Processing /home/airflow/.local/lib/python3.7/site-packages/airflow/example_dags/example_branch_labels.py took 0.084 seconds
[2023-06-23T14:01:59.896+0000] {processor.py:157} INFO - Started process (PID=3085) to work on /home/airflow/.local/lib/python3.7/site-packages/airflow/example_dags/example_branch_labels.py
[2023-06-23T14:01:59.897+0000] {processor.py:826} INFO - Processing file /home/airflow/.local/lib/python3.7/site-packages/airflow/example_dags/example_branch_labels.py for tasks to queue
[2023-06-23T14:01:59.898+0000] {logging_mixin.py:149} INFO - [2023-06-23T14:01:59.898+0000] {dagbag.py:541} INFO - Filling up the DagBag from /home/airflow/.local/lib/python3.7/site-packages/airflow/example_dags/example_branch_labels.py
[2023-06-23T14:01:59.905+0000] {processor.py:836} INFO - DAG(s) dict_keys(['example_branch_labels']) retrieved from /home/airflow/.local/lib/python3.7/site-packages/airflow/example_dags/example_branch_labels.py
[2023-06-23T14:01:59.955+0000] {logging_mixin.py:149} INFO - [2023-06-23T14:01:59.954+0000] {dag.py:2726} INFO - Sync 1 DAGs
[2023-06-23T14:01:59.980+0000] {logging_mixin.py:149} INFO - [2023-06-23T14:01:59.979+0000] {dag.py:3490} INFO - Setting next_dagrun for example_branch_labels to 2023-06-22T00:00:00+00:00, run_after=2023-06-23T00:00:00+00:00
[2023-06-23T14:01:59.999+0000] {processor.py:179} INFO - Processing /home/airflow/.local/lib/python3.7/site-packages/airflow/example_dags/example_branch_labels.py took 0.105 seconds
[2023-06-23T14:02:30.127+0000] {processor.py:157} INFO - Started process (PID=3151) to work on /home/airflow/.local/lib/python3.7/site-packages/airflow/example_dags/example_branch_labels.py
[2023-06-23T14:02:30.128+0000] {processor.py:826} INFO - Processing file /home/airflow/.local/lib/python3.7/site-packages/airflow/example_dags/example_branch_labels.py for tasks to queue
[2023-06-23T14:02:30.129+0000] {logging_mixin.py:149} INFO - [2023-06-23T14:02:30.129+0000] {dagbag.py:541} INFO - Filling up the DagBag from /home/airflow/.local/lib/python3.7/site-packages/airflow/example_dags/example_branch_labels.py
[2023-06-23T14:02:30.137+0000] {processor.py:836} INFO - DAG(s) dict_keys(['example_branch_labels']) retrieved from /home/airflow/.local/lib/python3.7/site-packages/airflow/example_dags/example_branch_labels.py
[2023-06-23T14:02:30.161+0000] {logging_mixin.py:149} INFO - [2023-06-23T14:02:30.161+0000] {dag.py:2726} INFO - Sync 1 DAGs
[2023-06-23T14:02:30.193+0000] {logging_mixin.py:149} INFO - [2023-06-23T14:02:30.193+0000] {dag.py:3490} INFO - Setting next_dagrun for example_branch_labels to 2023-06-22T00:00:00+00:00, run_after=2023-06-23T00:00:00+00:00
[2023-06-23T14:02:30.214+0000] {processor.py:179} INFO - Processing /home/airflow/.local/lib/python3.7/site-packages/airflow/example_dags/example_branch_labels.py took 0.090 seconds
[2023-06-23T14:03:00.651+0000] {processor.py:157} INFO - Started process (PID=3218) to work on /home/airflow/.local/lib/python3.7/site-packages/airflow/example_dags/example_branch_labels.py
[2023-06-23T14:03:00.652+0000] {processor.py:826} INFO - Processing file /home/airflow/.local/lib/python3.7/site-packages/airflow/example_dags/example_branch_labels.py for tasks to queue
[2023-06-23T14:03:00.654+0000] {logging_mixin.py:149} INFO - [2023-06-23T14:03:00.653+0000] {dagbag.py:541} INFO - Filling up the DagBag from /home/airflow/.local/lib/python3.7/site-packages/airflow/example_dags/example_branch_labels.py
[2023-06-23T14:03:00.660+0000] {processor.py:836} INFO - DAG(s) dict_keys(['example_branch_labels']) retrieved from /home/airflow/.local/lib/python3.7/site-packages/airflow/example_dags/example_branch_labels.py
[2023-06-23T14:03:00.684+0000] {logging_mixin.py:149} INFO - [2023-06-23T14:03:00.684+0000] {dag.py:2726} INFO - Sync 1 DAGs
[2023-06-23T14:03:00.708+0000] {logging_mixin.py:149} INFO - [2023-06-23T14:03:00.708+0000] {dag.py:3490} INFO - Setting next_dagrun for example_branch_labels to 2023-06-22T00:00:00+00:00, run_after=2023-06-23T00:00:00+00:00
[2023-06-23T14:03:00.726+0000] {processor.py:179} INFO - Processing /home/airflow/.local/lib/python3.7/site-packages/airflow/example_dags/example_branch_labels.py took 0.078 seconds
[2023-06-23T14:03:30.940+0000] {processor.py:157} INFO - Started process (PID=3284) to work on /home/airflow/.local/lib/python3.7/site-packages/airflow/example_dags/example_branch_labels.py
[2023-06-23T14:03:30.941+0000] {processor.py:826} INFO - Processing file /home/airflow/.local/lib/python3.7/site-packages/airflow/example_dags/example_branch_labels.py for tasks to queue
[2023-06-23T14:03:30.942+0000] {logging_mixin.py:149} INFO - [2023-06-23T14:03:30.941+0000] {dagbag.py:541} INFO - Filling up the DagBag from /home/airflow/.local/lib/python3.7/site-packages/airflow/example_dags/example_branch_labels.py
[2023-06-23T14:03:30.948+0000] {processor.py:836} INFO - DAG(s) dict_keys(['example_branch_labels']) retrieved from /home/airflow/.local/lib/python3.7/site-packages/airflow/example_dags/example_branch_labels.py
[2023-06-23T14:03:30.973+0000] {logging_mixin.py:149} INFO - [2023-06-23T14:03:30.973+0000] {dag.py:2726} INFO - Sync 1 DAGs
[2023-06-23T14:03:30.997+0000] {logging_mixin.py:149} INFO - [2023-06-23T14:03:30.997+0000] {dag.py:3490} INFO - Setting next_dagrun for example_branch_labels to 2023-06-22T00:00:00+00:00, run_after=2023-06-23T00:00:00+00:00
[2023-06-23T14:03:31.015+0000] {processor.py:179} INFO - Processing /home/airflow/.local/lib/python3.7/site-packages/airflow/example_dags/example_branch_labels.py took 0.079 seconds
[2023-06-23T14:04:01.229+0000] {processor.py:157} INFO - Started process (PID=3350) to work on /home/airflow/.local/lib/python3.7/site-packages/airflow/example_dags/example_branch_labels.py
[2023-06-23T14:04:01.230+0000] {processor.py:826} INFO - Processing file /home/airflow/.local/lib/python3.7/site-packages/airflow/example_dags/example_branch_labels.py for tasks to queue
[2023-06-23T14:04:01.232+0000] {logging_mixin.py:149} INFO - [2023-06-23T14:04:01.231+0000] {dagbag.py:541} INFO - Filling up the DagBag from /home/airflow/.local/lib/python3.7/site-packages/airflow/example_dags/example_branch_labels.py
[2023-06-23T14:04:01.243+0000] {processor.py:836} INFO - DAG(s) dict_keys(['example_branch_labels']) retrieved from /home/airflow/.local/lib/python3.7/site-packages/airflow/example_dags/example_branch_labels.py
[2023-06-23T14:04:01.282+0000] {logging_mixin.py:149} INFO - [2023-06-23T14:04:01.282+0000] {dag.py:2726} INFO - Sync 1 DAGs
[2023-06-23T14:04:01.318+0000] {logging_mixin.py:149} INFO - [2023-06-23T14:04:01.318+0000] {dag.py:3490} INFO - Setting next_dagrun for example_branch_labels to 2023-06-22T00:00:00+00:00, run_after=2023-06-23T00:00:00+00:00
[2023-06-23T14:04:01.345+0000] {processor.py:179} INFO - Processing /home/airflow/.local/lib/python3.7/site-packages/airflow/example_dags/example_branch_labels.py took 0.121 seconds
