[2023-06-23T13:14:29.862+0000] {processor.py:157} INFO - Started process (PID=37) to work on /home/airflow/.local/lib/python3.7/site-packages/airflow/example_dags/example_branch_operator.py
[2023-06-23T13:14:29.863+0000] {processor.py:826} INFO - Processing file /home/airflow/.local/lib/python3.7/site-packages/airflow/example_dags/example_branch_operator.py for tasks to queue
[2023-06-23T13:14:29.864+0000] {logging_mixin.py:149} INFO - [2023-06-23T13:14:29.864+0000] {dagbag.py:541} INFO - Filling up the DagBag from /home/airflow/.local/lib/python3.7/site-packages/airflow/example_dags/example_branch_operator.py
[2023-06-23T13:14:29.876+0000] {processor.py:836} INFO - DAG(s) dict_keys(['example_branch_operator']) retrieved from /home/airflow/.local/lib/python3.7/site-packages/airflow/example_dags/example_branch_operator.py
[2023-06-23T13:14:29.890+0000] {logging_mixin.py:149} INFO - [2023-06-23T13:14:29.890+0000] {dag.py:2726} INFO - Sync 1 DAGs
[2023-06-23T13:14:29.932+0000] {logging_mixin.py:149} INFO - [2023-06-23T13:14:29.932+0000] {dag.py:3490} INFO - Setting next_dagrun for example_branch_operator to 2023-06-22T00:00:00+00:00, run_after=2023-06-23T00:00:00+00:00
[2023-06-23T13:14:29.955+0000] {processor.py:179} INFO - Processing /home/airflow/.local/lib/python3.7/site-packages/airflow/example_dags/example_branch_operator.py took 0.097 seconds
[2023-06-23T13:15:00.627+0000] {processor.py:157} INFO - Started process (PID=103) to work on /home/airflow/.local/lib/python3.7/site-packages/airflow/example_dags/example_branch_operator.py
[2023-06-23T13:15:00.628+0000] {processor.py:826} INFO - Processing file /home/airflow/.local/lib/python3.7/site-packages/airflow/example_dags/example_branch_operator.py for tasks to queue
[2023-06-23T13:15:00.629+0000] {logging_mixin.py:149} INFO - [2023-06-23T13:15:00.629+0000] {dagbag.py:541} INFO - Filling up the DagBag from /home/airflow/.local/lib/python3.7/site-packages/airflow/example_dags/example_branch_operator.py
[2023-06-23T13:15:00.640+0000] {processor.py:836} INFO - DAG(s) dict_keys(['example_branch_operator']) retrieved from /home/airflow/.local/lib/python3.7/site-packages/airflow/example_dags/example_branch_operator.py
[2023-06-23T13:15:00.653+0000] {logging_mixin.py:149} INFO - [2023-06-23T13:15:00.652+0000] {dag.py:2726} INFO - Sync 1 DAGs
[2023-06-23T13:15:00.685+0000] {logging_mixin.py:149} INFO - [2023-06-23T13:15:00.685+0000] {dag.py:3490} INFO - Setting next_dagrun for example_branch_operator to 2023-06-22T00:00:00+00:00, run_after=2023-06-23T00:00:00+00:00
[2023-06-23T13:15:00.712+0000] {processor.py:179} INFO - Processing /home/airflow/.local/lib/python3.7/site-packages/airflow/example_dags/example_branch_operator.py took 0.089 seconds
[2023-06-23T13:15:30.841+0000] {processor.py:157} INFO - Started process (PID=169) to work on /home/airflow/.local/lib/python3.7/site-packages/airflow/example_dags/example_branch_operator.py
[2023-06-23T13:15:30.842+0000] {processor.py:826} INFO - Processing file /home/airflow/.local/lib/python3.7/site-packages/airflow/example_dags/example_branch_operator.py for tasks to queue
[2023-06-23T13:15:30.843+0000] {logging_mixin.py:149} INFO - [2023-06-23T13:15:30.843+0000] {dagbag.py:541} INFO - Filling up the DagBag from /home/airflow/.local/lib/python3.7/site-packages/airflow/example_dags/example_branch_operator.py
[2023-06-23T13:15:30.853+0000] {processor.py:836} INFO - DAG(s) dict_keys(['example_branch_operator']) retrieved from /home/airflow/.local/lib/python3.7/site-packages/airflow/example_dags/example_branch_operator.py
[2023-06-23T13:15:30.879+0000] {logging_mixin.py:149} INFO - [2023-06-23T13:15:30.878+0000] {dag.py:2726} INFO - Sync 1 DAGs
[2023-06-23T13:15:30.905+0000] {logging_mixin.py:149} INFO - [2023-06-23T13:15:30.905+0000] {dag.py:3490} INFO - Setting next_dagrun for example_branch_operator to 2023-06-22T00:00:00+00:00, run_after=2023-06-23T00:00:00+00:00
[2023-06-23T13:15:30.925+0000] {processor.py:179} INFO - Processing /home/airflow/.local/lib/python3.7/site-packages/airflow/example_dags/example_branch_operator.py took 0.087 seconds
[2023-06-23T13:16:01.338+0000] {processor.py:157} INFO - Started process (PID=235) to work on /home/airflow/.local/lib/python3.7/site-packages/airflow/example_dags/example_branch_operator.py
[2023-06-23T13:16:01.339+0000] {processor.py:826} INFO - Processing file /home/airflow/.local/lib/python3.7/site-packages/airflow/example_dags/example_branch_operator.py for tasks to queue
[2023-06-23T13:16:01.340+0000] {logging_mixin.py:149} INFO - [2023-06-23T13:16:01.339+0000] {dagbag.py:541} INFO - Filling up the DagBag from /home/airflow/.local/lib/python3.7/site-packages/airflow/example_dags/example_branch_operator.py
[2023-06-23T13:16:01.348+0000] {processor.py:836} INFO - DAG(s) dict_keys(['example_branch_operator']) retrieved from /home/airflow/.local/lib/python3.7/site-packages/airflow/example_dags/example_branch_operator.py
[2023-06-23T13:16:01.372+0000] {logging_mixin.py:149} INFO - [2023-06-23T13:16:01.372+0000] {dag.py:2726} INFO - Sync 1 DAGs
[2023-06-23T13:16:01.396+0000] {logging_mixin.py:149} INFO - [2023-06-23T13:16:01.396+0000] {dag.py:3490} INFO - Setting next_dagrun for example_branch_operator to 2023-06-22T00:00:00+00:00, run_after=2023-06-23T00:00:00+00:00
[2023-06-23T13:16:01.415+0000] {processor.py:179} INFO - Processing /home/airflow/.local/lib/python3.7/site-packages/airflow/example_dags/example_branch_operator.py took 0.082 seconds
[2023-06-23T13:38:39.600+0000] {processor.py:157} INFO - Started process (PID=36) to work on /home/airflow/.local/lib/python3.7/site-packages/airflow/example_dags/example_branch_operator.py
[2023-06-23T13:38:39.602+0000] {processor.py:826} INFO - Processing file /home/airflow/.local/lib/python3.7/site-packages/airflow/example_dags/example_branch_operator.py for tasks to queue
[2023-06-23T13:38:39.603+0000] {logging_mixin.py:149} INFO - [2023-06-23T13:38:39.603+0000] {dagbag.py:541} INFO - Filling up the DagBag from /home/airflow/.local/lib/python3.7/site-packages/airflow/example_dags/example_branch_operator.py
[2023-06-23T13:38:39.621+0000] {processor.py:836} INFO - DAG(s) dict_keys(['example_branch_operator']) retrieved from /home/airflow/.local/lib/python3.7/site-packages/airflow/example_dags/example_branch_operator.py
[2023-06-23T13:38:39.637+0000] {logging_mixin.py:149} INFO - [2023-06-23T13:38:39.637+0000] {dag.py:2726} INFO - Sync 1 DAGs
[2023-06-23T13:38:39.678+0000] {logging_mixin.py:149} INFO - [2023-06-23T13:38:39.678+0000] {dag.py:3490} INFO - Setting next_dagrun for example_branch_operator to 2023-06-22T00:00:00+00:00, run_after=2023-06-23T00:00:00+00:00
[2023-06-23T13:38:39.709+0000] {processor.py:179} INFO - Processing /home/airflow/.local/lib/python3.7/site-packages/airflow/example_dags/example_branch_operator.py took 0.113 seconds
[2023-06-23T13:39:10.038+0000] {processor.py:157} INFO - Started process (PID=102) to work on /home/airflow/.local/lib/python3.7/site-packages/airflow/example_dags/example_branch_operator.py
[2023-06-23T13:39:10.039+0000] {processor.py:826} INFO - Processing file /home/airflow/.local/lib/python3.7/site-packages/airflow/example_dags/example_branch_operator.py for tasks to queue
[2023-06-23T13:39:10.041+0000] {logging_mixin.py:149} INFO - [2023-06-23T13:39:10.040+0000] {dagbag.py:541} INFO - Filling up the DagBag from /home/airflow/.local/lib/python3.7/site-packages/airflow/example_dags/example_branch_operator.py
[2023-06-23T13:39:10.050+0000] {processor.py:836} INFO - DAG(s) dict_keys(['example_branch_operator']) retrieved from /home/airflow/.local/lib/python3.7/site-packages/airflow/example_dags/example_branch_operator.py
[2023-06-23T13:39:10.079+0000] {logging_mixin.py:149} INFO - [2023-06-23T13:39:10.078+0000] {dag.py:2726} INFO - Sync 1 DAGs
[2023-06-23T13:39:10.108+0000] {logging_mixin.py:149} INFO - [2023-06-23T13:39:10.108+0000] {dag.py:3490} INFO - Setting next_dagrun for example_branch_operator to 2023-06-22T00:00:00+00:00, run_after=2023-06-23T00:00:00+00:00
[2023-06-23T13:39:10.131+0000] {processor.py:179} INFO - Processing /home/airflow/.local/lib/python3.7/site-packages/airflow/example_dags/example_branch_operator.py took 0.096 seconds
[2023-06-23T13:39:40.499+0000] {processor.py:157} INFO - Started process (PID=168) to work on /home/airflow/.local/lib/python3.7/site-packages/airflow/example_dags/example_branch_operator.py
[2023-06-23T13:39:40.500+0000] {processor.py:826} INFO - Processing file /home/airflow/.local/lib/python3.7/site-packages/airflow/example_dags/example_branch_operator.py for tasks to queue
[2023-06-23T13:39:40.501+0000] {logging_mixin.py:149} INFO - [2023-06-23T13:39:40.501+0000] {dagbag.py:541} INFO - Filling up the DagBag from /home/airflow/.local/lib/python3.7/site-packages/airflow/example_dags/example_branch_operator.py
[2023-06-23T13:39:40.512+0000] {processor.py:836} INFO - DAG(s) dict_keys(['example_branch_operator']) retrieved from /home/airflow/.local/lib/python3.7/site-packages/airflow/example_dags/example_branch_operator.py
[2023-06-23T13:39:40.541+0000] {logging_mixin.py:149} INFO - [2023-06-23T13:39:40.541+0000] {dag.py:2726} INFO - Sync 1 DAGs
[2023-06-23T13:39:40.573+0000] {logging_mixin.py:149} INFO - [2023-06-23T13:39:40.573+0000] {dag.py:3490} INFO - Setting next_dagrun for example_branch_operator to 2023-06-22T00:00:00+00:00, run_after=2023-06-23T00:00:00+00:00
[2023-06-23T13:39:40.598+0000] {processor.py:179} INFO - Processing /home/airflow/.local/lib/python3.7/site-packages/airflow/example_dags/example_branch_operator.py took 0.101 seconds
[2023-06-23T13:40:11.400+0000] {processor.py:157} INFO - Started process (PID=234) to work on /home/airflow/.local/lib/python3.7/site-packages/airflow/example_dags/example_branch_operator.py
[2023-06-23T13:40:11.402+0000] {processor.py:826} INFO - Processing file /home/airflow/.local/lib/python3.7/site-packages/airflow/example_dags/example_branch_operator.py for tasks to queue
[2023-06-23T13:40:11.403+0000] {logging_mixin.py:149} INFO - [2023-06-23T13:40:11.402+0000] {dagbag.py:541} INFO - Filling up the DagBag from /home/airflow/.local/lib/python3.7/site-packages/airflow/example_dags/example_branch_operator.py
[2023-06-23T13:40:11.412+0000] {processor.py:836} INFO - DAG(s) dict_keys(['example_branch_operator']) retrieved from /home/airflow/.local/lib/python3.7/site-packages/airflow/example_dags/example_branch_operator.py
[2023-06-23T13:40:11.436+0000] {logging_mixin.py:149} INFO - [2023-06-23T13:40:11.436+0000] {dag.py:2726} INFO - Sync 1 DAGs
[2023-06-23T13:40:11.461+0000] {logging_mixin.py:149} INFO - [2023-06-23T13:40:11.461+0000] {dag.py:3490} INFO - Setting next_dagrun for example_branch_operator to 2023-06-22T00:00:00+00:00, run_after=2023-06-23T00:00:00+00:00
[2023-06-23T13:40:11.480+0000] {processor.py:179} INFO - Processing /home/airflow/.local/lib/python3.7/site-packages/airflow/example_dags/example_branch_operator.py took 0.083 seconds
[2023-06-23T13:40:41.684+0000] {processor.py:157} INFO - Started process (PID=300) to work on /home/airflow/.local/lib/python3.7/site-packages/airflow/example_dags/example_branch_operator.py
[2023-06-23T13:40:41.685+0000] {processor.py:826} INFO - Processing file /home/airflow/.local/lib/python3.7/site-packages/airflow/example_dags/example_branch_operator.py for tasks to queue
[2023-06-23T13:40:41.685+0000] {logging_mixin.py:149} INFO - [2023-06-23T13:40:41.685+0000] {dagbag.py:541} INFO - Filling up the DagBag from /home/airflow/.local/lib/python3.7/site-packages/airflow/example_dags/example_branch_operator.py
[2023-06-23T13:40:41.695+0000] {processor.py:836} INFO - DAG(s) dict_keys(['example_branch_operator']) retrieved from /home/airflow/.local/lib/python3.7/site-packages/airflow/example_dags/example_branch_operator.py
[2023-06-23T13:40:41.718+0000] {logging_mixin.py:149} INFO - [2023-06-23T13:40:41.718+0000] {dag.py:2726} INFO - Sync 1 DAGs
[2023-06-23T13:40:41.743+0000] {logging_mixin.py:149} INFO - [2023-06-23T13:40:41.743+0000] {dag.py:3490} INFO - Setting next_dagrun for example_branch_operator to 2023-06-22T00:00:00+00:00, run_after=2023-06-23T00:00:00+00:00
[2023-06-23T13:40:41.760+0000] {processor.py:179} INFO - Processing /home/airflow/.local/lib/python3.7/site-packages/airflow/example_dags/example_branch_operator.py took 0.080 seconds
[2023-06-23T13:41:12.118+0000] {processor.py:157} INFO - Started process (PID=366) to work on /home/airflow/.local/lib/python3.7/site-packages/airflow/example_dags/example_branch_operator.py
[2023-06-23T13:41:12.119+0000] {processor.py:826} INFO - Processing file /home/airflow/.local/lib/python3.7/site-packages/airflow/example_dags/example_branch_operator.py for tasks to queue
[2023-06-23T13:41:12.120+0000] {logging_mixin.py:149} INFO - [2023-06-23T13:41:12.120+0000] {dagbag.py:541} INFO - Filling up the DagBag from /home/airflow/.local/lib/python3.7/site-packages/airflow/example_dags/example_branch_operator.py
[2023-06-23T13:41:12.132+0000] {processor.py:836} INFO - DAG(s) dict_keys(['example_branch_operator']) retrieved from /home/airflow/.local/lib/python3.7/site-packages/airflow/example_dags/example_branch_operator.py
[2023-06-23T13:41:12.162+0000] {logging_mixin.py:149} INFO - [2023-06-23T13:41:12.162+0000] {dag.py:2726} INFO - Sync 1 DAGs
[2023-06-23T13:41:12.199+0000] {logging_mixin.py:149} INFO - [2023-06-23T13:41:12.199+0000] {dag.py:3490} INFO - Setting next_dagrun for example_branch_operator to 2023-06-22T00:00:00+00:00, run_after=2023-06-23T00:00:00+00:00
[2023-06-23T13:41:12.224+0000] {processor.py:179} INFO - Processing /home/airflow/.local/lib/python3.7/site-packages/airflow/example_dags/example_branch_operator.py took 0.110 seconds
[2023-06-23T13:41:42.864+0000] {processor.py:157} INFO - Started process (PID=432) to work on /home/airflow/.local/lib/python3.7/site-packages/airflow/example_dags/example_branch_operator.py
[2023-06-23T13:41:42.865+0000] {processor.py:826} INFO - Processing file /home/airflow/.local/lib/python3.7/site-packages/airflow/example_dags/example_branch_operator.py for tasks to queue
[2023-06-23T13:41:42.866+0000] {logging_mixin.py:149} INFO - [2023-06-23T13:41:42.866+0000] {dagbag.py:541} INFO - Filling up the DagBag from /home/airflow/.local/lib/python3.7/site-packages/airflow/example_dags/example_branch_operator.py
[2023-06-23T13:41:42.875+0000] {processor.py:836} INFO - DAG(s) dict_keys(['example_branch_operator']) retrieved from /home/airflow/.local/lib/python3.7/site-packages/airflow/example_dags/example_branch_operator.py
[2023-06-23T13:41:42.898+0000] {logging_mixin.py:149} INFO - [2023-06-23T13:41:42.898+0000] {dag.py:2726} INFO - Sync 1 DAGs
[2023-06-23T13:41:42.922+0000] {logging_mixin.py:149} INFO - [2023-06-23T13:41:42.922+0000] {dag.py:3490} INFO - Setting next_dagrun for example_branch_operator to 2023-06-22T00:00:00+00:00, run_after=2023-06-23T00:00:00+00:00
[2023-06-23T13:41:42.941+0000] {processor.py:179} INFO - Processing /home/airflow/.local/lib/python3.7/site-packages/airflow/example_dags/example_branch_operator.py took 0.079 seconds
[2023-06-23T13:42:13.090+0000] {processor.py:157} INFO - Started process (PID=498) to work on /home/airflow/.local/lib/python3.7/site-packages/airflow/example_dags/example_branch_operator.py
[2023-06-23T13:42:13.091+0000] {processor.py:826} INFO - Processing file /home/airflow/.local/lib/python3.7/site-packages/airflow/example_dags/example_branch_operator.py for tasks to queue
[2023-06-23T13:42:13.092+0000] {logging_mixin.py:149} INFO - [2023-06-23T13:42:13.092+0000] {dagbag.py:541} INFO - Filling up the DagBag from /home/airflow/.local/lib/python3.7/site-packages/airflow/example_dags/example_branch_operator.py
[2023-06-23T13:42:13.101+0000] {processor.py:836} INFO - DAG(s) dict_keys(['example_branch_operator']) retrieved from /home/airflow/.local/lib/python3.7/site-packages/airflow/example_dags/example_branch_operator.py
[2023-06-23T13:42:13.128+0000] {logging_mixin.py:149} INFO - [2023-06-23T13:42:13.128+0000] {dag.py:2726} INFO - Sync 1 DAGs
[2023-06-23T13:42:13.155+0000] {logging_mixin.py:149} INFO - [2023-06-23T13:42:13.155+0000] {dag.py:3490} INFO - Setting next_dagrun for example_branch_operator to 2023-06-22T00:00:00+00:00, run_after=2023-06-23T00:00:00+00:00
[2023-06-23T13:42:13.175+0000] {processor.py:179} INFO - Processing /home/airflow/.local/lib/python3.7/site-packages/airflow/example_dags/example_branch_operator.py took 0.088 seconds
[2023-06-23T13:42:43.604+0000] {processor.py:157} INFO - Started process (PID=564) to work on /home/airflow/.local/lib/python3.7/site-packages/airflow/example_dags/example_branch_operator.py
[2023-06-23T13:42:43.605+0000] {processor.py:826} INFO - Processing file /home/airflow/.local/lib/python3.7/site-packages/airflow/example_dags/example_branch_operator.py for tasks to queue
[2023-06-23T13:42:43.606+0000] {logging_mixin.py:149} INFO - [2023-06-23T13:42:43.606+0000] {dagbag.py:541} INFO - Filling up the DagBag from /home/airflow/.local/lib/python3.7/site-packages/airflow/example_dags/example_branch_operator.py
[2023-06-23T13:42:43.616+0000] {processor.py:836} INFO - DAG(s) dict_keys(['example_branch_operator']) retrieved from /home/airflow/.local/lib/python3.7/site-packages/airflow/example_dags/example_branch_operator.py
[2023-06-23T13:42:43.642+0000] {logging_mixin.py:149} INFO - [2023-06-23T13:42:43.642+0000] {dag.py:2726} INFO - Sync 1 DAGs
[2023-06-23T13:42:43.670+0000] {logging_mixin.py:149} INFO - [2023-06-23T13:42:43.670+0000] {dag.py:3490} INFO - Setting next_dagrun for example_branch_operator to 2023-06-22T00:00:00+00:00, run_after=2023-06-23T00:00:00+00:00
[2023-06-23T13:42:43.691+0000] {processor.py:179} INFO - Processing /home/airflow/.local/lib/python3.7/site-packages/airflow/example_dags/example_branch_operator.py took 0.089 seconds
[2023-06-23T13:43:13.872+0000] {processor.py:157} INFO - Started process (PID=630) to work on /home/airflow/.local/lib/python3.7/site-packages/airflow/example_dags/example_branch_operator.py
[2023-06-23T13:43:13.873+0000] {processor.py:826} INFO - Processing file /home/airflow/.local/lib/python3.7/site-packages/airflow/example_dags/example_branch_operator.py for tasks to queue
[2023-06-23T13:43:13.875+0000] {logging_mixin.py:149} INFO - [2023-06-23T13:43:13.875+0000] {dagbag.py:541} INFO - Filling up the DagBag from /home/airflow/.local/lib/python3.7/site-packages/airflow/example_dags/example_branch_operator.py
[2023-06-23T13:43:13.886+0000] {processor.py:836} INFO - DAG(s) dict_keys(['example_branch_operator']) retrieved from /home/airflow/.local/lib/python3.7/site-packages/airflow/example_dags/example_branch_operator.py
[2023-06-23T13:43:13.917+0000] {logging_mixin.py:149} INFO - [2023-06-23T13:43:13.917+0000] {dag.py:2726} INFO - Sync 1 DAGs
[2023-06-23T13:43:13.947+0000] {logging_mixin.py:149} INFO - [2023-06-23T13:43:13.946+0000] {dag.py:3490} INFO - Setting next_dagrun for example_branch_operator to 2023-06-22T00:00:00+00:00, run_after=2023-06-23T00:00:00+00:00
[2023-06-23T13:43:13.971+0000] {processor.py:179} INFO - Processing /home/airflow/.local/lib/python3.7/site-packages/airflow/example_dags/example_branch_operator.py took 0.102 seconds
[2023-06-23T13:43:44.437+0000] {processor.py:157} INFO - Started process (PID=696) to work on /home/airflow/.local/lib/python3.7/site-packages/airflow/example_dags/example_branch_operator.py
[2023-06-23T13:43:44.438+0000] {processor.py:826} INFO - Processing file /home/airflow/.local/lib/python3.7/site-packages/airflow/example_dags/example_branch_operator.py for tasks to queue
[2023-06-23T13:43:44.439+0000] {logging_mixin.py:149} INFO - [2023-06-23T13:43:44.439+0000] {dagbag.py:541} INFO - Filling up the DagBag from /home/airflow/.local/lib/python3.7/site-packages/airflow/example_dags/example_branch_operator.py
[2023-06-23T13:43:44.450+0000] {processor.py:836} INFO - DAG(s) dict_keys(['example_branch_operator']) retrieved from /home/airflow/.local/lib/python3.7/site-packages/airflow/example_dags/example_branch_operator.py
[2023-06-23T13:43:44.479+0000] {logging_mixin.py:149} INFO - [2023-06-23T13:43:44.479+0000] {dag.py:2726} INFO - Sync 1 DAGs
[2023-06-23T13:43:44.508+0000] {logging_mixin.py:149} INFO - [2023-06-23T13:43:44.508+0000] {dag.py:3490} INFO - Setting next_dagrun for example_branch_operator to 2023-06-22T00:00:00+00:00, run_after=2023-06-23T00:00:00+00:00
[2023-06-23T13:43:44.529+0000] {processor.py:179} INFO - Processing /home/airflow/.local/lib/python3.7/site-packages/airflow/example_dags/example_branch_operator.py took 0.096 seconds
[2023-06-23T13:44:14.922+0000] {processor.py:157} INFO - Started process (PID=762) to work on /home/airflow/.local/lib/python3.7/site-packages/airflow/example_dags/example_branch_operator.py
[2023-06-23T13:44:14.924+0000] {processor.py:826} INFO - Processing file /home/airflow/.local/lib/python3.7/site-packages/airflow/example_dags/example_branch_operator.py for tasks to queue
[2023-06-23T13:44:14.925+0000] {logging_mixin.py:149} INFO - [2023-06-23T13:44:14.924+0000] {dagbag.py:541} INFO - Filling up the DagBag from /home/airflow/.local/lib/python3.7/site-packages/airflow/example_dags/example_branch_operator.py
[2023-06-23T13:44:14.934+0000] {processor.py:836} INFO - DAG(s) dict_keys(['example_branch_operator']) retrieved from /home/airflow/.local/lib/python3.7/site-packages/airflow/example_dags/example_branch_operator.py
[2023-06-23T13:44:14.961+0000] {logging_mixin.py:149} INFO - [2023-06-23T13:44:14.961+0000] {dag.py:2726} INFO - Sync 1 DAGs
[2023-06-23T13:44:14.987+0000] {logging_mixin.py:149} INFO - [2023-06-23T13:44:14.987+0000] {dag.py:3490} INFO - Setting next_dagrun for example_branch_operator to 2023-06-22T00:00:00+00:00, run_after=2023-06-23T00:00:00+00:00
[2023-06-23T13:44:15.007+0000] {processor.py:179} INFO - Processing /home/airflow/.local/lib/python3.7/site-packages/airflow/example_dags/example_branch_operator.py took 0.087 seconds
[2023-06-23T13:44:45.196+0000] {processor.py:157} INFO - Started process (PID=828) to work on /home/airflow/.local/lib/python3.7/site-packages/airflow/example_dags/example_branch_operator.py
[2023-06-23T13:44:45.197+0000] {processor.py:826} INFO - Processing file /home/airflow/.local/lib/python3.7/site-packages/airflow/example_dags/example_branch_operator.py for tasks to queue
[2023-06-23T13:44:45.198+0000] {logging_mixin.py:149} INFO - [2023-06-23T13:44:45.198+0000] {dagbag.py:541} INFO - Filling up the DagBag from /home/airflow/.local/lib/python3.7/site-packages/airflow/example_dags/example_branch_operator.py
[2023-06-23T13:44:45.208+0000] {processor.py:836} INFO - DAG(s) dict_keys(['example_branch_operator']) retrieved from /home/airflow/.local/lib/python3.7/site-packages/airflow/example_dags/example_branch_operator.py
[2023-06-23T13:44:45.234+0000] {logging_mixin.py:149} INFO - [2023-06-23T13:44:45.234+0000] {dag.py:2726} INFO - Sync 1 DAGs
[2023-06-23T13:44:45.261+0000] {logging_mixin.py:149} INFO - [2023-06-23T13:44:45.261+0000] {dag.py:3490} INFO - Setting next_dagrun for example_branch_operator to 2023-06-22T00:00:00+00:00, run_after=2023-06-23T00:00:00+00:00
[2023-06-23T13:44:45.283+0000] {processor.py:179} INFO - Processing /home/airflow/.local/lib/python3.7/site-packages/airflow/example_dags/example_branch_operator.py took 0.090 seconds
[2023-06-23T13:45:15.640+0000] {processor.py:157} INFO - Started process (PID=894) to work on /home/airflow/.local/lib/python3.7/site-packages/airflow/example_dags/example_branch_operator.py
[2023-06-23T13:45:15.641+0000] {processor.py:826} INFO - Processing file /home/airflow/.local/lib/python3.7/site-packages/airflow/example_dags/example_branch_operator.py for tasks to queue
[2023-06-23T13:45:15.642+0000] {logging_mixin.py:149} INFO - [2023-06-23T13:45:15.642+0000] {dagbag.py:541} INFO - Filling up the DagBag from /home/airflow/.local/lib/python3.7/site-packages/airflow/example_dags/example_branch_operator.py
[2023-06-23T13:45:15.653+0000] {processor.py:836} INFO - DAG(s) dict_keys(['example_branch_operator']) retrieved from /home/airflow/.local/lib/python3.7/site-packages/airflow/example_dags/example_branch_operator.py
[2023-06-23T13:45:15.683+0000] {logging_mixin.py:149} INFO - [2023-06-23T13:45:15.683+0000] {dag.py:2726} INFO - Sync 1 DAGs
[2023-06-23T13:45:15.712+0000] {logging_mixin.py:149} INFO - [2023-06-23T13:45:15.712+0000] {dag.py:3490} INFO - Setting next_dagrun for example_branch_operator to 2023-06-22T00:00:00+00:00, run_after=2023-06-23T00:00:00+00:00
[2023-06-23T13:45:15.734+0000] {processor.py:179} INFO - Processing /home/airflow/.local/lib/python3.7/site-packages/airflow/example_dags/example_branch_operator.py took 0.098 seconds
[2023-06-23T13:45:46.022+0000] {processor.py:157} INFO - Started process (PID=960) to work on /home/airflow/.local/lib/python3.7/site-packages/airflow/example_dags/example_branch_operator.py
[2023-06-23T13:45:46.023+0000] {processor.py:826} INFO - Processing file /home/airflow/.local/lib/python3.7/site-packages/airflow/example_dags/example_branch_operator.py for tasks to queue
[2023-06-23T13:45:46.024+0000] {logging_mixin.py:149} INFO - [2023-06-23T13:45:46.024+0000] {dagbag.py:541} INFO - Filling up the DagBag from /home/airflow/.local/lib/python3.7/site-packages/airflow/example_dags/example_branch_operator.py
[2023-06-23T13:45:46.034+0000] {processor.py:836} INFO - DAG(s) dict_keys(['example_branch_operator']) retrieved from /home/airflow/.local/lib/python3.7/site-packages/airflow/example_dags/example_branch_operator.py
[2023-06-23T13:45:46.060+0000] {logging_mixin.py:149} INFO - [2023-06-23T13:45:46.059+0000] {dag.py:2726} INFO - Sync 1 DAGs
[2023-06-23T13:45:46.084+0000] {logging_mixin.py:149} INFO - [2023-06-23T13:45:46.084+0000] {dag.py:3490} INFO - Setting next_dagrun for example_branch_operator to 2023-06-22T00:00:00+00:00, run_after=2023-06-23T00:00:00+00:00
[2023-06-23T13:45:46.104+0000] {processor.py:179} INFO - Processing /home/airflow/.local/lib/python3.7/site-packages/airflow/example_dags/example_branch_operator.py took 0.085 seconds
[2023-06-23T13:46:16.273+0000] {processor.py:157} INFO - Started process (PID=1026) to work on /home/airflow/.local/lib/python3.7/site-packages/airflow/example_dags/example_branch_operator.py
[2023-06-23T13:46:16.274+0000] {processor.py:826} INFO - Processing file /home/airflow/.local/lib/python3.7/site-packages/airflow/example_dags/example_branch_operator.py for tasks to queue
[2023-06-23T13:46:16.275+0000] {logging_mixin.py:149} INFO - [2023-06-23T13:46:16.275+0000] {dagbag.py:541} INFO - Filling up the DagBag from /home/airflow/.local/lib/python3.7/site-packages/airflow/example_dags/example_branch_operator.py
[2023-06-23T13:46:16.286+0000] {processor.py:836} INFO - DAG(s) dict_keys(['example_branch_operator']) retrieved from /home/airflow/.local/lib/python3.7/site-packages/airflow/example_dags/example_branch_operator.py
[2023-06-23T13:46:16.314+0000] {logging_mixin.py:149} INFO - [2023-06-23T13:46:16.313+0000] {dag.py:2726} INFO - Sync 1 DAGs
[2023-06-23T13:46:16.341+0000] {logging_mixin.py:149} INFO - [2023-06-23T13:46:16.341+0000] {dag.py:3490} INFO - Setting next_dagrun for example_branch_operator to 2023-06-22T00:00:00+00:00, run_after=2023-06-23T00:00:00+00:00
[2023-06-23T13:46:16.359+0000] {processor.py:179} INFO - Processing /home/airflow/.local/lib/python3.7/site-packages/airflow/example_dags/example_branch_operator.py took 0.090 seconds
[2023-06-23T13:46:46.467+0000] {processor.py:157} INFO - Started process (PID=1092) to work on /home/airflow/.local/lib/python3.7/site-packages/airflow/example_dags/example_branch_operator.py
[2023-06-23T13:46:46.468+0000] {processor.py:826} INFO - Processing file /home/airflow/.local/lib/python3.7/site-packages/airflow/example_dags/example_branch_operator.py for tasks to queue
[2023-06-23T13:46:46.469+0000] {logging_mixin.py:149} INFO - [2023-06-23T13:46:46.469+0000] {dagbag.py:541} INFO - Filling up the DagBag from /home/airflow/.local/lib/python3.7/site-packages/airflow/example_dags/example_branch_operator.py
[2023-06-23T13:46:46.482+0000] {processor.py:836} INFO - DAG(s) dict_keys(['example_branch_operator']) retrieved from /home/airflow/.local/lib/python3.7/site-packages/airflow/example_dags/example_branch_operator.py
[2023-06-23T13:46:46.507+0000] {logging_mixin.py:149} INFO - [2023-06-23T13:46:46.507+0000] {dag.py:2726} INFO - Sync 1 DAGs
[2023-06-23T13:46:46.536+0000] {logging_mixin.py:149} INFO - [2023-06-23T13:46:46.536+0000] {dag.py:3490} INFO - Setting next_dagrun for example_branch_operator to 2023-06-22T00:00:00+00:00, run_after=2023-06-23T00:00:00+00:00
[2023-06-23T13:46:46.561+0000] {processor.py:179} INFO - Processing /home/airflow/.local/lib/python3.7/site-packages/airflow/example_dags/example_branch_operator.py took 0.098 seconds
[2023-06-23T13:47:16.868+0000] {processor.py:157} INFO - Started process (PID=1158) to work on /home/airflow/.local/lib/python3.7/site-packages/airflow/example_dags/example_branch_operator.py
[2023-06-23T13:47:16.870+0000] {processor.py:826} INFO - Processing file /home/airflow/.local/lib/python3.7/site-packages/airflow/example_dags/example_branch_operator.py for tasks to queue
[2023-06-23T13:47:16.871+0000] {logging_mixin.py:149} INFO - [2023-06-23T13:47:16.870+0000] {dagbag.py:541} INFO - Filling up the DagBag from /home/airflow/.local/lib/python3.7/site-packages/airflow/example_dags/example_branch_operator.py
[2023-06-23T13:47:16.881+0000] {processor.py:836} INFO - DAG(s) dict_keys(['example_branch_operator']) retrieved from /home/airflow/.local/lib/python3.7/site-packages/airflow/example_dags/example_branch_operator.py
[2023-06-23T13:47:16.908+0000] {logging_mixin.py:149} INFO - [2023-06-23T13:47:16.907+0000] {dag.py:2726} INFO - Sync 1 DAGs
[2023-06-23T13:47:16.936+0000] {logging_mixin.py:149} INFO - [2023-06-23T13:47:16.936+0000] {dag.py:3490} INFO - Setting next_dagrun for example_branch_operator to 2023-06-22T00:00:00+00:00, run_after=2023-06-23T00:00:00+00:00
[2023-06-23T13:47:16.958+0000] {processor.py:179} INFO - Processing /home/airflow/.local/lib/python3.7/site-packages/airflow/example_dags/example_branch_operator.py took 0.092 seconds
[2023-06-23T13:47:47.358+0000] {processor.py:157} INFO - Started process (PID=1225) to work on /home/airflow/.local/lib/python3.7/site-packages/airflow/example_dags/example_branch_operator.py
[2023-06-23T13:47:47.359+0000] {processor.py:826} INFO - Processing file /home/airflow/.local/lib/python3.7/site-packages/airflow/example_dags/example_branch_operator.py for tasks to queue
[2023-06-23T13:47:47.360+0000] {logging_mixin.py:149} INFO - [2023-06-23T13:47:47.360+0000] {dagbag.py:541} INFO - Filling up the DagBag from /home/airflow/.local/lib/python3.7/site-packages/airflow/example_dags/example_branch_operator.py
[2023-06-23T13:47:47.368+0000] {processor.py:836} INFO - DAG(s) dict_keys(['example_branch_operator']) retrieved from /home/airflow/.local/lib/python3.7/site-packages/airflow/example_dags/example_branch_operator.py
[2023-06-23T13:47:47.393+0000] {logging_mixin.py:149} INFO - [2023-06-23T13:47:47.393+0000] {dag.py:2726} INFO - Sync 1 DAGs
[2023-06-23T13:47:47.420+0000] {logging_mixin.py:149} INFO - [2023-06-23T13:47:47.420+0000] {dag.py:3490} INFO - Setting next_dagrun for example_branch_operator to 2023-06-22T00:00:00+00:00, run_after=2023-06-23T00:00:00+00:00
[2023-06-23T13:47:47.439+0000] {processor.py:179} INFO - Processing /home/airflow/.local/lib/python3.7/site-packages/airflow/example_dags/example_branch_operator.py took 0.084 seconds
[2023-06-23T13:48:17.731+0000] {processor.py:157} INFO - Started process (PID=1291) to work on /home/airflow/.local/lib/python3.7/site-packages/airflow/example_dags/example_branch_operator.py
[2023-06-23T13:48:17.732+0000] {processor.py:826} INFO - Processing file /home/airflow/.local/lib/python3.7/site-packages/airflow/example_dags/example_branch_operator.py for tasks to queue
[2023-06-23T13:48:17.733+0000] {logging_mixin.py:149} INFO - [2023-06-23T13:48:17.733+0000] {dagbag.py:541} INFO - Filling up the DagBag from /home/airflow/.local/lib/python3.7/site-packages/airflow/example_dags/example_branch_operator.py
[2023-06-23T13:48:17.742+0000] {processor.py:836} INFO - DAG(s) dict_keys(['example_branch_operator']) retrieved from /home/airflow/.local/lib/python3.7/site-packages/airflow/example_dags/example_branch_operator.py
[2023-06-23T13:48:17.767+0000] {logging_mixin.py:149} INFO - [2023-06-23T13:48:17.767+0000] {dag.py:2726} INFO - Sync 1 DAGs
[2023-06-23T13:48:17.792+0000] {logging_mixin.py:149} INFO - [2023-06-23T13:48:17.792+0000] {dag.py:3490} INFO - Setting next_dagrun for example_branch_operator to 2023-06-22T00:00:00+00:00, run_after=2023-06-23T00:00:00+00:00
[2023-06-23T13:48:17.816+0000] {processor.py:179} INFO - Processing /home/airflow/.local/lib/python3.7/site-packages/airflow/example_dags/example_branch_operator.py took 0.088 seconds
[2023-06-23T13:48:48.289+0000] {processor.py:157} INFO - Started process (PID=1357) to work on /home/airflow/.local/lib/python3.7/site-packages/airflow/example_dags/example_branch_operator.py
[2023-06-23T13:48:48.290+0000] {processor.py:826} INFO - Processing file /home/airflow/.local/lib/python3.7/site-packages/airflow/example_dags/example_branch_operator.py for tasks to queue
[2023-06-23T13:48:48.291+0000] {logging_mixin.py:149} INFO - [2023-06-23T13:48:48.291+0000] {dagbag.py:541} INFO - Filling up the DagBag from /home/airflow/.local/lib/python3.7/site-packages/airflow/example_dags/example_branch_operator.py
[2023-06-23T13:48:48.301+0000] {processor.py:836} INFO - DAG(s) dict_keys(['example_branch_operator']) retrieved from /home/airflow/.local/lib/python3.7/site-packages/airflow/example_dags/example_branch_operator.py
[2023-06-23T13:48:48.328+0000] {logging_mixin.py:149} INFO - [2023-06-23T13:48:48.328+0000] {dag.py:2726} INFO - Sync 1 DAGs
[2023-06-23T13:48:48.354+0000] {logging_mixin.py:149} INFO - [2023-06-23T13:48:48.354+0000] {dag.py:3490} INFO - Setting next_dagrun for example_branch_operator to 2023-06-22T00:00:00+00:00, run_after=2023-06-23T00:00:00+00:00
[2023-06-23T13:48:48.375+0000] {processor.py:179} INFO - Processing /home/airflow/.local/lib/python3.7/site-packages/airflow/example_dags/example_branch_operator.py took 0.089 seconds
[2023-06-23T13:49:18.543+0000] {processor.py:157} INFO - Started process (PID=1423) to work on /home/airflow/.local/lib/python3.7/site-packages/airflow/example_dags/example_branch_operator.py
[2023-06-23T13:49:18.545+0000] {processor.py:826} INFO - Processing file /home/airflow/.local/lib/python3.7/site-packages/airflow/example_dags/example_branch_operator.py for tasks to queue
[2023-06-23T13:49:18.546+0000] {logging_mixin.py:149} INFO - [2023-06-23T13:49:18.546+0000] {dagbag.py:541} INFO - Filling up the DagBag from /home/airflow/.local/lib/python3.7/site-packages/airflow/example_dags/example_branch_operator.py
[2023-06-23T13:49:18.557+0000] {processor.py:836} INFO - DAG(s) dict_keys(['example_branch_operator']) retrieved from /home/airflow/.local/lib/python3.7/site-packages/airflow/example_dags/example_branch_operator.py
[2023-06-23T13:49:18.584+0000] {logging_mixin.py:149} INFO - [2023-06-23T13:49:18.583+0000] {dag.py:2726} INFO - Sync 1 DAGs
[2023-06-23T13:49:18.614+0000] {logging_mixin.py:149} INFO - [2023-06-23T13:49:18.614+0000] {dag.py:3490} INFO - Setting next_dagrun for example_branch_operator to 2023-06-22T00:00:00+00:00, run_after=2023-06-23T00:00:00+00:00
[2023-06-23T13:49:18.635+0000] {processor.py:179} INFO - Processing /home/airflow/.local/lib/python3.7/site-packages/airflow/example_dags/example_branch_operator.py took 0.095 seconds
[2023-06-23T13:49:49.116+0000] {processor.py:157} INFO - Started process (PID=1489) to work on /home/airflow/.local/lib/python3.7/site-packages/airflow/example_dags/example_branch_operator.py
[2023-06-23T13:49:49.117+0000] {processor.py:826} INFO - Processing file /home/airflow/.local/lib/python3.7/site-packages/airflow/example_dags/example_branch_operator.py for tasks to queue
[2023-06-23T13:49:49.118+0000] {logging_mixin.py:149} INFO - [2023-06-23T13:49:49.118+0000] {dagbag.py:541} INFO - Filling up the DagBag from /home/airflow/.local/lib/python3.7/site-packages/airflow/example_dags/example_branch_operator.py
[2023-06-23T13:49:49.128+0000] {processor.py:836} INFO - DAG(s) dict_keys(['example_branch_operator']) retrieved from /home/airflow/.local/lib/python3.7/site-packages/airflow/example_dags/example_branch_operator.py
[2023-06-23T13:49:49.155+0000] {logging_mixin.py:149} INFO - [2023-06-23T13:49:49.155+0000] {dag.py:2726} INFO - Sync 1 DAGs
[2023-06-23T13:49:49.180+0000] {logging_mixin.py:149} INFO - [2023-06-23T13:49:49.180+0000] {dag.py:3490} INFO - Setting next_dagrun for example_branch_operator to 2023-06-22T00:00:00+00:00, run_after=2023-06-23T00:00:00+00:00
[2023-06-23T13:49:49.199+0000] {processor.py:179} INFO - Processing /home/airflow/.local/lib/python3.7/site-packages/airflow/example_dags/example_branch_operator.py took 0.086 seconds
[2023-06-23T13:50:19.423+0000] {processor.py:157} INFO - Started process (PID=1556) to work on /home/airflow/.local/lib/python3.7/site-packages/airflow/example_dags/example_branch_operator.py
[2023-06-23T13:50:19.425+0000] {processor.py:826} INFO - Processing file /home/airflow/.local/lib/python3.7/site-packages/airflow/example_dags/example_branch_operator.py for tasks to queue
[2023-06-23T13:50:19.426+0000] {logging_mixin.py:149} INFO - [2023-06-23T13:50:19.426+0000] {dagbag.py:541} INFO - Filling up the DagBag from /home/airflow/.local/lib/python3.7/site-packages/airflow/example_dags/example_branch_operator.py
[2023-06-23T13:50:19.436+0000] {processor.py:836} INFO - DAG(s) dict_keys(['example_branch_operator']) retrieved from /home/airflow/.local/lib/python3.7/site-packages/airflow/example_dags/example_branch_operator.py
[2023-06-23T13:50:19.462+0000] {logging_mixin.py:149} INFO - [2023-06-23T13:50:19.461+0000] {dag.py:2726} INFO - Sync 1 DAGs
[2023-06-23T13:50:19.486+0000] {logging_mixin.py:149} INFO - [2023-06-23T13:50:19.486+0000] {dag.py:3490} INFO - Setting next_dagrun for example_branch_operator to 2023-06-22T00:00:00+00:00, run_after=2023-06-23T00:00:00+00:00
[2023-06-23T13:50:19.505+0000] {processor.py:179} INFO - Processing /home/airflow/.local/lib/python3.7/site-packages/airflow/example_dags/example_branch_operator.py took 0.085 seconds
[2023-06-23T13:50:49.748+0000] {processor.py:157} INFO - Started process (PID=1623) to work on /home/airflow/.local/lib/python3.7/site-packages/airflow/example_dags/example_branch_operator.py
[2023-06-23T13:50:49.750+0000] {processor.py:826} INFO - Processing file /home/airflow/.local/lib/python3.7/site-packages/airflow/example_dags/example_branch_operator.py for tasks to queue
[2023-06-23T13:50:49.750+0000] {logging_mixin.py:149} INFO - [2023-06-23T13:50:49.750+0000] {dagbag.py:541} INFO - Filling up the DagBag from /home/airflow/.local/lib/python3.7/site-packages/airflow/example_dags/example_branch_operator.py
[2023-06-23T13:50:49.759+0000] {processor.py:836} INFO - DAG(s) dict_keys(['example_branch_operator']) retrieved from /home/airflow/.local/lib/python3.7/site-packages/airflow/example_dags/example_branch_operator.py
[2023-06-23T13:50:49.785+0000] {logging_mixin.py:149} INFO - [2023-06-23T13:50:49.785+0000] {dag.py:2726} INFO - Sync 1 DAGs
[2023-06-23T13:50:49.809+0000] {logging_mixin.py:149} INFO - [2023-06-23T13:50:49.809+0000] {dag.py:3490} INFO - Setting next_dagrun for example_branch_operator to 2023-06-22T00:00:00+00:00, run_after=2023-06-23T00:00:00+00:00
[2023-06-23T13:50:49.826+0000] {processor.py:179} INFO - Processing /home/airflow/.local/lib/python3.7/site-packages/airflow/example_dags/example_branch_operator.py took 0.081 seconds
[2023-06-23T13:51:20.315+0000] {processor.py:157} INFO - Started process (PID=1689) to work on /home/airflow/.local/lib/python3.7/site-packages/airflow/example_dags/example_branch_operator.py
[2023-06-23T13:51:20.316+0000] {processor.py:826} INFO - Processing file /home/airflow/.local/lib/python3.7/site-packages/airflow/example_dags/example_branch_operator.py for tasks to queue
[2023-06-23T13:51:20.318+0000] {logging_mixin.py:149} INFO - [2023-06-23T13:51:20.317+0000] {dagbag.py:541} INFO - Filling up the DagBag from /home/airflow/.local/lib/python3.7/site-packages/airflow/example_dags/example_branch_operator.py
[2023-06-23T13:51:20.328+0000] {processor.py:836} INFO - DAG(s) dict_keys(['example_branch_operator']) retrieved from /home/airflow/.local/lib/python3.7/site-packages/airflow/example_dags/example_branch_operator.py
[2023-06-23T13:51:20.356+0000] {logging_mixin.py:149} INFO - [2023-06-23T13:51:20.355+0000] {dag.py:2726} INFO - Sync 1 DAGs
[2023-06-23T13:51:20.385+0000] {logging_mixin.py:149} INFO - [2023-06-23T13:51:20.385+0000] {dag.py:3490} INFO - Setting next_dagrun for example_branch_operator to 2023-06-22T00:00:00+00:00, run_after=2023-06-23T00:00:00+00:00
[2023-06-23T13:51:20.410+0000] {processor.py:179} INFO - Processing /home/airflow/.local/lib/python3.7/site-packages/airflow/example_dags/example_branch_operator.py took 0.098 seconds
[2023-06-23T13:51:50.668+0000] {processor.py:157} INFO - Started process (PID=1755) to work on /home/airflow/.local/lib/python3.7/site-packages/airflow/example_dags/example_branch_operator.py
[2023-06-23T13:51:50.669+0000] {processor.py:826} INFO - Processing file /home/airflow/.local/lib/python3.7/site-packages/airflow/example_dags/example_branch_operator.py for tasks to queue
[2023-06-23T13:51:50.670+0000] {logging_mixin.py:149} INFO - [2023-06-23T13:51:50.669+0000] {dagbag.py:541} INFO - Filling up the DagBag from /home/airflow/.local/lib/python3.7/site-packages/airflow/example_dags/example_branch_operator.py
[2023-06-23T13:51:50.678+0000] {processor.py:836} INFO - DAG(s) dict_keys(['example_branch_operator']) retrieved from /home/airflow/.local/lib/python3.7/site-packages/airflow/example_dags/example_branch_operator.py
[2023-06-23T13:51:50.703+0000] {logging_mixin.py:149} INFO - [2023-06-23T13:51:50.703+0000] {dag.py:2726} INFO - Sync 1 DAGs
[2023-06-23T13:51:50.729+0000] {logging_mixin.py:149} INFO - [2023-06-23T13:51:50.728+0000] {dag.py:3490} INFO - Setting next_dagrun for example_branch_operator to 2023-06-22T00:00:00+00:00, run_after=2023-06-23T00:00:00+00:00
[2023-06-23T13:51:50.750+0000] {processor.py:179} INFO - Processing /home/airflow/.local/lib/python3.7/site-packages/airflow/example_dags/example_branch_operator.py took 0.085 seconds
[2023-06-23T13:52:20.970+0000] {processor.py:157} INFO - Started process (PID=1821) to work on /home/airflow/.local/lib/python3.7/site-packages/airflow/example_dags/example_branch_operator.py
[2023-06-23T13:52:20.972+0000] {processor.py:826} INFO - Processing file /home/airflow/.local/lib/python3.7/site-packages/airflow/example_dags/example_branch_operator.py for tasks to queue
[2023-06-23T13:52:20.972+0000] {logging_mixin.py:149} INFO - [2023-06-23T13:52:20.972+0000] {dagbag.py:541} INFO - Filling up the DagBag from /home/airflow/.local/lib/python3.7/site-packages/airflow/example_dags/example_branch_operator.py
[2023-06-23T13:52:20.982+0000] {processor.py:836} INFO - DAG(s) dict_keys(['example_branch_operator']) retrieved from /home/airflow/.local/lib/python3.7/site-packages/airflow/example_dags/example_branch_operator.py
[2023-06-23T13:52:21.007+0000] {logging_mixin.py:149} INFO - [2023-06-23T13:52:21.006+0000] {dag.py:2726} INFO - Sync 1 DAGs
[2023-06-23T13:52:21.033+0000] {logging_mixin.py:149} INFO - [2023-06-23T13:52:21.033+0000] {dag.py:3490} INFO - Setting next_dagrun for example_branch_operator to 2023-06-22T00:00:00+00:00, run_after=2023-06-23T00:00:00+00:00
[2023-06-23T13:52:21.054+0000] {processor.py:179} INFO - Processing /home/airflow/.local/lib/python3.7/site-packages/airflow/example_dags/example_branch_operator.py took 0.086 seconds
[2023-06-23T13:52:51.251+0000] {processor.py:157} INFO - Started process (PID=1887) to work on /home/airflow/.local/lib/python3.7/site-packages/airflow/example_dags/example_branch_operator.py
[2023-06-23T13:52:51.252+0000] {processor.py:826} INFO - Processing file /home/airflow/.local/lib/python3.7/site-packages/airflow/example_dags/example_branch_operator.py for tasks to queue
[2023-06-23T13:52:51.253+0000] {logging_mixin.py:149} INFO - [2023-06-23T13:52:51.253+0000] {dagbag.py:541} INFO - Filling up the DagBag from /home/airflow/.local/lib/python3.7/site-packages/airflow/example_dags/example_branch_operator.py
[2023-06-23T13:52:51.262+0000] {processor.py:836} INFO - DAG(s) dict_keys(['example_branch_operator']) retrieved from /home/airflow/.local/lib/python3.7/site-packages/airflow/example_dags/example_branch_operator.py
[2023-06-23T13:52:51.287+0000] {logging_mixin.py:149} INFO - [2023-06-23T13:52:51.287+0000] {dag.py:2726} INFO - Sync 1 DAGs
[2023-06-23T13:52:51.312+0000] {logging_mixin.py:149} INFO - [2023-06-23T13:52:51.311+0000] {dag.py:3490} INFO - Setting next_dagrun for example_branch_operator to 2023-06-22T00:00:00+00:00, run_after=2023-06-23T00:00:00+00:00
[2023-06-23T13:52:51.333+0000] {processor.py:179} INFO - Processing /home/airflow/.local/lib/python3.7/site-packages/airflow/example_dags/example_branch_operator.py took 0.085 seconds
[2023-06-23T13:53:22.163+0000] {processor.py:157} INFO - Started process (PID=1953) to work on /home/airflow/.local/lib/python3.7/site-packages/airflow/example_dags/example_branch_operator.py
[2023-06-23T13:53:22.164+0000] {processor.py:826} INFO - Processing file /home/airflow/.local/lib/python3.7/site-packages/airflow/example_dags/example_branch_operator.py for tasks to queue
[2023-06-23T13:53:22.165+0000] {logging_mixin.py:149} INFO - [2023-06-23T13:53:22.165+0000] {dagbag.py:541} INFO - Filling up the DagBag from /home/airflow/.local/lib/python3.7/site-packages/airflow/example_dags/example_branch_operator.py
[2023-06-23T13:53:22.175+0000] {processor.py:836} INFO - DAG(s) dict_keys(['example_branch_operator']) retrieved from /home/airflow/.local/lib/python3.7/site-packages/airflow/example_dags/example_branch_operator.py
[2023-06-23T13:53:22.200+0000] {logging_mixin.py:149} INFO - [2023-06-23T13:53:22.200+0000] {dag.py:2726} INFO - Sync 1 DAGs
[2023-06-23T13:53:22.227+0000] {logging_mixin.py:149} INFO - [2023-06-23T13:53:22.227+0000] {dag.py:3490} INFO - Setting next_dagrun for example_branch_operator to 2023-06-22T00:00:00+00:00, run_after=2023-06-23T00:00:00+00:00
[2023-06-23T13:53:22.247+0000] {processor.py:179} INFO - Processing /home/airflow/.local/lib/python3.7/site-packages/airflow/example_dags/example_branch_operator.py took 0.087 seconds
[2023-06-23T13:53:53.115+0000] {processor.py:157} INFO - Started process (PID=2019) to work on /home/airflow/.local/lib/python3.7/site-packages/airflow/example_dags/example_branch_operator.py
[2023-06-23T13:53:53.116+0000] {processor.py:826} INFO - Processing file /home/airflow/.local/lib/python3.7/site-packages/airflow/example_dags/example_branch_operator.py for tasks to queue
[2023-06-23T13:53:53.117+0000] {logging_mixin.py:149} INFO - [2023-06-23T13:53:53.117+0000] {dagbag.py:541} INFO - Filling up the DagBag from /home/airflow/.local/lib/python3.7/site-packages/airflow/example_dags/example_branch_operator.py
[2023-06-23T13:53:53.127+0000] {processor.py:836} INFO - DAG(s) dict_keys(['example_branch_operator']) retrieved from /home/airflow/.local/lib/python3.7/site-packages/airflow/example_dags/example_branch_operator.py
[2023-06-23T13:53:53.155+0000] {logging_mixin.py:149} INFO - [2023-06-23T13:53:53.155+0000] {dag.py:2726} INFO - Sync 1 DAGs
[2023-06-23T13:53:53.185+0000] {logging_mixin.py:149} INFO - [2023-06-23T13:53:53.185+0000] {dag.py:3490} INFO - Setting next_dagrun for example_branch_operator to 2023-06-22T00:00:00+00:00, run_after=2023-06-23T00:00:00+00:00
[2023-06-23T13:53:53.209+0000] {processor.py:179} INFO - Processing /home/airflow/.local/lib/python3.7/site-packages/airflow/example_dags/example_branch_operator.py took 0.096 seconds
[2023-06-23T13:54:23.773+0000] {processor.py:157} INFO - Started process (PID=2085) to work on /home/airflow/.local/lib/python3.7/site-packages/airflow/example_dags/example_branch_operator.py
[2023-06-23T13:54:23.774+0000] {processor.py:826} INFO - Processing file /home/airflow/.local/lib/python3.7/site-packages/airflow/example_dags/example_branch_operator.py for tasks to queue
[2023-06-23T13:54:23.774+0000] {logging_mixin.py:149} INFO - [2023-06-23T13:54:23.774+0000] {dagbag.py:541} INFO - Filling up the DagBag from /home/airflow/.local/lib/python3.7/site-packages/airflow/example_dags/example_branch_operator.py
[2023-06-23T13:54:23.784+0000] {processor.py:836} INFO - DAG(s) dict_keys(['example_branch_operator']) retrieved from /home/airflow/.local/lib/python3.7/site-packages/airflow/example_dags/example_branch_operator.py
[2023-06-23T13:54:23.810+0000] {logging_mixin.py:149} INFO - [2023-06-23T13:54:23.809+0000] {dag.py:2726} INFO - Sync 1 DAGs
[2023-06-23T13:54:23.835+0000] {logging_mixin.py:149} INFO - [2023-06-23T13:54:23.834+0000] {dag.py:3490} INFO - Setting next_dagrun for example_branch_operator to 2023-06-22T00:00:00+00:00, run_after=2023-06-23T00:00:00+00:00
[2023-06-23T13:54:23.854+0000] {processor.py:179} INFO - Processing /home/airflow/.local/lib/python3.7/site-packages/airflow/example_dags/example_branch_operator.py took 0.084 seconds
[2023-06-23T13:54:54.334+0000] {processor.py:157} INFO - Started process (PID=2151) to work on /home/airflow/.local/lib/python3.7/site-packages/airflow/example_dags/example_branch_operator.py
[2023-06-23T13:54:54.335+0000] {processor.py:826} INFO - Processing file /home/airflow/.local/lib/python3.7/site-packages/airflow/example_dags/example_branch_operator.py for tasks to queue
[2023-06-23T13:54:54.336+0000] {logging_mixin.py:149} INFO - [2023-06-23T13:54:54.336+0000] {dagbag.py:541} INFO - Filling up the DagBag from /home/airflow/.local/lib/python3.7/site-packages/airflow/example_dags/example_branch_operator.py
[2023-06-23T13:54:54.346+0000] {processor.py:836} INFO - DAG(s) dict_keys(['example_branch_operator']) retrieved from /home/airflow/.local/lib/python3.7/site-packages/airflow/example_dags/example_branch_operator.py
[2023-06-23T13:54:54.373+0000] {logging_mixin.py:149} INFO - [2023-06-23T13:54:54.373+0000] {dag.py:2726} INFO - Sync 1 DAGs
[2023-06-23T13:54:54.403+0000] {logging_mixin.py:149} INFO - [2023-06-23T13:54:54.403+0000] {dag.py:3490} INFO - Setting next_dagrun for example_branch_operator to 2023-06-22T00:00:00+00:00, run_after=2023-06-23T00:00:00+00:00
[2023-06-23T13:54:54.427+0000] {processor.py:179} INFO - Processing /home/airflow/.local/lib/python3.7/site-packages/airflow/example_dags/example_branch_operator.py took 0.096 seconds
[2023-06-23T13:55:24.709+0000] {processor.py:157} INFO - Started process (PID=2217) to work on /home/airflow/.local/lib/python3.7/site-packages/airflow/example_dags/example_branch_operator.py
[2023-06-23T13:55:24.710+0000] {processor.py:826} INFO - Processing file /home/airflow/.local/lib/python3.7/site-packages/airflow/example_dags/example_branch_operator.py for tasks to queue
[2023-06-23T13:55:24.711+0000] {logging_mixin.py:149} INFO - [2023-06-23T13:55:24.711+0000] {dagbag.py:541} INFO - Filling up the DagBag from /home/airflow/.local/lib/python3.7/site-packages/airflow/example_dags/example_branch_operator.py
[2023-06-23T13:55:24.721+0000] {processor.py:836} INFO - DAG(s) dict_keys(['example_branch_operator']) retrieved from /home/airflow/.local/lib/python3.7/site-packages/airflow/example_dags/example_branch_operator.py
[2023-06-23T13:55:24.748+0000] {logging_mixin.py:149} INFO - [2023-06-23T13:55:24.748+0000] {dag.py:2726} INFO - Sync 1 DAGs
[2023-06-23T13:55:24.775+0000] {logging_mixin.py:149} INFO - [2023-06-23T13:55:24.775+0000] {dag.py:3490} INFO - Setting next_dagrun for example_branch_operator to 2023-06-22T00:00:00+00:00, run_after=2023-06-23T00:00:00+00:00
[2023-06-23T13:55:24.795+0000] {processor.py:179} INFO - Processing /home/airflow/.local/lib/python3.7/site-packages/airflow/example_dags/example_branch_operator.py took 0.089 seconds
[2023-06-23T13:55:55.149+0000] {processor.py:157} INFO - Started process (PID=2283) to work on /home/airflow/.local/lib/python3.7/site-packages/airflow/example_dags/example_branch_operator.py
[2023-06-23T13:55:55.150+0000] {processor.py:826} INFO - Processing file /home/airflow/.local/lib/python3.7/site-packages/airflow/example_dags/example_branch_operator.py for tasks to queue
[2023-06-23T13:55:55.152+0000] {logging_mixin.py:149} INFO - [2023-06-23T13:55:55.152+0000] {dagbag.py:541} INFO - Filling up the DagBag from /home/airflow/.local/lib/python3.7/site-packages/airflow/example_dags/example_branch_operator.py
[2023-06-23T13:55:55.163+0000] {processor.py:836} INFO - DAG(s) dict_keys(['example_branch_operator']) retrieved from /home/airflow/.local/lib/python3.7/site-packages/airflow/example_dags/example_branch_operator.py
[2023-06-23T13:55:55.191+0000] {logging_mixin.py:149} INFO - [2023-06-23T13:55:55.191+0000] {dag.py:2726} INFO - Sync 1 DAGs
[2023-06-23T13:55:55.217+0000] {logging_mixin.py:149} INFO - [2023-06-23T13:55:55.216+0000] {dag.py:3490} INFO - Setting next_dagrun for example_branch_operator to 2023-06-22T00:00:00+00:00, run_after=2023-06-23T00:00:00+00:00
[2023-06-23T13:55:55.236+0000] {processor.py:179} INFO - Processing /home/airflow/.local/lib/python3.7/site-packages/airflow/example_dags/example_branch_operator.py took 0.090 seconds
[2023-06-23T13:56:25.656+0000] {processor.py:157} INFO - Started process (PID=2349) to work on /home/airflow/.local/lib/python3.7/site-packages/airflow/example_dags/example_branch_operator.py
[2023-06-23T13:56:25.657+0000] {processor.py:826} INFO - Processing file /home/airflow/.local/lib/python3.7/site-packages/airflow/example_dags/example_branch_operator.py for tasks to queue
[2023-06-23T13:56:25.658+0000] {logging_mixin.py:149} INFO - [2023-06-23T13:56:25.658+0000] {dagbag.py:541} INFO - Filling up the DagBag from /home/airflow/.local/lib/python3.7/site-packages/airflow/example_dags/example_branch_operator.py
[2023-06-23T13:56:25.668+0000] {processor.py:836} INFO - DAG(s) dict_keys(['example_branch_operator']) retrieved from /home/airflow/.local/lib/python3.7/site-packages/airflow/example_dags/example_branch_operator.py
[2023-06-23T13:56:25.696+0000] {logging_mixin.py:149} INFO - [2023-06-23T13:56:25.696+0000] {dag.py:2726} INFO - Sync 1 DAGs
[2023-06-23T13:56:25.726+0000] {logging_mixin.py:149} INFO - [2023-06-23T13:56:25.726+0000] {dag.py:3490} INFO - Setting next_dagrun for example_branch_operator to 2023-06-22T00:00:00+00:00, run_after=2023-06-23T00:00:00+00:00
[2023-06-23T13:56:25.747+0000] {processor.py:179} INFO - Processing /home/airflow/.local/lib/python3.7/site-packages/airflow/example_dags/example_branch_operator.py took 0.094 seconds
[2023-06-23T13:56:55.881+0000] {processor.py:157} INFO - Started process (PID=2415) to work on /home/airflow/.local/lib/python3.7/site-packages/airflow/example_dags/example_branch_operator.py
[2023-06-23T13:56:55.882+0000] {processor.py:826} INFO - Processing file /home/airflow/.local/lib/python3.7/site-packages/airflow/example_dags/example_branch_operator.py for tasks to queue
[2023-06-23T13:56:55.883+0000] {logging_mixin.py:149} INFO - [2023-06-23T13:56:55.883+0000] {dagbag.py:541} INFO - Filling up the DagBag from /home/airflow/.local/lib/python3.7/site-packages/airflow/example_dags/example_branch_operator.py
[2023-06-23T13:56:55.892+0000] {processor.py:836} INFO - DAG(s) dict_keys(['example_branch_operator']) retrieved from /home/airflow/.local/lib/python3.7/site-packages/airflow/example_dags/example_branch_operator.py
[2023-06-23T13:56:55.923+0000] {logging_mixin.py:149} INFO - [2023-06-23T13:56:55.923+0000] {dag.py:2726} INFO - Sync 1 DAGs
[2023-06-23T13:56:55.952+0000] {logging_mixin.py:149} INFO - [2023-06-23T13:56:55.952+0000] {dag.py:3490} INFO - Setting next_dagrun for example_branch_operator to 2023-06-22T00:00:00+00:00, run_after=2023-06-23T00:00:00+00:00
[2023-06-23T13:56:55.975+0000] {processor.py:179} INFO - Processing /home/airflow/.local/lib/python3.7/site-packages/airflow/example_dags/example_branch_operator.py took 0.097 seconds
[2023-06-23T13:57:26.269+0000] {processor.py:157} INFO - Started process (PID=2481) to work on /home/airflow/.local/lib/python3.7/site-packages/airflow/example_dags/example_branch_operator.py
[2023-06-23T13:57:26.270+0000] {processor.py:826} INFO - Processing file /home/airflow/.local/lib/python3.7/site-packages/airflow/example_dags/example_branch_operator.py for tasks to queue
[2023-06-23T13:57:26.271+0000] {logging_mixin.py:149} INFO - [2023-06-23T13:57:26.271+0000] {dagbag.py:541} INFO - Filling up the DagBag from /home/airflow/.local/lib/python3.7/site-packages/airflow/example_dags/example_branch_operator.py
[2023-06-23T13:57:26.280+0000] {processor.py:836} INFO - DAG(s) dict_keys(['example_branch_operator']) retrieved from /home/airflow/.local/lib/python3.7/site-packages/airflow/example_dags/example_branch_operator.py
[2023-06-23T13:57:26.305+0000] {logging_mixin.py:149} INFO - [2023-06-23T13:57:26.305+0000] {dag.py:2726} INFO - Sync 1 DAGs
[2023-06-23T13:57:26.331+0000] {logging_mixin.py:149} INFO - [2023-06-23T13:57:26.331+0000] {dag.py:3490} INFO - Setting next_dagrun for example_branch_operator to 2023-06-22T00:00:00+00:00, run_after=2023-06-23T00:00:00+00:00
[2023-06-23T13:57:26.349+0000] {processor.py:179} INFO - Processing /home/airflow/.local/lib/python3.7/site-packages/airflow/example_dags/example_branch_operator.py took 0.083 seconds
[2023-06-23T13:57:56.710+0000] {processor.py:157} INFO - Started process (PID=2547) to work on /home/airflow/.local/lib/python3.7/site-packages/airflow/example_dags/example_branch_operator.py
[2023-06-23T13:57:56.711+0000] {processor.py:826} INFO - Processing file /home/airflow/.local/lib/python3.7/site-packages/airflow/example_dags/example_branch_operator.py for tasks to queue
[2023-06-23T13:57:56.712+0000] {logging_mixin.py:149} INFO - [2023-06-23T13:57:56.712+0000] {dagbag.py:541} INFO - Filling up the DagBag from /home/airflow/.local/lib/python3.7/site-packages/airflow/example_dags/example_branch_operator.py
[2023-06-23T13:57:56.722+0000] {processor.py:836} INFO - DAG(s) dict_keys(['example_branch_operator']) retrieved from /home/airflow/.local/lib/python3.7/site-packages/airflow/example_dags/example_branch_operator.py
[2023-06-23T13:57:56.746+0000] {logging_mixin.py:149} INFO - [2023-06-23T13:57:56.746+0000] {dag.py:2726} INFO - Sync 1 DAGs
[2023-06-23T13:57:56.771+0000] {logging_mixin.py:149} INFO - [2023-06-23T13:57:56.771+0000] {dag.py:3490} INFO - Setting next_dagrun for example_branch_operator to 2023-06-22T00:00:00+00:00, run_after=2023-06-23T00:00:00+00:00
[2023-06-23T13:57:56.789+0000] {processor.py:179} INFO - Processing /home/airflow/.local/lib/python3.7/site-packages/airflow/example_dags/example_branch_operator.py took 0.082 seconds
[2023-06-23T13:58:26.972+0000] {processor.py:157} INFO - Started process (PID=2613) to work on /home/airflow/.local/lib/python3.7/site-packages/airflow/example_dags/example_branch_operator.py
[2023-06-23T13:58:26.973+0000] {processor.py:826} INFO - Processing file /home/airflow/.local/lib/python3.7/site-packages/airflow/example_dags/example_branch_operator.py for tasks to queue
[2023-06-23T13:58:26.975+0000] {logging_mixin.py:149} INFO - [2023-06-23T13:58:26.975+0000] {dagbag.py:541} INFO - Filling up the DagBag from /home/airflow/.local/lib/python3.7/site-packages/airflow/example_dags/example_branch_operator.py
[2023-06-23T13:58:26.985+0000] {processor.py:836} INFO - DAG(s) dict_keys(['example_branch_operator']) retrieved from /home/airflow/.local/lib/python3.7/site-packages/airflow/example_dags/example_branch_operator.py
[2023-06-23T13:58:27.010+0000] {logging_mixin.py:149} INFO - [2023-06-23T13:58:27.010+0000] {dag.py:2726} INFO - Sync 1 DAGs
[2023-06-23T13:58:27.037+0000] {logging_mixin.py:149} INFO - [2023-06-23T13:58:27.036+0000] {dag.py:3490} INFO - Setting next_dagrun for example_branch_operator to 2023-06-22T00:00:00+00:00, run_after=2023-06-23T00:00:00+00:00
[2023-06-23T13:58:27.056+0000] {processor.py:179} INFO - Processing /home/airflow/.local/lib/python3.7/site-packages/airflow/example_dags/example_branch_operator.py took 0.087 seconds
[2023-06-23T13:58:57.412+0000] {processor.py:157} INFO - Started process (PID=2679) to work on /home/airflow/.local/lib/python3.7/site-packages/airflow/example_dags/example_branch_operator.py
[2023-06-23T13:58:57.413+0000] {processor.py:826} INFO - Processing file /home/airflow/.local/lib/python3.7/site-packages/airflow/example_dags/example_branch_operator.py for tasks to queue
[2023-06-23T13:58:57.414+0000] {logging_mixin.py:149} INFO - [2023-06-23T13:58:57.414+0000] {dagbag.py:541} INFO - Filling up the DagBag from /home/airflow/.local/lib/python3.7/site-packages/airflow/example_dags/example_branch_operator.py
[2023-06-23T13:58:57.424+0000] {processor.py:836} INFO - DAG(s) dict_keys(['example_branch_operator']) retrieved from /home/airflow/.local/lib/python3.7/site-packages/airflow/example_dags/example_branch_operator.py
[2023-06-23T13:58:57.448+0000] {logging_mixin.py:149} INFO - [2023-06-23T13:58:57.448+0000] {dag.py:2726} INFO - Sync 1 DAGs
[2023-06-23T13:58:57.473+0000] {logging_mixin.py:149} INFO - [2023-06-23T13:58:57.473+0000] {dag.py:3490} INFO - Setting next_dagrun for example_branch_operator to 2023-06-22T00:00:00+00:00, run_after=2023-06-23T00:00:00+00:00
[2023-06-23T13:58:57.492+0000] {processor.py:179} INFO - Processing /home/airflow/.local/lib/python3.7/site-packages/airflow/example_dags/example_branch_operator.py took 0.083 seconds
[2023-06-23T13:59:27.787+0000] {processor.py:157} INFO - Started process (PID=2745) to work on /home/airflow/.local/lib/python3.7/site-packages/airflow/example_dags/example_branch_operator.py
[2023-06-23T13:59:27.788+0000] {processor.py:826} INFO - Processing file /home/airflow/.local/lib/python3.7/site-packages/airflow/example_dags/example_branch_operator.py for tasks to queue
[2023-06-23T13:59:27.789+0000] {logging_mixin.py:149} INFO - [2023-06-23T13:59:27.789+0000] {dagbag.py:541} INFO - Filling up the DagBag from /home/airflow/.local/lib/python3.7/site-packages/airflow/example_dags/example_branch_operator.py
[2023-06-23T13:59:27.797+0000] {processor.py:836} INFO - DAG(s) dict_keys(['example_branch_operator']) retrieved from /home/airflow/.local/lib/python3.7/site-packages/airflow/example_dags/example_branch_operator.py
[2023-06-23T13:59:27.823+0000] {logging_mixin.py:149} INFO - [2023-06-23T13:59:27.823+0000] {dag.py:2726} INFO - Sync 1 DAGs
[2023-06-23T13:59:27.849+0000] {logging_mixin.py:149} INFO - [2023-06-23T13:59:27.849+0000] {dag.py:3490} INFO - Setting next_dagrun for example_branch_operator to 2023-06-22T00:00:00+00:00, run_after=2023-06-23T00:00:00+00:00
[2023-06-23T13:59:27.870+0000] {processor.py:179} INFO - Processing /home/airflow/.local/lib/python3.7/site-packages/airflow/example_dags/example_branch_operator.py took 0.087 seconds
[2023-06-23T13:59:58.064+0000] {processor.py:157} INFO - Started process (PID=2811) to work on /home/airflow/.local/lib/python3.7/site-packages/airflow/example_dags/example_branch_operator.py
[2023-06-23T13:59:58.065+0000] {processor.py:826} INFO - Processing file /home/airflow/.local/lib/python3.7/site-packages/airflow/example_dags/example_branch_operator.py for tasks to queue
[2023-06-23T13:59:58.066+0000] {logging_mixin.py:149} INFO - [2023-06-23T13:59:58.066+0000] {dagbag.py:541} INFO - Filling up the DagBag from /home/airflow/.local/lib/python3.7/site-packages/airflow/example_dags/example_branch_operator.py
[2023-06-23T13:59:58.076+0000] {processor.py:836} INFO - DAG(s) dict_keys(['example_branch_operator']) retrieved from /home/airflow/.local/lib/python3.7/site-packages/airflow/example_dags/example_branch_operator.py
[2023-06-23T13:59:58.100+0000] {logging_mixin.py:149} INFO - [2023-06-23T13:59:58.100+0000] {dag.py:2726} INFO - Sync 1 DAGs
[2023-06-23T13:59:58.125+0000] {logging_mixin.py:149} INFO - [2023-06-23T13:59:58.124+0000] {dag.py:3490} INFO - Setting next_dagrun for example_branch_operator to 2023-06-22T00:00:00+00:00, run_after=2023-06-23T00:00:00+00:00
[2023-06-23T13:59:58.144+0000] {processor.py:179} INFO - Processing /home/airflow/.local/lib/python3.7/site-packages/airflow/example_dags/example_branch_operator.py took 0.082 seconds
[2023-06-23T14:00:28.299+0000] {processor.py:157} INFO - Started process (PID=2877) to work on /home/airflow/.local/lib/python3.7/site-packages/airflow/example_dags/example_branch_operator.py
[2023-06-23T14:00:28.300+0000] {processor.py:826} INFO - Processing file /home/airflow/.local/lib/python3.7/site-packages/airflow/example_dags/example_branch_operator.py for tasks to queue
[2023-06-23T14:00:28.301+0000] {logging_mixin.py:149} INFO - [2023-06-23T14:00:28.301+0000] {dagbag.py:541} INFO - Filling up the DagBag from /home/airflow/.local/lib/python3.7/site-packages/airflow/example_dags/example_branch_operator.py
[2023-06-23T14:00:28.311+0000] {processor.py:836} INFO - DAG(s) dict_keys(['example_branch_operator']) retrieved from /home/airflow/.local/lib/python3.7/site-packages/airflow/example_dags/example_branch_operator.py
[2023-06-23T14:00:28.337+0000] {logging_mixin.py:149} INFO - [2023-06-23T14:00:28.337+0000] {dag.py:2726} INFO - Sync 1 DAGs
[2023-06-23T14:00:28.364+0000] {logging_mixin.py:149} INFO - [2023-06-23T14:00:28.364+0000] {dag.py:3490} INFO - Setting next_dagrun for example_branch_operator to 2023-06-22T00:00:00+00:00, run_after=2023-06-23T00:00:00+00:00
[2023-06-23T14:00:28.386+0000] {processor.py:179} INFO - Processing /home/airflow/.local/lib/python3.7/site-packages/airflow/example_dags/example_branch_operator.py took 0.090 seconds
[2023-06-23T14:00:58.730+0000] {processor.py:157} INFO - Started process (PID=2944) to work on /home/airflow/.local/lib/python3.7/site-packages/airflow/example_dags/example_branch_operator.py
[2023-06-23T14:00:58.731+0000] {processor.py:826} INFO - Processing file /home/airflow/.local/lib/python3.7/site-packages/airflow/example_dags/example_branch_operator.py for tasks to queue
[2023-06-23T14:00:58.732+0000] {logging_mixin.py:149} INFO - [2023-06-23T14:00:58.732+0000] {dagbag.py:541} INFO - Filling up the DagBag from /home/airflow/.local/lib/python3.7/site-packages/airflow/example_dags/example_branch_operator.py
[2023-06-23T14:00:58.741+0000] {processor.py:836} INFO - DAG(s) dict_keys(['example_branch_operator']) retrieved from /home/airflow/.local/lib/python3.7/site-packages/airflow/example_dags/example_branch_operator.py
[2023-06-23T14:00:58.769+0000] {logging_mixin.py:149} INFO - [2023-06-23T14:00:58.769+0000] {dag.py:2726} INFO - Sync 1 DAGs
[2023-06-23T14:00:58.799+0000] {logging_mixin.py:149} INFO - [2023-06-23T14:00:58.798+0000] {dag.py:3490} INFO - Setting next_dagrun for example_branch_operator to 2023-06-22T00:00:00+00:00, run_after=2023-06-23T00:00:00+00:00
[2023-06-23T14:00:58.821+0000] {processor.py:179} INFO - Processing /home/airflow/.local/lib/python3.7/site-packages/airflow/example_dags/example_branch_operator.py took 0.095 seconds
[2023-06-23T14:01:28.945+0000] {processor.py:157} INFO - Started process (PID=3010) to work on /home/airflow/.local/lib/python3.7/site-packages/airflow/example_dags/example_branch_operator.py
[2023-06-23T14:01:28.946+0000] {processor.py:826} INFO - Processing file /home/airflow/.local/lib/python3.7/site-packages/airflow/example_dags/example_branch_operator.py for tasks to queue
[2023-06-23T14:01:28.947+0000] {logging_mixin.py:149} INFO - [2023-06-23T14:01:28.947+0000] {dagbag.py:541} INFO - Filling up the DagBag from /home/airflow/.local/lib/python3.7/site-packages/airflow/example_dags/example_branch_operator.py
[2023-06-23T14:01:28.956+0000] {processor.py:836} INFO - DAG(s) dict_keys(['example_branch_operator']) retrieved from /home/airflow/.local/lib/python3.7/site-packages/airflow/example_dags/example_branch_operator.py
[2023-06-23T14:01:28.981+0000] {logging_mixin.py:149} INFO - [2023-06-23T14:01:28.981+0000] {dag.py:2726} INFO - Sync 1 DAGs
[2023-06-23T14:01:29.008+0000] {logging_mixin.py:149} INFO - [2023-06-23T14:01:29.007+0000] {dag.py:3490} INFO - Setting next_dagrun for example_branch_operator to 2023-06-22T00:00:00+00:00, run_after=2023-06-23T00:00:00+00:00
[2023-06-23T14:01:29.028+0000] {processor.py:179} INFO - Processing /home/airflow/.local/lib/python3.7/site-packages/airflow/example_dags/example_branch_operator.py took 0.087 seconds
[2023-06-23T14:01:59.351+0000] {processor.py:157} INFO - Started process (PID=3076) to work on /home/airflow/.local/lib/python3.7/site-packages/airflow/example_dags/example_branch_operator.py
[2023-06-23T14:01:59.352+0000] {processor.py:826} INFO - Processing file /home/airflow/.local/lib/python3.7/site-packages/airflow/example_dags/example_branch_operator.py for tasks to queue
[2023-06-23T14:01:59.353+0000] {logging_mixin.py:149} INFO - [2023-06-23T14:01:59.352+0000] {dagbag.py:541} INFO - Filling up the DagBag from /home/airflow/.local/lib/python3.7/site-packages/airflow/example_dags/example_branch_operator.py
[2023-06-23T14:01:59.362+0000] {processor.py:836} INFO - DAG(s) dict_keys(['example_branch_operator']) retrieved from /home/airflow/.local/lib/python3.7/site-packages/airflow/example_dags/example_branch_operator.py
[2023-06-23T14:01:59.387+0000] {logging_mixin.py:149} INFO - [2023-06-23T14:01:59.386+0000] {dag.py:2726} INFO - Sync 1 DAGs
[2023-06-23T14:01:59.410+0000] {logging_mixin.py:149} INFO - [2023-06-23T14:01:59.410+0000] {dag.py:3490} INFO - Setting next_dagrun for example_branch_operator to 2023-06-22T00:00:00+00:00, run_after=2023-06-23T00:00:00+00:00
[2023-06-23T14:01:59.429+0000] {processor.py:179} INFO - Processing /home/airflow/.local/lib/python3.7/site-packages/airflow/example_dags/example_branch_operator.py took 0.082 seconds
[2023-06-23T14:02:29.691+0000] {processor.py:157} INFO - Started process (PID=3142) to work on /home/airflow/.local/lib/python3.7/site-packages/airflow/example_dags/example_branch_operator.py
[2023-06-23T14:02:29.692+0000] {processor.py:826} INFO - Processing file /home/airflow/.local/lib/python3.7/site-packages/airflow/example_dags/example_branch_operator.py for tasks to queue
[2023-06-23T14:02:29.693+0000] {logging_mixin.py:149} INFO - [2023-06-23T14:02:29.693+0000] {dagbag.py:541} INFO - Filling up the DagBag from /home/airflow/.local/lib/python3.7/site-packages/airflow/example_dags/example_branch_operator.py
[2023-06-23T14:02:29.702+0000] {processor.py:836} INFO - DAG(s) dict_keys(['example_branch_operator']) retrieved from /home/airflow/.local/lib/python3.7/site-packages/airflow/example_dags/example_branch_operator.py
[2023-06-23T14:02:29.726+0000] {logging_mixin.py:149} INFO - [2023-06-23T14:02:29.726+0000] {dag.py:2726} INFO - Sync 1 DAGs
[2023-06-23T14:02:29.750+0000] {logging_mixin.py:149} INFO - [2023-06-23T14:02:29.750+0000] {dag.py:3490} INFO - Setting next_dagrun for example_branch_operator to 2023-06-22T00:00:00+00:00, run_after=2023-06-23T00:00:00+00:00
[2023-06-23T14:02:29.768+0000] {processor.py:179} INFO - Processing /home/airflow/.local/lib/python3.7/site-packages/airflow/example_dags/example_branch_operator.py took 0.080 seconds
[2023-06-23T14:03:00.029+0000] {processor.py:157} INFO - Started process (PID=3208) to work on /home/airflow/.local/lib/python3.7/site-packages/airflow/example_dags/example_branch_operator.py
[2023-06-23T14:03:00.031+0000] {processor.py:826} INFO - Processing file /home/airflow/.local/lib/python3.7/site-packages/airflow/example_dags/example_branch_operator.py for tasks to queue
[2023-06-23T14:03:00.032+0000] {logging_mixin.py:149} INFO - [2023-06-23T14:03:00.031+0000] {dagbag.py:541} INFO - Filling up the DagBag from /home/airflow/.local/lib/python3.7/site-packages/airflow/example_dags/example_branch_operator.py
[2023-06-23T14:03:00.040+0000] {processor.py:836} INFO - DAG(s) dict_keys(['example_branch_operator']) retrieved from /home/airflow/.local/lib/python3.7/site-packages/airflow/example_dags/example_branch_operator.py
[2023-06-23T14:03:00.066+0000] {logging_mixin.py:149} INFO - [2023-06-23T14:03:00.065+0000] {dag.py:2726} INFO - Sync 1 DAGs
[2023-06-23T14:03:00.091+0000] {logging_mixin.py:149} INFO - [2023-06-23T14:03:00.091+0000] {dag.py:3490} INFO - Setting next_dagrun for example_branch_operator to 2023-06-22T00:00:00+00:00, run_after=2023-06-23T00:00:00+00:00
[2023-06-23T14:03:00.111+0000] {processor.py:179} INFO - Processing /home/airflow/.local/lib/python3.7/site-packages/airflow/example_dags/example_branch_operator.py took 0.085 seconds
[2023-06-23T14:03:30.218+0000] {processor.py:157} INFO - Started process (PID=3274) to work on /home/airflow/.local/lib/python3.7/site-packages/airflow/example_dags/example_branch_operator.py
[2023-06-23T14:03:30.219+0000] {processor.py:826} INFO - Processing file /home/airflow/.local/lib/python3.7/site-packages/airflow/example_dags/example_branch_operator.py for tasks to queue
[2023-06-23T14:03:30.220+0000] {logging_mixin.py:149} INFO - [2023-06-23T14:03:30.220+0000] {dagbag.py:541} INFO - Filling up the DagBag from /home/airflow/.local/lib/python3.7/site-packages/airflow/example_dags/example_branch_operator.py
[2023-06-23T14:03:30.228+0000] {processor.py:836} INFO - DAG(s) dict_keys(['example_branch_operator']) retrieved from /home/airflow/.local/lib/python3.7/site-packages/airflow/example_dags/example_branch_operator.py
[2023-06-23T14:03:30.252+0000] {logging_mixin.py:149} INFO - [2023-06-23T14:03:30.252+0000] {dag.py:2726} INFO - Sync 1 DAGs
[2023-06-23T14:03:30.277+0000] {logging_mixin.py:149} INFO - [2023-06-23T14:03:30.277+0000] {dag.py:3490} INFO - Setting next_dagrun for example_branch_operator to 2023-06-22T00:00:00+00:00, run_after=2023-06-23T00:00:00+00:00
[2023-06-23T14:03:30.297+0000] {processor.py:179} INFO - Processing /home/airflow/.local/lib/python3.7/site-packages/airflow/example_dags/example_branch_operator.py took 0.082 seconds
[2023-06-23T14:04:00.562+0000] {processor.py:157} INFO - Started process (PID=3340) to work on /home/airflow/.local/lib/python3.7/site-packages/airflow/example_dags/example_branch_operator.py
[2023-06-23T14:04:00.563+0000] {processor.py:826} INFO - Processing file /home/airflow/.local/lib/python3.7/site-packages/airflow/example_dags/example_branch_operator.py for tasks to queue
[2023-06-23T14:04:00.564+0000] {logging_mixin.py:149} INFO - [2023-06-23T14:04:00.564+0000] {dagbag.py:541} INFO - Filling up the DagBag from /home/airflow/.local/lib/python3.7/site-packages/airflow/example_dags/example_branch_operator.py
[2023-06-23T14:04:00.574+0000] {processor.py:836} INFO - DAG(s) dict_keys(['example_branch_operator']) retrieved from /home/airflow/.local/lib/python3.7/site-packages/airflow/example_dags/example_branch_operator.py
[2023-06-23T14:04:00.599+0000] {logging_mixin.py:149} INFO - [2023-06-23T14:04:00.599+0000] {dag.py:2726} INFO - Sync 1 DAGs
[2023-06-23T14:04:00.625+0000] {logging_mixin.py:149} INFO - [2023-06-23T14:04:00.625+0000] {dag.py:3490} INFO - Setting next_dagrun for example_branch_operator to 2023-06-22T00:00:00+00:00, run_after=2023-06-23T00:00:00+00:00
[2023-06-23T14:04:00.644+0000] {processor.py:179} INFO - Processing /home/airflow/.local/lib/python3.7/site-packages/airflow/example_dags/example_branch_operator.py took 0.085 seconds
