[2023-06-23T13:14:30.702+0000] {processor.py:157} INFO - Started process (PID=48) to work on /home/airflow/.local/lib/python3.7/site-packages/airflow/example_dags/example_branch_python_dop_operator_3.py
[2023-06-23T13:14:30.704+0000] {processor.py:826} INFO - Processing file /home/airflow/.local/lib/python3.7/site-packages/airflow/example_dags/example_branch_python_dop_operator_3.py for tasks to queue
[2023-06-23T13:14:30.705+0000] {logging_mixin.py:149} INFO - [2023-06-23T13:14:30.705+0000] {dagbag.py:541} INFO - Filling up the DagBag from /home/airflow/.local/lib/python3.7/site-packages/airflow/example_dags/example_branch_python_dop_operator_3.py
[2023-06-23T13:14:30.720+0000] {processor.py:836} INFO - DAG(s) dict_keys(['example_branch_dop_operator_v3']) retrieved from /home/airflow/.local/lib/python3.7/site-packages/airflow/example_dags/example_branch_python_dop_operator_3.py
[2023-06-23T13:14:30.737+0000] {logging_mixin.py:149} INFO - [2023-06-23T13:14:30.737+0000] {dag.py:2726} INFO - Sync 1 DAGs
[2023-06-23T13:14:30.792+0000] {logging_mixin.py:149} INFO - [2023-06-23T13:14:30.792+0000] {dag.py:3490} INFO - Setting next_dagrun for example_branch_dop_operator_v3 to 2023-06-23T13:13:00+00:00, run_after=2023-06-23T13:14:00+00:00
[2023-06-23T13:14:30.826+0000] {processor.py:179} INFO - Processing /home/airflow/.local/lib/python3.7/site-packages/airflow/example_dags/example_branch_python_dop_operator_3.py took 0.128 seconds
[2023-06-23T13:15:01.290+0000] {processor.py:157} INFO - Started process (PID=114) to work on /home/airflow/.local/lib/python3.7/site-packages/airflow/example_dags/example_branch_python_dop_operator_3.py
[2023-06-23T13:15:01.292+0000] {processor.py:826} INFO - Processing file /home/airflow/.local/lib/python3.7/site-packages/airflow/example_dags/example_branch_python_dop_operator_3.py for tasks to queue
[2023-06-23T13:15:01.294+0000] {logging_mixin.py:149} INFO - [2023-06-23T13:15:01.294+0000] {dagbag.py:541} INFO - Filling up the DagBag from /home/airflow/.local/lib/python3.7/site-packages/airflow/example_dags/example_branch_python_dop_operator_3.py
[2023-06-23T13:15:01.304+0000] {processor.py:836} INFO - DAG(s) dict_keys(['example_branch_dop_operator_v3']) retrieved from /home/airflow/.local/lib/python3.7/site-packages/airflow/example_dags/example_branch_python_dop_operator_3.py
[2023-06-23T13:15:01.320+0000] {logging_mixin.py:149} INFO - [2023-06-23T13:15:01.320+0000] {dag.py:2726} INFO - Sync 1 DAGs
[2023-06-23T13:15:01.357+0000] {logging_mixin.py:149} INFO - [2023-06-23T13:15:01.357+0000] {dag.py:3490} INFO - Setting next_dagrun for example_branch_dop_operator_v3 to 2023-06-23T13:14:00+00:00, run_after=2023-06-23T13:15:00+00:00
[2023-06-23T13:15:01.383+0000] {processor.py:179} INFO - Processing /home/airflow/.local/lib/python3.7/site-packages/airflow/example_dags/example_branch_python_dop_operator_3.py took 0.098 seconds
[2023-06-23T13:15:31.599+0000] {processor.py:157} INFO - Started process (PID=180) to work on /home/airflow/.local/lib/python3.7/site-packages/airflow/example_dags/example_branch_python_dop_operator_3.py
[2023-06-23T13:15:31.600+0000] {processor.py:826} INFO - Processing file /home/airflow/.local/lib/python3.7/site-packages/airflow/example_dags/example_branch_python_dop_operator_3.py for tasks to queue
[2023-06-23T13:15:31.602+0000] {logging_mixin.py:149} INFO - [2023-06-23T13:15:31.602+0000] {dagbag.py:541} INFO - Filling up the DagBag from /home/airflow/.local/lib/python3.7/site-packages/airflow/example_dags/example_branch_python_dop_operator_3.py
[2023-06-23T13:15:31.611+0000] {processor.py:836} INFO - DAG(s) dict_keys(['example_branch_dop_operator_v3']) retrieved from /home/airflow/.local/lib/python3.7/site-packages/airflow/example_dags/example_branch_python_dop_operator_3.py
[2023-06-23T13:15:31.638+0000] {logging_mixin.py:149} INFO - [2023-06-23T13:15:31.637+0000] {dag.py:2726} INFO - Sync 1 DAGs
[2023-06-23T13:15:31.673+0000] {logging_mixin.py:149} INFO - [2023-06-23T13:15:31.673+0000] {dag.py:3490} INFO - Setting next_dagrun for example_branch_dop_operator_v3 to 2023-06-23T13:14:00+00:00, run_after=2023-06-23T13:15:00+00:00
[2023-06-23T13:15:31.697+0000] {processor.py:179} INFO - Processing /home/airflow/.local/lib/python3.7/site-packages/airflow/example_dags/example_branch_python_dop_operator_3.py took 0.102 seconds
[2023-06-23T13:16:02.041+0000] {processor.py:157} INFO - Started process (PID=246) to work on /home/airflow/.local/lib/python3.7/site-packages/airflow/example_dags/example_branch_python_dop_operator_3.py
[2023-06-23T13:16:02.042+0000] {processor.py:826} INFO - Processing file /home/airflow/.local/lib/python3.7/site-packages/airflow/example_dags/example_branch_python_dop_operator_3.py for tasks to queue
[2023-06-23T13:16:02.043+0000] {logging_mixin.py:149} INFO - [2023-06-23T13:16:02.042+0000] {dagbag.py:541} INFO - Filling up the DagBag from /home/airflow/.local/lib/python3.7/site-packages/airflow/example_dags/example_branch_python_dop_operator_3.py
[2023-06-23T13:16:02.050+0000] {processor.py:836} INFO - DAG(s) dict_keys(['example_branch_dop_operator_v3']) retrieved from /home/airflow/.local/lib/python3.7/site-packages/airflow/example_dags/example_branch_python_dop_operator_3.py
[2023-06-23T13:16:02.074+0000] {logging_mixin.py:149} INFO - [2023-06-23T13:16:02.074+0000] {dag.py:2726} INFO - Sync 1 DAGs
[2023-06-23T13:16:02.104+0000] {logging_mixin.py:149} INFO - [2023-06-23T13:16:02.104+0000] {dag.py:3490} INFO - Setting next_dagrun for example_branch_dop_operator_v3 to 2023-06-23T13:15:00+00:00, run_after=2023-06-23T13:16:00+00:00
[2023-06-23T13:16:02.124+0000] {processor.py:179} INFO - Processing /home/airflow/.local/lib/python3.7/site-packages/airflow/example_dags/example_branch_python_dop_operator_3.py took 0.086 seconds
