[2023-06-23T13:14:31.504+0000] {processor.py:157} INFO - Started process (PID=59) to work on /home/airflow/.local/lib/python3.7/site-packages/airflow/example_dags/example_nested_branch_dag.py
[2023-06-23T13:14:31.505+0000] {processor.py:826} INFO - Processing file /home/airflow/.local/lib/python3.7/site-packages/airflow/example_dags/example_nested_branch_dag.py for tasks to queue
[2023-06-23T13:14:31.506+0000] {logging_mixin.py:149} INFO - [2023-06-23T13:14:31.506+0000] {dagbag.py:541} INFO - Filling up the DagBag from /home/airflow/.local/lib/python3.7/site-packages/airflow/example_dags/example_nested_branch_dag.py
[2023-06-23T13:14:31.519+0000] {processor.py:836} INFO - DAG(s) dict_keys(['example_nested_branch_dag']) retrieved from /home/airflow/.local/lib/python3.7/site-packages/airflow/example_dags/example_nested_branch_dag.py
[2023-06-23T13:14:31.535+0000] {logging_mixin.py:149} INFO - [2023-06-23T13:14:31.535+0000] {dag.py:2726} INFO - Sync 1 DAGs
[2023-06-23T13:14:31.574+0000] {logging_mixin.py:149} INFO - [2023-06-23T13:14:31.574+0000] {dag.py:3490} INFO - Setting next_dagrun for example_nested_branch_dag to 2023-06-22T00:00:00+00:00, run_after=2023-06-23T00:00:00+00:00
[2023-06-23T13:14:31.596+0000] {processor.py:179} INFO - Processing /home/airflow/.local/lib/python3.7/site-packages/airflow/example_dags/example_nested_branch_dag.py took 0.096 seconds
[2023-06-23T13:15:01.918+0000] {processor.py:157} INFO - Started process (PID=125) to work on /home/airflow/.local/lib/python3.7/site-packages/airflow/example_dags/example_nested_branch_dag.py
[2023-06-23T13:15:01.919+0000] {processor.py:826} INFO - Processing file /home/airflow/.local/lib/python3.7/site-packages/airflow/example_dags/example_nested_branch_dag.py for tasks to queue
[2023-06-23T13:15:01.921+0000] {logging_mixin.py:149} INFO - [2023-06-23T13:15:01.921+0000] {dagbag.py:541} INFO - Filling up the DagBag from /home/airflow/.local/lib/python3.7/site-packages/airflow/example_dags/example_nested_branch_dag.py
[2023-06-23T13:15:01.938+0000] {processor.py:836} INFO - DAG(s) dict_keys(['example_nested_branch_dag']) retrieved from /home/airflow/.local/lib/python3.7/site-packages/airflow/example_dags/example_nested_branch_dag.py
[2023-06-23T13:15:01.955+0000] {logging_mixin.py:149} INFO - [2023-06-23T13:15:01.955+0000] {dag.py:2726} INFO - Sync 1 DAGs
[2023-06-23T13:15:02.009+0000] {logging_mixin.py:149} INFO - [2023-06-23T13:15:02.008+0000] {dag.py:3490} INFO - Setting next_dagrun for example_nested_branch_dag to 2023-06-22T00:00:00+00:00, run_after=2023-06-23T00:00:00+00:00
[2023-06-23T13:15:02.040+0000] {processor.py:179} INFO - Processing /home/airflow/.local/lib/python3.7/site-packages/airflow/example_dags/example_nested_branch_dag.py took 0.127 seconds
[2023-06-23T13:15:32.369+0000] {processor.py:157} INFO - Started process (PID=191) to work on /home/airflow/.local/lib/python3.7/site-packages/airflow/example_dags/example_nested_branch_dag.py
[2023-06-23T13:15:32.370+0000] {processor.py:826} INFO - Processing file /home/airflow/.local/lib/python3.7/site-packages/airflow/example_dags/example_nested_branch_dag.py for tasks to queue
[2023-06-23T13:15:32.372+0000] {logging_mixin.py:149} INFO - [2023-06-23T13:15:32.371+0000] {dagbag.py:541} INFO - Filling up the DagBag from /home/airflow/.local/lib/python3.7/site-packages/airflow/example_dags/example_nested_branch_dag.py
[2023-06-23T13:15:32.382+0000] {processor.py:836} INFO - DAG(s) dict_keys(['example_nested_branch_dag']) retrieved from /home/airflow/.local/lib/python3.7/site-packages/airflow/example_dags/example_nested_branch_dag.py
[2023-06-23T13:15:32.408+0000] {logging_mixin.py:149} INFO - [2023-06-23T13:15:32.407+0000] {dag.py:2726} INFO - Sync 1 DAGs
[2023-06-23T13:15:32.437+0000] {logging_mixin.py:149} INFO - [2023-06-23T13:15:32.436+0000] {dag.py:3490} INFO - Setting next_dagrun for example_nested_branch_dag to 2023-06-22T00:00:00+00:00, run_after=2023-06-23T00:00:00+00:00
[2023-06-23T13:15:32.458+0000] {processor.py:179} INFO - Processing /home/airflow/.local/lib/python3.7/site-packages/airflow/example_dags/example_nested_branch_dag.py took 0.092 seconds
[2023-06-23T13:16:02.608+0000] {processor.py:157} INFO - Started process (PID=257) to work on /home/airflow/.local/lib/python3.7/site-packages/airflow/example_dags/example_nested_branch_dag.py
[2023-06-23T13:16:02.609+0000] {processor.py:826} INFO - Processing file /home/airflow/.local/lib/python3.7/site-packages/airflow/example_dags/example_nested_branch_dag.py for tasks to queue
[2023-06-23T13:16:02.610+0000] {logging_mixin.py:149} INFO - [2023-06-23T13:16:02.610+0000] {dagbag.py:541} INFO - Filling up the DagBag from /home/airflow/.local/lib/python3.7/site-packages/airflow/example_dags/example_nested_branch_dag.py
[2023-06-23T13:16:02.619+0000] {processor.py:836} INFO - DAG(s) dict_keys(['example_nested_branch_dag']) retrieved from /home/airflow/.local/lib/python3.7/site-packages/airflow/example_dags/example_nested_branch_dag.py
[2023-06-23T13:16:02.644+0000] {logging_mixin.py:149} INFO - [2023-06-23T13:16:02.644+0000] {dag.py:2726} INFO - Sync 1 DAGs
[2023-06-23T13:16:02.671+0000] {logging_mixin.py:149} INFO - [2023-06-23T13:16:02.671+0000] {dag.py:3490} INFO - Setting next_dagrun for example_nested_branch_dag to 2023-06-22T00:00:00+00:00, run_after=2023-06-23T00:00:00+00:00
[2023-06-23T13:16:02.693+0000] {processor.py:179} INFO - Processing /home/airflow/.local/lib/python3.7/site-packages/airflow/example_dags/example_nested_branch_dag.py took 0.088 seconds
[2023-06-23T13:38:41.448+0000] {processor.py:157} INFO - Started process (PID=58) to work on /home/airflow/.local/lib/python3.7/site-packages/airflow/example_dags/example_nested_branch_dag.py
[2023-06-23T13:38:41.450+0000] {processor.py:826} INFO - Processing file /home/airflow/.local/lib/python3.7/site-packages/airflow/example_dags/example_nested_branch_dag.py for tasks to queue
[2023-06-23T13:38:41.452+0000] {logging_mixin.py:149} INFO - [2023-06-23T13:38:41.452+0000] {dagbag.py:541} INFO - Filling up the DagBag from /home/airflow/.local/lib/python3.7/site-packages/airflow/example_dags/example_nested_branch_dag.py
[2023-06-23T13:38:41.471+0000] {processor.py:836} INFO - DAG(s) dict_keys(['example_nested_branch_dag']) retrieved from /home/airflow/.local/lib/python3.7/site-packages/airflow/example_dags/example_nested_branch_dag.py
[2023-06-23T13:38:41.491+0000] {logging_mixin.py:149} INFO - [2023-06-23T13:38:41.491+0000] {dag.py:2726} INFO - Sync 1 DAGs
[2023-06-23T13:38:41.532+0000] {logging_mixin.py:149} INFO - [2023-06-23T13:38:41.532+0000] {dag.py:3490} INFO - Setting next_dagrun for example_nested_branch_dag to 2023-06-22T00:00:00+00:00, run_after=2023-06-23T00:00:00+00:00
[2023-06-23T13:38:41.558+0000] {processor.py:179} INFO - Processing /home/airflow/.local/lib/python3.7/site-packages/airflow/example_dags/example_nested_branch_dag.py took 0.116 seconds
[2023-06-23T13:39:12.453+0000] {processor.py:157} INFO - Started process (PID=124) to work on /home/airflow/.local/lib/python3.7/site-packages/airflow/example_dags/example_nested_branch_dag.py
[2023-06-23T13:39:12.454+0000] {processor.py:826} INFO - Processing file /home/airflow/.local/lib/python3.7/site-packages/airflow/example_dags/example_nested_branch_dag.py for tasks to queue
[2023-06-23T13:39:12.454+0000] {logging_mixin.py:149} INFO - [2023-06-23T13:39:12.454+0000] {dagbag.py:541} INFO - Filling up the DagBag from /home/airflow/.local/lib/python3.7/site-packages/airflow/example_dags/example_nested_branch_dag.py
[2023-06-23T13:39:12.464+0000] {processor.py:836} INFO - DAG(s) dict_keys(['example_nested_branch_dag']) retrieved from /home/airflow/.local/lib/python3.7/site-packages/airflow/example_dags/example_nested_branch_dag.py
[2023-06-23T13:39:12.488+0000] {logging_mixin.py:149} INFO - [2023-06-23T13:39:12.488+0000] {dag.py:2726} INFO - Sync 1 DAGs
[2023-06-23T13:39:12.512+0000] {logging_mixin.py:149} INFO - [2023-06-23T13:39:12.512+0000] {dag.py:3490} INFO - Setting next_dagrun for example_nested_branch_dag to 2023-06-22T00:00:00+00:00, run_after=2023-06-23T00:00:00+00:00
[2023-06-23T13:39:12.541+0000] {processor.py:179} INFO - Processing /home/airflow/.local/lib/python3.7/site-packages/airflow/example_dags/example_nested_branch_dag.py took 0.091 seconds
[2023-06-23T13:39:42.836+0000] {processor.py:157} INFO - Started process (PID=190) to work on /home/airflow/.local/lib/python3.7/site-packages/airflow/example_dags/example_nested_branch_dag.py
[2023-06-23T13:39:42.837+0000] {processor.py:826} INFO - Processing file /home/airflow/.local/lib/python3.7/site-packages/airflow/example_dags/example_nested_branch_dag.py for tasks to queue
[2023-06-23T13:39:42.838+0000] {logging_mixin.py:149} INFO - [2023-06-23T13:39:42.837+0000] {dagbag.py:541} INFO - Filling up the DagBag from /home/airflow/.local/lib/python3.7/site-packages/airflow/example_dags/example_nested_branch_dag.py
[2023-06-23T13:39:42.846+0000] {processor.py:836} INFO - DAG(s) dict_keys(['example_nested_branch_dag']) retrieved from /home/airflow/.local/lib/python3.7/site-packages/airflow/example_dags/example_nested_branch_dag.py
[2023-06-23T13:39:42.870+0000] {logging_mixin.py:149} INFO - [2023-06-23T13:39:42.870+0000] {dag.py:2726} INFO - Sync 1 DAGs
[2023-06-23T13:39:42.895+0000] {logging_mixin.py:149} INFO - [2023-06-23T13:39:42.895+0000] {dag.py:3490} INFO - Setting next_dagrun for example_nested_branch_dag to 2023-06-22T00:00:00+00:00, run_after=2023-06-23T00:00:00+00:00
[2023-06-23T13:39:42.917+0000] {processor.py:179} INFO - Processing /home/airflow/.local/lib/python3.7/site-packages/airflow/example_dags/example_nested_branch_dag.py took 0.084 seconds
[2023-06-23T13:40:13.768+0000] {processor.py:157} INFO - Started process (PID=256) to work on /home/airflow/.local/lib/python3.7/site-packages/airflow/example_dags/example_nested_branch_dag.py
[2023-06-23T13:40:13.769+0000] {processor.py:826} INFO - Processing file /home/airflow/.local/lib/python3.7/site-packages/airflow/example_dags/example_nested_branch_dag.py for tasks to queue
[2023-06-23T13:40:13.770+0000] {logging_mixin.py:149} INFO - [2023-06-23T13:40:13.770+0000] {dagbag.py:541} INFO - Filling up the DagBag from /home/airflow/.local/lib/python3.7/site-packages/airflow/example_dags/example_nested_branch_dag.py
[2023-06-23T13:40:13.779+0000] {processor.py:836} INFO - DAG(s) dict_keys(['example_nested_branch_dag']) retrieved from /home/airflow/.local/lib/python3.7/site-packages/airflow/example_dags/example_nested_branch_dag.py
[2023-06-23T13:40:13.807+0000] {logging_mixin.py:149} INFO - [2023-06-23T13:40:13.806+0000] {dag.py:2726} INFO - Sync 1 DAGs
[2023-06-23T13:40:13.833+0000] {logging_mixin.py:149} INFO - [2023-06-23T13:40:13.833+0000] {dag.py:3490} INFO - Setting next_dagrun for example_nested_branch_dag to 2023-06-22T00:00:00+00:00, run_after=2023-06-23T00:00:00+00:00
[2023-06-23T13:40:13.853+0000] {processor.py:179} INFO - Processing /home/airflow/.local/lib/python3.7/site-packages/airflow/example_dags/example_nested_branch_dag.py took 0.088 seconds
[2023-06-23T13:40:43.907+0000] {processor.py:157} INFO - Started process (PID=322) to work on /home/airflow/.local/lib/python3.7/site-packages/airflow/example_dags/example_nested_branch_dag.py
[2023-06-23T13:40:43.909+0000] {processor.py:826} INFO - Processing file /home/airflow/.local/lib/python3.7/site-packages/airflow/example_dags/example_nested_branch_dag.py for tasks to queue
[2023-06-23T13:40:43.910+0000] {logging_mixin.py:149} INFO - [2023-06-23T13:40:43.910+0000] {dagbag.py:541} INFO - Filling up the DagBag from /home/airflow/.local/lib/python3.7/site-packages/airflow/example_dags/example_nested_branch_dag.py
[2023-06-23T13:40:43.919+0000] {processor.py:836} INFO - DAG(s) dict_keys(['example_nested_branch_dag']) retrieved from /home/airflow/.local/lib/python3.7/site-packages/airflow/example_dags/example_nested_branch_dag.py
[2023-06-23T13:40:43.944+0000] {logging_mixin.py:149} INFO - [2023-06-23T13:40:43.944+0000] {dag.py:2726} INFO - Sync 1 DAGs
[2023-06-23T13:40:43.968+0000] {logging_mixin.py:149} INFO - [2023-06-23T13:40:43.967+0000] {dag.py:3490} INFO - Setting next_dagrun for example_nested_branch_dag to 2023-06-22T00:00:00+00:00, run_after=2023-06-23T00:00:00+00:00
[2023-06-23T13:40:43.989+0000] {processor.py:179} INFO - Processing /home/airflow/.local/lib/python3.7/site-packages/airflow/example_dags/example_nested_branch_dag.py took 0.085 seconds
[2023-06-23T13:41:14.534+0000] {processor.py:157} INFO - Started process (PID=388) to work on /home/airflow/.local/lib/python3.7/site-packages/airflow/example_dags/example_nested_branch_dag.py
[2023-06-23T13:41:14.535+0000] {processor.py:826} INFO - Processing file /home/airflow/.local/lib/python3.7/site-packages/airflow/example_dags/example_nested_branch_dag.py for tasks to queue
[2023-06-23T13:41:14.536+0000] {logging_mixin.py:149} INFO - [2023-06-23T13:41:14.536+0000] {dagbag.py:541} INFO - Filling up the DagBag from /home/airflow/.local/lib/python3.7/site-packages/airflow/example_dags/example_nested_branch_dag.py
[2023-06-23T13:41:14.544+0000] {processor.py:836} INFO - DAG(s) dict_keys(['example_nested_branch_dag']) retrieved from /home/airflow/.local/lib/python3.7/site-packages/airflow/example_dags/example_nested_branch_dag.py
[2023-06-23T13:41:14.568+0000] {logging_mixin.py:149} INFO - [2023-06-23T13:41:14.568+0000] {dag.py:2726} INFO - Sync 1 DAGs
[2023-06-23T13:41:14.592+0000] {logging_mixin.py:149} INFO - [2023-06-23T13:41:14.592+0000] {dag.py:3490} INFO - Setting next_dagrun for example_nested_branch_dag to 2023-06-22T00:00:00+00:00, run_after=2023-06-23T00:00:00+00:00
[2023-06-23T13:41:14.611+0000] {processor.py:179} INFO - Processing /home/airflow/.local/lib/python3.7/site-packages/airflow/example_dags/example_nested_branch_dag.py took 0.080 seconds
[2023-06-23T13:41:45.225+0000] {processor.py:157} INFO - Started process (PID=454) to work on /home/airflow/.local/lib/python3.7/site-packages/airflow/example_dags/example_nested_branch_dag.py
[2023-06-23T13:41:45.226+0000] {processor.py:826} INFO - Processing file /home/airflow/.local/lib/python3.7/site-packages/airflow/example_dags/example_nested_branch_dag.py for tasks to queue
[2023-06-23T13:41:45.227+0000] {logging_mixin.py:149} INFO - [2023-06-23T13:41:45.227+0000] {dagbag.py:541} INFO - Filling up the DagBag from /home/airflow/.local/lib/python3.7/site-packages/airflow/example_dags/example_nested_branch_dag.py
[2023-06-23T13:41:45.236+0000] {processor.py:836} INFO - DAG(s) dict_keys(['example_nested_branch_dag']) retrieved from /home/airflow/.local/lib/python3.7/site-packages/airflow/example_dags/example_nested_branch_dag.py
[2023-06-23T13:41:45.264+0000] {logging_mixin.py:149} INFO - [2023-06-23T13:41:45.263+0000] {dag.py:2726} INFO - Sync 1 DAGs
[2023-06-23T13:41:45.293+0000] {logging_mixin.py:149} INFO - [2023-06-23T13:41:45.292+0000] {dag.py:3490} INFO - Setting next_dagrun for example_nested_branch_dag to 2023-06-22T00:00:00+00:00, run_after=2023-06-23T00:00:00+00:00
[2023-06-23T13:41:45.313+0000] {processor.py:179} INFO - Processing /home/airflow/.local/lib/python3.7/site-packages/airflow/example_dags/example_nested_branch_dag.py took 0.091 seconds
[2023-06-23T13:42:15.511+0000] {processor.py:157} INFO - Started process (PID=520) to work on /home/airflow/.local/lib/python3.7/site-packages/airflow/example_dags/example_nested_branch_dag.py
[2023-06-23T13:42:15.513+0000] {processor.py:826} INFO - Processing file /home/airflow/.local/lib/python3.7/site-packages/airflow/example_dags/example_nested_branch_dag.py for tasks to queue
[2023-06-23T13:42:15.514+0000] {logging_mixin.py:149} INFO - [2023-06-23T13:42:15.514+0000] {dagbag.py:541} INFO - Filling up the DagBag from /home/airflow/.local/lib/python3.7/site-packages/airflow/example_dags/example_nested_branch_dag.py
[2023-06-23T13:42:15.529+0000] {processor.py:836} INFO - DAG(s) dict_keys(['example_nested_branch_dag']) retrieved from /home/airflow/.local/lib/python3.7/site-packages/airflow/example_dags/example_nested_branch_dag.py
[2023-06-23T13:42:15.557+0000] {logging_mixin.py:149} INFO - [2023-06-23T13:42:15.556+0000] {dag.py:2726} INFO - Sync 1 DAGs
[2023-06-23T13:42:15.585+0000] {logging_mixin.py:149} INFO - [2023-06-23T13:42:15.585+0000] {dag.py:3490} INFO - Setting next_dagrun for example_nested_branch_dag to 2023-06-22T00:00:00+00:00, run_after=2023-06-23T00:00:00+00:00
[2023-06-23T13:42:15.609+0000] {processor.py:179} INFO - Processing /home/airflow/.local/lib/python3.7/site-packages/airflow/example_dags/example_nested_branch_dag.py took 0.101 seconds
[2023-06-23T13:42:46.100+0000] {processor.py:157} INFO - Started process (PID=586) to work on /home/airflow/.local/lib/python3.7/site-packages/airflow/example_dags/example_nested_branch_dag.py
[2023-06-23T13:42:46.101+0000] {processor.py:826} INFO - Processing file /home/airflow/.local/lib/python3.7/site-packages/airflow/example_dags/example_nested_branch_dag.py for tasks to queue
[2023-06-23T13:42:46.102+0000] {logging_mixin.py:149} INFO - [2023-06-23T13:42:46.102+0000] {dagbag.py:541} INFO - Filling up the DagBag from /home/airflow/.local/lib/python3.7/site-packages/airflow/example_dags/example_nested_branch_dag.py
[2023-06-23T13:42:46.113+0000] {processor.py:836} INFO - DAG(s) dict_keys(['example_nested_branch_dag']) retrieved from /home/airflow/.local/lib/python3.7/site-packages/airflow/example_dags/example_nested_branch_dag.py
[2023-06-23T13:42:46.141+0000] {logging_mixin.py:149} INFO - [2023-06-23T13:42:46.140+0000] {dag.py:2726} INFO - Sync 1 DAGs
[2023-06-23T13:42:46.167+0000] {logging_mixin.py:149} INFO - [2023-06-23T13:42:46.166+0000] {dag.py:3490} INFO - Setting next_dagrun for example_nested_branch_dag to 2023-06-22T00:00:00+00:00, run_after=2023-06-23T00:00:00+00:00
[2023-06-23T13:42:46.188+0000] {processor.py:179} INFO - Processing /home/airflow/.local/lib/python3.7/site-packages/airflow/example_dags/example_nested_branch_dag.py took 0.091 seconds
[2023-06-23T13:43:16.298+0000] {processor.py:157} INFO - Started process (PID=653) to work on /home/airflow/.local/lib/python3.7/site-packages/airflow/example_dags/example_nested_branch_dag.py
[2023-06-23T13:43:16.299+0000] {processor.py:826} INFO - Processing file /home/airflow/.local/lib/python3.7/site-packages/airflow/example_dags/example_nested_branch_dag.py for tasks to queue
[2023-06-23T13:43:16.300+0000] {logging_mixin.py:149} INFO - [2023-06-23T13:43:16.300+0000] {dagbag.py:541} INFO - Filling up the DagBag from /home/airflow/.local/lib/python3.7/site-packages/airflow/example_dags/example_nested_branch_dag.py
[2023-06-23T13:43:16.309+0000] {processor.py:836} INFO - DAG(s) dict_keys(['example_nested_branch_dag']) retrieved from /home/airflow/.local/lib/python3.7/site-packages/airflow/example_dags/example_nested_branch_dag.py
[2023-06-23T13:43:16.336+0000] {logging_mixin.py:149} INFO - [2023-06-23T13:43:16.336+0000] {dag.py:2726} INFO - Sync 1 DAGs
[2023-06-23T13:43:16.360+0000] {logging_mixin.py:149} INFO - [2023-06-23T13:43:16.359+0000] {dag.py:3490} INFO - Setting next_dagrun for example_nested_branch_dag to 2023-06-22T00:00:00+00:00, run_after=2023-06-23T00:00:00+00:00
[2023-06-23T13:43:16.378+0000] {processor.py:179} INFO - Processing /home/airflow/.local/lib/python3.7/site-packages/airflow/example_dags/example_nested_branch_dag.py took 0.082 seconds
[2023-06-23T13:43:46.827+0000] {processor.py:157} INFO - Started process (PID=718) to work on /home/airflow/.local/lib/python3.7/site-packages/airflow/example_dags/example_nested_branch_dag.py
[2023-06-23T13:43:46.828+0000] {processor.py:826} INFO - Processing file /home/airflow/.local/lib/python3.7/site-packages/airflow/example_dags/example_nested_branch_dag.py for tasks to queue
[2023-06-23T13:43:46.829+0000] {logging_mixin.py:149} INFO - [2023-06-23T13:43:46.829+0000] {dagbag.py:541} INFO - Filling up the DagBag from /home/airflow/.local/lib/python3.7/site-packages/airflow/example_dags/example_nested_branch_dag.py
[2023-06-23T13:43:46.838+0000] {processor.py:836} INFO - DAG(s) dict_keys(['example_nested_branch_dag']) retrieved from /home/airflow/.local/lib/python3.7/site-packages/airflow/example_dags/example_nested_branch_dag.py
[2023-06-23T13:43:46.861+0000] {logging_mixin.py:149} INFO - [2023-06-23T13:43:46.861+0000] {dag.py:2726} INFO - Sync 1 DAGs
[2023-06-23T13:43:46.886+0000] {logging_mixin.py:149} INFO - [2023-06-23T13:43:46.886+0000] {dag.py:3490} INFO - Setting next_dagrun for example_nested_branch_dag to 2023-06-22T00:00:00+00:00, run_after=2023-06-23T00:00:00+00:00
[2023-06-23T13:43:46.906+0000] {processor.py:179} INFO - Processing /home/airflow/.local/lib/python3.7/site-packages/airflow/example_dags/example_nested_branch_dag.py took 0.081 seconds
[2023-06-23T13:44:17.243+0000] {processor.py:157} INFO - Started process (PID=784) to work on /home/airflow/.local/lib/python3.7/site-packages/airflow/example_dags/example_nested_branch_dag.py
[2023-06-23T13:44:17.244+0000] {processor.py:826} INFO - Processing file /home/airflow/.local/lib/python3.7/site-packages/airflow/example_dags/example_nested_branch_dag.py for tasks to queue
[2023-06-23T13:44:17.245+0000] {logging_mixin.py:149} INFO - [2023-06-23T13:44:17.245+0000] {dagbag.py:541} INFO - Filling up the DagBag from /home/airflow/.local/lib/python3.7/site-packages/airflow/example_dags/example_nested_branch_dag.py
[2023-06-23T13:44:17.255+0000] {processor.py:836} INFO - DAG(s) dict_keys(['example_nested_branch_dag']) retrieved from /home/airflow/.local/lib/python3.7/site-packages/airflow/example_dags/example_nested_branch_dag.py
[2023-06-23T13:44:17.281+0000] {logging_mixin.py:149} INFO - [2023-06-23T13:44:17.281+0000] {dag.py:2726} INFO - Sync 1 DAGs
[2023-06-23T13:44:17.311+0000] {logging_mixin.py:149} INFO - [2023-06-23T13:44:17.310+0000] {dag.py:3490} INFO - Setting next_dagrun for example_nested_branch_dag to 2023-06-22T00:00:00+00:00, run_after=2023-06-23T00:00:00+00:00
[2023-06-23T13:44:17.341+0000] {processor.py:179} INFO - Processing /home/airflow/.local/lib/python3.7/site-packages/airflow/example_dags/example_nested_branch_dag.py took 0.100 seconds
[2023-06-23T13:44:47.824+0000] {processor.py:157} INFO - Started process (PID=850) to work on /home/airflow/.local/lib/python3.7/site-packages/airflow/example_dags/example_nested_branch_dag.py
[2023-06-23T13:44:47.825+0000] {processor.py:826} INFO - Processing file /home/airflow/.local/lib/python3.7/site-packages/airflow/example_dags/example_nested_branch_dag.py for tasks to queue
[2023-06-23T13:44:47.826+0000] {logging_mixin.py:149} INFO - [2023-06-23T13:44:47.826+0000] {dagbag.py:541} INFO - Filling up the DagBag from /home/airflow/.local/lib/python3.7/site-packages/airflow/example_dags/example_nested_branch_dag.py
[2023-06-23T13:44:47.835+0000] {processor.py:836} INFO - DAG(s) dict_keys(['example_nested_branch_dag']) retrieved from /home/airflow/.local/lib/python3.7/site-packages/airflow/example_dags/example_nested_branch_dag.py
[2023-06-23T13:44:47.859+0000] {logging_mixin.py:149} INFO - [2023-06-23T13:44:47.858+0000] {dag.py:2726} INFO - Sync 1 DAGs
[2023-06-23T13:44:47.884+0000] {logging_mixin.py:149} INFO - [2023-06-23T13:44:47.884+0000] {dag.py:3490} INFO - Setting next_dagrun for example_nested_branch_dag to 2023-06-22T00:00:00+00:00, run_after=2023-06-23T00:00:00+00:00
[2023-06-23T13:44:47.903+0000] {processor.py:179} INFO - Processing /home/airflow/.local/lib/python3.7/site-packages/airflow/example_dags/example_nested_branch_dag.py took 0.082 seconds
[2023-06-23T13:45:18.073+0000] {processor.py:157} INFO - Started process (PID=916) to work on /home/airflow/.local/lib/python3.7/site-packages/airflow/example_dags/example_nested_branch_dag.py
[2023-06-23T13:45:18.074+0000] {processor.py:826} INFO - Processing file /home/airflow/.local/lib/python3.7/site-packages/airflow/example_dags/example_nested_branch_dag.py for tasks to queue
[2023-06-23T13:45:18.075+0000] {logging_mixin.py:149} INFO - [2023-06-23T13:45:18.075+0000] {dagbag.py:541} INFO - Filling up the DagBag from /home/airflow/.local/lib/python3.7/site-packages/airflow/example_dags/example_nested_branch_dag.py
[2023-06-23T13:45:18.086+0000] {processor.py:836} INFO - DAG(s) dict_keys(['example_nested_branch_dag']) retrieved from /home/airflow/.local/lib/python3.7/site-packages/airflow/example_dags/example_nested_branch_dag.py
[2023-06-23T13:45:18.112+0000] {logging_mixin.py:149} INFO - [2023-06-23T13:45:18.112+0000] {dag.py:2726} INFO - Sync 1 DAGs
[2023-06-23T13:45:18.141+0000] {logging_mixin.py:149} INFO - [2023-06-23T13:45:18.141+0000] {dag.py:3490} INFO - Setting next_dagrun for example_nested_branch_dag to 2023-06-22T00:00:00+00:00, run_after=2023-06-23T00:00:00+00:00
[2023-06-23T13:45:18.165+0000] {processor.py:179} INFO - Processing /home/airflow/.local/lib/python3.7/site-packages/airflow/example_dags/example_nested_branch_dag.py took 0.095 seconds
[2023-06-23T13:45:48.331+0000] {processor.py:157} INFO - Started process (PID=982) to work on /home/airflow/.local/lib/python3.7/site-packages/airflow/example_dags/example_nested_branch_dag.py
[2023-06-23T13:45:48.332+0000] {processor.py:826} INFO - Processing file /home/airflow/.local/lib/python3.7/site-packages/airflow/example_dags/example_nested_branch_dag.py for tasks to queue
[2023-06-23T13:45:48.333+0000] {logging_mixin.py:149} INFO - [2023-06-23T13:45:48.333+0000] {dagbag.py:541} INFO - Filling up the DagBag from /home/airflow/.local/lib/python3.7/site-packages/airflow/example_dags/example_nested_branch_dag.py
[2023-06-23T13:45:48.342+0000] {processor.py:836} INFO - DAG(s) dict_keys(['example_nested_branch_dag']) retrieved from /home/airflow/.local/lib/python3.7/site-packages/airflow/example_dags/example_nested_branch_dag.py
[2023-06-23T13:45:48.365+0000] {logging_mixin.py:149} INFO - [2023-06-23T13:45:48.365+0000] {dag.py:2726} INFO - Sync 1 DAGs
[2023-06-23T13:45:48.392+0000] {logging_mixin.py:149} INFO - [2023-06-23T13:45:48.392+0000] {dag.py:3490} INFO - Setting next_dagrun for example_nested_branch_dag to 2023-06-22T00:00:00+00:00, run_after=2023-06-23T00:00:00+00:00
[2023-06-23T13:45:48.412+0000] {processor.py:179} INFO - Processing /home/airflow/.local/lib/python3.7/site-packages/airflow/example_dags/example_nested_branch_dag.py took 0.084 seconds
[2023-06-23T13:46:18.591+0000] {processor.py:157} INFO - Started process (PID=1048) to work on /home/airflow/.local/lib/python3.7/site-packages/airflow/example_dags/example_nested_branch_dag.py
[2023-06-23T13:46:18.592+0000] {processor.py:826} INFO - Processing file /home/airflow/.local/lib/python3.7/site-packages/airflow/example_dags/example_nested_branch_dag.py for tasks to queue
[2023-06-23T13:46:18.593+0000] {logging_mixin.py:149} INFO - [2023-06-23T13:46:18.592+0000] {dagbag.py:541} INFO - Filling up the DagBag from /home/airflow/.local/lib/python3.7/site-packages/airflow/example_dags/example_nested_branch_dag.py
[2023-06-23T13:46:18.602+0000] {processor.py:836} INFO - DAG(s) dict_keys(['example_nested_branch_dag']) retrieved from /home/airflow/.local/lib/python3.7/site-packages/airflow/example_dags/example_nested_branch_dag.py
[2023-06-23T13:46:18.627+0000] {logging_mixin.py:149} INFO - [2023-06-23T13:46:18.627+0000] {dag.py:2726} INFO - Sync 1 DAGs
[2023-06-23T13:46:18.655+0000] {logging_mixin.py:149} INFO - [2023-06-23T13:46:18.655+0000] {dag.py:3490} INFO - Setting next_dagrun for example_nested_branch_dag to 2023-06-22T00:00:00+00:00, run_after=2023-06-23T00:00:00+00:00
[2023-06-23T13:46:18.680+0000] {processor.py:179} INFO - Processing /home/airflow/.local/lib/python3.7/site-packages/airflow/example_dags/example_nested_branch_dag.py took 0.092 seconds
[2023-06-23T13:46:48.987+0000] {processor.py:157} INFO - Started process (PID=1114) to work on /home/airflow/.local/lib/python3.7/site-packages/airflow/example_dags/example_nested_branch_dag.py
[2023-06-23T13:46:48.988+0000] {processor.py:826} INFO - Processing file /home/airflow/.local/lib/python3.7/site-packages/airflow/example_dags/example_nested_branch_dag.py for tasks to queue
[2023-06-23T13:46:48.989+0000] {logging_mixin.py:149} INFO - [2023-06-23T13:46:48.989+0000] {dagbag.py:541} INFO - Filling up the DagBag from /home/airflow/.local/lib/python3.7/site-packages/airflow/example_dags/example_nested_branch_dag.py
[2023-06-23T13:46:48.998+0000] {processor.py:836} INFO - DAG(s) dict_keys(['example_nested_branch_dag']) retrieved from /home/airflow/.local/lib/python3.7/site-packages/airflow/example_dags/example_nested_branch_dag.py
[2023-06-23T13:46:49.021+0000] {logging_mixin.py:149} INFO - [2023-06-23T13:46:49.021+0000] {dag.py:2726} INFO - Sync 1 DAGs
[2023-06-23T13:46:49.045+0000] {logging_mixin.py:149} INFO - [2023-06-23T13:46:49.045+0000] {dag.py:3490} INFO - Setting next_dagrun for example_nested_branch_dag to 2023-06-22T00:00:00+00:00, run_after=2023-06-23T00:00:00+00:00
[2023-06-23T13:46:49.066+0000] {processor.py:179} INFO - Processing /home/airflow/.local/lib/python3.7/site-packages/airflow/example_dags/example_nested_branch_dag.py took 0.081 seconds
[2023-06-23T13:47:19.231+0000] {processor.py:157} INFO - Started process (PID=1180) to work on /home/airflow/.local/lib/python3.7/site-packages/airflow/example_dags/example_nested_branch_dag.py
[2023-06-23T13:47:19.232+0000] {processor.py:826} INFO - Processing file /home/airflow/.local/lib/python3.7/site-packages/airflow/example_dags/example_nested_branch_dag.py for tasks to queue
[2023-06-23T13:47:19.233+0000] {logging_mixin.py:149} INFO - [2023-06-23T13:47:19.233+0000] {dagbag.py:541} INFO - Filling up the DagBag from /home/airflow/.local/lib/python3.7/site-packages/airflow/example_dags/example_nested_branch_dag.py
[2023-06-23T13:47:19.242+0000] {processor.py:836} INFO - DAG(s) dict_keys(['example_nested_branch_dag']) retrieved from /home/airflow/.local/lib/python3.7/site-packages/airflow/example_dags/example_nested_branch_dag.py
[2023-06-23T13:47:19.265+0000] {logging_mixin.py:149} INFO - [2023-06-23T13:47:19.265+0000] {dag.py:2726} INFO - Sync 1 DAGs
[2023-06-23T13:47:19.288+0000] {logging_mixin.py:149} INFO - [2023-06-23T13:47:19.288+0000] {dag.py:3490} INFO - Setting next_dagrun for example_nested_branch_dag to 2023-06-22T00:00:00+00:00, run_after=2023-06-23T00:00:00+00:00
[2023-06-23T13:47:19.308+0000] {processor.py:179} INFO - Processing /home/airflow/.local/lib/python3.7/site-packages/airflow/example_dags/example_nested_branch_dag.py took 0.080 seconds
[2023-06-23T13:47:49.639+0000] {processor.py:157} INFO - Started process (PID=1247) to work on /home/airflow/.local/lib/python3.7/site-packages/airflow/example_dags/example_nested_branch_dag.py
[2023-06-23T13:47:49.640+0000] {processor.py:826} INFO - Processing file /home/airflow/.local/lib/python3.7/site-packages/airflow/example_dags/example_nested_branch_dag.py for tasks to queue
[2023-06-23T13:47:49.641+0000] {logging_mixin.py:149} INFO - [2023-06-23T13:47:49.641+0000] {dagbag.py:541} INFO - Filling up the DagBag from /home/airflow/.local/lib/python3.7/site-packages/airflow/example_dags/example_nested_branch_dag.py
[2023-06-23T13:47:49.649+0000] {processor.py:836} INFO - DAG(s) dict_keys(['example_nested_branch_dag']) retrieved from /home/airflow/.local/lib/python3.7/site-packages/airflow/example_dags/example_nested_branch_dag.py
[2023-06-23T13:47:49.673+0000] {logging_mixin.py:149} INFO - [2023-06-23T13:47:49.673+0000] {dag.py:2726} INFO - Sync 1 DAGs
[2023-06-23T13:47:49.696+0000] {logging_mixin.py:149} INFO - [2023-06-23T13:47:49.696+0000] {dag.py:3490} INFO - Setting next_dagrun for example_nested_branch_dag to 2023-06-22T00:00:00+00:00, run_after=2023-06-23T00:00:00+00:00
[2023-06-23T13:47:49.716+0000] {processor.py:179} INFO - Processing /home/airflow/.local/lib/python3.7/site-packages/airflow/example_dags/example_nested_branch_dag.py took 0.080 seconds
[2023-06-23T13:48:19.978+0000] {processor.py:157} INFO - Started process (PID=1313) to work on /home/airflow/.local/lib/python3.7/site-packages/airflow/example_dags/example_nested_branch_dag.py
[2023-06-23T13:48:19.979+0000] {processor.py:826} INFO - Processing file /home/airflow/.local/lib/python3.7/site-packages/airflow/example_dags/example_nested_branch_dag.py for tasks to queue
[2023-06-23T13:48:19.980+0000] {logging_mixin.py:149} INFO - [2023-06-23T13:48:19.980+0000] {dagbag.py:541} INFO - Filling up the DagBag from /home/airflow/.local/lib/python3.7/site-packages/airflow/example_dags/example_nested_branch_dag.py
[2023-06-23T13:48:19.989+0000] {processor.py:836} INFO - DAG(s) dict_keys(['example_nested_branch_dag']) retrieved from /home/airflow/.local/lib/python3.7/site-packages/airflow/example_dags/example_nested_branch_dag.py
[2023-06-23T13:48:20.013+0000] {logging_mixin.py:149} INFO - [2023-06-23T13:48:20.013+0000] {dag.py:2726} INFO - Sync 1 DAGs
[2023-06-23T13:48:20.038+0000] {logging_mixin.py:149} INFO - [2023-06-23T13:48:20.038+0000] {dag.py:3490} INFO - Setting next_dagrun for example_nested_branch_dag to 2023-06-22T00:00:00+00:00, run_after=2023-06-23T00:00:00+00:00
[2023-06-23T13:48:20.062+0000] {processor.py:179} INFO - Processing /home/airflow/.local/lib/python3.7/site-packages/airflow/example_dags/example_nested_branch_dag.py took 0.087 seconds
[2023-06-23T13:48:50.674+0000] {processor.py:157} INFO - Started process (PID=1379) to work on /home/airflow/.local/lib/python3.7/site-packages/airflow/example_dags/example_nested_branch_dag.py
[2023-06-23T13:48:50.675+0000] {processor.py:826} INFO - Processing file /home/airflow/.local/lib/python3.7/site-packages/airflow/example_dags/example_nested_branch_dag.py for tasks to queue
[2023-06-23T13:48:50.676+0000] {logging_mixin.py:149} INFO - [2023-06-23T13:48:50.676+0000] {dagbag.py:541} INFO - Filling up the DagBag from /home/airflow/.local/lib/python3.7/site-packages/airflow/example_dags/example_nested_branch_dag.py
[2023-06-23T13:48:50.685+0000] {processor.py:836} INFO - DAG(s) dict_keys(['example_nested_branch_dag']) retrieved from /home/airflow/.local/lib/python3.7/site-packages/airflow/example_dags/example_nested_branch_dag.py
[2023-06-23T13:48:50.710+0000] {logging_mixin.py:149} INFO - [2023-06-23T13:48:50.710+0000] {dag.py:2726} INFO - Sync 1 DAGs
[2023-06-23T13:48:50.735+0000] {logging_mixin.py:149} INFO - [2023-06-23T13:48:50.735+0000] {dag.py:3490} INFO - Setting next_dagrun for example_nested_branch_dag to 2023-06-22T00:00:00+00:00, run_after=2023-06-23T00:00:00+00:00
[2023-06-23T13:48:50.756+0000] {processor.py:179} INFO - Processing /home/airflow/.local/lib/python3.7/site-packages/airflow/example_dags/example_nested_branch_dag.py took 0.085 seconds
[2023-06-23T13:49:21.138+0000] {processor.py:157} INFO - Started process (PID=1445) to work on /home/airflow/.local/lib/python3.7/site-packages/airflow/example_dags/example_nested_branch_dag.py
[2023-06-23T13:49:21.139+0000] {processor.py:826} INFO - Processing file /home/airflow/.local/lib/python3.7/site-packages/airflow/example_dags/example_nested_branch_dag.py for tasks to queue
[2023-06-23T13:49:21.140+0000] {logging_mixin.py:149} INFO - [2023-06-23T13:49:21.140+0000] {dagbag.py:541} INFO - Filling up the DagBag from /home/airflow/.local/lib/python3.7/site-packages/airflow/example_dags/example_nested_branch_dag.py
[2023-06-23T13:49:21.150+0000] {processor.py:836} INFO - DAG(s) dict_keys(['example_nested_branch_dag']) retrieved from /home/airflow/.local/lib/python3.7/site-packages/airflow/example_dags/example_nested_branch_dag.py
[2023-06-23T13:49:21.176+0000] {logging_mixin.py:149} INFO - [2023-06-23T13:49:21.175+0000] {dag.py:2726} INFO - Sync 1 DAGs
[2023-06-23T13:49:21.201+0000] {logging_mixin.py:149} INFO - [2023-06-23T13:49:21.201+0000] {dag.py:3490} INFO - Setting next_dagrun for example_nested_branch_dag to 2023-06-22T00:00:00+00:00, run_after=2023-06-23T00:00:00+00:00
[2023-06-23T13:49:21.223+0000] {processor.py:179} INFO - Processing /home/airflow/.local/lib/python3.7/site-packages/airflow/example_dags/example_nested_branch_dag.py took 0.088 seconds
[2023-06-23T13:49:51.353+0000] {processor.py:157} INFO - Started process (PID=1511) to work on /home/airflow/.local/lib/python3.7/site-packages/airflow/example_dags/example_nested_branch_dag.py
[2023-06-23T13:49:51.354+0000] {processor.py:826} INFO - Processing file /home/airflow/.local/lib/python3.7/site-packages/airflow/example_dags/example_nested_branch_dag.py for tasks to queue
[2023-06-23T13:49:51.355+0000] {logging_mixin.py:149} INFO - [2023-06-23T13:49:51.355+0000] {dagbag.py:541} INFO - Filling up the DagBag from /home/airflow/.local/lib/python3.7/site-packages/airflow/example_dags/example_nested_branch_dag.py
[2023-06-23T13:49:51.364+0000] {processor.py:836} INFO - DAG(s) dict_keys(['example_nested_branch_dag']) retrieved from /home/airflow/.local/lib/python3.7/site-packages/airflow/example_dags/example_nested_branch_dag.py
[2023-06-23T13:49:51.388+0000] {logging_mixin.py:149} INFO - [2023-06-23T13:49:51.388+0000] {dag.py:2726} INFO - Sync 1 DAGs
[2023-06-23T13:49:51.412+0000] {logging_mixin.py:149} INFO - [2023-06-23T13:49:51.412+0000] {dag.py:3490} INFO - Setting next_dagrun for example_nested_branch_dag to 2023-06-22T00:00:00+00:00, run_after=2023-06-23T00:00:00+00:00
[2023-06-23T13:49:51.433+0000] {processor.py:179} INFO - Processing /home/airflow/.local/lib/python3.7/site-packages/airflow/example_dags/example_nested_branch_dag.py took 0.082 seconds
[2023-06-23T13:50:21.791+0000] {processor.py:157} INFO - Started process (PID=1578) to work on /home/airflow/.local/lib/python3.7/site-packages/airflow/example_dags/example_nested_branch_dag.py
[2023-06-23T13:50:21.792+0000] {processor.py:826} INFO - Processing file /home/airflow/.local/lib/python3.7/site-packages/airflow/example_dags/example_nested_branch_dag.py for tasks to queue
[2023-06-23T13:50:21.793+0000] {logging_mixin.py:149} INFO - [2023-06-23T13:50:21.793+0000] {dagbag.py:541} INFO - Filling up the DagBag from /home/airflow/.local/lib/python3.7/site-packages/airflow/example_dags/example_nested_branch_dag.py
[2023-06-23T13:50:21.803+0000] {processor.py:836} INFO - DAG(s) dict_keys(['example_nested_branch_dag']) retrieved from /home/airflow/.local/lib/python3.7/site-packages/airflow/example_dags/example_nested_branch_dag.py
[2023-06-23T13:50:21.828+0000] {logging_mixin.py:149} INFO - [2023-06-23T13:50:21.828+0000] {dag.py:2726} INFO - Sync 1 DAGs
[2023-06-23T13:50:21.854+0000] {logging_mixin.py:149} INFO - [2023-06-23T13:50:21.854+0000] {dag.py:3490} INFO - Setting next_dagrun for example_nested_branch_dag to 2023-06-22T00:00:00+00:00, run_after=2023-06-23T00:00:00+00:00
[2023-06-23T13:50:21.877+0000] {processor.py:179} INFO - Processing /home/airflow/.local/lib/python3.7/site-packages/airflow/example_dags/example_nested_branch_dag.py took 0.089 seconds
[2023-06-23T13:50:52.120+0000] {processor.py:157} INFO - Started process (PID=1645) to work on /home/airflow/.local/lib/python3.7/site-packages/airflow/example_dags/example_nested_branch_dag.py
[2023-06-23T13:50:52.122+0000] {processor.py:826} INFO - Processing file /home/airflow/.local/lib/python3.7/site-packages/airflow/example_dags/example_nested_branch_dag.py for tasks to queue
[2023-06-23T13:50:52.123+0000] {logging_mixin.py:149} INFO - [2023-06-23T13:50:52.123+0000] {dagbag.py:541} INFO - Filling up the DagBag from /home/airflow/.local/lib/python3.7/site-packages/airflow/example_dags/example_nested_branch_dag.py
[2023-06-23T13:50:52.132+0000] {processor.py:836} INFO - DAG(s) dict_keys(['example_nested_branch_dag']) retrieved from /home/airflow/.local/lib/python3.7/site-packages/airflow/example_dags/example_nested_branch_dag.py
[2023-06-23T13:50:52.156+0000] {logging_mixin.py:149} INFO - [2023-06-23T13:50:52.155+0000] {dag.py:2726} INFO - Sync 1 DAGs
[2023-06-23T13:50:52.181+0000] {logging_mixin.py:149} INFO - [2023-06-23T13:50:52.181+0000] {dag.py:3490} INFO - Setting next_dagrun for example_nested_branch_dag to 2023-06-22T00:00:00+00:00, run_after=2023-06-23T00:00:00+00:00
[2023-06-23T13:50:52.203+0000] {processor.py:179} INFO - Processing /home/airflow/.local/lib/python3.7/site-packages/airflow/example_dags/example_nested_branch_dag.py took 0.085 seconds
[2023-06-23T13:51:22.749+0000] {processor.py:157} INFO - Started process (PID=1711) to work on /home/airflow/.local/lib/python3.7/site-packages/airflow/example_dags/example_nested_branch_dag.py
[2023-06-23T13:51:22.750+0000] {processor.py:826} INFO - Processing file /home/airflow/.local/lib/python3.7/site-packages/airflow/example_dags/example_nested_branch_dag.py for tasks to queue
[2023-06-23T13:51:22.751+0000] {logging_mixin.py:149} INFO - [2023-06-23T13:51:22.751+0000] {dagbag.py:541} INFO - Filling up the DagBag from /home/airflow/.local/lib/python3.7/site-packages/airflow/example_dags/example_nested_branch_dag.py
[2023-06-23T13:51:22.759+0000] {processor.py:836} INFO - DAG(s) dict_keys(['example_nested_branch_dag']) retrieved from /home/airflow/.local/lib/python3.7/site-packages/airflow/example_dags/example_nested_branch_dag.py
[2023-06-23T13:51:22.783+0000] {logging_mixin.py:149} INFO - [2023-06-23T13:51:22.783+0000] {dag.py:2726} INFO - Sync 1 DAGs
[2023-06-23T13:51:22.808+0000] {logging_mixin.py:149} INFO - [2023-06-23T13:51:22.807+0000] {dag.py:3490} INFO - Setting next_dagrun for example_nested_branch_dag to 2023-06-22T00:00:00+00:00, run_after=2023-06-23T00:00:00+00:00
[2023-06-23T13:51:22.827+0000] {processor.py:179} INFO - Processing /home/airflow/.local/lib/python3.7/site-packages/airflow/example_dags/example_nested_branch_dag.py took 0.081 seconds
[2023-06-23T13:51:52.987+0000] {processor.py:157} INFO - Started process (PID=1777) to work on /home/airflow/.local/lib/python3.7/site-packages/airflow/example_dags/example_nested_branch_dag.py
[2023-06-23T13:51:52.988+0000] {processor.py:826} INFO - Processing file /home/airflow/.local/lib/python3.7/site-packages/airflow/example_dags/example_nested_branch_dag.py for tasks to queue
[2023-06-23T13:51:52.989+0000] {logging_mixin.py:149} INFO - [2023-06-23T13:51:52.989+0000] {dagbag.py:541} INFO - Filling up the DagBag from /home/airflow/.local/lib/python3.7/site-packages/airflow/example_dags/example_nested_branch_dag.py
[2023-06-23T13:51:52.998+0000] {processor.py:836} INFO - DAG(s) dict_keys(['example_nested_branch_dag']) retrieved from /home/airflow/.local/lib/python3.7/site-packages/airflow/example_dags/example_nested_branch_dag.py
[2023-06-23T13:51:53.022+0000] {logging_mixin.py:149} INFO - [2023-06-23T13:51:53.022+0000] {dag.py:2726} INFO - Sync 1 DAGs
[2023-06-23T13:51:53.047+0000] {logging_mixin.py:149} INFO - [2023-06-23T13:51:53.047+0000] {dag.py:3490} INFO - Setting next_dagrun for example_nested_branch_dag to 2023-06-22T00:00:00+00:00, run_after=2023-06-23T00:00:00+00:00
[2023-06-23T13:51:53.067+0000] {processor.py:179} INFO - Processing /home/airflow/.local/lib/python3.7/site-packages/airflow/example_dags/example_nested_branch_dag.py took 0.083 seconds
[2023-06-23T13:52:23.346+0000] {processor.py:157} INFO - Started process (PID=1843) to work on /home/airflow/.local/lib/python3.7/site-packages/airflow/example_dags/example_nested_branch_dag.py
[2023-06-23T13:52:23.347+0000] {processor.py:826} INFO - Processing file /home/airflow/.local/lib/python3.7/site-packages/airflow/example_dags/example_nested_branch_dag.py for tasks to queue
[2023-06-23T13:52:23.348+0000] {logging_mixin.py:149} INFO - [2023-06-23T13:52:23.348+0000] {dagbag.py:541} INFO - Filling up the DagBag from /home/airflow/.local/lib/python3.7/site-packages/airflow/example_dags/example_nested_branch_dag.py
[2023-06-23T13:52:23.359+0000] {processor.py:836} INFO - DAG(s) dict_keys(['example_nested_branch_dag']) retrieved from /home/airflow/.local/lib/python3.7/site-packages/airflow/example_dags/example_nested_branch_dag.py
[2023-06-23T13:52:23.390+0000] {logging_mixin.py:149} INFO - [2023-06-23T13:52:23.389+0000] {dag.py:2726} INFO - Sync 1 DAGs
[2023-06-23T13:52:23.419+0000] {logging_mixin.py:149} INFO - [2023-06-23T13:52:23.419+0000] {dag.py:3490} INFO - Setting next_dagrun for example_nested_branch_dag to 2023-06-22T00:00:00+00:00, run_after=2023-06-23T00:00:00+00:00
[2023-06-23T13:52:23.441+0000] {processor.py:179} INFO - Processing /home/airflow/.local/lib/python3.7/site-packages/airflow/example_dags/example_nested_branch_dag.py took 0.100 seconds
[2023-06-23T13:52:53.586+0000] {processor.py:157} INFO - Started process (PID=1909) to work on /home/airflow/.local/lib/python3.7/site-packages/airflow/example_dags/example_nested_branch_dag.py
[2023-06-23T13:52:53.587+0000] {processor.py:826} INFO - Processing file /home/airflow/.local/lib/python3.7/site-packages/airflow/example_dags/example_nested_branch_dag.py for tasks to queue
[2023-06-23T13:52:53.588+0000] {logging_mixin.py:149} INFO - [2023-06-23T13:52:53.588+0000] {dagbag.py:541} INFO - Filling up the DagBag from /home/airflow/.local/lib/python3.7/site-packages/airflow/example_dags/example_nested_branch_dag.py
[2023-06-23T13:52:53.596+0000] {processor.py:836} INFO - DAG(s) dict_keys(['example_nested_branch_dag']) retrieved from /home/airflow/.local/lib/python3.7/site-packages/airflow/example_dags/example_nested_branch_dag.py
[2023-06-23T13:52:53.619+0000] {logging_mixin.py:149} INFO - [2023-06-23T13:52:53.619+0000] {dag.py:2726} INFO - Sync 1 DAGs
[2023-06-23T13:52:53.645+0000] {logging_mixin.py:149} INFO - [2023-06-23T13:52:53.645+0000] {dag.py:3490} INFO - Setting next_dagrun for example_nested_branch_dag to 2023-06-22T00:00:00+00:00, run_after=2023-06-23T00:00:00+00:00
[2023-06-23T13:52:53.667+0000] {processor.py:179} INFO - Processing /home/airflow/.local/lib/python3.7/site-packages/airflow/example_dags/example_nested_branch_dag.py took 0.084 seconds
[2023-06-23T13:53:24.514+0000] {processor.py:157} INFO - Started process (PID=1975) to work on /home/airflow/.local/lib/python3.7/site-packages/airflow/example_dags/example_nested_branch_dag.py
[2023-06-23T13:53:24.515+0000] {processor.py:826} INFO - Processing file /home/airflow/.local/lib/python3.7/site-packages/airflow/example_dags/example_nested_branch_dag.py for tasks to queue
[2023-06-23T13:53:24.516+0000] {logging_mixin.py:149} INFO - [2023-06-23T13:53:24.516+0000] {dagbag.py:541} INFO - Filling up the DagBag from /home/airflow/.local/lib/python3.7/site-packages/airflow/example_dags/example_nested_branch_dag.py
[2023-06-23T13:53:24.526+0000] {processor.py:836} INFO - DAG(s) dict_keys(['example_nested_branch_dag']) retrieved from /home/airflow/.local/lib/python3.7/site-packages/airflow/example_dags/example_nested_branch_dag.py
[2023-06-23T13:53:24.551+0000] {logging_mixin.py:149} INFO - [2023-06-23T13:53:24.551+0000] {dag.py:2726} INFO - Sync 1 DAGs
[2023-06-23T13:53:24.578+0000] {logging_mixin.py:149} INFO - [2023-06-23T13:53:24.578+0000] {dag.py:3490} INFO - Setting next_dagrun for example_nested_branch_dag to 2023-06-22T00:00:00+00:00, run_after=2023-06-23T00:00:00+00:00
[2023-06-23T13:53:24.600+0000] {processor.py:179} INFO - Processing /home/airflow/.local/lib/python3.7/site-packages/airflow/example_dags/example_nested_branch_dag.py took 0.088 seconds
[2023-06-23T13:53:54.779+0000] {processor.py:157} INFO - Started process (PID=2041) to work on /home/airflow/.local/lib/python3.7/site-packages/airflow/example_dags/example_nested_branch_dag.py
[2023-06-23T13:53:54.780+0000] {processor.py:826} INFO - Processing file /home/airflow/.local/lib/python3.7/site-packages/airflow/example_dags/example_nested_branch_dag.py for tasks to queue
[2023-06-23T13:53:54.782+0000] {logging_mixin.py:149} INFO - [2023-06-23T13:53:54.781+0000] {dagbag.py:541} INFO - Filling up the DagBag from /home/airflow/.local/lib/python3.7/site-packages/airflow/example_dags/example_nested_branch_dag.py
[2023-06-23T13:53:54.793+0000] {processor.py:836} INFO - DAG(s) dict_keys(['example_nested_branch_dag']) retrieved from /home/airflow/.local/lib/python3.7/site-packages/airflow/example_dags/example_nested_branch_dag.py
[2023-06-23T13:53:54.823+0000] {logging_mixin.py:149} INFO - [2023-06-23T13:53:54.823+0000] {dag.py:2726} INFO - Sync 1 DAGs
[2023-06-23T13:53:54.853+0000] {logging_mixin.py:149} INFO - [2023-06-23T13:53:54.853+0000] {dag.py:3490} INFO - Setting next_dagrun for example_nested_branch_dag to 2023-06-22T00:00:00+00:00, run_after=2023-06-23T00:00:00+00:00
[2023-06-23T13:53:54.875+0000] {processor.py:179} INFO - Processing /home/airflow/.local/lib/python3.7/site-packages/airflow/example_dags/example_nested_branch_dag.py took 0.099 seconds
[2023-06-23T13:54:25.414+0000] {processor.py:157} INFO - Started process (PID=2107) to work on /home/airflow/.local/lib/python3.7/site-packages/airflow/example_dags/example_nested_branch_dag.py
[2023-06-23T13:54:25.415+0000] {processor.py:826} INFO - Processing file /home/airflow/.local/lib/python3.7/site-packages/airflow/example_dags/example_nested_branch_dag.py for tasks to queue
[2023-06-23T13:54:25.416+0000] {logging_mixin.py:149} INFO - [2023-06-23T13:54:25.416+0000] {dagbag.py:541} INFO - Filling up the DagBag from /home/airflow/.local/lib/python3.7/site-packages/airflow/example_dags/example_nested_branch_dag.py
[2023-06-23T13:54:25.426+0000] {processor.py:836} INFO - DAG(s) dict_keys(['example_nested_branch_dag']) retrieved from /home/airflow/.local/lib/python3.7/site-packages/airflow/example_dags/example_nested_branch_dag.py
[2023-06-23T13:54:25.453+0000] {logging_mixin.py:149} INFO - [2023-06-23T13:54:25.452+0000] {dag.py:2726} INFO - Sync 1 DAGs
[2023-06-23T13:54:25.482+0000] {logging_mixin.py:149} INFO - [2023-06-23T13:54:25.481+0000] {dag.py:3490} INFO - Setting next_dagrun for example_nested_branch_dag to 2023-06-22T00:00:00+00:00, run_after=2023-06-23T00:00:00+00:00
[2023-06-23T13:54:25.502+0000] {processor.py:179} INFO - Processing /home/airflow/.local/lib/python3.7/site-packages/airflow/example_dags/example_nested_branch_dag.py took 0.092 seconds
[2023-06-23T13:54:55.718+0000] {processor.py:157} INFO - Started process (PID=2173) to work on /home/airflow/.local/lib/python3.7/site-packages/airflow/example_dags/example_nested_branch_dag.py
[2023-06-23T13:54:55.719+0000] {processor.py:826} INFO - Processing file /home/airflow/.local/lib/python3.7/site-packages/airflow/example_dags/example_nested_branch_dag.py for tasks to queue
[2023-06-23T13:54:55.720+0000] {logging_mixin.py:149} INFO - [2023-06-23T13:54:55.720+0000] {dagbag.py:541} INFO - Filling up the DagBag from /home/airflow/.local/lib/python3.7/site-packages/airflow/example_dags/example_nested_branch_dag.py
[2023-06-23T13:54:55.729+0000] {processor.py:836} INFO - DAG(s) dict_keys(['example_nested_branch_dag']) retrieved from /home/airflow/.local/lib/python3.7/site-packages/airflow/example_dags/example_nested_branch_dag.py
[2023-06-23T13:54:55.753+0000] {logging_mixin.py:149} INFO - [2023-06-23T13:54:55.753+0000] {dag.py:2726} INFO - Sync 1 DAGs
[2023-06-23T13:54:55.781+0000] {logging_mixin.py:149} INFO - [2023-06-23T13:54:55.781+0000] {dag.py:3490} INFO - Setting next_dagrun for example_nested_branch_dag to 2023-06-22T00:00:00+00:00, run_after=2023-06-23T00:00:00+00:00
[2023-06-23T13:54:55.800+0000] {processor.py:179} INFO - Processing /home/airflow/.local/lib/python3.7/site-packages/airflow/example_dags/example_nested_branch_dag.py took 0.084 seconds
[2023-06-23T13:55:26.075+0000] {processor.py:157} INFO - Started process (PID=2239) to work on /home/airflow/.local/lib/python3.7/site-packages/airflow/example_dags/example_nested_branch_dag.py
[2023-06-23T13:55:26.076+0000] {processor.py:826} INFO - Processing file /home/airflow/.local/lib/python3.7/site-packages/airflow/example_dags/example_nested_branch_dag.py for tasks to queue
[2023-06-23T13:55:26.077+0000] {logging_mixin.py:149} INFO - [2023-06-23T13:55:26.077+0000] {dagbag.py:541} INFO - Filling up the DagBag from /home/airflow/.local/lib/python3.7/site-packages/airflow/example_dags/example_nested_branch_dag.py
[2023-06-23T13:55:26.086+0000] {processor.py:836} INFO - DAG(s) dict_keys(['example_nested_branch_dag']) retrieved from /home/airflow/.local/lib/python3.7/site-packages/airflow/example_dags/example_nested_branch_dag.py
[2023-06-23T13:55:26.111+0000] {logging_mixin.py:149} INFO - [2023-06-23T13:55:26.111+0000] {dag.py:2726} INFO - Sync 1 DAGs
[2023-06-23T13:55:26.136+0000] {logging_mixin.py:149} INFO - [2023-06-23T13:55:26.136+0000] {dag.py:3490} INFO - Setting next_dagrun for example_nested_branch_dag to 2023-06-22T00:00:00+00:00, run_after=2023-06-23T00:00:00+00:00
[2023-06-23T13:55:26.157+0000] {processor.py:179} INFO - Processing /home/airflow/.local/lib/python3.7/site-packages/airflow/example_dags/example_nested_branch_dag.py took 0.085 seconds
[2023-06-23T13:55:56.504+0000] {processor.py:157} INFO - Started process (PID=2305) to work on /home/airflow/.local/lib/python3.7/site-packages/airflow/example_dags/example_nested_branch_dag.py
[2023-06-23T13:55:56.505+0000] {processor.py:826} INFO - Processing file /home/airflow/.local/lib/python3.7/site-packages/airflow/example_dags/example_nested_branch_dag.py for tasks to queue
[2023-06-23T13:55:56.506+0000] {logging_mixin.py:149} INFO - [2023-06-23T13:55:56.506+0000] {dagbag.py:541} INFO - Filling up the DagBag from /home/airflow/.local/lib/python3.7/site-packages/airflow/example_dags/example_nested_branch_dag.py
[2023-06-23T13:55:56.515+0000] {processor.py:836} INFO - DAG(s) dict_keys(['example_nested_branch_dag']) retrieved from /home/airflow/.local/lib/python3.7/site-packages/airflow/example_dags/example_nested_branch_dag.py
[2023-06-23T13:55:56.539+0000] {logging_mixin.py:149} INFO - [2023-06-23T13:55:56.539+0000] {dag.py:2726} INFO - Sync 1 DAGs
[2023-06-23T13:55:56.567+0000] {logging_mixin.py:149} INFO - [2023-06-23T13:55:56.567+0000] {dag.py:3490} INFO - Setting next_dagrun for example_nested_branch_dag to 2023-06-22T00:00:00+00:00, run_after=2023-06-23T00:00:00+00:00
[2023-06-23T13:55:56.588+0000] {processor.py:179} INFO - Processing /home/airflow/.local/lib/python3.7/site-packages/airflow/example_dags/example_nested_branch_dag.py took 0.087 seconds
[2023-06-23T13:56:26.986+0000] {processor.py:157} INFO - Started process (PID=2371) to work on /home/airflow/.local/lib/python3.7/site-packages/airflow/example_dags/example_nested_branch_dag.py
[2023-06-23T13:56:26.987+0000] {processor.py:826} INFO - Processing file /home/airflow/.local/lib/python3.7/site-packages/airflow/example_dags/example_nested_branch_dag.py for tasks to queue
[2023-06-23T13:56:26.988+0000] {logging_mixin.py:149} INFO - [2023-06-23T13:56:26.988+0000] {dagbag.py:541} INFO - Filling up the DagBag from /home/airflow/.local/lib/python3.7/site-packages/airflow/example_dags/example_nested_branch_dag.py
[2023-06-23T13:56:26.999+0000] {processor.py:836} INFO - DAG(s) dict_keys(['example_nested_branch_dag']) retrieved from /home/airflow/.local/lib/python3.7/site-packages/airflow/example_dags/example_nested_branch_dag.py
[2023-06-23T13:56:27.026+0000] {logging_mixin.py:149} INFO - [2023-06-23T13:56:27.025+0000] {dag.py:2726} INFO - Sync 1 DAGs
[2023-06-23T13:56:27.057+0000] {logging_mixin.py:149} INFO - [2023-06-23T13:56:27.057+0000] {dag.py:3490} INFO - Setting next_dagrun for example_nested_branch_dag to 2023-06-22T00:00:00+00:00, run_after=2023-06-23T00:00:00+00:00
[2023-06-23T13:56:27.079+0000] {processor.py:179} INFO - Processing /home/airflow/.local/lib/python3.7/site-packages/airflow/example_dags/example_nested_branch_dag.py took 0.097 seconds
[2023-06-23T13:56:57.282+0000] {processor.py:157} INFO - Started process (PID=2437) to work on /home/airflow/.local/lib/python3.7/site-packages/airflow/example_dags/example_nested_branch_dag.py
[2023-06-23T13:56:57.283+0000] {processor.py:826} INFO - Processing file /home/airflow/.local/lib/python3.7/site-packages/airflow/example_dags/example_nested_branch_dag.py for tasks to queue
[2023-06-23T13:56:57.283+0000] {logging_mixin.py:149} INFO - [2023-06-23T13:56:57.283+0000] {dagbag.py:541} INFO - Filling up the DagBag from /home/airflow/.local/lib/python3.7/site-packages/airflow/example_dags/example_nested_branch_dag.py
[2023-06-23T13:56:57.293+0000] {processor.py:836} INFO - DAG(s) dict_keys(['example_nested_branch_dag']) retrieved from /home/airflow/.local/lib/python3.7/site-packages/airflow/example_dags/example_nested_branch_dag.py
[2023-06-23T13:56:57.316+0000] {logging_mixin.py:149} INFO - [2023-06-23T13:56:57.315+0000] {dag.py:2726} INFO - Sync 1 DAGs
[2023-06-23T13:56:57.340+0000] {logging_mixin.py:149} INFO - [2023-06-23T13:56:57.340+0000] {dag.py:3490} INFO - Setting next_dagrun for example_nested_branch_dag to 2023-06-22T00:00:00+00:00, run_after=2023-06-23T00:00:00+00:00
[2023-06-23T13:56:57.361+0000] {processor.py:179} INFO - Processing /home/airflow/.local/lib/python3.7/site-packages/airflow/example_dags/example_nested_branch_dag.py took 0.082 seconds
[2023-06-23T13:57:27.869+0000] {processor.py:157} INFO - Started process (PID=2503) to work on /home/airflow/.local/lib/python3.7/site-packages/airflow/example_dags/example_nested_branch_dag.py
[2023-06-23T13:57:27.870+0000] {processor.py:826} INFO - Processing file /home/airflow/.local/lib/python3.7/site-packages/airflow/example_dags/example_nested_branch_dag.py for tasks to queue
[2023-06-23T13:57:27.871+0000] {logging_mixin.py:149} INFO - [2023-06-23T13:57:27.871+0000] {dagbag.py:541} INFO - Filling up the DagBag from /home/airflow/.local/lib/python3.7/site-packages/airflow/example_dags/example_nested_branch_dag.py
[2023-06-23T13:57:27.880+0000] {processor.py:836} INFO - DAG(s) dict_keys(['example_nested_branch_dag']) retrieved from /home/airflow/.local/lib/python3.7/site-packages/airflow/example_dags/example_nested_branch_dag.py
[2023-06-23T13:57:27.905+0000] {logging_mixin.py:149} INFO - [2023-06-23T13:57:27.905+0000] {dag.py:2726} INFO - Sync 1 DAGs
[2023-06-23T13:57:27.932+0000] {logging_mixin.py:149} INFO - [2023-06-23T13:57:27.932+0000] {dag.py:3490} INFO - Setting next_dagrun for example_nested_branch_dag to 2023-06-22T00:00:00+00:00, run_after=2023-06-23T00:00:00+00:00
[2023-06-23T13:57:27.951+0000] {processor.py:179} INFO - Processing /home/airflow/.local/lib/python3.7/site-packages/airflow/example_dags/example_nested_branch_dag.py took 0.084 seconds
[2023-06-23T13:57:58.181+0000] {processor.py:157} INFO - Started process (PID=2569) to work on /home/airflow/.local/lib/python3.7/site-packages/airflow/example_dags/example_nested_branch_dag.py
[2023-06-23T13:57:58.182+0000] {processor.py:826} INFO - Processing file /home/airflow/.local/lib/python3.7/site-packages/airflow/example_dags/example_nested_branch_dag.py for tasks to queue
[2023-06-23T13:57:58.183+0000] {logging_mixin.py:149} INFO - [2023-06-23T13:57:58.182+0000] {dagbag.py:541} INFO - Filling up the DagBag from /home/airflow/.local/lib/python3.7/site-packages/airflow/example_dags/example_nested_branch_dag.py
[2023-06-23T13:57:58.192+0000] {processor.py:836} INFO - DAG(s) dict_keys(['example_nested_branch_dag']) retrieved from /home/airflow/.local/lib/python3.7/site-packages/airflow/example_dags/example_nested_branch_dag.py
[2023-06-23T13:57:58.214+0000] {logging_mixin.py:149} INFO - [2023-06-23T13:57:58.214+0000] {dag.py:2726} INFO - Sync 1 DAGs
[2023-06-23T13:57:58.239+0000] {logging_mixin.py:149} INFO - [2023-06-23T13:57:58.239+0000] {dag.py:3490} INFO - Setting next_dagrun for example_nested_branch_dag to 2023-06-22T00:00:00+00:00, run_after=2023-06-23T00:00:00+00:00
[2023-06-23T13:57:58.260+0000] {processor.py:179} INFO - Processing /home/airflow/.local/lib/python3.7/site-packages/airflow/example_dags/example_nested_branch_dag.py took 0.082 seconds
[2023-06-23T13:58:28.498+0000] {processor.py:157} INFO - Started process (PID=2635) to work on /home/airflow/.local/lib/python3.7/site-packages/airflow/example_dags/example_nested_branch_dag.py
[2023-06-23T13:58:28.499+0000] {processor.py:826} INFO - Processing file /home/airflow/.local/lib/python3.7/site-packages/airflow/example_dags/example_nested_branch_dag.py for tasks to queue
[2023-06-23T13:58:28.500+0000] {logging_mixin.py:149} INFO - [2023-06-23T13:58:28.500+0000] {dagbag.py:541} INFO - Filling up the DagBag from /home/airflow/.local/lib/python3.7/site-packages/airflow/example_dags/example_nested_branch_dag.py
[2023-06-23T13:58:28.510+0000] {processor.py:836} INFO - DAG(s) dict_keys(['example_nested_branch_dag']) retrieved from /home/airflow/.local/lib/python3.7/site-packages/airflow/example_dags/example_nested_branch_dag.py
[2023-06-23T13:58:28.534+0000] {logging_mixin.py:149} INFO - [2023-06-23T13:58:28.534+0000] {dag.py:2726} INFO - Sync 1 DAGs
[2023-06-23T13:58:28.560+0000] {logging_mixin.py:149} INFO - [2023-06-23T13:58:28.559+0000] {dag.py:3490} INFO - Setting next_dagrun for example_nested_branch_dag to 2023-06-22T00:00:00+00:00, run_after=2023-06-23T00:00:00+00:00
[2023-06-23T13:58:28.581+0000] {processor.py:179} INFO - Processing /home/airflow/.local/lib/python3.7/site-packages/airflow/example_dags/example_nested_branch_dag.py took 0.086 seconds
[2023-06-23T13:58:58.927+0000] {processor.py:157} INFO - Started process (PID=2701) to work on /home/airflow/.local/lib/python3.7/site-packages/airflow/example_dags/example_nested_branch_dag.py
[2023-06-23T13:58:58.928+0000] {processor.py:826} INFO - Processing file /home/airflow/.local/lib/python3.7/site-packages/airflow/example_dags/example_nested_branch_dag.py for tasks to queue
[2023-06-23T13:58:58.929+0000] {logging_mixin.py:149} INFO - [2023-06-23T13:58:58.929+0000] {dagbag.py:541} INFO - Filling up the DagBag from /home/airflow/.local/lib/python3.7/site-packages/airflow/example_dags/example_nested_branch_dag.py
[2023-06-23T13:58:58.941+0000] {processor.py:836} INFO - DAG(s) dict_keys(['example_nested_branch_dag']) retrieved from /home/airflow/.local/lib/python3.7/site-packages/airflow/example_dags/example_nested_branch_dag.py
[2023-06-23T13:58:58.965+0000] {logging_mixin.py:149} INFO - [2023-06-23T13:58:58.965+0000] {dag.py:2726} INFO - Sync 1 DAGs
[2023-06-23T13:58:58.994+0000] {logging_mixin.py:149} INFO - [2023-06-23T13:58:58.994+0000] {dag.py:3490} INFO - Setting next_dagrun for example_nested_branch_dag to 2023-06-22T00:00:00+00:00, run_after=2023-06-23T00:00:00+00:00
[2023-06-23T13:58:59.015+0000] {processor.py:179} INFO - Processing /home/airflow/.local/lib/python3.7/site-packages/airflow/example_dags/example_nested_branch_dag.py took 0.091 seconds
[2023-06-23T13:59:29.139+0000] {processor.py:157} INFO - Started process (PID=2767) to work on /home/airflow/.local/lib/python3.7/site-packages/airflow/example_dags/example_nested_branch_dag.py
[2023-06-23T13:59:29.140+0000] {processor.py:826} INFO - Processing file /home/airflow/.local/lib/python3.7/site-packages/airflow/example_dags/example_nested_branch_dag.py for tasks to queue
[2023-06-23T13:59:29.141+0000] {logging_mixin.py:149} INFO - [2023-06-23T13:59:29.141+0000] {dagbag.py:541} INFO - Filling up the DagBag from /home/airflow/.local/lib/python3.7/site-packages/airflow/example_dags/example_nested_branch_dag.py
[2023-06-23T13:59:29.150+0000] {processor.py:836} INFO - DAG(s) dict_keys(['example_nested_branch_dag']) retrieved from /home/airflow/.local/lib/python3.7/site-packages/airflow/example_dags/example_nested_branch_dag.py
[2023-06-23T13:59:29.175+0000] {logging_mixin.py:149} INFO - [2023-06-23T13:59:29.174+0000] {dag.py:2726} INFO - Sync 1 DAGs
[2023-06-23T13:59:29.200+0000] {logging_mixin.py:149} INFO - [2023-06-23T13:59:29.200+0000] {dag.py:3490} INFO - Setting next_dagrun for example_nested_branch_dag to 2023-06-22T00:00:00+00:00, run_after=2023-06-23T00:00:00+00:00
[2023-06-23T13:59:29.221+0000] {processor.py:179} INFO - Processing /home/airflow/.local/lib/python3.7/site-packages/airflow/example_dags/example_nested_branch_dag.py took 0.085 seconds
[2023-06-23T13:59:59.319+0000] {processor.py:157} INFO - Started process (PID=2833) to work on /home/airflow/.local/lib/python3.7/site-packages/airflow/example_dags/example_nested_branch_dag.py
[2023-06-23T13:59:59.320+0000] {processor.py:826} INFO - Processing file /home/airflow/.local/lib/python3.7/site-packages/airflow/example_dags/example_nested_branch_dag.py for tasks to queue
[2023-06-23T13:59:59.321+0000] {logging_mixin.py:149} INFO - [2023-06-23T13:59:59.321+0000] {dagbag.py:541} INFO - Filling up the DagBag from /home/airflow/.local/lib/python3.7/site-packages/airflow/example_dags/example_nested_branch_dag.py
[2023-06-23T13:59:59.330+0000] {processor.py:836} INFO - DAG(s) dict_keys(['example_nested_branch_dag']) retrieved from /home/airflow/.local/lib/python3.7/site-packages/airflow/example_dags/example_nested_branch_dag.py
[2023-06-23T13:59:59.355+0000] {logging_mixin.py:149} INFO - [2023-06-23T13:59:59.355+0000] {dag.py:2726} INFO - Sync 1 DAGs
[2023-06-23T13:59:59.380+0000] {logging_mixin.py:149} INFO - [2023-06-23T13:59:59.380+0000] {dag.py:3490} INFO - Setting next_dagrun for example_nested_branch_dag to 2023-06-22T00:00:00+00:00, run_after=2023-06-23T00:00:00+00:00
[2023-06-23T13:59:59.399+0000] {processor.py:179} INFO - Processing /home/airflow/.local/lib/python3.7/site-packages/airflow/example_dags/example_nested_branch_dag.py took 0.083 seconds
[2023-06-23T14:00:29.918+0000] {processor.py:157} INFO - Started process (PID=2899) to work on /home/airflow/.local/lib/python3.7/site-packages/airflow/example_dags/example_nested_branch_dag.py
[2023-06-23T14:00:29.919+0000] {processor.py:826} INFO - Processing file /home/airflow/.local/lib/python3.7/site-packages/airflow/example_dags/example_nested_branch_dag.py for tasks to queue
[2023-06-23T14:00:29.920+0000] {logging_mixin.py:149} INFO - [2023-06-23T14:00:29.920+0000] {dagbag.py:541} INFO - Filling up the DagBag from /home/airflow/.local/lib/python3.7/site-packages/airflow/example_dags/example_nested_branch_dag.py
[2023-06-23T14:00:29.929+0000] {processor.py:836} INFO - DAG(s) dict_keys(['example_nested_branch_dag']) retrieved from /home/airflow/.local/lib/python3.7/site-packages/airflow/example_dags/example_nested_branch_dag.py
[2023-06-23T14:00:29.952+0000] {logging_mixin.py:149} INFO - [2023-06-23T14:00:29.952+0000] {dag.py:2726} INFO - Sync 1 DAGs
[2023-06-23T14:00:29.975+0000] {logging_mixin.py:149} INFO - [2023-06-23T14:00:29.975+0000] {dag.py:3490} INFO - Setting next_dagrun for example_nested_branch_dag to 2023-06-22T00:00:00+00:00, run_after=2023-06-23T00:00:00+00:00
[2023-06-23T14:00:29.994+0000] {processor.py:179} INFO - Processing /home/airflow/.local/lib/python3.7/site-packages/airflow/example_dags/example_nested_branch_dag.py took 0.078 seconds
[2023-06-23T14:01:00.121+0000] {processor.py:157} INFO - Started process (PID=2966) to work on /home/airflow/.local/lib/python3.7/site-packages/airflow/example_dags/example_nested_branch_dag.py
[2023-06-23T14:01:00.122+0000] {processor.py:826} INFO - Processing file /home/airflow/.local/lib/python3.7/site-packages/airflow/example_dags/example_nested_branch_dag.py for tasks to queue
[2023-06-23T14:01:00.123+0000] {logging_mixin.py:149} INFO - [2023-06-23T14:01:00.123+0000] {dagbag.py:541} INFO - Filling up the DagBag from /home/airflow/.local/lib/python3.7/site-packages/airflow/example_dags/example_nested_branch_dag.py
[2023-06-23T14:01:00.132+0000] {processor.py:836} INFO - DAG(s) dict_keys(['example_nested_branch_dag']) retrieved from /home/airflow/.local/lib/python3.7/site-packages/airflow/example_dags/example_nested_branch_dag.py
[2023-06-23T14:01:00.157+0000] {logging_mixin.py:149} INFO - [2023-06-23T14:01:00.157+0000] {dag.py:2726} INFO - Sync 1 DAGs
[2023-06-23T14:01:00.184+0000] {logging_mixin.py:149} INFO - [2023-06-23T14:01:00.184+0000] {dag.py:3490} INFO - Setting next_dagrun for example_nested_branch_dag to 2023-06-22T00:00:00+00:00, run_after=2023-06-23T00:00:00+00:00
[2023-06-23T14:01:00.205+0000] {processor.py:179} INFO - Processing /home/airflow/.local/lib/python3.7/site-packages/airflow/example_dags/example_nested_branch_dag.py took 0.086 seconds
[2023-06-23T14:01:30.396+0000] {processor.py:157} INFO - Started process (PID=3032) to work on /home/airflow/.local/lib/python3.7/site-packages/airflow/example_dags/example_nested_branch_dag.py
[2023-06-23T14:01:30.397+0000] {processor.py:826} INFO - Processing file /home/airflow/.local/lib/python3.7/site-packages/airflow/example_dags/example_nested_branch_dag.py for tasks to queue
[2023-06-23T14:01:30.398+0000] {logging_mixin.py:149} INFO - [2023-06-23T14:01:30.398+0000] {dagbag.py:541} INFO - Filling up the DagBag from /home/airflow/.local/lib/python3.7/site-packages/airflow/example_dags/example_nested_branch_dag.py
[2023-06-23T14:01:30.408+0000] {processor.py:836} INFO - DAG(s) dict_keys(['example_nested_branch_dag']) retrieved from /home/airflow/.local/lib/python3.7/site-packages/airflow/example_dags/example_nested_branch_dag.py
[2023-06-23T14:01:30.437+0000] {logging_mixin.py:149} INFO - [2023-06-23T14:01:30.437+0000] {dag.py:2726} INFO - Sync 1 DAGs
[2023-06-23T14:01:30.466+0000] {logging_mixin.py:149} INFO - [2023-06-23T14:01:30.466+0000] {dag.py:3490} INFO - Setting next_dagrun for example_nested_branch_dag to 2023-06-22T00:00:00+00:00, run_after=2023-06-23T00:00:00+00:00
[2023-06-23T14:01:30.488+0000] {processor.py:179} INFO - Processing /home/airflow/.local/lib/python3.7/site-packages/airflow/example_dags/example_nested_branch_dag.py took 0.096 seconds
[2023-06-23T14:02:00.652+0000] {processor.py:157} INFO - Started process (PID=3098) to work on /home/airflow/.local/lib/python3.7/site-packages/airflow/example_dags/example_nested_branch_dag.py
[2023-06-23T14:02:00.653+0000] {processor.py:826} INFO - Processing file /home/airflow/.local/lib/python3.7/site-packages/airflow/example_dags/example_nested_branch_dag.py for tasks to queue
[2023-06-23T14:02:00.654+0000] {logging_mixin.py:149} INFO - [2023-06-23T14:02:00.654+0000] {dagbag.py:541} INFO - Filling up the DagBag from /home/airflow/.local/lib/python3.7/site-packages/airflow/example_dags/example_nested_branch_dag.py
[2023-06-23T14:02:00.663+0000] {processor.py:836} INFO - DAG(s) dict_keys(['example_nested_branch_dag']) retrieved from /home/airflow/.local/lib/python3.7/site-packages/airflow/example_dags/example_nested_branch_dag.py
[2023-06-23T14:02:00.688+0000] {logging_mixin.py:149} INFO - [2023-06-23T14:02:00.688+0000] {dag.py:2726} INFO - Sync 1 DAGs
[2023-06-23T14:02:00.716+0000] {logging_mixin.py:149} INFO - [2023-06-23T14:02:00.716+0000] {dag.py:3490} INFO - Setting next_dagrun for example_nested_branch_dag to 2023-06-22T00:00:00+00:00, run_after=2023-06-23T00:00:00+00:00
[2023-06-23T14:02:00.734+0000] {processor.py:179} INFO - Processing /home/airflow/.local/lib/python3.7/site-packages/airflow/example_dags/example_nested_branch_dag.py took 0.085 seconds
[2023-06-23T14:02:31.061+0000] {processor.py:157} INFO - Started process (PID=3164) to work on /home/airflow/.local/lib/python3.7/site-packages/airflow/example_dags/example_nested_branch_dag.py
[2023-06-23T14:02:31.062+0000] {processor.py:826} INFO - Processing file /home/airflow/.local/lib/python3.7/site-packages/airflow/example_dags/example_nested_branch_dag.py for tasks to queue
[2023-06-23T14:02:31.063+0000] {logging_mixin.py:149} INFO - [2023-06-23T14:02:31.063+0000] {dagbag.py:541} INFO - Filling up the DagBag from /home/airflow/.local/lib/python3.7/site-packages/airflow/example_dags/example_nested_branch_dag.py
[2023-06-23T14:02:31.073+0000] {processor.py:836} INFO - DAG(s) dict_keys(['example_nested_branch_dag']) retrieved from /home/airflow/.local/lib/python3.7/site-packages/airflow/example_dags/example_nested_branch_dag.py
[2023-06-23T14:02:31.097+0000] {logging_mixin.py:149} INFO - [2023-06-23T14:02:31.096+0000] {dag.py:2726} INFO - Sync 1 DAGs
[2023-06-23T14:02:31.122+0000] {logging_mixin.py:149} INFO - [2023-06-23T14:02:31.122+0000] {dag.py:3490} INFO - Setting next_dagrun for example_nested_branch_dag to 2023-06-22T00:00:00+00:00, run_after=2023-06-23T00:00:00+00:00
[2023-06-23T14:02:31.141+0000] {processor.py:179} INFO - Processing /home/airflow/.local/lib/python3.7/site-packages/airflow/example_dags/example_nested_branch_dag.py took 0.083 seconds
[2023-06-23T14:03:01.396+0000] {processor.py:157} INFO - Started process (PID=3231) to work on /home/airflow/.local/lib/python3.7/site-packages/airflow/example_dags/example_nested_branch_dag.py
[2023-06-23T14:03:01.397+0000] {processor.py:826} INFO - Processing file /home/airflow/.local/lib/python3.7/site-packages/airflow/example_dags/example_nested_branch_dag.py for tasks to queue
[2023-06-23T14:03:01.397+0000] {logging_mixin.py:149} INFO - [2023-06-23T14:03:01.397+0000] {dagbag.py:541} INFO - Filling up the DagBag from /home/airflow/.local/lib/python3.7/site-packages/airflow/example_dags/example_nested_branch_dag.py
[2023-06-23T14:03:01.406+0000] {processor.py:836} INFO - DAG(s) dict_keys(['example_nested_branch_dag']) retrieved from /home/airflow/.local/lib/python3.7/site-packages/airflow/example_dags/example_nested_branch_dag.py
[2023-06-23T14:03:01.429+0000] {logging_mixin.py:149} INFO - [2023-06-23T14:03:01.429+0000] {dag.py:2726} INFO - Sync 1 DAGs
[2023-06-23T14:03:01.458+0000] {logging_mixin.py:149} INFO - [2023-06-23T14:03:01.457+0000] {dag.py:3490} INFO - Setting next_dagrun for example_nested_branch_dag to 2023-06-22T00:00:00+00:00, run_after=2023-06-23T00:00:00+00:00
[2023-06-23T14:03:01.478+0000] {processor.py:179} INFO - Processing /home/airflow/.local/lib/python3.7/site-packages/airflow/example_dags/example_nested_branch_dag.py took 0.086 seconds
[2023-06-23T14:03:31.796+0000] {processor.py:157} INFO - Started process (PID=3296) to work on /home/airflow/.local/lib/python3.7/site-packages/airflow/example_dags/example_nested_branch_dag.py
[2023-06-23T14:03:31.797+0000] {processor.py:826} INFO - Processing file /home/airflow/.local/lib/python3.7/site-packages/airflow/example_dags/example_nested_branch_dag.py for tasks to queue
[2023-06-23T14:03:31.798+0000] {logging_mixin.py:149} INFO - [2023-06-23T14:03:31.798+0000] {dagbag.py:541} INFO - Filling up the DagBag from /home/airflow/.local/lib/python3.7/site-packages/airflow/example_dags/example_nested_branch_dag.py
[2023-06-23T14:03:31.810+0000] {processor.py:836} INFO - DAG(s) dict_keys(['example_nested_branch_dag']) retrieved from /home/airflow/.local/lib/python3.7/site-packages/airflow/example_dags/example_nested_branch_dag.py
[2023-06-23T14:03:31.836+0000] {logging_mixin.py:149} INFO - [2023-06-23T14:03:31.836+0000] {dag.py:2726} INFO - Sync 1 DAGs
[2023-06-23T14:03:31.861+0000] {logging_mixin.py:149} INFO - [2023-06-23T14:03:31.861+0000] {dag.py:3490} INFO - Setting next_dagrun for example_nested_branch_dag to 2023-06-22T00:00:00+00:00, run_after=2023-06-23T00:00:00+00:00
[2023-06-23T14:03:31.881+0000] {processor.py:179} INFO - Processing /home/airflow/.local/lib/python3.7/site-packages/airflow/example_dags/example_nested_branch_dag.py took 0.088 seconds
