[2023-06-23T13:14:32.020+0000] {processor.py:157} INFO - Started process (PID=67) to work on /home/airflow/.local/lib/python3.7/site-packages/airflow/example_dags/example_python_operator.py
[2023-06-23T13:14:32.022+0000] {processor.py:826} INFO - Processing file /home/airflow/.local/lib/python3.7/site-packages/airflow/example_dags/example_python_operator.py for tasks to queue
[2023-06-23T13:14:32.023+0000] {logging_mixin.py:149} INFO - [2023-06-23T13:14:32.023+0000] {dagbag.py:541} INFO - Filling up the DagBag from /home/airflow/.local/lib/python3.7/site-packages/airflow/example_dags/example_python_operator.py
[2023-06-23T13:14:32.035+0000] {logging_mixin.py:149} INFO - [2023-06-23T13:14:32.035+0000] {taskmixin.py:211} WARNING - Dependency <Task(_PythonDecoratedOperator): print_the_context>, log_sql_query already registered for DAG: example_python_operator
[2023-06-23T13:14:32.036+0000] {logging_mixin.py:149} INFO - [2023-06-23T13:14:32.036+0000] {taskmixin.py:211} WARNING - Dependency <Task(_PythonDecoratedOperator): log_sql_query>, print_the_context already registered for DAG: example_python_operator
[2023-06-23T13:14:32.038+0000] {logging_mixin.py:149} INFO - [2023-06-23T13:14:32.038+0000] {taskmixin.py:211} WARNING - Dependency <Task(_PythonDecoratedOperator): print_the_context>, log_sql_query already registered for DAG: example_python_operator
[2023-06-23T13:14:32.039+0000] {logging_mixin.py:149} INFO - [2023-06-23T13:14:32.039+0000] {taskmixin.py:211} WARNING - Dependency <Task(_PythonDecoratedOperator): log_sql_query>, print_the_context already registered for DAG: example_python_operator
[2023-06-23T13:14:32.041+0000] {logging_mixin.py:149} INFO - [2023-06-23T13:14:32.040+0000] {taskmixin.py:211} WARNING - Dependency <Task(_PythonDecoratedOperator): print_the_context>, log_sql_query already registered for DAG: example_python_operator
[2023-06-23T13:14:32.041+0000] {logging_mixin.py:149} INFO - [2023-06-23T13:14:32.041+0000] {taskmixin.py:211} WARNING - Dependency <Task(_PythonDecoratedOperator): log_sql_query>, print_the_context already registered for DAG: example_python_operator
[2023-06-23T13:14:32.043+0000] {logging_mixin.py:149} INFO - [2023-06-23T13:14:32.042+0000] {taskmixin.py:211} WARNING - Dependency <Task(_PythonDecoratedOperator): print_the_context>, log_sql_query already registered for DAG: example_python_operator
[2023-06-23T13:14:32.043+0000] {logging_mixin.py:149} INFO - [2023-06-23T13:14:32.043+0000] {taskmixin.py:211} WARNING - Dependency <Task(_PythonDecoratedOperator): log_sql_query>, print_the_context already registered for DAG: example_python_operator
[2023-06-23T13:14:32.047+0000] {processor.py:836} INFO - DAG(s) dict_keys(['example_python_operator']) retrieved from /home/airflow/.local/lib/python3.7/site-packages/airflow/example_dags/example_python_operator.py
[2023-06-23T13:14:32.063+0000] {logging_mixin.py:149} INFO - [2023-06-23T13:14:32.063+0000] {dag.py:2726} INFO - Sync 1 DAGs
[2023-06-23T13:14:32.094+0000] {logging_mixin.py:149} INFO - [2023-06-23T13:14:32.094+0000] {dag.py:3490} INFO - Setting next_dagrun for example_python_operator to None, run_after=None
[2023-06-23T13:14:32.126+0000] {processor.py:179} INFO - Processing /home/airflow/.local/lib/python3.7/site-packages/airflow/example_dags/example_python_operator.py took 0.110 seconds
[2023-06-23T13:15:02.435+0000] {processor.py:157} INFO - Started process (PID=133) to work on /home/airflow/.local/lib/python3.7/site-packages/airflow/example_dags/example_python_operator.py
[2023-06-23T13:15:02.436+0000] {processor.py:826} INFO - Processing file /home/airflow/.local/lib/python3.7/site-packages/airflow/example_dags/example_python_operator.py for tasks to queue
[2023-06-23T13:15:02.437+0000] {logging_mixin.py:149} INFO - [2023-06-23T13:15:02.437+0000] {dagbag.py:541} INFO - Filling up the DagBag from /home/airflow/.local/lib/python3.7/site-packages/airflow/example_dags/example_python_operator.py
[2023-06-23T13:15:02.445+0000] {logging_mixin.py:149} INFO - [2023-06-23T13:15:02.444+0000] {taskmixin.py:211} WARNING - Dependency <Task(_PythonDecoratedOperator): print_the_context>, log_sql_query already registered for DAG: example_python_operator
[2023-06-23T13:15:02.445+0000] {logging_mixin.py:149} INFO - [2023-06-23T13:15:02.445+0000] {taskmixin.py:211} WARNING - Dependency <Task(_PythonDecoratedOperator): log_sql_query>, print_the_context already registered for DAG: example_python_operator
[2023-06-23T13:15:02.447+0000] {logging_mixin.py:149} INFO - [2023-06-23T13:15:02.447+0000] {taskmixin.py:211} WARNING - Dependency <Task(_PythonDecoratedOperator): print_the_context>, log_sql_query already registered for DAG: example_python_operator
[2023-06-23T13:15:02.447+0000] {logging_mixin.py:149} INFO - [2023-06-23T13:15:02.447+0000] {taskmixin.py:211} WARNING - Dependency <Task(_PythonDecoratedOperator): log_sql_query>, print_the_context already registered for DAG: example_python_operator
[2023-06-23T13:15:02.449+0000] {logging_mixin.py:149} INFO - [2023-06-23T13:15:02.449+0000] {taskmixin.py:211} WARNING - Dependency <Task(_PythonDecoratedOperator): print_the_context>, log_sql_query already registered for DAG: example_python_operator
[2023-06-23T13:15:02.449+0000] {logging_mixin.py:149} INFO - [2023-06-23T13:15:02.449+0000] {taskmixin.py:211} WARNING - Dependency <Task(_PythonDecoratedOperator): log_sql_query>, print_the_context already registered for DAG: example_python_operator
[2023-06-23T13:15:02.452+0000] {logging_mixin.py:149} INFO - [2023-06-23T13:15:02.452+0000] {taskmixin.py:211} WARNING - Dependency <Task(_PythonDecoratedOperator): print_the_context>, log_sql_query already registered for DAG: example_python_operator
[2023-06-23T13:15:02.453+0000] {logging_mixin.py:149} INFO - [2023-06-23T13:15:02.453+0000] {taskmixin.py:211} WARNING - Dependency <Task(_PythonDecoratedOperator): log_sql_query>, print_the_context already registered for DAG: example_python_operator
[2023-06-23T13:15:02.458+0000] {processor.py:836} INFO - DAG(s) dict_keys(['example_python_operator']) retrieved from /home/airflow/.local/lib/python3.7/site-packages/airflow/example_dags/example_python_operator.py
[2023-06-23T13:15:02.473+0000] {logging_mixin.py:149} INFO - [2023-06-23T13:15:02.472+0000] {dag.py:2726} INFO - Sync 1 DAGs
[2023-06-23T13:15:02.504+0000] {logging_mixin.py:149} INFO - [2023-06-23T13:15:02.503+0000] {dag.py:3490} INFO - Setting next_dagrun for example_python_operator to None, run_after=None
[2023-06-23T13:15:02.527+0000] {processor.py:179} INFO - Processing /home/airflow/.local/lib/python3.7/site-packages/airflow/example_dags/example_python_operator.py took 0.096 seconds
[2023-06-23T13:15:32.775+0000] {processor.py:157} INFO - Started process (PID=199) to work on /home/airflow/.local/lib/python3.7/site-packages/airflow/example_dags/example_python_operator.py
[2023-06-23T13:15:32.776+0000] {processor.py:826} INFO - Processing file /home/airflow/.local/lib/python3.7/site-packages/airflow/example_dags/example_python_operator.py for tasks to queue
[2023-06-23T13:15:32.777+0000] {logging_mixin.py:149} INFO - [2023-06-23T13:15:32.777+0000] {dagbag.py:541} INFO - Filling up the DagBag from /home/airflow/.local/lib/python3.7/site-packages/airflow/example_dags/example_python_operator.py
[2023-06-23T13:15:32.784+0000] {logging_mixin.py:149} INFO - [2023-06-23T13:15:32.784+0000] {taskmixin.py:211} WARNING - Dependency <Task(_PythonDecoratedOperator): print_the_context>, log_sql_query already registered for DAG: example_python_operator
[2023-06-23T13:15:32.784+0000] {logging_mixin.py:149} INFO - [2023-06-23T13:15:32.784+0000] {taskmixin.py:211} WARNING - Dependency <Task(_PythonDecoratedOperator): log_sql_query>, print_the_context already registered for DAG: example_python_operator
[2023-06-23T13:15:32.785+0000] {logging_mixin.py:149} INFO - [2023-06-23T13:15:32.785+0000] {taskmixin.py:211} WARNING - Dependency <Task(_PythonDecoratedOperator): print_the_context>, log_sql_query already registered for DAG: example_python_operator
[2023-06-23T13:15:32.786+0000] {logging_mixin.py:149} INFO - [2023-06-23T13:15:32.786+0000] {taskmixin.py:211} WARNING - Dependency <Task(_PythonDecoratedOperator): log_sql_query>, print_the_context already registered for DAG: example_python_operator
[2023-06-23T13:15:32.787+0000] {logging_mixin.py:149} INFO - [2023-06-23T13:15:32.787+0000] {taskmixin.py:211} WARNING - Dependency <Task(_PythonDecoratedOperator): print_the_context>, log_sql_query already registered for DAG: example_python_operator
[2023-06-23T13:15:32.788+0000] {logging_mixin.py:149} INFO - [2023-06-23T13:15:32.787+0000] {taskmixin.py:211} WARNING - Dependency <Task(_PythonDecoratedOperator): log_sql_query>, print_the_context already registered for DAG: example_python_operator
[2023-06-23T13:15:32.789+0000] {logging_mixin.py:149} INFO - [2023-06-23T13:15:32.788+0000] {taskmixin.py:211} WARNING - Dependency <Task(_PythonDecoratedOperator): print_the_context>, log_sql_query already registered for DAG: example_python_operator
[2023-06-23T13:15:32.789+0000] {logging_mixin.py:149} INFO - [2023-06-23T13:15:32.789+0000] {taskmixin.py:211} WARNING - Dependency <Task(_PythonDecoratedOperator): log_sql_query>, print_the_context already registered for DAG: example_python_operator
[2023-06-23T13:15:32.792+0000] {processor.py:836} INFO - DAG(s) dict_keys(['example_python_operator']) retrieved from /home/airflow/.local/lib/python3.7/site-packages/airflow/example_dags/example_python_operator.py
[2023-06-23T13:15:32.855+0000] {logging_mixin.py:149} INFO - [2023-06-23T13:15:32.855+0000] {dag.py:2726} INFO - Sync 1 DAGs
[2023-06-23T13:15:32.879+0000] {logging_mixin.py:149} INFO - [2023-06-23T13:15:32.879+0000] {dag.py:3490} INFO - Setting next_dagrun for example_python_operator to None, run_after=None
[2023-06-23T13:15:32.899+0000] {processor.py:179} INFO - Processing /home/airflow/.local/lib/python3.7/site-packages/airflow/example_dags/example_python_operator.py took 0.127 seconds
[2023-06-23T13:16:03.048+0000] {processor.py:157} INFO - Started process (PID=265) to work on /home/airflow/.local/lib/python3.7/site-packages/airflow/example_dags/example_python_operator.py
[2023-06-23T13:16:03.049+0000] {processor.py:826} INFO - Processing file /home/airflow/.local/lib/python3.7/site-packages/airflow/example_dags/example_python_operator.py for tasks to queue
[2023-06-23T13:16:03.050+0000] {logging_mixin.py:149} INFO - [2023-06-23T13:16:03.050+0000] {dagbag.py:541} INFO - Filling up the DagBag from /home/airflow/.local/lib/python3.7/site-packages/airflow/example_dags/example_python_operator.py
[2023-06-23T13:16:03.057+0000] {logging_mixin.py:149} INFO - [2023-06-23T13:16:03.057+0000] {taskmixin.py:211} WARNING - Dependency <Task(_PythonDecoratedOperator): print_the_context>, log_sql_query already registered for DAG: example_python_operator
[2023-06-23T13:16:03.058+0000] {logging_mixin.py:149} INFO - [2023-06-23T13:16:03.057+0000] {taskmixin.py:211} WARNING - Dependency <Task(_PythonDecoratedOperator): log_sql_query>, print_the_context already registered for DAG: example_python_operator
[2023-06-23T13:16:03.059+0000] {logging_mixin.py:149} INFO - [2023-06-23T13:16:03.058+0000] {taskmixin.py:211} WARNING - Dependency <Task(_PythonDecoratedOperator): print_the_context>, log_sql_query already registered for DAG: example_python_operator
[2023-06-23T13:16:03.059+0000] {logging_mixin.py:149} INFO - [2023-06-23T13:16:03.059+0000] {taskmixin.py:211} WARNING - Dependency <Task(_PythonDecoratedOperator): log_sql_query>, print_the_context already registered for DAG: example_python_operator
[2023-06-23T13:16:03.061+0000] {logging_mixin.py:149} INFO - [2023-06-23T13:16:03.061+0000] {taskmixin.py:211} WARNING - Dependency <Task(_PythonDecoratedOperator): print_the_context>, log_sql_query already registered for DAG: example_python_operator
[2023-06-23T13:16:03.062+0000] {logging_mixin.py:149} INFO - [2023-06-23T13:16:03.062+0000] {taskmixin.py:211} WARNING - Dependency <Task(_PythonDecoratedOperator): log_sql_query>, print_the_context already registered for DAG: example_python_operator
[2023-06-23T13:16:03.063+0000] {logging_mixin.py:149} INFO - [2023-06-23T13:16:03.063+0000] {taskmixin.py:211} WARNING - Dependency <Task(_PythonDecoratedOperator): print_the_context>, log_sql_query already registered for DAG: example_python_operator
[2023-06-23T13:16:03.064+0000] {logging_mixin.py:149} INFO - [2023-06-23T13:16:03.064+0000] {taskmixin.py:211} WARNING - Dependency <Task(_PythonDecoratedOperator): log_sql_query>, print_the_context already registered for DAG: example_python_operator
[2023-06-23T13:16:03.067+0000] {processor.py:836} INFO - DAG(s) dict_keys(['example_python_operator']) retrieved from /home/airflow/.local/lib/python3.7/site-packages/airflow/example_dags/example_python_operator.py
[2023-06-23T13:16:03.095+0000] {logging_mixin.py:149} INFO - [2023-06-23T13:16:03.095+0000] {dag.py:2726} INFO - Sync 1 DAGs
[2023-06-23T13:16:03.122+0000] {logging_mixin.py:149} INFO - [2023-06-23T13:16:03.122+0000] {dag.py:3490} INFO - Setting next_dagrun for example_python_operator to None, run_after=None
[2023-06-23T13:16:03.143+0000] {processor.py:179} INFO - Processing /home/airflow/.local/lib/python3.7/site-packages/airflow/example_dags/example_python_operator.py took 0.097 seconds
