[2023-06-23T13:14:30.201+0000] {processor.py:157} INFO - Started process (PID=42) to work on /home/airflow/.local/lib/python3.7/site-packages/airflow/example_dags/example_datasets.py
[2023-06-23T13:14:30.202+0000] {processor.py:826} INFO - Processing file /home/airflow/.local/lib/python3.7/site-packages/airflow/example_dags/example_datasets.py for tasks to queue
[2023-06-23T13:14:30.204+0000] {logging_mixin.py:149} INFO - [2023-06-23T13:14:30.203+0000] {dagbag.py:541} INFO - Filling up the DagBag from /home/airflow/.local/lib/python3.7/site-packages/airflow/example_dags/example_datasets.py
[2023-06-23T13:14:30.217+0000] {processor.py:836} INFO - DAG(s) dict_keys(['dataset_produces_1', 'dataset_consumes_1_never_scheduled', 'dataset_consumes_unknown_never_scheduled', 'dataset_produces_2', 'dataset_consumes_1_and_2', 'dataset_consumes_1']) retrieved from /home/airflow/.local/lib/python3.7/site-packages/airflow/example_dags/example_datasets.py
[2023-06-23T13:14:30.237+0000] {logging_mixin.py:149} INFO - [2023-06-23T13:14:30.237+0000] {dag.py:2726} INFO - Sync 6 DAGs
[2023-06-23T13:14:30.295+0000] {logging_mixin.py:149} INFO - [2023-06-23T13:14:30.288+0000] {dag.py:3490} INFO - Setting next_dagrun for dataset_consumes_1 to None, run_after=None
[2023-06-23T13:14:30.305+0000] {logging_mixin.py:149} INFO - [2023-06-23T13:14:30.304+0000] {dag.py:3490} INFO - Setting next_dagrun for dataset_consumes_1_and_2 to None, run_after=None
[2023-06-23T13:14:30.309+0000] {logging_mixin.py:149} INFO - [2023-06-23T13:14:30.308+0000] {dag.py:3490} INFO - Setting next_dagrun for dataset_consumes_1_never_scheduled to None, run_after=None
[2023-06-23T13:14:30.312+0000] {logging_mixin.py:149} INFO - [2023-06-23T13:14:30.312+0000] {dag.py:3490} INFO - Setting next_dagrun for dataset_consumes_unknown_never_scheduled to None, run_after=None
[2023-06-23T13:14:30.319+0000] {logging_mixin.py:149} INFO - [2023-06-23T13:14:30.318+0000] {dag.py:3490} INFO - Setting next_dagrun for dataset_produces_1 to 2023-06-22T00:00:00+00:00, run_after=2023-06-23T00:00:00+00:00
[2023-06-23T13:14:30.323+0000] {logging_mixin.py:149} INFO - [2023-06-23T13:14:30.323+0000] {dag.py:3490} INFO - Setting next_dagrun for dataset_produces_2 to None, run_after=None
[2023-06-23T13:14:30.372+0000] {processor.py:179} INFO - Processing /home/airflow/.local/lib/python3.7/site-packages/airflow/example_dags/example_datasets.py took 0.175 seconds
[2023-06-23T13:15:00.930+0000] {processor.py:157} INFO - Started process (PID=108) to work on /home/airflow/.local/lib/python3.7/site-packages/airflow/example_dags/example_datasets.py
[2023-06-23T13:15:00.931+0000] {processor.py:826} INFO - Processing file /home/airflow/.local/lib/python3.7/site-packages/airflow/example_dags/example_datasets.py for tasks to queue
[2023-06-23T13:15:00.932+0000] {logging_mixin.py:149} INFO - [2023-06-23T13:15:00.932+0000] {dagbag.py:541} INFO - Filling up the DagBag from /home/airflow/.local/lib/python3.7/site-packages/airflow/example_dags/example_datasets.py
[2023-06-23T13:15:00.942+0000] {processor.py:836} INFO - DAG(s) dict_keys(['dataset_consumes_1_never_scheduled', 'dataset_consumes_1_and_2', 'dataset_produces_2', 'dataset_produces_1', 'dataset_consumes_unknown_never_scheduled', 'dataset_consumes_1']) retrieved from /home/airflow/.local/lib/python3.7/site-packages/airflow/example_dags/example_datasets.py
[2023-06-23T13:15:00.961+0000] {logging_mixin.py:149} INFO - [2023-06-23T13:15:00.960+0000] {dag.py:2726} INFO - Sync 6 DAGs
[2023-06-23T13:15:00.997+0000] {logging_mixin.py:149} INFO - [2023-06-23T13:15:00.996+0000] {dag.py:3490} INFO - Setting next_dagrun for dataset_consumes_1 to None, run_after=None
[2023-06-23T13:15:01.002+0000] {logging_mixin.py:149} INFO - [2023-06-23T13:15:01.001+0000] {dag.py:3490} INFO - Setting next_dagrun for dataset_consumes_1_and_2 to None, run_after=None
[2023-06-23T13:15:01.004+0000] {logging_mixin.py:149} INFO - [2023-06-23T13:15:01.003+0000] {dag.py:3490} INFO - Setting next_dagrun for dataset_consumes_1_never_scheduled to None, run_after=None
[2023-06-23T13:15:01.006+0000] {logging_mixin.py:149} INFO - [2023-06-23T13:15:01.006+0000] {dag.py:3490} INFO - Setting next_dagrun for dataset_consumes_unknown_never_scheduled to None, run_after=None
[2023-06-23T13:15:01.010+0000] {logging_mixin.py:149} INFO - [2023-06-23T13:15:01.010+0000] {dag.py:3490} INFO - Setting next_dagrun for dataset_produces_1 to 2023-06-22T00:00:00+00:00, run_after=2023-06-23T00:00:00+00:00
[2023-06-23T13:15:01.012+0000] {logging_mixin.py:149} INFO - [2023-06-23T13:15:01.012+0000] {dag.py:3490} INFO - Setting next_dagrun for dataset_produces_2 to None, run_after=None
[2023-06-23T13:15:01.051+0000] {processor.py:179} INFO - Processing /home/airflow/.local/lib/python3.7/site-packages/airflow/example_dags/example_datasets.py took 0.124 seconds
[2023-06-23T13:15:31.105+0000] {processor.py:157} INFO - Started process (PID=174) to work on /home/airflow/.local/lib/python3.7/site-packages/airflow/example_dags/example_datasets.py
[2023-06-23T13:15:31.106+0000] {processor.py:826} INFO - Processing file /home/airflow/.local/lib/python3.7/site-packages/airflow/example_dags/example_datasets.py for tasks to queue
[2023-06-23T13:15:31.107+0000] {logging_mixin.py:149} INFO - [2023-06-23T13:15:31.107+0000] {dagbag.py:541} INFO - Filling up the DagBag from /home/airflow/.local/lib/python3.7/site-packages/airflow/example_dags/example_datasets.py
[2023-06-23T13:15:31.116+0000] {processor.py:836} INFO - DAG(s) dict_keys(['dataset_consumes_1_never_scheduled', 'dataset_consumes_1', 'dataset_consumes_1_and_2', 'dataset_produces_1', 'dataset_produces_2', 'dataset_consumes_unknown_never_scheduled']) retrieved from /home/airflow/.local/lib/python3.7/site-packages/airflow/example_dags/example_datasets.py
[2023-06-23T13:15:31.212+0000] {logging_mixin.py:149} INFO - [2023-06-23T13:15:31.212+0000] {dag.py:2726} INFO - Sync 6 DAGs
[2023-06-23T13:15:31.238+0000] {logging_mixin.py:149} INFO - [2023-06-23T13:15:31.237+0000] {dag.py:3490} INFO - Setting next_dagrun for dataset_consumes_1 to None, run_after=None
[2023-06-23T13:15:31.242+0000] {logging_mixin.py:149} INFO - [2023-06-23T13:15:31.242+0000] {dag.py:3490} INFO - Setting next_dagrun for dataset_consumes_1_and_2 to None, run_after=None
[2023-06-23T13:15:31.244+0000] {logging_mixin.py:149} INFO - [2023-06-23T13:15:31.244+0000] {dag.py:3490} INFO - Setting next_dagrun for dataset_consumes_1_never_scheduled to None, run_after=None
[2023-06-23T13:15:31.245+0000] {logging_mixin.py:149} INFO - [2023-06-23T13:15:31.245+0000] {dag.py:3490} INFO - Setting next_dagrun for dataset_consumes_unknown_never_scheduled to None, run_after=None
[2023-06-23T13:15:31.248+0000] {logging_mixin.py:149} INFO - [2023-06-23T13:15:31.248+0000] {dag.py:3490} INFO - Setting next_dagrun for dataset_produces_1 to 2023-06-22T00:00:00+00:00, run_after=2023-06-23T00:00:00+00:00
[2023-06-23T13:15:31.250+0000] {logging_mixin.py:149} INFO - [2023-06-23T13:15:31.250+0000] {dag.py:3490} INFO - Setting next_dagrun for dataset_produces_2 to None, run_after=None
[2023-06-23T13:15:31.288+0000] {processor.py:179} INFO - Processing /home/airflow/.local/lib/python3.7/site-packages/airflow/example_dags/example_datasets.py took 0.185 seconds
[2023-06-23T13:16:01.664+0000] {processor.py:157} INFO - Started process (PID=240) to work on /home/airflow/.local/lib/python3.7/site-packages/airflow/example_dags/example_datasets.py
[2023-06-23T13:16:01.665+0000] {processor.py:826} INFO - Processing file /home/airflow/.local/lib/python3.7/site-packages/airflow/example_dags/example_datasets.py for tasks to queue
[2023-06-23T13:16:01.666+0000] {logging_mixin.py:149} INFO - [2023-06-23T13:16:01.666+0000] {dagbag.py:541} INFO - Filling up the DagBag from /home/airflow/.local/lib/python3.7/site-packages/airflow/example_dags/example_datasets.py
[2023-06-23T13:16:01.675+0000] {processor.py:836} INFO - DAG(s) dict_keys(['dataset_consumes_unknown_never_scheduled', 'dataset_consumes_1_and_2', 'dataset_produces_2', 'dataset_consumes_1_never_scheduled', 'dataset_produces_1', 'dataset_consumes_1']) retrieved from /home/airflow/.local/lib/python3.7/site-packages/airflow/example_dags/example_datasets.py
[2023-06-23T13:16:01.717+0000] {logging_mixin.py:149} INFO - [2023-06-23T13:16:01.717+0000] {dag.py:2726} INFO - Sync 6 DAGs
[2023-06-23T13:16:01.744+0000] {logging_mixin.py:149} INFO - [2023-06-23T13:16:01.744+0000] {dag.py:3490} INFO - Setting next_dagrun for dataset_consumes_1 to None, run_after=None
[2023-06-23T13:16:01.748+0000] {logging_mixin.py:149} INFO - [2023-06-23T13:16:01.748+0000] {dag.py:3490} INFO - Setting next_dagrun for dataset_consumes_1_and_2 to None, run_after=None
[2023-06-23T13:16:01.750+0000] {logging_mixin.py:149} INFO - [2023-06-23T13:16:01.750+0000] {dag.py:3490} INFO - Setting next_dagrun for dataset_consumes_1_never_scheduled to None, run_after=None
[2023-06-23T13:16:01.751+0000] {logging_mixin.py:149} INFO - [2023-06-23T13:16:01.751+0000] {dag.py:3490} INFO - Setting next_dagrun for dataset_consumes_unknown_never_scheduled to None, run_after=None
[2023-06-23T13:16:01.754+0000] {logging_mixin.py:149} INFO - [2023-06-23T13:16:01.754+0000] {dag.py:3490} INFO - Setting next_dagrun for dataset_produces_1 to 2023-06-22T00:00:00+00:00, run_after=2023-06-23T00:00:00+00:00
[2023-06-23T13:16:01.755+0000] {logging_mixin.py:149} INFO - [2023-06-23T13:16:01.755+0000] {dag.py:3490} INFO - Setting next_dagrun for dataset_produces_2 to None, run_after=None
[2023-06-23T13:16:01.788+0000] {processor.py:179} INFO - Processing /home/airflow/.local/lib/python3.7/site-packages/airflow/example_dags/example_datasets.py took 0.128 seconds
