[2023-06-23T13:14:31.632+0000] {processor.py:157} INFO - Started process (PID=61) to work on /home/airflow/.local/lib/python3.7/site-packages/airflow/example_dags/example_short_circuit_operator.py
[2023-06-23T13:14:31.633+0000] {processor.py:826} INFO - Processing file /home/airflow/.local/lib/python3.7/site-packages/airflow/example_dags/example_short_circuit_operator.py for tasks to queue
[2023-06-23T13:14:31.634+0000] {logging_mixin.py:149} INFO - [2023-06-23T13:14:31.633+0000] {dagbag.py:541} INFO - Filling up the DagBag from /home/airflow/.local/lib/python3.7/site-packages/airflow/example_dags/example_short_circuit_operator.py
[2023-06-23T13:14:31.644+0000] {processor.py:836} INFO - DAG(s) dict_keys(['example_short_circuit_operator']) retrieved from /home/airflow/.local/lib/python3.7/site-packages/airflow/example_dags/example_short_circuit_operator.py
[2023-06-23T13:14:31.658+0000] {logging_mixin.py:149} INFO - [2023-06-23T13:14:31.658+0000] {dag.py:2726} INFO - Sync 1 DAGs
[2023-06-23T13:14:31.689+0000] {logging_mixin.py:149} INFO - [2023-06-23T13:14:31.689+0000] {dag.py:3490} INFO - Setting next_dagrun for example_short_circuit_operator to 2023-06-22T13:14:31.689313+00:00, run_after=2023-06-23T13:14:31.689313+00:00
[2023-06-23T13:14:31.721+0000] {processor.py:179} INFO - Processing /home/airflow/.local/lib/python3.7/site-packages/airflow/example_dags/example_short_circuit_operator.py took 0.092 seconds
[2023-06-23T13:15:02.070+0000] {processor.py:157} INFO - Started process (PID=127) to work on /home/airflow/.local/lib/python3.7/site-packages/airflow/example_dags/example_short_circuit_operator.py
[2023-06-23T13:15:02.071+0000] {processor.py:826} INFO - Processing file /home/airflow/.local/lib/python3.7/site-packages/airflow/example_dags/example_short_circuit_operator.py for tasks to queue
[2023-06-23T13:15:02.072+0000] {logging_mixin.py:149} INFO - [2023-06-23T13:15:02.072+0000] {dagbag.py:541} INFO - Filling up the DagBag from /home/airflow/.local/lib/python3.7/site-packages/airflow/example_dags/example_short_circuit_operator.py
[2023-06-23T13:15:02.085+0000] {processor.py:836} INFO - DAG(s) dict_keys(['example_short_circuit_operator']) retrieved from /home/airflow/.local/lib/python3.7/site-packages/airflow/example_dags/example_short_circuit_operator.py
[2023-06-23T13:15:02.100+0000] {logging_mixin.py:149} INFO - [2023-06-23T13:15:02.100+0000] {dag.py:2726} INFO - Sync 1 DAGs
[2023-06-23T13:15:02.130+0000] {logging_mixin.py:149} INFO - [2023-06-23T13:15:02.130+0000] {dag.py:3490} INFO - Setting next_dagrun for example_short_circuit_operator to 2023-06-22T13:15:02.130377+00:00, run_after=2023-06-23T13:15:02.130377+00:00
[2023-06-23T13:15:02.155+0000] {processor.py:179} INFO - Processing /home/airflow/.local/lib/python3.7/site-packages/airflow/example_dags/example_short_circuit_operator.py took 0.088 seconds
[2023-06-23T13:15:32.483+0000] {processor.py:157} INFO - Started process (PID=193) to work on /home/airflow/.local/lib/python3.7/site-packages/airflow/example_dags/example_short_circuit_operator.py
[2023-06-23T13:15:32.484+0000] {processor.py:826} INFO - Processing file /home/airflow/.local/lib/python3.7/site-packages/airflow/example_dags/example_short_circuit_operator.py for tasks to queue
[2023-06-23T13:15:32.485+0000] {logging_mixin.py:149} INFO - [2023-06-23T13:15:32.485+0000] {dagbag.py:541} INFO - Filling up the DagBag from /home/airflow/.local/lib/python3.7/site-packages/airflow/example_dags/example_short_circuit_operator.py
[2023-06-23T13:15:32.493+0000] {processor.py:836} INFO - DAG(s) dict_keys(['example_short_circuit_operator']) retrieved from /home/airflow/.local/lib/python3.7/site-packages/airflow/example_dags/example_short_circuit_operator.py
[2023-06-23T13:15:32.517+0000] {logging_mixin.py:149} INFO - [2023-06-23T13:15:32.517+0000] {dag.py:2726} INFO - Sync 1 DAGs
[2023-06-23T13:15:32.542+0000] {logging_mixin.py:149} INFO - [2023-06-23T13:15:32.542+0000] {dag.py:3490} INFO - Setting next_dagrun for example_short_circuit_operator to 2023-06-22T13:15:32.541942+00:00, run_after=2023-06-23T13:15:32.541942+00:00
[2023-06-23T13:15:32.563+0000] {processor.py:179} INFO - Processing /home/airflow/.local/lib/python3.7/site-packages/airflow/example_dags/example_short_circuit_operator.py took 0.083 seconds
[2023-06-23T13:16:02.717+0000] {processor.py:157} INFO - Started process (PID=259) to work on /home/airflow/.local/lib/python3.7/site-packages/airflow/example_dags/example_short_circuit_operator.py
[2023-06-23T13:16:02.718+0000] {processor.py:826} INFO - Processing file /home/airflow/.local/lib/python3.7/site-packages/airflow/example_dags/example_short_circuit_operator.py for tasks to queue
[2023-06-23T13:16:02.719+0000] {logging_mixin.py:149} INFO - [2023-06-23T13:16:02.719+0000] {dagbag.py:541} INFO - Filling up the DagBag from /home/airflow/.local/lib/python3.7/site-packages/airflow/example_dags/example_short_circuit_operator.py
[2023-06-23T13:16:02.727+0000] {processor.py:836} INFO - DAG(s) dict_keys(['example_short_circuit_operator']) retrieved from /home/airflow/.local/lib/python3.7/site-packages/airflow/example_dags/example_short_circuit_operator.py
[2023-06-23T13:16:02.752+0000] {logging_mixin.py:149} INFO - [2023-06-23T13:16:02.752+0000] {dag.py:2726} INFO - Sync 1 DAGs
[2023-06-23T13:16:02.777+0000] {logging_mixin.py:149} INFO - [2023-06-23T13:16:02.777+0000] {dag.py:3490} INFO - Setting next_dagrun for example_short_circuit_operator to 2023-06-22T13:16:02.777520+00:00, run_after=2023-06-23T13:16:02.777520+00:00
[2023-06-23T13:16:02.798+0000] {processor.py:179} INFO - Processing /home/airflow/.local/lib/python3.7/site-packages/airflow/example_dags/example_short_circuit_operator.py took 0.084 seconds
[2023-06-23T13:38:41.587+0000] {processor.py:157} INFO - Started process (PID=60) to work on /home/airflow/.local/lib/python3.7/site-packages/airflow/example_dags/example_short_circuit_operator.py
[2023-06-23T13:38:41.589+0000] {processor.py:826} INFO - Processing file /home/airflow/.local/lib/python3.7/site-packages/airflow/example_dags/example_short_circuit_operator.py for tasks to queue
[2023-06-23T13:38:41.590+0000] {logging_mixin.py:149} INFO - [2023-06-23T13:38:41.590+0000] {dagbag.py:541} INFO - Filling up the DagBag from /home/airflow/.local/lib/python3.7/site-packages/airflow/example_dags/example_short_circuit_operator.py
[2023-06-23T13:38:41.603+0000] {processor.py:836} INFO - DAG(s) dict_keys(['example_short_circuit_operator']) retrieved from /home/airflow/.local/lib/python3.7/site-packages/airflow/example_dags/example_short_circuit_operator.py
[2023-06-23T13:38:41.620+0000] {logging_mixin.py:149} INFO - [2023-06-23T13:38:41.620+0000] {dag.py:2726} INFO - Sync 1 DAGs
[2023-06-23T13:38:41.658+0000] {logging_mixin.py:149} INFO - [2023-06-23T13:38:41.658+0000] {dag.py:3490} INFO - Setting next_dagrun for example_short_circuit_operator to 2023-06-22T13:38:41.658414+00:00, run_after=2023-06-23T13:38:41.658414+00:00
[2023-06-23T13:38:41.689+0000] {processor.py:179} INFO - Processing /home/airflow/.local/lib/python3.7/site-packages/airflow/example_dags/example_short_circuit_operator.py took 0.106 seconds
[2023-06-23T13:39:12.592+0000] {processor.py:157} INFO - Started process (PID=126) to work on /home/airflow/.local/lib/python3.7/site-packages/airflow/example_dags/example_short_circuit_operator.py
[2023-06-23T13:39:12.593+0000] {processor.py:826} INFO - Processing file /home/airflow/.local/lib/python3.7/site-packages/airflow/example_dags/example_short_circuit_operator.py for tasks to queue
[2023-06-23T13:39:12.594+0000] {logging_mixin.py:149} INFO - [2023-06-23T13:39:12.594+0000] {dagbag.py:541} INFO - Filling up the DagBag from /home/airflow/.local/lib/python3.7/site-packages/airflow/example_dags/example_short_circuit_operator.py
[2023-06-23T13:39:12.602+0000] {processor.py:836} INFO - DAG(s) dict_keys(['example_short_circuit_operator']) retrieved from /home/airflow/.local/lib/python3.7/site-packages/airflow/example_dags/example_short_circuit_operator.py
[2023-06-23T13:39:12.626+0000] {logging_mixin.py:149} INFO - [2023-06-23T13:39:12.626+0000] {dag.py:2726} INFO - Sync 1 DAGs
[2023-06-23T13:39:12.652+0000] {logging_mixin.py:149} INFO - [2023-06-23T13:39:12.652+0000] {dag.py:3490} INFO - Setting next_dagrun for example_short_circuit_operator to 2023-06-22T13:39:12.652428+00:00, run_after=2023-06-23T13:39:12.652428+00:00
[2023-06-23T13:39:12.687+0000] {processor.py:179} INFO - Processing /home/airflow/.local/lib/python3.7/site-packages/airflow/example_dags/example_short_circuit_operator.py took 0.098 seconds
[2023-06-23T13:39:42.953+0000] {processor.py:157} INFO - Started process (PID=192) to work on /home/airflow/.local/lib/python3.7/site-packages/airflow/example_dags/example_short_circuit_operator.py
[2023-06-23T13:39:42.954+0000] {processor.py:826} INFO - Processing file /home/airflow/.local/lib/python3.7/site-packages/airflow/example_dags/example_short_circuit_operator.py for tasks to queue
[2023-06-23T13:39:42.955+0000] {logging_mixin.py:149} INFO - [2023-06-23T13:39:42.955+0000] {dagbag.py:541} INFO - Filling up the DagBag from /home/airflow/.local/lib/python3.7/site-packages/airflow/example_dags/example_short_circuit_operator.py
[2023-06-23T13:39:42.963+0000] {processor.py:836} INFO - DAG(s) dict_keys(['example_short_circuit_operator']) retrieved from /home/airflow/.local/lib/python3.7/site-packages/airflow/example_dags/example_short_circuit_operator.py
[2023-06-23T13:39:42.986+0000] {logging_mixin.py:149} INFO - [2023-06-23T13:39:42.986+0000] {dag.py:2726} INFO - Sync 1 DAGs
[2023-06-23T13:39:43.008+0000] {logging_mixin.py:149} INFO - [2023-06-23T13:39:43.008+0000] {dag.py:3490} INFO - Setting next_dagrun for example_short_circuit_operator to 2023-06-22T13:39:43.008594+00:00, run_after=2023-06-23T13:39:43.008594+00:00
[2023-06-23T13:39:43.029+0000] {processor.py:179} INFO - Processing /home/airflow/.local/lib/python3.7/site-packages/airflow/example_dags/example_short_circuit_operator.py took 0.079 seconds
[2023-06-23T13:40:13.892+0000] {processor.py:157} INFO - Started process (PID=258) to work on /home/airflow/.local/lib/python3.7/site-packages/airflow/example_dags/example_short_circuit_operator.py
[2023-06-23T13:40:13.893+0000] {processor.py:826} INFO - Processing file /home/airflow/.local/lib/python3.7/site-packages/airflow/example_dags/example_short_circuit_operator.py for tasks to queue
[2023-06-23T13:40:13.894+0000] {logging_mixin.py:149} INFO - [2023-06-23T13:40:13.894+0000] {dagbag.py:541} INFO - Filling up the DagBag from /home/airflow/.local/lib/python3.7/site-packages/airflow/example_dags/example_short_circuit_operator.py
[2023-06-23T13:40:13.902+0000] {processor.py:836} INFO - DAG(s) dict_keys(['example_short_circuit_operator']) retrieved from /home/airflow/.local/lib/python3.7/site-packages/airflow/example_dags/example_short_circuit_operator.py
[2023-06-23T13:40:13.935+0000] {logging_mixin.py:149} INFO - [2023-06-23T13:40:13.934+0000] {dag.py:2726} INFO - Sync 1 DAGs
[2023-06-23T13:40:13.963+0000] {logging_mixin.py:149} INFO - [2023-06-23T13:40:13.963+0000] {dag.py:3490} INFO - Setting next_dagrun for example_short_circuit_operator to 2023-06-22T13:40:13.963496+00:00, run_after=2023-06-23T13:40:13.963496+00:00
[2023-06-23T13:40:13.987+0000] {processor.py:179} INFO - Processing /home/airflow/.local/lib/python3.7/site-packages/airflow/example_dags/example_short_circuit_operator.py took 0.098 seconds
[2023-06-23T13:40:44.026+0000] {processor.py:157} INFO - Started process (PID=324) to work on /home/airflow/.local/lib/python3.7/site-packages/airflow/example_dags/example_short_circuit_operator.py
[2023-06-23T13:40:44.027+0000] {processor.py:826} INFO - Processing file /home/airflow/.local/lib/python3.7/site-packages/airflow/example_dags/example_short_circuit_operator.py for tasks to queue
[2023-06-23T13:40:44.028+0000] {logging_mixin.py:149} INFO - [2023-06-23T13:40:44.028+0000] {dagbag.py:541} INFO - Filling up the DagBag from /home/airflow/.local/lib/python3.7/site-packages/airflow/example_dags/example_short_circuit_operator.py
[2023-06-23T13:40:44.035+0000] {processor.py:836} INFO - DAG(s) dict_keys(['example_short_circuit_operator']) retrieved from /home/airflow/.local/lib/python3.7/site-packages/airflow/example_dags/example_short_circuit_operator.py
[2023-06-23T13:40:44.060+0000] {logging_mixin.py:149} INFO - [2023-06-23T13:40:44.060+0000] {dag.py:2726} INFO - Sync 1 DAGs
[2023-06-23T13:40:44.083+0000] {logging_mixin.py:149} INFO - [2023-06-23T13:40:44.083+0000] {dag.py:3490} INFO - Setting next_dagrun for example_short_circuit_operator to 2023-06-22T13:40:44.083593+00:00, run_after=2023-06-23T13:40:44.083593+00:00
[2023-06-23T13:40:44.107+0000] {processor.py:179} INFO - Processing /home/airflow/.local/lib/python3.7/site-packages/airflow/example_dags/example_short_circuit_operator.py took 0.083 seconds
[2023-06-23T13:41:14.643+0000] {processor.py:157} INFO - Started process (PID=390) to work on /home/airflow/.local/lib/python3.7/site-packages/airflow/example_dags/example_short_circuit_operator.py
[2023-06-23T13:41:14.644+0000] {processor.py:826} INFO - Processing file /home/airflow/.local/lib/python3.7/site-packages/airflow/example_dags/example_short_circuit_operator.py for tasks to queue
[2023-06-23T13:41:14.645+0000] {logging_mixin.py:149} INFO - [2023-06-23T13:41:14.645+0000] {dagbag.py:541} INFO - Filling up the DagBag from /home/airflow/.local/lib/python3.7/site-packages/airflow/example_dags/example_short_circuit_operator.py
[2023-06-23T13:41:14.652+0000] {processor.py:836} INFO - DAG(s) dict_keys(['example_short_circuit_operator']) retrieved from /home/airflow/.local/lib/python3.7/site-packages/airflow/example_dags/example_short_circuit_operator.py
[2023-06-23T13:41:14.676+0000] {logging_mixin.py:149} INFO - [2023-06-23T13:41:14.675+0000] {dag.py:2726} INFO - Sync 1 DAGs
[2023-06-23T13:41:14.699+0000] {logging_mixin.py:149} INFO - [2023-06-23T13:41:14.698+0000] {dag.py:3490} INFO - Setting next_dagrun for example_short_circuit_operator to 2023-06-22T13:41:14.698712+00:00, run_after=2023-06-23T13:41:14.698712+00:00
[2023-06-23T13:41:14.719+0000] {processor.py:179} INFO - Processing /home/airflow/.local/lib/python3.7/site-packages/airflow/example_dags/example_short_circuit_operator.py took 0.079 seconds
[2023-06-23T13:41:45.351+0000] {processor.py:157} INFO - Started process (PID=456) to work on /home/airflow/.local/lib/python3.7/site-packages/airflow/example_dags/example_short_circuit_operator.py
[2023-06-23T13:41:45.352+0000] {processor.py:826} INFO - Processing file /home/airflow/.local/lib/python3.7/site-packages/airflow/example_dags/example_short_circuit_operator.py for tasks to queue
[2023-06-23T13:41:45.353+0000] {logging_mixin.py:149} INFO - [2023-06-23T13:41:45.353+0000] {dagbag.py:541} INFO - Filling up the DagBag from /home/airflow/.local/lib/python3.7/site-packages/airflow/example_dags/example_short_circuit_operator.py
[2023-06-23T13:41:45.362+0000] {processor.py:836} INFO - DAG(s) dict_keys(['example_short_circuit_operator']) retrieved from /home/airflow/.local/lib/python3.7/site-packages/airflow/example_dags/example_short_circuit_operator.py
[2023-06-23T13:41:45.389+0000] {logging_mixin.py:149} INFO - [2023-06-23T13:41:45.389+0000] {dag.py:2726} INFO - Sync 1 DAGs
[2023-06-23T13:41:45.419+0000] {logging_mixin.py:149} INFO - [2023-06-23T13:41:45.418+0000] {dag.py:3490} INFO - Setting next_dagrun for example_short_circuit_operator to 2023-06-22T13:41:45.418521+00:00, run_after=2023-06-23T13:41:45.418521+00:00
[2023-06-23T13:41:45.448+0000] {processor.py:179} INFO - Processing /home/airflow/.local/lib/python3.7/site-packages/airflow/example_dags/example_short_circuit_operator.py took 0.099 seconds
[2023-06-23T13:42:15.654+0000] {processor.py:157} INFO - Started process (PID=522) to work on /home/airflow/.local/lib/python3.7/site-packages/airflow/example_dags/example_short_circuit_operator.py
[2023-06-23T13:42:15.656+0000] {processor.py:826} INFO - Processing file /home/airflow/.local/lib/python3.7/site-packages/airflow/example_dags/example_short_circuit_operator.py for tasks to queue
[2023-06-23T13:42:15.657+0000] {logging_mixin.py:149} INFO - [2023-06-23T13:42:15.657+0000] {dagbag.py:541} INFO - Filling up the DagBag from /home/airflow/.local/lib/python3.7/site-packages/airflow/example_dags/example_short_circuit_operator.py
[2023-06-23T13:42:15.668+0000] {processor.py:836} INFO - DAG(s) dict_keys(['example_short_circuit_operator']) retrieved from /home/airflow/.local/lib/python3.7/site-packages/airflow/example_dags/example_short_circuit_operator.py
[2023-06-23T13:42:15.698+0000] {logging_mixin.py:149} INFO - [2023-06-23T13:42:15.698+0000] {dag.py:2726} INFO - Sync 1 DAGs
[2023-06-23T13:42:15.727+0000] {logging_mixin.py:149} INFO - [2023-06-23T13:42:15.727+0000] {dag.py:3490} INFO - Setting next_dagrun for example_short_circuit_operator to 2023-06-22T13:42:15.727027+00:00, run_after=2023-06-23T13:42:15.727027+00:00
[2023-06-23T13:42:15.752+0000] {processor.py:179} INFO - Processing /home/airflow/.local/lib/python3.7/site-packages/airflow/example_dags/example_short_circuit_operator.py took 0.101 seconds
[2023-06-23T13:42:46.223+0000] {processor.py:157} INFO - Started process (PID=588) to work on /home/airflow/.local/lib/python3.7/site-packages/airflow/example_dags/example_short_circuit_operator.py
[2023-06-23T13:42:46.224+0000] {processor.py:826} INFO - Processing file /home/airflow/.local/lib/python3.7/site-packages/airflow/example_dags/example_short_circuit_operator.py for tasks to queue
[2023-06-23T13:42:46.225+0000] {logging_mixin.py:149} INFO - [2023-06-23T13:42:46.225+0000] {dagbag.py:541} INFO - Filling up the DagBag from /home/airflow/.local/lib/python3.7/site-packages/airflow/example_dags/example_short_circuit_operator.py
[2023-06-23T13:42:46.233+0000] {processor.py:836} INFO - DAG(s) dict_keys(['example_short_circuit_operator']) retrieved from /home/airflow/.local/lib/python3.7/site-packages/airflow/example_dags/example_short_circuit_operator.py
[2023-06-23T13:42:46.259+0000] {logging_mixin.py:149} INFO - [2023-06-23T13:42:46.259+0000] {dag.py:2726} INFO - Sync 1 DAGs
[2023-06-23T13:42:46.287+0000] {logging_mixin.py:149} INFO - [2023-06-23T13:42:46.287+0000] {dag.py:3490} INFO - Setting next_dagrun for example_short_circuit_operator to 2023-06-22T13:42:46.287361+00:00, run_after=2023-06-23T13:42:46.287361+00:00
[2023-06-23T13:42:46.310+0000] {processor.py:179} INFO - Processing /home/airflow/.local/lib/python3.7/site-packages/airflow/example_dags/example_short_circuit_operator.py took 0.090 seconds
[2023-06-23T13:43:16.407+0000] {processor.py:157} INFO - Started process (PID=654) to work on /home/airflow/.local/lib/python3.7/site-packages/airflow/example_dags/example_short_circuit_operator.py
[2023-06-23T13:43:16.407+0000] {processor.py:826} INFO - Processing file /home/airflow/.local/lib/python3.7/site-packages/airflow/example_dags/example_short_circuit_operator.py for tasks to queue
[2023-06-23T13:43:16.408+0000] {logging_mixin.py:149} INFO - [2023-06-23T13:43:16.408+0000] {dagbag.py:541} INFO - Filling up the DagBag from /home/airflow/.local/lib/python3.7/site-packages/airflow/example_dags/example_short_circuit_operator.py
[2023-06-23T13:43:16.416+0000] {processor.py:836} INFO - DAG(s) dict_keys(['example_short_circuit_operator']) retrieved from /home/airflow/.local/lib/python3.7/site-packages/airflow/example_dags/example_short_circuit_operator.py
[2023-06-23T13:43:16.439+0000] {logging_mixin.py:149} INFO - [2023-06-23T13:43:16.439+0000] {dag.py:2726} INFO - Sync 1 DAGs
[2023-06-23T13:43:16.462+0000] {logging_mixin.py:149} INFO - [2023-06-23T13:43:16.462+0000] {dag.py:3490} INFO - Setting next_dagrun for example_short_circuit_operator to 2023-06-22T13:43:16.462312+00:00, run_after=2023-06-23T13:43:16.462312+00:00
[2023-06-23T13:43:16.483+0000] {processor.py:179} INFO - Processing /home/airflow/.local/lib/python3.7/site-packages/airflow/example_dags/example_short_circuit_operator.py took 0.079 seconds
[2023-06-23T13:43:46.941+0000] {processor.py:157} INFO - Started process (PID=720) to work on /home/airflow/.local/lib/python3.7/site-packages/airflow/example_dags/example_short_circuit_operator.py
[2023-06-23T13:43:46.943+0000] {processor.py:826} INFO - Processing file /home/airflow/.local/lib/python3.7/site-packages/airflow/example_dags/example_short_circuit_operator.py for tasks to queue
[2023-06-23T13:43:46.943+0000] {logging_mixin.py:149} INFO - [2023-06-23T13:43:46.943+0000] {dagbag.py:541} INFO - Filling up the DagBag from /home/airflow/.local/lib/python3.7/site-packages/airflow/example_dags/example_short_circuit_operator.py
[2023-06-23T13:43:46.951+0000] {processor.py:836} INFO - DAG(s) dict_keys(['example_short_circuit_operator']) retrieved from /home/airflow/.local/lib/python3.7/site-packages/airflow/example_dags/example_short_circuit_operator.py
[2023-06-23T13:43:46.975+0000] {logging_mixin.py:149} INFO - [2023-06-23T13:43:46.975+0000] {dag.py:2726} INFO - Sync 1 DAGs
[2023-06-23T13:43:46.999+0000] {logging_mixin.py:149} INFO - [2023-06-23T13:43:46.999+0000] {dag.py:3490} INFO - Setting next_dagrun for example_short_circuit_operator to 2023-06-22T13:43:46.999430+00:00, run_after=2023-06-23T13:43:46.999430+00:00
[2023-06-23T13:43:47.019+0000] {processor.py:179} INFO - Processing /home/airflow/.local/lib/python3.7/site-packages/airflow/example_dags/example_short_circuit_operator.py took 0.081 seconds
[2023-06-23T13:44:17.385+0000] {processor.py:157} INFO - Started process (PID=786) to work on /home/airflow/.local/lib/python3.7/site-packages/airflow/example_dags/example_short_circuit_operator.py
[2023-06-23T13:44:17.387+0000] {processor.py:826} INFO - Processing file /home/airflow/.local/lib/python3.7/site-packages/airflow/example_dags/example_short_circuit_operator.py for tasks to queue
[2023-06-23T13:44:17.392+0000] {logging_mixin.py:149} INFO - [2023-06-23T13:44:17.392+0000] {dagbag.py:541} INFO - Filling up the DagBag from /home/airflow/.local/lib/python3.7/site-packages/airflow/example_dags/example_short_circuit_operator.py
[2023-06-23T13:44:17.412+0000] {processor.py:836} INFO - DAG(s) dict_keys(['example_short_circuit_operator']) retrieved from /home/airflow/.local/lib/python3.7/site-packages/airflow/example_dags/example_short_circuit_operator.py
[2023-06-23T13:44:17.463+0000] {logging_mixin.py:149} INFO - [2023-06-23T13:44:17.462+0000] {dag.py:2726} INFO - Sync 1 DAGs
[2023-06-23T13:44:17.493+0000] {logging_mixin.py:149} INFO - [2023-06-23T13:44:17.493+0000] {dag.py:3490} INFO - Setting next_dagrun for example_short_circuit_operator to 2023-06-22T13:44:17.493448+00:00, run_after=2023-06-23T13:44:17.493448+00:00
[2023-06-23T13:44:17.517+0000] {processor.py:179} INFO - Processing /home/airflow/.local/lib/python3.7/site-packages/airflow/example_dags/example_short_circuit_operator.py took 0.136 seconds
[2023-06-23T13:44:47.938+0000] {processor.py:157} INFO - Started process (PID=852) to work on /home/airflow/.local/lib/python3.7/site-packages/airflow/example_dags/example_short_circuit_operator.py
[2023-06-23T13:44:47.939+0000] {processor.py:826} INFO - Processing file /home/airflow/.local/lib/python3.7/site-packages/airflow/example_dags/example_short_circuit_operator.py for tasks to queue
[2023-06-23T13:44:47.940+0000] {logging_mixin.py:149} INFO - [2023-06-23T13:44:47.940+0000] {dagbag.py:541} INFO - Filling up the DagBag from /home/airflow/.local/lib/python3.7/site-packages/airflow/example_dags/example_short_circuit_operator.py
[2023-06-23T13:44:47.948+0000] {processor.py:836} INFO - DAG(s) dict_keys(['example_short_circuit_operator']) retrieved from /home/airflow/.local/lib/python3.7/site-packages/airflow/example_dags/example_short_circuit_operator.py
[2023-06-23T13:44:47.974+0000] {logging_mixin.py:149} INFO - [2023-06-23T13:44:47.974+0000] {dag.py:2726} INFO - Sync 1 DAGs
[2023-06-23T13:44:47.999+0000] {logging_mixin.py:149} INFO - [2023-06-23T13:44:47.998+0000] {dag.py:3490} INFO - Setting next_dagrun for example_short_circuit_operator to 2023-06-22T13:44:47.998777+00:00, run_after=2023-06-23T13:44:47.998777+00:00
[2023-06-23T13:44:48.019+0000] {processor.py:179} INFO - Processing /home/airflow/.local/lib/python3.7/site-packages/airflow/example_dags/example_short_circuit_operator.py took 0.083 seconds
[2023-06-23T13:45:18.201+0000] {processor.py:157} INFO - Started process (PID=918) to work on /home/airflow/.local/lib/python3.7/site-packages/airflow/example_dags/example_short_circuit_operator.py
[2023-06-23T13:45:18.202+0000] {processor.py:826} INFO - Processing file /home/airflow/.local/lib/python3.7/site-packages/airflow/example_dags/example_short_circuit_operator.py for tasks to queue
[2023-06-23T13:45:18.203+0000] {logging_mixin.py:149} INFO - [2023-06-23T13:45:18.203+0000] {dagbag.py:541} INFO - Filling up the DagBag from /home/airflow/.local/lib/python3.7/site-packages/airflow/example_dags/example_short_circuit_operator.py
[2023-06-23T13:45:18.211+0000] {processor.py:836} INFO - DAG(s) dict_keys(['example_short_circuit_operator']) retrieved from /home/airflow/.local/lib/python3.7/site-packages/airflow/example_dags/example_short_circuit_operator.py
[2023-06-23T13:45:18.239+0000] {logging_mixin.py:149} INFO - [2023-06-23T13:45:18.239+0000] {dag.py:2726} INFO - Sync 1 DAGs
[2023-06-23T13:45:18.268+0000] {logging_mixin.py:149} INFO - [2023-06-23T13:45:18.268+0000] {dag.py:3490} INFO - Setting next_dagrun for example_short_circuit_operator to 2023-06-22T13:45:18.267923+00:00, run_after=2023-06-23T13:45:18.267923+00:00
[2023-06-23T13:45:18.289+0000] {processor.py:179} INFO - Processing /home/airflow/.local/lib/python3.7/site-packages/airflow/example_dags/example_short_circuit_operator.py took 0.091 seconds
[2023-06-23T13:45:48.450+0000] {processor.py:157} INFO - Started process (PID=984) to work on /home/airflow/.local/lib/python3.7/site-packages/airflow/example_dags/example_short_circuit_operator.py
[2023-06-23T13:45:48.451+0000] {processor.py:826} INFO - Processing file /home/airflow/.local/lib/python3.7/site-packages/airflow/example_dags/example_short_circuit_operator.py for tasks to queue
[2023-06-23T13:45:48.452+0000] {logging_mixin.py:149} INFO - [2023-06-23T13:45:48.452+0000] {dagbag.py:541} INFO - Filling up the DagBag from /home/airflow/.local/lib/python3.7/site-packages/airflow/example_dags/example_short_circuit_operator.py
[2023-06-23T13:45:48.460+0000] {processor.py:836} INFO - DAG(s) dict_keys(['example_short_circuit_operator']) retrieved from /home/airflow/.local/lib/python3.7/site-packages/airflow/example_dags/example_short_circuit_operator.py
[2023-06-23T13:45:48.485+0000] {logging_mixin.py:149} INFO - [2023-06-23T13:45:48.485+0000] {dag.py:2726} INFO - Sync 1 DAGs
[2023-06-23T13:45:48.509+0000] {logging_mixin.py:149} INFO - [2023-06-23T13:45:48.509+0000] {dag.py:3490} INFO - Setting next_dagrun for example_short_circuit_operator to 2023-06-22T13:45:48.509082+00:00, run_after=2023-06-23T13:45:48.509082+00:00
[2023-06-23T13:45:48.529+0000] {processor.py:179} INFO - Processing /home/airflow/.local/lib/python3.7/site-packages/airflow/example_dags/example_short_circuit_operator.py took 0.082 seconds
[2023-06-23T13:46:18.719+0000] {processor.py:157} INFO - Started process (PID=1050) to work on /home/airflow/.local/lib/python3.7/site-packages/airflow/example_dags/example_short_circuit_operator.py
[2023-06-23T13:46:18.720+0000] {processor.py:826} INFO - Processing file /home/airflow/.local/lib/python3.7/site-packages/airflow/example_dags/example_short_circuit_operator.py for tasks to queue
[2023-06-23T13:46:18.721+0000] {logging_mixin.py:149} INFO - [2023-06-23T13:46:18.721+0000] {dagbag.py:541} INFO - Filling up the DagBag from /home/airflow/.local/lib/python3.7/site-packages/airflow/example_dags/example_short_circuit_operator.py
[2023-06-23T13:46:18.729+0000] {processor.py:836} INFO - DAG(s) dict_keys(['example_short_circuit_operator']) retrieved from /home/airflow/.local/lib/python3.7/site-packages/airflow/example_dags/example_short_circuit_operator.py
[2023-06-23T13:46:18.758+0000] {logging_mixin.py:149} INFO - [2023-06-23T13:46:18.757+0000] {dag.py:2726} INFO - Sync 1 DAGs
[2023-06-23T13:46:18.786+0000] {logging_mixin.py:149} INFO - [2023-06-23T13:46:18.786+0000] {dag.py:3490} INFO - Setting next_dagrun for example_short_circuit_operator to 2023-06-22T13:46:18.786036+00:00, run_after=2023-06-23T13:46:18.786036+00:00
[2023-06-23T13:46:18.808+0000] {processor.py:179} INFO - Processing /home/airflow/.local/lib/python3.7/site-packages/airflow/example_dags/example_short_circuit_operator.py took 0.092 seconds
[2023-06-23T13:46:49.104+0000] {processor.py:157} INFO - Started process (PID=1116) to work on /home/airflow/.local/lib/python3.7/site-packages/airflow/example_dags/example_short_circuit_operator.py
[2023-06-23T13:46:49.105+0000] {processor.py:826} INFO - Processing file /home/airflow/.local/lib/python3.7/site-packages/airflow/example_dags/example_short_circuit_operator.py for tasks to queue
[2023-06-23T13:46:49.106+0000] {logging_mixin.py:149} INFO - [2023-06-23T13:46:49.105+0000] {dagbag.py:541} INFO - Filling up the DagBag from /home/airflow/.local/lib/python3.7/site-packages/airflow/example_dags/example_short_circuit_operator.py
[2023-06-23T13:46:49.113+0000] {processor.py:836} INFO - DAG(s) dict_keys(['example_short_circuit_operator']) retrieved from /home/airflow/.local/lib/python3.7/site-packages/airflow/example_dags/example_short_circuit_operator.py
[2023-06-23T13:46:49.138+0000] {logging_mixin.py:149} INFO - [2023-06-23T13:46:49.138+0000] {dag.py:2726} INFO - Sync 1 DAGs
[2023-06-23T13:46:49.163+0000] {logging_mixin.py:149} INFO - [2023-06-23T13:46:49.163+0000] {dag.py:3490} INFO - Setting next_dagrun for example_short_circuit_operator to 2023-06-22T13:46:49.162846+00:00, run_after=2023-06-23T13:46:49.162846+00:00
[2023-06-23T13:46:49.183+0000] {processor.py:179} INFO - Processing /home/airflow/.local/lib/python3.7/site-packages/airflow/example_dags/example_short_circuit_operator.py took 0.082 seconds
[2023-06-23T13:47:19.333+0000] {processor.py:157} INFO - Started process (PID=1182) to work on /home/airflow/.local/lib/python3.7/site-packages/airflow/example_dags/example_short_circuit_operator.py
[2023-06-23T13:47:19.334+0000] {processor.py:826} INFO - Processing file /home/airflow/.local/lib/python3.7/site-packages/airflow/example_dags/example_short_circuit_operator.py for tasks to queue
[2023-06-23T13:47:19.335+0000] {logging_mixin.py:149} INFO - [2023-06-23T13:47:19.335+0000] {dagbag.py:541} INFO - Filling up the DagBag from /home/airflow/.local/lib/python3.7/site-packages/airflow/example_dags/example_short_circuit_operator.py
[2023-06-23T13:47:19.342+0000] {processor.py:836} INFO - DAG(s) dict_keys(['example_short_circuit_operator']) retrieved from /home/airflow/.local/lib/python3.7/site-packages/airflow/example_dags/example_short_circuit_operator.py
[2023-06-23T13:47:19.368+0000] {logging_mixin.py:149} INFO - [2023-06-23T13:47:19.367+0000] {dag.py:2726} INFO - Sync 1 DAGs
[2023-06-23T13:47:19.391+0000] {logging_mixin.py:149} INFO - [2023-06-23T13:47:19.391+0000] {dag.py:3490} INFO - Setting next_dagrun for example_short_circuit_operator to 2023-06-22T13:47:19.391232+00:00, run_after=2023-06-23T13:47:19.391232+00:00
[2023-06-23T13:47:19.410+0000] {processor.py:179} INFO - Processing /home/airflow/.local/lib/python3.7/site-packages/airflow/example_dags/example_short_circuit_operator.py took 0.080 seconds
[2023-06-23T13:47:49.781+0000] {processor.py:157} INFO - Started process (PID=1249) to work on /home/airflow/.local/lib/python3.7/site-packages/airflow/example_dags/example_short_circuit_operator.py
[2023-06-23T13:47:49.783+0000] {processor.py:826} INFO - Processing file /home/airflow/.local/lib/python3.7/site-packages/airflow/example_dags/example_short_circuit_operator.py for tasks to queue
[2023-06-23T13:47:49.784+0000] {logging_mixin.py:149} INFO - [2023-06-23T13:47:49.784+0000] {dagbag.py:541} INFO - Filling up the DagBag from /home/airflow/.local/lib/python3.7/site-packages/airflow/example_dags/example_short_circuit_operator.py
[2023-06-23T13:47:49.792+0000] {processor.py:836} INFO - DAG(s) dict_keys(['example_short_circuit_operator']) retrieved from /home/airflow/.local/lib/python3.7/site-packages/airflow/example_dags/example_short_circuit_operator.py
[2023-06-23T13:47:49.816+0000] {logging_mixin.py:149} INFO - [2023-06-23T13:47:49.816+0000] {dag.py:2726} INFO - Sync 1 DAGs
[2023-06-23T13:47:49.838+0000] {logging_mixin.py:149} INFO - [2023-06-23T13:47:49.838+0000] {dag.py:3490} INFO - Setting next_dagrun for example_short_circuit_operator to 2023-06-22T13:47:49.838476+00:00, run_after=2023-06-23T13:47:49.838476+00:00
[2023-06-23T13:47:49.859+0000] {processor.py:179} INFO - Processing /home/airflow/.local/lib/python3.7/site-packages/airflow/example_dags/example_short_circuit_operator.py took 0.080 seconds
[2023-06-23T13:48:20.106+0000] {processor.py:157} INFO - Started process (PID=1315) to work on /home/airflow/.local/lib/python3.7/site-packages/airflow/example_dags/example_short_circuit_operator.py
[2023-06-23T13:48:20.107+0000] {processor.py:826} INFO - Processing file /home/airflow/.local/lib/python3.7/site-packages/airflow/example_dags/example_short_circuit_operator.py for tasks to queue
[2023-06-23T13:48:20.108+0000] {logging_mixin.py:149} INFO - [2023-06-23T13:48:20.108+0000] {dagbag.py:541} INFO - Filling up the DagBag from /home/airflow/.local/lib/python3.7/site-packages/airflow/example_dags/example_short_circuit_operator.py
[2023-06-23T13:48:20.117+0000] {processor.py:836} INFO - DAG(s) dict_keys(['example_short_circuit_operator']) retrieved from /home/airflow/.local/lib/python3.7/site-packages/airflow/example_dags/example_short_circuit_operator.py
[2023-06-23T13:48:20.151+0000] {logging_mixin.py:149} INFO - [2023-06-23T13:48:20.151+0000] {dag.py:2726} INFO - Sync 1 DAGs
[2023-06-23T13:48:20.193+0000] {logging_mixin.py:149} INFO - [2023-06-23T13:48:20.193+0000] {dag.py:3490} INFO - Setting next_dagrun for example_short_circuit_operator to 2023-06-22T13:48:20.193239+00:00, run_after=2023-06-23T13:48:20.193239+00:00
[2023-06-23T13:48:20.222+0000] {processor.py:179} INFO - Processing /home/airflow/.local/lib/python3.7/site-packages/airflow/example_dags/example_short_circuit_operator.py took 0.119 seconds
[2023-06-23T13:48:50.778+0000] {processor.py:157} INFO - Started process (PID=1381) to work on /home/airflow/.local/lib/python3.7/site-packages/airflow/example_dags/example_short_circuit_operator.py
[2023-06-23T13:48:50.779+0000] {processor.py:826} INFO - Processing file /home/airflow/.local/lib/python3.7/site-packages/airflow/example_dags/example_short_circuit_operator.py for tasks to queue
[2023-06-23T13:48:50.780+0000] {logging_mixin.py:149} INFO - [2023-06-23T13:48:50.780+0000] {dagbag.py:541} INFO - Filling up the DagBag from /home/airflow/.local/lib/python3.7/site-packages/airflow/example_dags/example_short_circuit_operator.py
[2023-06-23T13:48:50.789+0000] {processor.py:836} INFO - DAG(s) dict_keys(['example_short_circuit_operator']) retrieved from /home/airflow/.local/lib/python3.7/site-packages/airflow/example_dags/example_short_circuit_operator.py
[2023-06-23T13:48:50.814+0000] {logging_mixin.py:149} INFO - [2023-06-23T13:48:50.814+0000] {dag.py:2726} INFO - Sync 1 DAGs
[2023-06-23T13:48:50.838+0000] {logging_mixin.py:149} INFO - [2023-06-23T13:48:50.838+0000] {dag.py:3490} INFO - Setting next_dagrun for example_short_circuit_operator to 2023-06-22T13:48:50.837802+00:00, run_after=2023-06-23T13:48:50.837802+00:00
[2023-06-23T13:48:50.857+0000] {processor.py:179} INFO - Processing /home/airflow/.local/lib/python3.7/site-packages/airflow/example_dags/example_short_circuit_operator.py took 0.081 seconds
[2023-06-23T13:49:21.279+0000] {processor.py:157} INFO - Started process (PID=1447) to work on /home/airflow/.local/lib/python3.7/site-packages/airflow/example_dags/example_short_circuit_operator.py
[2023-06-23T13:49:21.280+0000] {processor.py:826} INFO - Processing file /home/airflow/.local/lib/python3.7/site-packages/airflow/example_dags/example_short_circuit_operator.py for tasks to queue
[2023-06-23T13:49:21.281+0000] {logging_mixin.py:149} INFO - [2023-06-23T13:49:21.280+0000] {dagbag.py:541} INFO - Filling up the DagBag from /home/airflow/.local/lib/python3.7/site-packages/airflow/example_dags/example_short_circuit_operator.py
[2023-06-23T13:49:21.289+0000] {processor.py:836} INFO - DAG(s) dict_keys(['example_short_circuit_operator']) retrieved from /home/airflow/.local/lib/python3.7/site-packages/airflow/example_dags/example_short_circuit_operator.py
[2023-06-23T13:49:21.314+0000] {logging_mixin.py:149} INFO - [2023-06-23T13:49:21.314+0000] {dag.py:2726} INFO - Sync 1 DAGs
[2023-06-23T13:49:21.338+0000] {logging_mixin.py:149} INFO - [2023-06-23T13:49:21.338+0000] {dag.py:3490} INFO - Setting next_dagrun for example_short_circuit_operator to 2023-06-22T13:49:21.338346+00:00, run_after=2023-06-23T13:49:21.338346+00:00
[2023-06-23T13:49:21.358+0000] {processor.py:179} INFO - Processing /home/airflow/.local/lib/python3.7/site-packages/airflow/example_dags/example_short_circuit_operator.py took 0.082 seconds
[2023-06-23T13:49:51.457+0000] {processor.py:157} INFO - Started process (PID=1513) to work on /home/airflow/.local/lib/python3.7/site-packages/airflow/example_dags/example_short_circuit_operator.py
[2023-06-23T13:49:51.458+0000] {processor.py:826} INFO - Processing file /home/airflow/.local/lib/python3.7/site-packages/airflow/example_dags/example_short_circuit_operator.py for tasks to queue
[2023-06-23T13:49:51.459+0000] {logging_mixin.py:149} INFO - [2023-06-23T13:49:51.459+0000] {dagbag.py:541} INFO - Filling up the DagBag from /home/airflow/.local/lib/python3.7/site-packages/airflow/example_dags/example_short_circuit_operator.py
[2023-06-23T13:49:51.466+0000] {processor.py:836} INFO - DAG(s) dict_keys(['example_short_circuit_operator']) retrieved from /home/airflow/.local/lib/python3.7/site-packages/airflow/example_dags/example_short_circuit_operator.py
[2023-06-23T13:49:51.490+0000] {logging_mixin.py:149} INFO - [2023-06-23T13:49:51.490+0000] {dag.py:2726} INFO - Sync 1 DAGs
[2023-06-23T13:49:51.513+0000] {logging_mixin.py:149} INFO - [2023-06-23T13:49:51.513+0000] {dag.py:3490} INFO - Setting next_dagrun for example_short_circuit_operator to 2023-06-22T13:49:51.512980+00:00, run_after=2023-06-23T13:49:51.512980+00:00
[2023-06-23T13:49:51.532+0000] {processor.py:179} INFO - Processing /home/airflow/.local/lib/python3.7/site-packages/airflow/example_dags/example_short_circuit_operator.py took 0.078 seconds
[2023-06-23T13:50:21.923+0000] {processor.py:157} INFO - Started process (PID=1580) to work on /home/airflow/.local/lib/python3.7/site-packages/airflow/example_dags/example_short_circuit_operator.py
[2023-06-23T13:50:21.924+0000] {processor.py:826} INFO - Processing file /home/airflow/.local/lib/python3.7/site-packages/airflow/example_dags/example_short_circuit_operator.py for tasks to queue
[2023-06-23T13:50:21.925+0000] {logging_mixin.py:149} INFO - [2023-06-23T13:50:21.925+0000] {dagbag.py:541} INFO - Filling up the DagBag from /home/airflow/.local/lib/python3.7/site-packages/airflow/example_dags/example_short_circuit_operator.py
[2023-06-23T13:50:21.933+0000] {processor.py:836} INFO - DAG(s) dict_keys(['example_short_circuit_operator']) retrieved from /home/airflow/.local/lib/python3.7/site-packages/airflow/example_dags/example_short_circuit_operator.py
[2023-06-23T13:50:21.958+0000] {logging_mixin.py:149} INFO - [2023-06-23T13:50:21.958+0000] {dag.py:2726} INFO - Sync 1 DAGs
[2023-06-23T13:50:21.985+0000] {logging_mixin.py:149} INFO - [2023-06-23T13:50:21.985+0000] {dag.py:3490} INFO - Setting next_dagrun for example_short_circuit_operator to 2023-06-22T13:50:21.985478+00:00, run_after=2023-06-23T13:50:21.985478+00:00
[2023-06-23T13:50:22.007+0000] {processor.py:179} INFO - Processing /home/airflow/.local/lib/python3.7/site-packages/airflow/example_dags/example_short_circuit_operator.py took 0.087 seconds
[2023-06-23T13:50:52.243+0000] {processor.py:157} INFO - Started process (PID=1647) to work on /home/airflow/.local/lib/python3.7/site-packages/airflow/example_dags/example_short_circuit_operator.py
[2023-06-23T13:50:52.244+0000] {processor.py:826} INFO - Processing file /home/airflow/.local/lib/python3.7/site-packages/airflow/example_dags/example_short_circuit_operator.py for tasks to queue
[2023-06-23T13:50:52.245+0000] {logging_mixin.py:149} INFO - [2023-06-23T13:50:52.245+0000] {dagbag.py:541} INFO - Filling up the DagBag from /home/airflow/.local/lib/python3.7/site-packages/airflow/example_dags/example_short_circuit_operator.py
[2023-06-23T13:50:52.253+0000] {processor.py:836} INFO - DAG(s) dict_keys(['example_short_circuit_operator']) retrieved from /home/airflow/.local/lib/python3.7/site-packages/airflow/example_dags/example_short_circuit_operator.py
[2023-06-23T13:50:52.278+0000] {logging_mixin.py:149} INFO - [2023-06-23T13:50:52.278+0000] {dag.py:2726} INFO - Sync 1 DAGs
[2023-06-23T13:50:52.302+0000] {logging_mixin.py:149} INFO - [2023-06-23T13:50:52.302+0000] {dag.py:3490} INFO - Setting next_dagrun for example_short_circuit_operator to 2023-06-22T13:50:52.301907+00:00, run_after=2023-06-23T13:50:52.301907+00:00
[2023-06-23T13:50:52.323+0000] {processor.py:179} INFO - Processing /home/airflow/.local/lib/python3.7/site-packages/airflow/example_dags/example_short_circuit_operator.py took 0.083 seconds
[2023-06-23T13:51:22.876+0000] {processor.py:157} INFO - Started process (PID=1713) to work on /home/airflow/.local/lib/python3.7/site-packages/airflow/example_dags/example_short_circuit_operator.py
[2023-06-23T13:51:22.877+0000] {processor.py:826} INFO - Processing file /home/airflow/.local/lib/python3.7/site-packages/airflow/example_dags/example_short_circuit_operator.py for tasks to queue
[2023-06-23T13:51:22.877+0000] {logging_mixin.py:149} INFO - [2023-06-23T13:51:22.877+0000] {dagbag.py:541} INFO - Filling up the DagBag from /home/airflow/.local/lib/python3.7/site-packages/airflow/example_dags/example_short_circuit_operator.py
[2023-06-23T13:51:22.885+0000] {processor.py:836} INFO - DAG(s) dict_keys(['example_short_circuit_operator']) retrieved from /home/airflow/.local/lib/python3.7/site-packages/airflow/example_dags/example_short_circuit_operator.py
[2023-06-23T13:51:22.907+0000] {logging_mixin.py:149} INFO - [2023-06-23T13:51:22.907+0000] {dag.py:2726} INFO - Sync 1 DAGs
[2023-06-23T13:51:22.930+0000] {logging_mixin.py:149} INFO - [2023-06-23T13:51:22.930+0000] {dag.py:3490} INFO - Setting next_dagrun for example_short_circuit_operator to 2023-06-22T13:51:22.929971+00:00, run_after=2023-06-23T13:51:22.929971+00:00
[2023-06-23T13:51:22.949+0000] {processor.py:179} INFO - Processing /home/airflow/.local/lib/python3.7/site-packages/airflow/example_dags/example_short_circuit_operator.py took 0.076 seconds
[2023-06-23T13:51:53.114+0000] {processor.py:157} INFO - Started process (PID=1779) to work on /home/airflow/.local/lib/python3.7/site-packages/airflow/example_dags/example_short_circuit_operator.py
[2023-06-23T13:51:53.115+0000] {processor.py:826} INFO - Processing file /home/airflow/.local/lib/python3.7/site-packages/airflow/example_dags/example_short_circuit_operator.py for tasks to queue
[2023-06-23T13:51:53.116+0000] {logging_mixin.py:149} INFO - [2023-06-23T13:51:53.116+0000] {dagbag.py:541} INFO - Filling up the DagBag from /home/airflow/.local/lib/python3.7/site-packages/airflow/example_dags/example_short_circuit_operator.py
[2023-06-23T13:51:53.125+0000] {processor.py:836} INFO - DAG(s) dict_keys(['example_short_circuit_operator']) retrieved from /home/airflow/.local/lib/python3.7/site-packages/airflow/example_dags/example_short_circuit_operator.py
[2023-06-23T13:51:53.150+0000] {logging_mixin.py:149} INFO - [2023-06-23T13:51:53.150+0000] {dag.py:2726} INFO - Sync 1 DAGs
[2023-06-23T13:51:53.175+0000] {logging_mixin.py:149} INFO - [2023-06-23T13:51:53.175+0000] {dag.py:3490} INFO - Setting next_dagrun for example_short_circuit_operator to 2023-06-22T13:51:53.175145+00:00, run_after=2023-06-23T13:51:53.175145+00:00
[2023-06-23T13:51:53.195+0000] {processor.py:179} INFO - Processing /home/airflow/.local/lib/python3.7/site-packages/airflow/example_dags/example_short_circuit_operator.py took 0.084 seconds
[2023-06-23T13:52:23.466+0000] {processor.py:157} INFO - Started process (PID=1845) to work on /home/airflow/.local/lib/python3.7/site-packages/airflow/example_dags/example_short_circuit_operator.py
[2023-06-23T13:52:23.467+0000] {processor.py:826} INFO - Processing file /home/airflow/.local/lib/python3.7/site-packages/airflow/example_dags/example_short_circuit_operator.py for tasks to queue
[2023-06-23T13:52:23.468+0000] {logging_mixin.py:149} INFO - [2023-06-23T13:52:23.468+0000] {dagbag.py:541} INFO - Filling up the DagBag from /home/airflow/.local/lib/python3.7/site-packages/airflow/example_dags/example_short_circuit_operator.py
[2023-06-23T13:52:23.477+0000] {processor.py:836} INFO - DAG(s) dict_keys(['example_short_circuit_operator']) retrieved from /home/airflow/.local/lib/python3.7/site-packages/airflow/example_dags/example_short_circuit_operator.py
[2023-06-23T13:52:23.505+0000] {logging_mixin.py:149} INFO - [2023-06-23T13:52:23.505+0000] {dag.py:2726} INFO - Sync 1 DAGs
[2023-06-23T13:52:23.534+0000] {logging_mixin.py:149} INFO - [2023-06-23T13:52:23.534+0000] {dag.py:3490} INFO - Setting next_dagrun for example_short_circuit_operator to 2023-06-22T13:52:23.533836+00:00, run_after=2023-06-23T13:52:23.533836+00:00
[2023-06-23T13:52:23.556+0000] {processor.py:179} INFO - Processing /home/airflow/.local/lib/python3.7/site-packages/airflow/example_dags/example_short_circuit_operator.py took 0.093 seconds
[2023-06-23T13:52:53.698+0000] {processor.py:157} INFO - Started process (PID=1911) to work on /home/airflow/.local/lib/python3.7/site-packages/airflow/example_dags/example_short_circuit_operator.py
[2023-06-23T13:52:53.700+0000] {processor.py:826} INFO - Processing file /home/airflow/.local/lib/python3.7/site-packages/airflow/example_dags/example_short_circuit_operator.py for tasks to queue
[2023-06-23T13:52:53.700+0000] {logging_mixin.py:149} INFO - [2023-06-23T13:52:53.700+0000] {dagbag.py:541} INFO - Filling up the DagBag from /home/airflow/.local/lib/python3.7/site-packages/airflow/example_dags/example_short_circuit_operator.py
[2023-06-23T13:52:53.707+0000] {processor.py:836} INFO - DAG(s) dict_keys(['example_short_circuit_operator']) retrieved from /home/airflow/.local/lib/python3.7/site-packages/airflow/example_dags/example_short_circuit_operator.py
[2023-06-23T13:52:53.731+0000] {logging_mixin.py:149} INFO - [2023-06-23T13:52:53.731+0000] {dag.py:2726} INFO - Sync 1 DAGs
[2023-06-23T13:52:53.753+0000] {logging_mixin.py:149} INFO - [2023-06-23T13:52:53.753+0000] {dag.py:3490} INFO - Setting next_dagrun for example_short_circuit_operator to 2023-06-22T13:52:53.753381+00:00, run_after=2023-06-23T13:52:53.753381+00:00
[2023-06-23T13:52:53.773+0000] {processor.py:179} INFO - Processing /home/airflow/.local/lib/python3.7/site-packages/airflow/example_dags/example_short_circuit_operator.py took 0.077 seconds
[2023-06-23T13:53:24.646+0000] {processor.py:157} INFO - Started process (PID=1977) to work on /home/airflow/.local/lib/python3.7/site-packages/airflow/example_dags/example_short_circuit_operator.py
[2023-06-23T13:53:24.647+0000] {processor.py:826} INFO - Processing file /home/airflow/.local/lib/python3.7/site-packages/airflow/example_dags/example_short_circuit_operator.py for tasks to queue
[2023-06-23T13:53:24.648+0000] {logging_mixin.py:149} INFO - [2023-06-23T13:53:24.648+0000] {dagbag.py:541} INFO - Filling up the DagBag from /home/airflow/.local/lib/python3.7/site-packages/airflow/example_dags/example_short_circuit_operator.py
[2023-06-23T13:53:24.657+0000] {processor.py:836} INFO - DAG(s) dict_keys(['example_short_circuit_operator']) retrieved from /home/airflow/.local/lib/python3.7/site-packages/airflow/example_dags/example_short_circuit_operator.py
[2023-06-23T13:53:24.682+0000] {logging_mixin.py:149} INFO - [2023-06-23T13:53:24.682+0000] {dag.py:2726} INFO - Sync 1 DAGs
[2023-06-23T13:53:24.709+0000] {logging_mixin.py:149} INFO - [2023-06-23T13:53:24.709+0000] {dag.py:3490} INFO - Setting next_dagrun for example_short_circuit_operator to 2023-06-22T13:53:24.709005+00:00, run_after=2023-06-23T13:53:24.709005+00:00
[2023-06-23T13:53:24.731+0000] {processor.py:179} INFO - Processing /home/airflow/.local/lib/python3.7/site-packages/airflow/example_dags/example_short_circuit_operator.py took 0.087 seconds
[2023-06-23T13:53:54.902+0000] {processor.py:157} INFO - Started process (PID=2043) to work on /home/airflow/.local/lib/python3.7/site-packages/airflow/example_dags/example_short_circuit_operator.py
[2023-06-23T13:53:54.904+0000] {processor.py:826} INFO - Processing file /home/airflow/.local/lib/python3.7/site-packages/airflow/example_dags/example_short_circuit_operator.py for tasks to queue
[2023-06-23T13:53:54.905+0000] {logging_mixin.py:149} INFO - [2023-06-23T13:53:54.905+0000] {dagbag.py:541} INFO - Filling up the DagBag from /home/airflow/.local/lib/python3.7/site-packages/airflow/example_dags/example_short_circuit_operator.py
[2023-06-23T13:53:54.916+0000] {processor.py:836} INFO - DAG(s) dict_keys(['example_short_circuit_operator']) retrieved from /home/airflow/.local/lib/python3.7/site-packages/airflow/example_dags/example_short_circuit_operator.py
[2023-06-23T13:53:54.953+0000] {logging_mixin.py:149} INFO - [2023-06-23T13:53:54.953+0000] {dag.py:2726} INFO - Sync 1 DAGs
[2023-06-23T13:53:54.992+0000] {logging_mixin.py:149} INFO - [2023-06-23T13:53:54.992+0000] {dag.py:3490} INFO - Setting next_dagrun for example_short_circuit_operator to 2023-06-22T13:53:54.992100+00:00, run_after=2023-06-23T13:53:54.992100+00:00
[2023-06-23T13:53:55.020+0000] {processor.py:179} INFO - Processing /home/airflow/.local/lib/python3.7/site-packages/airflow/example_dags/example_short_circuit_operator.py took 0.121 seconds
[2023-06-23T13:54:25.538+0000] {processor.py:157} INFO - Started process (PID=2109) to work on /home/airflow/.local/lib/python3.7/site-packages/airflow/example_dags/example_short_circuit_operator.py
[2023-06-23T13:54:25.540+0000] {processor.py:826} INFO - Processing file /home/airflow/.local/lib/python3.7/site-packages/airflow/example_dags/example_short_circuit_operator.py for tasks to queue
[2023-06-23T13:54:25.541+0000] {logging_mixin.py:149} INFO - [2023-06-23T13:54:25.540+0000] {dagbag.py:541} INFO - Filling up the DagBag from /home/airflow/.local/lib/python3.7/site-packages/airflow/example_dags/example_short_circuit_operator.py
[2023-06-23T13:54:25.549+0000] {processor.py:836} INFO - DAG(s) dict_keys(['example_short_circuit_operator']) retrieved from /home/airflow/.local/lib/python3.7/site-packages/airflow/example_dags/example_short_circuit_operator.py
[2023-06-23T13:54:25.578+0000] {logging_mixin.py:149} INFO - [2023-06-23T13:54:25.578+0000] {dag.py:2726} INFO - Sync 1 DAGs
[2023-06-23T13:54:25.609+0000] {logging_mixin.py:149} INFO - [2023-06-23T13:54:25.609+0000] {dag.py:3490} INFO - Setting next_dagrun for example_short_circuit_operator to 2023-06-22T13:54:25.608885+00:00, run_after=2023-06-23T13:54:25.608885+00:00
[2023-06-23T13:54:25.632+0000] {processor.py:179} INFO - Processing /home/airflow/.local/lib/python3.7/site-packages/airflow/example_dags/example_short_circuit_operator.py took 0.096 seconds
[2023-06-23T13:54:55.825+0000] {processor.py:157} INFO - Started process (PID=2175) to work on /home/airflow/.local/lib/python3.7/site-packages/airflow/example_dags/example_short_circuit_operator.py
[2023-06-23T13:54:55.826+0000] {processor.py:826} INFO - Processing file /home/airflow/.local/lib/python3.7/site-packages/airflow/example_dags/example_short_circuit_operator.py for tasks to queue
[2023-06-23T13:54:55.827+0000] {logging_mixin.py:149} INFO - [2023-06-23T13:54:55.827+0000] {dagbag.py:541} INFO - Filling up the DagBag from /home/airflow/.local/lib/python3.7/site-packages/airflow/example_dags/example_short_circuit_operator.py
[2023-06-23T13:54:55.835+0000] {processor.py:836} INFO - DAG(s) dict_keys(['example_short_circuit_operator']) retrieved from /home/airflow/.local/lib/python3.7/site-packages/airflow/example_dags/example_short_circuit_operator.py
[2023-06-23T13:54:55.861+0000] {logging_mixin.py:149} INFO - [2023-06-23T13:54:55.861+0000] {dag.py:2726} INFO - Sync 1 DAGs
[2023-06-23T13:54:55.884+0000] {logging_mixin.py:149} INFO - [2023-06-23T13:54:55.884+0000] {dag.py:3490} INFO - Setting next_dagrun for example_short_circuit_operator to 2023-06-22T13:54:55.884248+00:00, run_after=2023-06-23T13:54:55.884248+00:00
[2023-06-23T13:54:55.902+0000] {processor.py:179} INFO - Processing /home/airflow/.local/lib/python3.7/site-packages/airflow/example_dags/example_short_circuit_operator.py took 0.080 seconds
[2023-06-23T13:55:26.183+0000] {processor.py:157} INFO - Started process (PID=2241) to work on /home/airflow/.local/lib/python3.7/site-packages/airflow/example_dags/example_short_circuit_operator.py
[2023-06-23T13:55:26.184+0000] {processor.py:826} INFO - Processing file /home/airflow/.local/lib/python3.7/site-packages/airflow/example_dags/example_short_circuit_operator.py for tasks to queue
[2023-06-23T13:55:26.185+0000] {logging_mixin.py:149} INFO - [2023-06-23T13:55:26.185+0000] {dagbag.py:541} INFO - Filling up the DagBag from /home/airflow/.local/lib/python3.7/site-packages/airflow/example_dags/example_short_circuit_operator.py
[2023-06-23T13:55:26.193+0000] {processor.py:836} INFO - DAG(s) dict_keys(['example_short_circuit_operator']) retrieved from /home/airflow/.local/lib/python3.7/site-packages/airflow/example_dags/example_short_circuit_operator.py
[2023-06-23T13:55:26.222+0000] {logging_mixin.py:149} INFO - [2023-06-23T13:55:26.222+0000] {dag.py:2726} INFO - Sync 1 DAGs
[2023-06-23T13:55:26.247+0000] {logging_mixin.py:149} INFO - [2023-06-23T13:55:26.247+0000] {dag.py:3490} INFO - Setting next_dagrun for example_short_circuit_operator to 2023-06-22T13:55:26.247093+00:00, run_after=2023-06-23T13:55:26.247093+00:00
[2023-06-23T13:55:26.265+0000] {processor.py:179} INFO - Processing /home/airflow/.local/lib/python3.7/site-packages/airflow/example_dags/example_short_circuit_operator.py took 0.085 seconds
[2023-06-23T13:55:56.616+0000] {processor.py:157} INFO - Started process (PID=2307) to work on /home/airflow/.local/lib/python3.7/site-packages/airflow/example_dags/example_short_circuit_operator.py
[2023-06-23T13:55:56.617+0000] {processor.py:826} INFO - Processing file /home/airflow/.local/lib/python3.7/site-packages/airflow/example_dags/example_short_circuit_operator.py for tasks to queue
[2023-06-23T13:55:56.618+0000] {logging_mixin.py:149} INFO - [2023-06-23T13:55:56.618+0000] {dagbag.py:541} INFO - Filling up the DagBag from /home/airflow/.local/lib/python3.7/site-packages/airflow/example_dags/example_short_circuit_operator.py
[2023-06-23T13:55:56.626+0000] {processor.py:836} INFO - DAG(s) dict_keys(['example_short_circuit_operator']) retrieved from /home/airflow/.local/lib/python3.7/site-packages/airflow/example_dags/example_short_circuit_operator.py
[2023-06-23T13:55:56.651+0000] {logging_mixin.py:149} INFO - [2023-06-23T13:55:56.651+0000] {dag.py:2726} INFO - Sync 1 DAGs
[2023-06-23T13:55:56.675+0000] {logging_mixin.py:149} INFO - [2023-06-23T13:55:56.675+0000] {dag.py:3490} INFO - Setting next_dagrun for example_short_circuit_operator to 2023-06-22T13:55:56.675411+00:00, run_after=2023-06-23T13:55:56.675411+00:00
[2023-06-23T13:55:56.694+0000] {processor.py:179} INFO - Processing /home/airflow/.local/lib/python3.7/site-packages/airflow/example_dags/example_short_circuit_operator.py took 0.081 seconds
[2023-06-23T13:56:27.106+0000] {processor.py:157} INFO - Started process (PID=2373) to work on /home/airflow/.local/lib/python3.7/site-packages/airflow/example_dags/example_short_circuit_operator.py
[2023-06-23T13:56:27.107+0000] {processor.py:826} INFO - Processing file /home/airflow/.local/lib/python3.7/site-packages/airflow/example_dags/example_short_circuit_operator.py for tasks to queue
[2023-06-23T13:56:27.108+0000] {logging_mixin.py:149} INFO - [2023-06-23T13:56:27.108+0000] {dagbag.py:541} INFO - Filling up the DagBag from /home/airflow/.local/lib/python3.7/site-packages/airflow/example_dags/example_short_circuit_operator.py
[2023-06-23T13:56:27.119+0000] {processor.py:836} INFO - DAG(s) dict_keys(['example_short_circuit_operator']) retrieved from /home/airflow/.local/lib/python3.7/site-packages/airflow/example_dags/example_short_circuit_operator.py
[2023-06-23T13:56:27.144+0000] {logging_mixin.py:149} INFO - [2023-06-23T13:56:27.144+0000] {dag.py:2726} INFO - Sync 1 DAGs
[2023-06-23T13:56:27.169+0000] {logging_mixin.py:149} INFO - [2023-06-23T13:56:27.169+0000] {dag.py:3490} INFO - Setting next_dagrun for example_short_circuit_operator to 2023-06-22T13:56:27.168860+00:00, run_after=2023-06-23T13:56:27.168860+00:00
[2023-06-23T13:56:27.187+0000] {processor.py:179} INFO - Processing /home/airflow/.local/lib/python3.7/site-packages/airflow/example_dags/example_short_circuit_operator.py took 0.084 seconds
[2023-06-23T13:56:57.386+0000] {processor.py:157} INFO - Started process (PID=2439) to work on /home/airflow/.local/lib/python3.7/site-packages/airflow/example_dags/example_short_circuit_operator.py
[2023-06-23T13:56:57.387+0000] {processor.py:826} INFO - Processing file /home/airflow/.local/lib/python3.7/site-packages/airflow/example_dags/example_short_circuit_operator.py for tasks to queue
[2023-06-23T13:56:57.388+0000] {logging_mixin.py:149} INFO - [2023-06-23T13:56:57.388+0000] {dagbag.py:541} INFO - Filling up the DagBag from /home/airflow/.local/lib/python3.7/site-packages/airflow/example_dags/example_short_circuit_operator.py
[2023-06-23T13:56:57.396+0000] {processor.py:836} INFO - DAG(s) dict_keys(['example_short_circuit_operator']) retrieved from /home/airflow/.local/lib/python3.7/site-packages/airflow/example_dags/example_short_circuit_operator.py
[2023-06-23T13:56:57.420+0000] {logging_mixin.py:149} INFO - [2023-06-23T13:56:57.420+0000] {dag.py:2726} INFO - Sync 1 DAGs
[2023-06-23T13:56:57.445+0000] {logging_mixin.py:149} INFO - [2023-06-23T13:56:57.445+0000] {dag.py:3490} INFO - Setting next_dagrun for example_short_circuit_operator to 2023-06-22T13:56:57.445043+00:00, run_after=2023-06-23T13:56:57.445043+00:00
[2023-06-23T13:56:57.465+0000] {processor.py:179} INFO - Processing /home/airflow/.local/lib/python3.7/site-packages/airflow/example_dags/example_short_circuit_operator.py took 0.081 seconds
[2023-06-23T13:57:27.986+0000] {processor.py:157} INFO - Started process (PID=2505) to work on /home/airflow/.local/lib/python3.7/site-packages/airflow/example_dags/example_short_circuit_operator.py
[2023-06-23T13:57:27.987+0000] {processor.py:826} INFO - Processing file /home/airflow/.local/lib/python3.7/site-packages/airflow/example_dags/example_short_circuit_operator.py for tasks to queue
[2023-06-23T13:57:27.988+0000] {logging_mixin.py:149} INFO - [2023-06-23T13:57:27.988+0000] {dagbag.py:541} INFO - Filling up the DagBag from /home/airflow/.local/lib/python3.7/site-packages/airflow/example_dags/example_short_circuit_operator.py
[2023-06-23T13:57:27.995+0000] {processor.py:836} INFO - DAG(s) dict_keys(['example_short_circuit_operator']) retrieved from /home/airflow/.local/lib/python3.7/site-packages/airflow/example_dags/example_short_circuit_operator.py
[2023-06-23T13:57:28.020+0000] {logging_mixin.py:149} INFO - [2023-06-23T13:57:28.020+0000] {dag.py:2726} INFO - Sync 1 DAGs
[2023-06-23T13:57:28.045+0000] {logging_mixin.py:149} INFO - [2023-06-23T13:57:28.045+0000] {dag.py:3490} INFO - Setting next_dagrun for example_short_circuit_operator to 2023-06-22T13:57:28.045106+00:00, run_after=2023-06-23T13:57:28.045106+00:00
[2023-06-23T13:57:28.066+0000] {processor.py:179} INFO - Processing /home/airflow/.local/lib/python3.7/site-packages/airflow/example_dags/example_short_circuit_operator.py took 0.083 seconds
[2023-06-23T13:57:58.286+0000] {processor.py:157} INFO - Started process (PID=2571) to work on /home/airflow/.local/lib/python3.7/site-packages/airflow/example_dags/example_short_circuit_operator.py
[2023-06-23T13:57:58.287+0000] {processor.py:826} INFO - Processing file /home/airflow/.local/lib/python3.7/site-packages/airflow/example_dags/example_short_circuit_operator.py for tasks to queue
[2023-06-23T13:57:58.288+0000] {logging_mixin.py:149} INFO - [2023-06-23T13:57:58.288+0000] {dagbag.py:541} INFO - Filling up the DagBag from /home/airflow/.local/lib/python3.7/site-packages/airflow/example_dags/example_short_circuit_operator.py
[2023-06-23T13:57:58.296+0000] {processor.py:836} INFO - DAG(s) dict_keys(['example_short_circuit_operator']) retrieved from /home/airflow/.local/lib/python3.7/site-packages/airflow/example_dags/example_short_circuit_operator.py
[2023-06-23T13:57:58.321+0000] {logging_mixin.py:149} INFO - [2023-06-23T13:57:58.321+0000] {dag.py:2726} INFO - Sync 1 DAGs
[2023-06-23T13:57:58.344+0000] {logging_mixin.py:149} INFO - [2023-06-23T13:57:58.344+0000] {dag.py:3490} INFO - Setting next_dagrun for example_short_circuit_operator to 2023-06-22T13:57:58.343902+00:00, run_after=2023-06-23T13:57:58.343902+00:00
[2023-06-23T13:57:58.364+0000] {processor.py:179} INFO - Processing /home/airflow/.local/lib/python3.7/site-packages/airflow/example_dags/example_short_circuit_operator.py took 0.081 seconds
[2023-06-23T13:58:28.607+0000] {processor.py:157} INFO - Started process (PID=2637) to work on /home/airflow/.local/lib/python3.7/site-packages/airflow/example_dags/example_short_circuit_operator.py
[2023-06-23T13:58:28.608+0000] {processor.py:826} INFO - Processing file /home/airflow/.local/lib/python3.7/site-packages/airflow/example_dags/example_short_circuit_operator.py for tasks to queue
[2023-06-23T13:58:28.609+0000] {logging_mixin.py:149} INFO - [2023-06-23T13:58:28.609+0000] {dagbag.py:541} INFO - Filling up the DagBag from /home/airflow/.local/lib/python3.7/site-packages/airflow/example_dags/example_short_circuit_operator.py
[2023-06-23T13:58:28.617+0000] {processor.py:836} INFO - DAG(s) dict_keys(['example_short_circuit_operator']) retrieved from /home/airflow/.local/lib/python3.7/site-packages/airflow/example_dags/example_short_circuit_operator.py
[2023-06-23T13:58:28.642+0000] {logging_mixin.py:149} INFO - [2023-06-23T13:58:28.642+0000] {dag.py:2726} INFO - Sync 1 DAGs
[2023-06-23T13:58:28.665+0000] {logging_mixin.py:149} INFO - [2023-06-23T13:58:28.664+0000] {dag.py:3490} INFO - Setting next_dagrun for example_short_circuit_operator to 2023-06-22T13:58:28.664788+00:00, run_after=2023-06-23T13:58:28.664788+00:00
[2023-06-23T13:58:28.687+0000] {processor.py:179} INFO - Processing /home/airflow/.local/lib/python3.7/site-packages/airflow/example_dags/example_short_circuit_operator.py took 0.082 seconds
[2023-06-23T13:58:59.040+0000] {processor.py:157} INFO - Started process (PID=2703) to work on /home/airflow/.local/lib/python3.7/site-packages/airflow/example_dags/example_short_circuit_operator.py
[2023-06-23T13:58:59.041+0000] {processor.py:826} INFO - Processing file /home/airflow/.local/lib/python3.7/site-packages/airflow/example_dags/example_short_circuit_operator.py for tasks to queue
[2023-06-23T13:58:59.042+0000] {logging_mixin.py:149} INFO - [2023-06-23T13:58:59.042+0000] {dagbag.py:541} INFO - Filling up the DagBag from /home/airflow/.local/lib/python3.7/site-packages/airflow/example_dags/example_short_circuit_operator.py
[2023-06-23T13:58:59.050+0000] {processor.py:836} INFO - DAG(s) dict_keys(['example_short_circuit_operator']) retrieved from /home/airflow/.local/lib/python3.7/site-packages/airflow/example_dags/example_short_circuit_operator.py
[2023-06-23T13:58:59.073+0000] {logging_mixin.py:149} INFO - [2023-06-23T13:58:59.073+0000] {dag.py:2726} INFO - Sync 1 DAGs
[2023-06-23T13:58:59.095+0000] {logging_mixin.py:149} INFO - [2023-06-23T13:58:59.095+0000] {dag.py:3490} INFO - Setting next_dagrun for example_short_circuit_operator to 2023-06-22T13:58:59.095170+00:00, run_after=2023-06-23T13:58:59.095170+00:00
[2023-06-23T13:58:59.114+0000] {processor.py:179} INFO - Processing /home/airflow/.local/lib/python3.7/site-packages/airflow/example_dags/example_short_circuit_operator.py took 0.077 seconds
[2023-06-23T13:59:29.377+0000] {processor.py:157} INFO - Started process (PID=2769) to work on /home/airflow/.local/lib/python3.7/site-packages/airflow/example_dags/example_short_circuit_operator.py
[2023-06-23T13:59:29.378+0000] {processor.py:826} INFO - Processing file /home/airflow/.local/lib/python3.7/site-packages/airflow/example_dags/example_short_circuit_operator.py for tasks to queue
[2023-06-23T13:59:29.379+0000] {logging_mixin.py:149} INFO - [2023-06-23T13:59:29.379+0000] {dagbag.py:541} INFO - Filling up the DagBag from /home/airflow/.local/lib/python3.7/site-packages/airflow/example_dags/example_short_circuit_operator.py
[2023-06-23T13:59:29.387+0000] {processor.py:836} INFO - DAG(s) dict_keys(['example_short_circuit_operator']) retrieved from /home/airflow/.local/lib/python3.7/site-packages/airflow/example_dags/example_short_circuit_operator.py
[2023-06-23T13:59:29.411+0000] {logging_mixin.py:149} INFO - [2023-06-23T13:59:29.411+0000] {dag.py:2726} INFO - Sync 1 DAGs
[2023-06-23T13:59:29.434+0000] {logging_mixin.py:149} INFO - [2023-06-23T13:59:29.434+0000] {dag.py:3490} INFO - Setting next_dagrun for example_short_circuit_operator to 2023-06-22T13:59:29.434180+00:00, run_after=2023-06-23T13:59:29.434180+00:00
[2023-06-23T13:59:29.456+0000] {processor.py:179} INFO - Processing /home/airflow/.local/lib/python3.7/site-packages/airflow/example_dags/example_short_circuit_operator.py took 0.081 seconds
[2023-06-23T13:59:59.516+0000] {processor.py:157} INFO - Started process (PID=2835) to work on /home/airflow/.local/lib/python3.7/site-packages/airflow/example_dags/example_short_circuit_operator.py
[2023-06-23T13:59:59.517+0000] {processor.py:826} INFO - Processing file /home/airflow/.local/lib/python3.7/site-packages/airflow/example_dags/example_short_circuit_operator.py for tasks to queue
[2023-06-23T13:59:59.518+0000] {logging_mixin.py:149} INFO - [2023-06-23T13:59:59.518+0000] {dagbag.py:541} INFO - Filling up the DagBag from /home/airflow/.local/lib/python3.7/site-packages/airflow/example_dags/example_short_circuit_operator.py
[2023-06-23T13:59:59.525+0000] {processor.py:836} INFO - DAG(s) dict_keys(['example_short_circuit_operator']) retrieved from /home/airflow/.local/lib/python3.7/site-packages/airflow/example_dags/example_short_circuit_operator.py
[2023-06-23T13:59:59.549+0000] {logging_mixin.py:149} INFO - [2023-06-23T13:59:59.549+0000] {dag.py:2726} INFO - Sync 1 DAGs
[2023-06-23T13:59:59.573+0000] {logging_mixin.py:149} INFO - [2023-06-23T13:59:59.572+0000] {dag.py:3490} INFO - Setting next_dagrun for example_short_circuit_operator to 2023-06-22T13:59:59.572728+00:00, run_after=2023-06-23T13:59:59.572728+00:00
[2023-06-23T13:59:59.592+0000] {processor.py:179} INFO - Processing /home/airflow/.local/lib/python3.7/site-packages/airflow/example_dags/example_short_circuit_operator.py took 0.079 seconds
[2023-06-23T14:00:30.022+0000] {processor.py:157} INFO - Started process (PID=2901) to work on /home/airflow/.local/lib/python3.7/site-packages/airflow/example_dags/example_short_circuit_operator.py
[2023-06-23T14:00:30.024+0000] {processor.py:826} INFO - Processing file /home/airflow/.local/lib/python3.7/site-packages/airflow/example_dags/example_short_circuit_operator.py for tasks to queue
[2023-06-23T14:00:30.024+0000] {logging_mixin.py:149} INFO - [2023-06-23T14:00:30.024+0000] {dagbag.py:541} INFO - Filling up the DagBag from /home/airflow/.local/lib/python3.7/site-packages/airflow/example_dags/example_short_circuit_operator.py
[2023-06-23T14:00:30.031+0000] {processor.py:836} INFO - DAG(s) dict_keys(['example_short_circuit_operator']) retrieved from /home/airflow/.local/lib/python3.7/site-packages/airflow/example_dags/example_short_circuit_operator.py
[2023-06-23T14:00:30.057+0000] {logging_mixin.py:149} INFO - [2023-06-23T14:00:30.056+0000] {dag.py:2726} INFO - Sync 1 DAGs
[2023-06-23T14:00:30.081+0000] {logging_mixin.py:149} INFO - [2023-06-23T14:00:30.081+0000] {dag.py:3490} INFO - Setting next_dagrun for example_short_circuit_operator to 2023-06-22T14:00:30.080799+00:00, run_after=2023-06-23T14:00:30.080799+00:00
[2023-06-23T14:00:30.103+0000] {processor.py:179} INFO - Processing /home/airflow/.local/lib/python3.7/site-packages/airflow/example_dags/example_short_circuit_operator.py took 0.084 seconds
[2023-06-23T14:01:00.241+0000] {processor.py:157} INFO - Started process (PID=2968) to work on /home/airflow/.local/lib/python3.7/site-packages/airflow/example_dags/example_short_circuit_operator.py
[2023-06-23T14:01:00.242+0000] {processor.py:826} INFO - Processing file /home/airflow/.local/lib/python3.7/site-packages/airflow/example_dags/example_short_circuit_operator.py for tasks to queue
[2023-06-23T14:01:00.244+0000] {logging_mixin.py:149} INFO - [2023-06-23T14:01:00.243+0000] {dagbag.py:541} INFO - Filling up the DagBag from /home/airflow/.local/lib/python3.7/site-packages/airflow/example_dags/example_short_circuit_operator.py
[2023-06-23T14:01:00.252+0000] {processor.py:836} INFO - DAG(s) dict_keys(['example_short_circuit_operator']) retrieved from /home/airflow/.local/lib/python3.7/site-packages/airflow/example_dags/example_short_circuit_operator.py
[2023-06-23T14:01:00.277+0000] {logging_mixin.py:149} INFO - [2023-06-23T14:01:00.277+0000] {dag.py:2726} INFO - Sync 1 DAGs
[2023-06-23T14:01:00.300+0000] {logging_mixin.py:149} INFO - [2023-06-23T14:01:00.300+0000] {dag.py:3490} INFO - Setting next_dagrun for example_short_circuit_operator to 2023-06-22T14:01:00.300533+00:00, run_after=2023-06-23T14:01:00.300533+00:00
[2023-06-23T14:01:00.319+0000] {processor.py:179} INFO - Processing /home/airflow/.local/lib/python3.7/site-packages/airflow/example_dags/example_short_circuit_operator.py took 0.082 seconds
[2023-06-23T14:01:30.514+0000] {processor.py:157} INFO - Started process (PID=3034) to work on /home/airflow/.local/lib/python3.7/site-packages/airflow/example_dags/example_short_circuit_operator.py
[2023-06-23T14:01:30.516+0000] {processor.py:826} INFO - Processing file /home/airflow/.local/lib/python3.7/site-packages/airflow/example_dags/example_short_circuit_operator.py for tasks to queue
[2023-06-23T14:01:30.517+0000] {logging_mixin.py:149} INFO - [2023-06-23T14:01:30.516+0000] {dagbag.py:541} INFO - Filling up the DagBag from /home/airflow/.local/lib/python3.7/site-packages/airflow/example_dags/example_short_circuit_operator.py
[2023-06-23T14:01:30.525+0000] {processor.py:836} INFO - DAG(s) dict_keys(['example_short_circuit_operator']) retrieved from /home/airflow/.local/lib/python3.7/site-packages/airflow/example_dags/example_short_circuit_operator.py
[2023-06-23T14:01:30.552+0000] {logging_mixin.py:149} INFO - [2023-06-23T14:01:30.552+0000] {dag.py:2726} INFO - Sync 1 DAGs
[2023-06-23T14:01:30.580+0000] {logging_mixin.py:149} INFO - [2023-06-23T14:01:30.580+0000] {dag.py:3490} INFO - Setting next_dagrun for example_short_circuit_operator to 2023-06-22T14:01:30.579904+00:00, run_after=2023-06-23T14:01:30.579904+00:00
[2023-06-23T14:01:30.602+0000] {processor.py:179} INFO - Processing /home/airflow/.local/lib/python3.7/site-packages/airflow/example_dags/example_short_circuit_operator.py took 0.091 seconds
[2023-06-23T14:02:00.830+0000] {processor.py:157} INFO - Started process (PID=3100) to work on /home/airflow/.local/lib/python3.7/site-packages/airflow/example_dags/example_short_circuit_operator.py
[2023-06-23T14:02:00.831+0000] {processor.py:826} INFO - Processing file /home/airflow/.local/lib/python3.7/site-packages/airflow/example_dags/example_short_circuit_operator.py for tasks to queue
[2023-06-23T14:02:00.832+0000] {logging_mixin.py:149} INFO - [2023-06-23T14:02:00.831+0000] {dagbag.py:541} INFO - Filling up the DagBag from /home/airflow/.local/lib/python3.7/site-packages/airflow/example_dags/example_short_circuit_operator.py
[2023-06-23T14:02:00.839+0000] {processor.py:836} INFO - DAG(s) dict_keys(['example_short_circuit_operator']) retrieved from /home/airflow/.local/lib/python3.7/site-packages/airflow/example_dags/example_short_circuit_operator.py
[2023-06-23T14:02:00.864+0000] {logging_mixin.py:149} INFO - [2023-06-23T14:02:00.864+0000] {dag.py:2726} INFO - Sync 1 DAGs
[2023-06-23T14:02:00.887+0000] {logging_mixin.py:149} INFO - [2023-06-23T14:02:00.887+0000] {dag.py:3490} INFO - Setting next_dagrun for example_short_circuit_operator to 2023-06-22T14:02:00.887165+00:00, run_after=2023-06-23T14:02:00.887165+00:00
[2023-06-23T14:02:00.908+0000] {processor.py:179} INFO - Processing /home/airflow/.local/lib/python3.7/site-packages/airflow/example_dags/example_short_circuit_operator.py took 0.082 seconds
[2023-06-23T14:02:31.175+0000] {processor.py:157} INFO - Started process (PID=3166) to work on /home/airflow/.local/lib/python3.7/site-packages/airflow/example_dags/example_short_circuit_operator.py
[2023-06-23T14:02:31.176+0000] {processor.py:826} INFO - Processing file /home/airflow/.local/lib/python3.7/site-packages/airflow/example_dags/example_short_circuit_operator.py for tasks to queue
[2023-06-23T14:02:31.176+0000] {logging_mixin.py:149} INFO - [2023-06-23T14:02:31.176+0000] {dagbag.py:541} INFO - Filling up the DagBag from /home/airflow/.local/lib/python3.7/site-packages/airflow/example_dags/example_short_circuit_operator.py
[2023-06-23T14:02:31.184+0000] {processor.py:836} INFO - DAG(s) dict_keys(['example_short_circuit_operator']) retrieved from /home/airflow/.local/lib/python3.7/site-packages/airflow/example_dags/example_short_circuit_operator.py
[2023-06-23T14:02:31.207+0000] {logging_mixin.py:149} INFO - [2023-06-23T14:02:31.207+0000] {dag.py:2726} INFO - Sync 1 DAGs
[2023-06-23T14:02:31.229+0000] {logging_mixin.py:149} INFO - [2023-06-23T14:02:31.228+0000] {dag.py:3490} INFO - Setting next_dagrun for example_short_circuit_operator to 2023-06-22T14:02:31.228779+00:00, run_after=2023-06-23T14:02:31.228779+00:00
[2023-06-23T14:02:31.247+0000] {processor.py:179} INFO - Processing /home/airflow/.local/lib/python3.7/site-packages/airflow/example_dags/example_short_circuit_operator.py took 0.075 seconds
[2023-06-23T14:03:01.465+0000] {processor.py:157} INFO - Started process (PID=3232) to work on /home/airflow/.local/lib/python3.7/site-packages/airflow/example_dags/example_short_circuit_operator.py
[2023-06-23T14:03:01.466+0000] {processor.py:826} INFO - Processing file /home/airflow/.local/lib/python3.7/site-packages/airflow/example_dags/example_short_circuit_operator.py for tasks to queue
[2023-06-23T14:03:01.467+0000] {logging_mixin.py:149} INFO - [2023-06-23T14:03:01.467+0000] {dagbag.py:541} INFO - Filling up the DagBag from /home/airflow/.local/lib/python3.7/site-packages/airflow/example_dags/example_short_circuit_operator.py
[2023-06-23T14:03:01.474+0000] {processor.py:836} INFO - DAG(s) dict_keys(['example_short_circuit_operator']) retrieved from /home/airflow/.local/lib/python3.7/site-packages/airflow/example_dags/example_short_circuit_operator.py
[2023-06-23T14:03:01.500+0000] {logging_mixin.py:149} INFO - [2023-06-23T14:03:01.500+0000] {dag.py:2726} INFO - Sync 1 DAGs
[2023-06-23T14:03:01.523+0000] {logging_mixin.py:149} INFO - [2023-06-23T14:03:01.523+0000] {dag.py:3490} INFO - Setting next_dagrun for example_short_circuit_operator to 2023-06-22T14:03:01.523603+00:00, run_after=2023-06-23T14:03:01.523603+00:00
[2023-06-23T14:03:01.542+0000] {processor.py:179} INFO - Processing /home/airflow/.local/lib/python3.7/site-packages/airflow/example_dags/example_short_circuit_operator.py took 0.080 seconds
[2023-06-23T14:03:31.905+0000] {processor.py:157} INFO - Started process (PID=3298) to work on /home/airflow/.local/lib/python3.7/site-packages/airflow/example_dags/example_short_circuit_operator.py
[2023-06-23T14:03:31.907+0000] {processor.py:826} INFO - Processing file /home/airflow/.local/lib/python3.7/site-packages/airflow/example_dags/example_short_circuit_operator.py for tasks to queue
[2023-06-23T14:03:31.908+0000] {logging_mixin.py:149} INFO - [2023-06-23T14:03:31.907+0000] {dagbag.py:541} INFO - Filling up the DagBag from /home/airflow/.local/lib/python3.7/site-packages/airflow/example_dags/example_short_circuit_operator.py
[2023-06-23T14:03:31.915+0000] {processor.py:836} INFO - DAG(s) dict_keys(['example_short_circuit_operator']) retrieved from /home/airflow/.local/lib/python3.7/site-packages/airflow/example_dags/example_short_circuit_operator.py
[2023-06-23T14:03:31.941+0000] {logging_mixin.py:149} INFO - [2023-06-23T14:03:31.941+0000] {dag.py:2726} INFO - Sync 1 DAGs
[2023-06-23T14:03:31.963+0000] {logging_mixin.py:149} INFO - [2023-06-23T14:03:31.963+0000] {dag.py:3490} INFO - Setting next_dagrun for example_short_circuit_operator to 2023-06-22T14:03:31.963534+00:00, run_after=2023-06-23T14:03:31.963534+00:00
[2023-06-23T14:03:31.983+0000] {processor.py:179} INFO - Processing /home/airflow/.local/lib/python3.7/site-packages/airflow/example_dags/example_short_circuit_operator.py took 0.080 seconds
