[2023-06-23T13:14:29.711+0000] {processor.py:157} INFO - Started process (PID=35) to work on /home/airflow/.local/lib/python3.7/site-packages/airflow/example_dags/example_latest_only.py
[2023-06-23T13:14:29.712+0000] {processor.py:826} INFO - Processing file /home/airflow/.local/lib/python3.7/site-packages/airflow/example_dags/example_latest_only.py for tasks to queue
[2023-06-23T13:14:29.713+0000] {logging_mixin.py:149} INFO - [2023-06-23T13:14:29.713+0000] {dagbag.py:541} INFO - Filling up the DagBag from /home/airflow/.local/lib/python3.7/site-packages/airflow/example_dags/example_latest_only.py
[2023-06-23T13:14:29.721+0000] {processor.py:836} INFO - DAG(s) dict_keys(['latest_only']) retrieved from /home/airflow/.local/lib/python3.7/site-packages/airflow/example_dags/example_latest_only.py
[2023-06-23T13:14:29.734+0000] {logging_mixin.py:149} INFO - [2023-06-23T13:14:29.734+0000] {dag.py:2726} INFO - Sync 1 DAGs
[2023-06-23T13:14:29.761+0000] {logging_mixin.py:149} INFO - [2023-06-23T13:14:29.761+0000] {dag.py:3490} INFO - Setting next_dagrun for latest_only to 2023-06-23T09:14:29.761349+00:00, run_after=2023-06-23T13:14:29.761349+00:00
[2023-06-23T13:14:29.783+0000] {processor.py:179} INFO - Processing /home/airflow/.local/lib/python3.7/site-packages/airflow/example_dags/example_latest_only.py took 0.075 seconds
[2023-06-23T13:15:00.487+0000] {processor.py:157} INFO - Started process (PID=101) to work on /home/airflow/.local/lib/python3.7/site-packages/airflow/example_dags/example_latest_only.py
[2023-06-23T13:15:00.489+0000] {processor.py:826} INFO - Processing file /home/airflow/.local/lib/python3.7/site-packages/airflow/example_dags/example_latest_only.py for tasks to queue
[2023-06-23T13:15:00.490+0000] {logging_mixin.py:149} INFO - [2023-06-23T13:15:00.490+0000] {dagbag.py:541} INFO - Filling up the DagBag from /home/airflow/.local/lib/python3.7/site-packages/airflow/example_dags/example_latest_only.py
[2023-06-23T13:15:00.496+0000] {processor.py:836} INFO - DAG(s) dict_keys(['latest_only']) retrieved from /home/airflow/.local/lib/python3.7/site-packages/airflow/example_dags/example_latest_only.py
[2023-06-23T13:15:00.509+0000] {logging_mixin.py:149} INFO - [2023-06-23T13:15:00.509+0000] {dag.py:2726} INFO - Sync 1 DAGs
[2023-06-23T13:15:00.538+0000] {logging_mixin.py:149} INFO - [2023-06-23T13:15:00.537+0000] {dag.py:3490} INFO - Setting next_dagrun for latest_only to 2023-06-23T09:15:00.537660+00:00, run_after=2023-06-23T13:15:00.537660+00:00
[2023-06-23T13:15:00.562+0000] {processor.py:179} INFO - Processing /home/airflow/.local/lib/python3.7/site-packages/airflow/example_dags/example_latest_only.py took 0.078 seconds
[2023-06-23T13:15:30.655+0000] {processor.py:157} INFO - Started process (PID=167) to work on /home/airflow/.local/lib/python3.7/site-packages/airflow/example_dags/example_latest_only.py
[2023-06-23T13:15:30.656+0000] {processor.py:826} INFO - Processing file /home/airflow/.local/lib/python3.7/site-packages/airflow/example_dags/example_latest_only.py for tasks to queue
[2023-06-23T13:15:30.657+0000] {logging_mixin.py:149} INFO - [2023-06-23T13:15:30.657+0000] {dagbag.py:541} INFO - Filling up the DagBag from /home/airflow/.local/lib/python3.7/site-packages/airflow/example_dags/example_latest_only.py
[2023-06-23T13:15:30.662+0000] {processor.py:836} INFO - DAG(s) dict_keys(['latest_only']) retrieved from /home/airflow/.local/lib/python3.7/site-packages/airflow/example_dags/example_latest_only.py
[2023-06-23T13:15:30.683+0000] {logging_mixin.py:149} INFO - [2023-06-23T13:15:30.683+0000] {dag.py:2726} INFO - Sync 1 DAGs
[2023-06-23T13:15:30.708+0000] {logging_mixin.py:149} INFO - [2023-06-23T13:15:30.708+0000] {dag.py:3490} INFO - Setting next_dagrun for latest_only to 2023-06-23T09:15:30.708607+00:00, run_after=2023-06-23T13:15:30.708607+00:00
[2023-06-23T13:15:30.729+0000] {processor.py:179} INFO - Processing /home/airflow/.local/lib/python3.7/site-packages/airflow/example_dags/example_latest_only.py took 0.077 seconds
[2023-06-23T13:16:01.228+0000] {processor.py:157} INFO - Started process (PID=233) to work on /home/airflow/.local/lib/python3.7/site-packages/airflow/example_dags/example_latest_only.py
[2023-06-23T13:16:01.229+0000] {processor.py:826} INFO - Processing file /home/airflow/.local/lib/python3.7/site-packages/airflow/example_dags/example_latest_only.py for tasks to queue
[2023-06-23T13:16:01.230+0000] {logging_mixin.py:149} INFO - [2023-06-23T13:16:01.230+0000] {dagbag.py:541} INFO - Filling up the DagBag from /home/airflow/.local/lib/python3.7/site-packages/airflow/example_dags/example_latest_only.py
[2023-06-23T13:16:01.235+0000] {processor.py:836} INFO - DAG(s) dict_keys(['latest_only']) retrieved from /home/airflow/.local/lib/python3.7/site-packages/airflow/example_dags/example_latest_only.py
[2023-06-23T13:16:01.256+0000] {logging_mixin.py:149} INFO - [2023-06-23T13:16:01.256+0000] {dag.py:2726} INFO - Sync 1 DAGs
[2023-06-23T13:16:01.280+0000] {logging_mixin.py:149} INFO - [2023-06-23T13:16:01.280+0000] {dag.py:3490} INFO - Setting next_dagrun for latest_only to 2023-06-23T09:16:01.280046+00:00, run_after=2023-06-23T13:16:01.280046+00:00
[2023-06-23T13:16:01.300+0000] {processor.py:179} INFO - Processing /home/airflow/.local/lib/python3.7/site-packages/airflow/example_dags/example_latest_only.py took 0.074 seconds
[2023-06-23T13:38:39.356+0000] {processor.py:157} INFO - Started process (PID=34) to work on /home/airflow/.local/lib/python3.7/site-packages/airflow/example_dags/example_latest_only.py
[2023-06-23T13:38:39.358+0000] {processor.py:826} INFO - Processing file /home/airflow/.local/lib/python3.7/site-packages/airflow/example_dags/example_latest_only.py for tasks to queue
[2023-06-23T13:38:39.359+0000] {logging_mixin.py:149} INFO - [2023-06-23T13:38:39.359+0000] {dagbag.py:541} INFO - Filling up the DagBag from /home/airflow/.local/lib/python3.7/site-packages/airflow/example_dags/example_latest_only.py
[2023-06-23T13:38:39.369+0000] {processor.py:836} INFO - DAG(s) dict_keys(['latest_only']) retrieved from /home/airflow/.local/lib/python3.7/site-packages/airflow/example_dags/example_latest_only.py
[2023-06-23T13:38:39.386+0000] {logging_mixin.py:149} INFO - [2023-06-23T13:38:39.386+0000] {dag.py:2726} INFO - Sync 1 DAGs
[2023-06-23T13:38:39.428+0000] {logging_mixin.py:149} INFO - [2023-06-23T13:38:39.427+0000] {dag.py:3490} INFO - Setting next_dagrun for latest_only to 2023-06-23T09:38:39.427516+00:00, run_after=2023-06-23T13:38:39.427516+00:00
[2023-06-23T13:38:39.456+0000] {processor.py:179} INFO - Processing /home/airflow/.local/lib/python3.7/site-packages/airflow/example_dags/example_latest_only.py took 0.105 seconds
[2023-06-23T13:39:09.851+0000] {processor.py:157} INFO - Started process (PID=100) to work on /home/airflow/.local/lib/python3.7/site-packages/airflow/example_dags/example_latest_only.py
[2023-06-23T13:39:09.852+0000] {processor.py:826} INFO - Processing file /home/airflow/.local/lib/python3.7/site-packages/airflow/example_dags/example_latest_only.py for tasks to queue
[2023-06-23T13:39:09.853+0000] {logging_mixin.py:149} INFO - [2023-06-23T13:39:09.853+0000] {dagbag.py:541} INFO - Filling up the DagBag from /home/airflow/.local/lib/python3.7/site-packages/airflow/example_dags/example_latest_only.py
[2023-06-23T13:39:09.858+0000] {processor.py:836} INFO - DAG(s) dict_keys(['latest_only']) retrieved from /home/airflow/.local/lib/python3.7/site-packages/airflow/example_dags/example_latest_only.py
[2023-06-23T13:39:09.879+0000] {logging_mixin.py:149} INFO - [2023-06-23T13:39:09.879+0000] {dag.py:2726} INFO - Sync 1 DAGs
[2023-06-23T13:39:09.907+0000] {logging_mixin.py:149} INFO - [2023-06-23T13:39:09.907+0000] {dag.py:3490} INFO - Setting next_dagrun for latest_only to 2023-06-23T09:39:09.906813+00:00, run_after=2023-06-23T13:39:09.906813+00:00
[2023-06-23T13:39:09.936+0000] {processor.py:179} INFO - Processing /home/airflow/.local/lib/python3.7/site-packages/airflow/example_dags/example_latest_only.py took 0.087 seconds
[2023-06-23T13:39:40.384+0000] {processor.py:157} INFO - Started process (PID=166) to work on /home/airflow/.local/lib/python3.7/site-packages/airflow/example_dags/example_latest_only.py
[2023-06-23T13:39:40.385+0000] {processor.py:826} INFO - Processing file /home/airflow/.local/lib/python3.7/site-packages/airflow/example_dags/example_latest_only.py for tasks to queue
[2023-06-23T13:39:40.386+0000] {logging_mixin.py:149} INFO - [2023-06-23T13:39:40.386+0000] {dagbag.py:541} INFO - Filling up the DagBag from /home/airflow/.local/lib/python3.7/site-packages/airflow/example_dags/example_latest_only.py
[2023-06-23T13:39:40.391+0000] {processor.py:836} INFO - DAG(s) dict_keys(['latest_only']) retrieved from /home/airflow/.local/lib/python3.7/site-packages/airflow/example_dags/example_latest_only.py
[2023-06-23T13:39:40.414+0000] {logging_mixin.py:149} INFO - [2023-06-23T13:39:40.414+0000] {dag.py:2726} INFO - Sync 1 DAGs
[2023-06-23T13:39:40.440+0000] {logging_mixin.py:149} INFO - [2023-06-23T13:39:40.440+0000] {dag.py:3490} INFO - Setting next_dagrun for latest_only to 2023-06-23T09:39:40.440611+00:00, run_after=2023-06-23T13:39:40.440611+00:00
[2023-06-23T13:39:40.462+0000] {processor.py:179} INFO - Processing /home/airflow/.local/lib/python3.7/site-packages/airflow/example_dags/example_latest_only.py took 0.081 seconds
[2023-06-23T13:40:11.231+0000] {processor.py:157} INFO - Started process (PID=232) to work on /home/airflow/.local/lib/python3.7/site-packages/airflow/example_dags/example_latest_only.py
[2023-06-23T13:40:11.232+0000] {processor.py:826} INFO - Processing file /home/airflow/.local/lib/python3.7/site-packages/airflow/example_dags/example_latest_only.py for tasks to queue
[2023-06-23T13:40:11.233+0000] {logging_mixin.py:149} INFO - [2023-06-23T13:40:11.233+0000] {dagbag.py:541} INFO - Filling up the DagBag from /home/airflow/.local/lib/python3.7/site-packages/airflow/example_dags/example_latest_only.py
[2023-06-23T13:40:11.238+0000] {processor.py:836} INFO - DAG(s) dict_keys(['latest_only']) retrieved from /home/airflow/.local/lib/python3.7/site-packages/airflow/example_dags/example_latest_only.py
[2023-06-23T13:40:11.260+0000] {logging_mixin.py:149} INFO - [2023-06-23T13:40:11.259+0000] {dag.py:2726} INFO - Sync 1 DAGs
[2023-06-23T13:40:11.285+0000] {logging_mixin.py:149} INFO - [2023-06-23T13:40:11.284+0000] {dag.py:3490} INFO - Setting next_dagrun for latest_only to 2023-06-23T09:40:11.284660+00:00, run_after=2023-06-23T13:40:11.284660+00:00
[2023-06-23T13:40:11.302+0000] {processor.py:179} INFO - Processing /home/airflow/.local/lib/python3.7/site-packages/airflow/example_dags/example_latest_only.py took 0.075 seconds
[2023-06-23T13:40:41.509+0000] {processor.py:157} INFO - Started process (PID=298) to work on /home/airflow/.local/lib/python3.7/site-packages/airflow/example_dags/example_latest_only.py
[2023-06-23T13:40:41.510+0000] {processor.py:826} INFO - Processing file /home/airflow/.local/lib/python3.7/site-packages/airflow/example_dags/example_latest_only.py for tasks to queue
[2023-06-23T13:40:41.511+0000] {logging_mixin.py:149} INFO - [2023-06-23T13:40:41.511+0000] {dagbag.py:541} INFO - Filling up the DagBag from /home/airflow/.local/lib/python3.7/site-packages/airflow/example_dags/example_latest_only.py
[2023-06-23T13:40:41.515+0000] {processor.py:836} INFO - DAG(s) dict_keys(['latest_only']) retrieved from /home/airflow/.local/lib/python3.7/site-packages/airflow/example_dags/example_latest_only.py
[2023-06-23T13:40:41.537+0000] {logging_mixin.py:149} INFO - [2023-06-23T13:40:41.537+0000] {dag.py:2726} INFO - Sync 1 DAGs
[2023-06-23T13:40:41.560+0000] {logging_mixin.py:149} INFO - [2023-06-23T13:40:41.560+0000] {dag.py:3490} INFO - Setting next_dagrun for latest_only to 2023-06-23T09:40:41.560343+00:00, run_after=2023-06-23T13:40:41.560343+00:00
[2023-06-23T13:40:41.579+0000] {processor.py:179} INFO - Processing /home/airflow/.local/lib/python3.7/site-packages/airflow/example_dags/example_latest_only.py took 0.073 seconds
[2023-06-23T13:41:11.905+0000] {processor.py:157} INFO - Started process (PID=364) to work on /home/airflow/.local/lib/python3.7/site-packages/airflow/example_dags/example_latest_only.py
[2023-06-23T13:41:11.906+0000] {processor.py:826} INFO - Processing file /home/airflow/.local/lib/python3.7/site-packages/airflow/example_dags/example_latest_only.py for tasks to queue
[2023-06-23T13:41:11.907+0000] {logging_mixin.py:149} INFO - [2023-06-23T13:41:11.907+0000] {dagbag.py:541} INFO - Filling up the DagBag from /home/airflow/.local/lib/python3.7/site-packages/airflow/example_dags/example_latest_only.py
[2023-06-23T13:41:11.914+0000] {processor.py:836} INFO - DAG(s) dict_keys(['latest_only']) retrieved from /home/airflow/.local/lib/python3.7/site-packages/airflow/example_dags/example_latest_only.py
[2023-06-23T13:41:11.943+0000] {logging_mixin.py:149} INFO - [2023-06-23T13:41:11.943+0000] {dag.py:2726} INFO - Sync 1 DAGs
[2023-06-23T13:41:11.972+0000] {logging_mixin.py:149} INFO - [2023-06-23T13:41:11.972+0000] {dag.py:3490} INFO - Setting next_dagrun for latest_only to 2023-06-23T09:41:11.971957+00:00, run_after=2023-06-23T13:41:11.971957+00:00
[2023-06-23T13:41:11.995+0000] {processor.py:179} INFO - Processing /home/airflow/.local/lib/python3.7/site-packages/airflow/example_dags/example_latest_only.py took 0.093 seconds
[2023-06-23T13:41:42.687+0000] {processor.py:157} INFO - Started process (PID=430) to work on /home/airflow/.local/lib/python3.7/site-packages/airflow/example_dags/example_latest_only.py
[2023-06-23T13:41:42.688+0000] {processor.py:826} INFO - Processing file /home/airflow/.local/lib/python3.7/site-packages/airflow/example_dags/example_latest_only.py for tasks to queue
[2023-06-23T13:41:42.689+0000] {logging_mixin.py:149} INFO - [2023-06-23T13:41:42.689+0000] {dagbag.py:541} INFO - Filling up the DagBag from /home/airflow/.local/lib/python3.7/site-packages/airflow/example_dags/example_latest_only.py
[2023-06-23T13:41:42.695+0000] {processor.py:836} INFO - DAG(s) dict_keys(['latest_only']) retrieved from /home/airflow/.local/lib/python3.7/site-packages/airflow/example_dags/example_latest_only.py
[2023-06-23T13:41:42.716+0000] {logging_mixin.py:149} INFO - [2023-06-23T13:41:42.715+0000] {dag.py:2726} INFO - Sync 1 DAGs
[2023-06-23T13:41:42.740+0000] {logging_mixin.py:149} INFO - [2023-06-23T13:41:42.739+0000] {dag.py:3490} INFO - Setting next_dagrun for latest_only to 2023-06-23T09:41:42.739784+00:00, run_after=2023-06-23T13:41:42.739784+00:00
[2023-06-23T13:41:42.758+0000] {processor.py:179} INFO - Processing /home/airflow/.local/lib/python3.7/site-packages/airflow/example_dags/example_latest_only.py took 0.074 seconds
[2023-06-23T13:42:12.895+0000] {processor.py:157} INFO - Started process (PID=496) to work on /home/airflow/.local/lib/python3.7/site-packages/airflow/example_dags/example_latest_only.py
[2023-06-23T13:42:12.896+0000] {processor.py:826} INFO - Processing file /home/airflow/.local/lib/python3.7/site-packages/airflow/example_dags/example_latest_only.py for tasks to queue
[2023-06-23T13:42:12.897+0000] {logging_mixin.py:149} INFO - [2023-06-23T13:42:12.897+0000] {dagbag.py:541} INFO - Filling up the DagBag from /home/airflow/.local/lib/python3.7/site-packages/airflow/example_dags/example_latest_only.py
[2023-06-23T13:42:12.904+0000] {processor.py:836} INFO - DAG(s) dict_keys(['latest_only']) retrieved from /home/airflow/.local/lib/python3.7/site-packages/airflow/example_dags/example_latest_only.py
[2023-06-23T13:42:12.930+0000] {logging_mixin.py:149} INFO - [2023-06-23T13:42:12.930+0000] {dag.py:2726} INFO - Sync 1 DAGs
[2023-06-23T13:42:12.958+0000] {logging_mixin.py:149} INFO - [2023-06-23T13:42:12.957+0000] {dag.py:3490} INFO - Setting next_dagrun for latest_only to 2023-06-23T09:42:12.957568+00:00, run_after=2023-06-23T13:42:12.957568+00:00
[2023-06-23T13:42:12.981+0000] {processor.py:179} INFO - Processing /home/airflow/.local/lib/python3.7/site-packages/airflow/example_dags/example_latest_only.py took 0.089 seconds
[2023-06-23T13:42:43.413+0000] {processor.py:157} INFO - Started process (PID=562) to work on /home/airflow/.local/lib/python3.7/site-packages/airflow/example_dags/example_latest_only.py
[2023-06-23T13:42:43.414+0000] {processor.py:826} INFO - Processing file /home/airflow/.local/lib/python3.7/site-packages/airflow/example_dags/example_latest_only.py for tasks to queue
[2023-06-23T13:42:43.415+0000] {logging_mixin.py:149} INFO - [2023-06-23T13:42:43.415+0000] {dagbag.py:541} INFO - Filling up the DagBag from /home/airflow/.local/lib/python3.7/site-packages/airflow/example_dags/example_latest_only.py
[2023-06-23T13:42:43.420+0000] {processor.py:836} INFO - DAG(s) dict_keys(['latest_only']) retrieved from /home/airflow/.local/lib/python3.7/site-packages/airflow/example_dags/example_latest_only.py
[2023-06-23T13:42:43.442+0000] {logging_mixin.py:149} INFO - [2023-06-23T13:42:43.442+0000] {dag.py:2726} INFO - Sync 1 DAGs
[2023-06-23T13:42:43.465+0000] {logging_mixin.py:149} INFO - [2023-06-23T13:42:43.465+0000] {dag.py:3490} INFO - Setting next_dagrun for latest_only to 2023-06-23T09:42:43.464881+00:00, run_after=2023-06-23T13:42:43.464881+00:00
[2023-06-23T13:42:43.487+0000] {processor.py:179} INFO - Processing /home/airflow/.local/lib/python3.7/site-packages/airflow/example_dags/example_latest_only.py took 0.078 seconds
[2023-06-23T13:43:13.669+0000] {processor.py:157} INFO - Started process (PID=628) to work on /home/airflow/.local/lib/python3.7/site-packages/airflow/example_dags/example_latest_only.py
[2023-06-23T13:43:13.670+0000] {processor.py:826} INFO - Processing file /home/airflow/.local/lib/python3.7/site-packages/airflow/example_dags/example_latest_only.py for tasks to queue
[2023-06-23T13:43:13.671+0000] {logging_mixin.py:149} INFO - [2023-06-23T13:43:13.671+0000] {dagbag.py:541} INFO - Filling up the DagBag from /home/airflow/.local/lib/python3.7/site-packages/airflow/example_dags/example_latest_only.py
[2023-06-23T13:43:13.677+0000] {processor.py:836} INFO - DAG(s) dict_keys(['latest_only']) retrieved from /home/airflow/.local/lib/python3.7/site-packages/airflow/example_dags/example_latest_only.py
[2023-06-23T13:43:13.702+0000] {logging_mixin.py:149} INFO - [2023-06-23T13:43:13.701+0000] {dag.py:2726} INFO - Sync 1 DAGs
[2023-06-23T13:43:13.731+0000] {logging_mixin.py:149} INFO - [2023-06-23T13:43:13.730+0000] {dag.py:3490} INFO - Setting next_dagrun for latest_only to 2023-06-23T09:43:13.730658+00:00, run_after=2023-06-23T13:43:13.730658+00:00
[2023-06-23T13:43:13.754+0000] {processor.py:179} INFO - Processing /home/airflow/.local/lib/python3.7/site-packages/airflow/example_dags/example_latest_only.py took 0.088 seconds
[2023-06-23T13:43:44.247+0000] {processor.py:157} INFO - Started process (PID=694) to work on /home/airflow/.local/lib/python3.7/site-packages/airflow/example_dags/example_latest_only.py
[2023-06-23T13:43:44.248+0000] {processor.py:826} INFO - Processing file /home/airflow/.local/lib/python3.7/site-packages/airflow/example_dags/example_latest_only.py for tasks to queue
[2023-06-23T13:43:44.249+0000] {logging_mixin.py:149} INFO - [2023-06-23T13:43:44.249+0000] {dagbag.py:541} INFO - Filling up the DagBag from /home/airflow/.local/lib/python3.7/site-packages/airflow/example_dags/example_latest_only.py
[2023-06-23T13:43:44.254+0000] {processor.py:836} INFO - DAG(s) dict_keys(['latest_only']) retrieved from /home/airflow/.local/lib/python3.7/site-packages/airflow/example_dags/example_latest_only.py
[2023-06-23T13:43:44.276+0000] {logging_mixin.py:149} INFO - [2023-06-23T13:43:44.275+0000] {dag.py:2726} INFO - Sync 1 DAGs
[2023-06-23T13:43:44.298+0000] {logging_mixin.py:149} INFO - [2023-06-23T13:43:44.298+0000] {dag.py:3490} INFO - Setting next_dagrun for latest_only to 2023-06-23T09:43:44.298076+00:00, run_after=2023-06-23T13:43:44.298076+00:00
[2023-06-23T13:43:44.318+0000] {processor.py:179} INFO - Processing /home/airflow/.local/lib/python3.7/site-packages/airflow/example_dags/example_latest_only.py took 0.073 seconds
[2023-06-23T13:44:14.736+0000] {processor.py:157} INFO - Started process (PID=760) to work on /home/airflow/.local/lib/python3.7/site-packages/airflow/example_dags/example_latest_only.py
[2023-06-23T13:44:14.737+0000] {processor.py:826} INFO - Processing file /home/airflow/.local/lib/python3.7/site-packages/airflow/example_dags/example_latest_only.py for tasks to queue
[2023-06-23T13:44:14.738+0000] {logging_mixin.py:149} INFO - [2023-06-23T13:44:14.738+0000] {dagbag.py:541} INFO - Filling up the DagBag from /home/airflow/.local/lib/python3.7/site-packages/airflow/example_dags/example_latest_only.py
[2023-06-23T13:44:14.743+0000] {processor.py:836} INFO - DAG(s) dict_keys(['latest_only']) retrieved from /home/airflow/.local/lib/python3.7/site-packages/airflow/example_dags/example_latest_only.py
[2023-06-23T13:44:14.765+0000] {logging_mixin.py:149} INFO - [2023-06-23T13:44:14.765+0000] {dag.py:2726} INFO - Sync 1 DAGs
[2023-06-23T13:44:14.790+0000] {logging_mixin.py:149} INFO - [2023-06-23T13:44:14.789+0000] {dag.py:3490} INFO - Setting next_dagrun for latest_only to 2023-06-23T09:44:14.789699+00:00, run_after=2023-06-23T13:44:14.789699+00:00
[2023-06-23T13:44:14.812+0000] {processor.py:179} INFO - Processing /home/airflow/.local/lib/python3.7/site-packages/airflow/example_dags/example_latest_only.py took 0.078 seconds
[2023-06-23T13:44:44.973+0000] {processor.py:157} INFO - Started process (PID=826) to work on /home/airflow/.local/lib/python3.7/site-packages/airflow/example_dags/example_latest_only.py
[2023-06-23T13:44:44.974+0000] {processor.py:826} INFO - Processing file /home/airflow/.local/lib/python3.7/site-packages/airflow/example_dags/example_latest_only.py for tasks to queue
[2023-06-23T13:44:44.975+0000] {logging_mixin.py:149} INFO - [2023-06-23T13:44:44.975+0000] {dagbag.py:541} INFO - Filling up the DagBag from /home/airflow/.local/lib/python3.7/site-packages/airflow/example_dags/example_latest_only.py
[2023-06-23T13:44:44.980+0000] {processor.py:836} INFO - DAG(s) dict_keys(['latest_only']) retrieved from /home/airflow/.local/lib/python3.7/site-packages/airflow/example_dags/example_latest_only.py
[2023-06-23T13:44:45.004+0000] {logging_mixin.py:149} INFO - [2023-06-23T13:44:45.004+0000] {dag.py:2726} INFO - Sync 1 DAGs
[2023-06-23T13:44:45.029+0000] {logging_mixin.py:149} INFO - [2023-06-23T13:44:45.029+0000] {dag.py:3490} INFO - Setting next_dagrun for latest_only to 2023-06-23T09:44:45.029352+00:00, run_after=2023-06-23T13:44:45.029352+00:00
[2023-06-23T13:44:45.049+0000] {processor.py:179} INFO - Processing /home/airflow/.local/lib/python3.7/site-packages/airflow/example_dags/example_latest_only.py took 0.079 seconds
[2023-06-23T13:45:15.433+0000] {processor.py:157} INFO - Started process (PID=892) to work on /home/airflow/.local/lib/python3.7/site-packages/airflow/example_dags/example_latest_only.py
[2023-06-23T13:45:15.434+0000] {processor.py:826} INFO - Processing file /home/airflow/.local/lib/python3.7/site-packages/airflow/example_dags/example_latest_only.py for tasks to queue
[2023-06-23T13:45:15.435+0000] {logging_mixin.py:149} INFO - [2023-06-23T13:45:15.435+0000] {dagbag.py:541} INFO - Filling up the DagBag from /home/airflow/.local/lib/python3.7/site-packages/airflow/example_dags/example_latest_only.py
[2023-06-23T13:45:15.441+0000] {processor.py:836} INFO - DAG(s) dict_keys(['latest_only']) retrieved from /home/airflow/.local/lib/python3.7/site-packages/airflow/example_dags/example_latest_only.py
[2023-06-23T13:45:15.465+0000] {logging_mixin.py:149} INFO - [2023-06-23T13:45:15.464+0000] {dag.py:2726} INFO - Sync 1 DAGs
[2023-06-23T13:45:15.492+0000] {logging_mixin.py:149} INFO - [2023-06-23T13:45:15.492+0000] {dag.py:3490} INFO - Setting next_dagrun for latest_only to 2023-06-23T09:45:15.492541+00:00, run_after=2023-06-23T13:45:15.492541+00:00
[2023-06-23T13:45:15.517+0000] {processor.py:179} INFO - Processing /home/airflow/.local/lib/python3.7/site-packages/airflow/example_dags/example_latest_only.py took 0.086 seconds
[2023-06-23T13:45:45.835+0000] {processor.py:157} INFO - Started process (PID=958) to work on /home/airflow/.local/lib/python3.7/site-packages/airflow/example_dags/example_latest_only.py
[2023-06-23T13:45:45.836+0000] {processor.py:826} INFO - Processing file /home/airflow/.local/lib/python3.7/site-packages/airflow/example_dags/example_latest_only.py for tasks to queue
[2023-06-23T13:45:45.837+0000] {logging_mixin.py:149} INFO - [2023-06-23T13:45:45.837+0000] {dagbag.py:541} INFO - Filling up the DagBag from /home/airflow/.local/lib/python3.7/site-packages/airflow/example_dags/example_latest_only.py
[2023-06-23T13:45:45.842+0000] {processor.py:836} INFO - DAG(s) dict_keys(['latest_only']) retrieved from /home/airflow/.local/lib/python3.7/site-packages/airflow/example_dags/example_latest_only.py
[2023-06-23T13:45:45.862+0000] {logging_mixin.py:149} INFO - [2023-06-23T13:45:45.862+0000] {dag.py:2726} INFO - Sync 1 DAGs
[2023-06-23T13:45:45.895+0000] {logging_mixin.py:149} INFO - [2023-06-23T13:45:45.895+0000] {dag.py:3490} INFO - Setting next_dagrun for latest_only to 2023-06-23T09:45:45.895257+00:00, run_after=2023-06-23T13:45:45.895257+00:00
[2023-06-23T13:45:45.920+0000] {processor.py:179} INFO - Processing /home/airflow/.local/lib/python3.7/site-packages/airflow/example_dags/example_latest_only.py took 0.087 seconds
[2023-06-23T13:46:16.083+0000] {processor.py:157} INFO - Started process (PID=1024) to work on /home/airflow/.local/lib/python3.7/site-packages/airflow/example_dags/example_latest_only.py
[2023-06-23T13:46:16.084+0000] {processor.py:826} INFO - Processing file /home/airflow/.local/lib/python3.7/site-packages/airflow/example_dags/example_latest_only.py for tasks to queue
[2023-06-23T13:46:16.085+0000] {logging_mixin.py:149} INFO - [2023-06-23T13:46:16.085+0000] {dagbag.py:541} INFO - Filling up the DagBag from /home/airflow/.local/lib/python3.7/site-packages/airflow/example_dags/example_latest_only.py
[2023-06-23T13:46:16.090+0000] {processor.py:836} INFO - DAG(s) dict_keys(['latest_only']) retrieved from /home/airflow/.local/lib/python3.7/site-packages/airflow/example_dags/example_latest_only.py
[2023-06-23T13:46:16.111+0000] {logging_mixin.py:149} INFO - [2023-06-23T13:46:16.111+0000] {dag.py:2726} INFO - Sync 1 DAGs
[2023-06-23T13:46:16.137+0000] {logging_mixin.py:149} INFO - [2023-06-23T13:46:16.137+0000] {dag.py:3490} INFO - Setting next_dagrun for latest_only to 2023-06-23T09:46:16.137534+00:00, run_after=2023-06-23T13:46:16.137534+00:00
[2023-06-23T13:46:16.162+0000] {processor.py:179} INFO - Processing /home/airflow/.local/lib/python3.7/site-packages/airflow/example_dags/example_latest_only.py took 0.082 seconds
[2023-06-23T13:46:46.229+0000] {processor.py:157} INFO - Started process (PID=1089) to work on /home/airflow/.local/lib/python3.7/site-packages/airflow/example_dags/example_latest_only.py
[2023-06-23T13:46:46.230+0000] {processor.py:826} INFO - Processing file /home/airflow/.local/lib/python3.7/site-packages/airflow/example_dags/example_latest_only.py for tasks to queue
[2023-06-23T13:46:46.231+0000] {logging_mixin.py:149} INFO - [2023-06-23T13:46:46.231+0000] {dagbag.py:541} INFO - Filling up the DagBag from /home/airflow/.local/lib/python3.7/site-packages/airflow/example_dags/example_latest_only.py
[2023-06-23T13:46:46.236+0000] {processor.py:836} INFO - DAG(s) dict_keys(['latest_only']) retrieved from /home/airflow/.local/lib/python3.7/site-packages/airflow/example_dags/example_latest_only.py
[2023-06-23T13:46:46.258+0000] {logging_mixin.py:149} INFO - [2023-06-23T13:46:46.258+0000] {dag.py:2726} INFO - Sync 1 DAGs
[2023-06-23T13:46:46.285+0000] {logging_mixin.py:149} INFO - [2023-06-23T13:46:46.285+0000] {dag.py:3490} INFO - Setting next_dagrun for latest_only to 2023-06-23T09:46:46.284999+00:00, run_after=2023-06-23T13:46:46.284999+00:00
[2023-06-23T13:46:46.307+0000] {processor.py:179} INFO - Processing /home/airflow/.local/lib/python3.7/site-packages/airflow/example_dags/example_latest_only.py took 0.081 seconds
[2023-06-23T13:47:16.670+0000] {processor.py:157} INFO - Started process (PID=1156) to work on /home/airflow/.local/lib/python3.7/site-packages/airflow/example_dags/example_latest_only.py
[2023-06-23T13:47:16.671+0000] {processor.py:826} INFO - Processing file /home/airflow/.local/lib/python3.7/site-packages/airflow/example_dags/example_latest_only.py for tasks to queue
[2023-06-23T13:47:16.672+0000] {logging_mixin.py:149} INFO - [2023-06-23T13:47:16.672+0000] {dagbag.py:541} INFO - Filling up the DagBag from /home/airflow/.local/lib/python3.7/site-packages/airflow/example_dags/example_latest_only.py
[2023-06-23T13:47:16.678+0000] {processor.py:836} INFO - DAG(s) dict_keys(['latest_only']) retrieved from /home/airflow/.local/lib/python3.7/site-packages/airflow/example_dags/example_latest_only.py
[2023-06-23T13:47:16.702+0000] {logging_mixin.py:149} INFO - [2023-06-23T13:47:16.702+0000] {dag.py:2726} INFO - Sync 1 DAGs
[2023-06-23T13:47:16.729+0000] {logging_mixin.py:149} INFO - [2023-06-23T13:47:16.729+0000] {dag.py:3490} INFO - Setting next_dagrun for latest_only to 2023-06-23T09:47:16.728973+00:00, run_after=2023-06-23T13:47:16.728973+00:00
[2023-06-23T13:47:16.752+0000] {processor.py:179} INFO - Processing /home/airflow/.local/lib/python3.7/site-packages/airflow/example_dags/example_latest_only.py took 0.084 seconds
[2023-06-23T13:47:47.182+0000] {processor.py:157} INFO - Started process (PID=1223) to work on /home/airflow/.local/lib/python3.7/site-packages/airflow/example_dags/example_latest_only.py
[2023-06-23T13:47:47.183+0000] {processor.py:826} INFO - Processing file /home/airflow/.local/lib/python3.7/site-packages/airflow/example_dags/example_latest_only.py for tasks to queue
[2023-06-23T13:47:47.184+0000] {logging_mixin.py:149} INFO - [2023-06-23T13:47:47.184+0000] {dagbag.py:541} INFO - Filling up the DagBag from /home/airflow/.local/lib/python3.7/site-packages/airflow/example_dags/example_latest_only.py
[2023-06-23T13:47:47.189+0000] {processor.py:836} INFO - DAG(s) dict_keys(['latest_only']) retrieved from /home/airflow/.local/lib/python3.7/site-packages/airflow/example_dags/example_latest_only.py
[2023-06-23T13:47:47.210+0000] {logging_mixin.py:149} INFO - [2023-06-23T13:47:47.210+0000] {dag.py:2726} INFO - Sync 1 DAGs
[2023-06-23T13:47:47.233+0000] {logging_mixin.py:149} INFO - [2023-06-23T13:47:47.233+0000] {dag.py:3490} INFO - Setting next_dagrun for latest_only to 2023-06-23T09:47:47.233395+00:00, run_after=2023-06-23T13:47:47.233395+00:00
[2023-06-23T13:47:47.252+0000] {processor.py:179} INFO - Processing /home/airflow/.local/lib/python3.7/site-packages/airflow/example_dags/example_latest_only.py took 0.073 seconds
[2023-06-23T13:48:17.544+0000] {processor.py:157} INFO - Started process (PID=1289) to work on /home/airflow/.local/lib/python3.7/site-packages/airflow/example_dags/example_latest_only.py
[2023-06-23T13:48:17.545+0000] {processor.py:826} INFO - Processing file /home/airflow/.local/lib/python3.7/site-packages/airflow/example_dags/example_latest_only.py for tasks to queue
[2023-06-23T13:48:17.547+0000] {logging_mixin.py:149} INFO - [2023-06-23T13:48:17.546+0000] {dagbag.py:541} INFO - Filling up the DagBag from /home/airflow/.local/lib/python3.7/site-packages/airflow/example_dags/example_latest_only.py
[2023-06-23T13:48:17.553+0000] {processor.py:836} INFO - DAG(s) dict_keys(['latest_only']) retrieved from /home/airflow/.local/lib/python3.7/site-packages/airflow/example_dags/example_latest_only.py
[2023-06-23T13:48:17.575+0000] {logging_mixin.py:149} INFO - [2023-06-23T13:48:17.575+0000] {dag.py:2726} INFO - Sync 1 DAGs
[2023-06-23T13:48:17.603+0000] {logging_mixin.py:149} INFO - [2023-06-23T13:48:17.603+0000] {dag.py:3490} INFO - Setting next_dagrun for latest_only to 2023-06-23T09:48:17.603035+00:00, run_after=2023-06-23T13:48:17.603035+00:00
[2023-06-23T13:48:17.623+0000] {processor.py:179} INFO - Processing /home/airflow/.local/lib/python3.7/site-packages/airflow/example_dags/example_latest_only.py took 0.082 seconds
[2023-06-23T13:48:48.106+0000] {processor.py:157} INFO - Started process (PID=1355) to work on /home/airflow/.local/lib/python3.7/site-packages/airflow/example_dags/example_latest_only.py
[2023-06-23T13:48:48.108+0000] {processor.py:826} INFO - Processing file /home/airflow/.local/lib/python3.7/site-packages/airflow/example_dags/example_latest_only.py for tasks to queue
[2023-06-23T13:48:48.109+0000] {logging_mixin.py:149} INFO - [2023-06-23T13:48:48.109+0000] {dagbag.py:541} INFO - Filling up the DagBag from /home/airflow/.local/lib/python3.7/site-packages/airflow/example_dags/example_latest_only.py
[2023-06-23T13:48:48.116+0000] {processor.py:836} INFO - DAG(s) dict_keys(['latest_only']) retrieved from /home/airflow/.local/lib/python3.7/site-packages/airflow/example_dags/example_latest_only.py
[2023-06-23T13:48:48.141+0000] {logging_mixin.py:149} INFO - [2023-06-23T13:48:48.141+0000] {dag.py:2726} INFO - Sync 1 DAGs
[2023-06-23T13:48:48.165+0000] {logging_mixin.py:149} INFO - [2023-06-23T13:48:48.165+0000] {dag.py:3490} INFO - Setting next_dagrun for latest_only to 2023-06-23T09:48:48.165567+00:00, run_after=2023-06-23T13:48:48.165567+00:00
[2023-06-23T13:48:48.186+0000] {processor.py:179} INFO - Processing /home/airflow/.local/lib/python3.7/site-packages/airflow/example_dags/example_latest_only.py took 0.084 seconds
[2023-06-23T13:49:18.348+0000] {processor.py:157} INFO - Started process (PID=1421) to work on /home/airflow/.local/lib/python3.7/site-packages/airflow/example_dags/example_latest_only.py
[2023-06-23T13:49:18.349+0000] {processor.py:826} INFO - Processing file /home/airflow/.local/lib/python3.7/site-packages/airflow/example_dags/example_latest_only.py for tasks to queue
[2023-06-23T13:49:18.350+0000] {logging_mixin.py:149} INFO - [2023-06-23T13:49:18.350+0000] {dagbag.py:541} INFO - Filling up the DagBag from /home/airflow/.local/lib/python3.7/site-packages/airflow/example_dags/example_latest_only.py
[2023-06-23T13:49:18.356+0000] {processor.py:836} INFO - DAG(s) dict_keys(['latest_only']) retrieved from /home/airflow/.local/lib/python3.7/site-packages/airflow/example_dags/example_latest_only.py
[2023-06-23T13:49:18.379+0000] {logging_mixin.py:149} INFO - [2023-06-23T13:49:18.379+0000] {dag.py:2726} INFO - Sync 1 DAGs
[2023-06-23T13:49:18.406+0000] {logging_mixin.py:149} INFO - [2023-06-23T13:49:18.406+0000] {dag.py:3490} INFO - Setting next_dagrun for latest_only to 2023-06-23T09:49:18.406380+00:00, run_after=2023-06-23T13:49:18.406380+00:00
[2023-06-23T13:49:18.428+0000] {processor.py:179} INFO - Processing /home/airflow/.local/lib/python3.7/site-packages/airflow/example_dags/example_latest_only.py took 0.083 seconds
[2023-06-23T13:49:48.940+0000] {processor.py:157} INFO - Started process (PID=1487) to work on /home/airflow/.local/lib/python3.7/site-packages/airflow/example_dags/example_latest_only.py
[2023-06-23T13:49:48.941+0000] {processor.py:826} INFO - Processing file /home/airflow/.local/lib/python3.7/site-packages/airflow/example_dags/example_latest_only.py for tasks to queue
[2023-06-23T13:49:48.942+0000] {logging_mixin.py:149} INFO - [2023-06-23T13:49:48.942+0000] {dagbag.py:541} INFO - Filling up the DagBag from /home/airflow/.local/lib/python3.7/site-packages/airflow/example_dags/example_latest_only.py
[2023-06-23T13:49:48.946+0000] {processor.py:836} INFO - DAG(s) dict_keys(['latest_only']) retrieved from /home/airflow/.local/lib/python3.7/site-packages/airflow/example_dags/example_latest_only.py
[2023-06-23T13:49:48.967+0000] {logging_mixin.py:149} INFO - [2023-06-23T13:49:48.967+0000] {dag.py:2726} INFO - Sync 1 DAGs
[2023-06-23T13:49:48.992+0000] {logging_mixin.py:149} INFO - [2023-06-23T13:49:48.992+0000] {dag.py:3490} INFO - Setting next_dagrun for latest_only to 2023-06-23T09:49:48.992495+00:00, run_after=2023-06-23T13:49:48.992495+00:00
[2023-06-23T13:49:49.014+0000] {processor.py:179} INFO - Processing /home/airflow/.local/lib/python3.7/site-packages/airflow/example_dags/example_latest_only.py took 0.077 seconds
[2023-06-23T13:50:19.244+0000] {processor.py:157} INFO - Started process (PID=1554) to work on /home/airflow/.local/lib/python3.7/site-packages/airflow/example_dags/example_latest_only.py
[2023-06-23T13:50:19.245+0000] {processor.py:826} INFO - Processing file /home/airflow/.local/lib/python3.7/site-packages/airflow/example_dags/example_latest_only.py for tasks to queue
[2023-06-23T13:50:19.246+0000] {logging_mixin.py:149} INFO - [2023-06-23T13:50:19.246+0000] {dagbag.py:541} INFO - Filling up the DagBag from /home/airflow/.local/lib/python3.7/site-packages/airflow/example_dags/example_latest_only.py
[2023-06-23T13:50:19.252+0000] {processor.py:836} INFO - DAG(s) dict_keys(['latest_only']) retrieved from /home/airflow/.local/lib/python3.7/site-packages/airflow/example_dags/example_latest_only.py
[2023-06-23T13:50:19.275+0000] {logging_mixin.py:149} INFO - [2023-06-23T13:50:19.275+0000] {dag.py:2726} INFO - Sync 1 DAGs
[2023-06-23T13:50:19.302+0000] {logging_mixin.py:149} INFO - [2023-06-23T13:50:19.302+0000] {dag.py:3490} INFO - Setting next_dagrun for latest_only to 2023-06-23T09:50:19.301864+00:00, run_after=2023-06-23T13:50:19.301864+00:00
[2023-06-23T13:50:19.324+0000] {processor.py:179} INFO - Processing /home/airflow/.local/lib/python3.7/site-packages/airflow/example_dags/example_latest_only.py took 0.083 seconds
[2023-06-23T13:50:49.584+0000] {processor.py:157} INFO - Started process (PID=1621) to work on /home/airflow/.local/lib/python3.7/site-packages/airflow/example_dags/example_latest_only.py
[2023-06-23T13:50:49.585+0000] {processor.py:826} INFO - Processing file /home/airflow/.local/lib/python3.7/site-packages/airflow/example_dags/example_latest_only.py for tasks to queue
[2023-06-23T13:50:49.586+0000] {logging_mixin.py:149} INFO - [2023-06-23T13:50:49.586+0000] {dagbag.py:541} INFO - Filling up the DagBag from /home/airflow/.local/lib/python3.7/site-packages/airflow/example_dags/example_latest_only.py
[2023-06-23T13:50:49.591+0000] {processor.py:836} INFO - DAG(s) dict_keys(['latest_only']) retrieved from /home/airflow/.local/lib/python3.7/site-packages/airflow/example_dags/example_latest_only.py
[2023-06-23T13:50:49.620+0000] {logging_mixin.py:149} INFO - [2023-06-23T13:50:49.619+0000] {dag.py:2726} INFO - Sync 1 DAGs
[2023-06-23T13:50:49.643+0000] {logging_mixin.py:149} INFO - [2023-06-23T13:50:49.643+0000] {dag.py:3490} INFO - Setting next_dagrun for latest_only to 2023-06-23T09:50:49.643349+00:00, run_after=2023-06-23T13:50:49.643349+00:00
[2023-06-23T13:50:49.662+0000] {processor.py:179} INFO - Processing /home/airflow/.local/lib/python3.7/site-packages/airflow/example_dags/example_latest_only.py took 0.081 seconds
[2023-06-23T13:51:20.109+0000] {processor.py:157} INFO - Started process (PID=1687) to work on /home/airflow/.local/lib/python3.7/site-packages/airflow/example_dags/example_latest_only.py
[2023-06-23T13:51:20.110+0000] {processor.py:826} INFO - Processing file /home/airflow/.local/lib/python3.7/site-packages/airflow/example_dags/example_latest_only.py for tasks to queue
[2023-06-23T13:51:20.112+0000] {logging_mixin.py:149} INFO - [2023-06-23T13:51:20.111+0000] {dagbag.py:541} INFO - Filling up the DagBag from /home/airflow/.local/lib/python3.7/site-packages/airflow/example_dags/example_latest_only.py
[2023-06-23T13:51:20.118+0000] {processor.py:836} INFO - DAG(s) dict_keys(['latest_only']) retrieved from /home/airflow/.local/lib/python3.7/site-packages/airflow/example_dags/example_latest_only.py
[2023-06-23T13:51:20.143+0000] {logging_mixin.py:149} INFO - [2023-06-23T13:51:20.142+0000] {dag.py:2726} INFO - Sync 1 DAGs
[2023-06-23T13:51:20.172+0000] {logging_mixin.py:149} INFO - [2023-06-23T13:51:20.171+0000] {dag.py:3490} INFO - Setting next_dagrun for latest_only to 2023-06-23T09:51:20.171699+00:00, run_after=2023-06-23T13:51:20.171699+00:00
[2023-06-23T13:51:20.195+0000] {processor.py:179} INFO - Processing /home/airflow/.local/lib/python3.7/site-packages/airflow/example_dags/example_latest_only.py took 0.089 seconds
[2023-06-23T13:51:50.433+0000] {processor.py:157} INFO - Started process (PID=1753) to work on /home/airflow/.local/lib/python3.7/site-packages/airflow/example_dags/example_latest_only.py
[2023-06-23T13:51:50.434+0000] {processor.py:826} INFO - Processing file /home/airflow/.local/lib/python3.7/site-packages/airflow/example_dags/example_latest_only.py for tasks to queue
[2023-06-23T13:51:50.435+0000] {logging_mixin.py:149} INFO - [2023-06-23T13:51:50.435+0000] {dagbag.py:541} INFO - Filling up the DagBag from /home/airflow/.local/lib/python3.7/site-packages/airflow/example_dags/example_latest_only.py
[2023-06-23T13:51:50.440+0000] {processor.py:836} INFO - DAG(s) dict_keys(['latest_only']) retrieved from /home/airflow/.local/lib/python3.7/site-packages/airflow/example_dags/example_latest_only.py
[2023-06-23T13:51:50.464+0000] {logging_mixin.py:149} INFO - [2023-06-23T13:51:50.464+0000] {dag.py:2726} INFO - Sync 1 DAGs
[2023-06-23T13:51:50.487+0000] {logging_mixin.py:149} INFO - [2023-06-23T13:51:50.487+0000] {dag.py:3490} INFO - Setting next_dagrun for latest_only to 2023-06-23T09:51:50.487098+00:00, run_after=2023-06-23T13:51:50.487098+00:00
[2023-06-23T13:51:50.506+0000] {processor.py:179} INFO - Processing /home/airflow/.local/lib/python3.7/site-packages/airflow/example_dags/example_latest_only.py took 0.075 seconds
[2023-06-23T13:52:20.663+0000] {processor.py:157} INFO - Started process (PID=1818) to work on /home/airflow/.local/lib/python3.7/site-packages/airflow/example_dags/example_latest_only.py
[2023-06-23T13:52:20.665+0000] {processor.py:826} INFO - Processing file /home/airflow/.local/lib/python3.7/site-packages/airflow/example_dags/example_latest_only.py for tasks to queue
[2023-06-23T13:52:20.666+0000] {logging_mixin.py:149} INFO - [2023-06-23T13:52:20.666+0000] {dagbag.py:541} INFO - Filling up the DagBag from /home/airflow/.local/lib/python3.7/site-packages/airflow/example_dags/example_latest_only.py
[2023-06-23T13:52:20.671+0000] {processor.py:836} INFO - DAG(s) dict_keys(['latest_only']) retrieved from /home/airflow/.local/lib/python3.7/site-packages/airflow/example_dags/example_latest_only.py
[2023-06-23T13:52:20.697+0000] {logging_mixin.py:149} INFO - [2023-06-23T13:52:20.696+0000] {dag.py:2726} INFO - Sync 1 DAGs
[2023-06-23T13:52:20.723+0000] {logging_mixin.py:149} INFO - [2023-06-23T13:52:20.723+0000] {dag.py:3490} INFO - Setting next_dagrun for latest_only to 2023-06-23T09:52:20.723140+00:00, run_after=2023-06-23T13:52:20.723140+00:00
[2023-06-23T13:52:20.747+0000] {processor.py:179} INFO - Processing /home/airflow/.local/lib/python3.7/site-packages/airflow/example_dags/example_latest_only.py took 0.088 seconds
[2023-06-23T13:52:51.077+0000] {processor.py:157} INFO - Started process (PID=1885) to work on /home/airflow/.local/lib/python3.7/site-packages/airflow/example_dags/example_latest_only.py
[2023-06-23T13:52:51.078+0000] {processor.py:826} INFO - Processing file /home/airflow/.local/lib/python3.7/site-packages/airflow/example_dags/example_latest_only.py for tasks to queue
[2023-06-23T13:52:51.079+0000] {logging_mixin.py:149} INFO - [2023-06-23T13:52:51.079+0000] {dagbag.py:541} INFO - Filling up the DagBag from /home/airflow/.local/lib/python3.7/site-packages/airflow/example_dags/example_latest_only.py
[2023-06-23T13:52:51.084+0000] {processor.py:836} INFO - DAG(s) dict_keys(['latest_only']) retrieved from /home/airflow/.local/lib/python3.7/site-packages/airflow/example_dags/example_latest_only.py
[2023-06-23T13:52:51.106+0000] {logging_mixin.py:149} INFO - [2023-06-23T13:52:51.106+0000] {dag.py:2726} INFO - Sync 1 DAGs
[2023-06-23T13:52:51.130+0000] {logging_mixin.py:149} INFO - [2023-06-23T13:52:51.130+0000] {dag.py:3490} INFO - Setting next_dagrun for latest_only to 2023-06-23T09:52:51.129822+00:00, run_after=2023-06-23T13:52:51.129822+00:00
[2023-06-23T13:52:51.150+0000] {processor.py:179} INFO - Processing /home/airflow/.local/lib/python3.7/site-packages/airflow/example_dags/example_latest_only.py took 0.075 seconds
[2023-06-23T13:53:21.980+0000] {processor.py:157} INFO - Started process (PID=1951) to work on /home/airflow/.local/lib/python3.7/site-packages/airflow/example_dags/example_latest_only.py
[2023-06-23T13:53:21.981+0000] {processor.py:826} INFO - Processing file /home/airflow/.local/lib/python3.7/site-packages/airflow/example_dags/example_latest_only.py for tasks to queue
[2023-06-23T13:53:21.982+0000] {logging_mixin.py:149} INFO - [2023-06-23T13:53:21.982+0000] {dagbag.py:541} INFO - Filling up the DagBag from /home/airflow/.local/lib/python3.7/site-packages/airflow/example_dags/example_latest_only.py
[2023-06-23T13:53:21.988+0000] {processor.py:836} INFO - DAG(s) dict_keys(['latest_only']) retrieved from /home/airflow/.local/lib/python3.7/site-packages/airflow/example_dags/example_latest_only.py
[2023-06-23T13:53:22.010+0000] {logging_mixin.py:149} INFO - [2023-06-23T13:53:22.010+0000] {dag.py:2726} INFO - Sync 1 DAGs
[2023-06-23T13:53:22.035+0000] {logging_mixin.py:149} INFO - [2023-06-23T13:53:22.035+0000] {dag.py:3490} INFO - Setting next_dagrun for latest_only to 2023-06-23T09:53:22.035503+00:00, run_after=2023-06-23T13:53:22.035503+00:00
[2023-06-23T13:53:22.056+0000] {processor.py:179} INFO - Processing /home/airflow/.local/lib/python3.7/site-packages/airflow/example_dags/example_latest_only.py took 0.079 seconds
[2023-06-23T13:53:52.883+0000] {processor.py:157} INFO - Started process (PID=2017) to work on /home/airflow/.local/lib/python3.7/site-packages/airflow/example_dags/example_latest_only.py
[2023-06-23T13:53:52.885+0000] {processor.py:826} INFO - Processing file /home/airflow/.local/lib/python3.7/site-packages/airflow/example_dags/example_latest_only.py for tasks to queue
[2023-06-23T13:53:52.887+0000] {logging_mixin.py:149} INFO - [2023-06-23T13:53:52.887+0000] {dagbag.py:541} INFO - Filling up the DagBag from /home/airflow/.local/lib/python3.7/site-packages/airflow/example_dags/example_latest_only.py
[2023-06-23T13:53:52.892+0000] {processor.py:836} INFO - DAG(s) dict_keys(['latest_only']) retrieved from /home/airflow/.local/lib/python3.7/site-packages/airflow/example_dags/example_latest_only.py
[2023-06-23T13:53:52.916+0000] {logging_mixin.py:149} INFO - [2023-06-23T13:53:52.916+0000] {dag.py:2726} INFO - Sync 1 DAGs
[2023-06-23T13:53:52.943+0000] {logging_mixin.py:149} INFO - [2023-06-23T13:53:52.942+0000] {dag.py:3490} INFO - Setting next_dagrun for latest_only to 2023-06-23T09:53:52.942684+00:00, run_after=2023-06-23T13:53:52.942684+00:00
[2023-06-23T13:53:52.967+0000] {processor.py:179} INFO - Processing /home/airflow/.local/lib/python3.7/site-packages/airflow/example_dags/example_latest_only.py took 0.087 seconds
[2023-06-23T13:54:23.599+0000] {processor.py:157} INFO - Started process (PID=2083) to work on /home/airflow/.local/lib/python3.7/site-packages/airflow/example_dags/example_latest_only.py
[2023-06-23T13:54:23.600+0000] {processor.py:826} INFO - Processing file /home/airflow/.local/lib/python3.7/site-packages/airflow/example_dags/example_latest_only.py for tasks to queue
[2023-06-23T13:54:23.601+0000] {logging_mixin.py:149} INFO - [2023-06-23T13:54:23.601+0000] {dagbag.py:541} INFO - Filling up the DagBag from /home/airflow/.local/lib/python3.7/site-packages/airflow/example_dags/example_latest_only.py
[2023-06-23T13:54:23.607+0000] {processor.py:836} INFO - DAG(s) dict_keys(['latest_only']) retrieved from /home/airflow/.local/lib/python3.7/site-packages/airflow/example_dags/example_latest_only.py
[2023-06-23T13:54:23.629+0000] {logging_mixin.py:149} INFO - [2023-06-23T13:54:23.629+0000] {dag.py:2726} INFO - Sync 1 DAGs
[2023-06-23T13:54:23.654+0000] {logging_mixin.py:149} INFO - [2023-06-23T13:54:23.654+0000] {dag.py:3490} INFO - Setting next_dagrun for latest_only to 2023-06-23T09:54:23.654164+00:00, run_after=2023-06-23T13:54:23.654164+00:00
[2023-06-23T13:54:23.676+0000] {processor.py:179} INFO - Processing /home/airflow/.local/lib/python3.7/site-packages/airflow/example_dags/example_latest_only.py took 0.080 seconds
[2023-06-23T13:54:54.114+0000] {processor.py:157} INFO - Started process (PID=2149) to work on /home/airflow/.local/lib/python3.7/site-packages/airflow/example_dags/example_latest_only.py
[2023-06-23T13:54:54.115+0000] {processor.py:826} INFO - Processing file /home/airflow/.local/lib/python3.7/site-packages/airflow/example_dags/example_latest_only.py for tasks to queue
[2023-06-23T13:54:54.116+0000] {logging_mixin.py:149} INFO - [2023-06-23T13:54:54.116+0000] {dagbag.py:541} INFO - Filling up the DagBag from /home/airflow/.local/lib/python3.7/site-packages/airflow/example_dags/example_latest_only.py
[2023-06-23T13:54:54.123+0000] {processor.py:836} INFO - DAG(s) dict_keys(['latest_only']) retrieved from /home/airflow/.local/lib/python3.7/site-packages/airflow/example_dags/example_latest_only.py
[2023-06-23T13:54:54.154+0000] {logging_mixin.py:149} INFO - [2023-06-23T13:54:54.154+0000] {dag.py:2726} INFO - Sync 1 DAGs
[2023-06-23T13:54:54.185+0000] {logging_mixin.py:149} INFO - [2023-06-23T13:54:54.185+0000] {dag.py:3490} INFO - Setting next_dagrun for latest_only to 2023-06-23T09:54:54.185333+00:00, run_after=2023-06-23T13:54:54.185333+00:00
[2023-06-23T13:54:54.211+0000] {processor.py:179} INFO - Processing /home/airflow/.local/lib/python3.7/site-packages/airflow/example_dags/example_latest_only.py took 0.101 seconds
[2023-06-23T13:55:24.526+0000] {processor.py:157} INFO - Started process (PID=2215) to work on /home/airflow/.local/lib/python3.7/site-packages/airflow/example_dags/example_latest_only.py
[2023-06-23T13:55:24.527+0000] {processor.py:826} INFO - Processing file /home/airflow/.local/lib/python3.7/site-packages/airflow/example_dags/example_latest_only.py for tasks to queue
[2023-06-23T13:55:24.528+0000] {logging_mixin.py:149} INFO - [2023-06-23T13:55:24.527+0000] {dagbag.py:541} INFO - Filling up the DagBag from /home/airflow/.local/lib/python3.7/site-packages/airflow/example_dags/example_latest_only.py
[2023-06-23T13:55:24.532+0000] {processor.py:836} INFO - DAG(s) dict_keys(['latest_only']) retrieved from /home/airflow/.local/lib/python3.7/site-packages/airflow/example_dags/example_latest_only.py
[2023-06-23T13:55:24.557+0000] {logging_mixin.py:149} INFO - [2023-06-23T13:55:24.557+0000] {dag.py:2726} INFO - Sync 1 DAGs
[2023-06-23T13:55:24.581+0000] {logging_mixin.py:149} INFO - [2023-06-23T13:55:24.581+0000] {dag.py:3490} INFO - Setting next_dagrun for latest_only to 2023-06-23T09:55:24.581345+00:00, run_after=2023-06-23T13:55:24.581345+00:00
[2023-06-23T13:55:24.602+0000] {processor.py:179} INFO - Processing /home/airflow/.local/lib/python3.7/site-packages/airflow/example_dags/example_latest_only.py took 0.079 seconds
[2023-06-23T13:55:54.979+0000] {processor.py:157} INFO - Started process (PID=2281) to work on /home/airflow/.local/lib/python3.7/site-packages/airflow/example_dags/example_latest_only.py
[2023-06-23T13:55:54.981+0000] {processor.py:826} INFO - Processing file /home/airflow/.local/lib/python3.7/site-packages/airflow/example_dags/example_latest_only.py for tasks to queue
[2023-06-23T13:55:54.982+0000] {logging_mixin.py:149} INFO - [2023-06-23T13:55:54.982+0000] {dagbag.py:541} INFO - Filling up the DagBag from /home/airflow/.local/lib/python3.7/site-packages/airflow/example_dags/example_latest_only.py
[2023-06-23T13:55:54.987+0000] {processor.py:836} INFO - DAG(s) dict_keys(['latest_only']) retrieved from /home/airflow/.local/lib/python3.7/site-packages/airflow/example_dags/example_latest_only.py
[2023-06-23T13:55:55.010+0000] {logging_mixin.py:149} INFO - [2023-06-23T13:55:55.010+0000] {dag.py:2726} INFO - Sync 1 DAGs
[2023-06-23T13:55:55.034+0000] {logging_mixin.py:149} INFO - [2023-06-23T13:55:55.033+0000] {dag.py:3490} INFO - Setting next_dagrun for latest_only to 2023-06-23T09:55:55.033681+00:00, run_after=2023-06-23T13:55:55.033681+00:00
[2023-06-23T13:55:55.053+0000] {processor.py:179} INFO - Processing /home/airflow/.local/lib/python3.7/site-packages/airflow/example_dags/example_latest_only.py took 0.076 seconds
[2023-06-23T13:56:25.485+0000] {processor.py:157} INFO - Started process (PID=2347) to work on /home/airflow/.local/lib/python3.7/site-packages/airflow/example_dags/example_latest_only.py
[2023-06-23T13:56:25.486+0000] {processor.py:826} INFO - Processing file /home/airflow/.local/lib/python3.7/site-packages/airflow/example_dags/example_latest_only.py for tasks to queue
[2023-06-23T13:56:25.487+0000] {logging_mixin.py:149} INFO - [2023-06-23T13:56:25.487+0000] {dagbag.py:541} INFO - Filling up the DagBag from /home/airflow/.local/lib/python3.7/site-packages/airflow/example_dags/example_latest_only.py
[2023-06-23T13:56:25.492+0000] {processor.py:836} INFO - DAG(s) dict_keys(['latest_only']) retrieved from /home/airflow/.local/lib/python3.7/site-packages/airflow/example_dags/example_latest_only.py
[2023-06-23T13:56:25.514+0000] {logging_mixin.py:149} INFO - [2023-06-23T13:56:25.513+0000] {dag.py:2726} INFO - Sync 1 DAGs
[2023-06-23T13:56:25.540+0000] {logging_mixin.py:149} INFO - [2023-06-23T13:56:25.540+0000] {dag.py:3490} INFO - Setting next_dagrun for latest_only to 2023-06-23T09:56:25.540175+00:00, run_after=2023-06-23T13:56:25.540175+00:00
[2023-06-23T13:56:25.559+0000] {processor.py:179} INFO - Processing /home/airflow/.local/lib/python3.7/site-packages/airflow/example_dags/example_latest_only.py took 0.077 seconds
[2023-06-23T13:56:55.686+0000] {processor.py:157} INFO - Started process (PID=2413) to work on /home/airflow/.local/lib/python3.7/site-packages/airflow/example_dags/example_latest_only.py
[2023-06-23T13:56:55.688+0000] {processor.py:826} INFO - Processing file /home/airflow/.local/lib/python3.7/site-packages/airflow/example_dags/example_latest_only.py for tasks to queue
[2023-06-23T13:56:55.689+0000] {logging_mixin.py:149} INFO - [2023-06-23T13:56:55.689+0000] {dagbag.py:541} INFO - Filling up the DagBag from /home/airflow/.local/lib/python3.7/site-packages/airflow/example_dags/example_latest_only.py
[2023-06-23T13:56:55.694+0000] {processor.py:836} INFO - DAG(s) dict_keys(['latest_only']) retrieved from /home/airflow/.local/lib/python3.7/site-packages/airflow/example_dags/example_latest_only.py
[2023-06-23T13:56:55.717+0000] {logging_mixin.py:149} INFO - [2023-06-23T13:56:55.716+0000] {dag.py:2726} INFO - Sync 1 DAGs
[2023-06-23T13:56:55.745+0000] {logging_mixin.py:149} INFO - [2023-06-23T13:56:55.745+0000] {dag.py:3490} INFO - Setting next_dagrun for latest_only to 2023-06-23T09:56:55.745323+00:00, run_after=2023-06-23T13:56:55.745323+00:00
[2023-06-23T13:56:55.768+0000] {processor.py:179} INFO - Processing /home/airflow/.local/lib/python3.7/site-packages/airflow/example_dags/example_latest_only.py took 0.084 seconds
[2023-06-23T13:57:26.098+0000] {processor.py:157} INFO - Started process (PID=2479) to work on /home/airflow/.local/lib/python3.7/site-packages/airflow/example_dags/example_latest_only.py
[2023-06-23T13:57:26.099+0000] {processor.py:826} INFO - Processing file /home/airflow/.local/lib/python3.7/site-packages/airflow/example_dags/example_latest_only.py for tasks to queue
[2023-06-23T13:57:26.101+0000] {logging_mixin.py:149} INFO - [2023-06-23T13:57:26.100+0000] {dagbag.py:541} INFO - Filling up the DagBag from /home/airflow/.local/lib/python3.7/site-packages/airflow/example_dags/example_latest_only.py
[2023-06-23T13:57:26.106+0000] {processor.py:836} INFO - DAG(s) dict_keys(['latest_only']) retrieved from /home/airflow/.local/lib/python3.7/site-packages/airflow/example_dags/example_latest_only.py
[2023-06-23T13:57:26.127+0000] {logging_mixin.py:149} INFO - [2023-06-23T13:57:26.127+0000] {dag.py:2726} INFO - Sync 1 DAGs
[2023-06-23T13:57:26.150+0000] {logging_mixin.py:149} INFO - [2023-06-23T13:57:26.150+0000] {dag.py:3490} INFO - Setting next_dagrun for latest_only to 2023-06-23T09:57:26.150445+00:00, run_after=2023-06-23T13:57:26.150445+00:00
[2023-06-23T13:57:26.170+0000] {processor.py:179} INFO - Processing /home/airflow/.local/lib/python3.7/site-packages/airflow/example_dags/example_latest_only.py took 0.074 seconds
[2023-06-23T13:57:56.542+0000] {processor.py:157} INFO - Started process (PID=2545) to work on /home/airflow/.local/lib/python3.7/site-packages/airflow/example_dags/example_latest_only.py
[2023-06-23T13:57:56.543+0000] {processor.py:826} INFO - Processing file /home/airflow/.local/lib/python3.7/site-packages/airflow/example_dags/example_latest_only.py for tasks to queue
[2023-06-23T13:57:56.543+0000] {logging_mixin.py:149} INFO - [2023-06-23T13:57:56.543+0000] {dagbag.py:541} INFO - Filling up the DagBag from /home/airflow/.local/lib/python3.7/site-packages/airflow/example_dags/example_latest_only.py
[2023-06-23T13:57:56.549+0000] {processor.py:836} INFO - DAG(s) dict_keys(['latest_only']) retrieved from /home/airflow/.local/lib/python3.7/site-packages/airflow/example_dags/example_latest_only.py
[2023-06-23T13:57:56.570+0000] {logging_mixin.py:149} INFO - [2023-06-23T13:57:56.570+0000] {dag.py:2726} INFO - Sync 1 DAGs
[2023-06-23T13:57:56.594+0000] {logging_mixin.py:149} INFO - [2023-06-23T13:57:56.594+0000] {dag.py:3490} INFO - Setting next_dagrun for latest_only to 2023-06-23T09:57:56.594085+00:00, run_after=2023-06-23T13:57:56.594085+00:00
[2023-06-23T13:57:56.614+0000] {processor.py:179} INFO - Processing /home/airflow/.local/lib/python3.7/site-packages/airflow/example_dags/example_latest_only.py took 0.074 seconds
[2023-06-23T13:58:26.799+0000] {processor.py:157} INFO - Started process (PID=2611) to work on /home/airflow/.local/lib/python3.7/site-packages/airflow/example_dags/example_latest_only.py
[2023-06-23T13:58:26.800+0000] {processor.py:826} INFO - Processing file /home/airflow/.local/lib/python3.7/site-packages/airflow/example_dags/example_latest_only.py for tasks to queue
[2023-06-23T13:58:26.801+0000] {logging_mixin.py:149} INFO - [2023-06-23T13:58:26.801+0000] {dagbag.py:541} INFO - Filling up the DagBag from /home/airflow/.local/lib/python3.7/site-packages/airflow/example_dags/example_latest_only.py
[2023-06-23T13:58:26.806+0000] {processor.py:836} INFO - DAG(s) dict_keys(['latest_only']) retrieved from /home/airflow/.local/lib/python3.7/site-packages/airflow/example_dags/example_latest_only.py
[2023-06-23T13:58:26.829+0000] {logging_mixin.py:149} INFO - [2023-06-23T13:58:26.829+0000] {dag.py:2726} INFO - Sync 1 DAGs
[2023-06-23T13:58:26.851+0000] {logging_mixin.py:149} INFO - [2023-06-23T13:58:26.851+0000] {dag.py:3490} INFO - Setting next_dagrun for latest_only to 2023-06-23T09:58:26.851576+00:00, run_after=2023-06-23T13:58:26.851576+00:00
[2023-06-23T13:58:26.870+0000] {processor.py:179} INFO - Processing /home/airflow/.local/lib/python3.7/site-packages/airflow/example_dags/example_latest_only.py took 0.074 seconds
[2023-06-23T13:58:57.234+0000] {processor.py:157} INFO - Started process (PID=2677) to work on /home/airflow/.local/lib/python3.7/site-packages/airflow/example_dags/example_latest_only.py
[2023-06-23T13:58:57.235+0000] {processor.py:826} INFO - Processing file /home/airflow/.local/lib/python3.7/site-packages/airflow/example_dags/example_latest_only.py for tasks to queue
[2023-06-23T13:58:57.236+0000] {logging_mixin.py:149} INFO - [2023-06-23T13:58:57.235+0000] {dagbag.py:541} INFO - Filling up the DagBag from /home/airflow/.local/lib/python3.7/site-packages/airflow/example_dags/example_latest_only.py
[2023-06-23T13:58:57.242+0000] {processor.py:836} INFO - DAG(s) dict_keys(['latest_only']) retrieved from /home/airflow/.local/lib/python3.7/site-packages/airflow/example_dags/example_latest_only.py
[2023-06-23T13:58:57.265+0000] {logging_mixin.py:149} INFO - [2023-06-23T13:58:57.265+0000] {dag.py:2726} INFO - Sync 1 DAGs
[2023-06-23T13:58:57.288+0000] {logging_mixin.py:149} INFO - [2023-06-23T13:58:57.288+0000] {dag.py:3490} INFO - Setting next_dagrun for latest_only to 2023-06-23T09:58:57.288555+00:00, run_after=2023-06-23T13:58:57.288555+00:00
[2023-06-23T13:58:57.309+0000] {processor.py:179} INFO - Processing /home/airflow/.local/lib/python3.7/site-packages/airflow/example_dags/example_latest_only.py took 0.078 seconds
[2023-06-23T13:59:27.610+0000] {processor.py:157} INFO - Started process (PID=2743) to work on /home/airflow/.local/lib/python3.7/site-packages/airflow/example_dags/example_latest_only.py
[2023-06-23T13:59:27.612+0000] {processor.py:826} INFO - Processing file /home/airflow/.local/lib/python3.7/site-packages/airflow/example_dags/example_latest_only.py for tasks to queue
[2023-06-23T13:59:27.612+0000] {logging_mixin.py:149} INFO - [2023-06-23T13:59:27.612+0000] {dagbag.py:541} INFO - Filling up the DagBag from /home/airflow/.local/lib/python3.7/site-packages/airflow/example_dags/example_latest_only.py
[2023-06-23T13:59:27.617+0000] {processor.py:836} INFO - DAG(s) dict_keys(['latest_only']) retrieved from /home/airflow/.local/lib/python3.7/site-packages/airflow/example_dags/example_latest_only.py
[2023-06-23T13:59:27.638+0000] {logging_mixin.py:149} INFO - [2023-06-23T13:59:27.638+0000] {dag.py:2726} INFO - Sync 1 DAGs
[2023-06-23T13:59:27.663+0000] {logging_mixin.py:149} INFO - [2023-06-23T13:59:27.663+0000] {dag.py:3490} INFO - Setting next_dagrun for latest_only to 2023-06-23T09:59:27.662802+00:00, run_after=2023-06-23T13:59:27.662802+00:00
[2023-06-23T13:59:27.684+0000] {processor.py:179} INFO - Processing /home/airflow/.local/lib/python3.7/site-packages/airflow/example_dags/example_latest_only.py took 0.076 seconds
[2023-06-23T13:59:57.891+0000] {processor.py:157} INFO - Started process (PID=2809) to work on /home/airflow/.local/lib/python3.7/site-packages/airflow/example_dags/example_latest_only.py
[2023-06-23T13:59:57.892+0000] {processor.py:826} INFO - Processing file /home/airflow/.local/lib/python3.7/site-packages/airflow/example_dags/example_latest_only.py for tasks to queue
[2023-06-23T13:59:57.893+0000] {logging_mixin.py:149} INFO - [2023-06-23T13:59:57.893+0000] {dagbag.py:541} INFO - Filling up the DagBag from /home/airflow/.local/lib/python3.7/site-packages/airflow/example_dags/example_latest_only.py
[2023-06-23T13:59:57.898+0000] {processor.py:836} INFO - DAG(s) dict_keys(['latest_only']) retrieved from /home/airflow/.local/lib/python3.7/site-packages/airflow/example_dags/example_latest_only.py
[2023-06-23T13:59:57.919+0000] {logging_mixin.py:149} INFO - [2023-06-23T13:59:57.919+0000] {dag.py:2726} INFO - Sync 1 DAGs
[2023-06-23T13:59:57.942+0000] {logging_mixin.py:149} INFO - [2023-06-23T13:59:57.942+0000] {dag.py:3490} INFO - Setting next_dagrun for latest_only to 2023-06-23T09:59:57.942257+00:00, run_after=2023-06-23T13:59:57.942257+00:00
[2023-06-23T13:59:57.963+0000] {processor.py:179} INFO - Processing /home/airflow/.local/lib/python3.7/site-packages/airflow/example_dags/example_latest_only.py took 0.074 seconds
[2023-06-23T14:00:28.106+0000] {processor.py:157} INFO - Started process (PID=2875) to work on /home/airflow/.local/lib/python3.7/site-packages/airflow/example_dags/example_latest_only.py
[2023-06-23T14:00:28.107+0000] {processor.py:826} INFO - Processing file /home/airflow/.local/lib/python3.7/site-packages/airflow/example_dags/example_latest_only.py for tasks to queue
[2023-06-23T14:00:28.108+0000] {logging_mixin.py:149} INFO - [2023-06-23T14:00:28.108+0000] {dagbag.py:541} INFO - Filling up the DagBag from /home/airflow/.local/lib/python3.7/site-packages/airflow/example_dags/example_latest_only.py
[2023-06-23T14:00:28.113+0000] {processor.py:836} INFO - DAG(s) dict_keys(['latest_only']) retrieved from /home/airflow/.local/lib/python3.7/site-packages/airflow/example_dags/example_latest_only.py
[2023-06-23T14:00:28.137+0000] {logging_mixin.py:149} INFO - [2023-06-23T14:00:28.137+0000] {dag.py:2726} INFO - Sync 1 DAGs
[2023-06-23T14:00:28.163+0000] {logging_mixin.py:149} INFO - [2023-06-23T14:00:28.163+0000] {dag.py:3490} INFO - Setting next_dagrun for latest_only to 2023-06-23T10:00:28.163370+00:00, run_after=2023-06-23T14:00:28.163370+00:00
[2023-06-23T14:00:28.184+0000] {processor.py:179} INFO - Processing /home/airflow/.local/lib/python3.7/site-packages/airflow/example_dags/example_latest_only.py took 0.081 seconds
[2023-06-23T14:00:58.523+0000] {processor.py:157} INFO - Started process (PID=2942) to work on /home/airflow/.local/lib/python3.7/site-packages/airflow/example_dags/example_latest_only.py
[2023-06-23T14:00:58.524+0000] {processor.py:826} INFO - Processing file /home/airflow/.local/lib/python3.7/site-packages/airflow/example_dags/example_latest_only.py for tasks to queue
[2023-06-23T14:00:58.526+0000] {logging_mixin.py:149} INFO - [2023-06-23T14:00:58.525+0000] {dagbag.py:541} INFO - Filling up the DagBag from /home/airflow/.local/lib/python3.7/site-packages/airflow/example_dags/example_latest_only.py
[2023-06-23T14:00:58.532+0000] {processor.py:836} INFO - DAG(s) dict_keys(['latest_only']) retrieved from /home/airflow/.local/lib/python3.7/site-packages/airflow/example_dags/example_latest_only.py
[2023-06-23T14:00:58.555+0000] {logging_mixin.py:149} INFO - [2023-06-23T14:00:58.555+0000] {dag.py:2726} INFO - Sync 1 DAGs
[2023-06-23T14:00:58.581+0000] {logging_mixin.py:149} INFO - [2023-06-23T14:00:58.580+0000] {dag.py:3490} INFO - Setting next_dagrun for latest_only to 2023-06-23T10:00:58.580733+00:00, run_after=2023-06-23T14:00:58.580733+00:00
[2023-06-23T14:00:58.602+0000] {processor.py:179} INFO - Processing /home/airflow/.local/lib/python3.7/site-packages/airflow/example_dags/example_latest_only.py took 0.083 seconds
[2023-06-23T14:01:28.734+0000] {processor.py:157} INFO - Started process (PID=3007) to work on /home/airflow/.local/lib/python3.7/site-packages/airflow/example_dags/example_latest_only.py
[2023-06-23T14:01:28.735+0000] {processor.py:826} INFO - Processing file /home/airflow/.local/lib/python3.7/site-packages/airflow/example_dags/example_latest_only.py for tasks to queue
[2023-06-23T14:01:28.735+0000] {logging_mixin.py:149} INFO - [2023-06-23T14:01:28.735+0000] {dagbag.py:541} INFO - Filling up the DagBag from /home/airflow/.local/lib/python3.7/site-packages/airflow/example_dags/example_latest_only.py
[2023-06-23T14:01:28.741+0000] {processor.py:836} INFO - DAG(s) dict_keys(['latest_only']) retrieved from /home/airflow/.local/lib/python3.7/site-packages/airflow/example_dags/example_latest_only.py
[2023-06-23T14:01:28.763+0000] {logging_mixin.py:149} INFO - [2023-06-23T14:01:28.763+0000] {dag.py:2726} INFO - Sync 1 DAGs
[2023-06-23T14:01:28.787+0000] {logging_mixin.py:149} INFO - [2023-06-23T14:01:28.787+0000] {dag.py:3490} INFO - Setting next_dagrun for latest_only to 2023-06-23T10:01:28.787198+00:00, run_after=2023-06-23T14:01:28.787198+00:00
[2023-06-23T14:01:28.809+0000] {processor.py:179} INFO - Processing /home/airflow/.local/lib/python3.7/site-packages/airflow/example_dags/example_latest_only.py took 0.077 seconds
[2023-06-23T14:01:59.181+0000] {processor.py:157} INFO - Started process (PID=3074) to work on /home/airflow/.local/lib/python3.7/site-packages/airflow/example_dags/example_latest_only.py
[2023-06-23T14:01:59.182+0000] {processor.py:826} INFO - Processing file /home/airflow/.local/lib/python3.7/site-packages/airflow/example_dags/example_latest_only.py for tasks to queue
[2023-06-23T14:01:59.183+0000] {logging_mixin.py:149} INFO - [2023-06-23T14:01:59.183+0000] {dagbag.py:541} INFO - Filling up the DagBag from /home/airflow/.local/lib/python3.7/site-packages/airflow/example_dags/example_latest_only.py
[2023-06-23T14:01:59.188+0000] {processor.py:836} INFO - DAG(s) dict_keys(['latest_only']) retrieved from /home/airflow/.local/lib/python3.7/site-packages/airflow/example_dags/example_latest_only.py
[2023-06-23T14:01:59.209+0000] {logging_mixin.py:149} INFO - [2023-06-23T14:01:59.209+0000] {dag.py:2726} INFO - Sync 1 DAGs
[2023-06-23T14:01:59.232+0000] {logging_mixin.py:149} INFO - [2023-06-23T14:01:59.232+0000] {dag.py:3490} INFO - Setting next_dagrun for latest_only to 2023-06-23T10:01:59.231868+00:00, run_after=2023-06-23T14:01:59.231868+00:00
[2023-06-23T14:01:59.251+0000] {processor.py:179} INFO - Processing /home/airflow/.local/lib/python3.7/site-packages/airflow/example_dags/example_latest_only.py took 0.073 seconds
[2023-06-23T14:02:29.520+0000] {processor.py:157} INFO - Started process (PID=3140) to work on /home/airflow/.local/lib/python3.7/site-packages/airflow/example_dags/example_latest_only.py
[2023-06-23T14:02:29.521+0000] {processor.py:826} INFO - Processing file /home/airflow/.local/lib/python3.7/site-packages/airflow/example_dags/example_latest_only.py for tasks to queue
[2023-06-23T14:02:29.522+0000] {logging_mixin.py:149} INFO - [2023-06-23T14:02:29.522+0000] {dagbag.py:541} INFO - Filling up the DagBag from /home/airflow/.local/lib/python3.7/site-packages/airflow/example_dags/example_latest_only.py
[2023-06-23T14:02:29.527+0000] {processor.py:836} INFO - DAG(s) dict_keys(['latest_only']) retrieved from /home/airflow/.local/lib/python3.7/site-packages/airflow/example_dags/example_latest_only.py
[2023-06-23T14:02:29.548+0000] {logging_mixin.py:149} INFO - [2023-06-23T14:02:29.547+0000] {dag.py:2726} INFO - Sync 1 DAGs
[2023-06-23T14:02:29.571+0000] {logging_mixin.py:149} INFO - [2023-06-23T14:02:29.571+0000] {dag.py:3490} INFO - Setting next_dagrun for latest_only to 2023-06-23T10:02:29.571054+00:00, run_after=2023-06-23T14:02:29.571054+00:00
[2023-06-23T14:02:29.590+0000] {processor.py:179} INFO - Processing /home/airflow/.local/lib/python3.7/site-packages/airflow/example_dags/example_latest_only.py took 0.072 seconds
[2023-06-23T14:02:59.856+0000] {processor.py:157} INFO - Started process (PID=3206) to work on /home/airflow/.local/lib/python3.7/site-packages/airflow/example_dags/example_latest_only.py
[2023-06-23T14:02:59.857+0000] {processor.py:826} INFO - Processing file /home/airflow/.local/lib/python3.7/site-packages/airflow/example_dags/example_latest_only.py for tasks to queue
[2023-06-23T14:02:59.858+0000] {logging_mixin.py:149} INFO - [2023-06-23T14:02:59.857+0000] {dagbag.py:541} INFO - Filling up the DagBag from /home/airflow/.local/lib/python3.7/site-packages/airflow/example_dags/example_latest_only.py
[2023-06-23T14:02:59.862+0000] {processor.py:836} INFO - DAG(s) dict_keys(['latest_only']) retrieved from /home/airflow/.local/lib/python3.7/site-packages/airflow/example_dags/example_latest_only.py
[2023-06-23T14:02:59.884+0000] {logging_mixin.py:149} INFO - [2023-06-23T14:02:59.883+0000] {dag.py:2726} INFO - Sync 1 DAGs
[2023-06-23T14:02:59.906+0000] {logging_mixin.py:149} INFO - [2023-06-23T14:02:59.906+0000] {dag.py:3490} INFO - Setting next_dagrun for latest_only to 2023-06-23T10:02:59.906470+00:00, run_after=2023-06-23T14:02:59.906470+00:00
[2023-06-23T14:02:59.926+0000] {processor.py:179} INFO - Processing /home/airflow/.local/lib/python3.7/site-packages/airflow/example_dags/example_latest_only.py took 0.073 seconds
[2023-06-23T14:03:30.011+0000] {processor.py:157} INFO - Started process (PID=3271) to work on /home/airflow/.local/lib/python3.7/site-packages/airflow/example_dags/example_latest_only.py
[2023-06-23T14:03:30.012+0000] {processor.py:826} INFO - Processing file /home/airflow/.local/lib/python3.7/site-packages/airflow/example_dags/example_latest_only.py for tasks to queue
[2023-06-23T14:03:30.013+0000] {logging_mixin.py:149} INFO - [2023-06-23T14:03:30.013+0000] {dagbag.py:541} INFO - Filling up the DagBag from /home/airflow/.local/lib/python3.7/site-packages/airflow/example_dags/example_latest_only.py
[2023-06-23T14:03:30.018+0000] {processor.py:836} INFO - DAG(s) dict_keys(['latest_only']) retrieved from /home/airflow/.local/lib/python3.7/site-packages/airflow/example_dags/example_latest_only.py
[2023-06-23T14:03:30.038+0000] {logging_mixin.py:149} INFO - [2023-06-23T14:03:30.038+0000] {dag.py:2726} INFO - Sync 1 DAGs
[2023-06-23T14:03:30.060+0000] {logging_mixin.py:149} INFO - [2023-06-23T14:03:30.060+0000] {dag.py:3490} INFO - Setting next_dagrun for latest_only to 2023-06-23T10:03:30.059855+00:00, run_after=2023-06-23T14:03:30.059855+00:00
[2023-06-23T14:03:30.080+0000] {processor.py:179} INFO - Processing /home/airflow/.local/lib/python3.7/site-packages/airflow/example_dags/example_latest_only.py took 0.071 seconds
[2023-06-23T14:04:00.377+0000] {processor.py:157} INFO - Started process (PID=3338) to work on /home/airflow/.local/lib/python3.7/site-packages/airflow/example_dags/example_latest_only.py
[2023-06-23T14:04:00.378+0000] {processor.py:826} INFO - Processing file /home/airflow/.local/lib/python3.7/site-packages/airflow/example_dags/example_latest_only.py for tasks to queue
[2023-06-23T14:04:00.380+0000] {logging_mixin.py:149} INFO - [2023-06-23T14:04:00.379+0000] {dagbag.py:541} INFO - Filling up the DagBag from /home/airflow/.local/lib/python3.7/site-packages/airflow/example_dags/example_latest_only.py
[2023-06-23T14:04:00.385+0000] {processor.py:836} INFO - DAG(s) dict_keys(['latest_only']) retrieved from /home/airflow/.local/lib/python3.7/site-packages/airflow/example_dags/example_latest_only.py
[2023-06-23T14:04:00.406+0000] {logging_mixin.py:149} INFO - [2023-06-23T14:04:00.406+0000] {dag.py:2726} INFO - Sync 1 DAGs
[2023-06-23T14:04:00.429+0000] {logging_mixin.py:149} INFO - [2023-06-23T14:04:00.429+0000] {dag.py:3490} INFO - Setting next_dagrun for latest_only to 2023-06-23T10:04:00.429149+00:00, run_after=2023-06-23T14:04:00.429149+00:00
[2023-06-23T14:04:00.453+0000] {processor.py:179} INFO - Processing /home/airflow/.local/lib/python3.7/site-packages/airflow/example_dags/example_latest_only.py took 0.079 seconds
