[2023-06-23T13:14:32.313+0000] {processor.py:157} INFO - Started process (PID=71) to work on /home/airflow/.local/lib/python3.7/site-packages/airflow/example_dags/example_external_task_marker_dag.py
[2023-06-23T13:14:32.315+0000] {processor.py:826} INFO - Processing file /home/airflow/.local/lib/python3.7/site-packages/airflow/example_dags/example_external_task_marker_dag.py for tasks to queue
[2023-06-23T13:14:32.317+0000] {logging_mixin.py:149} INFO - [2023-06-23T13:14:32.317+0000] {dagbag.py:541} INFO - Filling up the DagBag from /home/airflow/.local/lib/python3.7/site-packages/airflow/example_dags/example_external_task_marker_dag.py
[2023-06-23T13:14:32.328+0000] {processor.py:836} INFO - DAG(s) dict_keys(['example_external_task_marker_parent', 'example_external_task_marker_child']) retrieved from /home/airflow/.local/lib/python3.7/site-packages/airflow/example_dags/example_external_task_marker_dag.py
[2023-06-23T13:14:32.347+0000] {logging_mixin.py:149} INFO - [2023-06-23T13:14:32.347+0000] {dag.py:2726} INFO - Sync 2 DAGs
[2023-06-23T13:14:32.383+0000] {logging_mixin.py:149} INFO - [2023-06-23T13:14:32.383+0000] {dag.py:3490} INFO - Setting next_dagrun for example_external_task_marker_child to None, run_after=None
[2023-06-23T13:14:32.387+0000] {logging_mixin.py:149} INFO - [2023-06-23T13:14:32.387+0000] {dag.py:3490} INFO - Setting next_dagrun for example_external_task_marker_parent to None, run_after=None
[2023-06-23T13:14:32.406+0000] {processor.py:179} INFO - Processing /home/airflow/.local/lib/python3.7/site-packages/airflow/example_dags/example_external_task_marker_dag.py took 0.098 seconds
[2023-06-23T13:15:02.755+0000] {processor.py:157} INFO - Started process (PID=137) to work on /home/airflow/.local/lib/python3.7/site-packages/airflow/example_dags/example_external_task_marker_dag.py
[2023-06-23T13:15:02.756+0000] {processor.py:826} INFO - Processing file /home/airflow/.local/lib/python3.7/site-packages/airflow/example_dags/example_external_task_marker_dag.py for tasks to queue
[2023-06-23T13:15:02.757+0000] {logging_mixin.py:149} INFO - [2023-06-23T13:15:02.757+0000] {dagbag.py:541} INFO - Filling up the DagBag from /home/airflow/.local/lib/python3.7/site-packages/airflow/example_dags/example_external_task_marker_dag.py
[2023-06-23T13:15:02.763+0000] {processor.py:836} INFO - DAG(s) dict_keys(['example_external_task_marker_child', 'example_external_task_marker_parent']) retrieved from /home/airflow/.local/lib/python3.7/site-packages/airflow/example_dags/example_external_task_marker_dag.py
[2023-06-23T13:15:02.775+0000] {logging_mixin.py:149} INFO - [2023-06-23T13:15:02.775+0000] {dag.py:2726} INFO - Sync 2 DAGs
[2023-06-23T13:15:02.803+0000] {logging_mixin.py:149} INFO - [2023-06-23T13:15:02.803+0000] {dag.py:3490} INFO - Setting next_dagrun for example_external_task_marker_child to None, run_after=None
[2023-06-23T13:15:02.807+0000] {logging_mixin.py:149} INFO - [2023-06-23T13:15:02.806+0000] {dag.py:3490} INFO - Setting next_dagrun for example_external_task_marker_parent to None, run_after=None
[2023-06-23T13:15:02.825+0000] {processor.py:179} INFO - Processing /home/airflow/.local/lib/python3.7/site-packages/airflow/example_dags/example_external_task_marker_dag.py took 0.074 seconds
[2023-06-23T13:15:33.192+0000] {processor.py:157} INFO - Started process (PID=203) to work on /home/airflow/.local/lib/python3.7/site-packages/airflow/example_dags/example_external_task_marker_dag.py
[2023-06-23T13:15:33.193+0000] {processor.py:826} INFO - Processing file /home/airflow/.local/lib/python3.7/site-packages/airflow/example_dags/example_external_task_marker_dag.py for tasks to queue
[2023-06-23T13:15:33.193+0000] {logging_mixin.py:149} INFO - [2023-06-23T13:15:33.193+0000] {dagbag.py:541} INFO - Filling up the DagBag from /home/airflow/.local/lib/python3.7/site-packages/airflow/example_dags/example_external_task_marker_dag.py
[2023-06-23T13:15:33.198+0000] {processor.py:836} INFO - DAG(s) dict_keys(['example_external_task_marker_child', 'example_external_task_marker_parent']) retrieved from /home/airflow/.local/lib/python3.7/site-packages/airflow/example_dags/example_external_task_marker_dag.py
[2023-06-23T13:15:33.259+0000] {logging_mixin.py:149} INFO - [2023-06-23T13:15:33.259+0000] {dag.py:2726} INFO - Sync 2 DAGs
[2023-06-23T13:15:33.286+0000] {logging_mixin.py:149} INFO - [2023-06-23T13:15:33.286+0000] {dag.py:3490} INFO - Setting next_dagrun for example_external_task_marker_child to None, run_after=None
[2023-06-23T13:15:33.289+0000] {logging_mixin.py:149} INFO - [2023-06-23T13:15:33.289+0000] {dag.py:3490} INFO - Setting next_dagrun for example_external_task_marker_parent to None, run_after=None
[2023-06-23T13:15:33.308+0000] {processor.py:179} INFO - Processing /home/airflow/.local/lib/python3.7/site-packages/airflow/example_dags/example_external_task_marker_dag.py took 0.120 seconds
[2023-06-23T13:16:04.298+0000] {processor.py:157} INFO - Started process (PID=269) to work on /home/airflow/.local/lib/python3.7/site-packages/airflow/example_dags/example_external_task_marker_dag.py
[2023-06-23T13:16:04.299+0000] {processor.py:826} INFO - Processing file /home/airflow/.local/lib/python3.7/site-packages/airflow/example_dags/example_external_task_marker_dag.py for tasks to queue
[2023-06-23T13:16:04.300+0000] {logging_mixin.py:149} INFO - [2023-06-23T13:16:04.300+0000] {dagbag.py:541} INFO - Filling up the DagBag from /home/airflow/.local/lib/python3.7/site-packages/airflow/example_dags/example_external_task_marker_dag.py
[2023-06-23T13:16:04.305+0000] {processor.py:836} INFO - DAG(s) dict_keys(['example_external_task_marker_child', 'example_external_task_marker_parent']) retrieved from /home/airflow/.local/lib/python3.7/site-packages/airflow/example_dags/example_external_task_marker_dag.py
[2023-06-23T13:16:04.328+0000] {logging_mixin.py:149} INFO - [2023-06-23T13:16:04.328+0000] {dag.py:2726} INFO - Sync 2 DAGs
[2023-06-23T13:16:04.350+0000] {logging_mixin.py:149} INFO - [2023-06-23T13:16:04.350+0000] {dag.py:3490} INFO - Setting next_dagrun for example_external_task_marker_child to None, run_after=None
[2023-06-23T13:16:04.353+0000] {logging_mixin.py:149} INFO - [2023-06-23T13:16:04.353+0000] {dag.py:3490} INFO - Setting next_dagrun for example_external_task_marker_parent to None, run_after=None
[2023-06-23T13:16:04.371+0000] {processor.py:179} INFO - Processing /home/airflow/.local/lib/python3.7/site-packages/airflow/example_dags/example_external_task_marker_dag.py took 0.076 seconds
[2023-06-23T13:38:42.260+0000] {processor.py:157} INFO - Started process (PID=70) to work on /home/airflow/.local/lib/python3.7/site-packages/airflow/example_dags/example_external_task_marker_dag.py
[2023-06-23T13:38:42.262+0000] {processor.py:826} INFO - Processing file /home/airflow/.local/lib/python3.7/site-packages/airflow/example_dags/example_external_task_marker_dag.py for tasks to queue
[2023-06-23T13:38:42.263+0000] {logging_mixin.py:149} INFO - [2023-06-23T13:38:42.263+0000] {dagbag.py:541} INFO - Filling up the DagBag from /home/airflow/.local/lib/python3.7/site-packages/airflow/example_dags/example_external_task_marker_dag.py
[2023-06-23T13:38:42.278+0000] {processor.py:836} INFO - DAG(s) dict_keys(['example_external_task_marker_child', 'example_external_task_marker_parent']) retrieved from /home/airflow/.local/lib/python3.7/site-packages/airflow/example_dags/example_external_task_marker_dag.py
[2023-06-23T13:38:42.300+0000] {logging_mixin.py:149} INFO - [2023-06-23T13:38:42.300+0000] {dag.py:2726} INFO - Sync 2 DAGs
[2023-06-23T13:38:42.336+0000] {logging_mixin.py:149} INFO - [2023-06-23T13:38:42.336+0000] {dag.py:3490} INFO - Setting next_dagrun for example_external_task_marker_child to None, run_after=None
[2023-06-23T13:38:42.342+0000] {logging_mixin.py:149} INFO - [2023-06-23T13:38:42.342+0000] {dag.py:3490} INFO - Setting next_dagrun for example_external_task_marker_parent to None, run_after=None
[2023-06-23T13:38:42.369+0000] {processor.py:179} INFO - Processing /home/airflow/.local/lib/python3.7/site-packages/airflow/example_dags/example_external_task_marker_dag.py took 0.114 seconds
[2023-06-23T13:39:13.462+0000] {processor.py:157} INFO - Started process (PID=136) to work on /home/airflow/.local/lib/python3.7/site-packages/airflow/example_dags/example_external_task_marker_dag.py
[2023-06-23T13:39:13.463+0000] {processor.py:826} INFO - Processing file /home/airflow/.local/lib/python3.7/site-packages/airflow/example_dags/example_external_task_marker_dag.py for tasks to queue
[2023-06-23T13:39:13.464+0000] {logging_mixin.py:149} INFO - [2023-06-23T13:39:13.464+0000] {dagbag.py:541} INFO - Filling up the DagBag from /home/airflow/.local/lib/python3.7/site-packages/airflow/example_dags/example_external_task_marker_dag.py
[2023-06-23T13:39:13.469+0000] {processor.py:836} INFO - DAG(s) dict_keys(['example_external_task_marker_parent', 'example_external_task_marker_child']) retrieved from /home/airflow/.local/lib/python3.7/site-packages/airflow/example_dags/example_external_task_marker_dag.py
[2023-06-23T13:39:13.493+0000] {logging_mixin.py:149} INFO - [2023-06-23T13:39:13.493+0000] {dag.py:2726} INFO - Sync 2 DAGs
[2023-06-23T13:39:13.519+0000] {logging_mixin.py:149} INFO - [2023-06-23T13:39:13.518+0000] {dag.py:3490} INFO - Setting next_dagrun for example_external_task_marker_child to None, run_after=None
[2023-06-23T13:39:13.522+0000] {logging_mixin.py:149} INFO - [2023-06-23T13:39:13.522+0000] {dag.py:3490} INFO - Setting next_dagrun for example_external_task_marker_parent to None, run_after=None
[2023-06-23T13:39:13.540+0000] {processor.py:179} INFO - Processing /home/airflow/.local/lib/python3.7/site-packages/airflow/example_dags/example_external_task_marker_dag.py took 0.080 seconds
[2023-06-23T13:39:43.737+0000] {processor.py:157} INFO - Started process (PID=202) to work on /home/airflow/.local/lib/python3.7/site-packages/airflow/example_dags/example_external_task_marker_dag.py
[2023-06-23T13:39:43.738+0000] {processor.py:826} INFO - Processing file /home/airflow/.local/lib/python3.7/site-packages/airflow/example_dags/example_external_task_marker_dag.py for tasks to queue
[2023-06-23T13:39:43.738+0000] {logging_mixin.py:149} INFO - [2023-06-23T13:39:43.738+0000] {dagbag.py:541} INFO - Filling up the DagBag from /home/airflow/.local/lib/python3.7/site-packages/airflow/example_dags/example_external_task_marker_dag.py
[2023-06-23T13:39:43.744+0000] {processor.py:836} INFO - DAG(s) dict_keys(['example_external_task_marker_child', 'example_external_task_marker_parent']) retrieved from /home/airflow/.local/lib/python3.7/site-packages/airflow/example_dags/example_external_task_marker_dag.py
[2023-06-23T13:39:43.767+0000] {logging_mixin.py:149} INFO - [2023-06-23T13:39:43.767+0000] {dag.py:2726} INFO - Sync 2 DAGs
[2023-06-23T13:39:43.790+0000] {logging_mixin.py:149} INFO - [2023-06-23T13:39:43.790+0000] {dag.py:3490} INFO - Setting next_dagrun for example_external_task_marker_child to None, run_after=None
[2023-06-23T13:39:43.794+0000] {logging_mixin.py:149} INFO - [2023-06-23T13:39:43.794+0000] {dag.py:3490} INFO - Setting next_dagrun for example_external_task_marker_parent to None, run_after=None
[2023-06-23T13:39:43.811+0000] {processor.py:179} INFO - Processing /home/airflow/.local/lib/python3.7/site-packages/airflow/example_dags/example_external_task_marker_dag.py took 0.078 seconds
[2023-06-23T13:40:14.733+0000] {processor.py:157} INFO - Started process (PID=268) to work on /home/airflow/.local/lib/python3.7/site-packages/airflow/example_dags/example_external_task_marker_dag.py
[2023-06-23T13:40:14.734+0000] {processor.py:826} INFO - Processing file /home/airflow/.local/lib/python3.7/site-packages/airflow/example_dags/example_external_task_marker_dag.py for tasks to queue
[2023-06-23T13:40:14.735+0000] {logging_mixin.py:149} INFO - [2023-06-23T13:40:14.735+0000] {dagbag.py:541} INFO - Filling up the DagBag from /home/airflow/.local/lib/python3.7/site-packages/airflow/example_dags/example_external_task_marker_dag.py
[2023-06-23T13:40:14.740+0000] {processor.py:836} INFO - DAG(s) dict_keys(['example_external_task_marker_child', 'example_external_task_marker_parent']) retrieved from /home/airflow/.local/lib/python3.7/site-packages/airflow/example_dags/example_external_task_marker_dag.py
[2023-06-23T13:40:14.764+0000] {logging_mixin.py:149} INFO - [2023-06-23T13:40:14.764+0000] {dag.py:2726} INFO - Sync 2 DAGs
[2023-06-23T13:40:14.787+0000] {logging_mixin.py:149} INFO - [2023-06-23T13:40:14.786+0000] {dag.py:3490} INFO - Setting next_dagrun for example_external_task_marker_child to None, run_after=None
[2023-06-23T13:40:14.790+0000] {logging_mixin.py:149} INFO - [2023-06-23T13:40:14.790+0000] {dag.py:3490} INFO - Setting next_dagrun for example_external_task_marker_parent to None, run_after=None
[2023-06-23T13:40:14.806+0000] {processor.py:179} INFO - Processing /home/airflow/.local/lib/python3.7/site-packages/airflow/example_dags/example_external_task_marker_dag.py took 0.076 seconds
[2023-06-23T13:40:45.763+0000] {processor.py:157} INFO - Started process (PID=334) to work on /home/airflow/.local/lib/python3.7/site-packages/airflow/example_dags/example_external_task_marker_dag.py
[2023-06-23T13:40:45.764+0000] {processor.py:826} INFO - Processing file /home/airflow/.local/lib/python3.7/site-packages/airflow/example_dags/example_external_task_marker_dag.py for tasks to queue
[2023-06-23T13:40:45.765+0000] {logging_mixin.py:149} INFO - [2023-06-23T13:40:45.765+0000] {dagbag.py:541} INFO - Filling up the DagBag from /home/airflow/.local/lib/python3.7/site-packages/airflow/example_dags/example_external_task_marker_dag.py
[2023-06-23T13:40:45.770+0000] {processor.py:836} INFO - DAG(s) dict_keys(['example_external_task_marker_child', 'example_external_task_marker_parent']) retrieved from /home/airflow/.local/lib/python3.7/site-packages/airflow/example_dags/example_external_task_marker_dag.py
[2023-06-23T13:40:45.794+0000] {logging_mixin.py:149} INFO - [2023-06-23T13:40:45.794+0000] {dag.py:2726} INFO - Sync 2 DAGs
[2023-06-23T13:40:45.817+0000] {logging_mixin.py:149} INFO - [2023-06-23T13:40:45.817+0000] {dag.py:3490} INFO - Setting next_dagrun for example_external_task_marker_child to None, run_after=None
[2023-06-23T13:40:45.820+0000] {logging_mixin.py:149} INFO - [2023-06-23T13:40:45.820+0000] {dag.py:3490} INFO - Setting next_dagrun for example_external_task_marker_parent to None, run_after=None
[2023-06-23T13:40:45.838+0000] {processor.py:179} INFO - Processing /home/airflow/.local/lib/python3.7/site-packages/airflow/example_dags/example_external_task_marker_dag.py took 0.077 seconds
[2023-06-23T13:41:16.383+0000] {processor.py:157} INFO - Started process (PID=400) to work on /home/airflow/.local/lib/python3.7/site-packages/airflow/example_dags/example_external_task_marker_dag.py
[2023-06-23T13:41:16.384+0000] {processor.py:826} INFO - Processing file /home/airflow/.local/lib/python3.7/site-packages/airflow/example_dags/example_external_task_marker_dag.py for tasks to queue
[2023-06-23T13:41:16.385+0000] {logging_mixin.py:149} INFO - [2023-06-23T13:41:16.385+0000] {dagbag.py:541} INFO - Filling up the DagBag from /home/airflow/.local/lib/python3.7/site-packages/airflow/example_dags/example_external_task_marker_dag.py
[2023-06-23T13:41:16.390+0000] {processor.py:836} INFO - DAG(s) dict_keys(['example_external_task_marker_parent', 'example_external_task_marker_child']) retrieved from /home/airflow/.local/lib/python3.7/site-packages/airflow/example_dags/example_external_task_marker_dag.py
[2023-06-23T13:41:16.416+0000] {logging_mixin.py:149} INFO - [2023-06-23T13:41:16.416+0000] {dag.py:2726} INFO - Sync 2 DAGs
[2023-06-23T13:41:16.439+0000] {logging_mixin.py:149} INFO - [2023-06-23T13:41:16.439+0000] {dag.py:3490} INFO - Setting next_dagrun for example_external_task_marker_child to None, run_after=None
[2023-06-23T13:41:16.443+0000] {logging_mixin.py:149} INFO - [2023-06-23T13:41:16.443+0000] {dag.py:3490} INFO - Setting next_dagrun for example_external_task_marker_parent to None, run_after=None
[2023-06-23T13:41:16.460+0000] {processor.py:179} INFO - Processing /home/airflow/.local/lib/python3.7/site-packages/airflow/example_dags/example_external_task_marker_dag.py took 0.080 seconds
[2023-06-23T13:41:47.141+0000] {processor.py:157} INFO - Started process (PID=466) to work on /home/airflow/.local/lib/python3.7/site-packages/airflow/example_dags/example_external_task_marker_dag.py
[2023-06-23T13:41:47.142+0000] {processor.py:826} INFO - Processing file /home/airflow/.local/lib/python3.7/site-packages/airflow/example_dags/example_external_task_marker_dag.py for tasks to queue
[2023-06-23T13:41:47.143+0000] {logging_mixin.py:149} INFO - [2023-06-23T13:41:47.143+0000] {dagbag.py:541} INFO - Filling up the DagBag from /home/airflow/.local/lib/python3.7/site-packages/airflow/example_dags/example_external_task_marker_dag.py
[2023-06-23T13:41:47.149+0000] {processor.py:836} INFO - DAG(s) dict_keys(['example_external_task_marker_parent', 'example_external_task_marker_child']) retrieved from /home/airflow/.local/lib/python3.7/site-packages/airflow/example_dags/example_external_task_marker_dag.py
[2023-06-23T13:41:47.177+0000] {logging_mixin.py:149} INFO - [2023-06-23T13:41:47.177+0000] {dag.py:2726} INFO - Sync 2 DAGs
[2023-06-23T13:41:47.204+0000] {logging_mixin.py:149} INFO - [2023-06-23T13:41:47.204+0000] {dag.py:3490} INFO - Setting next_dagrun for example_external_task_marker_child to None, run_after=None
[2023-06-23T13:41:47.208+0000] {logging_mixin.py:149} INFO - [2023-06-23T13:41:47.208+0000] {dag.py:3490} INFO - Setting next_dagrun for example_external_task_marker_parent to None, run_after=None
[2023-06-23T13:41:47.227+0000] {processor.py:179} INFO - Processing /home/airflow/.local/lib/python3.7/site-packages/airflow/example_dags/example_external_task_marker_dag.py took 0.089 seconds
[2023-06-23T13:42:17.370+0000] {processor.py:157} INFO - Started process (PID=532) to work on /home/airflow/.local/lib/python3.7/site-packages/airflow/example_dags/example_external_task_marker_dag.py
[2023-06-23T13:42:17.371+0000] {processor.py:826} INFO - Processing file /home/airflow/.local/lib/python3.7/site-packages/airflow/example_dags/example_external_task_marker_dag.py for tasks to queue
[2023-06-23T13:42:17.372+0000] {logging_mixin.py:149} INFO - [2023-06-23T13:42:17.372+0000] {dagbag.py:541} INFO - Filling up the DagBag from /home/airflow/.local/lib/python3.7/site-packages/airflow/example_dags/example_external_task_marker_dag.py
[2023-06-23T13:42:17.377+0000] {processor.py:836} INFO - DAG(s) dict_keys(['example_external_task_marker_parent', 'example_external_task_marker_child']) retrieved from /home/airflow/.local/lib/python3.7/site-packages/airflow/example_dags/example_external_task_marker_dag.py
[2023-06-23T13:42:17.403+0000] {logging_mixin.py:149} INFO - [2023-06-23T13:42:17.402+0000] {dag.py:2726} INFO - Sync 2 DAGs
[2023-06-23T13:42:17.425+0000] {logging_mixin.py:149} INFO - [2023-06-23T13:42:17.425+0000] {dag.py:3490} INFO - Setting next_dagrun for example_external_task_marker_child to None, run_after=None
[2023-06-23T13:42:17.429+0000] {logging_mixin.py:149} INFO - [2023-06-23T13:42:17.429+0000] {dag.py:3490} INFO - Setting next_dagrun for example_external_task_marker_parent to None, run_after=None
[2023-06-23T13:42:17.445+0000] {processor.py:179} INFO - Processing /home/airflow/.local/lib/python3.7/site-packages/airflow/example_dags/example_external_task_marker_dag.py took 0.078 seconds
[2023-06-23T13:42:47.907+0000] {processor.py:157} INFO - Started process (PID=598) to work on /home/airflow/.local/lib/python3.7/site-packages/airflow/example_dags/example_external_task_marker_dag.py
[2023-06-23T13:42:47.908+0000] {processor.py:826} INFO - Processing file /home/airflow/.local/lib/python3.7/site-packages/airflow/example_dags/example_external_task_marker_dag.py for tasks to queue
[2023-06-23T13:42:47.909+0000] {logging_mixin.py:149} INFO - [2023-06-23T13:42:47.909+0000] {dagbag.py:541} INFO - Filling up the DagBag from /home/airflow/.local/lib/python3.7/site-packages/airflow/example_dags/example_external_task_marker_dag.py
[2023-06-23T13:42:47.916+0000] {processor.py:836} INFO - DAG(s) dict_keys(['example_external_task_marker_child', 'example_external_task_marker_parent']) retrieved from /home/airflow/.local/lib/python3.7/site-packages/airflow/example_dags/example_external_task_marker_dag.py
[2023-06-23T13:42:47.941+0000] {logging_mixin.py:149} INFO - [2023-06-23T13:42:47.941+0000] {dag.py:2726} INFO - Sync 2 DAGs
[2023-06-23T13:42:47.966+0000] {logging_mixin.py:149} INFO - [2023-06-23T13:42:47.966+0000] {dag.py:3490} INFO - Setting next_dagrun for example_external_task_marker_child to None, run_after=None
[2023-06-23T13:42:47.969+0000] {logging_mixin.py:149} INFO - [2023-06-23T13:42:47.969+0000] {dag.py:3490} INFO - Setting next_dagrun for example_external_task_marker_parent to None, run_after=None
[2023-06-23T13:42:47.986+0000] {processor.py:179} INFO - Processing /home/airflow/.local/lib/python3.7/site-packages/airflow/example_dags/example_external_task_marker_dag.py took 0.082 seconds
[2023-06-23T13:43:18.075+0000] {processor.py:157} INFO - Started process (PID=664) to work on /home/airflow/.local/lib/python3.7/site-packages/airflow/example_dags/example_external_task_marker_dag.py
[2023-06-23T13:43:18.076+0000] {processor.py:826} INFO - Processing file /home/airflow/.local/lib/python3.7/site-packages/airflow/example_dags/example_external_task_marker_dag.py for tasks to queue
[2023-06-23T13:43:18.077+0000] {logging_mixin.py:149} INFO - [2023-06-23T13:43:18.077+0000] {dagbag.py:541} INFO - Filling up the DagBag from /home/airflow/.local/lib/python3.7/site-packages/airflow/example_dags/example_external_task_marker_dag.py
[2023-06-23T13:43:18.083+0000] {processor.py:836} INFO - DAG(s) dict_keys(['example_external_task_marker_child', 'example_external_task_marker_parent']) retrieved from /home/airflow/.local/lib/python3.7/site-packages/airflow/example_dags/example_external_task_marker_dag.py
[2023-06-23T13:43:18.109+0000] {logging_mixin.py:149} INFO - [2023-06-23T13:43:18.109+0000] {dag.py:2726} INFO - Sync 2 DAGs
[2023-06-23T13:43:18.132+0000] {logging_mixin.py:149} INFO - [2023-06-23T13:43:18.132+0000] {dag.py:3490} INFO - Setting next_dagrun for example_external_task_marker_child to None, run_after=None
[2023-06-23T13:43:18.136+0000] {logging_mixin.py:149} INFO - [2023-06-23T13:43:18.136+0000] {dag.py:3490} INFO - Setting next_dagrun for example_external_task_marker_parent to None, run_after=None
[2023-06-23T13:43:18.151+0000] {processor.py:179} INFO - Processing /home/airflow/.local/lib/python3.7/site-packages/airflow/example_dags/example_external_task_marker_dag.py took 0.079 seconds
[2023-06-23T13:43:48.797+0000] {processor.py:157} INFO - Started process (PID=730) to work on /home/airflow/.local/lib/python3.7/site-packages/airflow/example_dags/example_external_task_marker_dag.py
[2023-06-23T13:43:48.798+0000] {processor.py:826} INFO - Processing file /home/airflow/.local/lib/python3.7/site-packages/airflow/example_dags/example_external_task_marker_dag.py for tasks to queue
[2023-06-23T13:43:48.799+0000] {logging_mixin.py:149} INFO - [2023-06-23T13:43:48.799+0000] {dagbag.py:541} INFO - Filling up the DagBag from /home/airflow/.local/lib/python3.7/site-packages/airflow/example_dags/example_external_task_marker_dag.py
[2023-06-23T13:43:48.804+0000] {processor.py:836} INFO - DAG(s) dict_keys(['example_external_task_marker_parent', 'example_external_task_marker_child']) retrieved from /home/airflow/.local/lib/python3.7/site-packages/airflow/example_dags/example_external_task_marker_dag.py
[2023-06-23T13:43:48.831+0000] {logging_mixin.py:149} INFO - [2023-06-23T13:43:48.830+0000] {dag.py:2726} INFO - Sync 2 DAGs
[2023-06-23T13:43:48.857+0000] {logging_mixin.py:149} INFO - [2023-06-23T13:43:48.856+0000] {dag.py:3490} INFO - Setting next_dagrun for example_external_task_marker_child to None, run_after=None
[2023-06-23T13:43:48.860+0000] {logging_mixin.py:149} INFO - [2023-06-23T13:43:48.860+0000] {dag.py:3490} INFO - Setting next_dagrun for example_external_task_marker_parent to None, run_after=None
[2023-06-23T13:43:48.878+0000] {processor.py:179} INFO - Processing /home/airflow/.local/lib/python3.7/site-packages/airflow/example_dags/example_external_task_marker_dag.py took 0.084 seconds
[2023-06-23T13:44:19.051+0000] {processor.py:157} INFO - Started process (PID=796) to work on /home/airflow/.local/lib/python3.7/site-packages/airflow/example_dags/example_external_task_marker_dag.py
[2023-06-23T13:44:19.052+0000] {processor.py:826} INFO - Processing file /home/airflow/.local/lib/python3.7/site-packages/airflow/example_dags/example_external_task_marker_dag.py for tasks to queue
[2023-06-23T13:44:19.053+0000] {logging_mixin.py:149} INFO - [2023-06-23T13:44:19.053+0000] {dagbag.py:541} INFO - Filling up the DagBag from /home/airflow/.local/lib/python3.7/site-packages/airflow/example_dags/example_external_task_marker_dag.py
[2023-06-23T13:44:19.059+0000] {processor.py:836} INFO - DAG(s) dict_keys(['example_external_task_marker_child', 'example_external_task_marker_parent']) retrieved from /home/airflow/.local/lib/python3.7/site-packages/airflow/example_dags/example_external_task_marker_dag.py
[2023-06-23T13:44:19.087+0000] {logging_mixin.py:149} INFO - [2023-06-23T13:44:19.086+0000] {dag.py:2726} INFO - Sync 2 DAGs
[2023-06-23T13:44:19.111+0000] {logging_mixin.py:149} INFO - [2023-06-23T13:44:19.111+0000] {dag.py:3490} INFO - Setting next_dagrun for example_external_task_marker_child to None, run_after=None
[2023-06-23T13:44:19.114+0000] {logging_mixin.py:149} INFO - [2023-06-23T13:44:19.114+0000] {dag.py:3490} INFO - Setting next_dagrun for example_external_task_marker_parent to None, run_after=None
[2023-06-23T13:44:19.135+0000] {processor.py:179} INFO - Processing /home/airflow/.local/lib/python3.7/site-packages/airflow/example_dags/example_external_task_marker_dag.py took 0.087 seconds
[2023-06-23T13:44:49.514+0000] {processor.py:157} INFO - Started process (PID=862) to work on /home/airflow/.local/lib/python3.7/site-packages/airflow/example_dags/example_external_task_marker_dag.py
[2023-06-23T13:44:49.515+0000] {processor.py:826} INFO - Processing file /home/airflow/.local/lib/python3.7/site-packages/airflow/example_dags/example_external_task_marker_dag.py for tasks to queue
[2023-06-23T13:44:49.516+0000] {logging_mixin.py:149} INFO - [2023-06-23T13:44:49.516+0000] {dagbag.py:541} INFO - Filling up the DagBag from /home/airflow/.local/lib/python3.7/site-packages/airflow/example_dags/example_external_task_marker_dag.py
[2023-06-23T13:44:49.521+0000] {processor.py:836} INFO - DAG(s) dict_keys(['example_external_task_marker_parent', 'example_external_task_marker_child']) retrieved from /home/airflow/.local/lib/python3.7/site-packages/airflow/example_dags/example_external_task_marker_dag.py
[2023-06-23T13:44:49.548+0000] {logging_mixin.py:149} INFO - [2023-06-23T13:44:49.548+0000] {dag.py:2726} INFO - Sync 2 DAGs
[2023-06-23T13:44:49.570+0000] {logging_mixin.py:149} INFO - [2023-06-23T13:44:49.570+0000] {dag.py:3490} INFO - Setting next_dagrun for example_external_task_marker_child to None, run_after=None
[2023-06-23T13:44:49.574+0000] {logging_mixin.py:149} INFO - [2023-06-23T13:44:49.574+0000] {dag.py:3490} INFO - Setting next_dagrun for example_external_task_marker_parent to None, run_after=None
[2023-06-23T13:44:49.592+0000] {processor.py:179} INFO - Processing /home/airflow/.local/lib/python3.7/site-packages/airflow/example_dags/example_external_task_marker_dag.py took 0.082 seconds
[2023-06-23T13:45:19.735+0000] {processor.py:157} INFO - Started process (PID=927) to work on /home/airflow/.local/lib/python3.7/site-packages/airflow/example_dags/example_external_task_marker_dag.py
[2023-06-23T13:45:19.736+0000] {processor.py:826} INFO - Processing file /home/airflow/.local/lib/python3.7/site-packages/airflow/example_dags/example_external_task_marker_dag.py for tasks to queue
[2023-06-23T13:45:19.737+0000] {logging_mixin.py:149} INFO - [2023-06-23T13:45:19.737+0000] {dagbag.py:541} INFO - Filling up the DagBag from /home/airflow/.local/lib/python3.7/site-packages/airflow/example_dags/example_external_task_marker_dag.py
[2023-06-23T13:45:19.742+0000] {processor.py:836} INFO - DAG(s) dict_keys(['example_external_task_marker_child', 'example_external_task_marker_parent']) retrieved from /home/airflow/.local/lib/python3.7/site-packages/airflow/example_dags/example_external_task_marker_dag.py
[2023-06-23T13:45:19.766+0000] {logging_mixin.py:149} INFO - [2023-06-23T13:45:19.766+0000] {dag.py:2726} INFO - Sync 2 DAGs
[2023-06-23T13:45:19.789+0000] {logging_mixin.py:149} INFO - [2023-06-23T13:45:19.789+0000] {dag.py:3490} INFO - Setting next_dagrun for example_external_task_marker_child to None, run_after=None
[2023-06-23T13:45:19.792+0000] {logging_mixin.py:149} INFO - [2023-06-23T13:45:19.792+0000] {dag.py:3490} INFO - Setting next_dagrun for example_external_task_marker_parent to None, run_after=None
[2023-06-23T13:45:19.810+0000] {processor.py:179} INFO - Processing /home/airflow/.local/lib/python3.7/site-packages/airflow/example_dags/example_external_task_marker_dag.py took 0.078 seconds
[2023-06-23T13:45:50.020+0000] {processor.py:157} INFO - Started process (PID=993) to work on /home/airflow/.local/lib/python3.7/site-packages/airflow/example_dags/example_external_task_marker_dag.py
[2023-06-23T13:45:50.021+0000] {processor.py:826} INFO - Processing file /home/airflow/.local/lib/python3.7/site-packages/airflow/example_dags/example_external_task_marker_dag.py for tasks to queue
[2023-06-23T13:45:50.022+0000] {logging_mixin.py:149} INFO - [2023-06-23T13:45:50.022+0000] {dagbag.py:541} INFO - Filling up the DagBag from /home/airflow/.local/lib/python3.7/site-packages/airflow/example_dags/example_external_task_marker_dag.py
[2023-06-23T13:45:50.028+0000] {processor.py:836} INFO - DAG(s) dict_keys(['example_external_task_marker_child', 'example_external_task_marker_parent']) retrieved from /home/airflow/.local/lib/python3.7/site-packages/airflow/example_dags/example_external_task_marker_dag.py
[2023-06-23T13:45:50.056+0000] {logging_mixin.py:149} INFO - [2023-06-23T13:45:50.055+0000] {dag.py:2726} INFO - Sync 2 DAGs
[2023-06-23T13:45:50.082+0000] {logging_mixin.py:149} INFO - [2023-06-23T13:45:50.082+0000] {dag.py:3490} INFO - Setting next_dagrun for example_external_task_marker_child to None, run_after=None
[2023-06-23T13:45:50.086+0000] {logging_mixin.py:149} INFO - [2023-06-23T13:45:50.086+0000] {dag.py:3490} INFO - Setting next_dagrun for example_external_task_marker_parent to None, run_after=None
[2023-06-23T13:45:50.107+0000] {processor.py:179} INFO - Processing /home/airflow/.local/lib/python3.7/site-packages/airflow/example_dags/example_external_task_marker_dag.py took 0.090 seconds
[2023-06-23T13:46:20.296+0000] {processor.py:157} INFO - Started process (PID=1059) to work on /home/airflow/.local/lib/python3.7/site-packages/airflow/example_dags/example_external_task_marker_dag.py
[2023-06-23T13:46:20.297+0000] {processor.py:826} INFO - Processing file /home/airflow/.local/lib/python3.7/site-packages/airflow/example_dags/example_external_task_marker_dag.py for tasks to queue
[2023-06-23T13:46:20.297+0000] {logging_mixin.py:149} INFO - [2023-06-23T13:46:20.297+0000] {dagbag.py:541} INFO - Filling up the DagBag from /home/airflow/.local/lib/python3.7/site-packages/airflow/example_dags/example_external_task_marker_dag.py
[2023-06-23T13:46:20.302+0000] {processor.py:836} INFO - DAG(s) dict_keys(['example_external_task_marker_parent', 'example_external_task_marker_child']) retrieved from /home/airflow/.local/lib/python3.7/site-packages/airflow/example_dags/example_external_task_marker_dag.py
[2023-06-23T13:46:20.332+0000] {logging_mixin.py:149} INFO - [2023-06-23T13:46:20.331+0000] {dag.py:2726} INFO - Sync 2 DAGs
[2023-06-23T13:46:20.355+0000] {logging_mixin.py:149} INFO - [2023-06-23T13:46:20.355+0000] {dag.py:3490} INFO - Setting next_dagrun for example_external_task_marker_child to None, run_after=None
[2023-06-23T13:46:20.359+0000] {logging_mixin.py:149} INFO - [2023-06-23T13:46:20.359+0000] {dag.py:3490} INFO - Setting next_dagrun for example_external_task_marker_parent to None, run_after=None
[2023-06-23T13:46:20.376+0000] {processor.py:179} INFO - Processing /home/airflow/.local/lib/python3.7/site-packages/airflow/example_dags/example_external_task_marker_dag.py took 0.083 seconds
[2023-06-23T13:46:50.677+0000] {processor.py:157} INFO - Started process (PID=1125) to work on /home/airflow/.local/lib/python3.7/site-packages/airflow/example_dags/example_external_task_marker_dag.py
[2023-06-23T13:46:50.678+0000] {processor.py:826} INFO - Processing file /home/airflow/.local/lib/python3.7/site-packages/airflow/example_dags/example_external_task_marker_dag.py for tasks to queue
[2023-06-23T13:46:50.679+0000] {logging_mixin.py:149} INFO - [2023-06-23T13:46:50.679+0000] {dagbag.py:541} INFO - Filling up the DagBag from /home/airflow/.local/lib/python3.7/site-packages/airflow/example_dags/example_external_task_marker_dag.py
[2023-06-23T13:46:50.684+0000] {processor.py:836} INFO - DAG(s) dict_keys(['example_external_task_marker_child', 'example_external_task_marker_parent']) retrieved from /home/airflow/.local/lib/python3.7/site-packages/airflow/example_dags/example_external_task_marker_dag.py
[2023-06-23T13:46:50.717+0000] {logging_mixin.py:149} INFO - [2023-06-23T13:46:50.717+0000] {dag.py:2726} INFO - Sync 2 DAGs
[2023-06-23T13:46:50.745+0000] {logging_mixin.py:149} INFO - [2023-06-23T13:46:50.745+0000] {dag.py:3490} INFO - Setting next_dagrun for example_external_task_marker_child to None, run_after=None
[2023-06-23T13:46:50.749+0000] {logging_mixin.py:149} INFO - [2023-06-23T13:46:50.749+0000] {dag.py:3490} INFO - Setting next_dagrun for example_external_task_marker_parent to None, run_after=None
[2023-06-23T13:46:50.768+0000] {processor.py:179} INFO - Processing /home/airflow/.local/lib/python3.7/site-packages/airflow/example_dags/example_external_task_marker_dag.py took 0.094 seconds
[2023-06-23T13:47:20.896+0000] {processor.py:157} INFO - Started process (PID=1191) to work on /home/airflow/.local/lib/python3.7/site-packages/airflow/example_dags/example_external_task_marker_dag.py
[2023-06-23T13:47:20.897+0000] {processor.py:826} INFO - Processing file /home/airflow/.local/lib/python3.7/site-packages/airflow/example_dags/example_external_task_marker_dag.py for tasks to queue
[2023-06-23T13:47:20.898+0000] {logging_mixin.py:149} INFO - [2023-06-23T13:47:20.898+0000] {dagbag.py:541} INFO - Filling up the DagBag from /home/airflow/.local/lib/python3.7/site-packages/airflow/example_dags/example_external_task_marker_dag.py
[2023-06-23T13:47:20.903+0000] {processor.py:836} INFO - DAG(s) dict_keys(['example_external_task_marker_parent', 'example_external_task_marker_child']) retrieved from /home/airflow/.local/lib/python3.7/site-packages/airflow/example_dags/example_external_task_marker_dag.py
[2023-06-23T13:47:20.927+0000] {logging_mixin.py:149} INFO - [2023-06-23T13:47:20.927+0000] {dag.py:2726} INFO - Sync 2 DAGs
[2023-06-23T13:47:20.950+0000] {logging_mixin.py:149} INFO - [2023-06-23T13:47:20.949+0000] {dag.py:3490} INFO - Setting next_dagrun for example_external_task_marker_child to None, run_after=None
[2023-06-23T13:47:20.953+0000] {logging_mixin.py:149} INFO - [2023-06-23T13:47:20.953+0000] {dag.py:3490} INFO - Setting next_dagrun for example_external_task_marker_parent to None, run_after=None
[2023-06-23T13:47:20.972+0000] {processor.py:179} INFO - Processing /home/airflow/.local/lib/python3.7/site-packages/airflow/example_dags/example_external_task_marker_dag.py took 0.079 seconds
[2023-06-23T13:47:51.461+0000] {processor.py:157} INFO - Started process (PID=1259) to work on /home/airflow/.local/lib/python3.7/site-packages/airflow/example_dags/example_external_task_marker_dag.py
[2023-06-23T13:47:51.462+0000] {processor.py:826} INFO - Processing file /home/airflow/.local/lib/python3.7/site-packages/airflow/example_dags/example_external_task_marker_dag.py for tasks to queue
[2023-06-23T13:47:51.462+0000] {logging_mixin.py:149} INFO - [2023-06-23T13:47:51.462+0000] {dagbag.py:541} INFO - Filling up the DagBag from /home/airflow/.local/lib/python3.7/site-packages/airflow/example_dags/example_external_task_marker_dag.py
[2023-06-23T13:47:51.468+0000] {processor.py:836} INFO - DAG(s) dict_keys(['example_external_task_marker_child', 'example_external_task_marker_parent']) retrieved from /home/airflow/.local/lib/python3.7/site-packages/airflow/example_dags/example_external_task_marker_dag.py
[2023-06-23T13:47:51.496+0000] {logging_mixin.py:149} INFO - [2023-06-23T13:47:51.495+0000] {dag.py:2726} INFO - Sync 2 DAGs
[2023-06-23T13:47:51.522+0000] {logging_mixin.py:149} INFO - [2023-06-23T13:47:51.521+0000] {dag.py:3490} INFO - Setting next_dagrun for example_external_task_marker_child to None, run_after=None
[2023-06-23T13:47:51.526+0000] {logging_mixin.py:149} INFO - [2023-06-23T13:47:51.526+0000] {dag.py:3490} INFO - Setting next_dagrun for example_external_task_marker_parent to None, run_after=None
[2023-06-23T13:47:51.546+0000] {processor.py:179} INFO - Processing /home/airflow/.local/lib/python3.7/site-packages/airflow/example_dags/example_external_task_marker_dag.py took 0.088 seconds
[2023-06-23T13:48:21.828+0000] {processor.py:157} INFO - Started process (PID=1325) to work on /home/airflow/.local/lib/python3.7/site-packages/airflow/example_dags/example_external_task_marker_dag.py
[2023-06-23T13:48:21.829+0000] {processor.py:826} INFO - Processing file /home/airflow/.local/lib/python3.7/site-packages/airflow/example_dags/example_external_task_marker_dag.py for tasks to queue
[2023-06-23T13:48:21.830+0000] {logging_mixin.py:149} INFO - [2023-06-23T13:48:21.830+0000] {dagbag.py:541} INFO - Filling up the DagBag from /home/airflow/.local/lib/python3.7/site-packages/airflow/example_dags/example_external_task_marker_dag.py
[2023-06-23T13:48:21.835+0000] {processor.py:836} INFO - DAG(s) dict_keys(['example_external_task_marker_child', 'example_external_task_marker_parent']) retrieved from /home/airflow/.local/lib/python3.7/site-packages/airflow/example_dags/example_external_task_marker_dag.py
[2023-06-23T13:48:21.861+0000] {logging_mixin.py:149} INFO - [2023-06-23T13:48:21.861+0000] {dag.py:2726} INFO - Sync 2 DAGs
[2023-06-23T13:48:21.886+0000] {logging_mixin.py:149} INFO - [2023-06-23T13:48:21.886+0000] {dag.py:3490} INFO - Setting next_dagrun for example_external_task_marker_child to None, run_after=None
[2023-06-23T13:48:21.890+0000] {logging_mixin.py:149} INFO - [2023-06-23T13:48:21.890+0000] {dag.py:3490} INFO - Setting next_dagrun for example_external_task_marker_parent to None, run_after=None
[2023-06-23T13:48:21.905+0000] {processor.py:179} INFO - Processing /home/airflow/.local/lib/python3.7/site-packages/airflow/example_dags/example_external_task_marker_dag.py took 0.080 seconds
[2023-06-23T13:48:52.458+0000] {processor.py:157} INFO - Started process (PID=1391) to work on /home/airflow/.local/lib/python3.7/site-packages/airflow/example_dags/example_external_task_marker_dag.py
[2023-06-23T13:48:52.459+0000] {processor.py:826} INFO - Processing file /home/airflow/.local/lib/python3.7/site-packages/airflow/example_dags/example_external_task_marker_dag.py for tasks to queue
[2023-06-23T13:48:52.460+0000] {logging_mixin.py:149} INFO - [2023-06-23T13:48:52.460+0000] {dagbag.py:541} INFO - Filling up the DagBag from /home/airflow/.local/lib/python3.7/site-packages/airflow/example_dags/example_external_task_marker_dag.py
[2023-06-23T13:48:52.465+0000] {processor.py:836} INFO - DAG(s) dict_keys(['example_external_task_marker_child', 'example_external_task_marker_parent']) retrieved from /home/airflow/.local/lib/python3.7/site-packages/airflow/example_dags/example_external_task_marker_dag.py
[2023-06-23T13:48:52.490+0000] {logging_mixin.py:149} INFO - [2023-06-23T13:48:52.489+0000] {dag.py:2726} INFO - Sync 2 DAGs
[2023-06-23T13:48:52.511+0000] {logging_mixin.py:149} INFO - [2023-06-23T13:48:52.511+0000] {dag.py:3490} INFO - Setting next_dagrun for example_external_task_marker_child to None, run_after=None
[2023-06-23T13:48:52.515+0000] {logging_mixin.py:149} INFO - [2023-06-23T13:48:52.515+0000] {dag.py:3490} INFO - Setting next_dagrun for example_external_task_marker_parent to None, run_after=None
[2023-06-23T13:48:52.531+0000] {processor.py:179} INFO - Processing /home/airflow/.local/lib/python3.7/site-packages/airflow/example_dags/example_external_task_marker_dag.py took 0.076 seconds
[2023-06-23T13:49:22.944+0000] {processor.py:157} INFO - Started process (PID=1457) to work on /home/airflow/.local/lib/python3.7/site-packages/airflow/example_dags/example_external_task_marker_dag.py
[2023-06-23T13:49:22.945+0000] {processor.py:826} INFO - Processing file /home/airflow/.local/lib/python3.7/site-packages/airflow/example_dags/example_external_task_marker_dag.py for tasks to queue
[2023-06-23T13:49:22.946+0000] {logging_mixin.py:149} INFO - [2023-06-23T13:49:22.946+0000] {dagbag.py:541} INFO - Filling up the DagBag from /home/airflow/.local/lib/python3.7/site-packages/airflow/example_dags/example_external_task_marker_dag.py
[2023-06-23T13:49:22.951+0000] {processor.py:836} INFO - DAG(s) dict_keys(['example_external_task_marker_child', 'example_external_task_marker_parent']) retrieved from /home/airflow/.local/lib/python3.7/site-packages/airflow/example_dags/example_external_task_marker_dag.py
[2023-06-23T13:49:22.975+0000] {logging_mixin.py:149} INFO - [2023-06-23T13:49:22.975+0000] {dag.py:2726} INFO - Sync 2 DAGs
[2023-06-23T13:49:23.000+0000] {logging_mixin.py:149} INFO - [2023-06-23T13:49:22.999+0000] {dag.py:3490} INFO - Setting next_dagrun for example_external_task_marker_child to None, run_after=None
[2023-06-23T13:49:23.003+0000] {logging_mixin.py:149} INFO - [2023-06-23T13:49:23.003+0000] {dag.py:3490} INFO - Setting next_dagrun for example_external_task_marker_parent to None, run_after=None
[2023-06-23T13:49:23.020+0000] {processor.py:179} INFO - Processing /home/airflow/.local/lib/python3.7/site-packages/airflow/example_dags/example_external_task_marker_dag.py took 0.079 seconds
[2023-06-23T13:49:53.191+0000] {processor.py:157} INFO - Started process (PID=1523) to work on /home/airflow/.local/lib/python3.7/site-packages/airflow/example_dags/example_external_task_marker_dag.py
[2023-06-23T13:49:53.192+0000] {processor.py:826} INFO - Processing file /home/airflow/.local/lib/python3.7/site-packages/airflow/example_dags/example_external_task_marker_dag.py for tasks to queue
[2023-06-23T13:49:53.193+0000] {logging_mixin.py:149} INFO - [2023-06-23T13:49:53.193+0000] {dagbag.py:541} INFO - Filling up the DagBag from /home/airflow/.local/lib/python3.7/site-packages/airflow/example_dags/example_external_task_marker_dag.py
[2023-06-23T13:49:53.199+0000] {processor.py:836} INFO - DAG(s) dict_keys(['example_external_task_marker_child', 'example_external_task_marker_parent']) retrieved from /home/airflow/.local/lib/python3.7/site-packages/airflow/example_dags/example_external_task_marker_dag.py
[2023-06-23T13:49:53.225+0000] {logging_mixin.py:149} INFO - [2023-06-23T13:49:53.225+0000] {dag.py:2726} INFO - Sync 2 DAGs
[2023-06-23T13:49:53.251+0000] {logging_mixin.py:149} INFO - [2023-06-23T13:49:53.250+0000] {dag.py:3490} INFO - Setting next_dagrun for example_external_task_marker_child to None, run_after=None
[2023-06-23T13:49:53.254+0000] {logging_mixin.py:149} INFO - [2023-06-23T13:49:53.254+0000] {dag.py:3490} INFO - Setting next_dagrun for example_external_task_marker_parent to None, run_after=None
[2023-06-23T13:49:53.273+0000] {processor.py:179} INFO - Processing /home/airflow/.local/lib/python3.7/site-packages/airflow/example_dags/example_external_task_marker_dag.py took 0.085 seconds
[2023-06-23T13:50:23.697+0000] {processor.py:157} INFO - Started process (PID=1590) to work on /home/airflow/.local/lib/python3.7/site-packages/airflow/example_dags/example_external_task_marker_dag.py
[2023-06-23T13:50:23.698+0000] {processor.py:826} INFO - Processing file /home/airflow/.local/lib/python3.7/site-packages/airflow/example_dags/example_external_task_marker_dag.py for tasks to queue
[2023-06-23T13:50:23.699+0000] {logging_mixin.py:149} INFO - [2023-06-23T13:50:23.699+0000] {dagbag.py:541} INFO - Filling up the DagBag from /home/airflow/.local/lib/python3.7/site-packages/airflow/example_dags/example_external_task_marker_dag.py
[2023-06-23T13:50:23.704+0000] {processor.py:836} INFO - DAG(s) dict_keys(['example_external_task_marker_parent', 'example_external_task_marker_child']) retrieved from /home/airflow/.local/lib/python3.7/site-packages/airflow/example_dags/example_external_task_marker_dag.py
[2023-06-23T13:50:23.728+0000] {logging_mixin.py:149} INFO - [2023-06-23T13:50:23.728+0000] {dag.py:2726} INFO - Sync 2 DAGs
[2023-06-23T13:50:23.751+0000] {logging_mixin.py:149} INFO - [2023-06-23T13:50:23.751+0000] {dag.py:3490} INFO - Setting next_dagrun for example_external_task_marker_child to None, run_after=None
[2023-06-23T13:50:23.754+0000] {logging_mixin.py:149} INFO - [2023-06-23T13:50:23.754+0000] {dag.py:3490} INFO - Setting next_dagrun for example_external_task_marker_parent to None, run_after=None
[2023-06-23T13:50:23.773+0000] {processor.py:179} INFO - Processing /home/airflow/.local/lib/python3.7/site-packages/airflow/example_dags/example_external_task_marker_dag.py took 0.078 seconds
[2023-06-23T13:50:54.037+0000] {processor.py:157} INFO - Started process (PID=1657) to work on /home/airflow/.local/lib/python3.7/site-packages/airflow/example_dags/example_external_task_marker_dag.py
[2023-06-23T13:50:54.038+0000] {processor.py:826} INFO - Processing file /home/airflow/.local/lib/python3.7/site-packages/airflow/example_dags/example_external_task_marker_dag.py for tasks to queue
[2023-06-23T13:50:54.039+0000] {logging_mixin.py:149} INFO - [2023-06-23T13:50:54.039+0000] {dagbag.py:541} INFO - Filling up the DagBag from /home/airflow/.local/lib/python3.7/site-packages/airflow/example_dags/example_external_task_marker_dag.py
[2023-06-23T13:50:54.044+0000] {processor.py:836} INFO - DAG(s) dict_keys(['example_external_task_marker_parent', 'example_external_task_marker_child']) retrieved from /home/airflow/.local/lib/python3.7/site-packages/airflow/example_dags/example_external_task_marker_dag.py
[2023-06-23T13:50:54.070+0000] {logging_mixin.py:149} INFO - [2023-06-23T13:50:54.070+0000] {dag.py:2726} INFO - Sync 2 DAGs
[2023-06-23T13:50:54.096+0000] {logging_mixin.py:149} INFO - [2023-06-23T13:50:54.096+0000] {dag.py:3490} INFO - Setting next_dagrun for example_external_task_marker_child to None, run_after=None
[2023-06-23T13:50:54.100+0000] {logging_mixin.py:149} INFO - [2023-06-23T13:50:54.100+0000] {dag.py:3490} INFO - Setting next_dagrun for example_external_task_marker_parent to None, run_after=None
[2023-06-23T13:50:54.118+0000] {processor.py:179} INFO - Processing /home/airflow/.local/lib/python3.7/site-packages/airflow/example_dags/example_external_task_marker_dag.py took 0.084 seconds
[2023-06-23T13:51:24.524+0000] {processor.py:157} INFO - Started process (PID=1723) to work on /home/airflow/.local/lib/python3.7/site-packages/airflow/example_dags/example_external_task_marker_dag.py
[2023-06-23T13:51:24.525+0000] {processor.py:826} INFO - Processing file /home/airflow/.local/lib/python3.7/site-packages/airflow/example_dags/example_external_task_marker_dag.py for tasks to queue
[2023-06-23T13:51:24.526+0000] {logging_mixin.py:149} INFO - [2023-06-23T13:51:24.526+0000] {dagbag.py:541} INFO - Filling up the DagBag from /home/airflow/.local/lib/python3.7/site-packages/airflow/example_dags/example_external_task_marker_dag.py
[2023-06-23T13:51:24.531+0000] {processor.py:836} INFO - DAG(s) dict_keys(['example_external_task_marker_parent', 'example_external_task_marker_child']) retrieved from /home/airflow/.local/lib/python3.7/site-packages/airflow/example_dags/example_external_task_marker_dag.py
[2023-06-23T13:51:24.556+0000] {logging_mixin.py:149} INFO - [2023-06-23T13:51:24.555+0000] {dag.py:2726} INFO - Sync 2 DAGs
[2023-06-23T13:51:24.579+0000] {logging_mixin.py:149} INFO - [2023-06-23T13:51:24.579+0000] {dag.py:3490} INFO - Setting next_dagrun for example_external_task_marker_child to None, run_after=None
[2023-06-23T13:51:24.583+0000] {logging_mixin.py:149} INFO - [2023-06-23T13:51:24.583+0000] {dag.py:3490} INFO - Setting next_dagrun for example_external_task_marker_parent to None, run_after=None
[2023-06-23T13:51:24.601+0000] {processor.py:179} INFO - Processing /home/airflow/.local/lib/python3.7/site-packages/airflow/example_dags/example_external_task_marker_dag.py took 0.079 seconds
[2023-06-23T13:51:54.824+0000] {processor.py:157} INFO - Started process (PID=1789) to work on /home/airflow/.local/lib/python3.7/site-packages/airflow/example_dags/example_external_task_marker_dag.py
[2023-06-23T13:51:54.825+0000] {processor.py:826} INFO - Processing file /home/airflow/.local/lib/python3.7/site-packages/airflow/example_dags/example_external_task_marker_dag.py for tasks to queue
[2023-06-23T13:51:54.826+0000] {logging_mixin.py:149} INFO - [2023-06-23T13:51:54.826+0000] {dagbag.py:541} INFO - Filling up the DagBag from /home/airflow/.local/lib/python3.7/site-packages/airflow/example_dags/example_external_task_marker_dag.py
[2023-06-23T13:51:54.832+0000] {processor.py:836} INFO - DAG(s) dict_keys(['example_external_task_marker_parent', 'example_external_task_marker_child']) retrieved from /home/airflow/.local/lib/python3.7/site-packages/airflow/example_dags/example_external_task_marker_dag.py
[2023-06-23T13:51:54.860+0000] {logging_mixin.py:149} INFO - [2023-06-23T13:51:54.860+0000] {dag.py:2726} INFO - Sync 2 DAGs
[2023-06-23T13:51:54.885+0000] {logging_mixin.py:149} INFO - [2023-06-23T13:51:54.885+0000] {dag.py:3490} INFO - Setting next_dagrun for example_external_task_marker_child to None, run_after=None
[2023-06-23T13:51:54.889+0000] {logging_mixin.py:149} INFO - [2023-06-23T13:51:54.889+0000] {dag.py:3490} INFO - Setting next_dagrun for example_external_task_marker_parent to None, run_after=None
[2023-06-23T13:51:54.909+0000] {processor.py:179} INFO - Processing /home/airflow/.local/lib/python3.7/site-packages/airflow/example_dags/example_external_task_marker_dag.py took 0.088 seconds
[2023-06-23T13:52:25.210+0000] {processor.py:157} INFO - Started process (PID=1855) to work on /home/airflow/.local/lib/python3.7/site-packages/airflow/example_dags/example_external_task_marker_dag.py
[2023-06-23T13:52:25.211+0000] {processor.py:826} INFO - Processing file /home/airflow/.local/lib/python3.7/site-packages/airflow/example_dags/example_external_task_marker_dag.py for tasks to queue
[2023-06-23T13:52:25.212+0000] {logging_mixin.py:149} INFO - [2023-06-23T13:52:25.212+0000] {dagbag.py:541} INFO - Filling up the DagBag from /home/airflow/.local/lib/python3.7/site-packages/airflow/example_dags/example_external_task_marker_dag.py
[2023-06-23T13:52:25.217+0000] {processor.py:836} INFO - DAG(s) dict_keys(['example_external_task_marker_parent', 'example_external_task_marker_child']) retrieved from /home/airflow/.local/lib/python3.7/site-packages/airflow/example_dags/example_external_task_marker_dag.py
[2023-06-23T13:52:25.241+0000] {logging_mixin.py:149} INFO - [2023-06-23T13:52:25.241+0000] {dag.py:2726} INFO - Sync 2 DAGs
[2023-06-23T13:52:25.265+0000] {logging_mixin.py:149} INFO - [2023-06-23T13:52:25.265+0000] {dag.py:3490} INFO - Setting next_dagrun for example_external_task_marker_child to None, run_after=None
[2023-06-23T13:52:25.269+0000] {logging_mixin.py:149} INFO - [2023-06-23T13:52:25.269+0000] {dag.py:3490} INFO - Setting next_dagrun for example_external_task_marker_parent to None, run_after=None
[2023-06-23T13:52:25.287+0000] {processor.py:179} INFO - Processing /home/airflow/.local/lib/python3.7/site-packages/airflow/example_dags/example_external_task_marker_dag.py took 0.080 seconds
[2023-06-23T13:52:55.474+0000] {processor.py:157} INFO - Started process (PID=1921) to work on /home/airflow/.local/lib/python3.7/site-packages/airflow/example_dags/example_external_task_marker_dag.py
[2023-06-23T13:52:55.476+0000] {processor.py:826} INFO - Processing file /home/airflow/.local/lib/python3.7/site-packages/airflow/example_dags/example_external_task_marker_dag.py for tasks to queue
[2023-06-23T13:52:55.476+0000] {logging_mixin.py:149} INFO - [2023-06-23T13:52:55.476+0000] {dagbag.py:541} INFO - Filling up the DagBag from /home/airflow/.local/lib/python3.7/site-packages/airflow/example_dags/example_external_task_marker_dag.py
[2023-06-23T13:52:55.482+0000] {processor.py:836} INFO - DAG(s) dict_keys(['example_external_task_marker_child', 'example_external_task_marker_parent']) retrieved from /home/airflow/.local/lib/python3.7/site-packages/airflow/example_dags/example_external_task_marker_dag.py
[2023-06-23T13:52:55.510+0000] {logging_mixin.py:149} INFO - [2023-06-23T13:52:55.510+0000] {dag.py:2726} INFO - Sync 2 DAGs
[2023-06-23T13:52:55.539+0000] {logging_mixin.py:149} INFO - [2023-06-23T13:52:55.539+0000] {dag.py:3490} INFO - Setting next_dagrun for example_external_task_marker_child to None, run_after=None
[2023-06-23T13:52:55.543+0000] {logging_mixin.py:149} INFO - [2023-06-23T13:52:55.543+0000] {dag.py:3490} INFO - Setting next_dagrun for example_external_task_marker_parent to None, run_after=None
[2023-06-23T13:52:55.562+0000] {processor.py:179} INFO - Processing /home/airflow/.local/lib/python3.7/site-packages/airflow/example_dags/example_external_task_marker_dag.py took 0.091 seconds
[2023-06-23T13:53:26.144+0000] {processor.py:157} INFO - Started process (PID=1987) to work on /home/airflow/.local/lib/python3.7/site-packages/airflow/example_dags/example_external_task_marker_dag.py
[2023-06-23T13:53:26.145+0000] {processor.py:826} INFO - Processing file /home/airflow/.local/lib/python3.7/site-packages/airflow/example_dags/example_external_task_marker_dag.py for tasks to queue
[2023-06-23T13:53:26.146+0000] {logging_mixin.py:149} INFO - [2023-06-23T13:53:26.146+0000] {dagbag.py:541} INFO - Filling up the DagBag from /home/airflow/.local/lib/python3.7/site-packages/airflow/example_dags/example_external_task_marker_dag.py
[2023-06-23T13:53:26.151+0000] {processor.py:836} INFO - DAG(s) dict_keys(['example_external_task_marker_child', 'example_external_task_marker_parent']) retrieved from /home/airflow/.local/lib/python3.7/site-packages/airflow/example_dags/example_external_task_marker_dag.py
[2023-06-23T13:53:26.176+0000] {logging_mixin.py:149} INFO - [2023-06-23T13:53:26.176+0000] {dag.py:2726} INFO - Sync 2 DAGs
[2023-06-23T13:53:26.200+0000] {logging_mixin.py:149} INFO - [2023-06-23T13:53:26.200+0000] {dag.py:3490} INFO - Setting next_dagrun for example_external_task_marker_child to None, run_after=None
[2023-06-23T13:53:26.204+0000] {logging_mixin.py:149} INFO - [2023-06-23T13:53:26.203+0000] {dag.py:3490} INFO - Setting next_dagrun for example_external_task_marker_parent to None, run_after=None
[2023-06-23T13:53:26.225+0000] {processor.py:179} INFO - Processing /home/airflow/.local/lib/python3.7/site-packages/airflow/example_dags/example_external_task_marker_dag.py took 0.084 seconds
[2023-06-23T13:53:56.774+0000] {processor.py:157} INFO - Started process (PID=2053) to work on /home/airflow/.local/lib/python3.7/site-packages/airflow/example_dags/example_external_task_marker_dag.py
[2023-06-23T13:53:56.775+0000] {processor.py:826} INFO - Processing file /home/airflow/.local/lib/python3.7/site-packages/airflow/example_dags/example_external_task_marker_dag.py for tasks to queue
[2023-06-23T13:53:56.776+0000] {logging_mixin.py:149} INFO - [2023-06-23T13:53:56.776+0000] {dagbag.py:541} INFO - Filling up the DagBag from /home/airflow/.local/lib/python3.7/site-packages/airflow/example_dags/example_external_task_marker_dag.py
[2023-06-23T13:53:56.782+0000] {processor.py:836} INFO - DAG(s) dict_keys(['example_external_task_marker_child', 'example_external_task_marker_parent']) retrieved from /home/airflow/.local/lib/python3.7/site-packages/airflow/example_dags/example_external_task_marker_dag.py
[2023-06-23T13:53:56.811+0000] {logging_mixin.py:149} INFO - [2023-06-23T13:53:56.811+0000] {dag.py:2726} INFO - Sync 2 DAGs
[2023-06-23T13:53:56.836+0000] {logging_mixin.py:149} INFO - [2023-06-23T13:53:56.836+0000] {dag.py:3490} INFO - Setting next_dagrun for example_external_task_marker_child to None, run_after=None
[2023-06-23T13:53:56.840+0000] {logging_mixin.py:149} INFO - [2023-06-23T13:53:56.840+0000] {dag.py:3490} INFO - Setting next_dagrun for example_external_task_marker_parent to None, run_after=None
[2023-06-23T13:53:56.860+0000] {processor.py:179} INFO - Processing /home/airflow/.local/lib/python3.7/site-packages/airflow/example_dags/example_external_task_marker_dag.py took 0.091 seconds
[2023-06-23T13:54:27.247+0000] {processor.py:157} INFO - Started process (PID=2119) to work on /home/airflow/.local/lib/python3.7/site-packages/airflow/example_dags/example_external_task_marker_dag.py
[2023-06-23T13:54:27.248+0000] {processor.py:826} INFO - Processing file /home/airflow/.local/lib/python3.7/site-packages/airflow/example_dags/example_external_task_marker_dag.py for tasks to queue
[2023-06-23T13:54:27.249+0000] {logging_mixin.py:149} INFO - [2023-06-23T13:54:27.249+0000] {dagbag.py:541} INFO - Filling up the DagBag from /home/airflow/.local/lib/python3.7/site-packages/airflow/example_dags/example_external_task_marker_dag.py
[2023-06-23T13:54:27.254+0000] {processor.py:836} INFO - DAG(s) dict_keys(['example_external_task_marker_child', 'example_external_task_marker_parent']) retrieved from /home/airflow/.local/lib/python3.7/site-packages/airflow/example_dags/example_external_task_marker_dag.py
[2023-06-23T13:54:27.278+0000] {logging_mixin.py:149} INFO - [2023-06-23T13:54:27.278+0000] {dag.py:2726} INFO - Sync 2 DAGs
[2023-06-23T13:54:27.304+0000] {logging_mixin.py:149} INFO - [2023-06-23T13:54:27.304+0000] {dag.py:3490} INFO - Setting next_dagrun for example_external_task_marker_child to None, run_after=None
[2023-06-23T13:54:27.307+0000] {logging_mixin.py:149} INFO - [2023-06-23T13:54:27.307+0000] {dag.py:3490} INFO - Setting next_dagrun for example_external_task_marker_parent to None, run_after=None
[2023-06-23T13:54:27.325+0000] {processor.py:179} INFO - Processing /home/airflow/.local/lib/python3.7/site-packages/airflow/example_dags/example_external_task_marker_dag.py took 0.080 seconds
[2023-06-23T13:54:57.550+0000] {processor.py:157} INFO - Started process (PID=2185) to work on /home/airflow/.local/lib/python3.7/site-packages/airflow/example_dags/example_external_task_marker_dag.py
[2023-06-23T13:54:57.551+0000] {processor.py:826} INFO - Processing file /home/airflow/.local/lib/python3.7/site-packages/airflow/example_dags/example_external_task_marker_dag.py for tasks to queue
[2023-06-23T13:54:57.552+0000] {logging_mixin.py:149} INFO - [2023-06-23T13:54:57.552+0000] {dagbag.py:541} INFO - Filling up the DagBag from /home/airflow/.local/lib/python3.7/site-packages/airflow/example_dags/example_external_task_marker_dag.py
[2023-06-23T13:54:57.557+0000] {processor.py:836} INFO - DAG(s) dict_keys(['example_external_task_marker_parent', 'example_external_task_marker_child']) retrieved from /home/airflow/.local/lib/python3.7/site-packages/airflow/example_dags/example_external_task_marker_dag.py
[2023-06-23T13:54:57.582+0000] {logging_mixin.py:149} INFO - [2023-06-23T13:54:57.581+0000] {dag.py:2726} INFO - Sync 2 DAGs
[2023-06-23T13:54:57.604+0000] {logging_mixin.py:149} INFO - [2023-06-23T13:54:57.604+0000] {dag.py:3490} INFO - Setting next_dagrun for example_external_task_marker_child to None, run_after=None
[2023-06-23T13:54:57.608+0000] {logging_mixin.py:149} INFO - [2023-06-23T13:54:57.608+0000] {dag.py:3490} INFO - Setting next_dagrun for example_external_task_marker_parent to None, run_after=None
[2023-06-23T13:54:57.624+0000] {processor.py:179} INFO - Processing /home/airflow/.local/lib/python3.7/site-packages/airflow/example_dags/example_external_task_marker_dag.py took 0.077 seconds
[2023-06-23T13:55:27.852+0000] {processor.py:157} INFO - Started process (PID=2251) to work on /home/airflow/.local/lib/python3.7/site-packages/airflow/example_dags/example_external_task_marker_dag.py
[2023-06-23T13:55:27.853+0000] {processor.py:826} INFO - Processing file /home/airflow/.local/lib/python3.7/site-packages/airflow/example_dags/example_external_task_marker_dag.py for tasks to queue
[2023-06-23T13:55:27.854+0000] {logging_mixin.py:149} INFO - [2023-06-23T13:55:27.854+0000] {dagbag.py:541} INFO - Filling up the DagBag from /home/airflow/.local/lib/python3.7/site-packages/airflow/example_dags/example_external_task_marker_dag.py
[2023-06-23T13:55:27.859+0000] {processor.py:836} INFO - DAG(s) dict_keys(['example_external_task_marker_parent', 'example_external_task_marker_child']) retrieved from /home/airflow/.local/lib/python3.7/site-packages/airflow/example_dags/example_external_task_marker_dag.py
[2023-06-23T13:55:27.883+0000] {logging_mixin.py:149} INFO - [2023-06-23T13:55:27.883+0000] {dag.py:2726} INFO - Sync 2 DAGs
[2023-06-23T13:55:27.906+0000] {logging_mixin.py:149} INFO - [2023-06-23T13:55:27.906+0000] {dag.py:3490} INFO - Setting next_dagrun for example_external_task_marker_child to None, run_after=None
[2023-06-23T13:55:27.910+0000] {logging_mixin.py:149} INFO - [2023-06-23T13:55:27.909+0000] {dag.py:3490} INFO - Setting next_dagrun for example_external_task_marker_parent to None, run_after=None
[2023-06-23T13:55:27.926+0000] {processor.py:179} INFO - Processing /home/airflow/.local/lib/python3.7/site-packages/airflow/example_dags/example_external_task_marker_dag.py took 0.077 seconds
[2023-06-23T13:55:58.185+0000] {processor.py:157} INFO - Started process (PID=2317) to work on /home/airflow/.local/lib/python3.7/site-packages/airflow/example_dags/example_external_task_marker_dag.py
[2023-06-23T13:55:58.186+0000] {processor.py:826} INFO - Processing file /home/airflow/.local/lib/python3.7/site-packages/airflow/example_dags/example_external_task_marker_dag.py for tasks to queue
[2023-06-23T13:55:58.187+0000] {logging_mixin.py:149} INFO - [2023-06-23T13:55:58.186+0000] {dagbag.py:541} INFO - Filling up the DagBag from /home/airflow/.local/lib/python3.7/site-packages/airflow/example_dags/example_external_task_marker_dag.py
[2023-06-23T13:55:58.195+0000] {processor.py:836} INFO - DAG(s) dict_keys(['example_external_task_marker_child', 'example_external_task_marker_parent']) retrieved from /home/airflow/.local/lib/python3.7/site-packages/airflow/example_dags/example_external_task_marker_dag.py
[2023-06-23T13:55:58.225+0000] {logging_mixin.py:149} INFO - [2023-06-23T13:55:58.225+0000] {dag.py:2726} INFO - Sync 2 DAGs
[2023-06-23T13:55:58.250+0000] {logging_mixin.py:149} INFO - [2023-06-23T13:55:58.250+0000] {dag.py:3490} INFO - Setting next_dagrun for example_external_task_marker_child to None, run_after=None
[2023-06-23T13:55:58.254+0000] {logging_mixin.py:149} INFO - [2023-06-23T13:55:58.253+0000] {dag.py:3490} INFO - Setting next_dagrun for example_external_task_marker_parent to None, run_after=None
[2023-06-23T13:55:58.269+0000] {processor.py:179} INFO - Processing /home/airflow/.local/lib/python3.7/site-packages/airflow/example_dags/example_external_task_marker_dag.py took 0.088 seconds
[2023-06-23T13:56:28.792+0000] {processor.py:157} INFO - Started process (PID=2383) to work on /home/airflow/.local/lib/python3.7/site-packages/airflow/example_dags/example_external_task_marker_dag.py
[2023-06-23T13:56:28.793+0000] {processor.py:826} INFO - Processing file /home/airflow/.local/lib/python3.7/site-packages/airflow/example_dags/example_external_task_marker_dag.py for tasks to queue
[2023-06-23T13:56:28.794+0000] {logging_mixin.py:149} INFO - [2023-06-23T13:56:28.794+0000] {dagbag.py:541} INFO - Filling up the DagBag from /home/airflow/.local/lib/python3.7/site-packages/airflow/example_dags/example_external_task_marker_dag.py
[2023-06-23T13:56:28.799+0000] {processor.py:836} INFO - DAG(s) dict_keys(['example_external_task_marker_child', 'example_external_task_marker_parent']) retrieved from /home/airflow/.local/lib/python3.7/site-packages/airflow/example_dags/example_external_task_marker_dag.py
[2023-06-23T13:56:28.823+0000] {logging_mixin.py:149} INFO - [2023-06-23T13:56:28.823+0000] {dag.py:2726} INFO - Sync 2 DAGs
[2023-06-23T13:56:28.846+0000] {logging_mixin.py:149} INFO - [2023-06-23T13:56:28.846+0000] {dag.py:3490} INFO - Setting next_dagrun for example_external_task_marker_child to None, run_after=None
[2023-06-23T13:56:28.849+0000] {logging_mixin.py:149} INFO - [2023-06-23T13:56:28.849+0000] {dag.py:3490} INFO - Setting next_dagrun for example_external_task_marker_parent to None, run_after=None
[2023-06-23T13:56:28.865+0000] {processor.py:179} INFO - Processing /home/airflow/.local/lib/python3.7/site-packages/airflow/example_dags/example_external_task_marker_dag.py took 0.076 seconds
[2023-06-23T13:56:59.084+0000] {processor.py:157} INFO - Started process (PID=2449) to work on /home/airflow/.local/lib/python3.7/site-packages/airflow/example_dags/example_external_task_marker_dag.py
[2023-06-23T13:56:59.085+0000] {processor.py:826} INFO - Processing file /home/airflow/.local/lib/python3.7/site-packages/airflow/example_dags/example_external_task_marker_dag.py for tasks to queue
[2023-06-23T13:56:59.086+0000] {logging_mixin.py:149} INFO - [2023-06-23T13:56:59.086+0000] {dagbag.py:541} INFO - Filling up the DagBag from /home/airflow/.local/lib/python3.7/site-packages/airflow/example_dags/example_external_task_marker_dag.py
[2023-06-23T13:56:59.091+0000] {processor.py:836} INFO - DAG(s) dict_keys(['example_external_task_marker_child', 'example_external_task_marker_parent']) retrieved from /home/airflow/.local/lib/python3.7/site-packages/airflow/example_dags/example_external_task_marker_dag.py
[2023-06-23T13:56:59.115+0000] {logging_mixin.py:149} INFO - [2023-06-23T13:56:59.115+0000] {dag.py:2726} INFO - Sync 2 DAGs
[2023-06-23T13:56:59.138+0000] {logging_mixin.py:149} INFO - [2023-06-23T13:56:59.138+0000] {dag.py:3490} INFO - Setting next_dagrun for example_external_task_marker_child to None, run_after=None
[2023-06-23T13:56:59.141+0000] {logging_mixin.py:149} INFO - [2023-06-23T13:56:59.141+0000] {dag.py:3490} INFO - Setting next_dagrun for example_external_task_marker_parent to None, run_after=None
[2023-06-23T13:56:59.158+0000] {processor.py:179} INFO - Processing /home/airflow/.local/lib/python3.7/site-packages/airflow/example_dags/example_external_task_marker_dag.py took 0.078 seconds
[2023-06-23T13:57:29.641+0000] {processor.py:157} INFO - Started process (PID=2515) to work on /home/airflow/.local/lib/python3.7/site-packages/airflow/example_dags/example_external_task_marker_dag.py
[2023-06-23T13:57:29.642+0000] {processor.py:826} INFO - Processing file /home/airflow/.local/lib/python3.7/site-packages/airflow/example_dags/example_external_task_marker_dag.py for tasks to queue
[2023-06-23T13:57:29.644+0000] {logging_mixin.py:149} INFO - [2023-06-23T13:57:29.644+0000] {dagbag.py:541} INFO - Filling up the DagBag from /home/airflow/.local/lib/python3.7/site-packages/airflow/example_dags/example_external_task_marker_dag.py
[2023-06-23T13:57:29.650+0000] {processor.py:836} INFO - DAG(s) dict_keys(['example_external_task_marker_parent', 'example_external_task_marker_child']) retrieved from /home/airflow/.local/lib/python3.7/site-packages/airflow/example_dags/example_external_task_marker_dag.py
[2023-06-23T13:57:29.677+0000] {logging_mixin.py:149} INFO - [2023-06-23T13:57:29.677+0000] {dag.py:2726} INFO - Sync 2 DAGs
[2023-06-23T13:57:29.705+0000] {logging_mixin.py:149} INFO - [2023-06-23T13:57:29.704+0000] {dag.py:3490} INFO - Setting next_dagrun for example_external_task_marker_child to None, run_after=None
[2023-06-23T13:57:29.709+0000] {logging_mixin.py:149} INFO - [2023-06-23T13:57:29.709+0000] {dag.py:3490} INFO - Setting next_dagrun for example_external_task_marker_parent to None, run_after=None
[2023-06-23T13:57:29.728+0000] {processor.py:179} INFO - Processing /home/airflow/.local/lib/python3.7/site-packages/airflow/example_dags/example_external_task_marker_dag.py took 0.090 seconds
[2023-06-23T13:57:59.847+0000] {processor.py:157} INFO - Started process (PID=2581) to work on /home/airflow/.local/lib/python3.7/site-packages/airflow/example_dags/example_external_task_marker_dag.py
[2023-06-23T13:57:59.849+0000] {processor.py:826} INFO - Processing file /home/airflow/.local/lib/python3.7/site-packages/airflow/example_dags/example_external_task_marker_dag.py for tasks to queue
[2023-06-23T13:57:59.850+0000] {logging_mixin.py:149} INFO - [2023-06-23T13:57:59.850+0000] {dagbag.py:541} INFO - Filling up the DagBag from /home/airflow/.local/lib/python3.7/site-packages/airflow/example_dags/example_external_task_marker_dag.py
[2023-06-23T13:57:59.855+0000] {processor.py:836} INFO - DAG(s) dict_keys(['example_external_task_marker_parent', 'example_external_task_marker_child']) retrieved from /home/airflow/.local/lib/python3.7/site-packages/airflow/example_dags/example_external_task_marker_dag.py
[2023-06-23T13:57:59.882+0000] {logging_mixin.py:149} INFO - [2023-06-23T13:57:59.882+0000] {dag.py:2726} INFO - Sync 2 DAGs
[2023-06-23T13:57:59.907+0000] {logging_mixin.py:149} INFO - [2023-06-23T13:57:59.906+0000] {dag.py:3490} INFO - Setting next_dagrun for example_external_task_marker_child to None, run_after=None
[2023-06-23T13:57:59.910+0000] {logging_mixin.py:149} INFO - [2023-06-23T13:57:59.910+0000] {dag.py:3490} INFO - Setting next_dagrun for example_external_task_marker_parent to None, run_after=None
[2023-06-23T13:57:59.937+0000] {processor.py:179} INFO - Processing /home/airflow/.local/lib/python3.7/site-packages/airflow/example_dags/example_external_task_marker_dag.py took 0.092 seconds
[2023-06-23T13:58:30.380+0000] {processor.py:157} INFO - Started process (PID=2647) to work on /home/airflow/.local/lib/python3.7/site-packages/airflow/example_dags/example_external_task_marker_dag.py
[2023-06-23T13:58:30.381+0000] {processor.py:826} INFO - Processing file /home/airflow/.local/lib/python3.7/site-packages/airflow/example_dags/example_external_task_marker_dag.py for tasks to queue
[2023-06-23T13:58:30.382+0000] {logging_mixin.py:149} INFO - [2023-06-23T13:58:30.382+0000] {dagbag.py:541} INFO - Filling up the DagBag from /home/airflow/.local/lib/python3.7/site-packages/airflow/example_dags/example_external_task_marker_dag.py
[2023-06-23T13:58:30.387+0000] {processor.py:836} INFO - DAG(s) dict_keys(['example_external_task_marker_child', 'example_external_task_marker_parent']) retrieved from /home/airflow/.local/lib/python3.7/site-packages/airflow/example_dags/example_external_task_marker_dag.py
[2023-06-23T13:58:30.413+0000] {logging_mixin.py:149} INFO - [2023-06-23T13:58:30.413+0000] {dag.py:2726} INFO - Sync 2 DAGs
[2023-06-23T13:58:30.438+0000] {logging_mixin.py:149} INFO - [2023-06-23T13:58:30.437+0000] {dag.py:3490} INFO - Setting next_dagrun for example_external_task_marker_child to None, run_after=None
[2023-06-23T13:58:30.442+0000] {logging_mixin.py:149} INFO - [2023-06-23T13:58:30.442+0000] {dag.py:3490} INFO - Setting next_dagrun for example_external_task_marker_parent to None, run_after=None
[2023-06-23T13:58:30.461+0000] {processor.py:179} INFO - Processing /home/airflow/.local/lib/python3.7/site-packages/airflow/example_dags/example_external_task_marker_dag.py took 0.084 seconds
[2023-06-23T13:59:00.721+0000] {processor.py:157} INFO - Started process (PID=2713) to work on /home/airflow/.local/lib/python3.7/site-packages/airflow/example_dags/example_external_task_marker_dag.py
[2023-06-23T13:59:00.723+0000] {processor.py:826} INFO - Processing file /home/airflow/.local/lib/python3.7/site-packages/airflow/example_dags/example_external_task_marker_dag.py for tasks to queue
[2023-06-23T13:59:00.723+0000] {logging_mixin.py:149} INFO - [2023-06-23T13:59:00.723+0000] {dagbag.py:541} INFO - Filling up the DagBag from /home/airflow/.local/lib/python3.7/site-packages/airflow/example_dags/example_external_task_marker_dag.py
[2023-06-23T13:59:00.728+0000] {processor.py:836} INFO - DAG(s) dict_keys(['example_external_task_marker_child', 'example_external_task_marker_parent']) retrieved from /home/airflow/.local/lib/python3.7/site-packages/airflow/example_dags/example_external_task_marker_dag.py
[2023-06-23T13:59:00.757+0000] {logging_mixin.py:149} INFO - [2023-06-23T13:59:00.757+0000] {dag.py:2726} INFO - Sync 2 DAGs
[2023-06-23T13:59:00.781+0000] {logging_mixin.py:149} INFO - [2023-06-23T13:59:00.781+0000] {dag.py:3490} INFO - Setting next_dagrun for example_external_task_marker_child to None, run_after=None
[2023-06-23T13:59:00.784+0000] {logging_mixin.py:149} INFO - [2023-06-23T13:59:00.784+0000] {dag.py:3490} INFO - Setting next_dagrun for example_external_task_marker_parent to None, run_after=None
[2023-06-23T13:59:00.804+0000] {processor.py:179} INFO - Processing /home/airflow/.local/lib/python3.7/site-packages/airflow/example_dags/example_external_task_marker_dag.py took 0.086 seconds
[2023-06-23T13:59:31.030+0000] {processor.py:157} INFO - Started process (PID=2779) to work on /home/airflow/.local/lib/python3.7/site-packages/airflow/example_dags/example_external_task_marker_dag.py
[2023-06-23T13:59:31.031+0000] {processor.py:826} INFO - Processing file /home/airflow/.local/lib/python3.7/site-packages/airflow/example_dags/example_external_task_marker_dag.py for tasks to queue
[2023-06-23T13:59:31.032+0000] {logging_mixin.py:149} INFO - [2023-06-23T13:59:31.032+0000] {dagbag.py:541} INFO - Filling up the DagBag from /home/airflow/.local/lib/python3.7/site-packages/airflow/example_dags/example_external_task_marker_dag.py
[2023-06-23T13:59:31.037+0000] {processor.py:836} INFO - DAG(s) dict_keys(['example_external_task_marker_parent', 'example_external_task_marker_child']) retrieved from /home/airflow/.local/lib/python3.7/site-packages/airflow/example_dags/example_external_task_marker_dag.py
[2023-06-23T13:59:31.062+0000] {logging_mixin.py:149} INFO - [2023-06-23T13:59:31.062+0000] {dag.py:2726} INFO - Sync 2 DAGs
[2023-06-23T13:59:31.085+0000] {logging_mixin.py:149} INFO - [2023-06-23T13:59:31.085+0000] {dag.py:3490} INFO - Setting next_dagrun for example_external_task_marker_child to None, run_after=None
[2023-06-23T13:59:31.089+0000] {logging_mixin.py:149} INFO - [2023-06-23T13:59:31.089+0000] {dag.py:3490} INFO - Setting next_dagrun for example_external_task_marker_parent to None, run_after=None
[2023-06-23T13:59:31.106+0000] {processor.py:179} INFO - Processing /home/airflow/.local/lib/python3.7/site-packages/airflow/example_dags/example_external_task_marker_dag.py took 0.079 seconds
[2023-06-23T14:00:01.200+0000] {processor.py:157} INFO - Started process (PID=2845) to work on /home/airflow/.local/lib/python3.7/site-packages/airflow/example_dags/example_external_task_marker_dag.py
[2023-06-23T14:00:01.201+0000] {processor.py:826} INFO - Processing file /home/airflow/.local/lib/python3.7/site-packages/airflow/example_dags/example_external_task_marker_dag.py for tasks to queue
[2023-06-23T14:00:01.202+0000] {logging_mixin.py:149} INFO - [2023-06-23T14:00:01.202+0000] {dagbag.py:541} INFO - Filling up the DagBag from /home/airflow/.local/lib/python3.7/site-packages/airflow/example_dags/example_external_task_marker_dag.py
[2023-06-23T14:00:01.207+0000] {processor.py:836} INFO - DAG(s) dict_keys(['example_external_task_marker_child', 'example_external_task_marker_parent']) retrieved from /home/airflow/.local/lib/python3.7/site-packages/airflow/example_dags/example_external_task_marker_dag.py
[2023-06-23T14:00:01.231+0000] {logging_mixin.py:149} INFO - [2023-06-23T14:00:01.231+0000] {dag.py:2726} INFO - Sync 2 DAGs
[2023-06-23T14:00:01.253+0000] {logging_mixin.py:149} INFO - [2023-06-23T14:00:01.253+0000] {dag.py:3490} INFO - Setting next_dagrun for example_external_task_marker_child to None, run_after=None
[2023-06-23T14:00:01.257+0000] {logging_mixin.py:149} INFO - [2023-06-23T14:00:01.256+0000] {dag.py:3490} INFO - Setting next_dagrun for example_external_task_marker_parent to None, run_after=None
[2023-06-23T14:00:01.275+0000] {processor.py:179} INFO - Processing /home/airflow/.local/lib/python3.7/site-packages/airflow/example_dags/example_external_task_marker_dag.py took 0.078 seconds
[2023-06-23T14:00:31.753+0000] {processor.py:157} INFO - Started process (PID=2911) to work on /home/airflow/.local/lib/python3.7/site-packages/airflow/example_dags/example_external_task_marker_dag.py
[2023-06-23T14:00:31.754+0000] {processor.py:826} INFO - Processing file /home/airflow/.local/lib/python3.7/site-packages/airflow/example_dags/example_external_task_marker_dag.py for tasks to queue
[2023-06-23T14:00:31.755+0000] {logging_mixin.py:149} INFO - [2023-06-23T14:00:31.755+0000] {dagbag.py:541} INFO - Filling up the DagBag from /home/airflow/.local/lib/python3.7/site-packages/airflow/example_dags/example_external_task_marker_dag.py
[2023-06-23T14:00:31.761+0000] {processor.py:836} INFO - DAG(s) dict_keys(['example_external_task_marker_parent', 'example_external_task_marker_child']) retrieved from /home/airflow/.local/lib/python3.7/site-packages/airflow/example_dags/example_external_task_marker_dag.py
[2023-06-23T14:00:31.786+0000] {logging_mixin.py:149} INFO - [2023-06-23T14:00:31.786+0000] {dag.py:2726} INFO - Sync 2 DAGs
[2023-06-23T14:00:31.810+0000] {logging_mixin.py:149} INFO - [2023-06-23T14:00:31.810+0000] {dag.py:3490} INFO - Setting next_dagrun for example_external_task_marker_child to None, run_after=None
[2023-06-23T14:00:31.813+0000] {logging_mixin.py:149} INFO - [2023-06-23T14:00:31.813+0000] {dag.py:3490} INFO - Setting next_dagrun for example_external_task_marker_parent to None, run_after=None
[2023-06-23T14:00:31.832+0000] {processor.py:179} INFO - Processing /home/airflow/.local/lib/python3.7/site-packages/airflow/example_dags/example_external_task_marker_dag.py took 0.081 seconds
[2023-06-23T14:01:01.957+0000] {processor.py:157} INFO - Started process (PID=2978) to work on /home/airflow/.local/lib/python3.7/site-packages/airflow/example_dags/example_external_task_marker_dag.py
[2023-06-23T14:01:01.958+0000] {processor.py:826} INFO - Processing file /home/airflow/.local/lib/python3.7/site-packages/airflow/example_dags/example_external_task_marker_dag.py for tasks to queue
[2023-06-23T14:01:01.960+0000] {logging_mixin.py:149} INFO - [2023-06-23T14:01:01.960+0000] {dagbag.py:541} INFO - Filling up the DagBag from /home/airflow/.local/lib/python3.7/site-packages/airflow/example_dags/example_external_task_marker_dag.py
[2023-06-23T14:01:01.965+0000] {processor.py:836} INFO - DAG(s) dict_keys(['example_external_task_marker_child', 'example_external_task_marker_parent']) retrieved from /home/airflow/.local/lib/python3.7/site-packages/airflow/example_dags/example_external_task_marker_dag.py
[2023-06-23T14:01:01.992+0000] {logging_mixin.py:149} INFO - [2023-06-23T14:01:01.992+0000] {dag.py:2726} INFO - Sync 2 DAGs
[2023-06-23T14:01:02.019+0000] {logging_mixin.py:149} INFO - [2023-06-23T14:01:02.019+0000] {dag.py:3490} INFO - Setting next_dagrun for example_external_task_marker_child to None, run_after=None
[2023-06-23T14:01:02.026+0000] {logging_mixin.py:149} INFO - [2023-06-23T14:01:02.026+0000] {dag.py:3490} INFO - Setting next_dagrun for example_external_task_marker_parent to None, run_after=None
[2023-06-23T14:01:02.047+0000] {processor.py:179} INFO - Processing /home/airflow/.local/lib/python3.7/site-packages/airflow/example_dags/example_external_task_marker_dag.py took 0.092 seconds
[2023-06-23T14:01:32.226+0000] {processor.py:157} INFO - Started process (PID=3044) to work on /home/airflow/.local/lib/python3.7/site-packages/airflow/example_dags/example_external_task_marker_dag.py
[2023-06-23T14:01:32.227+0000] {processor.py:826} INFO - Processing file /home/airflow/.local/lib/python3.7/site-packages/airflow/example_dags/example_external_task_marker_dag.py for tasks to queue
[2023-06-23T14:01:32.228+0000] {logging_mixin.py:149} INFO - [2023-06-23T14:01:32.227+0000] {dagbag.py:541} INFO - Filling up the DagBag from /home/airflow/.local/lib/python3.7/site-packages/airflow/example_dags/example_external_task_marker_dag.py
[2023-06-23T14:01:32.233+0000] {processor.py:836} INFO - DAG(s) dict_keys(['example_external_task_marker_child', 'example_external_task_marker_parent']) retrieved from /home/airflow/.local/lib/python3.7/site-packages/airflow/example_dags/example_external_task_marker_dag.py
[2023-06-23T14:01:32.258+0000] {logging_mixin.py:149} INFO - [2023-06-23T14:01:32.258+0000] {dag.py:2726} INFO - Sync 2 DAGs
[2023-06-23T14:01:32.280+0000] {logging_mixin.py:149} INFO - [2023-06-23T14:01:32.280+0000] {dag.py:3490} INFO - Setting next_dagrun for example_external_task_marker_child to None, run_after=None
[2023-06-23T14:01:32.284+0000] {logging_mixin.py:149} INFO - [2023-06-23T14:01:32.283+0000] {dag.py:3490} INFO - Setting next_dagrun for example_external_task_marker_parent to None, run_after=None
[2023-06-23T14:01:32.301+0000] {processor.py:179} INFO - Processing /home/airflow/.local/lib/python3.7/site-packages/airflow/example_dags/example_external_task_marker_dag.py took 0.078 seconds
[2023-06-23T14:02:02.637+0000] {processor.py:157} INFO - Started process (PID=3110) to work on /home/airflow/.local/lib/python3.7/site-packages/airflow/example_dags/example_external_task_marker_dag.py
[2023-06-23T14:02:02.638+0000] {processor.py:826} INFO - Processing file /home/airflow/.local/lib/python3.7/site-packages/airflow/example_dags/example_external_task_marker_dag.py for tasks to queue
[2023-06-23T14:02:02.639+0000] {logging_mixin.py:149} INFO - [2023-06-23T14:02:02.639+0000] {dagbag.py:541} INFO - Filling up the DagBag from /home/airflow/.local/lib/python3.7/site-packages/airflow/example_dags/example_external_task_marker_dag.py
[2023-06-23T14:02:02.645+0000] {processor.py:836} INFO - DAG(s) dict_keys(['example_external_task_marker_parent', 'example_external_task_marker_child']) retrieved from /home/airflow/.local/lib/python3.7/site-packages/airflow/example_dags/example_external_task_marker_dag.py
[2023-06-23T14:02:02.672+0000] {logging_mixin.py:149} INFO - [2023-06-23T14:02:02.672+0000] {dag.py:2726} INFO - Sync 2 DAGs
[2023-06-23T14:02:02.697+0000] {logging_mixin.py:149} INFO - [2023-06-23T14:02:02.696+0000] {dag.py:3490} INFO - Setting next_dagrun for example_external_task_marker_child to None, run_after=None
[2023-06-23T14:02:02.700+0000] {logging_mixin.py:149} INFO - [2023-06-23T14:02:02.700+0000] {dag.py:3490} INFO - Setting next_dagrun for example_external_task_marker_parent to None, run_after=None
[2023-06-23T14:02:02.719+0000] {processor.py:179} INFO - Processing /home/airflow/.local/lib/python3.7/site-packages/airflow/example_dags/example_external_task_marker_dag.py took 0.085 seconds
[2023-06-23T14:02:32.820+0000] {processor.py:157} INFO - Started process (PID=3176) to work on /home/airflow/.local/lib/python3.7/site-packages/airflow/example_dags/example_external_task_marker_dag.py
[2023-06-23T14:02:32.821+0000] {processor.py:826} INFO - Processing file /home/airflow/.local/lib/python3.7/site-packages/airflow/example_dags/example_external_task_marker_dag.py for tasks to queue
[2023-06-23T14:02:32.822+0000] {logging_mixin.py:149} INFO - [2023-06-23T14:02:32.822+0000] {dagbag.py:541} INFO - Filling up the DagBag from /home/airflow/.local/lib/python3.7/site-packages/airflow/example_dags/example_external_task_marker_dag.py
[2023-06-23T14:02:32.828+0000] {processor.py:836} INFO - DAG(s) dict_keys(['example_external_task_marker_child', 'example_external_task_marker_parent']) retrieved from /home/airflow/.local/lib/python3.7/site-packages/airflow/example_dags/example_external_task_marker_dag.py
[2023-06-23T14:02:32.854+0000] {logging_mixin.py:149} INFO - [2023-06-23T14:02:32.854+0000] {dag.py:2726} INFO - Sync 2 DAGs
[2023-06-23T14:02:32.876+0000] {logging_mixin.py:149} INFO - [2023-06-23T14:02:32.876+0000] {dag.py:3490} INFO - Setting next_dagrun for example_external_task_marker_child to None, run_after=None
[2023-06-23T14:02:32.879+0000] {logging_mixin.py:149} INFO - [2023-06-23T14:02:32.879+0000] {dag.py:3490} INFO - Setting next_dagrun for example_external_task_marker_parent to None, run_after=None
[2023-06-23T14:02:32.896+0000] {processor.py:179} INFO - Processing /home/airflow/.local/lib/python3.7/site-packages/airflow/example_dags/example_external_task_marker_dag.py took 0.079 seconds
[2023-06-23T14:03:03.156+0000] {processor.py:157} INFO - Started process (PID=3242) to work on /home/airflow/.local/lib/python3.7/site-packages/airflow/example_dags/example_external_task_marker_dag.py
[2023-06-23T14:03:03.157+0000] {processor.py:826} INFO - Processing file /home/airflow/.local/lib/python3.7/site-packages/airflow/example_dags/example_external_task_marker_dag.py for tasks to queue
[2023-06-23T14:03:03.158+0000] {logging_mixin.py:149} INFO - [2023-06-23T14:03:03.158+0000] {dagbag.py:541} INFO - Filling up the DagBag from /home/airflow/.local/lib/python3.7/site-packages/airflow/example_dags/example_external_task_marker_dag.py
[2023-06-23T14:03:03.163+0000] {processor.py:836} INFO - DAG(s) dict_keys(['example_external_task_marker_child', 'example_external_task_marker_parent']) retrieved from /home/airflow/.local/lib/python3.7/site-packages/airflow/example_dags/example_external_task_marker_dag.py
[2023-06-23T14:03:03.190+0000] {logging_mixin.py:149} INFO - [2023-06-23T14:03:03.190+0000] {dag.py:2726} INFO - Sync 2 DAGs
[2023-06-23T14:03:03.213+0000] {logging_mixin.py:149} INFO - [2023-06-23T14:03:03.213+0000] {dag.py:3490} INFO - Setting next_dagrun for example_external_task_marker_child to None, run_after=None
[2023-06-23T14:03:03.217+0000] {logging_mixin.py:149} INFO - [2023-06-23T14:03:03.217+0000] {dag.py:3490} INFO - Setting next_dagrun for example_external_task_marker_parent to None, run_after=None
[2023-06-23T14:03:03.233+0000] {processor.py:179} INFO - Processing /home/airflow/.local/lib/python3.7/site-packages/airflow/example_dags/example_external_task_marker_dag.py took 0.080 seconds
[2023-06-23T14:03:33.587+0000] {processor.py:157} INFO - Started process (PID=3308) to work on /home/airflow/.local/lib/python3.7/site-packages/airflow/example_dags/example_external_task_marker_dag.py
[2023-06-23T14:03:33.588+0000] {processor.py:826} INFO - Processing file /home/airflow/.local/lib/python3.7/site-packages/airflow/example_dags/example_external_task_marker_dag.py for tasks to queue
[2023-06-23T14:03:33.589+0000] {logging_mixin.py:149} INFO - [2023-06-23T14:03:33.589+0000] {dagbag.py:541} INFO - Filling up the DagBag from /home/airflow/.local/lib/python3.7/site-packages/airflow/example_dags/example_external_task_marker_dag.py
[2023-06-23T14:03:33.594+0000] {processor.py:836} INFO - DAG(s) dict_keys(['example_external_task_marker_parent', 'example_external_task_marker_child']) retrieved from /home/airflow/.local/lib/python3.7/site-packages/airflow/example_dags/example_external_task_marker_dag.py
[2023-06-23T14:03:33.618+0000] {logging_mixin.py:149} INFO - [2023-06-23T14:03:33.618+0000] {dag.py:2726} INFO - Sync 2 DAGs
[2023-06-23T14:03:33.640+0000] {logging_mixin.py:149} INFO - [2023-06-23T14:03:33.640+0000] {dag.py:3490} INFO - Setting next_dagrun for example_external_task_marker_child to None, run_after=None
[2023-06-23T14:03:33.644+0000] {logging_mixin.py:149} INFO - [2023-06-23T14:03:33.643+0000] {dag.py:3490} INFO - Setting next_dagrun for example_external_task_marker_parent to None, run_after=None
[2023-06-23T14:03:33.660+0000] {processor.py:179} INFO - Processing /home/airflow/.local/lib/python3.7/site-packages/airflow/example_dags/example_external_task_marker_dag.py took 0.076 seconds
