[2023-06-23T13:14:31.568+0000] {processor.py:157} INFO - Started process (PID=60) to work on /home/airflow/.local/lib/python3.7/site-packages/airflow/example_dags/example_sensors.py
[2023-06-23T13:14:31.570+0000] {processor.py:826} INFO - Processing file /home/airflow/.local/lib/python3.7/site-packages/airflow/example_dags/example_sensors.py for tasks to queue
[2023-06-23T13:14:31.571+0000] {logging_mixin.py:149} INFO - [2023-06-23T13:14:31.571+0000] {dagbag.py:541} INFO - Filling up the DagBag from /home/airflow/.local/lib/python3.7/site-packages/airflow/example_dags/example_sensors.py
[2023-06-23T13:14:31.584+0000] {processor.py:836} INFO - DAG(s) dict_keys(['example_sensors']) retrieved from /home/airflow/.local/lib/python3.7/site-packages/airflow/example_dags/example_sensors.py
[2023-06-23T13:14:31.599+0000] {logging_mixin.py:149} INFO - [2023-06-23T13:14:31.599+0000] {dag.py:2726} INFO - Sync 1 DAGs
[2023-06-23T13:14:31.630+0000] {logging_mixin.py:149} INFO - [2023-06-23T13:14:31.629+0000] {dag.py:3490} INFO - Setting next_dagrun for example_sensors to None, run_after=None
[2023-06-23T13:14:31.652+0000] {processor.py:179} INFO - Processing /home/airflow/.local/lib/python3.7/site-packages/airflow/example_dags/example_sensors.py took 0.090 seconds
[2023-06-23T13:15:02.038+0000] {processor.py:157} INFO - Started process (PID=126) to work on /home/airflow/.local/lib/python3.7/site-packages/airflow/example_dags/example_sensors.py
[2023-06-23T13:15:02.039+0000] {processor.py:826} INFO - Processing file /home/airflow/.local/lib/python3.7/site-packages/airflow/example_dags/example_sensors.py for tasks to queue
[2023-06-23T13:15:02.041+0000] {logging_mixin.py:149} INFO - [2023-06-23T13:15:02.041+0000] {dagbag.py:541} INFO - Filling up the DagBag from /home/airflow/.local/lib/python3.7/site-packages/airflow/example_dags/example_sensors.py
[2023-06-23T13:15:02.053+0000] {processor.py:836} INFO - DAG(s) dict_keys(['example_sensors']) retrieved from /home/airflow/.local/lib/python3.7/site-packages/airflow/example_dags/example_sensors.py
[2023-06-23T13:15:02.066+0000] {logging_mixin.py:149} INFO - [2023-06-23T13:15:02.066+0000] {dag.py:2726} INFO - Sync 1 DAGs
[2023-06-23T13:15:02.104+0000] {logging_mixin.py:149} INFO - [2023-06-23T13:15:02.104+0000] {dag.py:3490} INFO - Setting next_dagrun for example_sensors to None, run_after=None
[2023-06-23T13:15:02.127+0000] {processor.py:179} INFO - Processing /home/airflow/.local/lib/python3.7/site-packages/airflow/example_dags/example_sensors.py took 0.093 seconds
[2023-06-23T13:15:32.396+0000] {processor.py:157} INFO - Started process (PID=192) to work on /home/airflow/.local/lib/python3.7/site-packages/airflow/example_dags/example_sensors.py
[2023-06-23T13:15:32.397+0000] {processor.py:826} INFO - Processing file /home/airflow/.local/lib/python3.7/site-packages/airflow/example_dags/example_sensors.py for tasks to queue
[2023-06-23T13:15:32.398+0000] {logging_mixin.py:149} INFO - [2023-06-23T13:15:32.397+0000] {dagbag.py:541} INFO - Filling up the DagBag from /home/airflow/.local/lib/python3.7/site-packages/airflow/example_dags/example_sensors.py
[2023-06-23T13:15:32.406+0000] {processor.py:836} INFO - DAG(s) dict_keys(['example_sensors']) retrieved from /home/airflow/.local/lib/python3.7/site-packages/airflow/example_dags/example_sensors.py
[2023-06-23T13:15:32.434+0000] {logging_mixin.py:149} INFO - [2023-06-23T13:15:32.434+0000] {dag.py:2726} INFO - Sync 1 DAGs
[2023-06-23T13:15:32.459+0000] {logging_mixin.py:149} INFO - [2023-06-23T13:15:32.459+0000] {dag.py:3490} INFO - Setting next_dagrun for example_sensors to None, run_after=None
[2023-06-23T13:15:32.481+0000] {processor.py:179} INFO - Processing /home/airflow/.local/lib/python3.7/site-packages/airflow/example_dags/example_sensors.py took 0.088 seconds
[2023-06-23T13:16:02.687+0000] {processor.py:157} INFO - Started process (PID=258) to work on /home/airflow/.local/lib/python3.7/site-packages/airflow/example_dags/example_sensors.py
[2023-06-23T13:16:02.688+0000] {processor.py:826} INFO - Processing file /home/airflow/.local/lib/python3.7/site-packages/airflow/example_dags/example_sensors.py for tasks to queue
[2023-06-23T13:16:02.689+0000] {logging_mixin.py:149} INFO - [2023-06-23T13:16:02.689+0000] {dagbag.py:541} INFO - Filling up the DagBag from /home/airflow/.local/lib/python3.7/site-packages/airflow/example_dags/example_sensors.py
[2023-06-23T13:16:02.699+0000] {processor.py:836} INFO - DAG(s) dict_keys(['example_sensors']) retrieved from /home/airflow/.local/lib/python3.7/site-packages/airflow/example_dags/example_sensors.py
[2023-06-23T13:16:02.724+0000] {logging_mixin.py:149} INFO - [2023-06-23T13:16:02.724+0000] {dag.py:2726} INFO - Sync 1 DAGs
[2023-06-23T13:16:02.749+0000] {logging_mixin.py:149} INFO - [2023-06-23T13:16:02.749+0000] {dag.py:3490} INFO - Setting next_dagrun for example_sensors to None, run_after=None
[2023-06-23T13:16:02.768+0000] {processor.py:179} INFO - Processing /home/airflow/.local/lib/python3.7/site-packages/airflow/example_dags/example_sensors.py took 0.084 seconds
[2023-06-23T13:38:41.465+0000] {processor.py:157} INFO - Started process (PID=59) to work on /home/airflow/.local/lib/python3.7/site-packages/airflow/example_dags/example_sensors.py
[2023-06-23T13:38:41.467+0000] {processor.py:826} INFO - Processing file /home/airflow/.local/lib/python3.7/site-packages/airflow/example_dags/example_sensors.py for tasks to queue
[2023-06-23T13:38:41.469+0000] {logging_mixin.py:149} INFO - [2023-06-23T13:38:41.468+0000] {dagbag.py:541} INFO - Filling up the DagBag from /home/airflow/.local/lib/python3.7/site-packages/airflow/example_dags/example_sensors.py
[2023-06-23T13:38:41.489+0000] {processor.py:836} INFO - DAG(s) dict_keys(['example_sensors']) retrieved from /home/airflow/.local/lib/python3.7/site-packages/airflow/example_dags/example_sensors.py
[2023-06-23T13:38:41.507+0000] {logging_mixin.py:149} INFO - [2023-06-23T13:38:41.507+0000] {dag.py:2726} INFO - Sync 1 DAGs
[2023-06-23T13:38:41.544+0000] {logging_mixin.py:149} INFO - [2023-06-23T13:38:41.543+0000] {dag.py:3490} INFO - Setting next_dagrun for example_sensors to None, run_after=None
[2023-06-23T13:38:41.575+0000] {processor.py:179} INFO - Processing /home/airflow/.local/lib/python3.7/site-packages/airflow/example_dags/example_sensors.py took 0.117 seconds
[2023-06-23T13:39:12.453+0000] {processor.py:157} INFO - Started process (PID=125) to work on /home/airflow/.local/lib/python3.7/site-packages/airflow/example_dags/example_sensors.py
[2023-06-23T13:39:12.454+0000] {processor.py:826} INFO - Processing file /home/airflow/.local/lib/python3.7/site-packages/airflow/example_dags/example_sensors.py for tasks to queue
[2023-06-23T13:39:12.455+0000] {logging_mixin.py:149} INFO - [2023-06-23T13:39:12.455+0000] {dagbag.py:541} INFO - Filling up the DagBag from /home/airflow/.local/lib/python3.7/site-packages/airflow/example_dags/example_sensors.py
[2023-06-23T13:39:12.464+0000] {processor.py:836} INFO - DAG(s) dict_keys(['example_sensors']) retrieved from /home/airflow/.local/lib/python3.7/site-packages/airflow/example_dags/example_sensors.py
[2023-06-23T13:39:12.491+0000] {logging_mixin.py:149} INFO - [2023-06-23T13:39:12.491+0000] {dag.py:2726} INFO - Sync 1 DAGs
[2023-06-23T13:39:12.512+0000] {logging_mixin.py:149} INFO - [2023-06-23T13:39:12.512+0000] {dag.py:3490} INFO - Setting next_dagrun for example_sensors to None, run_after=None
[2023-06-23T13:39:12.545+0000] {processor.py:179} INFO - Processing /home/airflow/.local/lib/python3.7/site-packages/airflow/example_dags/example_sensors.py took 0.095 seconds
[2023-06-23T13:39:42.836+0000] {processor.py:157} INFO - Started process (PID=191) to work on /home/airflow/.local/lib/python3.7/site-packages/airflow/example_dags/example_sensors.py
[2023-06-23T13:39:42.837+0000] {processor.py:826} INFO - Processing file /home/airflow/.local/lib/python3.7/site-packages/airflow/example_dags/example_sensors.py for tasks to queue
[2023-06-23T13:39:42.838+0000] {logging_mixin.py:149} INFO - [2023-06-23T13:39:42.838+0000] {dagbag.py:541} INFO - Filling up the DagBag from /home/airflow/.local/lib/python3.7/site-packages/airflow/example_dags/example_sensors.py
[2023-06-23T13:39:42.847+0000] {processor.py:836} INFO - DAG(s) dict_keys(['example_sensors']) retrieved from /home/airflow/.local/lib/python3.7/site-packages/airflow/example_dags/example_sensors.py
[2023-06-23T13:39:42.873+0000] {logging_mixin.py:149} INFO - [2023-06-23T13:39:42.873+0000] {dag.py:2726} INFO - Sync 1 DAGs
[2023-06-23T13:39:42.896+0000] {logging_mixin.py:149} INFO - [2023-06-23T13:39:42.896+0000] {dag.py:3490} INFO - Setting next_dagrun for example_sensors to None, run_after=None
[2023-06-23T13:39:42.918+0000] {processor.py:179} INFO - Processing /home/airflow/.local/lib/python3.7/site-packages/airflow/example_dags/example_sensors.py took 0.084 seconds
[2023-06-23T13:40:13.768+0000] {processor.py:157} INFO - Started process (PID=257) to work on /home/airflow/.local/lib/python3.7/site-packages/airflow/example_dags/example_sensors.py
[2023-06-23T13:40:13.769+0000] {processor.py:826} INFO - Processing file /home/airflow/.local/lib/python3.7/site-packages/airflow/example_dags/example_sensors.py for tasks to queue
[2023-06-23T13:40:13.770+0000] {logging_mixin.py:149} INFO - [2023-06-23T13:40:13.770+0000] {dagbag.py:541} INFO - Filling up the DagBag from /home/airflow/.local/lib/python3.7/site-packages/airflow/example_dags/example_sensors.py
[2023-06-23T13:40:13.779+0000] {processor.py:836} INFO - DAG(s) dict_keys(['example_sensors']) retrieved from /home/airflow/.local/lib/python3.7/site-packages/airflow/example_dags/example_sensors.py
[2023-06-23T13:40:13.809+0000] {logging_mixin.py:149} INFO - [2023-06-23T13:40:13.809+0000] {dag.py:2726} INFO - Sync 1 DAGs
[2023-06-23T13:40:13.833+0000] {logging_mixin.py:149} INFO - [2023-06-23T13:40:13.833+0000] {dag.py:3490} INFO - Setting next_dagrun for example_sensors to None, run_after=None
[2023-06-23T13:40:13.852+0000] {processor.py:179} INFO - Processing /home/airflow/.local/lib/python3.7/site-packages/airflow/example_dags/example_sensors.py took 0.086 seconds
[2023-06-23T13:40:43.907+0000] {processor.py:157} INFO - Started process (PID=323) to work on /home/airflow/.local/lib/python3.7/site-packages/airflow/example_dags/example_sensors.py
[2023-06-23T13:40:43.909+0000] {processor.py:826} INFO - Processing file /home/airflow/.local/lib/python3.7/site-packages/airflow/example_dags/example_sensors.py for tasks to queue
[2023-06-23T13:40:43.910+0000] {logging_mixin.py:149} INFO - [2023-06-23T13:40:43.910+0000] {dagbag.py:541} INFO - Filling up the DagBag from /home/airflow/.local/lib/python3.7/site-packages/airflow/example_dags/example_sensors.py
[2023-06-23T13:40:43.919+0000] {processor.py:836} INFO - DAG(s) dict_keys(['example_sensors']) retrieved from /home/airflow/.local/lib/python3.7/site-packages/airflow/example_dags/example_sensors.py
[2023-06-23T13:40:43.946+0000] {logging_mixin.py:149} INFO - [2023-06-23T13:40:43.946+0000] {dag.py:2726} INFO - Sync 1 DAGs
[2023-06-23T13:40:43.967+0000] {logging_mixin.py:149} INFO - [2023-06-23T13:40:43.967+0000] {dag.py:3490} INFO - Setting next_dagrun for example_sensors to None, run_after=None
[2023-06-23T13:40:43.989+0000] {processor.py:179} INFO - Processing /home/airflow/.local/lib/python3.7/site-packages/airflow/example_dags/example_sensors.py took 0.085 seconds
[2023-06-23T13:41:14.534+0000] {processor.py:157} INFO - Started process (PID=389) to work on /home/airflow/.local/lib/python3.7/site-packages/airflow/example_dags/example_sensors.py
[2023-06-23T13:41:14.535+0000] {processor.py:826} INFO - Processing file /home/airflow/.local/lib/python3.7/site-packages/airflow/example_dags/example_sensors.py for tasks to queue
[2023-06-23T13:41:14.536+0000] {logging_mixin.py:149} INFO - [2023-06-23T13:41:14.536+0000] {dagbag.py:541} INFO - Filling up the DagBag from /home/airflow/.local/lib/python3.7/site-packages/airflow/example_dags/example_sensors.py
[2023-06-23T13:41:14.545+0000] {processor.py:836} INFO - DAG(s) dict_keys(['example_sensors']) retrieved from /home/airflow/.local/lib/python3.7/site-packages/airflow/example_dags/example_sensors.py
[2023-06-23T13:41:14.571+0000] {logging_mixin.py:149} INFO - [2023-06-23T13:41:14.570+0000] {dag.py:2726} INFO - Sync 1 DAGs
[2023-06-23T13:41:14.593+0000] {logging_mixin.py:149} INFO - [2023-06-23T13:41:14.593+0000] {dag.py:3490} INFO - Setting next_dagrun for example_sensors to None, run_after=None
[2023-06-23T13:41:14.613+0000] {processor.py:179} INFO - Processing /home/airflow/.local/lib/python3.7/site-packages/airflow/example_dags/example_sensors.py took 0.081 seconds
[2023-06-23T13:41:45.226+0000] {processor.py:157} INFO - Started process (PID=455) to work on /home/airflow/.local/lib/python3.7/site-packages/airflow/example_dags/example_sensors.py
[2023-06-23T13:41:45.227+0000] {processor.py:826} INFO - Processing file /home/airflow/.local/lib/python3.7/site-packages/airflow/example_dags/example_sensors.py for tasks to queue
[2023-06-23T13:41:45.228+0000] {logging_mixin.py:149} INFO - [2023-06-23T13:41:45.227+0000] {dagbag.py:541} INFO - Filling up the DagBag from /home/airflow/.local/lib/python3.7/site-packages/airflow/example_dags/example_sensors.py
[2023-06-23T13:41:45.238+0000] {processor.py:836} INFO - DAG(s) dict_keys(['example_sensors']) retrieved from /home/airflow/.local/lib/python3.7/site-packages/airflow/example_dags/example_sensors.py
[2023-06-23T13:41:45.267+0000] {logging_mixin.py:149} INFO - [2023-06-23T13:41:45.266+0000] {dag.py:2726} INFO - Sync 1 DAGs
[2023-06-23T13:41:45.295+0000] {logging_mixin.py:149} INFO - [2023-06-23T13:41:45.295+0000] {dag.py:3490} INFO - Setting next_dagrun for example_sensors to None, run_after=None
[2023-06-23T13:41:45.315+0000] {processor.py:179} INFO - Processing /home/airflow/.local/lib/python3.7/site-packages/airflow/example_dags/example_sensors.py took 0.093 seconds
[2023-06-23T13:42:15.512+0000] {processor.py:157} INFO - Started process (PID=521) to work on /home/airflow/.local/lib/python3.7/site-packages/airflow/example_dags/example_sensors.py
[2023-06-23T13:42:15.513+0000] {processor.py:826} INFO - Processing file /home/airflow/.local/lib/python3.7/site-packages/airflow/example_dags/example_sensors.py for tasks to queue
[2023-06-23T13:42:15.515+0000] {logging_mixin.py:149} INFO - [2023-06-23T13:42:15.514+0000] {dagbag.py:541} INFO - Filling up the DagBag from /home/airflow/.local/lib/python3.7/site-packages/airflow/example_dags/example_sensors.py
[2023-06-23T13:42:15.529+0000] {processor.py:836} INFO - DAG(s) dict_keys(['example_sensors']) retrieved from /home/airflow/.local/lib/python3.7/site-packages/airflow/example_dags/example_sensors.py
[2023-06-23T13:42:15.559+0000] {logging_mixin.py:149} INFO - [2023-06-23T13:42:15.559+0000] {dag.py:2726} INFO - Sync 1 DAGs
[2023-06-23T13:42:15.586+0000] {logging_mixin.py:149} INFO - [2023-06-23T13:42:15.585+0000] {dag.py:3490} INFO - Setting next_dagrun for example_sensors to None, run_after=None
[2023-06-23T13:42:15.611+0000] {processor.py:179} INFO - Processing /home/airflow/.local/lib/python3.7/site-packages/airflow/example_dags/example_sensors.py took 0.103 seconds
[2023-06-23T13:42:46.100+0000] {processor.py:157} INFO - Started process (PID=587) to work on /home/airflow/.local/lib/python3.7/site-packages/airflow/example_dags/example_sensors.py
[2023-06-23T13:42:46.101+0000] {processor.py:826} INFO - Processing file /home/airflow/.local/lib/python3.7/site-packages/airflow/example_dags/example_sensors.py for tasks to queue
[2023-06-23T13:42:46.102+0000] {logging_mixin.py:149} INFO - [2023-06-23T13:42:46.102+0000] {dagbag.py:541} INFO - Filling up the DagBag from /home/airflow/.local/lib/python3.7/site-packages/airflow/example_dags/example_sensors.py
[2023-06-23T13:42:46.113+0000] {processor.py:836} INFO - DAG(s) dict_keys(['example_sensors']) retrieved from /home/airflow/.local/lib/python3.7/site-packages/airflow/example_dags/example_sensors.py
[2023-06-23T13:42:46.142+0000] {logging_mixin.py:149} INFO - [2023-06-23T13:42:46.142+0000] {dag.py:2726} INFO - Sync 1 DAGs
[2023-06-23T13:42:46.166+0000] {logging_mixin.py:149} INFO - [2023-06-23T13:42:46.165+0000] {dag.py:3490} INFO - Setting next_dagrun for example_sensors to None, run_after=None
[2023-06-23T13:42:46.187+0000] {processor.py:179} INFO - Processing /home/airflow/.local/lib/python3.7/site-packages/airflow/example_dags/example_sensors.py took 0.090 seconds
[2023-06-23T13:43:16.233+0000] {processor.py:157} INFO - Started process (PID=652) to work on /home/airflow/.local/lib/python3.7/site-packages/airflow/example_dags/example_sensors.py
[2023-06-23T13:43:16.234+0000] {processor.py:826} INFO - Processing file /home/airflow/.local/lib/python3.7/site-packages/airflow/example_dags/example_sensors.py for tasks to queue
[2023-06-23T13:43:16.234+0000] {logging_mixin.py:149} INFO - [2023-06-23T13:43:16.234+0000] {dagbag.py:541} INFO - Filling up the DagBag from /home/airflow/.local/lib/python3.7/site-packages/airflow/example_dags/example_sensors.py
[2023-06-23T13:43:16.243+0000] {processor.py:836} INFO - DAG(s) dict_keys(['example_sensors']) retrieved from /home/airflow/.local/lib/python3.7/site-packages/airflow/example_dags/example_sensors.py
[2023-06-23T13:43:16.268+0000] {logging_mixin.py:149} INFO - [2023-06-23T13:43:16.268+0000] {dag.py:2726} INFO - Sync 1 DAGs
[2023-06-23T13:43:16.292+0000] {logging_mixin.py:149} INFO - [2023-06-23T13:43:16.292+0000] {dag.py:3490} INFO - Setting next_dagrun for example_sensors to None, run_after=None
[2023-06-23T13:43:16.312+0000] {processor.py:179} INFO - Processing /home/airflow/.local/lib/python3.7/site-packages/airflow/example_dags/example_sensors.py took 0.083 seconds
[2023-06-23T13:43:46.827+0000] {processor.py:157} INFO - Started process (PID=719) to work on /home/airflow/.local/lib/python3.7/site-packages/airflow/example_dags/example_sensors.py
[2023-06-23T13:43:46.828+0000] {processor.py:826} INFO - Processing file /home/airflow/.local/lib/python3.7/site-packages/airflow/example_dags/example_sensors.py for tasks to queue
[2023-06-23T13:43:46.829+0000] {logging_mixin.py:149} INFO - [2023-06-23T13:43:46.829+0000] {dagbag.py:541} INFO - Filling up the DagBag from /home/airflow/.local/lib/python3.7/site-packages/airflow/example_dags/example_sensors.py
[2023-06-23T13:43:46.838+0000] {processor.py:836} INFO - DAG(s) dict_keys(['example_sensors']) retrieved from /home/airflow/.local/lib/python3.7/site-packages/airflow/example_dags/example_sensors.py
[2023-06-23T13:43:46.864+0000] {logging_mixin.py:149} INFO - [2023-06-23T13:43:46.864+0000] {dag.py:2726} INFO - Sync 1 DAGs
[2023-06-23T13:43:46.886+0000] {logging_mixin.py:149} INFO - [2023-06-23T13:43:46.886+0000] {dag.py:3490} INFO - Setting next_dagrun for example_sensors to None, run_after=None
[2023-06-23T13:43:46.906+0000] {processor.py:179} INFO - Processing /home/airflow/.local/lib/python3.7/site-packages/airflow/example_dags/example_sensors.py took 0.081 seconds
[2023-06-23T13:44:17.243+0000] {processor.py:157} INFO - Started process (PID=785) to work on /home/airflow/.local/lib/python3.7/site-packages/airflow/example_dags/example_sensors.py
[2023-06-23T13:44:17.244+0000] {processor.py:826} INFO - Processing file /home/airflow/.local/lib/python3.7/site-packages/airflow/example_dags/example_sensors.py for tasks to queue
[2023-06-23T13:44:17.245+0000] {logging_mixin.py:149} INFO - [2023-06-23T13:44:17.245+0000] {dagbag.py:541} INFO - Filling up the DagBag from /home/airflow/.local/lib/python3.7/site-packages/airflow/example_dags/example_sensors.py
[2023-06-23T13:44:17.255+0000] {processor.py:836} INFO - DAG(s) dict_keys(['example_sensors']) retrieved from /home/airflow/.local/lib/python3.7/site-packages/airflow/example_dags/example_sensors.py
[2023-06-23T13:44:17.284+0000] {logging_mixin.py:149} INFO - [2023-06-23T13:44:17.284+0000] {dag.py:2726} INFO - Sync 1 DAGs
[2023-06-23T13:44:17.312+0000] {logging_mixin.py:149} INFO - [2023-06-23T13:44:17.312+0000] {dag.py:3490} INFO - Setting next_dagrun for example_sensors to None, run_after=None
[2023-06-23T13:44:17.339+0000] {processor.py:179} INFO - Processing /home/airflow/.local/lib/python3.7/site-packages/airflow/example_dags/example_sensors.py took 0.099 seconds
[2023-06-23T13:44:47.824+0000] {processor.py:157} INFO - Started process (PID=851) to work on /home/airflow/.local/lib/python3.7/site-packages/airflow/example_dags/example_sensors.py
[2023-06-23T13:44:47.825+0000] {processor.py:826} INFO - Processing file /home/airflow/.local/lib/python3.7/site-packages/airflow/example_dags/example_sensors.py for tasks to queue
[2023-06-23T13:44:47.826+0000] {logging_mixin.py:149} INFO - [2023-06-23T13:44:47.826+0000] {dagbag.py:541} INFO - Filling up the DagBag from /home/airflow/.local/lib/python3.7/site-packages/airflow/example_dags/example_sensors.py
[2023-06-23T13:44:47.835+0000] {processor.py:836} INFO - DAG(s) dict_keys(['example_sensors']) retrieved from /home/airflow/.local/lib/python3.7/site-packages/airflow/example_dags/example_sensors.py
[2023-06-23T13:44:47.862+0000] {logging_mixin.py:149} INFO - [2023-06-23T13:44:47.862+0000] {dag.py:2726} INFO - Sync 1 DAGs
[2023-06-23T13:44:47.886+0000] {logging_mixin.py:149} INFO - [2023-06-23T13:44:47.886+0000] {dag.py:3490} INFO - Setting next_dagrun for example_sensors to None, run_after=None
[2023-06-23T13:44:47.906+0000] {processor.py:179} INFO - Processing /home/airflow/.local/lib/python3.7/site-packages/airflow/example_dags/example_sensors.py took 0.085 seconds
[2023-06-23T13:45:18.073+0000] {processor.py:157} INFO - Started process (PID=917) to work on /home/airflow/.local/lib/python3.7/site-packages/airflow/example_dags/example_sensors.py
[2023-06-23T13:45:18.074+0000] {processor.py:826} INFO - Processing file /home/airflow/.local/lib/python3.7/site-packages/airflow/example_dags/example_sensors.py for tasks to queue
[2023-06-23T13:45:18.076+0000] {logging_mixin.py:149} INFO - [2023-06-23T13:45:18.075+0000] {dagbag.py:541} INFO - Filling up the DagBag from /home/airflow/.local/lib/python3.7/site-packages/airflow/example_dags/example_sensors.py
[2023-06-23T13:45:18.085+0000] {processor.py:836} INFO - DAG(s) dict_keys(['example_sensors']) retrieved from /home/airflow/.local/lib/python3.7/site-packages/airflow/example_dags/example_sensors.py
[2023-06-23T13:45:18.115+0000] {logging_mixin.py:149} INFO - [2023-06-23T13:45:18.115+0000] {dag.py:2726} INFO - Sync 1 DAGs
[2023-06-23T13:45:18.141+0000] {logging_mixin.py:149} INFO - [2023-06-23T13:45:18.141+0000] {dag.py:3490} INFO - Setting next_dagrun for example_sensors to None, run_after=None
[2023-06-23T13:45:18.164+0000] {processor.py:179} INFO - Processing /home/airflow/.local/lib/python3.7/site-packages/airflow/example_dags/example_sensors.py took 0.094 seconds
[2023-06-23T13:45:48.332+0000] {processor.py:157} INFO - Started process (PID=983) to work on /home/airflow/.local/lib/python3.7/site-packages/airflow/example_dags/example_sensors.py
[2023-06-23T13:45:48.333+0000] {processor.py:826} INFO - Processing file /home/airflow/.local/lib/python3.7/site-packages/airflow/example_dags/example_sensors.py for tasks to queue
[2023-06-23T13:45:48.334+0000] {logging_mixin.py:149} INFO - [2023-06-23T13:45:48.333+0000] {dagbag.py:541} INFO - Filling up the DagBag from /home/airflow/.local/lib/python3.7/site-packages/airflow/example_dags/example_sensors.py
[2023-06-23T13:45:48.343+0000] {processor.py:836} INFO - DAG(s) dict_keys(['example_sensors']) retrieved from /home/airflow/.local/lib/python3.7/site-packages/airflow/example_dags/example_sensors.py
[2023-06-23T13:45:48.369+0000] {logging_mixin.py:149} INFO - [2023-06-23T13:45:48.369+0000] {dag.py:2726} INFO - Sync 1 DAGs
[2023-06-23T13:45:48.393+0000] {logging_mixin.py:149} INFO - [2023-06-23T13:45:48.393+0000] {dag.py:3490} INFO - Setting next_dagrun for example_sensors to None, run_after=None
[2023-06-23T13:45:48.413+0000] {processor.py:179} INFO - Processing /home/airflow/.local/lib/python3.7/site-packages/airflow/example_dags/example_sensors.py took 0.084 seconds
[2023-06-23T13:46:18.591+0000] {processor.py:157} INFO - Started process (PID=1049) to work on /home/airflow/.local/lib/python3.7/site-packages/airflow/example_dags/example_sensors.py
[2023-06-23T13:46:18.592+0000] {processor.py:826} INFO - Processing file /home/airflow/.local/lib/python3.7/site-packages/airflow/example_dags/example_sensors.py for tasks to queue
[2023-06-23T13:46:18.593+0000] {logging_mixin.py:149} INFO - [2023-06-23T13:46:18.593+0000] {dagbag.py:541} INFO - Filling up the DagBag from /home/airflow/.local/lib/python3.7/site-packages/airflow/example_dags/example_sensors.py
[2023-06-23T13:46:18.603+0000] {processor.py:836} INFO - DAG(s) dict_keys(['example_sensors']) retrieved from /home/airflow/.local/lib/python3.7/site-packages/airflow/example_dags/example_sensors.py
[2023-06-23T13:46:18.630+0000] {logging_mixin.py:149} INFO - [2023-06-23T13:46:18.630+0000] {dag.py:2726} INFO - Sync 1 DAGs
[2023-06-23T13:46:18.658+0000] {logging_mixin.py:149} INFO - [2023-06-23T13:46:18.657+0000] {dag.py:3490} INFO - Setting next_dagrun for example_sensors to None, run_after=None
[2023-06-23T13:46:18.682+0000] {processor.py:179} INFO - Processing /home/airflow/.local/lib/python3.7/site-packages/airflow/example_dags/example_sensors.py took 0.093 seconds
[2023-06-23T13:46:48.987+0000] {processor.py:157} INFO - Started process (PID=1115) to work on /home/airflow/.local/lib/python3.7/site-packages/airflow/example_dags/example_sensors.py
[2023-06-23T13:46:48.988+0000] {processor.py:826} INFO - Processing file /home/airflow/.local/lib/python3.7/site-packages/airflow/example_dags/example_sensors.py for tasks to queue
[2023-06-23T13:46:48.989+0000] {logging_mixin.py:149} INFO - [2023-06-23T13:46:48.989+0000] {dagbag.py:541} INFO - Filling up the DagBag from /home/airflow/.local/lib/python3.7/site-packages/airflow/example_dags/example_sensors.py
[2023-06-23T13:46:48.998+0000] {processor.py:836} INFO - DAG(s) dict_keys(['example_sensors']) retrieved from /home/airflow/.local/lib/python3.7/site-packages/airflow/example_dags/example_sensors.py
[2023-06-23T13:46:49.023+0000] {logging_mixin.py:149} INFO - [2023-06-23T13:46:49.023+0000] {dag.py:2726} INFO - Sync 1 DAGs
[2023-06-23T13:46:49.046+0000] {logging_mixin.py:149} INFO - [2023-06-23T13:46:49.046+0000] {dag.py:3490} INFO - Setting next_dagrun for example_sensors to None, run_after=None
[2023-06-23T13:46:49.066+0000] {processor.py:179} INFO - Processing /home/airflow/.local/lib/python3.7/site-packages/airflow/example_dags/example_sensors.py took 0.081 seconds
[2023-06-23T13:47:19.232+0000] {processor.py:157} INFO - Started process (PID=1181) to work on /home/airflow/.local/lib/python3.7/site-packages/airflow/example_dags/example_sensors.py
[2023-06-23T13:47:19.233+0000] {processor.py:826} INFO - Processing file /home/airflow/.local/lib/python3.7/site-packages/airflow/example_dags/example_sensors.py for tasks to queue
[2023-06-23T13:47:19.234+0000] {logging_mixin.py:149} INFO - [2023-06-23T13:47:19.233+0000] {dagbag.py:541} INFO - Filling up the DagBag from /home/airflow/.local/lib/python3.7/site-packages/airflow/example_dags/example_sensors.py
[2023-06-23T13:47:19.242+0000] {processor.py:836} INFO - DAG(s) dict_keys(['example_sensors']) retrieved from /home/airflow/.local/lib/python3.7/site-packages/airflow/example_dags/example_sensors.py
[2023-06-23T13:47:19.268+0000] {logging_mixin.py:149} INFO - [2023-06-23T13:47:19.267+0000] {dag.py:2726} INFO - Sync 1 DAGs
[2023-06-23T13:47:19.290+0000] {logging_mixin.py:149} INFO - [2023-06-23T13:47:19.290+0000] {dag.py:3490} INFO - Setting next_dagrun for example_sensors to None, run_after=None
[2023-06-23T13:47:19.310+0000] {processor.py:179} INFO - Processing /home/airflow/.local/lib/python3.7/site-packages/airflow/example_dags/example_sensors.py took 0.081 seconds
[2023-06-23T13:47:49.639+0000] {processor.py:157} INFO - Started process (PID=1248) to work on /home/airflow/.local/lib/python3.7/site-packages/airflow/example_dags/example_sensors.py
[2023-06-23T13:47:49.640+0000] {processor.py:826} INFO - Processing file /home/airflow/.local/lib/python3.7/site-packages/airflow/example_dags/example_sensors.py for tasks to queue
[2023-06-23T13:47:49.641+0000] {logging_mixin.py:149} INFO - [2023-06-23T13:47:49.641+0000] {dagbag.py:541} INFO - Filling up the DagBag from /home/airflow/.local/lib/python3.7/site-packages/airflow/example_dags/example_sensors.py
[2023-06-23T13:47:49.650+0000] {processor.py:836} INFO - DAG(s) dict_keys(['example_sensors']) retrieved from /home/airflow/.local/lib/python3.7/site-packages/airflow/example_dags/example_sensors.py
[2023-06-23T13:47:49.675+0000] {logging_mixin.py:149} INFO - [2023-06-23T13:47:49.675+0000] {dag.py:2726} INFO - Sync 1 DAGs
[2023-06-23T13:47:49.697+0000] {logging_mixin.py:149} INFO - [2023-06-23T13:47:49.697+0000] {dag.py:3490} INFO - Setting next_dagrun for example_sensors to None, run_after=None
[2023-06-23T13:47:49.717+0000] {processor.py:179} INFO - Processing /home/airflow/.local/lib/python3.7/site-packages/airflow/example_dags/example_sensors.py took 0.081 seconds
[2023-06-23T13:48:19.979+0000] {processor.py:157} INFO - Started process (PID=1314) to work on /home/airflow/.local/lib/python3.7/site-packages/airflow/example_dags/example_sensors.py
[2023-06-23T13:48:19.980+0000] {processor.py:826} INFO - Processing file /home/airflow/.local/lib/python3.7/site-packages/airflow/example_dags/example_sensors.py for tasks to queue
[2023-06-23T13:48:19.981+0000] {logging_mixin.py:149} INFO - [2023-06-23T13:48:19.981+0000] {dagbag.py:541} INFO - Filling up the DagBag from /home/airflow/.local/lib/python3.7/site-packages/airflow/example_dags/example_sensors.py
[2023-06-23T13:48:19.989+0000] {processor.py:836} INFO - DAG(s) dict_keys(['example_sensors']) retrieved from /home/airflow/.local/lib/python3.7/site-packages/airflow/example_dags/example_sensors.py
[2023-06-23T13:48:20.016+0000] {logging_mixin.py:149} INFO - [2023-06-23T13:48:20.015+0000] {dag.py:2726} INFO - Sync 1 DAGs
[2023-06-23T13:48:20.038+0000] {logging_mixin.py:149} INFO - [2023-06-23T13:48:20.038+0000] {dag.py:3490} INFO - Setting next_dagrun for example_sensors to None, run_after=None
[2023-06-23T13:48:20.063+0000] {processor.py:179} INFO - Processing /home/airflow/.local/lib/python3.7/site-packages/airflow/example_dags/example_sensors.py took 0.087 seconds
[2023-06-23T13:48:50.674+0000] {processor.py:157} INFO - Started process (PID=1380) to work on /home/airflow/.local/lib/python3.7/site-packages/airflow/example_dags/example_sensors.py
[2023-06-23T13:48:50.675+0000] {processor.py:826} INFO - Processing file /home/airflow/.local/lib/python3.7/site-packages/airflow/example_dags/example_sensors.py for tasks to queue
[2023-06-23T13:48:50.676+0000] {logging_mixin.py:149} INFO - [2023-06-23T13:48:50.676+0000] {dagbag.py:541} INFO - Filling up the DagBag from /home/airflow/.local/lib/python3.7/site-packages/airflow/example_dags/example_sensors.py
[2023-06-23T13:48:50.685+0000] {processor.py:836} INFO - DAG(s) dict_keys(['example_sensors']) retrieved from /home/airflow/.local/lib/python3.7/site-packages/airflow/example_dags/example_sensors.py
[2023-06-23T13:48:50.713+0000] {logging_mixin.py:149} INFO - [2023-06-23T13:48:50.712+0000] {dag.py:2726} INFO - Sync 1 DAGs
[2023-06-23T13:48:50.736+0000] {logging_mixin.py:149} INFO - [2023-06-23T13:48:50.736+0000] {dag.py:3490} INFO - Setting next_dagrun for example_sensors to None, run_after=None
[2023-06-23T13:48:50.757+0000] {processor.py:179} INFO - Processing /home/airflow/.local/lib/python3.7/site-packages/airflow/example_dags/example_sensors.py took 0.087 seconds
[2023-06-23T13:49:21.139+0000] {processor.py:157} INFO - Started process (PID=1446) to work on /home/airflow/.local/lib/python3.7/site-packages/airflow/example_dags/example_sensors.py
[2023-06-23T13:49:21.140+0000] {processor.py:826} INFO - Processing file /home/airflow/.local/lib/python3.7/site-packages/airflow/example_dags/example_sensors.py for tasks to queue
[2023-06-23T13:49:21.141+0000] {logging_mixin.py:149} INFO - [2023-06-23T13:49:21.141+0000] {dagbag.py:541} INFO - Filling up the DagBag from /home/airflow/.local/lib/python3.7/site-packages/airflow/example_dags/example_sensors.py
[2023-06-23T13:49:21.150+0000] {processor.py:836} INFO - DAG(s) dict_keys(['example_sensors']) retrieved from /home/airflow/.local/lib/python3.7/site-packages/airflow/example_dags/example_sensors.py
[2023-06-23T13:49:21.179+0000] {logging_mixin.py:149} INFO - [2023-06-23T13:49:21.179+0000] {dag.py:2726} INFO - Sync 1 DAGs
[2023-06-23T13:49:21.203+0000] {logging_mixin.py:149} INFO - [2023-06-23T13:49:21.203+0000] {dag.py:3490} INFO - Setting next_dagrun for example_sensors to None, run_after=None
[2023-06-23T13:49:21.224+0000] {processor.py:179} INFO - Processing /home/airflow/.local/lib/python3.7/site-packages/airflow/example_dags/example_sensors.py took 0.088 seconds
[2023-06-23T13:49:51.354+0000] {processor.py:157} INFO - Started process (PID=1512) to work on /home/airflow/.local/lib/python3.7/site-packages/airflow/example_dags/example_sensors.py
[2023-06-23T13:49:51.355+0000] {processor.py:826} INFO - Processing file /home/airflow/.local/lib/python3.7/site-packages/airflow/example_dags/example_sensors.py for tasks to queue
[2023-06-23T13:49:51.356+0000] {logging_mixin.py:149} INFO - [2023-06-23T13:49:51.356+0000] {dagbag.py:541} INFO - Filling up the DagBag from /home/airflow/.local/lib/python3.7/site-packages/airflow/example_dags/example_sensors.py
[2023-06-23T13:49:51.365+0000] {processor.py:836} INFO - DAG(s) dict_keys(['example_sensors']) retrieved from /home/airflow/.local/lib/python3.7/site-packages/airflow/example_dags/example_sensors.py
[2023-06-23T13:49:51.392+0000] {logging_mixin.py:149} INFO - [2023-06-23T13:49:51.391+0000] {dag.py:2726} INFO - Sync 1 DAGs
[2023-06-23T13:49:51.414+0000] {logging_mixin.py:149} INFO - [2023-06-23T13:49:51.414+0000] {dag.py:3490} INFO - Setting next_dagrun for example_sensors to None, run_after=None
[2023-06-23T13:49:51.434+0000] {processor.py:179} INFO - Processing /home/airflow/.local/lib/python3.7/site-packages/airflow/example_dags/example_sensors.py took 0.082 seconds
[2023-06-23T13:50:21.791+0000] {processor.py:157} INFO - Started process (PID=1579) to work on /home/airflow/.local/lib/python3.7/site-packages/airflow/example_dags/example_sensors.py
[2023-06-23T13:50:21.792+0000] {processor.py:826} INFO - Processing file /home/airflow/.local/lib/python3.7/site-packages/airflow/example_dags/example_sensors.py for tasks to queue
[2023-06-23T13:50:21.793+0000] {logging_mixin.py:149} INFO - [2023-06-23T13:50:21.793+0000] {dagbag.py:541} INFO - Filling up the DagBag from /home/airflow/.local/lib/python3.7/site-packages/airflow/example_dags/example_sensors.py
[2023-06-23T13:50:21.804+0000] {processor.py:836} INFO - DAG(s) dict_keys(['example_sensors']) retrieved from /home/airflow/.local/lib/python3.7/site-packages/airflow/example_dags/example_sensors.py
[2023-06-23T13:50:21.830+0000] {logging_mixin.py:149} INFO - [2023-06-23T13:50:21.830+0000] {dag.py:2726} INFO - Sync 1 DAGs
[2023-06-23T13:50:21.853+0000] {logging_mixin.py:149} INFO - [2023-06-23T13:50:21.853+0000] {dag.py:3490} INFO - Setting next_dagrun for example_sensors to None, run_after=None
[2023-06-23T13:50:21.876+0000] {processor.py:179} INFO - Processing /home/airflow/.local/lib/python3.7/site-packages/airflow/example_dags/example_sensors.py took 0.088 seconds
[2023-06-23T13:50:52.122+0000] {processor.py:157} INFO - Started process (PID=1646) to work on /home/airflow/.local/lib/python3.7/site-packages/airflow/example_dags/example_sensors.py
[2023-06-23T13:50:52.123+0000] {processor.py:826} INFO - Processing file /home/airflow/.local/lib/python3.7/site-packages/airflow/example_dags/example_sensors.py for tasks to queue
[2023-06-23T13:50:52.124+0000] {logging_mixin.py:149} INFO - [2023-06-23T13:50:52.124+0000] {dagbag.py:541} INFO - Filling up the DagBag from /home/airflow/.local/lib/python3.7/site-packages/airflow/example_dags/example_sensors.py
[2023-06-23T13:50:52.133+0000] {processor.py:836} INFO - DAG(s) dict_keys(['example_sensors']) retrieved from /home/airflow/.local/lib/python3.7/site-packages/airflow/example_dags/example_sensors.py
[2023-06-23T13:50:52.159+0000] {logging_mixin.py:149} INFO - [2023-06-23T13:50:52.159+0000] {dag.py:2726} INFO - Sync 1 DAGs
[2023-06-23T13:50:52.183+0000] {logging_mixin.py:149} INFO - [2023-06-23T13:50:52.183+0000] {dag.py:3490} INFO - Setting next_dagrun for example_sensors to None, run_after=None
[2023-06-23T13:50:52.203+0000] {processor.py:179} INFO - Processing /home/airflow/.local/lib/python3.7/site-packages/airflow/example_dags/example_sensors.py took 0.085 seconds
[2023-06-23T13:51:22.749+0000] {processor.py:157} INFO - Started process (PID=1712) to work on /home/airflow/.local/lib/python3.7/site-packages/airflow/example_dags/example_sensors.py
[2023-06-23T13:51:22.750+0000] {processor.py:826} INFO - Processing file /home/airflow/.local/lib/python3.7/site-packages/airflow/example_dags/example_sensors.py for tasks to queue
[2023-06-23T13:51:22.751+0000] {logging_mixin.py:149} INFO - [2023-06-23T13:51:22.751+0000] {dagbag.py:541} INFO - Filling up the DagBag from /home/airflow/.local/lib/python3.7/site-packages/airflow/example_dags/example_sensors.py
[2023-06-23T13:51:22.760+0000] {processor.py:836} INFO - DAG(s) dict_keys(['example_sensors']) retrieved from /home/airflow/.local/lib/python3.7/site-packages/airflow/example_dags/example_sensors.py
[2023-06-23T13:51:22.787+0000] {logging_mixin.py:149} INFO - [2023-06-23T13:51:22.786+0000] {dag.py:2726} INFO - Sync 1 DAGs
[2023-06-23T13:51:22.810+0000] {logging_mixin.py:149} INFO - [2023-06-23T13:51:22.810+0000] {dag.py:3490} INFO - Setting next_dagrun for example_sensors to None, run_after=None
[2023-06-23T13:51:22.828+0000] {processor.py:179} INFO - Processing /home/airflow/.local/lib/python3.7/site-packages/airflow/example_dags/example_sensors.py took 0.082 seconds
[2023-06-23T13:51:52.987+0000] {processor.py:157} INFO - Started process (PID=1778) to work on /home/airflow/.local/lib/python3.7/site-packages/airflow/example_dags/example_sensors.py
[2023-06-23T13:51:52.988+0000] {processor.py:826} INFO - Processing file /home/airflow/.local/lib/python3.7/site-packages/airflow/example_dags/example_sensors.py for tasks to queue
[2023-06-23T13:51:52.989+0000] {logging_mixin.py:149} INFO - [2023-06-23T13:51:52.989+0000] {dagbag.py:541} INFO - Filling up the DagBag from /home/airflow/.local/lib/python3.7/site-packages/airflow/example_dags/example_sensors.py
[2023-06-23T13:51:52.998+0000] {processor.py:836} INFO - DAG(s) dict_keys(['example_sensors']) retrieved from /home/airflow/.local/lib/python3.7/site-packages/airflow/example_dags/example_sensors.py
[2023-06-23T13:51:53.024+0000] {logging_mixin.py:149} INFO - [2023-06-23T13:51:53.024+0000] {dag.py:2726} INFO - Sync 1 DAGs
[2023-06-23T13:51:53.047+0000] {logging_mixin.py:149} INFO - [2023-06-23T13:51:53.047+0000] {dag.py:3490} INFO - Setting next_dagrun for example_sensors to None, run_after=None
[2023-06-23T13:51:53.067+0000] {processor.py:179} INFO - Processing /home/airflow/.local/lib/python3.7/site-packages/airflow/example_dags/example_sensors.py took 0.083 seconds
[2023-06-23T13:52:23.346+0000] {processor.py:157} INFO - Started process (PID=1844) to work on /home/airflow/.local/lib/python3.7/site-packages/airflow/example_dags/example_sensors.py
[2023-06-23T13:52:23.347+0000] {processor.py:826} INFO - Processing file /home/airflow/.local/lib/python3.7/site-packages/airflow/example_dags/example_sensors.py for tasks to queue
[2023-06-23T13:52:23.348+0000] {logging_mixin.py:149} INFO - [2023-06-23T13:52:23.348+0000] {dagbag.py:541} INFO - Filling up the DagBag from /home/airflow/.local/lib/python3.7/site-packages/airflow/example_dags/example_sensors.py
[2023-06-23T13:52:23.359+0000] {processor.py:836} INFO - DAG(s) dict_keys(['example_sensors']) retrieved from /home/airflow/.local/lib/python3.7/site-packages/airflow/example_dags/example_sensors.py
[2023-06-23T13:52:23.393+0000] {logging_mixin.py:149} INFO - [2023-06-23T13:52:23.393+0000] {dag.py:2726} INFO - Sync 1 DAGs
[2023-06-23T13:52:23.420+0000] {logging_mixin.py:149} INFO - [2023-06-23T13:52:23.420+0000] {dag.py:3490} INFO - Setting next_dagrun for example_sensors to None, run_after=None
[2023-06-23T13:52:23.442+0000] {processor.py:179} INFO - Processing /home/airflow/.local/lib/python3.7/site-packages/airflow/example_dags/example_sensors.py took 0.100 seconds
[2023-06-23T13:52:53.586+0000] {processor.py:157} INFO - Started process (PID=1910) to work on /home/airflow/.local/lib/python3.7/site-packages/airflow/example_dags/example_sensors.py
[2023-06-23T13:52:53.587+0000] {processor.py:826} INFO - Processing file /home/airflow/.local/lib/python3.7/site-packages/airflow/example_dags/example_sensors.py for tasks to queue
[2023-06-23T13:52:53.588+0000] {logging_mixin.py:149} INFO - [2023-06-23T13:52:53.588+0000] {dagbag.py:541} INFO - Filling up the DagBag from /home/airflow/.local/lib/python3.7/site-packages/airflow/example_dags/example_sensors.py
[2023-06-23T13:52:53.597+0000] {processor.py:836} INFO - DAG(s) dict_keys(['example_sensors']) retrieved from /home/airflow/.local/lib/python3.7/site-packages/airflow/example_dags/example_sensors.py
[2023-06-23T13:52:53.622+0000] {logging_mixin.py:149} INFO - [2023-06-23T13:52:53.622+0000] {dag.py:2726} INFO - Sync 1 DAGs
[2023-06-23T13:52:53.648+0000] {logging_mixin.py:149} INFO - [2023-06-23T13:52:53.648+0000] {dag.py:3490} INFO - Setting next_dagrun for example_sensors to None, run_after=None
[2023-06-23T13:52:53.669+0000] {processor.py:179} INFO - Processing /home/airflow/.local/lib/python3.7/site-packages/airflow/example_dags/example_sensors.py took 0.085 seconds
[2023-06-23T13:53:24.514+0000] {processor.py:157} INFO - Started process (PID=1976) to work on /home/airflow/.local/lib/python3.7/site-packages/airflow/example_dags/example_sensors.py
[2023-06-23T13:53:24.516+0000] {processor.py:826} INFO - Processing file /home/airflow/.local/lib/python3.7/site-packages/airflow/example_dags/example_sensors.py for tasks to queue
[2023-06-23T13:53:24.517+0000] {logging_mixin.py:149} INFO - [2023-06-23T13:53:24.517+0000] {dagbag.py:541} INFO - Filling up the DagBag from /home/airflow/.local/lib/python3.7/site-packages/airflow/example_dags/example_sensors.py
[2023-06-23T13:53:24.526+0000] {processor.py:836} INFO - DAG(s) dict_keys(['example_sensors']) retrieved from /home/airflow/.local/lib/python3.7/site-packages/airflow/example_dags/example_sensors.py
[2023-06-23T13:53:24.553+0000] {logging_mixin.py:149} INFO - [2023-06-23T13:53:24.553+0000] {dag.py:2726} INFO - Sync 1 DAGs
[2023-06-23T13:53:24.579+0000] {logging_mixin.py:149} INFO - [2023-06-23T13:53:24.578+0000] {dag.py:3490} INFO - Setting next_dagrun for example_sensors to None, run_after=None
[2023-06-23T13:53:24.600+0000] {processor.py:179} INFO - Processing /home/airflow/.local/lib/python3.7/site-packages/airflow/example_dags/example_sensors.py took 0.088 seconds
[2023-06-23T13:53:54.864+0000] {processor.py:157} INFO - Started process (PID=2042) to work on /home/airflow/.local/lib/python3.7/site-packages/airflow/example_dags/example_sensors.py
[2023-06-23T13:53:54.866+0000] {processor.py:826} INFO - Processing file /home/airflow/.local/lib/python3.7/site-packages/airflow/example_dags/example_sensors.py for tasks to queue
[2023-06-23T13:53:54.867+0000] {logging_mixin.py:149} INFO - [2023-06-23T13:53:54.867+0000] {dagbag.py:541} INFO - Filling up the DagBag from /home/airflow/.local/lib/python3.7/site-packages/airflow/example_dags/example_sensors.py
[2023-06-23T13:53:54.879+0000] {processor.py:836} INFO - DAG(s) dict_keys(['example_sensors']) retrieved from /home/airflow/.local/lib/python3.7/site-packages/airflow/example_dags/example_sensors.py
[2023-06-23T13:53:54.921+0000] {logging_mixin.py:149} INFO - [2023-06-23T13:53:54.921+0000] {dag.py:2726} INFO - Sync 1 DAGs
[2023-06-23T13:53:54.955+0000] {logging_mixin.py:149} INFO - [2023-06-23T13:53:54.955+0000] {dag.py:3490} INFO - Setting next_dagrun for example_sensors to None, run_after=None
[2023-06-23T13:53:54.981+0000] {processor.py:179} INFO - Processing /home/airflow/.local/lib/python3.7/site-packages/airflow/example_dags/example_sensors.py took 0.121 seconds
[2023-06-23T13:54:25.538+0000] {processor.py:157} INFO - Started process (PID=2108) to work on /home/airflow/.local/lib/python3.7/site-packages/airflow/example_dags/example_sensors.py
[2023-06-23T13:54:25.540+0000] {processor.py:826} INFO - Processing file /home/airflow/.local/lib/python3.7/site-packages/airflow/example_dags/example_sensors.py for tasks to queue
[2023-06-23T13:54:25.541+0000] {logging_mixin.py:149} INFO - [2023-06-23T13:54:25.540+0000] {dagbag.py:541} INFO - Filling up the DagBag from /home/airflow/.local/lib/python3.7/site-packages/airflow/example_dags/example_sensors.py
[2023-06-23T13:54:25.550+0000] {processor.py:836} INFO - DAG(s) dict_keys(['example_sensors']) retrieved from /home/airflow/.local/lib/python3.7/site-packages/airflow/example_dags/example_sensors.py
[2023-06-23T13:54:25.580+0000] {logging_mixin.py:149} INFO - [2023-06-23T13:54:25.580+0000] {dag.py:2726} INFO - Sync 1 DAGs
[2023-06-23T13:54:25.609+0000] {logging_mixin.py:149} INFO - [2023-06-23T13:54:25.608+0000] {dag.py:3490} INFO - Setting next_dagrun for example_sensors to None, run_after=None
[2023-06-23T13:54:25.631+0000] {processor.py:179} INFO - Processing /home/airflow/.local/lib/python3.7/site-packages/airflow/example_dags/example_sensors.py took 0.095 seconds
[2023-06-23T13:54:55.763+0000] {processor.py:157} INFO - Started process (PID=2174) to work on /home/airflow/.local/lib/python3.7/site-packages/airflow/example_dags/example_sensors.py
[2023-06-23T13:54:55.764+0000] {processor.py:826} INFO - Processing file /home/airflow/.local/lib/python3.7/site-packages/airflow/example_dags/example_sensors.py for tasks to queue
[2023-06-23T13:54:55.765+0000] {logging_mixin.py:149} INFO - [2023-06-23T13:54:55.765+0000] {dagbag.py:541} INFO - Filling up the DagBag from /home/airflow/.local/lib/python3.7/site-packages/airflow/example_dags/example_sensors.py
[2023-06-23T13:54:55.775+0000] {processor.py:836} INFO - DAG(s) dict_keys(['example_sensors']) retrieved from /home/airflow/.local/lib/python3.7/site-packages/airflow/example_dags/example_sensors.py
[2023-06-23T13:54:55.803+0000] {logging_mixin.py:149} INFO - [2023-06-23T13:54:55.803+0000] {dag.py:2726} INFO - Sync 1 DAGs
[2023-06-23T13:54:55.832+0000] {logging_mixin.py:149} INFO - [2023-06-23T13:54:55.831+0000] {dag.py:3490} INFO - Setting next_dagrun for example_sensors to None, run_after=None
[2023-06-23T13:54:55.851+0000] {processor.py:179} INFO - Processing /home/airflow/.local/lib/python3.7/site-packages/airflow/example_dags/example_sensors.py took 0.091 seconds
[2023-06-23T13:55:26.109+0000] {processor.py:157} INFO - Started process (PID=2240) to work on /home/airflow/.local/lib/python3.7/site-packages/airflow/example_dags/example_sensors.py
[2023-06-23T13:55:26.110+0000] {processor.py:826} INFO - Processing file /home/airflow/.local/lib/python3.7/site-packages/airflow/example_dags/example_sensors.py for tasks to queue
[2023-06-23T13:55:26.111+0000] {logging_mixin.py:149} INFO - [2023-06-23T13:55:26.111+0000] {dagbag.py:541} INFO - Filling up the DagBag from /home/airflow/.local/lib/python3.7/site-packages/airflow/example_dags/example_sensors.py
[2023-06-23T13:55:26.120+0000] {processor.py:836} INFO - DAG(s) dict_keys(['example_sensors']) retrieved from /home/airflow/.local/lib/python3.7/site-packages/airflow/example_dags/example_sensors.py
[2023-06-23T13:55:26.146+0000] {logging_mixin.py:149} INFO - [2023-06-23T13:55:26.146+0000] {dag.py:2726} INFO - Sync 1 DAGs
[2023-06-23T13:55:26.173+0000] {logging_mixin.py:149} INFO - [2023-06-23T13:55:26.173+0000] {dag.py:3490} INFO - Setting next_dagrun for example_sensors to None, run_after=None
[2023-06-23T13:55:26.194+0000] {processor.py:179} INFO - Processing /home/airflow/.local/lib/python3.7/site-packages/airflow/example_dags/example_sensors.py took 0.088 seconds
[2023-06-23T13:55:56.575+0000] {processor.py:157} INFO - Started process (PID=2306) to work on /home/airflow/.local/lib/python3.7/site-packages/airflow/example_dags/example_sensors.py
[2023-06-23T13:55:56.576+0000] {processor.py:826} INFO - Processing file /home/airflow/.local/lib/python3.7/site-packages/airflow/example_dags/example_sensors.py for tasks to queue
[2023-06-23T13:55:56.577+0000] {logging_mixin.py:149} INFO - [2023-06-23T13:55:56.576+0000] {dagbag.py:541} INFO - Filling up the DagBag from /home/airflow/.local/lib/python3.7/site-packages/airflow/example_dags/example_sensors.py
[2023-06-23T13:55:56.585+0000] {processor.py:836} INFO - DAG(s) dict_keys(['example_sensors']) retrieved from /home/airflow/.local/lib/python3.7/site-packages/airflow/example_dags/example_sensors.py
[2023-06-23T13:55:56.614+0000] {logging_mixin.py:149} INFO - [2023-06-23T13:55:56.614+0000] {dag.py:2726} INFO - Sync 1 DAGs
[2023-06-23T13:55:56.639+0000] {logging_mixin.py:149} INFO - [2023-06-23T13:55:56.639+0000] {dag.py:3490} INFO - Setting next_dagrun for example_sensors to None, run_after=None
[2023-06-23T13:55:56.659+0000] {processor.py:179} INFO - Processing /home/airflow/.local/lib/python3.7/site-packages/airflow/example_dags/example_sensors.py took 0.088 seconds
[2023-06-23T13:56:27.046+0000] {processor.py:157} INFO - Started process (PID=2372) to work on /home/airflow/.local/lib/python3.7/site-packages/airflow/example_dags/example_sensors.py
[2023-06-23T13:56:27.047+0000] {processor.py:826} INFO - Processing file /home/airflow/.local/lib/python3.7/site-packages/airflow/example_dags/example_sensors.py for tasks to queue
[2023-06-23T13:56:27.048+0000] {logging_mixin.py:149} INFO - [2023-06-23T13:56:27.048+0000] {dagbag.py:541} INFO - Filling up the DagBag from /home/airflow/.local/lib/python3.7/site-packages/airflow/example_dags/example_sensors.py
[2023-06-23T13:56:27.060+0000] {processor.py:836} INFO - DAG(s) dict_keys(['example_sensors']) retrieved from /home/airflow/.local/lib/python3.7/site-packages/airflow/example_dags/example_sensors.py
[2023-06-23T13:56:27.091+0000] {logging_mixin.py:149} INFO - [2023-06-23T13:56:27.091+0000] {dag.py:2726} INFO - Sync 1 DAGs
[2023-06-23T13:56:27.124+0000] {logging_mixin.py:149} INFO - [2023-06-23T13:56:27.124+0000] {dag.py:3490} INFO - Setting next_dagrun for example_sensors to None, run_after=None
[2023-06-23T13:56:27.144+0000] {processor.py:179} INFO - Processing /home/airflow/.local/lib/python3.7/site-packages/airflow/example_dags/example_sensors.py took 0.101 seconds
[2023-06-23T13:56:57.357+0000] {processor.py:157} INFO - Started process (PID=2438) to work on /home/airflow/.local/lib/python3.7/site-packages/airflow/example_dags/example_sensors.py
[2023-06-23T13:56:57.358+0000] {processor.py:826} INFO - Processing file /home/airflow/.local/lib/python3.7/site-packages/airflow/example_dags/example_sensors.py for tasks to queue
[2023-06-23T13:56:57.359+0000] {logging_mixin.py:149} INFO - [2023-06-23T13:56:57.359+0000] {dagbag.py:541} INFO - Filling up the DagBag from /home/airflow/.local/lib/python3.7/site-packages/airflow/example_dags/example_sensors.py
[2023-06-23T13:56:57.368+0000] {processor.py:836} INFO - DAG(s) dict_keys(['example_sensors']) retrieved from /home/airflow/.local/lib/python3.7/site-packages/airflow/example_dags/example_sensors.py
[2023-06-23T13:56:57.395+0000] {logging_mixin.py:149} INFO - [2023-06-23T13:56:57.395+0000] {dag.py:2726} INFO - Sync 1 DAGs
[2023-06-23T13:56:57.420+0000] {logging_mixin.py:149} INFO - [2023-06-23T13:56:57.420+0000] {dag.py:3490} INFO - Setting next_dagrun for example_sensors to None, run_after=None
[2023-06-23T13:56:57.439+0000] {processor.py:179} INFO - Processing /home/airflow/.local/lib/python3.7/site-packages/airflow/example_dags/example_sensors.py took 0.084 seconds
[2023-06-23T13:57:27.986+0000] {processor.py:157} INFO - Started process (PID=2504) to work on /home/airflow/.local/lib/python3.7/site-packages/airflow/example_dags/example_sensors.py
[2023-06-23T13:57:27.987+0000] {processor.py:826} INFO - Processing file /home/airflow/.local/lib/python3.7/site-packages/airflow/example_dags/example_sensors.py for tasks to queue
[2023-06-23T13:57:27.988+0000] {logging_mixin.py:149} INFO - [2023-06-23T13:57:27.988+0000] {dagbag.py:541} INFO - Filling up the DagBag from /home/airflow/.local/lib/python3.7/site-packages/airflow/example_dags/example_sensors.py
[2023-06-23T13:57:27.997+0000] {processor.py:836} INFO - DAG(s) dict_keys(['example_sensors']) retrieved from /home/airflow/.local/lib/python3.7/site-packages/airflow/example_dags/example_sensors.py
[2023-06-23T13:57:28.022+0000] {logging_mixin.py:149} INFO - [2023-06-23T13:57:28.022+0000] {dag.py:2726} INFO - Sync 1 DAGs
[2023-06-23T13:57:28.044+0000] {logging_mixin.py:149} INFO - [2023-06-23T13:57:28.044+0000] {dag.py:3490} INFO - Setting next_dagrun for example_sensors to None, run_after=None
[2023-06-23T13:57:28.064+0000] {processor.py:179} INFO - Processing /home/airflow/.local/lib/python3.7/site-packages/airflow/example_dags/example_sensors.py took 0.081 seconds
[2023-06-23T13:57:58.262+0000] {processor.py:157} INFO - Started process (PID=2570) to work on /home/airflow/.local/lib/python3.7/site-packages/airflow/example_dags/example_sensors.py
[2023-06-23T13:57:58.263+0000] {processor.py:826} INFO - Processing file /home/airflow/.local/lib/python3.7/site-packages/airflow/example_dags/example_sensors.py for tasks to queue
[2023-06-23T13:57:58.264+0000] {logging_mixin.py:149} INFO - [2023-06-23T13:57:58.264+0000] {dagbag.py:541} INFO - Filling up the DagBag from /home/airflow/.local/lib/python3.7/site-packages/airflow/example_dags/example_sensors.py
[2023-06-23T13:57:58.274+0000] {processor.py:836} INFO - DAG(s) dict_keys(['example_sensors']) retrieved from /home/airflow/.local/lib/python3.7/site-packages/airflow/example_dags/example_sensors.py
[2023-06-23T13:57:58.302+0000] {logging_mixin.py:149} INFO - [2023-06-23T13:57:58.301+0000] {dag.py:2726} INFO - Sync 1 DAGs
[2023-06-23T13:57:58.324+0000] {logging_mixin.py:149} INFO - [2023-06-23T13:57:58.324+0000] {dag.py:3490} INFO - Setting next_dagrun for example_sensors to None, run_after=None
[2023-06-23T13:57:58.343+0000] {processor.py:179} INFO - Processing /home/airflow/.local/lib/python3.7/site-packages/airflow/example_dags/example_sensors.py took 0.084 seconds
[2023-06-23T13:58:28.585+0000] {processor.py:157} INFO - Started process (PID=2636) to work on /home/airflow/.local/lib/python3.7/site-packages/airflow/example_dags/example_sensors.py
[2023-06-23T13:58:28.586+0000] {processor.py:826} INFO - Processing file /home/airflow/.local/lib/python3.7/site-packages/airflow/example_dags/example_sensors.py for tasks to queue
[2023-06-23T13:58:28.587+0000] {logging_mixin.py:149} INFO - [2023-06-23T13:58:28.587+0000] {dagbag.py:541} INFO - Filling up the DagBag from /home/airflow/.local/lib/python3.7/site-packages/airflow/example_dags/example_sensors.py
[2023-06-23T13:58:28.596+0000] {processor.py:836} INFO - DAG(s) dict_keys(['example_sensors']) retrieved from /home/airflow/.local/lib/python3.7/site-packages/airflow/example_dags/example_sensors.py
[2023-06-23T13:58:28.623+0000] {logging_mixin.py:149} INFO - [2023-06-23T13:58:28.623+0000] {dag.py:2726} INFO - Sync 1 DAGs
[2023-06-23T13:58:28.647+0000] {logging_mixin.py:149} INFO - [2023-06-23T13:58:28.646+0000] {dag.py:3490} INFO - Setting next_dagrun for example_sensors to None, run_after=None
[2023-06-23T13:58:28.665+0000] {processor.py:179} INFO - Processing /home/airflow/.local/lib/python3.7/site-packages/airflow/example_dags/example_sensors.py took 0.084 seconds
[2023-06-23T13:58:58.947+0000] {processor.py:157} INFO - Started process (PID=2702) to work on /home/airflow/.local/lib/python3.7/site-packages/airflow/example_dags/example_sensors.py
[2023-06-23T13:58:58.948+0000] {processor.py:826} INFO - Processing file /home/airflow/.local/lib/python3.7/site-packages/airflow/example_dags/example_sensors.py for tasks to queue
[2023-06-23T13:58:58.948+0000] {logging_mixin.py:149} INFO - [2023-06-23T13:58:58.948+0000] {dagbag.py:541} INFO - Filling up the DagBag from /home/airflow/.local/lib/python3.7/site-packages/airflow/example_dags/example_sensors.py
[2023-06-23T13:58:58.958+0000] {processor.py:836} INFO - DAG(s) dict_keys(['example_sensors']) retrieved from /home/airflow/.local/lib/python3.7/site-packages/airflow/example_dags/example_sensors.py
[2023-06-23T13:58:58.987+0000] {logging_mixin.py:149} INFO - [2023-06-23T13:58:58.986+0000] {dag.py:2726} INFO - Sync 1 DAGs
[2023-06-23T13:58:59.012+0000] {logging_mixin.py:149} INFO - [2023-06-23T13:58:59.012+0000] {dag.py:3490} INFO - Setting next_dagrun for example_sensors to None, run_after=None
[2023-06-23T13:58:59.032+0000] {processor.py:179} INFO - Processing /home/airflow/.local/lib/python3.7/site-packages/airflow/example_dags/example_sensors.py took 0.088 seconds
[2023-06-23T13:59:29.259+0000] {processor.py:157} INFO - Started process (PID=2768) to work on /home/airflow/.local/lib/python3.7/site-packages/airflow/example_dags/example_sensors.py
[2023-06-23T13:59:29.260+0000] {processor.py:826} INFO - Processing file /home/airflow/.local/lib/python3.7/site-packages/airflow/example_dags/example_sensors.py for tasks to queue
[2023-06-23T13:59:29.261+0000] {logging_mixin.py:149} INFO - [2023-06-23T13:59:29.261+0000] {dagbag.py:541} INFO - Filling up the DagBag from /home/airflow/.local/lib/python3.7/site-packages/airflow/example_dags/example_sensors.py
[2023-06-23T13:59:29.270+0000] {processor.py:836} INFO - DAG(s) dict_keys(['example_sensors']) retrieved from /home/airflow/.local/lib/python3.7/site-packages/airflow/example_dags/example_sensors.py
[2023-06-23T13:59:29.296+0000] {logging_mixin.py:149} INFO - [2023-06-23T13:59:29.295+0000] {dag.py:2726} INFO - Sync 1 DAGs
[2023-06-23T13:59:29.318+0000] {logging_mixin.py:149} INFO - [2023-06-23T13:59:29.318+0000] {dag.py:3490} INFO - Setting next_dagrun for example_sensors to None, run_after=None
[2023-06-23T13:59:29.338+0000] {processor.py:179} INFO - Processing /home/airflow/.local/lib/python3.7/site-packages/airflow/example_dags/example_sensors.py took 0.081 seconds
[2023-06-23T13:59:59.401+0000] {processor.py:157} INFO - Started process (PID=2834) to work on /home/airflow/.local/lib/python3.7/site-packages/airflow/example_dags/example_sensors.py
[2023-06-23T13:59:59.402+0000] {processor.py:826} INFO - Processing file /home/airflow/.local/lib/python3.7/site-packages/airflow/example_dags/example_sensors.py for tasks to queue
[2023-06-23T13:59:59.403+0000] {logging_mixin.py:149} INFO - [2023-06-23T13:59:59.403+0000] {dagbag.py:541} INFO - Filling up the DagBag from /home/airflow/.local/lib/python3.7/site-packages/airflow/example_dags/example_sensors.py
[2023-06-23T13:59:59.413+0000] {processor.py:836} INFO - DAG(s) dict_keys(['example_sensors']) retrieved from /home/airflow/.local/lib/python3.7/site-packages/airflow/example_dags/example_sensors.py
[2023-06-23T13:59:59.437+0000] {logging_mixin.py:149} INFO - [2023-06-23T13:59:59.437+0000] {dag.py:2726} INFO - Sync 1 DAGs
[2023-06-23T13:59:59.460+0000] {logging_mixin.py:149} INFO - [2023-06-23T13:59:59.460+0000] {dag.py:3490} INFO - Setting next_dagrun for example_sensors to None, run_after=None
[2023-06-23T13:59:59.478+0000] {processor.py:179} INFO - Processing /home/airflow/.local/lib/python3.7/site-packages/airflow/example_dags/example_sensors.py took 0.080 seconds
[2023-06-23T14:00:30.022+0000] {processor.py:157} INFO - Started process (PID=2900) to work on /home/airflow/.local/lib/python3.7/site-packages/airflow/example_dags/example_sensors.py
[2023-06-23T14:00:30.023+0000] {processor.py:826} INFO - Processing file /home/airflow/.local/lib/python3.7/site-packages/airflow/example_dags/example_sensors.py for tasks to queue
[2023-06-23T14:00:30.024+0000] {logging_mixin.py:149} INFO - [2023-06-23T14:00:30.024+0000] {dagbag.py:541} INFO - Filling up the DagBag from /home/airflow/.local/lib/python3.7/site-packages/airflow/example_dags/example_sensors.py
[2023-06-23T14:00:30.033+0000] {processor.py:836} INFO - DAG(s) dict_keys(['example_sensors']) retrieved from /home/airflow/.local/lib/python3.7/site-packages/airflow/example_dags/example_sensors.py
[2023-06-23T14:00:30.058+0000] {logging_mixin.py:149} INFO - [2023-06-23T14:00:30.057+0000] {dag.py:2726} INFO - Sync 1 DAGs
[2023-06-23T14:00:30.080+0000] {logging_mixin.py:149} INFO - [2023-06-23T14:00:30.080+0000] {dag.py:3490} INFO - Setting next_dagrun for example_sensors to None, run_after=None
[2023-06-23T14:00:30.101+0000] {processor.py:179} INFO - Processing /home/airflow/.local/lib/python3.7/site-packages/airflow/example_dags/example_sensors.py took 0.081 seconds
[2023-06-23T14:01:00.217+0000] {processor.py:157} INFO - Started process (PID=2967) to work on /home/airflow/.local/lib/python3.7/site-packages/airflow/example_dags/example_sensors.py
[2023-06-23T14:01:00.219+0000] {processor.py:826} INFO - Processing file /home/airflow/.local/lib/python3.7/site-packages/airflow/example_dags/example_sensors.py for tasks to queue
[2023-06-23T14:01:00.221+0000] {logging_mixin.py:149} INFO - [2023-06-23T14:01:00.221+0000] {dagbag.py:541} INFO - Filling up the DagBag from /home/airflow/.local/lib/python3.7/site-packages/airflow/example_dags/example_sensors.py
[2023-06-23T14:01:00.232+0000] {processor.py:836} INFO - DAG(s) dict_keys(['example_sensors']) retrieved from /home/airflow/.local/lib/python3.7/site-packages/airflow/example_dags/example_sensors.py
[2023-06-23T14:01:00.261+0000] {logging_mixin.py:149} INFO - [2023-06-23T14:01:00.261+0000] {dag.py:2726} INFO - Sync 1 DAGs
[2023-06-23T14:01:00.285+0000] {logging_mixin.py:149} INFO - [2023-06-23T14:01:00.285+0000] {dag.py:3490} INFO - Setting next_dagrun for example_sensors to None, run_after=None
[2023-06-23T14:01:00.303+0000] {processor.py:179} INFO - Processing /home/airflow/.local/lib/python3.7/site-packages/airflow/example_dags/example_sensors.py took 0.090 seconds
[2023-06-23T14:01:30.437+0000] {processor.py:157} INFO - Started process (PID=3033) to work on /home/airflow/.local/lib/python3.7/site-packages/airflow/example_dags/example_sensors.py
[2023-06-23T14:01:30.439+0000] {processor.py:826} INFO - Processing file /home/airflow/.local/lib/python3.7/site-packages/airflow/example_dags/example_sensors.py for tasks to queue
[2023-06-23T14:01:30.440+0000] {logging_mixin.py:149} INFO - [2023-06-23T14:01:30.440+0000] {dagbag.py:541} INFO - Filling up the DagBag from /home/airflow/.local/lib/python3.7/site-packages/airflow/example_dags/example_sensors.py
[2023-06-23T14:01:30.453+0000] {processor.py:836} INFO - DAG(s) dict_keys(['example_sensors']) retrieved from /home/airflow/.local/lib/python3.7/site-packages/airflow/example_dags/example_sensors.py
[2023-06-23T14:01:30.483+0000] {logging_mixin.py:149} INFO - [2023-06-23T14:01:30.483+0000] {dag.py:2726} INFO - Sync 1 DAGs
[2023-06-23T14:01:30.512+0000] {logging_mixin.py:149} INFO - [2023-06-23T14:01:30.512+0000] {dag.py:3490} INFO - Setting next_dagrun for example_sensors to None, run_after=None
[2023-06-23T14:01:30.534+0000] {processor.py:179} INFO - Processing /home/airflow/.local/lib/python3.7/site-packages/airflow/example_dags/example_sensors.py took 0.099 seconds
[2023-06-23T14:02:00.815+0000] {processor.py:157} INFO - Started process (PID=3099) to work on /home/airflow/.local/lib/python3.7/site-packages/airflow/example_dags/example_sensors.py
[2023-06-23T14:02:00.816+0000] {processor.py:826} INFO - Processing file /home/airflow/.local/lib/python3.7/site-packages/airflow/example_dags/example_sensors.py for tasks to queue
[2023-06-23T14:02:00.817+0000] {logging_mixin.py:149} INFO - [2023-06-23T14:02:00.817+0000] {dagbag.py:541} INFO - Filling up the DagBag from /home/airflow/.local/lib/python3.7/site-packages/airflow/example_dags/example_sensors.py
[2023-06-23T14:02:00.829+0000] {processor.py:836} INFO - DAG(s) dict_keys(['example_sensors']) retrieved from /home/airflow/.local/lib/python3.7/site-packages/airflow/example_dags/example_sensors.py
[2023-06-23T14:02:00.855+0000] {logging_mixin.py:149} INFO - [2023-06-23T14:02:00.855+0000] {dag.py:2726} INFO - Sync 1 DAGs
[2023-06-23T14:02:00.878+0000] {logging_mixin.py:149} INFO - [2023-06-23T14:02:00.878+0000] {dag.py:3490} INFO - Setting next_dagrun for example_sensors to None, run_after=None
[2023-06-23T14:02:00.898+0000] {processor.py:179} INFO - Processing /home/airflow/.local/lib/python3.7/site-packages/airflow/example_dags/example_sensors.py took 0.085 seconds
[2023-06-23T14:02:31.061+0000] {processor.py:157} INFO - Started process (PID=3165) to work on /home/airflow/.local/lib/python3.7/site-packages/airflow/example_dags/example_sensors.py
[2023-06-23T14:02:31.062+0000] {processor.py:826} INFO - Processing file /home/airflow/.local/lib/python3.7/site-packages/airflow/example_dags/example_sensors.py for tasks to queue
[2023-06-23T14:02:31.063+0000] {logging_mixin.py:149} INFO - [2023-06-23T14:02:31.063+0000] {dagbag.py:541} INFO - Filling up the DagBag from /home/airflow/.local/lib/python3.7/site-packages/airflow/example_dags/example_sensors.py
[2023-06-23T14:02:31.073+0000] {processor.py:836} INFO - DAG(s) dict_keys(['example_sensors']) retrieved from /home/airflow/.local/lib/python3.7/site-packages/airflow/example_dags/example_sensors.py
[2023-06-23T14:02:31.099+0000] {logging_mixin.py:149} INFO - [2023-06-23T14:02:31.099+0000] {dag.py:2726} INFO - Sync 1 DAGs
[2023-06-23T14:02:31.122+0000] {logging_mixin.py:149} INFO - [2023-06-23T14:02:31.122+0000] {dag.py:3490} INFO - Setting next_dagrun for example_sensors to None, run_after=None
[2023-06-23T14:02:31.141+0000] {processor.py:179} INFO - Processing /home/airflow/.local/lib/python3.7/site-packages/airflow/example_dags/example_sensors.py took 0.083 seconds
[2023-06-23T14:03:01.354+0000] {processor.py:157} INFO - Started process (PID=3230) to work on /home/airflow/.local/lib/python3.7/site-packages/airflow/example_dags/example_sensors.py
[2023-06-23T14:03:01.355+0000] {processor.py:826} INFO - Processing file /home/airflow/.local/lib/python3.7/site-packages/airflow/example_dags/example_sensors.py for tasks to queue
[2023-06-23T14:03:01.356+0000] {logging_mixin.py:149} INFO - [2023-06-23T14:03:01.356+0000] {dagbag.py:541} INFO - Filling up the DagBag from /home/airflow/.local/lib/python3.7/site-packages/airflow/example_dags/example_sensors.py
[2023-06-23T14:03:01.366+0000] {processor.py:836} INFO - DAG(s) dict_keys(['example_sensors']) retrieved from /home/airflow/.local/lib/python3.7/site-packages/airflow/example_dags/example_sensors.py
[2023-06-23T14:03:01.396+0000] {logging_mixin.py:149} INFO - [2023-06-23T14:03:01.396+0000] {dag.py:2726} INFO - Sync 1 DAGs
[2023-06-23T14:03:01.419+0000] {logging_mixin.py:149} INFO - [2023-06-23T14:03:01.419+0000] {dag.py:3490} INFO - Setting next_dagrun for example_sensors to None, run_after=None
[2023-06-23T14:03:01.440+0000] {processor.py:179} INFO - Processing /home/airflow/.local/lib/python3.7/site-packages/airflow/example_dags/example_sensors.py took 0.088 seconds
[2023-06-23T14:03:31.834+0000] {processor.py:157} INFO - Started process (PID=3297) to work on /home/airflow/.local/lib/python3.7/site-packages/airflow/example_dags/example_sensors.py
[2023-06-23T14:03:31.835+0000] {processor.py:826} INFO - Processing file /home/airflow/.local/lib/python3.7/site-packages/airflow/example_dags/example_sensors.py for tasks to queue
[2023-06-23T14:03:31.836+0000] {logging_mixin.py:149} INFO - [2023-06-23T14:03:31.836+0000] {dagbag.py:541} INFO - Filling up the DagBag from /home/airflow/.local/lib/python3.7/site-packages/airflow/example_dags/example_sensors.py
[2023-06-23T14:03:31.846+0000] {processor.py:836} INFO - DAG(s) dict_keys(['example_sensors']) retrieved from /home/airflow/.local/lib/python3.7/site-packages/airflow/example_dags/example_sensors.py
[2023-06-23T14:03:31.871+0000] {logging_mixin.py:149} INFO - [2023-06-23T14:03:31.871+0000] {dag.py:2726} INFO - Sync 1 DAGs
[2023-06-23T14:03:31.895+0000] {logging_mixin.py:149} INFO - [2023-06-23T14:03:31.895+0000] {dag.py:3490} INFO - Setting next_dagrun for example_sensors to None, run_after=None
[2023-06-23T14:03:31.914+0000] {processor.py:179} INFO - Processing /home/airflow/.local/lib/python3.7/site-packages/airflow/example_dags/example_sensors.py took 0.083 seconds
