[2023-06-23T13:14:31.706+0000] {processor.py:157} INFO - Started process (PID=62) to work on /home/airflow/.local/lib/python3.7/site-packages/airflow/example_dags/example_bash_operator.py
[2023-06-23T13:14:31.707+0000] {processor.py:826} INFO - Processing file /home/airflow/.local/lib/python3.7/site-packages/airflow/example_dags/example_bash_operator.py for tasks to queue
[2023-06-23T13:14:31.709+0000] {logging_mixin.py:149} INFO - [2023-06-23T13:14:31.709+0000] {dagbag.py:541} INFO - Filling up the DagBag from /home/airflow/.local/lib/python3.7/site-packages/airflow/example_dags/example_bash_operator.py
[2023-06-23T13:14:31.734+0000] {processor.py:836} INFO - DAG(s) dict_keys(['example_bash_operator']) retrieved from /home/airflow/.local/lib/python3.7/site-packages/airflow/example_dags/example_bash_operator.py
[2023-06-23T13:14:31.751+0000] {logging_mixin.py:149} INFO - [2023-06-23T13:14:31.751+0000] {dag.py:2726} INFO - Sync 1 DAGs
[2023-06-23T13:14:31.785+0000] {logging_mixin.py:149} INFO - [2023-06-23T13:14:31.785+0000] {dag.py:3490} INFO - Setting next_dagrun for example_bash_operator to 2023-06-22T00:00:00+00:00, run_after=2023-06-23T00:00:00+00:00
[2023-06-23T13:14:31.807+0000] {processor.py:179} INFO - Processing /home/airflow/.local/lib/python3.7/site-packages/airflow/example_dags/example_bash_operator.py took 0.108 seconds
[2023-06-23T13:15:02.155+0000] {processor.py:157} INFO - Started process (PID=128) to work on /home/airflow/.local/lib/python3.7/site-packages/airflow/example_dags/example_bash_operator.py
[2023-06-23T13:15:02.156+0000] {processor.py:826} INFO - Processing file /home/airflow/.local/lib/python3.7/site-packages/airflow/example_dags/example_bash_operator.py for tasks to queue
[2023-06-23T13:15:02.158+0000] {logging_mixin.py:149} INFO - [2023-06-23T13:15:02.158+0000] {dagbag.py:541} INFO - Filling up the DagBag from /home/airflow/.local/lib/python3.7/site-packages/airflow/example_dags/example_bash_operator.py
[2023-06-23T13:15:02.176+0000] {processor.py:836} INFO - DAG(s) dict_keys(['example_bash_operator']) retrieved from /home/airflow/.local/lib/python3.7/site-packages/airflow/example_dags/example_bash_operator.py
[2023-06-23T13:15:02.187+0000] {logging_mixin.py:149} INFO - [2023-06-23T13:15:02.187+0000] {dag.py:2726} INFO - Sync 1 DAGs
[2023-06-23T13:15:02.217+0000] {logging_mixin.py:149} INFO - [2023-06-23T13:15:02.217+0000] {dag.py:3490} INFO - Setting next_dagrun for example_bash_operator to 2023-06-22T00:00:00+00:00, run_after=2023-06-23T00:00:00+00:00
[2023-06-23T13:15:02.239+0000] {processor.py:179} INFO - Processing /home/airflow/.local/lib/python3.7/site-packages/airflow/example_dags/example_bash_operator.py took 0.087 seconds
[2023-06-23T13:15:32.506+0000] {processor.py:157} INFO - Started process (PID=194) to work on /home/airflow/.local/lib/python3.7/site-packages/airflow/example_dags/example_bash_operator.py
[2023-06-23T13:15:32.507+0000] {processor.py:826} INFO - Processing file /home/airflow/.local/lib/python3.7/site-packages/airflow/example_dags/example_bash_operator.py for tasks to queue
[2023-06-23T13:15:32.508+0000] {logging_mixin.py:149} INFO - [2023-06-23T13:15:32.508+0000] {dagbag.py:541} INFO - Filling up the DagBag from /home/airflow/.local/lib/python3.7/site-packages/airflow/example_dags/example_bash_operator.py
[2023-06-23T13:15:32.521+0000] {processor.py:836} INFO - DAG(s) dict_keys(['example_bash_operator']) retrieved from /home/airflow/.local/lib/python3.7/site-packages/airflow/example_dags/example_bash_operator.py
[2023-06-23T13:15:32.560+0000] {logging_mixin.py:149} INFO - [2023-06-23T13:15:32.559+0000] {dag.py:2726} INFO - Sync 1 DAGs
[2023-06-23T13:15:32.589+0000] {logging_mixin.py:149} INFO - [2023-06-23T13:15:32.589+0000] {dag.py:3490} INFO - Setting next_dagrun for example_bash_operator to 2023-06-22T00:00:00+00:00, run_after=2023-06-23T00:00:00+00:00
[2023-06-23T13:15:32.608+0000] {processor.py:179} INFO - Processing /home/airflow/.local/lib/python3.7/site-packages/airflow/example_dags/example_bash_operator.py took 0.105 seconds
[2023-06-23T13:16:02.796+0000] {processor.py:157} INFO - Started process (PID=260) to work on /home/airflow/.local/lib/python3.7/site-packages/airflow/example_dags/example_bash_operator.py
[2023-06-23T13:16:02.797+0000] {processor.py:826} INFO - Processing file /home/airflow/.local/lib/python3.7/site-packages/airflow/example_dags/example_bash_operator.py for tasks to queue
[2023-06-23T13:16:02.798+0000] {logging_mixin.py:149} INFO - [2023-06-23T13:16:02.797+0000] {dagbag.py:541} INFO - Filling up the DagBag from /home/airflow/.local/lib/python3.7/site-packages/airflow/example_dags/example_bash_operator.py
[2023-06-23T13:16:02.812+0000] {processor.py:836} INFO - DAG(s) dict_keys(['example_bash_operator']) retrieved from /home/airflow/.local/lib/python3.7/site-packages/airflow/example_dags/example_bash_operator.py
[2023-06-23T13:16:02.851+0000] {logging_mixin.py:149} INFO - [2023-06-23T13:16:02.851+0000] {dag.py:2726} INFO - Sync 1 DAGs
[2023-06-23T13:16:02.877+0000] {logging_mixin.py:149} INFO - [2023-06-23T13:16:02.877+0000] {dag.py:3490} INFO - Setting next_dagrun for example_bash_operator to 2023-06-22T00:00:00+00:00, run_after=2023-06-23T00:00:00+00:00
[2023-06-23T13:16:02.896+0000] {processor.py:179} INFO - Processing /home/airflow/.local/lib/python3.7/site-packages/airflow/example_dags/example_bash_operator.py took 0.103 seconds
