[2023-06-23T13:14:30.865+0000] {processor.py:157} INFO - Started process (PID=50) to work on /home/airflow/.local/lib/python3.7/site-packages/airflow/example_dags/example_sla_dag.py
[2023-06-23T13:14:30.866+0000] {processor.py:826} INFO - Processing file /home/airflow/.local/lib/python3.7/site-packages/airflow/example_dags/example_sla_dag.py for tasks to queue
[2023-06-23T13:14:30.868+0000] {logging_mixin.py:149} INFO - [2023-06-23T13:14:30.867+0000] {dagbag.py:541} INFO - Filling up the DagBag from /home/airflow/.local/lib/python3.7/site-packages/airflow/example_dags/example_sla_dag.py
[2023-06-23T13:14:30.888+0000] {processor.py:836} INFO - DAG(s) dict_keys(['example_sla_dag']) retrieved from /home/airflow/.local/lib/python3.7/site-packages/airflow/example_dags/example_sla_dag.py
[2023-06-23T13:14:30.910+0000] {logging_mixin.py:149} INFO - [2023-06-23T13:14:30.910+0000] {dag.py:2726} INFO - Sync 1 DAGs
[2023-06-23T13:14:30.956+0000] {logging_mixin.py:149} INFO - [2023-06-23T13:14:30.955+0000] {dag.py:3490} INFO - Setting next_dagrun for example_sla_dag to 2023-06-23T13:12:00+00:00, run_after=2023-06-23T13:14:00+00:00
[2023-06-23T13:14:30.987+0000] {processor.py:179} INFO - Processing /home/airflow/.local/lib/python3.7/site-packages/airflow/example_dags/example_sla_dag.py took 0.128 seconds
[2023-06-23T13:15:01.409+0000] {processor.py:157} INFO - Started process (PID=116) to work on /home/airflow/.local/lib/python3.7/site-packages/airflow/example_dags/example_sla_dag.py
[2023-06-23T13:15:01.410+0000] {processor.py:826} INFO - Processing file /home/airflow/.local/lib/python3.7/site-packages/airflow/example_dags/example_sla_dag.py for tasks to queue
[2023-06-23T13:15:01.413+0000] {logging_mixin.py:149} INFO - [2023-06-23T13:15:01.412+0000] {dagbag.py:541} INFO - Filling up the DagBag from /home/airflow/.local/lib/python3.7/site-packages/airflow/example_dags/example_sla_dag.py
[2023-06-23T13:15:01.422+0000] {processor.py:836} INFO - DAG(s) dict_keys(['example_sla_dag']) retrieved from /home/airflow/.local/lib/python3.7/site-packages/airflow/example_dags/example_sla_dag.py
[2023-06-23T13:15:01.437+0000] {logging_mixin.py:149} INFO - [2023-06-23T13:15:01.436+0000] {dag.py:2726} INFO - Sync 1 DAGs
[2023-06-23T13:15:01.480+0000] {logging_mixin.py:149} INFO - [2023-06-23T13:15:01.480+0000] {dag.py:3490} INFO - Setting next_dagrun for example_sla_dag to 2023-06-23T13:12:00+00:00, run_after=2023-06-23T13:14:00+00:00
[2023-06-23T13:15:01.501+0000] {processor.py:179} INFO - Processing /home/airflow/.local/lib/python3.7/site-packages/airflow/example_dags/example_sla_dag.py took 0.097 seconds
[2023-06-23T13:15:31.723+0000] {processor.py:157} INFO - Started process (PID=182) to work on /home/airflow/.local/lib/python3.7/site-packages/airflow/example_dags/example_sla_dag.py
[2023-06-23T13:15:31.724+0000] {processor.py:826} INFO - Processing file /home/airflow/.local/lib/python3.7/site-packages/airflow/example_dags/example_sla_dag.py for tasks to queue
[2023-06-23T13:15:31.725+0000] {logging_mixin.py:149} INFO - [2023-06-23T13:15:31.725+0000] {dagbag.py:541} INFO - Filling up the DagBag from /home/airflow/.local/lib/python3.7/site-packages/airflow/example_dags/example_sla_dag.py
[2023-06-23T13:15:31.733+0000] {processor.py:836} INFO - DAG(s) dict_keys(['example_sla_dag']) retrieved from /home/airflow/.local/lib/python3.7/site-packages/airflow/example_dags/example_sla_dag.py
[2023-06-23T13:15:31.765+0000] {logging_mixin.py:149} INFO - [2023-06-23T13:15:31.765+0000] {dag.py:2726} INFO - Sync 1 DAGs
[2023-06-23T13:15:31.813+0000] {logging_mixin.py:149} INFO - [2023-06-23T13:15:31.813+0000] {dag.py:3490} INFO - Setting next_dagrun for example_sla_dag to 2023-06-23T13:12:00+00:00, run_after=2023-06-23T13:14:00+00:00
[2023-06-23T13:15:31.840+0000] {processor.py:179} INFO - Processing /home/airflow/.local/lib/python3.7/site-packages/airflow/example_dags/example_sla_dag.py took 0.120 seconds
[2023-06-23T13:16:02.151+0000] {processor.py:157} INFO - Started process (PID=248) to work on /home/airflow/.local/lib/python3.7/site-packages/airflow/example_dags/example_sla_dag.py
[2023-06-23T13:16:02.152+0000] {processor.py:826} INFO - Processing file /home/airflow/.local/lib/python3.7/site-packages/airflow/example_dags/example_sla_dag.py for tasks to queue
[2023-06-23T13:16:02.153+0000] {logging_mixin.py:149} INFO - [2023-06-23T13:16:02.153+0000] {dagbag.py:541} INFO - Filling up the DagBag from /home/airflow/.local/lib/python3.7/site-packages/airflow/example_dags/example_sla_dag.py
[2023-06-23T13:16:02.160+0000] {processor.py:836} INFO - DAG(s) dict_keys(['example_sla_dag']) retrieved from /home/airflow/.local/lib/python3.7/site-packages/airflow/example_dags/example_sla_dag.py
[2023-06-23T13:16:02.181+0000] {logging_mixin.py:149} INFO - [2023-06-23T13:16:02.180+0000] {dag.py:2726} INFO - Sync 1 DAGs
[2023-06-23T13:16:02.207+0000] {logging_mixin.py:149} INFO - [2023-06-23T13:16:02.207+0000] {dag.py:3490} INFO - Setting next_dagrun for example_sla_dag to 2023-06-23T13:14:00+00:00, run_after=2023-06-23T13:16:00+00:00
[2023-06-23T13:16:02.226+0000] {processor.py:179} INFO - Processing /home/airflow/.local/lib/python3.7/site-packages/airflow/example_dags/example_sla_dag.py took 0.078 seconds
[2023-06-23T13:38:40.713+0000] {processor.py:157} INFO - Started process (PID=49) to work on /home/airflow/.local/lib/python3.7/site-packages/airflow/example_dags/example_sla_dag.py
[2023-06-23T13:38:40.714+0000] {processor.py:826} INFO - Processing file /home/airflow/.local/lib/python3.7/site-packages/airflow/example_dags/example_sla_dag.py for tasks to queue
[2023-06-23T13:38:40.715+0000] {logging_mixin.py:149} INFO - [2023-06-23T13:38:40.715+0000] {dagbag.py:541} INFO - Filling up the DagBag from /home/airflow/.local/lib/python3.7/site-packages/airflow/example_dags/example_sla_dag.py
[2023-06-23T13:38:40.731+0000] {processor.py:836} INFO - DAG(s) dict_keys(['example_sla_dag']) retrieved from /home/airflow/.local/lib/python3.7/site-packages/airflow/example_dags/example_sla_dag.py
[2023-06-23T13:38:40.746+0000] {logging_mixin.py:149} INFO - [2023-06-23T13:38:40.746+0000] {dag.py:2726} INFO - Sync 1 DAGs
[2023-06-23T13:38:40.788+0000] {logging_mixin.py:149} INFO - [2023-06-23T13:38:40.788+0000] {dag.py:3490} INFO - Setting next_dagrun for example_sla_dag to 2023-06-23T13:36:00+00:00, run_after=2023-06-23T13:38:00+00:00
[2023-06-23T13:38:40.818+0000] {processor.py:179} INFO - Processing /home/airflow/.local/lib/python3.7/site-packages/airflow/example_dags/example_sla_dag.py took 0.109 seconds
[2023-06-23T13:39:10.927+0000] {processor.py:157} INFO - Started process (PID=115) to work on /home/airflow/.local/lib/python3.7/site-packages/airflow/example_dags/example_sla_dag.py
[2023-06-23T13:39:10.928+0000] {processor.py:826} INFO - Processing file /home/airflow/.local/lib/python3.7/site-packages/airflow/example_dags/example_sla_dag.py for tasks to queue
[2023-06-23T13:39:10.929+0000] {logging_mixin.py:149} INFO - [2023-06-23T13:39:10.929+0000] {dagbag.py:541} INFO - Filling up the DagBag from /home/airflow/.local/lib/python3.7/site-packages/airflow/example_dags/example_sla_dag.py
[2023-06-23T13:39:10.938+0000] {processor.py:836} INFO - DAG(s) dict_keys(['example_sla_dag']) retrieved from /home/airflow/.local/lib/python3.7/site-packages/airflow/example_dags/example_sla_dag.py
[2023-06-23T13:39:10.961+0000] {logging_mixin.py:149} INFO - [2023-06-23T13:39:10.961+0000] {dag.py:2726} INFO - Sync 1 DAGs
[2023-06-23T13:39:10.990+0000] {logging_mixin.py:149} INFO - [2023-06-23T13:39:10.990+0000] {dag.py:3490} INFO - Setting next_dagrun for example_sla_dag to 2023-06-23T13:36:00+00:00, run_after=2023-06-23T13:38:00+00:00
[2023-06-23T13:39:11.008+0000] {processor.py:179} INFO - Processing /home/airflow/.local/lib/python3.7/site-packages/airflow/example_dags/example_sla_dag.py took 0.084 seconds
[2023-06-23T13:39:41.346+0000] {processor.py:157} INFO - Started process (PID=181) to work on /home/airflow/.local/lib/python3.7/site-packages/airflow/example_dags/example_sla_dag.py
[2023-06-23T13:39:41.347+0000] {processor.py:826} INFO - Processing file /home/airflow/.local/lib/python3.7/site-packages/airflow/example_dags/example_sla_dag.py for tasks to queue
[2023-06-23T13:39:41.348+0000] {logging_mixin.py:149} INFO - [2023-06-23T13:39:41.348+0000] {dagbag.py:541} INFO - Filling up the DagBag from /home/airflow/.local/lib/python3.7/site-packages/airflow/example_dags/example_sla_dag.py
[2023-06-23T13:39:41.356+0000] {processor.py:836} INFO - DAG(s) dict_keys(['example_sla_dag']) retrieved from /home/airflow/.local/lib/python3.7/site-packages/airflow/example_dags/example_sla_dag.py
[2023-06-23T13:39:41.381+0000] {logging_mixin.py:149} INFO - [2023-06-23T13:39:41.381+0000] {dag.py:2726} INFO - Sync 1 DAGs
[2023-06-23T13:39:41.409+0000] {logging_mixin.py:149} INFO - [2023-06-23T13:39:41.408+0000] {dag.py:3490} INFO - Setting next_dagrun for example_sla_dag to 2023-06-23T13:36:00+00:00, run_after=2023-06-23T13:38:00+00:00
[2023-06-23T13:39:41.432+0000] {processor.py:179} INFO - Processing /home/airflow/.local/lib/python3.7/site-packages/airflow/example_dags/example_sla_dag.py took 0.089 seconds
[2023-06-23T13:40:12.257+0000] {processor.py:157} INFO - Started process (PID=247) to work on /home/airflow/.local/lib/python3.7/site-packages/airflow/example_dags/example_sla_dag.py
[2023-06-23T13:40:12.258+0000] {processor.py:826} INFO - Processing file /home/airflow/.local/lib/python3.7/site-packages/airflow/example_dags/example_sla_dag.py for tasks to queue
[2023-06-23T13:40:12.259+0000] {logging_mixin.py:149} INFO - [2023-06-23T13:40:12.259+0000] {dagbag.py:541} INFO - Filling up the DagBag from /home/airflow/.local/lib/python3.7/site-packages/airflow/example_dags/example_sla_dag.py
[2023-06-23T13:40:12.268+0000] {processor.py:836} INFO - DAG(s) dict_keys(['example_sla_dag']) retrieved from /home/airflow/.local/lib/python3.7/site-packages/airflow/example_dags/example_sla_dag.py
[2023-06-23T13:40:12.291+0000] {logging_mixin.py:149} INFO - [2023-06-23T13:40:12.290+0000] {dag.py:2726} INFO - Sync 1 DAGs
[2023-06-23T13:40:12.320+0000] {logging_mixin.py:149} INFO - [2023-06-23T13:40:12.320+0000] {dag.py:3490} INFO - Setting next_dagrun for example_sla_dag to 2023-06-23T13:38:00+00:00, run_after=2023-06-23T13:40:00+00:00
[2023-06-23T13:40:12.340+0000] {processor.py:179} INFO - Processing /home/airflow/.local/lib/python3.7/site-packages/airflow/example_dags/example_sla_dag.py took 0.086 seconds
[2023-06-23T13:40:42.427+0000] {processor.py:157} INFO - Started process (PID=313) to work on /home/airflow/.local/lib/python3.7/site-packages/airflow/example_dags/example_sla_dag.py
[2023-06-23T13:40:42.428+0000] {processor.py:826} INFO - Processing file /home/airflow/.local/lib/python3.7/site-packages/airflow/example_dags/example_sla_dag.py for tasks to queue
[2023-06-23T13:40:42.429+0000] {logging_mixin.py:149} INFO - [2023-06-23T13:40:42.429+0000] {dagbag.py:541} INFO - Filling up the DagBag from /home/airflow/.local/lib/python3.7/site-packages/airflow/example_dags/example_sla_dag.py
[2023-06-23T13:40:42.437+0000] {processor.py:836} INFO - DAG(s) dict_keys(['example_sla_dag']) retrieved from /home/airflow/.local/lib/python3.7/site-packages/airflow/example_dags/example_sla_dag.py
[2023-06-23T13:40:42.459+0000] {logging_mixin.py:149} INFO - [2023-06-23T13:40:42.459+0000] {dag.py:2726} INFO - Sync 1 DAGs
[2023-06-23T13:40:42.485+0000] {logging_mixin.py:149} INFO - [2023-06-23T13:40:42.485+0000] {dag.py:3490} INFO - Setting next_dagrun for example_sla_dag to 2023-06-23T13:38:00+00:00, run_after=2023-06-23T13:40:00+00:00
[2023-06-23T13:40:42.505+0000] {processor.py:179} INFO - Processing /home/airflow/.local/lib/python3.7/site-packages/airflow/example_dags/example_sla_dag.py took 0.081 seconds
[2023-06-23T13:41:13.053+0000] {processor.py:157} INFO - Started process (PID=379) to work on /home/airflow/.local/lib/python3.7/site-packages/airflow/example_dags/example_sla_dag.py
[2023-06-23T13:41:13.054+0000] {processor.py:826} INFO - Processing file /home/airflow/.local/lib/python3.7/site-packages/airflow/example_dags/example_sla_dag.py for tasks to queue
[2023-06-23T13:41:13.055+0000] {logging_mixin.py:149} INFO - [2023-06-23T13:41:13.055+0000] {dagbag.py:541} INFO - Filling up the DagBag from /home/airflow/.local/lib/python3.7/site-packages/airflow/example_dags/example_sla_dag.py
[2023-06-23T13:41:13.063+0000] {processor.py:836} INFO - DAG(s) dict_keys(['example_sla_dag']) retrieved from /home/airflow/.local/lib/python3.7/site-packages/airflow/example_dags/example_sla_dag.py
[2023-06-23T13:41:13.088+0000] {logging_mixin.py:149} INFO - [2023-06-23T13:41:13.088+0000] {dag.py:2726} INFO - Sync 1 DAGs
[2023-06-23T13:41:13.116+0000] {logging_mixin.py:149} INFO - [2023-06-23T13:41:13.116+0000] {dag.py:3490} INFO - Setting next_dagrun for example_sla_dag to 2023-06-23T13:38:00+00:00, run_after=2023-06-23T13:40:00+00:00
[2023-06-23T13:41:13.137+0000] {processor.py:179} INFO - Processing /home/airflow/.local/lib/python3.7/site-packages/airflow/example_dags/example_sla_dag.py took 0.088 seconds
[2023-06-23T13:41:43.757+0000] {processor.py:157} INFO - Started process (PID=445) to work on /home/airflow/.local/lib/python3.7/site-packages/airflow/example_dags/example_sla_dag.py
[2023-06-23T13:41:43.758+0000] {processor.py:826} INFO - Processing file /home/airflow/.local/lib/python3.7/site-packages/airflow/example_dags/example_sla_dag.py for tasks to queue
[2023-06-23T13:41:43.759+0000] {logging_mixin.py:149} INFO - [2023-06-23T13:41:43.759+0000] {dagbag.py:541} INFO - Filling up the DagBag from /home/airflow/.local/lib/python3.7/site-packages/airflow/example_dags/example_sla_dag.py
[2023-06-23T13:41:43.767+0000] {processor.py:836} INFO - DAG(s) dict_keys(['example_sla_dag']) retrieved from /home/airflow/.local/lib/python3.7/site-packages/airflow/example_dags/example_sla_dag.py
[2023-06-23T13:41:43.789+0000] {logging_mixin.py:149} INFO - [2023-06-23T13:41:43.789+0000] {dag.py:2726} INFO - Sync 1 DAGs
[2023-06-23T13:41:43.817+0000] {logging_mixin.py:149} INFO - [2023-06-23T13:41:43.817+0000] {dag.py:3490} INFO - Setting next_dagrun for example_sla_dag to 2023-06-23T13:38:00+00:00, run_after=2023-06-23T13:40:00+00:00
[2023-06-23T13:41:43.839+0000] {processor.py:179} INFO - Processing /home/airflow/.local/lib/python3.7/site-packages/airflow/example_dags/example_sla_dag.py took 0.085 seconds
[2023-06-23T13:42:13.989+0000] {processor.py:157} INFO - Started process (PID=511) to work on /home/airflow/.local/lib/python3.7/site-packages/airflow/example_dags/example_sla_dag.py
[2023-06-23T13:42:13.990+0000] {processor.py:826} INFO - Processing file /home/airflow/.local/lib/python3.7/site-packages/airflow/example_dags/example_sla_dag.py for tasks to queue
[2023-06-23T13:42:13.991+0000] {logging_mixin.py:149} INFO - [2023-06-23T13:42:13.990+0000] {dagbag.py:541} INFO - Filling up the DagBag from /home/airflow/.local/lib/python3.7/site-packages/airflow/example_dags/example_sla_dag.py
[2023-06-23T13:42:13.999+0000] {processor.py:836} INFO - DAG(s) dict_keys(['example_sla_dag']) retrieved from /home/airflow/.local/lib/python3.7/site-packages/airflow/example_dags/example_sla_dag.py
[2023-06-23T13:42:14.027+0000] {logging_mixin.py:149} INFO - [2023-06-23T13:42:14.027+0000] {dag.py:2726} INFO - Sync 1 DAGs
[2023-06-23T13:42:14.059+0000] {logging_mixin.py:149} INFO - [2023-06-23T13:42:14.059+0000] {dag.py:3490} INFO - Setting next_dagrun for example_sla_dag to 2023-06-23T13:40:00+00:00, run_after=2023-06-23T13:42:00+00:00
[2023-06-23T13:42:14.082+0000] {processor.py:179} INFO - Processing /home/airflow/.local/lib/python3.7/site-packages/airflow/example_dags/example_sla_dag.py took 0.096 seconds
[2023-06-23T13:42:44.514+0000] {processor.py:157} INFO - Started process (PID=577) to work on /home/airflow/.local/lib/python3.7/site-packages/airflow/example_dags/example_sla_dag.py
[2023-06-23T13:42:44.515+0000] {processor.py:826} INFO - Processing file /home/airflow/.local/lib/python3.7/site-packages/airflow/example_dags/example_sla_dag.py for tasks to queue
[2023-06-23T13:42:44.517+0000] {logging_mixin.py:149} INFO - [2023-06-23T13:42:44.516+0000] {dagbag.py:541} INFO - Filling up the DagBag from /home/airflow/.local/lib/python3.7/site-packages/airflow/example_dags/example_sla_dag.py
[2023-06-23T13:42:44.525+0000] {processor.py:836} INFO - DAG(s) dict_keys(['example_sla_dag']) retrieved from /home/airflow/.local/lib/python3.7/site-packages/airflow/example_dags/example_sla_dag.py
[2023-06-23T13:42:44.556+0000] {logging_mixin.py:149} INFO - [2023-06-23T13:42:44.556+0000] {dag.py:2726} INFO - Sync 1 DAGs
[2023-06-23T13:42:44.592+0000] {logging_mixin.py:149} INFO - [2023-06-23T13:42:44.592+0000] {dag.py:3490} INFO - Setting next_dagrun for example_sla_dag to 2023-06-23T13:40:00+00:00, run_after=2023-06-23T13:42:00+00:00
[2023-06-23T13:42:44.617+0000] {processor.py:179} INFO - Processing /home/airflow/.local/lib/python3.7/site-packages/airflow/example_dags/example_sla_dag.py took 0.106 seconds
[2023-06-23T13:43:14.659+0000] {processor.py:157} INFO - Started process (PID=643) to work on /home/airflow/.local/lib/python3.7/site-packages/airflow/example_dags/example_sla_dag.py
[2023-06-23T13:43:14.660+0000] {processor.py:826} INFO - Processing file /home/airflow/.local/lib/python3.7/site-packages/airflow/example_dags/example_sla_dag.py for tasks to queue
[2023-06-23T13:43:14.661+0000] {logging_mixin.py:149} INFO - [2023-06-23T13:43:14.660+0000] {dagbag.py:541} INFO - Filling up the DagBag from /home/airflow/.local/lib/python3.7/site-packages/airflow/example_dags/example_sla_dag.py
[2023-06-23T13:43:14.668+0000] {processor.py:836} INFO - DAG(s) dict_keys(['example_sla_dag']) retrieved from /home/airflow/.local/lib/python3.7/site-packages/airflow/example_dags/example_sla_dag.py
[2023-06-23T13:43:14.688+0000] {logging_mixin.py:149} INFO - [2023-06-23T13:43:14.688+0000] {dag.py:2726} INFO - Sync 1 DAGs
[2023-06-23T13:43:14.717+0000] {logging_mixin.py:149} INFO - [2023-06-23T13:43:14.717+0000] {dag.py:3490} INFO - Setting next_dagrun for example_sla_dag to 2023-06-23T13:40:00+00:00, run_after=2023-06-23T13:42:00+00:00
[2023-06-23T13:43:14.737+0000] {processor.py:179} INFO - Processing /home/airflow/.local/lib/python3.7/site-packages/airflow/example_dags/example_sla_dag.py took 0.081 seconds
[2023-06-23T13:43:45.305+0000] {processor.py:157} INFO - Started process (PID=709) to work on /home/airflow/.local/lib/python3.7/site-packages/airflow/example_dags/example_sla_dag.py
[2023-06-23T13:43:45.306+0000] {processor.py:826} INFO - Processing file /home/airflow/.local/lib/python3.7/site-packages/airflow/example_dags/example_sla_dag.py for tasks to queue
[2023-06-23T13:43:45.307+0000] {logging_mixin.py:149} INFO - [2023-06-23T13:43:45.306+0000] {dagbag.py:541} INFO - Filling up the DagBag from /home/airflow/.local/lib/python3.7/site-packages/airflow/example_dags/example_sla_dag.py
[2023-06-23T13:43:45.315+0000] {processor.py:836} INFO - DAG(s) dict_keys(['example_sla_dag']) retrieved from /home/airflow/.local/lib/python3.7/site-packages/airflow/example_dags/example_sla_dag.py
[2023-06-23T13:43:45.335+0000] {logging_mixin.py:149} INFO - [2023-06-23T13:43:45.335+0000] {dag.py:2726} INFO - Sync 1 DAGs
[2023-06-23T13:43:45.369+0000] {logging_mixin.py:149} INFO - [2023-06-23T13:43:45.369+0000] {dag.py:3490} INFO - Setting next_dagrun for example_sla_dag to 2023-06-23T13:40:00+00:00, run_after=2023-06-23T13:42:00+00:00
[2023-06-23T13:43:45.387+0000] {processor.py:179} INFO - Processing /home/airflow/.local/lib/python3.7/site-packages/airflow/example_dags/example_sla_dag.py took 0.086 seconds
[2023-06-23T13:44:15.741+0000] {processor.py:157} INFO - Started process (PID=775) to work on /home/airflow/.local/lib/python3.7/site-packages/airflow/example_dags/example_sla_dag.py
[2023-06-23T13:44:15.742+0000] {processor.py:826} INFO - Processing file /home/airflow/.local/lib/python3.7/site-packages/airflow/example_dags/example_sla_dag.py for tasks to queue
[2023-06-23T13:44:15.743+0000] {logging_mixin.py:149} INFO - [2023-06-23T13:44:15.743+0000] {dagbag.py:541} INFO - Filling up the DagBag from /home/airflow/.local/lib/python3.7/site-packages/airflow/example_dags/example_sla_dag.py
[2023-06-23T13:44:15.751+0000] {processor.py:836} INFO - DAG(s) dict_keys(['example_sla_dag']) retrieved from /home/airflow/.local/lib/python3.7/site-packages/airflow/example_dags/example_sla_dag.py
[2023-06-23T13:44:15.774+0000] {logging_mixin.py:149} INFO - [2023-06-23T13:44:15.774+0000] {dag.py:2726} INFO - Sync 1 DAGs
[2023-06-23T13:44:15.804+0000] {logging_mixin.py:149} INFO - [2023-06-23T13:44:15.804+0000] {dag.py:3490} INFO - Setting next_dagrun for example_sla_dag to 2023-06-23T13:42:00+00:00, run_after=2023-06-23T13:44:00+00:00
[2023-06-23T13:44:15.825+0000] {processor.py:179} INFO - Processing /home/airflow/.local/lib/python3.7/site-packages/airflow/example_dags/example_sla_dag.py took 0.086 seconds
[2023-06-23T13:44:46.314+0000] {processor.py:157} INFO - Started process (PID=841) to work on /home/airflow/.local/lib/python3.7/site-packages/airflow/example_dags/example_sla_dag.py
[2023-06-23T13:44:46.315+0000] {processor.py:826} INFO - Processing file /home/airflow/.local/lib/python3.7/site-packages/airflow/example_dags/example_sla_dag.py for tasks to queue
[2023-06-23T13:44:46.316+0000] {logging_mixin.py:149} INFO - [2023-06-23T13:44:46.316+0000] {dagbag.py:541} INFO - Filling up the DagBag from /home/airflow/.local/lib/python3.7/site-packages/airflow/example_dags/example_sla_dag.py
[2023-06-23T13:44:46.324+0000] {processor.py:836} INFO - DAG(s) dict_keys(['example_sla_dag']) retrieved from /home/airflow/.local/lib/python3.7/site-packages/airflow/example_dags/example_sla_dag.py
[2023-06-23T13:44:46.348+0000] {logging_mixin.py:149} INFO - [2023-06-23T13:44:46.347+0000] {dag.py:2726} INFO - Sync 1 DAGs
[2023-06-23T13:44:46.380+0000] {logging_mixin.py:149} INFO - [2023-06-23T13:44:46.380+0000] {dag.py:3490} INFO - Setting next_dagrun for example_sla_dag to 2023-06-23T13:42:00+00:00, run_after=2023-06-23T13:44:00+00:00
[2023-06-23T13:44:46.401+0000] {processor.py:179} INFO - Processing /home/airflow/.local/lib/python3.7/site-packages/airflow/example_dags/example_sla_dag.py took 0.090 seconds
[2023-06-23T13:45:16.592+0000] {processor.py:157} INFO - Started process (PID=907) to work on /home/airflow/.local/lib/python3.7/site-packages/airflow/example_dags/example_sla_dag.py
[2023-06-23T13:45:16.593+0000] {processor.py:826} INFO - Processing file /home/airflow/.local/lib/python3.7/site-packages/airflow/example_dags/example_sla_dag.py for tasks to queue
[2023-06-23T13:45:16.594+0000] {logging_mixin.py:149} INFO - [2023-06-23T13:45:16.594+0000] {dagbag.py:541} INFO - Filling up the DagBag from /home/airflow/.local/lib/python3.7/site-packages/airflow/example_dags/example_sla_dag.py
[2023-06-23T13:45:16.602+0000] {processor.py:836} INFO - DAG(s) dict_keys(['example_sla_dag']) retrieved from /home/airflow/.local/lib/python3.7/site-packages/airflow/example_dags/example_sla_dag.py
[2023-06-23T13:45:16.625+0000] {logging_mixin.py:149} INFO - [2023-06-23T13:45:16.625+0000] {dag.py:2726} INFO - Sync 1 DAGs
[2023-06-23T13:45:16.652+0000] {logging_mixin.py:149} INFO - [2023-06-23T13:45:16.652+0000] {dag.py:3490} INFO - Setting next_dagrun for example_sla_dag to 2023-06-23T13:42:00+00:00, run_after=2023-06-23T13:44:00+00:00
[2023-06-23T13:45:16.673+0000] {processor.py:179} INFO - Processing /home/airflow/.local/lib/python3.7/site-packages/airflow/example_dags/example_sla_dag.py took 0.084 seconds
[2023-06-23T13:45:46.817+0000] {processor.py:157} INFO - Started process (PID=973) to work on /home/airflow/.local/lib/python3.7/site-packages/airflow/example_dags/example_sla_dag.py
[2023-06-23T13:45:46.818+0000] {processor.py:826} INFO - Processing file /home/airflow/.local/lib/python3.7/site-packages/airflow/example_dags/example_sla_dag.py for tasks to queue
[2023-06-23T13:45:46.819+0000] {logging_mixin.py:149} INFO - [2023-06-23T13:45:46.819+0000] {dagbag.py:541} INFO - Filling up the DagBag from /home/airflow/.local/lib/python3.7/site-packages/airflow/example_dags/example_sla_dag.py
[2023-06-23T13:45:46.827+0000] {processor.py:836} INFO - DAG(s) dict_keys(['example_sla_dag']) retrieved from /home/airflow/.local/lib/python3.7/site-packages/airflow/example_dags/example_sla_dag.py
[2023-06-23T13:45:46.848+0000] {logging_mixin.py:149} INFO - [2023-06-23T13:45:46.848+0000] {dag.py:2726} INFO - Sync 1 DAGs
[2023-06-23T13:45:46.875+0000] {logging_mixin.py:149} INFO - [2023-06-23T13:45:46.875+0000] {dag.py:3490} INFO - Setting next_dagrun for example_sla_dag to 2023-06-23T13:42:00+00:00, run_after=2023-06-23T13:44:00+00:00
[2023-06-23T13:45:46.893+0000] {processor.py:179} INFO - Processing /home/airflow/.local/lib/python3.7/site-packages/airflow/example_dags/example_sla_dag.py took 0.079 seconds
[2023-06-23T13:46:17.118+0000] {processor.py:157} INFO - Started process (PID=1039) to work on /home/airflow/.local/lib/python3.7/site-packages/airflow/example_dags/example_sla_dag.py
[2023-06-23T13:46:17.120+0000] {processor.py:826} INFO - Processing file /home/airflow/.local/lib/python3.7/site-packages/airflow/example_dags/example_sla_dag.py for tasks to queue
[2023-06-23T13:46:17.121+0000] {logging_mixin.py:149} INFO - [2023-06-23T13:46:17.121+0000] {dagbag.py:541} INFO - Filling up the DagBag from /home/airflow/.local/lib/python3.7/site-packages/airflow/example_dags/example_sla_dag.py
[2023-06-23T13:46:17.129+0000] {processor.py:836} INFO - DAG(s) dict_keys(['example_sla_dag']) retrieved from /home/airflow/.local/lib/python3.7/site-packages/airflow/example_dags/example_sla_dag.py
[2023-06-23T13:46:17.151+0000] {logging_mixin.py:149} INFO - [2023-06-23T13:46:17.151+0000] {dag.py:2726} INFO - Sync 1 DAGs
[2023-06-23T13:46:17.180+0000] {logging_mixin.py:149} INFO - [2023-06-23T13:46:17.180+0000] {dag.py:3490} INFO - Setting next_dagrun for example_sla_dag to 2023-06-23T13:44:00+00:00, run_after=2023-06-23T13:46:00+00:00
[2023-06-23T13:46:17.200+0000] {processor.py:179} INFO - Processing /home/airflow/.local/lib/python3.7/site-packages/airflow/example_dags/example_sla_dag.py took 0.084 seconds
[2023-06-23T13:46:47.400+0000] {processor.py:157} INFO - Started process (PID=1105) to work on /home/airflow/.local/lib/python3.7/site-packages/airflow/example_dags/example_sla_dag.py
[2023-06-23T13:46:47.401+0000] {processor.py:826} INFO - Processing file /home/airflow/.local/lib/python3.7/site-packages/airflow/example_dags/example_sla_dag.py for tasks to queue
[2023-06-23T13:46:47.402+0000] {logging_mixin.py:149} INFO - [2023-06-23T13:46:47.402+0000] {dagbag.py:541} INFO - Filling up the DagBag from /home/airflow/.local/lib/python3.7/site-packages/airflow/example_dags/example_sla_dag.py
[2023-06-23T13:46:47.410+0000] {processor.py:836} INFO - DAG(s) dict_keys(['example_sla_dag']) retrieved from /home/airflow/.local/lib/python3.7/site-packages/airflow/example_dags/example_sla_dag.py
[2023-06-23T13:46:47.433+0000] {logging_mixin.py:149} INFO - [2023-06-23T13:46:47.433+0000] {dag.py:2726} INFO - Sync 1 DAGs
[2023-06-23T13:46:47.465+0000] {logging_mixin.py:149} INFO - [2023-06-23T13:46:47.465+0000] {dag.py:3490} INFO - Setting next_dagrun for example_sla_dag to 2023-06-23T13:44:00+00:00, run_after=2023-06-23T13:46:00+00:00
[2023-06-23T13:46:47.491+0000] {processor.py:179} INFO - Processing /home/airflow/.local/lib/python3.7/site-packages/airflow/example_dags/example_sla_dag.py took 0.094 seconds
[2023-06-23T13:47:17.769+0000] {processor.py:157} INFO - Started process (PID=1171) to work on /home/airflow/.local/lib/python3.7/site-packages/airflow/example_dags/example_sla_dag.py
[2023-06-23T13:47:17.771+0000] {processor.py:826} INFO - Processing file /home/airflow/.local/lib/python3.7/site-packages/airflow/example_dags/example_sla_dag.py for tasks to queue
[2023-06-23T13:47:17.771+0000] {logging_mixin.py:149} INFO - [2023-06-23T13:47:17.771+0000] {dagbag.py:541} INFO - Filling up the DagBag from /home/airflow/.local/lib/python3.7/site-packages/airflow/example_dags/example_sla_dag.py
[2023-06-23T13:47:17.779+0000] {processor.py:836} INFO - DAG(s) dict_keys(['example_sla_dag']) retrieved from /home/airflow/.local/lib/python3.7/site-packages/airflow/example_dags/example_sla_dag.py
[2023-06-23T13:47:17.801+0000] {logging_mixin.py:149} INFO - [2023-06-23T13:47:17.801+0000] {dag.py:2726} INFO - Sync 1 DAGs
[2023-06-23T13:47:17.827+0000] {logging_mixin.py:149} INFO - [2023-06-23T13:47:17.827+0000] {dag.py:3490} INFO - Setting next_dagrun for example_sla_dag to 2023-06-23T13:44:00+00:00, run_after=2023-06-23T13:46:00+00:00
[2023-06-23T13:47:17.846+0000] {processor.py:179} INFO - Processing /home/airflow/.local/lib/python3.7/site-packages/airflow/example_dags/example_sla_dag.py took 0.079 seconds
[2023-06-23T13:47:48.157+0000] {processor.py:157} INFO - Started process (PID=1238) to work on /home/airflow/.local/lib/python3.7/site-packages/airflow/example_dags/example_sla_dag.py
[2023-06-23T13:47:48.158+0000] {processor.py:826} INFO - Processing file /home/airflow/.local/lib/python3.7/site-packages/airflow/example_dags/example_sla_dag.py for tasks to queue
[2023-06-23T13:47:48.158+0000] {logging_mixin.py:149} INFO - [2023-06-23T13:47:48.158+0000] {dagbag.py:541} INFO - Filling up the DagBag from /home/airflow/.local/lib/python3.7/site-packages/airflow/example_dags/example_sla_dag.py
[2023-06-23T13:47:48.166+0000] {processor.py:836} INFO - DAG(s) dict_keys(['example_sla_dag']) retrieved from /home/airflow/.local/lib/python3.7/site-packages/airflow/example_dags/example_sla_dag.py
[2023-06-23T13:47:48.188+0000] {logging_mixin.py:149} INFO - [2023-06-23T13:47:48.188+0000] {dag.py:2726} INFO - Sync 1 DAGs
[2023-06-23T13:47:48.216+0000] {logging_mixin.py:149} INFO - [2023-06-23T13:47:48.216+0000] {dag.py:3490} INFO - Setting next_dagrun for example_sla_dag to 2023-06-23T13:44:00+00:00, run_after=2023-06-23T13:46:00+00:00
[2023-06-23T13:47:48.233+0000] {processor.py:179} INFO - Processing /home/airflow/.local/lib/python3.7/site-packages/airflow/example_dags/example_sla_dag.py took 0.079 seconds
[2023-06-23T13:48:18.485+0000] {processor.py:157} INFO - Started process (PID=1304) to work on /home/airflow/.local/lib/python3.7/site-packages/airflow/example_dags/example_sla_dag.py
[2023-06-23T13:48:18.486+0000] {processor.py:826} INFO - Processing file /home/airflow/.local/lib/python3.7/site-packages/airflow/example_dags/example_sla_dag.py for tasks to queue
[2023-06-23T13:48:18.487+0000] {logging_mixin.py:149} INFO - [2023-06-23T13:48:18.487+0000] {dagbag.py:541} INFO - Filling up the DagBag from /home/airflow/.local/lib/python3.7/site-packages/airflow/example_dags/example_sla_dag.py
[2023-06-23T13:48:18.495+0000] {processor.py:836} INFO - DAG(s) dict_keys(['example_sla_dag']) retrieved from /home/airflow/.local/lib/python3.7/site-packages/airflow/example_dags/example_sla_dag.py
[2023-06-23T13:48:18.519+0000] {logging_mixin.py:149} INFO - [2023-06-23T13:48:18.519+0000] {dag.py:2726} INFO - Sync 1 DAGs
[2023-06-23T13:48:18.548+0000] {logging_mixin.py:149} INFO - [2023-06-23T13:48:18.548+0000] {dag.py:3490} INFO - Setting next_dagrun for example_sla_dag to 2023-06-23T13:46:00+00:00, run_after=2023-06-23T13:48:00+00:00
[2023-06-23T13:48:18.568+0000] {processor.py:179} INFO - Processing /home/airflow/.local/lib/python3.7/site-packages/airflow/example_dags/example_sla_dag.py took 0.085 seconds
[2023-06-23T13:48:49.164+0000] {processor.py:157} INFO - Started process (PID=1370) to work on /home/airflow/.local/lib/python3.7/site-packages/airflow/example_dags/example_sla_dag.py
[2023-06-23T13:48:49.165+0000] {processor.py:826} INFO - Processing file /home/airflow/.local/lib/python3.7/site-packages/airflow/example_dags/example_sla_dag.py for tasks to queue
[2023-06-23T13:48:49.166+0000] {logging_mixin.py:149} INFO - [2023-06-23T13:48:49.166+0000] {dagbag.py:541} INFO - Filling up the DagBag from /home/airflow/.local/lib/python3.7/site-packages/airflow/example_dags/example_sla_dag.py
[2023-06-23T13:48:49.173+0000] {processor.py:836} INFO - DAG(s) dict_keys(['example_sla_dag']) retrieved from /home/airflow/.local/lib/python3.7/site-packages/airflow/example_dags/example_sla_dag.py
[2023-06-23T13:48:49.200+0000] {logging_mixin.py:149} INFO - [2023-06-23T13:48:49.200+0000] {dag.py:2726} INFO - Sync 1 DAGs
[2023-06-23T13:48:49.228+0000] {logging_mixin.py:149} INFO - [2023-06-23T13:48:49.228+0000] {dag.py:3490} INFO - Setting next_dagrun for example_sla_dag to 2023-06-23T13:46:00+00:00, run_after=2023-06-23T13:48:00+00:00
[2023-06-23T13:48:49.248+0000] {processor.py:179} INFO - Processing /home/airflow/.local/lib/python3.7/site-packages/airflow/example_dags/example_sla_dag.py took 0.087 seconds
[2023-06-23T13:49:19.388+0000] {processor.py:157} INFO - Started process (PID=1436) to work on /home/airflow/.local/lib/python3.7/site-packages/airflow/example_dags/example_sla_dag.py
[2023-06-23T13:49:19.389+0000] {processor.py:826} INFO - Processing file /home/airflow/.local/lib/python3.7/site-packages/airflow/example_dags/example_sla_dag.py for tasks to queue
[2023-06-23T13:49:19.390+0000] {logging_mixin.py:149} INFO - [2023-06-23T13:49:19.390+0000] {dagbag.py:541} INFO - Filling up the DagBag from /home/airflow/.local/lib/python3.7/site-packages/airflow/example_dags/example_sla_dag.py
[2023-06-23T13:49:19.398+0000] {processor.py:836} INFO - DAG(s) dict_keys(['example_sla_dag']) retrieved from /home/airflow/.local/lib/python3.7/site-packages/airflow/example_dags/example_sla_dag.py
[2023-06-23T13:49:19.420+0000] {logging_mixin.py:149} INFO - [2023-06-23T13:49:19.420+0000] {dag.py:2726} INFO - Sync 1 DAGs
[2023-06-23T13:49:19.447+0000] {logging_mixin.py:149} INFO - [2023-06-23T13:49:19.447+0000] {dag.py:3490} INFO - Setting next_dagrun for example_sla_dag to 2023-06-23T13:46:00+00:00, run_after=2023-06-23T13:48:00+00:00
[2023-06-23T13:49:19.466+0000] {processor.py:179} INFO - Processing /home/airflow/.local/lib/python3.7/site-packages/airflow/example_dags/example_sla_dag.py took 0.081 seconds
[2023-06-23T13:49:49.883+0000] {processor.py:157} INFO - Started process (PID=1502) to work on /home/airflow/.local/lib/python3.7/site-packages/airflow/example_dags/example_sla_dag.py
[2023-06-23T13:49:49.884+0000] {processor.py:826} INFO - Processing file /home/airflow/.local/lib/python3.7/site-packages/airflow/example_dags/example_sla_dag.py for tasks to queue
[2023-06-23T13:49:49.885+0000] {logging_mixin.py:149} INFO - [2023-06-23T13:49:49.885+0000] {dagbag.py:541} INFO - Filling up the DagBag from /home/airflow/.local/lib/python3.7/site-packages/airflow/example_dags/example_sla_dag.py
[2023-06-23T13:49:49.892+0000] {processor.py:836} INFO - DAG(s) dict_keys(['example_sla_dag']) retrieved from /home/airflow/.local/lib/python3.7/site-packages/airflow/example_dags/example_sla_dag.py
[2023-06-23T13:49:49.917+0000] {logging_mixin.py:149} INFO - [2023-06-23T13:49:49.917+0000] {dag.py:2726} INFO - Sync 1 DAGs
[2023-06-23T13:49:49.945+0000] {logging_mixin.py:149} INFO - [2023-06-23T13:49:49.945+0000] {dag.py:3490} INFO - Setting next_dagrun for example_sla_dag to 2023-06-23T13:46:00+00:00, run_after=2023-06-23T13:48:00+00:00
[2023-06-23T13:49:49.964+0000] {processor.py:179} INFO - Processing /home/airflow/.local/lib/python3.7/site-packages/airflow/example_dags/example_sla_dag.py took 0.084 seconds
[2023-06-23T13:50:20.239+0000] {processor.py:157} INFO - Started process (PID=1569) to work on /home/airflow/.local/lib/python3.7/site-packages/airflow/example_dags/example_sla_dag.py
[2023-06-23T13:50:20.241+0000] {processor.py:826} INFO - Processing file /home/airflow/.local/lib/python3.7/site-packages/airflow/example_dags/example_sla_dag.py for tasks to queue
[2023-06-23T13:50:20.242+0000] {logging_mixin.py:149} INFO - [2023-06-23T13:50:20.241+0000] {dagbag.py:541} INFO - Filling up the DagBag from /home/airflow/.local/lib/python3.7/site-packages/airflow/example_dags/example_sla_dag.py
[2023-06-23T13:50:20.250+0000] {processor.py:836} INFO - DAG(s) dict_keys(['example_sla_dag']) retrieved from /home/airflow/.local/lib/python3.7/site-packages/airflow/example_dags/example_sla_dag.py
[2023-06-23T13:50:20.273+0000] {logging_mixin.py:149} INFO - [2023-06-23T13:50:20.273+0000] {dag.py:2726} INFO - Sync 1 DAGs
[2023-06-23T13:50:20.305+0000] {logging_mixin.py:149} INFO - [2023-06-23T13:50:20.304+0000] {dag.py:3490} INFO - Setting next_dagrun for example_sla_dag to 2023-06-23T13:48:00+00:00, run_after=2023-06-23T13:50:00+00:00
[2023-06-23T13:50:20.324+0000] {processor.py:179} INFO - Processing /home/airflow/.local/lib/python3.7/site-packages/airflow/example_dags/example_sla_dag.py took 0.088 seconds
[2023-06-23T13:50:50.511+0000] {processor.py:157} INFO - Started process (PID=1636) to work on /home/airflow/.local/lib/python3.7/site-packages/airflow/example_dags/example_sla_dag.py
[2023-06-23T13:50:50.512+0000] {processor.py:826} INFO - Processing file /home/airflow/.local/lib/python3.7/site-packages/airflow/example_dags/example_sla_dag.py for tasks to queue
[2023-06-23T13:50:50.513+0000] {logging_mixin.py:149} INFO - [2023-06-23T13:50:50.512+0000] {dagbag.py:541} INFO - Filling up the DagBag from /home/airflow/.local/lib/python3.7/site-packages/airflow/example_dags/example_sla_dag.py
[2023-06-23T13:50:50.521+0000] {processor.py:836} INFO - DAG(s) dict_keys(['example_sla_dag']) retrieved from /home/airflow/.local/lib/python3.7/site-packages/airflow/example_dags/example_sla_dag.py
[2023-06-23T13:50:50.542+0000] {logging_mixin.py:149} INFO - [2023-06-23T13:50:50.542+0000] {dag.py:2726} INFO - Sync 1 DAGs
[2023-06-23T13:50:50.568+0000] {logging_mixin.py:149} INFO - [2023-06-23T13:50:50.568+0000] {dag.py:3490} INFO - Setting next_dagrun for example_sla_dag to 2023-06-23T13:48:00+00:00, run_after=2023-06-23T13:50:00+00:00
[2023-06-23T13:50:50.587+0000] {processor.py:179} INFO - Processing /home/airflow/.local/lib/python3.7/site-packages/airflow/example_dags/example_sla_dag.py took 0.079 seconds
[2023-06-23T13:51:21.170+0000] {processor.py:157} INFO - Started process (PID=1702) to work on /home/airflow/.local/lib/python3.7/site-packages/airflow/example_dags/example_sla_dag.py
[2023-06-23T13:51:21.171+0000] {processor.py:826} INFO - Processing file /home/airflow/.local/lib/python3.7/site-packages/airflow/example_dags/example_sla_dag.py for tasks to queue
[2023-06-23T13:51:21.172+0000] {logging_mixin.py:149} INFO - [2023-06-23T13:51:21.172+0000] {dagbag.py:541} INFO - Filling up the DagBag from /home/airflow/.local/lib/python3.7/site-packages/airflow/example_dags/example_sla_dag.py
[2023-06-23T13:51:21.179+0000] {processor.py:836} INFO - DAG(s) dict_keys(['example_sla_dag']) retrieved from /home/airflow/.local/lib/python3.7/site-packages/airflow/example_dags/example_sla_dag.py
[2023-06-23T13:51:21.202+0000] {logging_mixin.py:149} INFO - [2023-06-23T13:51:21.202+0000] {dag.py:2726} INFO - Sync 1 DAGs
[2023-06-23T13:51:21.232+0000] {logging_mixin.py:149} INFO - [2023-06-23T13:51:21.232+0000] {dag.py:3490} INFO - Setting next_dagrun for example_sla_dag to 2023-06-23T13:48:00+00:00, run_after=2023-06-23T13:50:00+00:00
[2023-06-23T13:51:21.252+0000] {processor.py:179} INFO - Processing /home/airflow/.local/lib/python3.7/site-packages/airflow/example_dags/example_sla_dag.py took 0.085 seconds
[2023-06-23T13:51:51.498+0000] {processor.py:157} INFO - Started process (PID=1768) to work on /home/airflow/.local/lib/python3.7/site-packages/airflow/example_dags/example_sla_dag.py
[2023-06-23T13:51:51.499+0000] {processor.py:826} INFO - Processing file /home/airflow/.local/lib/python3.7/site-packages/airflow/example_dags/example_sla_dag.py for tasks to queue
[2023-06-23T13:51:51.500+0000] {logging_mixin.py:149} INFO - [2023-06-23T13:51:51.500+0000] {dagbag.py:541} INFO - Filling up the DagBag from /home/airflow/.local/lib/python3.7/site-packages/airflow/example_dags/example_sla_dag.py
[2023-06-23T13:51:51.508+0000] {processor.py:836} INFO - DAG(s) dict_keys(['example_sla_dag']) retrieved from /home/airflow/.local/lib/python3.7/site-packages/airflow/example_dags/example_sla_dag.py
[2023-06-23T13:51:51.531+0000] {logging_mixin.py:149} INFO - [2023-06-23T13:51:51.531+0000] {dag.py:2726} INFO - Sync 1 DAGs
[2023-06-23T13:51:51.558+0000] {logging_mixin.py:149} INFO - [2023-06-23T13:51:51.558+0000] {dag.py:3490} INFO - Setting next_dagrun for example_sla_dag to 2023-06-23T13:48:00+00:00, run_after=2023-06-23T13:50:00+00:00
[2023-06-23T13:51:51.579+0000] {processor.py:179} INFO - Processing /home/airflow/.local/lib/python3.7/site-packages/airflow/example_dags/example_sla_dag.py took 0.084 seconds
[2023-06-23T13:52:21.871+0000] {processor.py:157} INFO - Started process (PID=1834) to work on /home/airflow/.local/lib/python3.7/site-packages/airflow/example_dags/example_sla_dag.py
[2023-06-23T13:52:21.872+0000] {processor.py:826} INFO - Processing file /home/airflow/.local/lib/python3.7/site-packages/airflow/example_dags/example_sla_dag.py for tasks to queue
[2023-06-23T13:52:21.873+0000] {logging_mixin.py:149} INFO - [2023-06-23T13:52:21.873+0000] {dagbag.py:541} INFO - Filling up the DagBag from /home/airflow/.local/lib/python3.7/site-packages/airflow/example_dags/example_sla_dag.py
[2023-06-23T13:52:21.881+0000] {processor.py:836} INFO - DAG(s) dict_keys(['example_sla_dag']) retrieved from /home/airflow/.local/lib/python3.7/site-packages/airflow/example_dags/example_sla_dag.py
[2023-06-23T13:52:21.905+0000] {logging_mixin.py:149} INFO - [2023-06-23T13:52:21.905+0000] {dag.py:2726} INFO - Sync 1 DAGs
[2023-06-23T13:52:21.935+0000] {logging_mixin.py:149} INFO - [2023-06-23T13:52:21.934+0000] {dag.py:3490} INFO - Setting next_dagrun for example_sla_dag to 2023-06-23T13:50:00+00:00, run_after=2023-06-23T13:52:00+00:00
[2023-06-23T13:52:21.955+0000] {processor.py:179} INFO - Processing /home/airflow/.local/lib/python3.7/site-packages/airflow/example_dags/example_sla_dag.py took 0.087 seconds
[2023-06-23T13:52:52.081+0000] {processor.py:157} INFO - Started process (PID=1900) to work on /home/airflow/.local/lib/python3.7/site-packages/airflow/example_dags/example_sla_dag.py
[2023-06-23T13:52:52.082+0000] {processor.py:826} INFO - Processing file /home/airflow/.local/lib/python3.7/site-packages/airflow/example_dags/example_sla_dag.py for tasks to queue
[2023-06-23T13:52:52.083+0000] {logging_mixin.py:149} INFO - [2023-06-23T13:52:52.083+0000] {dagbag.py:541} INFO - Filling up the DagBag from /home/airflow/.local/lib/python3.7/site-packages/airflow/example_dags/example_sla_dag.py
[2023-06-23T13:52:52.091+0000] {processor.py:836} INFO - DAG(s) dict_keys(['example_sla_dag']) retrieved from /home/airflow/.local/lib/python3.7/site-packages/airflow/example_dags/example_sla_dag.py
[2023-06-23T13:52:52.113+0000] {logging_mixin.py:149} INFO - [2023-06-23T13:52:52.113+0000] {dag.py:2726} INFO - Sync 1 DAGs
[2023-06-23T13:52:52.140+0000] {logging_mixin.py:149} INFO - [2023-06-23T13:52:52.140+0000] {dag.py:3490} INFO - Setting next_dagrun for example_sla_dag to 2023-06-23T13:50:00+00:00, run_after=2023-06-23T13:52:00+00:00
[2023-06-23T13:52:52.159+0000] {processor.py:179} INFO - Processing /home/airflow/.local/lib/python3.7/site-packages/airflow/example_dags/example_sla_dag.py took 0.081 seconds
[2023-06-23T13:53:23.018+0000] {processor.py:157} INFO - Started process (PID=1966) to work on /home/airflow/.local/lib/python3.7/site-packages/airflow/example_dags/example_sla_dag.py
[2023-06-23T13:53:23.020+0000] {processor.py:826} INFO - Processing file /home/airflow/.local/lib/python3.7/site-packages/airflow/example_dags/example_sla_dag.py for tasks to queue
[2023-06-23T13:53:23.021+0000] {logging_mixin.py:149} INFO - [2023-06-23T13:53:23.020+0000] {dagbag.py:541} INFO - Filling up the DagBag from /home/airflow/.local/lib/python3.7/site-packages/airflow/example_dags/example_sla_dag.py
[2023-06-23T13:53:23.030+0000] {processor.py:836} INFO - DAG(s) dict_keys(['example_sla_dag']) retrieved from /home/airflow/.local/lib/python3.7/site-packages/airflow/example_dags/example_sla_dag.py
[2023-06-23T13:53:23.059+0000] {logging_mixin.py:149} INFO - [2023-06-23T13:53:23.059+0000] {dag.py:2726} INFO - Sync 1 DAGs
[2023-06-23T13:53:23.091+0000] {logging_mixin.py:149} INFO - [2023-06-23T13:53:23.091+0000] {dag.py:3490} INFO - Setting next_dagrun for example_sla_dag to 2023-06-23T13:50:00+00:00, run_after=2023-06-23T13:52:00+00:00
[2023-06-23T13:53:23.117+0000] {processor.py:179} INFO - Processing /home/airflow/.local/lib/python3.7/site-packages/airflow/example_dags/example_sla_dag.py took 0.101 seconds
[2023-06-23T13:53:54.151+0000] {processor.py:157} INFO - Started process (PID=2032) to work on /home/airflow/.local/lib/python3.7/site-packages/airflow/example_dags/example_sla_dag.py
[2023-06-23T13:53:54.152+0000] {processor.py:826} INFO - Processing file /home/airflow/.local/lib/python3.7/site-packages/airflow/example_dags/example_sla_dag.py for tasks to queue
[2023-06-23T13:53:54.153+0000] {logging_mixin.py:149} INFO - [2023-06-23T13:53:54.153+0000] {dagbag.py:541} INFO - Filling up the DagBag from /home/airflow/.local/lib/python3.7/site-packages/airflow/example_dags/example_sla_dag.py
[2023-06-23T13:53:54.161+0000] {processor.py:836} INFO - DAG(s) dict_keys(['example_sla_dag']) retrieved from /home/airflow/.local/lib/python3.7/site-packages/airflow/example_dags/example_sla_dag.py
[2023-06-23T13:53:54.185+0000] {logging_mixin.py:149} INFO - [2023-06-23T13:53:54.185+0000] {dag.py:2726} INFO - Sync 1 DAGs
[2023-06-23T13:53:54.223+0000] {logging_mixin.py:149} INFO - [2023-06-23T13:53:54.223+0000] {dag.py:3490} INFO - Setting next_dagrun for example_sla_dag to 2023-06-23T13:50:00+00:00, run_after=2023-06-23T13:52:00+00:00
[2023-06-23T13:53:54.246+0000] {processor.py:179} INFO - Processing /home/airflow/.local/lib/python3.7/site-packages/airflow/example_dags/example_sla_dag.py took 0.098 seconds
[2023-06-23T13:54:24.648+0000] {processor.py:157} INFO - Started process (PID=2098) to work on /home/airflow/.local/lib/python3.7/site-packages/airflow/example_dags/example_sla_dag.py
[2023-06-23T13:54:24.649+0000] {processor.py:826} INFO - Processing file /home/airflow/.local/lib/python3.7/site-packages/airflow/example_dags/example_sla_dag.py for tasks to queue
[2023-06-23T13:54:24.649+0000] {logging_mixin.py:149} INFO - [2023-06-23T13:54:24.649+0000] {dagbag.py:541} INFO - Filling up the DagBag from /home/airflow/.local/lib/python3.7/site-packages/airflow/example_dags/example_sla_dag.py
[2023-06-23T13:54:24.657+0000] {processor.py:836} INFO - DAG(s) dict_keys(['example_sla_dag']) retrieved from /home/airflow/.local/lib/python3.7/site-packages/airflow/example_dags/example_sla_dag.py
[2023-06-23T13:54:24.678+0000] {logging_mixin.py:149} INFO - [2023-06-23T13:54:24.678+0000] {dag.py:2726} INFO - Sync 1 DAGs
[2023-06-23T13:54:24.705+0000] {logging_mixin.py:149} INFO - [2023-06-23T13:54:24.705+0000] {dag.py:3490} INFO - Setting next_dagrun for example_sla_dag to 2023-06-23T13:52:00+00:00, run_after=2023-06-23T13:54:00+00:00
[2023-06-23T13:54:24.722+0000] {processor.py:179} INFO - Processing /home/airflow/.local/lib/python3.7/site-packages/airflow/example_dags/example_sla_dag.py took 0.078 seconds
[2023-06-23T13:54:55.150+0000] {processor.py:157} INFO - Started process (PID=2164) to work on /home/airflow/.local/lib/python3.7/site-packages/airflow/example_dags/example_sla_dag.py
[2023-06-23T13:54:55.151+0000] {processor.py:826} INFO - Processing file /home/airflow/.local/lib/python3.7/site-packages/airflow/example_dags/example_sla_dag.py for tasks to queue
[2023-06-23T13:54:55.152+0000] {logging_mixin.py:149} INFO - [2023-06-23T13:54:55.152+0000] {dagbag.py:541} INFO - Filling up the DagBag from /home/airflow/.local/lib/python3.7/site-packages/airflow/example_dags/example_sla_dag.py
[2023-06-23T13:54:55.160+0000] {processor.py:836} INFO - DAG(s) dict_keys(['example_sla_dag']) retrieved from /home/airflow/.local/lib/python3.7/site-packages/airflow/example_dags/example_sla_dag.py
[2023-06-23T13:54:55.182+0000] {logging_mixin.py:149} INFO - [2023-06-23T13:54:55.182+0000] {dag.py:2726} INFO - Sync 1 DAGs
[2023-06-23T13:54:55.211+0000] {logging_mixin.py:149} INFO - [2023-06-23T13:54:55.211+0000] {dag.py:3490} INFO - Setting next_dagrun for example_sla_dag to 2023-06-23T13:52:00+00:00, run_after=2023-06-23T13:54:00+00:00
[2023-06-23T13:54:55.231+0000] {processor.py:179} INFO - Processing /home/airflow/.local/lib/python3.7/site-packages/airflow/example_dags/example_sla_dag.py took 0.083 seconds
[2023-06-23T13:55:25.529+0000] {processor.py:157} INFO - Started process (PID=2230) to work on /home/airflow/.local/lib/python3.7/site-packages/airflow/example_dags/example_sla_dag.py
[2023-06-23T13:55:25.530+0000] {processor.py:826} INFO - Processing file /home/airflow/.local/lib/python3.7/site-packages/airflow/example_dags/example_sla_dag.py for tasks to queue
[2023-06-23T13:55:25.531+0000] {logging_mixin.py:149} INFO - [2023-06-23T13:55:25.531+0000] {dagbag.py:541} INFO - Filling up the DagBag from /home/airflow/.local/lib/python3.7/site-packages/airflow/example_dags/example_sla_dag.py
[2023-06-23T13:55:25.539+0000] {processor.py:836} INFO - DAG(s) dict_keys(['example_sla_dag']) retrieved from /home/airflow/.local/lib/python3.7/site-packages/airflow/example_dags/example_sla_dag.py
[2023-06-23T13:55:25.563+0000] {logging_mixin.py:149} INFO - [2023-06-23T13:55:25.562+0000] {dag.py:2726} INFO - Sync 1 DAGs
[2023-06-23T13:55:25.590+0000] {logging_mixin.py:149} INFO - [2023-06-23T13:55:25.590+0000] {dag.py:3490} INFO - Setting next_dagrun for example_sla_dag to 2023-06-23T13:52:00+00:00, run_after=2023-06-23T13:54:00+00:00
[2023-06-23T13:55:25.609+0000] {processor.py:179} INFO - Processing /home/airflow/.local/lib/python3.7/site-packages/airflow/example_dags/example_sla_dag.py took 0.083 seconds
[2023-06-23T13:55:55.911+0000] {processor.py:157} INFO - Started process (PID=2296) to work on /home/airflow/.local/lib/python3.7/site-packages/airflow/example_dags/example_sla_dag.py
[2023-06-23T13:55:55.912+0000] {processor.py:826} INFO - Processing file /home/airflow/.local/lib/python3.7/site-packages/airflow/example_dags/example_sla_dag.py for tasks to queue
[2023-06-23T13:55:55.912+0000] {logging_mixin.py:149} INFO - [2023-06-23T13:55:55.912+0000] {dagbag.py:541} INFO - Filling up the DagBag from /home/airflow/.local/lib/python3.7/site-packages/airflow/example_dags/example_sla_dag.py
[2023-06-23T13:55:55.922+0000] {processor.py:836} INFO - DAG(s) dict_keys(['example_sla_dag']) retrieved from /home/airflow/.local/lib/python3.7/site-packages/airflow/example_dags/example_sla_dag.py
[2023-06-23T13:55:55.944+0000] {logging_mixin.py:149} INFO - [2023-06-23T13:55:55.944+0000] {dag.py:2726} INFO - Sync 1 DAGs
[2023-06-23T13:55:55.972+0000] {logging_mixin.py:149} INFO - [2023-06-23T13:55:55.972+0000] {dag.py:3490} INFO - Setting next_dagrun for example_sla_dag to 2023-06-23T13:52:00+00:00, run_after=2023-06-23T13:54:00+00:00
[2023-06-23T13:55:55.991+0000] {processor.py:179} INFO - Processing /home/airflow/.local/lib/python3.7/site-packages/airflow/example_dags/example_sla_dag.py took 0.083 seconds
[2023-06-23T13:56:26.463+0000] {processor.py:157} INFO - Started process (PID=2362) to work on /home/airflow/.local/lib/python3.7/site-packages/airflow/example_dags/example_sla_dag.py
[2023-06-23T13:56:26.465+0000] {processor.py:826} INFO - Processing file /home/airflow/.local/lib/python3.7/site-packages/airflow/example_dags/example_sla_dag.py for tasks to queue
[2023-06-23T13:56:26.466+0000] {logging_mixin.py:149} INFO - [2023-06-23T13:56:26.465+0000] {dagbag.py:541} INFO - Filling up the DagBag from /home/airflow/.local/lib/python3.7/site-packages/airflow/example_dags/example_sla_dag.py
[2023-06-23T13:56:26.474+0000] {processor.py:836} INFO - DAG(s) dict_keys(['example_sla_dag']) retrieved from /home/airflow/.local/lib/python3.7/site-packages/airflow/example_dags/example_sla_dag.py
[2023-06-23T13:56:26.498+0000] {logging_mixin.py:149} INFO - [2023-06-23T13:56:26.498+0000] {dag.py:2726} INFO - Sync 1 DAGs
[2023-06-23T13:56:26.529+0000] {logging_mixin.py:149} INFO - [2023-06-23T13:56:26.529+0000] {dag.py:3490} INFO - Setting next_dagrun for example_sla_dag to 2023-06-23T13:54:00+00:00, run_after=2023-06-23T13:56:00+00:00
[2023-06-23T13:56:26.548+0000] {processor.py:179} INFO - Processing /home/airflow/.local/lib/python3.7/site-packages/airflow/example_dags/example_sla_dag.py took 0.087 seconds
[2023-06-23T13:56:56.837+0000] {processor.py:157} INFO - Started process (PID=2428) to work on /home/airflow/.local/lib/python3.7/site-packages/airflow/example_dags/example_sla_dag.py
[2023-06-23T13:56:56.838+0000] {processor.py:826} INFO - Processing file /home/airflow/.local/lib/python3.7/site-packages/airflow/example_dags/example_sla_dag.py for tasks to queue
[2023-06-23T13:56:56.838+0000] {logging_mixin.py:149} INFO - [2023-06-23T13:56:56.838+0000] {dagbag.py:541} INFO - Filling up the DagBag from /home/airflow/.local/lib/python3.7/site-packages/airflow/example_dags/example_sla_dag.py
[2023-06-23T13:56:56.846+0000] {processor.py:836} INFO - DAG(s) dict_keys(['example_sla_dag']) retrieved from /home/airflow/.local/lib/python3.7/site-packages/airflow/example_dags/example_sla_dag.py
[2023-06-23T13:56:56.869+0000] {logging_mixin.py:149} INFO - [2023-06-23T13:56:56.868+0000] {dag.py:2726} INFO - Sync 1 DAGs
[2023-06-23T13:56:56.896+0000] {logging_mixin.py:149} INFO - [2023-06-23T13:56:56.895+0000] {dag.py:3490} INFO - Setting next_dagrun for example_sla_dag to 2023-06-23T13:54:00+00:00, run_after=2023-06-23T13:56:00+00:00
[2023-06-23T13:56:56.916+0000] {processor.py:179} INFO - Processing /home/airflow/.local/lib/python3.7/site-packages/airflow/example_dags/example_sla_dag.py took 0.082 seconds
[2023-06-23T13:57:27.195+0000] {processor.py:157} INFO - Started process (PID=2494) to work on /home/airflow/.local/lib/python3.7/site-packages/airflow/example_dags/example_sla_dag.py
[2023-06-23T13:57:27.196+0000] {processor.py:826} INFO - Processing file /home/airflow/.local/lib/python3.7/site-packages/airflow/example_dags/example_sla_dag.py for tasks to queue
[2023-06-23T13:57:27.197+0000] {logging_mixin.py:149} INFO - [2023-06-23T13:57:27.197+0000] {dagbag.py:541} INFO - Filling up the DagBag from /home/airflow/.local/lib/python3.7/site-packages/airflow/example_dags/example_sla_dag.py
[2023-06-23T13:57:27.206+0000] {processor.py:836} INFO - DAG(s) dict_keys(['example_sla_dag']) retrieved from /home/airflow/.local/lib/python3.7/site-packages/airflow/example_dags/example_sla_dag.py
[2023-06-23T13:57:27.226+0000] {logging_mixin.py:149} INFO - [2023-06-23T13:57:27.226+0000] {dag.py:2726} INFO - Sync 1 DAGs
[2023-06-23T13:57:27.254+0000] {logging_mixin.py:149} INFO - [2023-06-23T13:57:27.253+0000] {dag.py:3490} INFO - Setting next_dagrun for example_sla_dag to 2023-06-23T13:54:00+00:00, run_after=2023-06-23T13:56:00+00:00
[2023-06-23T13:57:27.271+0000] {processor.py:179} INFO - Processing /home/airflow/.local/lib/python3.7/site-packages/airflow/example_dags/example_sla_dag.py took 0.078 seconds
[2023-06-23T13:57:57.620+0000] {processor.py:157} INFO - Started process (PID=2560) to work on /home/airflow/.local/lib/python3.7/site-packages/airflow/example_dags/example_sla_dag.py
[2023-06-23T13:57:57.621+0000] {processor.py:826} INFO - Processing file /home/airflow/.local/lib/python3.7/site-packages/airflow/example_dags/example_sla_dag.py for tasks to queue
[2023-06-23T13:57:57.622+0000] {logging_mixin.py:149} INFO - [2023-06-23T13:57:57.622+0000] {dagbag.py:541} INFO - Filling up the DagBag from /home/airflow/.local/lib/python3.7/site-packages/airflow/example_dags/example_sla_dag.py
[2023-06-23T13:57:57.629+0000] {processor.py:836} INFO - DAG(s) dict_keys(['example_sla_dag']) retrieved from /home/airflow/.local/lib/python3.7/site-packages/airflow/example_dags/example_sla_dag.py
[2023-06-23T13:57:57.650+0000] {logging_mixin.py:149} INFO - [2023-06-23T13:57:57.650+0000] {dag.py:2726} INFO - Sync 1 DAGs
[2023-06-23T13:57:57.676+0000] {logging_mixin.py:149} INFO - [2023-06-23T13:57:57.676+0000] {dag.py:3490} INFO - Setting next_dagrun for example_sla_dag to 2023-06-23T13:54:00+00:00, run_after=2023-06-23T13:56:00+00:00
[2023-06-23T13:57:57.694+0000] {processor.py:179} INFO - Processing /home/airflow/.local/lib/python3.7/site-packages/airflow/example_dags/example_sla_dag.py took 0.076 seconds
[2023-06-23T13:58:27.883+0000] {processor.py:157} INFO - Started process (PID=2626) to work on /home/airflow/.local/lib/python3.7/site-packages/airflow/example_dags/example_sla_dag.py
[2023-06-23T13:58:27.884+0000] {processor.py:826} INFO - Processing file /home/airflow/.local/lib/python3.7/site-packages/airflow/example_dags/example_sla_dag.py for tasks to queue
[2023-06-23T13:58:27.885+0000] {logging_mixin.py:149} INFO - [2023-06-23T13:58:27.885+0000] {dagbag.py:541} INFO - Filling up the DagBag from /home/airflow/.local/lib/python3.7/site-packages/airflow/example_dags/example_sla_dag.py
[2023-06-23T13:58:27.895+0000] {processor.py:836} INFO - DAG(s) dict_keys(['example_sla_dag']) retrieved from /home/airflow/.local/lib/python3.7/site-packages/airflow/example_dags/example_sla_dag.py
[2023-06-23T13:58:27.918+0000] {logging_mixin.py:149} INFO - [2023-06-23T13:58:27.918+0000] {dag.py:2726} INFO - Sync 1 DAGs
[2023-06-23T13:58:27.948+0000] {logging_mixin.py:149} INFO - [2023-06-23T13:58:27.948+0000] {dag.py:3490} INFO - Setting next_dagrun for example_sla_dag to 2023-06-23T13:56:00+00:00, run_after=2023-06-23T13:58:00+00:00
[2023-06-23T13:58:27.972+0000] {processor.py:179} INFO - Processing /home/airflow/.local/lib/python3.7/site-packages/airflow/example_dags/example_sla_dag.py took 0.091 seconds
[2023-06-23T13:58:58.274+0000] {processor.py:157} INFO - Started process (PID=2692) to work on /home/airflow/.local/lib/python3.7/site-packages/airflow/example_dags/example_sla_dag.py
[2023-06-23T13:58:58.275+0000] {processor.py:826} INFO - Processing file /home/airflow/.local/lib/python3.7/site-packages/airflow/example_dags/example_sla_dag.py for tasks to queue
[2023-06-23T13:58:58.276+0000] {logging_mixin.py:149} INFO - [2023-06-23T13:58:58.276+0000] {dagbag.py:541} INFO - Filling up the DagBag from /home/airflow/.local/lib/python3.7/site-packages/airflow/example_dags/example_sla_dag.py
[2023-06-23T13:58:58.283+0000] {processor.py:836} INFO - DAG(s) dict_keys(['example_sla_dag']) retrieved from /home/airflow/.local/lib/python3.7/site-packages/airflow/example_dags/example_sla_dag.py
[2023-06-23T13:58:58.305+0000] {logging_mixin.py:149} INFO - [2023-06-23T13:58:58.304+0000] {dag.py:2726} INFO - Sync 1 DAGs
[2023-06-23T13:58:58.330+0000] {logging_mixin.py:149} INFO - [2023-06-23T13:58:58.330+0000] {dag.py:3490} INFO - Setting next_dagrun for example_sla_dag to 2023-06-23T13:56:00+00:00, run_after=2023-06-23T13:58:00+00:00
[2023-06-23T13:58:58.348+0000] {processor.py:179} INFO - Processing /home/airflow/.local/lib/python3.7/site-packages/airflow/example_dags/example_sla_dag.py took 0.076 seconds
[2023-06-23T13:59:28.571+0000] {processor.py:157} INFO - Started process (PID=2758) to work on /home/airflow/.local/lib/python3.7/site-packages/airflow/example_dags/example_sla_dag.py
[2023-06-23T13:59:28.572+0000] {processor.py:826} INFO - Processing file /home/airflow/.local/lib/python3.7/site-packages/airflow/example_dags/example_sla_dag.py for tasks to queue
[2023-06-23T13:59:28.573+0000] {logging_mixin.py:149} INFO - [2023-06-23T13:59:28.573+0000] {dagbag.py:541} INFO - Filling up the DagBag from /home/airflow/.local/lib/python3.7/site-packages/airflow/example_dags/example_sla_dag.py
[2023-06-23T13:59:28.583+0000] {processor.py:836} INFO - DAG(s) dict_keys(['example_sla_dag']) retrieved from /home/airflow/.local/lib/python3.7/site-packages/airflow/example_dags/example_sla_dag.py
[2023-06-23T13:59:28.605+0000] {logging_mixin.py:149} INFO - [2023-06-23T13:59:28.604+0000] {dag.py:2726} INFO - Sync 1 DAGs
[2023-06-23T13:59:28.632+0000] {logging_mixin.py:149} INFO - [2023-06-23T13:59:28.632+0000] {dag.py:3490} INFO - Setting next_dagrun for example_sla_dag to 2023-06-23T13:56:00+00:00, run_after=2023-06-23T13:58:00+00:00
[2023-06-23T13:59:28.652+0000] {processor.py:179} INFO - Processing /home/airflow/.local/lib/python3.7/site-packages/airflow/example_dags/example_sla_dag.py took 0.083 seconds
[2023-06-23T13:59:58.860+0000] {processor.py:157} INFO - Started process (PID=2824) to work on /home/airflow/.local/lib/python3.7/site-packages/airflow/example_dags/example_sla_dag.py
[2023-06-23T13:59:58.862+0000] {processor.py:826} INFO - Processing file /home/airflow/.local/lib/python3.7/site-packages/airflow/example_dags/example_sla_dag.py for tasks to queue
[2023-06-23T13:59:58.863+0000] {logging_mixin.py:149} INFO - [2023-06-23T13:59:58.863+0000] {dagbag.py:541} INFO - Filling up the DagBag from /home/airflow/.local/lib/python3.7/site-packages/airflow/example_dags/example_sla_dag.py
[2023-06-23T13:59:58.870+0000] {processor.py:836} INFO - DAG(s) dict_keys(['example_sla_dag']) retrieved from /home/airflow/.local/lib/python3.7/site-packages/airflow/example_dags/example_sla_dag.py
[2023-06-23T13:59:58.893+0000] {logging_mixin.py:149} INFO - [2023-06-23T13:59:58.893+0000] {dag.py:2726} INFO - Sync 1 DAGs
[2023-06-23T13:59:58.923+0000] {logging_mixin.py:149} INFO - [2023-06-23T13:59:58.923+0000] {dag.py:3490} INFO - Setting next_dagrun for example_sla_dag to 2023-06-23T13:56:00+00:00, run_after=2023-06-23T13:58:00+00:00
[2023-06-23T13:59:58.942+0000] {processor.py:179} INFO - Processing /home/airflow/.local/lib/python3.7/site-packages/airflow/example_dags/example_sla_dag.py took 0.085 seconds
[2023-06-23T14:00:29.195+0000] {processor.py:157} INFO - Started process (PID=2890) to work on /home/airflow/.local/lib/python3.7/site-packages/airflow/example_dags/example_sla_dag.py
[2023-06-23T14:00:29.196+0000] {processor.py:826} INFO - Processing file /home/airflow/.local/lib/python3.7/site-packages/airflow/example_dags/example_sla_dag.py for tasks to queue
[2023-06-23T14:00:29.197+0000] {logging_mixin.py:149} INFO - [2023-06-23T14:00:29.197+0000] {dagbag.py:541} INFO - Filling up the DagBag from /home/airflow/.local/lib/python3.7/site-packages/airflow/example_dags/example_sla_dag.py
[2023-06-23T14:00:29.206+0000] {processor.py:836} INFO - DAG(s) dict_keys(['example_sla_dag']) retrieved from /home/airflow/.local/lib/python3.7/site-packages/airflow/example_dags/example_sla_dag.py
[2023-06-23T14:00:29.229+0000] {logging_mixin.py:149} INFO - [2023-06-23T14:00:29.228+0000] {dag.py:2726} INFO - Sync 1 DAGs
[2023-06-23T14:00:29.262+0000] {logging_mixin.py:149} INFO - [2023-06-23T14:00:29.262+0000] {dag.py:3490} INFO - Setting next_dagrun for example_sla_dag to 2023-06-23T13:58:00+00:00, run_after=2023-06-23T14:00:00+00:00
[2023-06-23T14:00:29.284+0000] {processor.py:179} INFO - Processing /home/airflow/.local/lib/python3.7/site-packages/airflow/example_dags/example_sla_dag.py took 0.092 seconds
[2023-06-23T14:00:59.627+0000] {processor.py:157} INFO - Started process (PID=2957) to work on /home/airflow/.local/lib/python3.7/site-packages/airflow/example_dags/example_sla_dag.py
[2023-06-23T14:00:59.628+0000] {processor.py:826} INFO - Processing file /home/airflow/.local/lib/python3.7/site-packages/airflow/example_dags/example_sla_dag.py for tasks to queue
[2023-06-23T14:00:59.629+0000] {logging_mixin.py:149} INFO - [2023-06-23T14:00:59.629+0000] {dagbag.py:541} INFO - Filling up the DagBag from /home/airflow/.local/lib/python3.7/site-packages/airflow/example_dags/example_sla_dag.py
[2023-06-23T14:00:59.637+0000] {processor.py:836} INFO - DAG(s) dict_keys(['example_sla_dag']) retrieved from /home/airflow/.local/lib/python3.7/site-packages/airflow/example_dags/example_sla_dag.py
[2023-06-23T14:00:59.661+0000] {logging_mixin.py:149} INFO - [2023-06-23T14:00:59.661+0000] {dag.py:2726} INFO - Sync 1 DAGs
[2023-06-23T14:00:59.691+0000] {logging_mixin.py:149} INFO - [2023-06-23T14:00:59.691+0000] {dag.py:3490} INFO - Setting next_dagrun for example_sla_dag to 2023-06-23T13:58:00+00:00, run_after=2023-06-23T14:00:00+00:00
[2023-06-23T14:00:59.713+0000] {processor.py:179} INFO - Processing /home/airflow/.local/lib/python3.7/site-packages/airflow/example_dags/example_sla_dag.py took 0.090 seconds
[2023-06-23T14:01:29.871+0000] {processor.py:157} INFO - Started process (PID=3023) to work on /home/airflow/.local/lib/python3.7/site-packages/airflow/example_dags/example_sla_dag.py
[2023-06-23T14:01:29.872+0000] {processor.py:826} INFO - Processing file /home/airflow/.local/lib/python3.7/site-packages/airflow/example_dags/example_sla_dag.py for tasks to queue
[2023-06-23T14:01:29.873+0000] {logging_mixin.py:149} INFO - [2023-06-23T14:01:29.873+0000] {dagbag.py:541} INFO - Filling up the DagBag from /home/airflow/.local/lib/python3.7/site-packages/airflow/example_dags/example_sla_dag.py
[2023-06-23T14:01:29.882+0000] {processor.py:836} INFO - DAG(s) dict_keys(['example_sla_dag']) retrieved from /home/airflow/.local/lib/python3.7/site-packages/airflow/example_dags/example_sla_dag.py
[2023-06-23T14:01:29.903+0000] {logging_mixin.py:149} INFO - [2023-06-23T14:01:29.903+0000] {dag.py:2726} INFO - Sync 1 DAGs
[2023-06-23T14:01:29.930+0000] {logging_mixin.py:149} INFO - [2023-06-23T14:01:29.930+0000] {dag.py:3490} INFO - Setting next_dagrun for example_sla_dag to 2023-06-23T13:58:00+00:00, run_after=2023-06-23T14:00:00+00:00
[2023-06-23T14:01:29.950+0000] {processor.py:179} INFO - Processing /home/airflow/.local/lib/python3.7/site-packages/airflow/example_dags/example_sla_dag.py took 0.081 seconds
[2023-06-23T14:02:00.208+0000] {processor.py:157} INFO - Started process (PID=3089) to work on /home/airflow/.local/lib/python3.7/site-packages/airflow/example_dags/example_sla_dag.py
[2023-06-23T14:02:00.208+0000] {processor.py:826} INFO - Processing file /home/airflow/.local/lib/python3.7/site-packages/airflow/example_dags/example_sla_dag.py for tasks to queue
[2023-06-23T14:02:00.209+0000] {logging_mixin.py:149} INFO - [2023-06-23T14:02:00.209+0000] {dagbag.py:541} INFO - Filling up the DagBag from /home/airflow/.local/lib/python3.7/site-packages/airflow/example_dags/example_sla_dag.py
[2023-06-23T14:02:00.217+0000] {processor.py:836} INFO - DAG(s) dict_keys(['example_sla_dag']) retrieved from /home/airflow/.local/lib/python3.7/site-packages/airflow/example_dags/example_sla_dag.py
[2023-06-23T14:02:00.238+0000] {logging_mixin.py:149} INFO - [2023-06-23T14:02:00.238+0000] {dag.py:2726} INFO - Sync 1 DAGs
[2023-06-23T14:02:00.264+0000] {logging_mixin.py:149} INFO - [2023-06-23T14:02:00.264+0000] {dag.py:3490} INFO - Setting next_dagrun for example_sla_dag to 2023-06-23T14:00:00+00:00, run_after=2023-06-23T14:02:00+00:00
[2023-06-23T14:02:00.282+0000] {processor.py:179} INFO - Processing /home/airflow/.local/lib/python3.7/site-packages/airflow/example_dags/example_sla_dag.py took 0.077 seconds
[2023-06-23T14:02:30.477+0000] {processor.py:157} INFO - Started process (PID=3155) to work on /home/airflow/.local/lib/python3.7/site-packages/airflow/example_dags/example_sla_dag.py
[2023-06-23T14:02:30.478+0000] {processor.py:826} INFO - Processing file /home/airflow/.local/lib/python3.7/site-packages/airflow/example_dags/example_sla_dag.py for tasks to queue
[2023-06-23T14:02:30.479+0000] {logging_mixin.py:149} INFO - [2023-06-23T14:02:30.479+0000] {dagbag.py:541} INFO - Filling up the DagBag from /home/airflow/.local/lib/python3.7/site-packages/airflow/example_dags/example_sla_dag.py
[2023-06-23T14:02:30.490+0000] {processor.py:836} INFO - DAG(s) dict_keys(['example_sla_dag']) retrieved from /home/airflow/.local/lib/python3.7/site-packages/airflow/example_dags/example_sla_dag.py
[2023-06-23T14:02:30.512+0000] {logging_mixin.py:149} INFO - [2023-06-23T14:02:30.512+0000] {dag.py:2726} INFO - Sync 1 DAGs
[2023-06-23T14:02:30.542+0000] {logging_mixin.py:149} INFO - [2023-06-23T14:02:30.542+0000] {dag.py:3490} INFO - Setting next_dagrun for example_sla_dag to 2023-06-23T14:00:00+00:00, run_after=2023-06-23T14:02:00+00:00
[2023-06-23T14:02:30.564+0000] {processor.py:179} INFO - Processing /home/airflow/.local/lib/python3.7/site-packages/airflow/example_dags/example_sla_dag.py took 0.091 seconds
[2023-06-23T14:03:00.862+0000] {processor.py:157} INFO - Started process (PID=3221) to work on /home/airflow/.local/lib/python3.7/site-packages/airflow/example_dags/example_sla_dag.py
[2023-06-23T14:03:00.863+0000] {processor.py:826} INFO - Processing file /home/airflow/.local/lib/python3.7/site-packages/airflow/example_dags/example_sla_dag.py for tasks to queue
[2023-06-23T14:03:00.863+0000] {logging_mixin.py:149} INFO - [2023-06-23T14:03:00.863+0000] {dagbag.py:541} INFO - Filling up the DagBag from /home/airflow/.local/lib/python3.7/site-packages/airflow/example_dags/example_sla_dag.py
[2023-06-23T14:03:00.871+0000] {processor.py:836} INFO - DAG(s) dict_keys(['example_sla_dag']) retrieved from /home/airflow/.local/lib/python3.7/site-packages/airflow/example_dags/example_sla_dag.py
[2023-06-23T14:03:00.892+0000] {logging_mixin.py:149} INFO - [2023-06-23T14:03:00.892+0000] {dag.py:2726} INFO - Sync 1 DAGs
[2023-06-23T14:03:00.917+0000] {logging_mixin.py:149} INFO - [2023-06-23T14:03:00.917+0000] {dag.py:3490} INFO - Setting next_dagrun for example_sla_dag to 2023-06-23T14:00:00+00:00, run_after=2023-06-23T14:02:00+00:00
[2023-06-23T14:03:00.937+0000] {processor.py:179} INFO - Processing /home/airflow/.local/lib/python3.7/site-packages/airflow/example_dags/example_sla_dag.py took 0.078 seconds
[2023-06-23T14:03:31.168+0000] {processor.py:157} INFO - Started process (PID=3287) to work on /home/airflow/.local/lib/python3.7/site-packages/airflow/example_dags/example_sla_dag.py
[2023-06-23T14:03:31.170+0000] {processor.py:826} INFO - Processing file /home/airflow/.local/lib/python3.7/site-packages/airflow/example_dags/example_sla_dag.py for tasks to queue
[2023-06-23T14:03:31.170+0000] {logging_mixin.py:149} INFO - [2023-06-23T14:03:31.170+0000] {dagbag.py:541} INFO - Filling up the DagBag from /home/airflow/.local/lib/python3.7/site-packages/airflow/example_dags/example_sla_dag.py
[2023-06-23T14:03:31.178+0000] {processor.py:836} INFO - DAG(s) dict_keys(['example_sla_dag']) retrieved from /home/airflow/.local/lib/python3.7/site-packages/airflow/example_dags/example_sla_dag.py
[2023-06-23T14:03:31.198+0000] {logging_mixin.py:149} INFO - [2023-06-23T14:03:31.198+0000] {dag.py:2726} INFO - Sync 1 DAGs
[2023-06-23T14:03:31.225+0000] {logging_mixin.py:149} INFO - [2023-06-23T14:03:31.224+0000] {dag.py:3490} INFO - Setting next_dagrun for example_sla_dag to 2023-06-23T14:00:00+00:00, run_after=2023-06-23T14:02:00+00:00
[2023-06-23T14:03:31.243+0000] {processor.py:179} INFO - Processing /home/airflow/.local/lib/python3.7/site-packages/airflow/example_dags/example_sla_dag.py took 0.077 seconds
[2023-06-23T14:04:01.551+0000] {processor.py:157} INFO - Started process (PID=3353) to work on /home/airflow/.local/lib/python3.7/site-packages/airflow/example_dags/example_sla_dag.py
[2023-06-23T14:04:01.553+0000] {processor.py:826} INFO - Processing file /home/airflow/.local/lib/python3.7/site-packages/airflow/example_dags/example_sla_dag.py for tasks to queue
[2023-06-23T14:04:01.554+0000] {logging_mixin.py:149} INFO - [2023-06-23T14:04:01.554+0000] {dagbag.py:541} INFO - Filling up the DagBag from /home/airflow/.local/lib/python3.7/site-packages/airflow/example_dags/example_sla_dag.py
[2023-06-23T14:04:01.566+0000] {processor.py:836} INFO - DAG(s) dict_keys(['example_sla_dag']) retrieved from /home/airflow/.local/lib/python3.7/site-packages/airflow/example_dags/example_sla_dag.py
[2023-06-23T14:04:01.597+0000] {logging_mixin.py:149} INFO - [2023-06-23T14:04:01.597+0000] {dag.py:2726} INFO - Sync 1 DAGs
[2023-06-23T14:04:01.642+0000] {logging_mixin.py:149} INFO - [2023-06-23T14:04:01.641+0000] {dag.py:3490} INFO - Setting next_dagrun for example_sla_dag to 2023-06-23T14:02:00+00:00, run_after=2023-06-23T14:04:00+00:00
[2023-06-23T14:04:01.670+0000] {processor.py:179} INFO - Processing /home/airflow/.local/lib/python3.7/site-packages/airflow/example_dags/example_sla_dag.py took 0.124 seconds
