[2023-06-23T13:14:31.761+0000] {processor.py:157} INFO - Started process (PID=63) to work on /home/airflow/.local/lib/python3.7/site-packages/airflow/example_dags/example_complex.py
[2023-06-23T13:14:31.762+0000] {processor.py:826} INFO - Processing file /home/airflow/.local/lib/python3.7/site-packages/airflow/example_dags/example_complex.py for tasks to queue
[2023-06-23T13:14:31.763+0000] {logging_mixin.py:149} INFO - [2023-06-23T13:14:31.763+0000] {dagbag.py:541} INFO - Filling up the DagBag from /home/airflow/.local/lib/python3.7/site-packages/airflow/example_dags/example_complex.py
[2023-06-23T13:14:31.777+0000] {logging_mixin.py:149} INFO - [2023-06-23T13:14:31.776+0000] {taskmixin.py:211} WARNING - Dependency <Task(BashOperator): create_entry_group>, delete_entry_group already registered for DAG: example_complex
[2023-06-23T13:14:31.777+0000] {logging_mixin.py:149} INFO - [2023-06-23T13:14:31.777+0000] {taskmixin.py:211} WARNING - Dependency <Task(BashOperator): delete_entry_group>, create_entry_group already registered for DAG: example_complex
[2023-06-23T13:14:31.778+0000] {logging_mixin.py:149} INFO - [2023-06-23T13:14:31.778+0000] {taskmixin.py:211} WARNING - Dependency <Task(BashOperator): create_entry_gcs>, delete_entry already registered for DAG: example_complex
[2023-06-23T13:14:31.779+0000] {logging_mixin.py:149} INFO - [2023-06-23T13:14:31.778+0000] {taskmixin.py:211} WARNING - Dependency <Task(BashOperator): delete_entry>, create_entry_gcs already registered for DAG: example_complex
[2023-06-23T13:14:31.780+0000] {logging_mixin.py:149} INFO - [2023-06-23T13:14:31.779+0000] {taskmixin.py:211} WARNING - Dependency <Task(BashOperator): create_tag>, delete_tag already registered for DAG: example_complex
[2023-06-23T13:14:31.780+0000] {logging_mixin.py:149} INFO - [2023-06-23T13:14:31.780+0000] {taskmixin.py:211} WARNING - Dependency <Task(BashOperator): delete_tag>, create_tag already registered for DAG: example_complex
[2023-06-23T13:14:31.782+0000] {processor.py:836} INFO - DAG(s) dict_keys(['example_complex']) retrieved from /home/airflow/.local/lib/python3.7/site-packages/airflow/example_dags/example_complex.py
[2023-06-23T13:14:31.796+0000] {logging_mixin.py:149} INFO - [2023-06-23T13:14:31.796+0000] {dag.py:2726} INFO - Sync 1 DAGs
[2023-06-23T13:14:31.830+0000] {logging_mixin.py:149} INFO - [2023-06-23T13:14:31.830+0000] {dag.py:3490} INFO - Setting next_dagrun for example_complex to None, run_after=None
[2023-06-23T13:14:31.860+0000] {processor.py:179} INFO - Processing /home/airflow/.local/lib/python3.7/site-packages/airflow/example_dags/example_complex.py took 0.103 seconds
[2023-06-23T13:15:02.185+0000] {processor.py:157} INFO - Started process (PID=129) to work on /home/airflow/.local/lib/python3.7/site-packages/airflow/example_dags/example_complex.py
[2023-06-23T13:15:02.186+0000] {processor.py:826} INFO - Processing file /home/airflow/.local/lib/python3.7/site-packages/airflow/example_dags/example_complex.py for tasks to queue
[2023-06-23T13:15:02.187+0000] {logging_mixin.py:149} INFO - [2023-06-23T13:15:02.187+0000] {dagbag.py:541} INFO - Filling up the DagBag from /home/airflow/.local/lib/python3.7/site-packages/airflow/example_dags/example_complex.py
[2023-06-23T13:15:02.198+0000] {logging_mixin.py:149} INFO - [2023-06-23T13:15:02.198+0000] {taskmixin.py:211} WARNING - Dependency <Task(BashOperator): create_entry_group>, delete_entry_group already registered for DAG: example_complex
[2023-06-23T13:15:02.199+0000] {logging_mixin.py:149} INFO - [2023-06-23T13:15:02.199+0000] {taskmixin.py:211} WARNING - Dependency <Task(BashOperator): delete_entry_group>, create_entry_group already registered for DAG: example_complex
[2023-06-23T13:15:02.200+0000] {logging_mixin.py:149} INFO - [2023-06-23T13:15:02.200+0000] {taskmixin.py:211} WARNING - Dependency <Task(BashOperator): create_entry_gcs>, delete_entry already registered for DAG: example_complex
[2023-06-23T13:15:02.201+0000] {logging_mixin.py:149} INFO - [2023-06-23T13:15:02.201+0000] {taskmixin.py:211} WARNING - Dependency <Task(BashOperator): delete_entry>, create_entry_gcs already registered for DAG: example_complex
[2023-06-23T13:15:02.201+0000] {logging_mixin.py:149} INFO - [2023-06-23T13:15:02.201+0000] {taskmixin.py:211} WARNING - Dependency <Task(BashOperator): create_tag>, delete_tag already registered for DAG: example_complex
[2023-06-23T13:15:02.202+0000] {logging_mixin.py:149} INFO - [2023-06-23T13:15:02.202+0000] {taskmixin.py:211} WARNING - Dependency <Task(BashOperator): delete_tag>, create_tag already registered for DAG: example_complex
[2023-06-23T13:15:02.204+0000] {processor.py:836} INFO - DAG(s) dict_keys(['example_complex']) retrieved from /home/airflow/.local/lib/python3.7/site-packages/airflow/example_dags/example_complex.py
[2023-06-23T13:15:02.219+0000] {logging_mixin.py:149} INFO - [2023-06-23T13:15:02.219+0000] {dag.py:2726} INFO - Sync 1 DAGs
[2023-06-23T13:15:02.249+0000] {logging_mixin.py:149} INFO - [2023-06-23T13:15:02.249+0000] {dag.py:3490} INFO - Setting next_dagrun for example_complex to None, run_after=None
[2023-06-23T13:15:02.273+0000] {processor.py:179} INFO - Processing /home/airflow/.local/lib/python3.7/site-packages/airflow/example_dags/example_complex.py took 0.092 seconds
[2023-06-23T13:15:32.593+0000] {processor.py:157} INFO - Started process (PID=195) to work on /home/airflow/.local/lib/python3.7/site-packages/airflow/example_dags/example_complex.py
[2023-06-23T13:15:32.594+0000] {processor.py:826} INFO - Processing file /home/airflow/.local/lib/python3.7/site-packages/airflow/example_dags/example_complex.py for tasks to queue
[2023-06-23T13:15:32.595+0000] {logging_mixin.py:149} INFO - [2023-06-23T13:15:32.595+0000] {dagbag.py:541} INFO - Filling up the DagBag from /home/airflow/.local/lib/python3.7/site-packages/airflow/example_dags/example_complex.py
[2023-06-23T13:15:32.604+0000] {logging_mixin.py:149} INFO - [2023-06-23T13:15:32.604+0000] {taskmixin.py:211} WARNING - Dependency <Task(BashOperator): create_entry_group>, delete_entry_group already registered for DAG: example_complex
[2023-06-23T13:15:32.605+0000] {logging_mixin.py:149} INFO - [2023-06-23T13:15:32.605+0000] {taskmixin.py:211} WARNING - Dependency <Task(BashOperator): delete_entry_group>, create_entry_group already registered for DAG: example_complex
[2023-06-23T13:15:32.606+0000] {logging_mixin.py:149} INFO - [2023-06-23T13:15:32.606+0000] {taskmixin.py:211} WARNING - Dependency <Task(BashOperator): create_entry_gcs>, delete_entry already registered for DAG: example_complex
[2023-06-23T13:15:32.606+0000] {logging_mixin.py:149} INFO - [2023-06-23T13:15:32.606+0000] {taskmixin.py:211} WARNING - Dependency <Task(BashOperator): delete_entry>, create_entry_gcs already registered for DAG: example_complex
[2023-06-23T13:15:32.607+0000] {logging_mixin.py:149} INFO - [2023-06-23T13:15:32.607+0000] {taskmixin.py:211} WARNING - Dependency <Task(BashOperator): create_tag>, delete_tag already registered for DAG: example_complex
[2023-06-23T13:15:32.608+0000] {logging_mixin.py:149} INFO - [2023-06-23T13:15:32.607+0000] {taskmixin.py:211} WARNING - Dependency <Task(BashOperator): delete_tag>, create_tag already registered for DAG: example_complex
[2023-06-23T13:15:32.609+0000] {processor.py:836} INFO - DAG(s) dict_keys(['example_complex']) retrieved from /home/airflow/.local/lib/python3.7/site-packages/airflow/example_dags/example_complex.py
[2023-06-23T13:15:32.644+0000] {logging_mixin.py:149} INFO - [2023-06-23T13:15:32.644+0000] {dag.py:2726} INFO - Sync 1 DAGs
[2023-06-23T13:15:32.669+0000] {logging_mixin.py:149} INFO - [2023-06-23T13:15:32.669+0000] {dag.py:3490} INFO - Setting next_dagrun for example_complex to None, run_after=None
[2023-06-23T13:15:32.688+0000] {processor.py:179} INFO - Processing /home/airflow/.local/lib/python3.7/site-packages/airflow/example_dags/example_complex.py took 0.099 seconds
[2023-06-23T13:16:02.823+0000] {processor.py:157} INFO - Started process (PID=261) to work on /home/airflow/.local/lib/python3.7/site-packages/airflow/example_dags/example_complex.py
[2023-06-23T13:16:02.824+0000] {processor.py:826} INFO - Processing file /home/airflow/.local/lib/python3.7/site-packages/airflow/example_dags/example_complex.py for tasks to queue
[2023-06-23T13:16:02.825+0000] {logging_mixin.py:149} INFO - [2023-06-23T13:16:02.825+0000] {dagbag.py:541} INFO - Filling up the DagBag from /home/airflow/.local/lib/python3.7/site-packages/airflow/example_dags/example_complex.py
[2023-06-23T13:16:02.836+0000] {logging_mixin.py:149} INFO - [2023-06-23T13:16:02.836+0000] {taskmixin.py:211} WARNING - Dependency <Task(BashOperator): create_entry_group>, delete_entry_group already registered for DAG: example_complex
[2023-06-23T13:16:02.836+0000] {logging_mixin.py:149} INFO - [2023-06-23T13:16:02.836+0000] {taskmixin.py:211} WARNING - Dependency <Task(BashOperator): delete_entry_group>, create_entry_group already registered for DAG: example_complex
[2023-06-23T13:16:02.837+0000] {logging_mixin.py:149} INFO - [2023-06-23T13:16:02.837+0000] {taskmixin.py:211} WARNING - Dependency <Task(BashOperator): create_entry_gcs>, delete_entry already registered for DAG: example_complex
[2023-06-23T13:16:02.838+0000] {logging_mixin.py:149} INFO - [2023-06-23T13:16:02.837+0000] {taskmixin.py:211} WARNING - Dependency <Task(BashOperator): delete_entry>, create_entry_gcs already registered for DAG: example_complex
[2023-06-23T13:16:02.838+0000] {logging_mixin.py:149} INFO - [2023-06-23T13:16:02.838+0000] {taskmixin.py:211} WARNING - Dependency <Task(BashOperator): create_tag>, delete_tag already registered for DAG: example_complex
[2023-06-23T13:16:02.839+0000] {logging_mixin.py:149} INFO - [2023-06-23T13:16:02.839+0000] {taskmixin.py:211} WARNING - Dependency <Task(BashOperator): delete_tag>, create_tag already registered for DAG: example_complex
[2023-06-23T13:16:02.841+0000] {processor.py:836} INFO - DAG(s) dict_keys(['example_complex']) retrieved from /home/airflow/.local/lib/python3.7/site-packages/airflow/example_dags/example_complex.py
[2023-06-23T13:16:02.874+0000] {logging_mixin.py:149} INFO - [2023-06-23T13:16:02.874+0000] {dag.py:2726} INFO - Sync 1 DAGs
[2023-06-23T13:16:02.899+0000] {logging_mixin.py:149} INFO - [2023-06-23T13:16:02.899+0000] {dag.py:3490} INFO - Setting next_dagrun for example_complex to None, run_after=None
[2023-06-23T13:16:02.919+0000] {processor.py:179} INFO - Processing /home/airflow/.local/lib/python3.7/site-packages/airflow/example_dags/example_complex.py took 0.099 seconds
