[2023-06-23T13:14:30.949+0000] {processor.py:157} INFO - Started process (PID=51) to work on /home/airflow/.local/lib/python3.7/site-packages/airflow/example_dags/example_task_group_decorator.py
[2023-06-23T13:14:30.950+0000] {processor.py:826} INFO - Processing file /home/airflow/.local/lib/python3.7/site-packages/airflow/example_dags/example_task_group_decorator.py for tasks to queue
[2023-06-23T13:14:30.952+0000] {logging_mixin.py:149} INFO - [2023-06-23T13:14:30.951+0000] {dagbag.py:541} INFO - Filling up the DagBag from /home/airflow/.local/lib/python3.7/site-packages/airflow/example_dags/example_task_group_decorator.py
[2023-06-23T13:14:30.979+0000] {processor.py:836} INFO - DAG(s) dict_keys(['example_task_group_decorator']) retrieved from /home/airflow/.local/lib/python3.7/site-packages/airflow/example_dags/example_task_group_decorator.py
[2023-06-23T13:14:30.998+0000] {logging_mixin.py:149} INFO - [2023-06-23T13:14:30.998+0000] {dag.py:2726} INFO - Sync 1 DAGs
[2023-06-23T13:14:31.040+0000] {logging_mixin.py:149} INFO - [2023-06-23T13:14:31.040+0000] {dag.py:3490} INFO - Setting next_dagrun for example_task_group_decorator to 2023-06-22T13:14:31.040289+00:00, run_after=2023-06-23T13:14:31.040289+00:00
[2023-06-23T13:14:31.068+0000] {processor.py:179} INFO - Processing /home/airflow/.local/lib/python3.7/site-packages/airflow/example_dags/example_task_group_decorator.py took 0.124 seconds
[2023-06-23T13:15:01.449+0000] {processor.py:157} INFO - Started process (PID=117) to work on /home/airflow/.local/lib/python3.7/site-packages/airflow/example_dags/example_task_group_decorator.py
[2023-06-23T13:15:01.450+0000] {processor.py:826} INFO - Processing file /home/airflow/.local/lib/python3.7/site-packages/airflow/example_dags/example_task_group_decorator.py for tasks to queue
[2023-06-23T13:15:01.451+0000] {logging_mixin.py:149} INFO - [2023-06-23T13:15:01.451+0000] {dagbag.py:541} INFO - Filling up the DagBag from /home/airflow/.local/lib/python3.7/site-packages/airflow/example_dags/example_task_group_decorator.py
[2023-06-23T13:15:01.467+0000] {processor.py:836} INFO - DAG(s) dict_keys(['example_task_group_decorator']) retrieved from /home/airflow/.local/lib/python3.7/site-packages/airflow/example_dags/example_task_group_decorator.py
[2023-06-23T13:15:01.481+0000] {logging_mixin.py:149} INFO - [2023-06-23T13:15:01.481+0000] {dag.py:2726} INFO - Sync 1 DAGs
[2023-06-23T13:15:01.510+0000] {logging_mixin.py:149} INFO - [2023-06-23T13:15:01.510+0000] {dag.py:3490} INFO - Setting next_dagrun for example_task_group_decorator to 2023-06-22T13:15:01.510133+00:00, run_after=2023-06-23T13:15:01.510133+00:00
[2023-06-23T13:15:01.536+0000] {processor.py:179} INFO - Processing /home/airflow/.local/lib/python3.7/site-packages/airflow/example_dags/example_task_group_decorator.py took 0.089 seconds
[2023-06-23T13:15:31.815+0000] {processor.py:157} INFO - Started process (PID=183) to work on /home/airflow/.local/lib/python3.7/site-packages/airflow/example_dags/example_task_group_decorator.py
[2023-06-23T13:15:31.817+0000] {processor.py:826} INFO - Processing file /home/airflow/.local/lib/python3.7/site-packages/airflow/example_dags/example_task_group_decorator.py for tasks to queue
[2023-06-23T13:15:31.819+0000] {logging_mixin.py:149} INFO - [2023-06-23T13:15:31.818+0000] {dagbag.py:541} INFO - Filling up the DagBag from /home/airflow/.local/lib/python3.7/site-packages/airflow/example_dags/example_task_group_decorator.py
[2023-06-23T13:15:31.837+0000] {processor.py:836} INFO - DAG(s) dict_keys(['example_task_group_decorator']) retrieved from /home/airflow/.local/lib/python3.7/site-packages/airflow/example_dags/example_task_group_decorator.py
[2023-06-23T13:15:31.879+0000] {logging_mixin.py:149} INFO - [2023-06-23T13:15:31.878+0000] {dag.py:2726} INFO - Sync 1 DAGs
[2023-06-23T13:15:31.927+0000] {logging_mixin.py:149} INFO - [2023-06-23T13:15:31.927+0000] {dag.py:3490} INFO - Setting next_dagrun for example_task_group_decorator to 2023-06-22T13:15:31.926877+00:00, run_after=2023-06-23T13:15:31.926877+00:00
[2023-06-23T13:15:31.954+0000] {processor.py:179} INFO - Processing /home/airflow/.local/lib/python3.7/site-packages/airflow/example_dags/example_task_group_decorator.py took 0.143 seconds
[2023-06-23T13:16:02.166+0000] {processor.py:157} INFO - Started process (PID=249) to work on /home/airflow/.local/lib/python3.7/site-packages/airflow/example_dags/example_task_group_decorator.py
[2023-06-23T13:16:02.167+0000] {processor.py:826} INFO - Processing file /home/airflow/.local/lib/python3.7/site-packages/airflow/example_dags/example_task_group_decorator.py for tasks to queue
[2023-06-23T13:16:02.168+0000] {logging_mixin.py:149} INFO - [2023-06-23T13:16:02.168+0000] {dagbag.py:541} INFO - Filling up the DagBag from /home/airflow/.local/lib/python3.7/site-packages/airflow/example_dags/example_task_group_decorator.py
[2023-06-23T13:16:02.182+0000] {processor.py:836} INFO - DAG(s) dict_keys(['example_task_group_decorator']) retrieved from /home/airflow/.local/lib/python3.7/site-packages/airflow/example_dags/example_task_group_decorator.py
[2023-06-23T13:16:02.208+0000] {logging_mixin.py:149} INFO - [2023-06-23T13:16:02.208+0000] {dag.py:2726} INFO - Sync 1 DAGs
[2023-06-23T13:16:02.234+0000] {logging_mixin.py:149} INFO - [2023-06-23T13:16:02.234+0000] {dag.py:3490} INFO - Setting next_dagrun for example_task_group_decorator to 2023-06-22T13:16:02.233833+00:00, run_after=2023-06-23T13:16:02.233833+00:00
[2023-06-23T13:16:02.254+0000] {processor.py:179} INFO - Processing /home/airflow/.local/lib/python3.7/site-packages/airflow/example_dags/example_task_group_decorator.py took 0.091 seconds
[2023-06-23T13:38:40.734+0000] {processor.py:157} INFO - Started process (PID=50) to work on /home/airflow/.local/lib/python3.7/site-packages/airflow/example_dags/example_task_group_decorator.py
[2023-06-23T13:38:40.735+0000] {processor.py:826} INFO - Processing file /home/airflow/.local/lib/python3.7/site-packages/airflow/example_dags/example_task_group_decorator.py for tasks to queue
[2023-06-23T13:38:40.736+0000] {logging_mixin.py:149} INFO - [2023-06-23T13:38:40.736+0000] {dagbag.py:541} INFO - Filling up the DagBag from /home/airflow/.local/lib/python3.7/site-packages/airflow/example_dags/example_task_group_decorator.py
[2023-06-23T13:38:40.757+0000] {processor.py:836} INFO - DAG(s) dict_keys(['example_task_group_decorator']) retrieved from /home/airflow/.local/lib/python3.7/site-packages/airflow/example_dags/example_task_group_decorator.py
[2023-06-23T13:38:40.773+0000] {logging_mixin.py:149} INFO - [2023-06-23T13:38:40.773+0000] {dag.py:2726} INFO - Sync 1 DAGs
[2023-06-23T13:38:40.810+0000] {logging_mixin.py:149} INFO - [2023-06-23T13:38:40.810+0000] {dag.py:3490} INFO - Setting next_dagrun for example_task_group_decorator to 2023-06-22T13:38:40.810517+00:00, run_after=2023-06-23T13:38:40.810517+00:00
[2023-06-23T13:38:40.840+0000] {processor.py:179} INFO - Processing /home/airflow/.local/lib/python3.7/site-packages/airflow/example_dags/example_task_group_decorator.py took 0.110 seconds
[2023-06-23T13:39:10.993+0000] {processor.py:157} INFO - Started process (PID=116) to work on /home/airflow/.local/lib/python3.7/site-packages/airflow/example_dags/example_task_group_decorator.py
[2023-06-23T13:39:10.994+0000] {processor.py:826} INFO - Processing file /home/airflow/.local/lib/python3.7/site-packages/airflow/example_dags/example_task_group_decorator.py for tasks to queue
[2023-06-23T13:39:10.995+0000] {logging_mixin.py:149} INFO - [2023-06-23T13:39:10.995+0000] {dagbag.py:541} INFO - Filling up the DagBag from /home/airflow/.local/lib/python3.7/site-packages/airflow/example_dags/example_task_group_decorator.py
[2023-06-23T13:39:11.008+0000] {processor.py:836} INFO - DAG(s) dict_keys(['example_task_group_decorator']) retrieved from /home/airflow/.local/lib/python3.7/site-packages/airflow/example_dags/example_task_group_decorator.py
[2023-06-23T13:39:11.036+0000] {logging_mixin.py:149} INFO - [2023-06-23T13:39:11.036+0000] {dag.py:2726} INFO - Sync 1 DAGs
[2023-06-23T13:39:11.064+0000] {logging_mixin.py:149} INFO - [2023-06-23T13:39:11.064+0000] {dag.py:3490} INFO - Setting next_dagrun for example_task_group_decorator to 2023-06-22T13:39:11.064158+00:00, run_after=2023-06-23T13:39:11.064158+00:00
[2023-06-23T13:39:11.086+0000] {processor.py:179} INFO - Processing /home/airflow/.local/lib/python3.7/site-packages/airflow/example_dags/example_task_group_decorator.py took 0.095 seconds
[2023-06-23T13:39:41.387+0000] {processor.py:157} INFO - Started process (PID=182) to work on /home/airflow/.local/lib/python3.7/site-packages/airflow/example_dags/example_task_group_decorator.py
[2023-06-23T13:39:41.388+0000] {processor.py:826} INFO - Processing file /home/airflow/.local/lib/python3.7/site-packages/airflow/example_dags/example_task_group_decorator.py for tasks to queue
[2023-06-23T13:39:41.389+0000] {logging_mixin.py:149} INFO - [2023-06-23T13:39:41.389+0000] {dagbag.py:541} INFO - Filling up the DagBag from /home/airflow/.local/lib/python3.7/site-packages/airflow/example_dags/example_task_group_decorator.py
[2023-06-23T13:39:41.403+0000] {processor.py:836} INFO - DAG(s) dict_keys(['example_task_group_decorator']) retrieved from /home/airflow/.local/lib/python3.7/site-packages/airflow/example_dags/example_task_group_decorator.py
[2023-06-23T13:39:41.432+0000] {logging_mixin.py:149} INFO - [2023-06-23T13:39:41.432+0000] {dag.py:2726} INFO - Sync 1 DAGs
[2023-06-23T13:39:41.463+0000] {logging_mixin.py:149} INFO - [2023-06-23T13:39:41.463+0000] {dag.py:3490} INFO - Setting next_dagrun for example_task_group_decorator to 2023-06-22T13:39:41.463013+00:00, run_after=2023-06-23T13:39:41.463013+00:00
[2023-06-23T13:39:41.483+0000] {processor.py:179} INFO - Processing /home/airflow/.local/lib/python3.7/site-packages/airflow/example_dags/example_task_group_decorator.py took 0.099 seconds
[2023-06-23T13:40:12.286+0000] {processor.py:157} INFO - Started process (PID=248) to work on /home/airflow/.local/lib/python3.7/site-packages/airflow/example_dags/example_task_group_decorator.py
[2023-06-23T13:40:12.287+0000] {processor.py:826} INFO - Processing file /home/airflow/.local/lib/python3.7/site-packages/airflow/example_dags/example_task_group_decorator.py for tasks to queue
[2023-06-23T13:40:12.288+0000] {logging_mixin.py:149} INFO - [2023-06-23T13:40:12.288+0000] {dagbag.py:541} INFO - Filling up the DagBag from /home/airflow/.local/lib/python3.7/site-packages/airflow/example_dags/example_task_group_decorator.py
[2023-06-23T13:40:12.302+0000] {processor.py:836} INFO - DAG(s) dict_keys(['example_task_group_decorator']) retrieved from /home/airflow/.local/lib/python3.7/site-packages/airflow/example_dags/example_task_group_decorator.py
[2023-06-23T13:40:12.331+0000] {logging_mixin.py:149} INFO - [2023-06-23T13:40:12.331+0000] {dag.py:2726} INFO - Sync 1 DAGs
[2023-06-23T13:40:12.357+0000] {logging_mixin.py:149} INFO - [2023-06-23T13:40:12.357+0000] {dag.py:3490} INFO - Setting next_dagrun for example_task_group_decorator to 2023-06-22T13:40:12.357191+00:00, run_after=2023-06-23T13:40:12.357191+00:00
[2023-06-23T13:40:12.379+0000] {processor.py:179} INFO - Processing /home/airflow/.local/lib/python3.7/site-packages/airflow/example_dags/example_task_group_decorator.py took 0.096 seconds
[2023-06-23T13:40:42.448+0000] {processor.py:157} INFO - Started process (PID=314) to work on /home/airflow/.local/lib/python3.7/site-packages/airflow/example_dags/example_task_group_decorator.py
[2023-06-23T13:40:42.450+0000] {processor.py:826} INFO - Processing file /home/airflow/.local/lib/python3.7/site-packages/airflow/example_dags/example_task_group_decorator.py for tasks to queue
[2023-06-23T13:40:42.451+0000] {logging_mixin.py:149} INFO - [2023-06-23T13:40:42.451+0000] {dagbag.py:541} INFO - Filling up the DagBag from /home/airflow/.local/lib/python3.7/site-packages/airflow/example_dags/example_task_group_decorator.py
[2023-06-23T13:40:42.464+0000] {processor.py:836} INFO - DAG(s) dict_keys(['example_task_group_decorator']) retrieved from /home/airflow/.local/lib/python3.7/site-packages/airflow/example_dags/example_task_group_decorator.py
[2023-06-23T13:40:42.492+0000] {logging_mixin.py:149} INFO - [2023-06-23T13:40:42.492+0000] {dag.py:2726} INFO - Sync 1 DAGs
[2023-06-23T13:40:42.517+0000] {logging_mixin.py:149} INFO - [2023-06-23T13:40:42.517+0000] {dag.py:3490} INFO - Setting next_dagrun for example_task_group_decorator to 2023-06-22T13:40:42.517175+00:00, run_after=2023-06-23T13:40:42.517175+00:00
[2023-06-23T13:40:42.536+0000] {processor.py:179} INFO - Processing /home/airflow/.local/lib/python3.7/site-packages/airflow/example_dags/example_task_group_decorator.py took 0.090 seconds
[2023-06-23T13:41:13.078+0000] {processor.py:157} INFO - Started process (PID=380) to work on /home/airflow/.local/lib/python3.7/site-packages/airflow/example_dags/example_task_group_decorator.py
[2023-06-23T13:41:13.079+0000] {processor.py:826} INFO - Processing file /home/airflow/.local/lib/python3.7/site-packages/airflow/example_dags/example_task_group_decorator.py for tasks to queue
[2023-06-23T13:41:13.080+0000] {logging_mixin.py:149} INFO - [2023-06-23T13:41:13.080+0000] {dagbag.py:541} INFO - Filling up the DagBag from /home/airflow/.local/lib/python3.7/site-packages/airflow/example_dags/example_task_group_decorator.py
[2023-06-23T13:41:13.094+0000] {processor.py:836} INFO - DAG(s) dict_keys(['example_task_group_decorator']) retrieved from /home/airflow/.local/lib/python3.7/site-packages/airflow/example_dags/example_task_group_decorator.py
[2023-06-23T13:41:13.122+0000] {logging_mixin.py:149} INFO - [2023-06-23T13:41:13.122+0000] {dag.py:2726} INFO - Sync 1 DAGs
[2023-06-23T13:41:13.147+0000] {logging_mixin.py:149} INFO - [2023-06-23T13:41:13.147+0000] {dag.py:3490} INFO - Setting next_dagrun for example_task_group_decorator to 2023-06-22T13:41:13.147394+00:00, run_after=2023-06-23T13:41:13.147394+00:00
[2023-06-23T13:41:13.169+0000] {processor.py:179} INFO - Processing /home/airflow/.local/lib/python3.7/site-packages/airflow/example_dags/example_task_group_decorator.py took 0.094 seconds
[2023-06-23T13:41:43.784+0000] {processor.py:157} INFO - Started process (PID=446) to work on /home/airflow/.local/lib/python3.7/site-packages/airflow/example_dags/example_task_group_decorator.py
[2023-06-23T13:41:43.785+0000] {processor.py:826} INFO - Processing file /home/airflow/.local/lib/python3.7/site-packages/airflow/example_dags/example_task_group_decorator.py for tasks to queue
[2023-06-23T13:41:43.786+0000] {logging_mixin.py:149} INFO - [2023-06-23T13:41:43.786+0000] {dagbag.py:541} INFO - Filling up the DagBag from /home/airflow/.local/lib/python3.7/site-packages/airflow/example_dags/example_task_group_decorator.py
[2023-06-23T13:41:43.799+0000] {processor.py:836} INFO - DAG(s) dict_keys(['example_task_group_decorator']) retrieved from /home/airflow/.local/lib/python3.7/site-packages/airflow/example_dags/example_task_group_decorator.py
[2023-06-23T13:41:43.827+0000] {logging_mixin.py:149} INFO - [2023-06-23T13:41:43.827+0000] {dag.py:2726} INFO - Sync 1 DAGs
[2023-06-23T13:41:43.853+0000] {logging_mixin.py:149} INFO - [2023-06-23T13:41:43.853+0000] {dag.py:3490} INFO - Setting next_dagrun for example_task_group_decorator to 2023-06-22T13:41:43.853090+00:00, run_after=2023-06-23T13:41:43.853090+00:00
[2023-06-23T13:41:43.873+0000] {processor.py:179} INFO - Processing /home/airflow/.local/lib/python3.7/site-packages/airflow/example_dags/example_task_group_decorator.py took 0.091 seconds
[2023-06-23T13:42:14.051+0000] {processor.py:157} INFO - Started process (PID=512) to work on /home/airflow/.local/lib/python3.7/site-packages/airflow/example_dags/example_task_group_decorator.py
[2023-06-23T13:42:14.052+0000] {processor.py:826} INFO - Processing file /home/airflow/.local/lib/python3.7/site-packages/airflow/example_dags/example_task_group_decorator.py for tasks to queue
[2023-06-23T13:42:14.053+0000] {logging_mixin.py:149} INFO - [2023-06-23T13:42:14.053+0000] {dagbag.py:541} INFO - Filling up the DagBag from /home/airflow/.local/lib/python3.7/site-packages/airflow/example_dags/example_task_group_decorator.py
[2023-06-23T13:42:14.068+0000] {processor.py:836} INFO - DAG(s) dict_keys(['example_task_group_decorator']) retrieved from /home/airflow/.local/lib/python3.7/site-packages/airflow/example_dags/example_task_group_decorator.py
[2023-06-23T13:42:14.098+0000] {logging_mixin.py:149} INFO - [2023-06-23T13:42:14.098+0000] {dag.py:2726} INFO - Sync 1 DAGs
[2023-06-23T13:42:14.127+0000] {logging_mixin.py:149} INFO - [2023-06-23T13:42:14.127+0000] {dag.py:3490} INFO - Setting next_dagrun for example_task_group_decorator to 2023-06-22T13:42:14.127247+00:00, run_after=2023-06-23T13:42:14.127247+00:00
[2023-06-23T13:42:14.152+0000] {processor.py:179} INFO - Processing /home/airflow/.local/lib/python3.7/site-packages/airflow/example_dags/example_task_group_decorator.py took 0.105 seconds
[2023-06-23T13:42:44.561+0000] {processor.py:157} INFO - Started process (PID=578) to work on /home/airflow/.local/lib/python3.7/site-packages/airflow/example_dags/example_task_group_decorator.py
[2023-06-23T13:42:44.562+0000] {processor.py:826} INFO - Processing file /home/airflow/.local/lib/python3.7/site-packages/airflow/example_dags/example_task_group_decorator.py for tasks to queue
[2023-06-23T13:42:44.563+0000] {logging_mixin.py:149} INFO - [2023-06-23T13:42:44.563+0000] {dagbag.py:541} INFO - Filling up the DagBag from /home/airflow/.local/lib/python3.7/site-packages/airflow/example_dags/example_task_group_decorator.py
[2023-06-23T13:42:44.582+0000] {processor.py:836} INFO - DAG(s) dict_keys(['example_task_group_decorator']) retrieved from /home/airflow/.local/lib/python3.7/site-packages/airflow/example_dags/example_task_group_decorator.py
[2023-06-23T13:42:44.615+0000] {logging_mixin.py:149} INFO - [2023-06-23T13:42:44.615+0000] {dag.py:2726} INFO - Sync 1 DAGs
[2023-06-23T13:42:44.647+0000] {logging_mixin.py:149} INFO - [2023-06-23T13:42:44.647+0000] {dag.py:3490} INFO - Setting next_dagrun for example_task_group_decorator to 2023-06-22T13:42:44.646845+00:00, run_after=2023-06-23T13:42:44.646845+00:00
[2023-06-23T13:42:44.670+0000] {processor.py:179} INFO - Processing /home/airflow/.local/lib/python3.7/site-packages/airflow/example_dags/example_task_group_decorator.py took 0.113 seconds
[2023-06-23T13:43:14.730+0000] {processor.py:157} INFO - Started process (PID=644) to work on /home/airflow/.local/lib/python3.7/site-packages/airflow/example_dags/example_task_group_decorator.py
[2023-06-23T13:43:14.731+0000] {processor.py:826} INFO - Processing file /home/airflow/.local/lib/python3.7/site-packages/airflow/example_dags/example_task_group_decorator.py for tasks to queue
[2023-06-23T13:43:14.732+0000] {logging_mixin.py:149} INFO - [2023-06-23T13:43:14.732+0000] {dagbag.py:541} INFO - Filling up the DagBag from /home/airflow/.local/lib/python3.7/site-packages/airflow/example_dags/example_task_group_decorator.py
[2023-06-23T13:43:14.745+0000] {processor.py:836} INFO - DAG(s) dict_keys(['example_task_group_decorator']) retrieved from /home/airflow/.local/lib/python3.7/site-packages/airflow/example_dags/example_task_group_decorator.py
[2023-06-23T13:43:14.773+0000] {logging_mixin.py:149} INFO - [2023-06-23T13:43:14.772+0000] {dag.py:2726} INFO - Sync 1 DAGs
[2023-06-23T13:43:14.798+0000] {logging_mixin.py:149} INFO - [2023-06-23T13:43:14.798+0000] {dag.py:3490} INFO - Setting next_dagrun for example_task_group_decorator to 2023-06-22T13:43:14.797797+00:00, run_after=2023-06-23T13:43:14.797797+00:00
[2023-06-23T13:43:14.817+0000] {processor.py:179} INFO - Processing /home/airflow/.local/lib/python3.7/site-packages/airflow/example_dags/example_task_group_decorator.py took 0.089 seconds
[2023-06-23T13:43:45.371+0000] {processor.py:157} INFO - Started process (PID=710) to work on /home/airflow/.local/lib/python3.7/site-packages/airflow/example_dags/example_task_group_decorator.py
[2023-06-23T13:43:45.372+0000] {processor.py:826} INFO - Processing file /home/airflow/.local/lib/python3.7/site-packages/airflow/example_dags/example_task_group_decorator.py for tasks to queue
[2023-06-23T13:43:45.373+0000] {logging_mixin.py:149} INFO - [2023-06-23T13:43:45.373+0000] {dagbag.py:541} INFO - Filling up the DagBag from /home/airflow/.local/lib/python3.7/site-packages/airflow/example_dags/example_task_group_decorator.py
[2023-06-23T13:43:45.386+0000] {processor.py:836} INFO - DAG(s) dict_keys(['example_task_group_decorator']) retrieved from /home/airflow/.local/lib/python3.7/site-packages/airflow/example_dags/example_task_group_decorator.py
[2023-06-23T13:43:45.416+0000] {logging_mixin.py:149} INFO - [2023-06-23T13:43:45.416+0000] {dag.py:2726} INFO - Sync 1 DAGs
[2023-06-23T13:43:45.440+0000] {logging_mixin.py:149} INFO - [2023-06-23T13:43:45.440+0000] {dag.py:3490} INFO - Setting next_dagrun for example_task_group_decorator to 2023-06-22T13:43:45.440192+00:00, run_after=2023-06-23T13:43:45.440192+00:00
[2023-06-23T13:43:45.460+0000] {processor.py:179} INFO - Processing /home/airflow/.local/lib/python3.7/site-packages/airflow/example_dags/example_task_group_decorator.py took 0.092 seconds
[2023-06-23T13:44:15.797+0000] {processor.py:157} INFO - Started process (PID=776) to work on /home/airflow/.local/lib/python3.7/site-packages/airflow/example_dags/example_task_group_decorator.py
[2023-06-23T13:44:15.799+0000] {processor.py:826} INFO - Processing file /home/airflow/.local/lib/python3.7/site-packages/airflow/example_dags/example_task_group_decorator.py for tasks to queue
[2023-06-23T13:44:15.799+0000] {logging_mixin.py:149} INFO - [2023-06-23T13:44:15.799+0000] {dagbag.py:541} INFO - Filling up the DagBag from /home/airflow/.local/lib/python3.7/site-packages/airflow/example_dags/example_task_group_decorator.py
[2023-06-23T13:44:15.814+0000] {processor.py:836} INFO - DAG(s) dict_keys(['example_task_group_decorator']) retrieved from /home/airflow/.local/lib/python3.7/site-packages/airflow/example_dags/example_task_group_decorator.py
[2023-06-23T13:44:15.843+0000] {logging_mixin.py:149} INFO - [2023-06-23T13:44:15.842+0000] {dag.py:2726} INFO - Sync 1 DAGs
[2023-06-23T13:44:15.868+0000] {logging_mixin.py:149} INFO - [2023-06-23T13:44:15.867+0000] {dag.py:3490} INFO - Setting next_dagrun for example_task_group_decorator to 2023-06-22T13:44:15.867769+00:00, run_after=2023-06-23T13:44:15.867769+00:00
[2023-06-23T13:44:15.887+0000] {processor.py:179} INFO - Processing /home/airflow/.local/lib/python3.7/site-packages/airflow/example_dags/example_task_group_decorator.py took 0.093 seconds
[2023-06-23T13:44:46.314+0000] {processor.py:157} INFO - Started process (PID=842) to work on /home/airflow/.local/lib/python3.7/site-packages/airflow/example_dags/example_task_group_decorator.py
[2023-06-23T13:44:46.315+0000] {processor.py:826} INFO - Processing file /home/airflow/.local/lib/python3.7/site-packages/airflow/example_dags/example_task_group_decorator.py for tasks to queue
[2023-06-23T13:44:46.316+0000] {logging_mixin.py:149} INFO - [2023-06-23T13:44:46.316+0000] {dagbag.py:541} INFO - Filling up the DagBag from /home/airflow/.local/lib/python3.7/site-packages/airflow/example_dags/example_task_group_decorator.py
[2023-06-23T13:44:46.330+0000] {processor.py:836} INFO - DAG(s) dict_keys(['example_task_group_decorator']) retrieved from /home/airflow/.local/lib/python3.7/site-packages/airflow/example_dags/example_task_group_decorator.py
[2023-06-23T13:44:46.360+0000] {logging_mixin.py:149} INFO - [2023-06-23T13:44:46.360+0000] {dag.py:2726} INFO - Sync 1 DAGs
[2023-06-23T13:44:46.389+0000] {logging_mixin.py:149} INFO - [2023-06-23T13:44:46.389+0000] {dag.py:3490} INFO - Setting next_dagrun for example_task_group_decorator to 2023-06-22T13:44:46.388579+00:00, run_after=2023-06-23T13:44:46.388579+00:00
[2023-06-23T13:44:46.412+0000] {processor.py:179} INFO - Processing /home/airflow/.local/lib/python3.7/site-packages/airflow/example_dags/example_task_group_decorator.py took 0.101 seconds
[2023-06-23T13:45:16.592+0000] {processor.py:157} INFO - Started process (PID=908) to work on /home/airflow/.local/lib/python3.7/site-packages/airflow/example_dags/example_task_group_decorator.py
[2023-06-23T13:45:16.594+0000] {processor.py:826} INFO - Processing file /home/airflow/.local/lib/python3.7/site-packages/airflow/example_dags/example_task_group_decorator.py for tasks to queue
[2023-06-23T13:45:16.595+0000] {logging_mixin.py:149} INFO - [2023-06-23T13:45:16.594+0000] {dagbag.py:541} INFO - Filling up the DagBag from /home/airflow/.local/lib/python3.7/site-packages/airflow/example_dags/example_task_group_decorator.py
[2023-06-23T13:45:16.609+0000] {processor.py:836} INFO - DAG(s) dict_keys(['example_task_group_decorator']) retrieved from /home/airflow/.local/lib/python3.7/site-packages/airflow/example_dags/example_task_group_decorator.py
[2023-06-23T13:45:16.637+0000] {logging_mixin.py:149} INFO - [2023-06-23T13:45:16.636+0000] {dag.py:2726} INFO - Sync 1 DAGs
[2023-06-23T13:45:16.662+0000] {logging_mixin.py:149} INFO - [2023-06-23T13:45:16.661+0000] {dag.py:3490} INFO - Setting next_dagrun for example_task_group_decorator to 2023-06-22T13:45:16.661740+00:00, run_after=2023-06-23T13:45:16.661740+00:00
[2023-06-23T13:45:16.681+0000] {processor.py:179} INFO - Processing /home/airflow/.local/lib/python3.7/site-packages/airflow/example_dags/example_task_group_decorator.py took 0.092 seconds
[2023-06-23T13:45:46.882+0000] {processor.py:157} INFO - Started process (PID=974) to work on /home/airflow/.local/lib/python3.7/site-packages/airflow/example_dags/example_task_group_decorator.py
[2023-06-23T13:45:46.883+0000] {processor.py:826} INFO - Processing file /home/airflow/.local/lib/python3.7/site-packages/airflow/example_dags/example_task_group_decorator.py for tasks to queue
[2023-06-23T13:45:46.885+0000] {logging_mixin.py:149} INFO - [2023-06-23T13:45:46.885+0000] {dagbag.py:541} INFO - Filling up the DagBag from /home/airflow/.local/lib/python3.7/site-packages/airflow/example_dags/example_task_group_decorator.py
[2023-06-23T13:45:46.899+0000] {processor.py:836} INFO - DAG(s) dict_keys(['example_task_group_decorator']) retrieved from /home/airflow/.local/lib/python3.7/site-packages/airflow/example_dags/example_task_group_decorator.py
[2023-06-23T13:45:46.925+0000] {logging_mixin.py:149} INFO - [2023-06-23T13:45:46.925+0000] {dag.py:2726} INFO - Sync 1 DAGs
[2023-06-23T13:45:46.956+0000] {logging_mixin.py:149} INFO - [2023-06-23T13:45:46.956+0000] {dag.py:3490} INFO - Setting next_dagrun for example_task_group_decorator to 2023-06-22T13:45:46.956031+00:00, run_after=2023-06-23T13:45:46.956031+00:00
[2023-06-23T13:45:46.977+0000] {processor.py:179} INFO - Processing /home/airflow/.local/lib/python3.7/site-packages/airflow/example_dags/example_task_group_decorator.py took 0.098 seconds
[2023-06-23T13:46:17.146+0000] {processor.py:157} INFO - Started process (PID=1040) to work on /home/airflow/.local/lib/python3.7/site-packages/airflow/example_dags/example_task_group_decorator.py
[2023-06-23T13:46:17.147+0000] {processor.py:826} INFO - Processing file /home/airflow/.local/lib/python3.7/site-packages/airflow/example_dags/example_task_group_decorator.py for tasks to queue
[2023-06-23T13:46:17.148+0000] {logging_mixin.py:149} INFO - [2023-06-23T13:46:17.148+0000] {dagbag.py:541} INFO - Filling up the DagBag from /home/airflow/.local/lib/python3.7/site-packages/airflow/example_dags/example_task_group_decorator.py
[2023-06-23T13:46:17.162+0000] {processor.py:836} INFO - DAG(s) dict_keys(['example_task_group_decorator']) retrieved from /home/airflow/.local/lib/python3.7/site-packages/airflow/example_dags/example_task_group_decorator.py
[2023-06-23T13:46:17.189+0000] {logging_mixin.py:149} INFO - [2023-06-23T13:46:17.189+0000] {dag.py:2726} INFO - Sync 1 DAGs
[2023-06-23T13:46:17.215+0000] {logging_mixin.py:149} INFO - [2023-06-23T13:46:17.215+0000] {dag.py:3490} INFO - Setting next_dagrun for example_task_group_decorator to 2023-06-22T13:46:17.215339+00:00, run_after=2023-06-23T13:46:17.215339+00:00
[2023-06-23T13:46:17.236+0000] {processor.py:179} INFO - Processing /home/airflow/.local/lib/python3.7/site-packages/airflow/example_dags/example_task_group_decorator.py took 0.092 seconds
[2023-06-23T13:46:47.470+0000] {processor.py:157} INFO - Started process (PID=1106) to work on /home/airflow/.local/lib/python3.7/site-packages/airflow/example_dags/example_task_group_decorator.py
[2023-06-23T13:46:47.471+0000] {processor.py:826} INFO - Processing file /home/airflow/.local/lib/python3.7/site-packages/airflow/example_dags/example_task_group_decorator.py for tasks to queue
[2023-06-23T13:46:47.473+0000] {logging_mixin.py:149} INFO - [2023-06-23T13:46:47.472+0000] {dagbag.py:541} INFO - Filling up the DagBag from /home/airflow/.local/lib/python3.7/site-packages/airflow/example_dags/example_task_group_decorator.py
[2023-06-23T13:46:47.492+0000] {processor.py:836} INFO - DAG(s) dict_keys(['example_task_group_decorator']) retrieved from /home/airflow/.local/lib/python3.7/site-packages/airflow/example_dags/example_task_group_decorator.py
[2023-06-23T13:46:47.525+0000] {logging_mixin.py:149} INFO - [2023-06-23T13:46:47.525+0000] {dag.py:2726} INFO - Sync 1 DAGs
[2023-06-23T13:46:47.553+0000] {logging_mixin.py:149} INFO - [2023-06-23T13:46:47.553+0000] {dag.py:3490} INFO - Setting next_dagrun for example_task_group_decorator to 2023-06-22T13:46:47.553336+00:00, run_after=2023-06-23T13:46:47.553336+00:00
[2023-06-23T13:46:47.578+0000] {processor.py:179} INFO - Processing /home/airflow/.local/lib/python3.7/site-packages/airflow/example_dags/example_task_group_decorator.py took 0.111 seconds
[2023-06-23T13:47:17.786+0000] {processor.py:157} INFO - Started process (PID=1172) to work on /home/airflow/.local/lib/python3.7/site-packages/airflow/example_dags/example_task_group_decorator.py
[2023-06-23T13:47:17.787+0000] {processor.py:826} INFO - Processing file /home/airflow/.local/lib/python3.7/site-packages/airflow/example_dags/example_task_group_decorator.py for tasks to queue
[2023-06-23T13:47:17.788+0000] {logging_mixin.py:149} INFO - [2023-06-23T13:47:17.788+0000] {dagbag.py:541} INFO - Filling up the DagBag from /home/airflow/.local/lib/python3.7/site-packages/airflow/example_dags/example_task_group_decorator.py
[2023-06-23T13:47:17.802+0000] {processor.py:836} INFO - DAG(s) dict_keys(['example_task_group_decorator']) retrieved from /home/airflow/.local/lib/python3.7/site-packages/airflow/example_dags/example_task_group_decorator.py
[2023-06-23T13:47:17.828+0000] {logging_mixin.py:149} INFO - [2023-06-23T13:47:17.827+0000] {dag.py:2726} INFO - Sync 1 DAGs
[2023-06-23T13:47:17.851+0000] {logging_mixin.py:149} INFO - [2023-06-23T13:47:17.851+0000] {dag.py:3490} INFO - Setting next_dagrun for example_task_group_decorator to 2023-06-22T13:47:17.850764+00:00, run_after=2023-06-23T13:47:17.850764+00:00
[2023-06-23T13:47:17.871+0000] {processor.py:179} INFO - Processing /home/airflow/.local/lib/python3.7/site-packages/airflow/example_dags/example_task_group_decorator.py took 0.088 seconds
[2023-06-23T13:47:48.193+0000] {processor.py:157} INFO - Started process (PID=1239) to work on /home/airflow/.local/lib/python3.7/site-packages/airflow/example_dags/example_task_group_decorator.py
[2023-06-23T13:47:48.194+0000] {processor.py:826} INFO - Processing file /home/airflow/.local/lib/python3.7/site-packages/airflow/example_dags/example_task_group_decorator.py for tasks to queue
[2023-06-23T13:47:48.195+0000] {logging_mixin.py:149} INFO - [2023-06-23T13:47:48.195+0000] {dagbag.py:541} INFO - Filling up the DagBag from /home/airflow/.local/lib/python3.7/site-packages/airflow/example_dags/example_task_group_decorator.py
[2023-06-23T13:47:48.209+0000] {processor.py:836} INFO - DAG(s) dict_keys(['example_task_group_decorator']) retrieved from /home/airflow/.local/lib/python3.7/site-packages/airflow/example_dags/example_task_group_decorator.py
[2023-06-23T13:47:48.235+0000] {logging_mixin.py:149} INFO - [2023-06-23T13:47:48.235+0000] {dag.py:2726} INFO - Sync 1 DAGs
[2023-06-23T13:47:48.260+0000] {logging_mixin.py:149} INFO - [2023-06-23T13:47:48.260+0000] {dag.py:3490} INFO - Setting next_dagrun for example_task_group_decorator to 2023-06-22T13:47:48.260634+00:00, run_after=2023-06-23T13:47:48.260634+00:00
[2023-06-23T13:47:48.278+0000] {processor.py:179} INFO - Processing /home/airflow/.local/lib/python3.7/site-packages/airflow/example_dags/example_task_group_decorator.py took 0.088 seconds
[2023-06-23T13:48:18.518+0000] {processor.py:157} INFO - Started process (PID=1305) to work on /home/airflow/.local/lib/python3.7/site-packages/airflow/example_dags/example_task_group_decorator.py
[2023-06-23T13:48:18.519+0000] {processor.py:826} INFO - Processing file /home/airflow/.local/lib/python3.7/site-packages/airflow/example_dags/example_task_group_decorator.py for tasks to queue
[2023-06-23T13:48:18.520+0000] {logging_mixin.py:149} INFO - [2023-06-23T13:48:18.520+0000] {dagbag.py:541} INFO - Filling up the DagBag from /home/airflow/.local/lib/python3.7/site-packages/airflow/example_dags/example_task_group_decorator.py
[2023-06-23T13:48:18.534+0000] {processor.py:836} INFO - DAG(s) dict_keys(['example_task_group_decorator']) retrieved from /home/airflow/.local/lib/python3.7/site-packages/airflow/example_dags/example_task_group_decorator.py
[2023-06-23T13:48:18.560+0000] {logging_mixin.py:149} INFO - [2023-06-23T13:48:18.560+0000] {dag.py:2726} INFO - Sync 1 DAGs
[2023-06-23T13:48:18.586+0000] {logging_mixin.py:149} INFO - [2023-06-23T13:48:18.586+0000] {dag.py:3490} INFO - Setting next_dagrun for example_task_group_decorator to 2023-06-22T13:48:18.586363+00:00, run_after=2023-06-23T13:48:18.586363+00:00
[2023-06-23T13:48:18.606+0000] {processor.py:179} INFO - Processing /home/airflow/.local/lib/python3.7/site-packages/airflow/example_dags/example_task_group_decorator.py took 0.091 seconds
[2023-06-23T13:48:49.164+0000] {processor.py:157} INFO - Started process (PID=1371) to work on /home/airflow/.local/lib/python3.7/site-packages/airflow/example_dags/example_task_group_decorator.py
[2023-06-23T13:48:49.165+0000] {processor.py:826} INFO - Processing file /home/airflow/.local/lib/python3.7/site-packages/airflow/example_dags/example_task_group_decorator.py for tasks to queue
[2023-06-23T13:48:49.166+0000] {logging_mixin.py:149} INFO - [2023-06-23T13:48:49.166+0000] {dagbag.py:541} INFO - Filling up the DagBag from /home/airflow/.local/lib/python3.7/site-packages/airflow/example_dags/example_task_group_decorator.py
[2023-06-23T13:48:49.181+0000] {processor.py:836} INFO - DAG(s) dict_keys(['example_task_group_decorator']) retrieved from /home/airflow/.local/lib/python3.7/site-packages/airflow/example_dags/example_task_group_decorator.py
[2023-06-23T13:48:49.212+0000] {logging_mixin.py:149} INFO - [2023-06-23T13:48:49.212+0000] {dag.py:2726} INFO - Sync 1 DAGs
[2023-06-23T13:48:49.239+0000] {logging_mixin.py:149} INFO - [2023-06-23T13:48:49.239+0000] {dag.py:3490} INFO - Setting next_dagrun for example_task_group_decorator to 2023-06-22T13:48:49.239437+00:00, run_after=2023-06-23T13:48:49.239437+00:00
[2023-06-23T13:48:49.261+0000] {processor.py:179} INFO - Processing /home/airflow/.local/lib/python3.7/site-packages/airflow/example_dags/example_task_group_decorator.py took 0.100 seconds
[2023-06-23T13:49:19.495+0000] {processor.py:157} INFO - Started process (PID=1437) to work on /home/airflow/.local/lib/python3.7/site-packages/airflow/example_dags/example_task_group_decorator.py
[2023-06-23T13:49:19.496+0000] {processor.py:826} INFO - Processing file /home/airflow/.local/lib/python3.7/site-packages/airflow/example_dags/example_task_group_decorator.py for tasks to queue
[2023-06-23T13:49:19.497+0000] {logging_mixin.py:149} INFO - [2023-06-23T13:49:19.497+0000] {dagbag.py:541} INFO - Filling up the DagBag from /home/airflow/.local/lib/python3.7/site-packages/airflow/example_dags/example_task_group_decorator.py
[2023-06-23T13:49:19.510+0000] {processor.py:836} INFO - DAG(s) dict_keys(['example_task_group_decorator']) retrieved from /home/airflow/.local/lib/python3.7/site-packages/airflow/example_dags/example_task_group_decorator.py
[2023-06-23T13:49:19.535+0000] {logging_mixin.py:149} INFO - [2023-06-23T13:49:19.535+0000] {dag.py:2726} INFO - Sync 1 DAGs
[2023-06-23T13:49:19.557+0000] {logging_mixin.py:149} INFO - [2023-06-23T13:49:19.557+0000] {dag.py:3490} INFO - Setting next_dagrun for example_task_group_decorator to 2023-06-22T13:49:19.557183+00:00, run_after=2023-06-23T13:49:19.557183+00:00
[2023-06-23T13:49:19.576+0000] {processor.py:179} INFO - Processing /home/airflow/.local/lib/python3.7/site-packages/airflow/example_dags/example_task_group_decorator.py took 0.084 seconds
[2023-06-23T13:49:49.905+0000] {processor.py:157} INFO - Started process (PID=1503) to work on /home/airflow/.local/lib/python3.7/site-packages/airflow/example_dags/example_task_group_decorator.py
[2023-06-23T13:49:49.906+0000] {processor.py:826} INFO - Processing file /home/airflow/.local/lib/python3.7/site-packages/airflow/example_dags/example_task_group_decorator.py for tasks to queue
[2023-06-23T13:49:49.906+0000] {logging_mixin.py:149} INFO - [2023-06-23T13:49:49.906+0000] {dagbag.py:541} INFO - Filling up the DagBag from /home/airflow/.local/lib/python3.7/site-packages/airflow/example_dags/example_task_group_decorator.py
[2023-06-23T13:49:49.921+0000] {processor.py:836} INFO - DAG(s) dict_keys(['example_task_group_decorator']) retrieved from /home/airflow/.local/lib/python3.7/site-packages/airflow/example_dags/example_task_group_decorator.py
[2023-06-23T13:49:49.948+0000] {logging_mixin.py:149} INFO - [2023-06-23T13:49:49.948+0000] {dag.py:2726} INFO - Sync 1 DAGs
[2023-06-23T13:49:49.973+0000] {logging_mixin.py:149} INFO - [2023-06-23T13:49:49.973+0000] {dag.py:3490} INFO - Setting next_dagrun for example_task_group_decorator to 2023-06-22T13:49:49.973342+00:00, run_after=2023-06-23T13:49:49.973342+00:00
[2023-06-23T13:49:49.994+0000] {processor.py:179} INFO - Processing /home/airflow/.local/lib/python3.7/site-packages/airflow/example_dags/example_task_group_decorator.py took 0.093 seconds
[2023-06-23T13:50:20.308+0000] {processor.py:157} INFO - Started process (PID=1570) to work on /home/airflow/.local/lib/python3.7/site-packages/airflow/example_dags/example_task_group_decorator.py
[2023-06-23T13:50:20.309+0000] {processor.py:826} INFO - Processing file /home/airflow/.local/lib/python3.7/site-packages/airflow/example_dags/example_task_group_decorator.py for tasks to queue
[2023-06-23T13:50:20.310+0000] {logging_mixin.py:149} INFO - [2023-06-23T13:50:20.309+0000] {dagbag.py:541} INFO - Filling up the DagBag from /home/airflow/.local/lib/python3.7/site-packages/airflow/example_dags/example_task_group_decorator.py
[2023-06-23T13:50:20.325+0000] {processor.py:836} INFO - DAG(s) dict_keys(['example_task_group_decorator']) retrieved from /home/airflow/.local/lib/python3.7/site-packages/airflow/example_dags/example_task_group_decorator.py
[2023-06-23T13:50:20.356+0000] {logging_mixin.py:149} INFO - [2023-06-23T13:50:20.355+0000] {dag.py:2726} INFO - Sync 1 DAGs
[2023-06-23T13:50:20.380+0000] {logging_mixin.py:149} INFO - [2023-06-23T13:50:20.380+0000] {dag.py:3490} INFO - Setting next_dagrun for example_task_group_decorator to 2023-06-22T13:50:20.380067+00:00, run_after=2023-06-23T13:50:20.380067+00:00
[2023-06-23T13:50:20.401+0000] {processor.py:179} INFO - Processing /home/airflow/.local/lib/python3.7/site-packages/airflow/example_dags/example_task_group_decorator.py took 0.097 seconds
[2023-06-23T13:50:50.621+0000] {processor.py:157} INFO - Started process (PID=1637) to work on /home/airflow/.local/lib/python3.7/site-packages/airflow/example_dags/example_task_group_decorator.py
[2023-06-23T13:50:50.622+0000] {processor.py:826} INFO - Processing file /home/airflow/.local/lib/python3.7/site-packages/airflow/example_dags/example_task_group_decorator.py for tasks to queue
[2023-06-23T13:50:50.622+0000] {logging_mixin.py:149} INFO - [2023-06-23T13:50:50.622+0000] {dagbag.py:541} INFO - Filling up the DagBag from /home/airflow/.local/lib/python3.7/site-packages/airflow/example_dags/example_task_group_decorator.py
[2023-06-23T13:50:50.636+0000] {processor.py:836} INFO - DAG(s) dict_keys(['example_task_group_decorator']) retrieved from /home/airflow/.local/lib/python3.7/site-packages/airflow/example_dags/example_task_group_decorator.py
[2023-06-23T13:50:50.665+0000] {logging_mixin.py:149} INFO - [2023-06-23T13:50:50.665+0000] {dag.py:2726} INFO - Sync 1 DAGs
[2023-06-23T13:50:50.691+0000] {logging_mixin.py:149} INFO - [2023-06-23T13:50:50.691+0000] {dag.py:3490} INFO - Setting next_dagrun for example_task_group_decorator to 2023-06-22T13:50:50.691404+00:00, run_after=2023-06-23T13:50:50.691404+00:00
[2023-06-23T13:50:50.710+0000] {processor.py:179} INFO - Processing /home/airflow/.local/lib/python3.7/site-packages/airflow/example_dags/example_task_group_decorator.py took 0.093 seconds
[2023-06-23T13:51:21.247+0000] {processor.py:157} INFO - Started process (PID=1703) to work on /home/airflow/.local/lib/python3.7/site-packages/airflow/example_dags/example_task_group_decorator.py
[2023-06-23T13:51:21.248+0000] {processor.py:826} INFO - Processing file /home/airflow/.local/lib/python3.7/site-packages/airflow/example_dags/example_task_group_decorator.py for tasks to queue
[2023-06-23T13:51:21.249+0000] {logging_mixin.py:149} INFO - [2023-06-23T13:51:21.249+0000] {dagbag.py:541} INFO - Filling up the DagBag from /home/airflow/.local/lib/python3.7/site-packages/airflow/example_dags/example_task_group_decorator.py
[2023-06-23T13:51:21.263+0000] {processor.py:836} INFO - DAG(s) dict_keys(['example_task_group_decorator']) retrieved from /home/airflow/.local/lib/python3.7/site-packages/airflow/example_dags/example_task_group_decorator.py
[2023-06-23T13:51:21.290+0000] {logging_mixin.py:149} INFO - [2023-06-23T13:51:21.290+0000] {dag.py:2726} INFO - Sync 1 DAGs
[2023-06-23T13:51:21.314+0000] {logging_mixin.py:149} INFO - [2023-06-23T13:51:21.314+0000] {dag.py:3490} INFO - Setting next_dagrun for example_task_group_decorator to 2023-06-22T13:51:21.314437+00:00, run_after=2023-06-23T13:51:21.314437+00:00
[2023-06-23T13:51:21.333+0000] {processor.py:179} INFO - Processing /home/airflow/.local/lib/python3.7/site-packages/airflow/example_dags/example_task_group_decorator.py took 0.089 seconds
[2023-06-23T13:51:51.516+0000] {processor.py:157} INFO - Started process (PID=1769) to work on /home/airflow/.local/lib/python3.7/site-packages/airflow/example_dags/example_task_group_decorator.py
[2023-06-23T13:51:51.517+0000] {processor.py:826} INFO - Processing file /home/airflow/.local/lib/python3.7/site-packages/airflow/example_dags/example_task_group_decorator.py for tasks to queue
[2023-06-23T13:51:51.518+0000] {logging_mixin.py:149} INFO - [2023-06-23T13:51:51.518+0000] {dagbag.py:541} INFO - Filling up the DagBag from /home/airflow/.local/lib/python3.7/site-packages/airflow/example_dags/example_task_group_decorator.py
[2023-06-23T13:51:51.532+0000] {processor.py:836} INFO - DAG(s) dict_keys(['example_task_group_decorator']) retrieved from /home/airflow/.local/lib/python3.7/site-packages/airflow/example_dags/example_task_group_decorator.py
[2023-06-23T13:51:51.559+0000] {logging_mixin.py:149} INFO - [2023-06-23T13:51:51.559+0000] {dag.py:2726} INFO - Sync 1 DAGs
[2023-06-23T13:51:51.586+0000] {logging_mixin.py:149} INFO - [2023-06-23T13:51:51.586+0000] {dag.py:3490} INFO - Setting next_dagrun for example_task_group_decorator to 2023-06-22T13:51:51.585917+00:00, run_after=2023-06-23T13:51:51.585917+00:00
[2023-06-23T13:51:51.607+0000] {processor.py:179} INFO - Processing /home/airflow/.local/lib/python3.7/site-packages/airflow/example_dags/example_task_group_decorator.py took 0.094 seconds
[2023-06-23T13:52:21.895+0000] {processor.py:157} INFO - Started process (PID=1835) to work on /home/airflow/.local/lib/python3.7/site-packages/airflow/example_dags/example_task_group_decorator.py
[2023-06-23T13:52:21.897+0000] {processor.py:826} INFO - Processing file /home/airflow/.local/lib/python3.7/site-packages/airflow/example_dags/example_task_group_decorator.py for tasks to queue
[2023-06-23T13:52:21.898+0000] {logging_mixin.py:149} INFO - [2023-06-23T13:52:21.898+0000] {dagbag.py:541} INFO - Filling up the DagBag from /home/airflow/.local/lib/python3.7/site-packages/airflow/example_dags/example_task_group_decorator.py
[2023-06-23T13:52:21.913+0000] {processor.py:836} INFO - DAG(s) dict_keys(['example_task_group_decorator']) retrieved from /home/airflow/.local/lib/python3.7/site-packages/airflow/example_dags/example_task_group_decorator.py
[2023-06-23T13:52:21.941+0000] {logging_mixin.py:149} INFO - [2023-06-23T13:52:21.940+0000] {dag.py:2726} INFO - Sync 1 DAGs
[2023-06-23T13:52:21.966+0000] {logging_mixin.py:149} INFO - [2023-06-23T13:52:21.966+0000] {dag.py:3490} INFO - Setting next_dagrun for example_task_group_decorator to 2023-06-22T13:52:21.966462+00:00, run_after=2023-06-23T13:52:21.966462+00:00
[2023-06-23T13:52:21.987+0000] {processor.py:179} INFO - Processing /home/airflow/.local/lib/python3.7/site-packages/airflow/example_dags/example_task_group_decorator.py took 0.094 seconds
[2023-06-23T13:52:52.105+0000] {processor.py:157} INFO - Started process (PID=1901) to work on /home/airflow/.local/lib/python3.7/site-packages/airflow/example_dags/example_task_group_decorator.py
[2023-06-23T13:52:52.107+0000] {processor.py:826} INFO - Processing file /home/airflow/.local/lib/python3.7/site-packages/airflow/example_dags/example_task_group_decorator.py for tasks to queue
[2023-06-23T13:52:52.108+0000] {logging_mixin.py:149} INFO - [2023-06-23T13:52:52.107+0000] {dagbag.py:541} INFO - Filling up the DagBag from /home/airflow/.local/lib/python3.7/site-packages/airflow/example_dags/example_task_group_decorator.py
[2023-06-23T13:52:52.122+0000] {processor.py:836} INFO - DAG(s) dict_keys(['example_task_group_decorator']) retrieved from /home/airflow/.local/lib/python3.7/site-packages/airflow/example_dags/example_task_group_decorator.py
[2023-06-23T13:52:52.148+0000] {logging_mixin.py:149} INFO - [2023-06-23T13:52:52.147+0000] {dag.py:2726} INFO - Sync 1 DAGs
[2023-06-23T13:52:52.176+0000] {logging_mixin.py:149} INFO - [2023-06-23T13:52:52.176+0000] {dag.py:3490} INFO - Setting next_dagrun for example_task_group_decorator to 2023-06-22T13:52:52.175990+00:00, run_after=2023-06-23T13:52:52.175990+00:00
[2023-06-23T13:52:52.198+0000] {processor.py:179} INFO - Processing /home/airflow/.local/lib/python3.7/site-packages/airflow/example_dags/example_task_group_decorator.py took 0.095 seconds
[2023-06-23T13:53:23.029+0000] {processor.py:157} INFO - Started process (PID=1967) to work on /home/airflow/.local/lib/python3.7/site-packages/airflow/example_dags/example_task_group_decorator.py
[2023-06-23T13:53:23.030+0000] {processor.py:826} INFO - Processing file /home/airflow/.local/lib/python3.7/site-packages/airflow/example_dags/example_task_group_decorator.py for tasks to queue
[2023-06-23T13:53:23.032+0000] {logging_mixin.py:149} INFO - [2023-06-23T13:53:23.031+0000] {dagbag.py:541} INFO - Filling up the DagBag from /home/airflow/.local/lib/python3.7/site-packages/airflow/example_dags/example_task_group_decorator.py
[2023-06-23T13:53:23.052+0000] {processor.py:836} INFO - DAG(s) dict_keys(['example_task_group_decorator']) retrieved from /home/airflow/.local/lib/python3.7/site-packages/airflow/example_dags/example_task_group_decorator.py
[2023-06-23T13:53:23.082+0000] {logging_mixin.py:149} INFO - [2023-06-23T13:53:23.081+0000] {dag.py:2726} INFO - Sync 1 DAGs
[2023-06-23T13:53:23.108+0000] {logging_mixin.py:149} INFO - [2023-06-23T13:53:23.108+0000] {dag.py:3490} INFO - Setting next_dagrun for example_task_group_decorator to 2023-06-22T13:53:23.107957+00:00, run_after=2023-06-23T13:53:23.107957+00:00
[2023-06-23T13:53:23.138+0000] {processor.py:179} INFO - Processing /home/airflow/.local/lib/python3.7/site-packages/airflow/example_dags/example_task_group_decorator.py took 0.113 seconds
[2023-06-23T13:53:54.203+0000] {processor.py:157} INFO - Started process (PID=2033) to work on /home/airflow/.local/lib/python3.7/site-packages/airflow/example_dags/example_task_group_decorator.py
[2023-06-23T13:53:54.204+0000] {processor.py:826} INFO - Processing file /home/airflow/.local/lib/python3.7/site-packages/airflow/example_dags/example_task_group_decorator.py for tasks to queue
[2023-06-23T13:53:54.206+0000] {logging_mixin.py:149} INFO - [2023-06-23T13:53:54.205+0000] {dagbag.py:541} INFO - Filling up the DagBag from /home/airflow/.local/lib/python3.7/site-packages/airflow/example_dags/example_task_group_decorator.py
[2023-06-23T13:53:54.228+0000] {processor.py:836} INFO - DAG(s) dict_keys(['example_task_group_decorator']) retrieved from /home/airflow/.local/lib/python3.7/site-packages/airflow/example_dags/example_task_group_decorator.py
[2023-06-23T13:53:54.271+0000] {logging_mixin.py:149} INFO - [2023-06-23T13:53:54.270+0000] {dag.py:2726} INFO - Sync 1 DAGs
[2023-06-23T13:53:54.307+0000] {logging_mixin.py:149} INFO - [2023-06-23T13:53:54.307+0000] {dag.py:3490} INFO - Setting next_dagrun for example_task_group_decorator to 2023-06-22T13:53:54.307128+00:00, run_after=2023-06-23T13:53:54.307128+00:00
[2023-06-23T13:53:54.337+0000] {processor.py:179} INFO - Processing /home/airflow/.local/lib/python3.7/site-packages/airflow/example_dags/example_task_group_decorator.py took 0.138 seconds
[2023-06-23T13:54:24.758+0000] {processor.py:157} INFO - Started process (PID=2099) to work on /home/airflow/.local/lib/python3.7/site-packages/airflow/example_dags/example_task_group_decorator.py
[2023-06-23T13:54:24.759+0000] {processor.py:826} INFO - Processing file /home/airflow/.local/lib/python3.7/site-packages/airflow/example_dags/example_task_group_decorator.py for tasks to queue
[2023-06-23T13:54:24.760+0000] {logging_mixin.py:149} INFO - [2023-06-23T13:54:24.760+0000] {dagbag.py:541} INFO - Filling up the DagBag from /home/airflow/.local/lib/python3.7/site-packages/airflow/example_dags/example_task_group_decorator.py
[2023-06-23T13:54:24.773+0000] {processor.py:836} INFO - DAG(s) dict_keys(['example_task_group_decorator']) retrieved from /home/airflow/.local/lib/python3.7/site-packages/airflow/example_dags/example_task_group_decorator.py
[2023-06-23T13:54:24.800+0000] {logging_mixin.py:149} INFO - [2023-06-23T13:54:24.800+0000] {dag.py:2726} INFO - Sync 1 DAGs
[2023-06-23T13:54:24.825+0000] {logging_mixin.py:149} INFO - [2023-06-23T13:54:24.825+0000] {dag.py:3490} INFO - Setting next_dagrun for example_task_group_decorator to 2023-06-22T13:54:24.825389+00:00, run_after=2023-06-23T13:54:24.825389+00:00
[2023-06-23T13:54:24.845+0000] {processor.py:179} INFO - Processing /home/airflow/.local/lib/python3.7/site-packages/airflow/example_dags/example_task_group_decorator.py took 0.090 seconds
[2023-06-23T13:54:55.214+0000] {processor.py:157} INFO - Started process (PID=2165) to work on /home/airflow/.local/lib/python3.7/site-packages/airflow/example_dags/example_task_group_decorator.py
[2023-06-23T13:54:55.215+0000] {processor.py:826} INFO - Processing file /home/airflow/.local/lib/python3.7/site-packages/airflow/example_dags/example_task_group_decorator.py for tasks to queue
[2023-06-23T13:54:55.216+0000] {logging_mixin.py:149} INFO - [2023-06-23T13:54:55.216+0000] {dagbag.py:541} INFO - Filling up the DagBag from /home/airflow/.local/lib/python3.7/site-packages/airflow/example_dags/example_task_group_decorator.py
[2023-06-23T13:54:55.230+0000] {processor.py:836} INFO - DAG(s) dict_keys(['example_task_group_decorator']) retrieved from /home/airflow/.local/lib/python3.7/site-packages/airflow/example_dags/example_task_group_decorator.py
[2023-06-23T13:54:55.258+0000] {logging_mixin.py:149} INFO - [2023-06-23T13:54:55.258+0000] {dag.py:2726} INFO - Sync 1 DAGs
[2023-06-23T13:54:55.283+0000] {logging_mixin.py:149} INFO - [2023-06-23T13:54:55.283+0000] {dag.py:3490} INFO - Setting next_dagrun for example_task_group_decorator to 2023-06-22T13:54:55.283162+00:00, run_after=2023-06-23T13:54:55.283162+00:00
[2023-06-23T13:54:55.302+0000] {processor.py:179} INFO - Processing /home/airflow/.local/lib/python3.7/site-packages/airflow/example_dags/example_task_group_decorator.py took 0.091 seconds
[2023-06-23T13:55:25.529+0000] {processor.py:157} INFO - Started process (PID=2231) to work on /home/airflow/.local/lib/python3.7/site-packages/airflow/example_dags/example_task_group_decorator.py
[2023-06-23T13:55:25.530+0000] {processor.py:826} INFO - Processing file /home/airflow/.local/lib/python3.7/site-packages/airflow/example_dags/example_task_group_decorator.py for tasks to queue
[2023-06-23T13:55:25.531+0000] {logging_mixin.py:149} INFO - [2023-06-23T13:55:25.531+0000] {dagbag.py:541} INFO - Filling up the DagBag from /home/airflow/.local/lib/python3.7/site-packages/airflow/example_dags/example_task_group_decorator.py
[2023-06-23T13:55:25.545+0000] {processor.py:836} INFO - DAG(s) dict_keys(['example_task_group_decorator']) retrieved from /home/airflow/.local/lib/python3.7/site-packages/airflow/example_dags/example_task_group_decorator.py
[2023-06-23T13:55:25.573+0000] {logging_mixin.py:149} INFO - [2023-06-23T13:55:25.573+0000] {dag.py:2726} INFO - Sync 1 DAGs
[2023-06-23T13:55:25.597+0000] {logging_mixin.py:149} INFO - [2023-06-23T13:55:25.597+0000] {dag.py:3490} INFO - Setting next_dagrun for example_task_group_decorator to 2023-06-22T13:55:25.597235+00:00, run_after=2023-06-23T13:55:25.597235+00:00
[2023-06-23T13:55:25.617+0000] {processor.py:179} INFO - Processing /home/airflow/.local/lib/python3.7/site-packages/airflow/example_dags/example_task_group_decorator.py took 0.091 seconds
[2023-06-23T13:55:56.039+0000] {processor.py:157} INFO - Started process (PID=2297) to work on /home/airflow/.local/lib/python3.7/site-packages/airflow/example_dags/example_task_group_decorator.py
[2023-06-23T13:55:56.040+0000] {processor.py:826} INFO - Processing file /home/airflow/.local/lib/python3.7/site-packages/airflow/example_dags/example_task_group_decorator.py for tasks to queue
[2023-06-23T13:55:56.041+0000] {logging_mixin.py:149} INFO - [2023-06-23T13:55:56.041+0000] {dagbag.py:541} INFO - Filling up the DagBag from /home/airflow/.local/lib/python3.7/site-packages/airflow/example_dags/example_task_group_decorator.py
[2023-06-23T13:55:56.054+0000] {processor.py:836} INFO - DAG(s) dict_keys(['example_task_group_decorator']) retrieved from /home/airflow/.local/lib/python3.7/site-packages/airflow/example_dags/example_task_group_decorator.py
[2023-06-23T13:55:56.082+0000] {logging_mixin.py:149} INFO - [2023-06-23T13:55:56.082+0000] {dag.py:2726} INFO - Sync 1 DAGs
[2023-06-23T13:55:56.109+0000] {logging_mixin.py:149} INFO - [2023-06-23T13:55:56.109+0000] {dag.py:3490} INFO - Setting next_dagrun for example_task_group_decorator to 2023-06-22T13:55:56.109312+00:00, run_after=2023-06-23T13:55:56.109312+00:00
[2023-06-23T13:55:56.133+0000] {processor.py:179} INFO - Processing /home/airflow/.local/lib/python3.7/site-packages/airflow/example_dags/example_task_group_decorator.py took 0.097 seconds
[2023-06-23T13:56:26.524+0000] {processor.py:157} INFO - Started process (PID=2363) to work on /home/airflow/.local/lib/python3.7/site-packages/airflow/example_dags/example_task_group_decorator.py
[2023-06-23T13:56:26.525+0000] {processor.py:826} INFO - Processing file /home/airflow/.local/lib/python3.7/site-packages/airflow/example_dags/example_task_group_decorator.py for tasks to queue
[2023-06-23T13:56:26.526+0000] {logging_mixin.py:149} INFO - [2023-06-23T13:56:26.526+0000] {dagbag.py:541} INFO - Filling up the DagBag from /home/airflow/.local/lib/python3.7/site-packages/airflow/example_dags/example_task_group_decorator.py
[2023-06-23T13:56:26.540+0000] {processor.py:836} INFO - DAG(s) dict_keys(['example_task_group_decorator']) retrieved from /home/airflow/.local/lib/python3.7/site-packages/airflow/example_dags/example_task_group_decorator.py
[2023-06-23T13:56:26.568+0000] {logging_mixin.py:149} INFO - [2023-06-23T13:56:26.568+0000] {dag.py:2726} INFO - Sync 1 DAGs
[2023-06-23T13:56:26.595+0000] {logging_mixin.py:149} INFO - [2023-06-23T13:56:26.595+0000] {dag.py:3490} INFO - Setting next_dagrun for example_task_group_decorator to 2023-06-22T13:56:26.594884+00:00, run_after=2023-06-23T13:56:26.594884+00:00
[2023-06-23T13:56:26.618+0000] {processor.py:179} INFO - Processing /home/airflow/.local/lib/python3.7/site-packages/airflow/example_dags/example_task_group_decorator.py took 0.098 seconds
[2023-06-23T13:56:56.866+0000] {processor.py:157} INFO - Started process (PID=2429) to work on /home/airflow/.local/lib/python3.7/site-packages/airflow/example_dags/example_task_group_decorator.py
[2023-06-23T13:56:56.867+0000] {processor.py:826} INFO - Processing file /home/airflow/.local/lib/python3.7/site-packages/airflow/example_dags/example_task_group_decorator.py for tasks to queue
[2023-06-23T13:56:56.868+0000] {logging_mixin.py:149} INFO - [2023-06-23T13:56:56.868+0000] {dagbag.py:541} INFO - Filling up the DagBag from /home/airflow/.local/lib/python3.7/site-packages/airflow/example_dags/example_task_group_decorator.py
[2023-06-23T13:56:56.881+0000] {processor.py:836} INFO - DAG(s) dict_keys(['example_task_group_decorator']) retrieved from /home/airflow/.local/lib/python3.7/site-packages/airflow/example_dags/example_task_group_decorator.py
[2023-06-23T13:56:56.907+0000] {logging_mixin.py:149} INFO - [2023-06-23T13:56:56.907+0000] {dag.py:2726} INFO - Sync 1 DAGs
[2023-06-23T13:56:56.931+0000] {logging_mixin.py:149} INFO - [2023-06-23T13:56:56.931+0000] {dag.py:3490} INFO - Setting next_dagrun for example_task_group_decorator to 2023-06-22T13:56:56.931105+00:00, run_after=2023-06-23T13:56:56.931105+00:00
[2023-06-23T13:56:56.950+0000] {processor.py:179} INFO - Processing /home/airflow/.local/lib/python3.7/site-packages/airflow/example_dags/example_task_group_decorator.py took 0.087 seconds
[2023-06-23T13:57:27.304+0000] {processor.py:157} INFO - Started process (PID=2495) to work on /home/airflow/.local/lib/python3.7/site-packages/airflow/example_dags/example_task_group_decorator.py
[2023-06-23T13:57:27.305+0000] {processor.py:826} INFO - Processing file /home/airflow/.local/lib/python3.7/site-packages/airflow/example_dags/example_task_group_decorator.py for tasks to queue
[2023-06-23T13:57:27.306+0000] {logging_mixin.py:149} INFO - [2023-06-23T13:57:27.306+0000] {dagbag.py:541} INFO - Filling up the DagBag from /home/airflow/.local/lib/python3.7/site-packages/airflow/example_dags/example_task_group_decorator.py
[2023-06-23T13:57:27.320+0000] {processor.py:836} INFO - DAG(s) dict_keys(['example_task_group_decorator']) retrieved from /home/airflow/.local/lib/python3.7/site-packages/airflow/example_dags/example_task_group_decorator.py
[2023-06-23T13:57:27.346+0000] {logging_mixin.py:149} INFO - [2023-06-23T13:57:27.346+0000] {dag.py:2726} INFO - Sync 1 DAGs
[2023-06-23T13:57:27.369+0000] {logging_mixin.py:149} INFO - [2023-06-23T13:57:27.369+0000] {dag.py:3490} INFO - Setting next_dagrun for example_task_group_decorator to 2023-06-22T13:57:27.369264+00:00, run_after=2023-06-23T13:57:27.369264+00:00
[2023-06-23T13:57:27.389+0000] {processor.py:179} INFO - Processing /home/airflow/.local/lib/python3.7/site-packages/airflow/example_dags/example_task_group_decorator.py took 0.088 seconds
[2023-06-23T13:57:57.729+0000] {processor.py:157} INFO - Started process (PID=2561) to work on /home/airflow/.local/lib/python3.7/site-packages/airflow/example_dags/example_task_group_decorator.py
[2023-06-23T13:57:57.730+0000] {processor.py:826} INFO - Processing file /home/airflow/.local/lib/python3.7/site-packages/airflow/example_dags/example_task_group_decorator.py for tasks to queue
[2023-06-23T13:57:57.731+0000] {logging_mixin.py:149} INFO - [2023-06-23T13:57:57.730+0000] {dagbag.py:541} INFO - Filling up the DagBag from /home/airflow/.local/lib/python3.7/site-packages/airflow/example_dags/example_task_group_decorator.py
[2023-06-23T13:57:57.744+0000] {processor.py:836} INFO - DAG(s) dict_keys(['example_task_group_decorator']) retrieved from /home/airflow/.local/lib/python3.7/site-packages/airflow/example_dags/example_task_group_decorator.py
[2023-06-23T13:57:57.770+0000] {logging_mixin.py:149} INFO - [2023-06-23T13:57:57.770+0000] {dag.py:2726} INFO - Sync 1 DAGs
[2023-06-23T13:57:57.793+0000] {logging_mixin.py:149} INFO - [2023-06-23T13:57:57.792+0000] {dag.py:3490} INFO - Setting next_dagrun for example_task_group_decorator to 2023-06-22T13:57:57.792662+00:00, run_after=2023-06-23T13:57:57.792662+00:00
[2023-06-23T13:57:57.812+0000] {processor.py:179} INFO - Processing /home/airflow/.local/lib/python3.7/site-packages/airflow/example_dags/example_task_group_decorator.py took 0.086 seconds
[2023-06-23T13:58:28.004+0000] {processor.py:157} INFO - Started process (PID=2627) to work on /home/airflow/.local/lib/python3.7/site-packages/airflow/example_dags/example_task_group_decorator.py
[2023-06-23T13:58:28.005+0000] {processor.py:826} INFO - Processing file /home/airflow/.local/lib/python3.7/site-packages/airflow/example_dags/example_task_group_decorator.py for tasks to queue
[2023-06-23T13:58:28.006+0000] {logging_mixin.py:149} INFO - [2023-06-23T13:58:28.006+0000] {dagbag.py:541} INFO - Filling up the DagBag from /home/airflow/.local/lib/python3.7/site-packages/airflow/example_dags/example_task_group_decorator.py
[2023-06-23T13:58:28.021+0000] {processor.py:836} INFO - DAG(s) dict_keys(['example_task_group_decorator']) retrieved from /home/airflow/.local/lib/python3.7/site-packages/airflow/example_dags/example_task_group_decorator.py
[2023-06-23T13:58:28.048+0000] {logging_mixin.py:149} INFO - [2023-06-23T13:58:28.048+0000] {dag.py:2726} INFO - Sync 1 DAGs
[2023-06-23T13:58:28.074+0000] {logging_mixin.py:149} INFO - [2023-06-23T13:58:28.074+0000] {dag.py:3490} INFO - Setting next_dagrun for example_task_group_decorator to 2023-06-22T13:58:28.074193+00:00, run_after=2023-06-23T13:58:28.074193+00:00
[2023-06-23T13:58:28.097+0000] {processor.py:179} INFO - Processing /home/airflow/.local/lib/python3.7/site-packages/airflow/example_dags/example_task_group_decorator.py took 0.096 seconds
[2023-06-23T13:58:58.381+0000] {processor.py:157} INFO - Started process (PID=2693) to work on /home/airflow/.local/lib/python3.7/site-packages/airflow/example_dags/example_task_group_decorator.py
[2023-06-23T13:58:58.383+0000] {processor.py:826} INFO - Processing file /home/airflow/.local/lib/python3.7/site-packages/airflow/example_dags/example_task_group_decorator.py for tasks to queue
[2023-06-23T13:58:58.383+0000] {logging_mixin.py:149} INFO - [2023-06-23T13:58:58.383+0000] {dagbag.py:541} INFO - Filling up the DagBag from /home/airflow/.local/lib/python3.7/site-packages/airflow/example_dags/example_task_group_decorator.py
[2023-06-23T13:58:58.398+0000] {processor.py:836} INFO - DAG(s) dict_keys(['example_task_group_decorator']) retrieved from /home/airflow/.local/lib/python3.7/site-packages/airflow/example_dags/example_task_group_decorator.py
[2023-06-23T13:58:58.424+0000] {logging_mixin.py:149} INFO - [2023-06-23T13:58:58.424+0000] {dag.py:2726} INFO - Sync 1 DAGs
[2023-06-23T13:58:58.447+0000] {logging_mixin.py:149} INFO - [2023-06-23T13:58:58.447+0000] {dag.py:3490} INFO - Setting next_dagrun for example_task_group_decorator to 2023-06-22T13:58:58.447066+00:00, run_after=2023-06-23T13:58:58.447066+00:00
[2023-06-23T13:58:58.468+0000] {processor.py:179} INFO - Processing /home/airflow/.local/lib/python3.7/site-packages/airflow/example_dags/example_task_group_decorator.py took 0.089 seconds
[2023-06-23T13:59:28.582+0000] {processor.py:157} INFO - Started process (PID=2759) to work on /home/airflow/.local/lib/python3.7/site-packages/airflow/example_dags/example_task_group_decorator.py
[2023-06-23T13:59:28.583+0000] {processor.py:826} INFO - Processing file /home/airflow/.local/lib/python3.7/site-packages/airflow/example_dags/example_task_group_decorator.py for tasks to queue
[2023-06-23T13:59:28.584+0000] {logging_mixin.py:149} INFO - [2023-06-23T13:59:28.584+0000] {dagbag.py:541} INFO - Filling up the DagBag from /home/airflow/.local/lib/python3.7/site-packages/airflow/example_dags/example_task_group_decorator.py
[2023-06-23T13:59:28.599+0000] {processor.py:836} INFO - DAG(s) dict_keys(['example_task_group_decorator']) retrieved from /home/airflow/.local/lib/python3.7/site-packages/airflow/example_dags/example_task_group_decorator.py
[2023-06-23T13:59:28.626+0000] {logging_mixin.py:149} INFO - [2023-06-23T13:59:28.626+0000] {dag.py:2726} INFO - Sync 1 DAGs
[2023-06-23T13:59:28.650+0000] {logging_mixin.py:149} INFO - [2023-06-23T13:59:28.650+0000] {dag.py:3490} INFO - Setting next_dagrun for example_task_group_decorator to 2023-06-22T13:59:28.649983+00:00, run_after=2023-06-23T13:59:28.649983+00:00
[2023-06-23T13:59:28.672+0000] {processor.py:179} INFO - Processing /home/airflow/.local/lib/python3.7/site-packages/airflow/example_dags/example_task_group_decorator.py took 0.093 seconds
[2023-06-23T13:59:58.907+0000] {processor.py:157} INFO - Started process (PID=2825) to work on /home/airflow/.local/lib/python3.7/site-packages/airflow/example_dags/example_task_group_decorator.py
[2023-06-23T13:59:58.908+0000] {processor.py:826} INFO - Processing file /home/airflow/.local/lib/python3.7/site-packages/airflow/example_dags/example_task_group_decorator.py for tasks to queue
[2023-06-23T13:59:58.909+0000] {logging_mixin.py:149} INFO - [2023-06-23T13:59:58.909+0000] {dagbag.py:541} INFO - Filling up the DagBag from /home/airflow/.local/lib/python3.7/site-packages/airflow/example_dags/example_task_group_decorator.py
[2023-06-23T13:59:58.923+0000] {processor.py:836} INFO - DAG(s) dict_keys(['example_task_group_decorator']) retrieved from /home/airflow/.local/lib/python3.7/site-packages/airflow/example_dags/example_task_group_decorator.py
[2023-06-23T13:59:58.949+0000] {logging_mixin.py:149} INFO - [2023-06-23T13:59:58.949+0000] {dag.py:2726} INFO - Sync 1 DAGs
[2023-06-23T13:59:58.974+0000] {logging_mixin.py:149} INFO - [2023-06-23T13:59:58.974+0000] {dag.py:3490} INFO - Setting next_dagrun for example_task_group_decorator to 2023-06-22T13:59:58.973884+00:00, run_after=2023-06-23T13:59:58.973884+00:00
[2023-06-23T13:59:58.993+0000] {processor.py:179} INFO - Processing /home/airflow/.local/lib/python3.7/site-packages/airflow/example_dags/example_task_group_decorator.py took 0.088 seconds
[2023-06-23T14:00:29.195+0000] {processor.py:157} INFO - Started process (PID=2891) to work on /home/airflow/.local/lib/python3.7/site-packages/airflow/example_dags/example_task_group_decorator.py
[2023-06-23T14:00:29.196+0000] {processor.py:826} INFO - Processing file /home/airflow/.local/lib/python3.7/site-packages/airflow/example_dags/example_task_group_decorator.py for tasks to queue
[2023-06-23T14:00:29.197+0000] {logging_mixin.py:149} INFO - [2023-06-23T14:00:29.197+0000] {dagbag.py:541} INFO - Filling up the DagBag from /home/airflow/.local/lib/python3.7/site-packages/airflow/example_dags/example_task_group_decorator.py
[2023-06-23T14:00:29.213+0000] {processor.py:836} INFO - DAG(s) dict_keys(['example_task_group_decorator']) retrieved from /home/airflow/.local/lib/python3.7/site-packages/airflow/example_dags/example_task_group_decorator.py
[2023-06-23T14:00:29.242+0000] {logging_mixin.py:149} INFO - [2023-06-23T14:00:29.241+0000] {dag.py:2726} INFO - Sync 1 DAGs
[2023-06-23T14:00:29.272+0000] {logging_mixin.py:149} INFO - [2023-06-23T14:00:29.271+0000] {dag.py:3490} INFO - Setting next_dagrun for example_task_group_decorator to 2023-06-22T14:00:29.271633+00:00, run_after=2023-06-23T14:00:29.271633+00:00
[2023-06-23T14:00:29.292+0000] {processor.py:179} INFO - Processing /home/airflow/.local/lib/python3.7/site-packages/airflow/example_dags/example_task_group_decorator.py took 0.099 seconds
[2023-06-23T14:00:59.656+0000] {processor.py:157} INFO - Started process (PID=2958) to work on /home/airflow/.local/lib/python3.7/site-packages/airflow/example_dags/example_task_group_decorator.py
[2023-06-23T14:00:59.657+0000] {processor.py:826} INFO - Processing file /home/airflow/.local/lib/python3.7/site-packages/airflow/example_dags/example_task_group_decorator.py for tasks to queue
[2023-06-23T14:00:59.659+0000] {logging_mixin.py:149} INFO - [2023-06-23T14:00:59.658+0000] {dagbag.py:541} INFO - Filling up the DagBag from /home/airflow/.local/lib/python3.7/site-packages/airflow/example_dags/example_task_group_decorator.py
[2023-06-23T14:00:59.673+0000] {processor.py:836} INFO - DAG(s) dict_keys(['example_task_group_decorator']) retrieved from /home/airflow/.local/lib/python3.7/site-packages/airflow/example_dags/example_task_group_decorator.py
[2023-06-23T14:00:59.700+0000] {logging_mixin.py:149} INFO - [2023-06-23T14:00:59.700+0000] {dag.py:2726} INFO - Sync 1 DAGs
[2023-06-23T14:00:59.728+0000] {logging_mixin.py:149} INFO - [2023-06-23T14:00:59.728+0000] {dag.py:3490} INFO - Setting next_dagrun for example_task_group_decorator to 2023-06-22T14:00:59.727774+00:00, run_after=2023-06-23T14:00:59.727774+00:00
[2023-06-23T14:00:59.748+0000] {processor.py:179} INFO - Processing /home/airflow/.local/lib/python3.7/site-packages/airflow/example_dags/example_task_group_decorator.py took 0.095 seconds
[2023-06-23T14:01:29.901+0000] {processor.py:157} INFO - Started process (PID=3024) to work on /home/airflow/.local/lib/python3.7/site-packages/airflow/example_dags/example_task_group_decorator.py
[2023-06-23T14:01:29.902+0000] {processor.py:826} INFO - Processing file /home/airflow/.local/lib/python3.7/site-packages/airflow/example_dags/example_task_group_decorator.py for tasks to queue
[2023-06-23T14:01:29.903+0000] {logging_mixin.py:149} INFO - [2023-06-23T14:01:29.903+0000] {dagbag.py:541} INFO - Filling up the DagBag from /home/airflow/.local/lib/python3.7/site-packages/airflow/example_dags/example_task_group_decorator.py
[2023-06-23T14:01:29.917+0000] {processor.py:836} INFO - DAG(s) dict_keys(['example_task_group_decorator']) retrieved from /home/airflow/.local/lib/python3.7/site-packages/airflow/example_dags/example_task_group_decorator.py
[2023-06-23T14:01:29.942+0000] {logging_mixin.py:149} INFO - [2023-06-23T14:01:29.942+0000] {dag.py:2726} INFO - Sync 1 DAGs
[2023-06-23T14:01:29.968+0000] {logging_mixin.py:149} INFO - [2023-06-23T14:01:29.968+0000] {dag.py:3490} INFO - Setting next_dagrun for example_task_group_decorator to 2023-06-22T14:01:29.967420+00:00, run_after=2023-06-23T14:01:29.967420+00:00
[2023-06-23T14:01:29.989+0000] {processor.py:179} INFO - Processing /home/airflow/.local/lib/python3.7/site-packages/airflow/example_dags/example_task_group_decorator.py took 0.091 seconds
[2023-06-23T14:02:00.233+0000] {processor.py:157} INFO - Started process (PID=3090) to work on /home/airflow/.local/lib/python3.7/site-packages/airflow/example_dags/example_task_group_decorator.py
[2023-06-23T14:02:00.234+0000] {processor.py:826} INFO - Processing file /home/airflow/.local/lib/python3.7/site-packages/airflow/example_dags/example_task_group_decorator.py for tasks to queue
[2023-06-23T14:02:00.235+0000] {logging_mixin.py:149} INFO - [2023-06-23T14:02:00.235+0000] {dagbag.py:541} INFO - Filling up the DagBag from /home/airflow/.local/lib/python3.7/site-packages/airflow/example_dags/example_task_group_decorator.py
[2023-06-23T14:02:00.250+0000] {processor.py:836} INFO - DAG(s) dict_keys(['example_task_group_decorator']) retrieved from /home/airflow/.local/lib/python3.7/site-packages/airflow/example_dags/example_task_group_decorator.py
[2023-06-23T14:02:00.275+0000] {logging_mixin.py:149} INFO - [2023-06-23T14:02:00.275+0000] {dag.py:2726} INFO - Sync 1 DAGs
[2023-06-23T14:02:00.299+0000] {logging_mixin.py:149} INFO - [2023-06-23T14:02:00.299+0000] {dag.py:3490} INFO - Setting next_dagrun for example_task_group_decorator to 2023-06-22T14:02:00.299149+00:00, run_after=2023-06-23T14:02:00.299149+00:00
[2023-06-23T14:02:00.318+0000] {processor.py:179} INFO - Processing /home/airflow/.local/lib/python3.7/site-packages/airflow/example_dags/example_task_group_decorator.py took 0.087 seconds
[2023-06-23T14:02:30.494+0000] {processor.py:157} INFO - Started process (PID=3156) to work on /home/airflow/.local/lib/python3.7/site-packages/airflow/example_dags/example_task_group_decorator.py
[2023-06-23T14:02:30.495+0000] {processor.py:826} INFO - Processing file /home/airflow/.local/lib/python3.7/site-packages/airflow/example_dags/example_task_group_decorator.py for tasks to queue
[2023-06-23T14:02:30.496+0000] {logging_mixin.py:149} INFO - [2023-06-23T14:02:30.496+0000] {dagbag.py:541} INFO - Filling up the DagBag from /home/airflow/.local/lib/python3.7/site-packages/airflow/example_dags/example_task_group_decorator.py
[2023-06-23T14:02:30.511+0000] {processor.py:836} INFO - DAG(s) dict_keys(['example_task_group_decorator']) retrieved from /home/airflow/.local/lib/python3.7/site-packages/airflow/example_dags/example_task_group_decorator.py
[2023-06-23T14:02:30.538+0000] {logging_mixin.py:149} INFO - [2023-06-23T14:02:30.538+0000] {dag.py:2726} INFO - Sync 1 DAGs
[2023-06-23T14:02:30.566+0000] {logging_mixin.py:149} INFO - [2023-06-23T14:02:30.566+0000] {dag.py:3490} INFO - Setting next_dagrun for example_task_group_decorator to 2023-06-22T14:02:30.565978+00:00, run_after=2023-06-23T14:02:30.565978+00:00
[2023-06-23T14:02:30.591+0000] {processor.py:179} INFO - Processing /home/airflow/.local/lib/python3.7/site-packages/airflow/example_dags/example_task_group_decorator.py took 0.101 seconds
[2023-06-23T14:03:00.936+0000] {processor.py:157} INFO - Started process (PID=3222) to work on /home/airflow/.local/lib/python3.7/site-packages/airflow/example_dags/example_task_group_decorator.py
[2023-06-23T14:03:00.937+0000] {processor.py:826} INFO - Processing file /home/airflow/.local/lib/python3.7/site-packages/airflow/example_dags/example_task_group_decorator.py for tasks to queue
[2023-06-23T14:03:00.938+0000] {logging_mixin.py:149} INFO - [2023-06-23T14:03:00.937+0000] {dagbag.py:541} INFO - Filling up the DagBag from /home/airflow/.local/lib/python3.7/site-packages/airflow/example_dags/example_task_group_decorator.py
[2023-06-23T14:03:00.951+0000] {processor.py:836} INFO - DAG(s) dict_keys(['example_task_group_decorator']) retrieved from /home/airflow/.local/lib/python3.7/site-packages/airflow/example_dags/example_task_group_decorator.py
[2023-06-23T14:03:00.977+0000] {logging_mixin.py:149} INFO - [2023-06-23T14:03:00.977+0000] {dag.py:2726} INFO - Sync 1 DAGs
[2023-06-23T14:03:01.001+0000] {logging_mixin.py:149} INFO - [2023-06-23T14:03:01.001+0000] {dag.py:3490} INFO - Setting next_dagrun for example_task_group_decorator to 2023-06-22T14:03:01.001478+00:00, run_after=2023-06-23T14:03:01.001478+00:00
[2023-06-23T14:03:01.020+0000] {processor.py:179} INFO - Processing /home/airflow/.local/lib/python3.7/site-packages/airflow/example_dags/example_task_group_decorator.py took 0.088 seconds
[2023-06-23T14:03:31.278+0000] {processor.py:157} INFO - Started process (PID=3288) to work on /home/airflow/.local/lib/python3.7/site-packages/airflow/example_dags/example_task_group_decorator.py
[2023-06-23T14:03:31.279+0000] {processor.py:826} INFO - Processing file /home/airflow/.local/lib/python3.7/site-packages/airflow/example_dags/example_task_group_decorator.py for tasks to queue
[2023-06-23T14:03:31.281+0000] {logging_mixin.py:149} INFO - [2023-06-23T14:03:31.280+0000] {dagbag.py:541} INFO - Filling up the DagBag from /home/airflow/.local/lib/python3.7/site-packages/airflow/example_dags/example_task_group_decorator.py
[2023-06-23T14:03:31.294+0000] {processor.py:836} INFO - DAG(s) dict_keys(['example_task_group_decorator']) retrieved from /home/airflow/.local/lib/python3.7/site-packages/airflow/example_dags/example_task_group_decorator.py
[2023-06-23T14:03:31.319+0000] {logging_mixin.py:149} INFO - [2023-06-23T14:03:31.319+0000] {dag.py:2726} INFO - Sync 1 DAGs
[2023-06-23T14:03:31.342+0000] {logging_mixin.py:149} INFO - [2023-06-23T14:03:31.341+0000] {dag.py:3490} INFO - Setting next_dagrun for example_task_group_decorator to 2023-06-22T14:03:31.341808+00:00, run_after=2023-06-23T14:03:31.341808+00:00
[2023-06-23T14:03:31.360+0000] {processor.py:179} INFO - Processing /home/airflow/.local/lib/python3.7/site-packages/airflow/example_dags/example_task_group_decorator.py took 0.085 seconds
[2023-06-23T14:04:01.597+0000] {processor.py:157} INFO - Started process (PID=3354) to work on /home/airflow/.local/lib/python3.7/site-packages/airflow/example_dags/example_task_group_decorator.py
[2023-06-23T14:04:01.598+0000] {processor.py:826} INFO - Processing file /home/airflow/.local/lib/python3.7/site-packages/airflow/example_dags/example_task_group_decorator.py for tasks to queue
[2023-06-23T14:04:01.600+0000] {logging_mixin.py:149} INFO - [2023-06-23T14:04:01.600+0000] {dagbag.py:541} INFO - Filling up the DagBag from /home/airflow/.local/lib/python3.7/site-packages/airflow/example_dags/example_task_group_decorator.py
[2023-06-23T14:04:01.618+0000] {processor.py:836} INFO - DAG(s) dict_keys(['example_task_group_decorator']) retrieved from /home/airflow/.local/lib/python3.7/site-packages/airflow/example_dags/example_task_group_decorator.py
[2023-06-23T14:04:01.654+0000] {logging_mixin.py:149} INFO - [2023-06-23T14:04:01.654+0000] {dag.py:2726} INFO - Sync 1 DAGs
[2023-06-23T14:04:01.686+0000] {logging_mixin.py:149} INFO - [2023-06-23T14:04:01.686+0000] {dag.py:3490} INFO - Setting next_dagrun for example_task_group_decorator to 2023-06-22T14:04:01.685844+00:00, run_after=2023-06-23T14:04:01.685844+00:00
[2023-06-23T14:04:01.713+0000] {processor.py:179} INFO - Processing /home/airflow/.local/lib/python3.7/site-packages/airflow/example_dags/example_task_group_decorator.py took 0.120 seconds
