[2023-06-23T13:14:31.899+0000] {processor.py:157} INFO - Started process (PID=65) to work on /home/airflow/.local/lib/python3.7/site-packages/airflow/example_dags/example_branch_day_of_week_operator.py
[2023-06-23T13:14:31.900+0000] {processor.py:826} INFO - Processing file /home/airflow/.local/lib/python3.7/site-packages/airflow/example_dags/example_branch_day_of_week_operator.py for tasks to queue
[2023-06-23T13:14:31.901+0000] {logging_mixin.py:149} INFO - [2023-06-23T13:14:31.901+0000] {dagbag.py:541} INFO - Filling up the DagBag from /home/airflow/.local/lib/python3.7/site-packages/airflow/example_dags/example_branch_day_of_week_operator.py
[2023-06-23T13:14:31.910+0000] {processor.py:836} INFO - DAG(s) dict_keys(['example_weekday_branch_operator']) retrieved from /home/airflow/.local/lib/python3.7/site-packages/airflow/example_dags/example_branch_day_of_week_operator.py
[2023-06-23T13:14:31.923+0000] {logging_mixin.py:149} INFO - [2023-06-23T13:14:31.923+0000] {dag.py:2726} INFO - Sync 1 DAGs
[2023-06-23T13:14:31.957+0000] {logging_mixin.py:149} INFO - [2023-06-23T13:14:31.957+0000] {dag.py:3490} INFO - Setting next_dagrun for example_weekday_branch_operator to 2023-06-22T00:00:00+00:00, run_after=2023-06-23T00:00:00+00:00
[2023-06-23T13:14:31.981+0000] {processor.py:179} INFO - Processing /home/airflow/.local/lib/python3.7/site-packages/airflow/example_dags/example_branch_day_of_week_operator.py took 0.085 seconds
[2023-06-23T13:15:02.315+0000] {processor.py:157} INFO - Started process (PID=131) to work on /home/airflow/.local/lib/python3.7/site-packages/airflow/example_dags/example_branch_day_of_week_operator.py
[2023-06-23T13:15:02.317+0000] {processor.py:826} INFO - Processing file /home/airflow/.local/lib/python3.7/site-packages/airflow/example_dags/example_branch_day_of_week_operator.py for tasks to queue
[2023-06-23T13:15:02.318+0000] {logging_mixin.py:149} INFO - [2023-06-23T13:15:02.318+0000] {dagbag.py:541} INFO - Filling up the DagBag from /home/airflow/.local/lib/python3.7/site-packages/airflow/example_dags/example_branch_day_of_week_operator.py
[2023-06-23T13:15:02.328+0000] {processor.py:836} INFO - DAG(s) dict_keys(['example_weekday_branch_operator']) retrieved from /home/airflow/.local/lib/python3.7/site-packages/airflow/example_dags/example_branch_day_of_week_operator.py
[2023-06-23T13:15:02.341+0000] {logging_mixin.py:149} INFO - [2023-06-23T13:15:02.341+0000] {dag.py:2726} INFO - Sync 1 DAGs
[2023-06-23T13:15:02.370+0000] {logging_mixin.py:149} INFO - [2023-06-23T13:15:02.370+0000] {dag.py:3490} INFO - Setting next_dagrun for example_weekday_branch_operator to 2023-06-22T00:00:00+00:00, run_after=2023-06-23T00:00:00+00:00
[2023-06-23T13:15:02.393+0000] {processor.py:179} INFO - Processing /home/airflow/.local/lib/python3.7/site-packages/airflow/example_dags/example_branch_day_of_week_operator.py took 0.081 seconds
[2023-06-23T13:15:32.670+0000] {processor.py:157} INFO - Started process (PID=197) to work on /home/airflow/.local/lib/python3.7/site-packages/airflow/example_dags/example_branch_day_of_week_operator.py
[2023-06-23T13:15:32.671+0000] {processor.py:826} INFO - Processing file /home/airflow/.local/lib/python3.7/site-packages/airflow/example_dags/example_branch_day_of_week_operator.py for tasks to queue
[2023-06-23T13:15:32.672+0000] {logging_mixin.py:149} INFO - [2023-06-23T13:15:32.672+0000] {dagbag.py:541} INFO - Filling up the DagBag from /home/airflow/.local/lib/python3.7/site-packages/airflow/example_dags/example_branch_day_of_week_operator.py
[2023-06-23T13:15:32.679+0000] {processor.py:836} INFO - DAG(s) dict_keys(['example_weekday_branch_operator']) retrieved from /home/airflow/.local/lib/python3.7/site-packages/airflow/example_dags/example_branch_day_of_week_operator.py
[2023-06-23T13:15:32.702+0000] {logging_mixin.py:149} INFO - [2023-06-23T13:15:32.702+0000] {dag.py:2726} INFO - Sync 1 DAGs
[2023-06-23T13:15:32.729+0000] {logging_mixin.py:149} INFO - [2023-06-23T13:15:32.729+0000] {dag.py:3490} INFO - Setting next_dagrun for example_weekday_branch_operator to 2023-06-22T00:00:00+00:00, run_after=2023-06-23T00:00:00+00:00
[2023-06-23T13:15:32.750+0000] {processor.py:179} INFO - Processing /home/airflow/.local/lib/python3.7/site-packages/airflow/example_dags/example_branch_day_of_week_operator.py took 0.082 seconds
[2023-06-23T13:16:02.945+0000] {processor.py:157} INFO - Started process (PID=263) to work on /home/airflow/.local/lib/python3.7/site-packages/airflow/example_dags/example_branch_day_of_week_operator.py
[2023-06-23T13:16:02.946+0000] {processor.py:826} INFO - Processing file /home/airflow/.local/lib/python3.7/site-packages/airflow/example_dags/example_branch_day_of_week_operator.py for tasks to queue
[2023-06-23T13:16:02.946+0000] {logging_mixin.py:149} INFO - [2023-06-23T13:16:02.946+0000] {dagbag.py:541} INFO - Filling up the DagBag from /home/airflow/.local/lib/python3.7/site-packages/airflow/example_dags/example_branch_day_of_week_operator.py
[2023-06-23T13:16:02.953+0000] {processor.py:836} INFO - DAG(s) dict_keys(['example_weekday_branch_operator']) retrieved from /home/airflow/.local/lib/python3.7/site-packages/airflow/example_dags/example_branch_day_of_week_operator.py
[2023-06-23T13:16:02.976+0000] {logging_mixin.py:149} INFO - [2023-06-23T13:16:02.976+0000] {dag.py:2726} INFO - Sync 1 DAGs
[2023-06-23T13:16:03.003+0000] {logging_mixin.py:149} INFO - [2023-06-23T13:16:03.003+0000] {dag.py:3490} INFO - Setting next_dagrun for example_weekday_branch_operator to 2023-06-22T00:00:00+00:00, run_after=2023-06-23T00:00:00+00:00
[2023-06-23T13:16:03.024+0000] {processor.py:179} INFO - Processing /home/airflow/.local/lib/python3.7/site-packages/airflow/example_dags/example_branch_day_of_week_operator.py took 0.082 seconds
[2023-06-23T13:38:41.830+0000] {processor.py:157} INFO - Started process (PID=64) to work on /home/airflow/.local/lib/python3.7/site-packages/airflow/example_dags/example_branch_day_of_week_operator.py
[2023-06-23T13:38:41.832+0000] {processor.py:826} INFO - Processing file /home/airflow/.local/lib/python3.7/site-packages/airflow/example_dags/example_branch_day_of_week_operator.py for tasks to queue
[2023-06-23T13:38:41.834+0000] {logging_mixin.py:149} INFO - [2023-06-23T13:38:41.834+0000] {dagbag.py:541} INFO - Filling up the DagBag from /home/airflow/.local/lib/python3.7/site-packages/airflow/example_dags/example_branch_day_of_week_operator.py
[2023-06-23T13:38:41.848+0000] {processor.py:836} INFO - DAG(s) dict_keys(['example_weekday_branch_operator']) retrieved from /home/airflow/.local/lib/python3.7/site-packages/airflow/example_dags/example_branch_day_of_week_operator.py
[2023-06-23T13:38:41.865+0000] {logging_mixin.py:149} INFO - [2023-06-23T13:38:41.864+0000] {dag.py:2726} INFO - Sync 1 DAGs
[2023-06-23T13:38:41.899+0000] {logging_mixin.py:149} INFO - [2023-06-23T13:38:41.899+0000] {dag.py:3490} INFO - Setting next_dagrun for example_weekday_branch_operator to 2023-06-22T00:00:00+00:00, run_after=2023-06-23T00:00:00+00:00
[2023-06-23T13:38:41.930+0000] {processor.py:179} INFO - Processing /home/airflow/.local/lib/python3.7/site-packages/airflow/example_dags/example_branch_day_of_week_operator.py took 0.104 seconds
[2023-06-23T13:39:12.916+0000] {processor.py:157} INFO - Started process (PID=130) to work on /home/airflow/.local/lib/python3.7/site-packages/airflow/example_dags/example_branch_day_of_week_operator.py
[2023-06-23T13:39:12.917+0000] {processor.py:826} INFO - Processing file /home/airflow/.local/lib/python3.7/site-packages/airflow/example_dags/example_branch_day_of_week_operator.py for tasks to queue
[2023-06-23T13:39:12.917+0000] {logging_mixin.py:149} INFO - [2023-06-23T13:39:12.917+0000] {dagbag.py:541} INFO - Filling up the DagBag from /home/airflow/.local/lib/python3.7/site-packages/airflow/example_dags/example_branch_day_of_week_operator.py
[2023-06-23T13:39:12.925+0000] {processor.py:836} INFO - DAG(s) dict_keys(['example_weekday_branch_operator']) retrieved from /home/airflow/.local/lib/python3.7/site-packages/airflow/example_dags/example_branch_day_of_week_operator.py
[2023-06-23T13:39:12.951+0000] {logging_mixin.py:149} INFO - [2023-06-23T13:39:12.951+0000] {dag.py:2726} INFO - Sync 1 DAGs
[2023-06-23T13:39:12.976+0000] {logging_mixin.py:149} INFO - [2023-06-23T13:39:12.976+0000] {dag.py:3490} INFO - Setting next_dagrun for example_weekday_branch_operator to 2023-06-22T00:00:00+00:00, run_after=2023-06-23T00:00:00+00:00
[2023-06-23T13:39:13.013+0000] {processor.py:179} INFO - Processing /home/airflow/.local/lib/python3.7/site-packages/airflow/example_dags/example_branch_day_of_week_operator.py took 0.100 seconds
[2023-06-23T13:39:43.275+0000] {processor.py:157} INFO - Started process (PID=196) to work on /home/airflow/.local/lib/python3.7/site-packages/airflow/example_dags/example_branch_day_of_week_operator.py
[2023-06-23T13:39:43.276+0000] {processor.py:826} INFO - Processing file /home/airflow/.local/lib/python3.7/site-packages/airflow/example_dags/example_branch_day_of_week_operator.py for tasks to queue
[2023-06-23T13:39:43.276+0000] {logging_mixin.py:149} INFO - [2023-06-23T13:39:43.276+0000] {dagbag.py:541} INFO - Filling up the DagBag from /home/airflow/.local/lib/python3.7/site-packages/airflow/example_dags/example_branch_day_of_week_operator.py
[2023-06-23T13:39:43.283+0000] {processor.py:836} INFO - DAG(s) dict_keys(['example_weekday_branch_operator']) retrieved from /home/airflow/.local/lib/python3.7/site-packages/airflow/example_dags/example_branch_day_of_week_operator.py
[2023-06-23T13:39:43.306+0000] {logging_mixin.py:149} INFO - [2023-06-23T13:39:43.306+0000] {dag.py:2726} INFO - Sync 1 DAGs
[2023-06-23T13:39:43.332+0000] {logging_mixin.py:149} INFO - [2023-06-23T13:39:43.332+0000] {dag.py:3490} INFO - Setting next_dagrun for example_weekday_branch_operator to 2023-06-22T00:00:00+00:00, run_after=2023-06-23T00:00:00+00:00
[2023-06-23T13:39:43.353+0000] {processor.py:179} INFO - Processing /home/airflow/.local/lib/python3.7/site-packages/airflow/example_dags/example_branch_day_of_week_operator.py took 0.081 seconds
[2023-06-23T13:40:14.223+0000] {processor.py:157} INFO - Started process (PID=262) to work on /home/airflow/.local/lib/python3.7/site-packages/airflow/example_dags/example_branch_day_of_week_operator.py
[2023-06-23T13:40:14.224+0000] {processor.py:826} INFO - Processing file /home/airflow/.local/lib/python3.7/site-packages/airflow/example_dags/example_branch_day_of_week_operator.py for tasks to queue
[2023-06-23T13:40:14.225+0000] {logging_mixin.py:149} INFO - [2023-06-23T13:40:14.225+0000] {dagbag.py:541} INFO - Filling up the DagBag from /home/airflow/.local/lib/python3.7/site-packages/airflow/example_dags/example_branch_day_of_week_operator.py
[2023-06-23T13:40:14.232+0000] {processor.py:836} INFO - DAG(s) dict_keys(['example_weekday_branch_operator']) retrieved from /home/airflow/.local/lib/python3.7/site-packages/airflow/example_dags/example_branch_day_of_week_operator.py
[2023-06-23T13:40:14.262+0000] {logging_mixin.py:149} INFO - [2023-06-23T13:40:14.262+0000] {dag.py:2726} INFO - Sync 1 DAGs
[2023-06-23T13:40:14.296+0000] {logging_mixin.py:149} INFO - [2023-06-23T13:40:14.296+0000] {dag.py:3490} INFO - Setting next_dagrun for example_weekday_branch_operator to 2023-06-22T00:00:00+00:00, run_after=2023-06-23T00:00:00+00:00
[2023-06-23T13:40:14.318+0000] {processor.py:179} INFO - Processing /home/airflow/.local/lib/python3.7/site-packages/airflow/example_dags/example_branch_day_of_week_operator.py took 0.098 seconds
[2023-06-23T13:40:45.297+0000] {processor.py:157} INFO - Started process (PID=328) to work on /home/airflow/.local/lib/python3.7/site-packages/airflow/example_dags/example_branch_day_of_week_operator.py
[2023-06-23T13:40:45.298+0000] {processor.py:826} INFO - Processing file /home/airflow/.local/lib/python3.7/site-packages/airflow/example_dags/example_branch_day_of_week_operator.py for tasks to queue
[2023-06-23T13:40:45.299+0000] {logging_mixin.py:149} INFO - [2023-06-23T13:40:45.299+0000] {dagbag.py:541} INFO - Filling up the DagBag from /home/airflow/.local/lib/python3.7/site-packages/airflow/example_dags/example_branch_day_of_week_operator.py
[2023-06-23T13:40:45.306+0000] {processor.py:836} INFO - DAG(s) dict_keys(['example_weekday_branch_operator']) retrieved from /home/airflow/.local/lib/python3.7/site-packages/airflow/example_dags/example_branch_day_of_week_operator.py
[2023-06-23T13:40:45.328+0000] {logging_mixin.py:149} INFO - [2023-06-23T13:40:45.328+0000] {dag.py:2726} INFO - Sync 1 DAGs
[2023-06-23T13:40:45.352+0000] {logging_mixin.py:149} INFO - [2023-06-23T13:40:45.352+0000] {dag.py:3490} INFO - Setting next_dagrun for example_weekday_branch_operator to 2023-06-22T00:00:00+00:00, run_after=2023-06-23T00:00:00+00:00
[2023-06-23T13:40:45.374+0000] {processor.py:179} INFO - Processing /home/airflow/.local/lib/python3.7/site-packages/airflow/example_dags/example_branch_day_of_week_operator.py took 0.080 seconds
[2023-06-23T13:41:15.871+0000] {processor.py:157} INFO - Started process (PID=394) to work on /home/airflow/.local/lib/python3.7/site-packages/airflow/example_dags/example_branch_day_of_week_operator.py
[2023-06-23T13:41:15.872+0000] {processor.py:826} INFO - Processing file /home/airflow/.local/lib/python3.7/site-packages/airflow/example_dags/example_branch_day_of_week_operator.py for tasks to queue
[2023-06-23T13:41:15.874+0000] {logging_mixin.py:149} INFO - [2023-06-23T13:41:15.874+0000] {dagbag.py:541} INFO - Filling up the DagBag from /home/airflow/.local/lib/python3.7/site-packages/airflow/example_dags/example_branch_day_of_week_operator.py
[2023-06-23T13:41:15.881+0000] {processor.py:836} INFO - DAG(s) dict_keys(['example_weekday_branch_operator']) retrieved from /home/airflow/.local/lib/python3.7/site-packages/airflow/example_dags/example_branch_day_of_week_operator.py
[2023-06-23T13:41:15.904+0000] {logging_mixin.py:149} INFO - [2023-06-23T13:41:15.904+0000] {dag.py:2726} INFO - Sync 1 DAGs
[2023-06-23T13:41:15.933+0000] {logging_mixin.py:149} INFO - [2023-06-23T13:41:15.933+0000] {dag.py:3490} INFO - Setting next_dagrun for example_weekday_branch_operator to 2023-06-22T00:00:00+00:00, run_after=2023-06-23T00:00:00+00:00
[2023-06-23T13:41:15.953+0000] {processor.py:179} INFO - Processing /home/airflow/.local/lib/python3.7/site-packages/airflow/example_dags/example_branch_day_of_week_operator.py took 0.084 seconds
[2023-06-23T13:41:46.557+0000] {processor.py:157} INFO - Started process (PID=460) to work on /home/airflow/.local/lib/python3.7/site-packages/airflow/example_dags/example_branch_day_of_week_operator.py
[2023-06-23T13:41:46.558+0000] {processor.py:826} INFO - Processing file /home/airflow/.local/lib/python3.7/site-packages/airflow/example_dags/example_branch_day_of_week_operator.py for tasks to queue
[2023-06-23T13:41:46.559+0000] {logging_mixin.py:149} INFO - [2023-06-23T13:41:46.559+0000] {dagbag.py:541} INFO - Filling up the DagBag from /home/airflow/.local/lib/python3.7/site-packages/airflow/example_dags/example_branch_day_of_week_operator.py
[2023-06-23T13:41:46.567+0000] {processor.py:836} INFO - DAG(s) dict_keys(['example_weekday_branch_operator']) retrieved from /home/airflow/.local/lib/python3.7/site-packages/airflow/example_dags/example_branch_day_of_week_operator.py
[2023-06-23T13:41:46.597+0000] {logging_mixin.py:149} INFO - [2023-06-23T13:41:46.597+0000] {dag.py:2726} INFO - Sync 1 DAGs
[2023-06-23T13:41:46.630+0000] {logging_mixin.py:149} INFO - [2023-06-23T13:41:46.630+0000] {dag.py:3490} INFO - Setting next_dagrun for example_weekday_branch_operator to 2023-06-22T00:00:00+00:00, run_after=2023-06-23T00:00:00+00:00
[2023-06-23T13:41:46.653+0000] {processor.py:179} INFO - Processing /home/airflow/.local/lib/python3.7/site-packages/airflow/example_dags/example_branch_day_of_week_operator.py took 0.100 seconds
[2023-06-23T13:42:16.825+0000] {processor.py:157} INFO - Started process (PID=526) to work on /home/airflow/.local/lib/python3.7/site-packages/airflow/example_dags/example_branch_day_of_week_operator.py
[2023-06-23T13:42:16.826+0000] {processor.py:826} INFO - Processing file /home/airflow/.local/lib/python3.7/site-packages/airflow/example_dags/example_branch_day_of_week_operator.py for tasks to queue
[2023-06-23T13:42:16.827+0000] {logging_mixin.py:149} INFO - [2023-06-23T13:42:16.826+0000] {dagbag.py:541} INFO - Filling up the DagBag from /home/airflow/.local/lib/python3.7/site-packages/airflow/example_dags/example_branch_day_of_week_operator.py
[2023-06-23T13:42:16.834+0000] {processor.py:836} INFO - DAG(s) dict_keys(['example_weekday_branch_operator']) retrieved from /home/airflow/.local/lib/python3.7/site-packages/airflow/example_dags/example_branch_day_of_week_operator.py
[2023-06-23T13:42:16.856+0000] {logging_mixin.py:149} INFO - [2023-06-23T13:42:16.856+0000] {dag.py:2726} INFO - Sync 1 DAGs
[2023-06-23T13:42:16.880+0000] {logging_mixin.py:149} INFO - [2023-06-23T13:42:16.880+0000] {dag.py:3490} INFO - Setting next_dagrun for example_weekday_branch_operator to 2023-06-22T00:00:00+00:00, run_after=2023-06-23T00:00:00+00:00
[2023-06-23T13:42:16.901+0000] {processor.py:179} INFO - Processing /home/airflow/.local/lib/python3.7/site-packages/airflow/example_dags/example_branch_day_of_week_operator.py took 0.079 seconds
[2023-06-23T13:42:47.452+0000] {processor.py:157} INFO - Started process (PID=592) to work on /home/airflow/.local/lib/python3.7/site-packages/airflow/example_dags/example_branch_day_of_week_operator.py
[2023-06-23T13:42:47.453+0000] {processor.py:826} INFO - Processing file /home/airflow/.local/lib/python3.7/site-packages/airflow/example_dags/example_branch_day_of_week_operator.py for tasks to queue
[2023-06-23T13:42:47.453+0000] {logging_mixin.py:149} INFO - [2023-06-23T13:42:47.453+0000] {dagbag.py:541} INFO - Filling up the DagBag from /home/airflow/.local/lib/python3.7/site-packages/airflow/example_dags/example_branch_day_of_week_operator.py
[2023-06-23T13:42:47.461+0000] {processor.py:836} INFO - DAG(s) dict_keys(['example_weekday_branch_operator']) retrieved from /home/airflow/.local/lib/python3.7/site-packages/airflow/example_dags/example_branch_day_of_week_operator.py
[2023-06-23T13:42:47.486+0000] {logging_mixin.py:149} INFO - [2023-06-23T13:42:47.485+0000] {dag.py:2726} INFO - Sync 1 DAGs
[2023-06-23T13:42:47.517+0000] {logging_mixin.py:149} INFO - [2023-06-23T13:42:47.516+0000] {dag.py:3490} INFO - Setting next_dagrun for example_weekday_branch_operator to 2023-06-22T00:00:00+00:00, run_after=2023-06-23T00:00:00+00:00
[2023-06-23T13:42:47.539+0000] {processor.py:179} INFO - Processing /home/airflow/.local/lib/python3.7/site-packages/airflow/example_dags/example_branch_day_of_week_operator.py took 0.090 seconds
[2023-06-23T13:43:17.617+0000] {processor.py:157} INFO - Started process (PID=658) to work on /home/airflow/.local/lib/python3.7/site-packages/airflow/example_dags/example_branch_day_of_week_operator.py
[2023-06-23T13:43:17.618+0000] {processor.py:826} INFO - Processing file /home/airflow/.local/lib/python3.7/site-packages/airflow/example_dags/example_branch_day_of_week_operator.py for tasks to queue
[2023-06-23T13:43:17.620+0000] {logging_mixin.py:149} INFO - [2023-06-23T13:43:17.619+0000] {dagbag.py:541} INFO - Filling up the DagBag from /home/airflow/.local/lib/python3.7/site-packages/airflow/example_dags/example_branch_day_of_week_operator.py
[2023-06-23T13:43:17.627+0000] {processor.py:836} INFO - DAG(s) dict_keys(['example_weekday_branch_operator']) retrieved from /home/airflow/.local/lib/python3.7/site-packages/airflow/example_dags/example_branch_day_of_week_operator.py
[2023-06-23T13:43:17.652+0000] {logging_mixin.py:149} INFO - [2023-06-23T13:43:17.652+0000] {dag.py:2726} INFO - Sync 1 DAGs
[2023-06-23T13:43:17.680+0000] {logging_mixin.py:149} INFO - [2023-06-23T13:43:17.680+0000] {dag.py:3490} INFO - Setting next_dagrun for example_weekday_branch_operator to 2023-06-22T00:00:00+00:00, run_after=2023-06-23T00:00:00+00:00
[2023-06-23T13:43:17.703+0000] {processor.py:179} INFO - Processing /home/airflow/.local/lib/python3.7/site-packages/airflow/example_dags/example_branch_day_of_week_operator.py took 0.089 seconds
[2023-06-23T13:43:48.239+0000] {processor.py:157} INFO - Started process (PID=724) to work on /home/airflow/.local/lib/python3.7/site-packages/airflow/example_dags/example_branch_day_of_week_operator.py
[2023-06-23T13:43:48.240+0000] {processor.py:826} INFO - Processing file /home/airflow/.local/lib/python3.7/site-packages/airflow/example_dags/example_branch_day_of_week_operator.py for tasks to queue
[2023-06-23T13:43:48.241+0000] {logging_mixin.py:149} INFO - [2023-06-23T13:43:48.241+0000] {dagbag.py:541} INFO - Filling up the DagBag from /home/airflow/.local/lib/python3.7/site-packages/airflow/example_dags/example_branch_day_of_week_operator.py
[2023-06-23T13:43:48.251+0000] {processor.py:836} INFO - DAG(s) dict_keys(['example_weekday_branch_operator']) retrieved from /home/airflow/.local/lib/python3.7/site-packages/airflow/example_dags/example_branch_day_of_week_operator.py
[2023-06-23T13:43:48.283+0000] {logging_mixin.py:149} INFO - [2023-06-23T13:43:48.283+0000] {dag.py:2726} INFO - Sync 1 DAGs
[2023-06-23T13:43:48.313+0000] {logging_mixin.py:149} INFO - [2023-06-23T13:43:48.313+0000] {dag.py:3490} INFO - Setting next_dagrun for example_weekday_branch_operator to 2023-06-22T00:00:00+00:00, run_after=2023-06-23T00:00:00+00:00
[2023-06-23T13:43:48.336+0000] {processor.py:179} INFO - Processing /home/airflow/.local/lib/python3.7/site-packages/airflow/example_dags/example_branch_day_of_week_operator.py took 0.100 seconds
[2023-06-23T13:44:18.557+0000] {processor.py:157} INFO - Started process (PID=790) to work on /home/airflow/.local/lib/python3.7/site-packages/airflow/example_dags/example_branch_day_of_week_operator.py
[2023-06-23T13:44:18.558+0000] {processor.py:826} INFO - Processing file /home/airflow/.local/lib/python3.7/site-packages/airflow/example_dags/example_branch_day_of_week_operator.py for tasks to queue
[2023-06-23T13:44:18.559+0000] {logging_mixin.py:149} INFO - [2023-06-23T13:44:18.558+0000] {dagbag.py:541} INFO - Filling up the DagBag from /home/airflow/.local/lib/python3.7/site-packages/airflow/example_dags/example_branch_day_of_week_operator.py
[2023-06-23T13:44:18.565+0000] {processor.py:836} INFO - DAG(s) dict_keys(['example_weekday_branch_operator']) retrieved from /home/airflow/.local/lib/python3.7/site-packages/airflow/example_dags/example_branch_day_of_week_operator.py
[2023-06-23T13:44:18.589+0000] {logging_mixin.py:149} INFO - [2023-06-23T13:44:18.588+0000] {dag.py:2726} INFO - Sync 1 DAGs
[2023-06-23T13:44:18.612+0000] {logging_mixin.py:149} INFO - [2023-06-23T13:44:18.612+0000] {dag.py:3490} INFO - Setting next_dagrun for example_weekday_branch_operator to 2023-06-22T00:00:00+00:00, run_after=2023-06-23T00:00:00+00:00
[2023-06-23T13:44:18.632+0000] {processor.py:179} INFO - Processing /home/airflow/.local/lib/python3.7/site-packages/airflow/example_dags/example_branch_day_of_week_operator.py took 0.078 seconds
[2023-06-23T13:44:49.188+0000] {processor.py:157} INFO - Started process (PID=856) to work on /home/airflow/.local/lib/python3.7/site-packages/airflow/example_dags/example_branch_day_of_week_operator.py
[2023-06-23T13:44:49.189+0000] {processor.py:826} INFO - Processing file /home/airflow/.local/lib/python3.7/site-packages/airflow/example_dags/example_branch_day_of_week_operator.py for tasks to queue
[2023-06-23T13:44:49.190+0000] {logging_mixin.py:149} INFO - [2023-06-23T13:44:49.190+0000] {dagbag.py:541} INFO - Filling up the DagBag from /home/airflow/.local/lib/python3.7/site-packages/airflow/example_dags/example_branch_day_of_week_operator.py
[2023-06-23T13:44:49.197+0000] {processor.py:836} INFO - DAG(s) dict_keys(['example_weekday_branch_operator']) retrieved from /home/airflow/.local/lib/python3.7/site-packages/airflow/example_dags/example_branch_day_of_week_operator.py
[2023-06-23T13:44:49.220+0000] {logging_mixin.py:149} INFO - [2023-06-23T13:44:49.220+0000] {dag.py:2726} INFO - Sync 1 DAGs
[2023-06-23T13:44:49.244+0000] {logging_mixin.py:149} INFO - [2023-06-23T13:44:49.244+0000] {dag.py:3490} INFO - Setting next_dagrun for example_weekday_branch_operator to 2023-06-22T00:00:00+00:00, run_after=2023-06-23T00:00:00+00:00
[2023-06-23T13:44:49.263+0000] {processor.py:179} INFO - Processing /home/airflow/.local/lib/python3.7/site-packages/airflow/example_dags/example_branch_day_of_week_operator.py took 0.078 seconds
[2023-06-23T13:45:19.393+0000] {processor.py:157} INFO - Started process (PID=922) to work on /home/airflow/.local/lib/python3.7/site-packages/airflow/example_dags/example_branch_day_of_week_operator.py
[2023-06-23T13:45:19.394+0000] {processor.py:826} INFO - Processing file /home/airflow/.local/lib/python3.7/site-packages/airflow/example_dags/example_branch_day_of_week_operator.py for tasks to queue
[2023-06-23T13:45:19.395+0000] {logging_mixin.py:149} INFO - [2023-06-23T13:45:19.394+0000] {dagbag.py:541} INFO - Filling up the DagBag from /home/airflow/.local/lib/python3.7/site-packages/airflow/example_dags/example_branch_day_of_week_operator.py
[2023-06-23T13:45:19.401+0000] {processor.py:836} INFO - DAG(s) dict_keys(['example_weekday_branch_operator']) retrieved from /home/airflow/.local/lib/python3.7/site-packages/airflow/example_dags/example_branch_day_of_week_operator.py
[2023-06-23T13:45:19.425+0000] {logging_mixin.py:149} INFO - [2023-06-23T13:45:19.425+0000] {dag.py:2726} INFO - Sync 1 DAGs
[2023-06-23T13:45:19.451+0000] {logging_mixin.py:149} INFO - [2023-06-23T13:45:19.451+0000] {dag.py:3490} INFO - Setting next_dagrun for example_weekday_branch_operator to 2023-06-22T00:00:00+00:00, run_after=2023-06-23T00:00:00+00:00
[2023-06-23T13:45:19.471+0000] {processor.py:179} INFO - Processing /home/airflow/.local/lib/python3.7/site-packages/airflow/example_dags/example_branch_day_of_week_operator.py took 0.081 seconds
[2023-06-23T13:45:49.640+0000] {processor.py:157} INFO - Started process (PID=988) to work on /home/airflow/.local/lib/python3.7/site-packages/airflow/example_dags/example_branch_day_of_week_operator.py
[2023-06-23T13:45:49.641+0000] {processor.py:826} INFO - Processing file /home/airflow/.local/lib/python3.7/site-packages/airflow/example_dags/example_branch_day_of_week_operator.py for tasks to queue
[2023-06-23T13:45:49.642+0000] {logging_mixin.py:149} INFO - [2023-06-23T13:45:49.642+0000] {dagbag.py:541} INFO - Filling up the DagBag from /home/airflow/.local/lib/python3.7/site-packages/airflow/example_dags/example_branch_day_of_week_operator.py
[2023-06-23T13:45:49.648+0000] {processor.py:836} INFO - DAG(s) dict_keys(['example_weekday_branch_operator']) retrieved from /home/airflow/.local/lib/python3.7/site-packages/airflow/example_dags/example_branch_day_of_week_operator.py
[2023-06-23T13:45:49.671+0000] {logging_mixin.py:149} INFO - [2023-06-23T13:45:49.671+0000] {dag.py:2726} INFO - Sync 1 DAGs
[2023-06-23T13:45:49.704+0000] {logging_mixin.py:149} INFO - [2023-06-23T13:45:49.704+0000] {dag.py:3490} INFO - Setting next_dagrun for example_weekday_branch_operator to 2023-06-22T00:00:00+00:00, run_after=2023-06-23T00:00:00+00:00
[2023-06-23T13:45:49.725+0000] {processor.py:179} INFO - Processing /home/airflow/.local/lib/python3.7/site-packages/airflow/example_dags/example_branch_day_of_week_operator.py took 0.089 seconds
[2023-06-23T13:46:19.934+0000] {processor.py:157} INFO - Started process (PID=1054) to work on /home/airflow/.local/lib/python3.7/site-packages/airflow/example_dags/example_branch_day_of_week_operator.py
[2023-06-23T13:46:19.935+0000] {processor.py:826} INFO - Processing file /home/airflow/.local/lib/python3.7/site-packages/airflow/example_dags/example_branch_day_of_week_operator.py for tasks to queue
[2023-06-23T13:46:19.936+0000] {logging_mixin.py:149} INFO - [2023-06-23T13:46:19.936+0000] {dagbag.py:541} INFO - Filling up the DagBag from /home/airflow/.local/lib/python3.7/site-packages/airflow/example_dags/example_branch_day_of_week_operator.py
[2023-06-23T13:46:19.942+0000] {processor.py:836} INFO - DAG(s) dict_keys(['example_weekday_branch_operator']) retrieved from /home/airflow/.local/lib/python3.7/site-packages/airflow/example_dags/example_branch_day_of_week_operator.py
[2023-06-23T13:46:19.966+0000] {logging_mixin.py:149} INFO - [2023-06-23T13:46:19.966+0000] {dag.py:2726} INFO - Sync 1 DAGs
[2023-06-23T13:46:19.993+0000] {logging_mixin.py:149} INFO - [2023-06-23T13:46:19.993+0000] {dag.py:3490} INFO - Setting next_dagrun for example_weekday_branch_operator to 2023-06-22T00:00:00+00:00, run_after=2023-06-23T00:00:00+00:00
[2023-06-23T13:46:20.013+0000] {processor.py:179} INFO - Processing /home/airflow/.local/lib/python3.7/site-packages/airflow/example_dags/example_branch_day_of_week_operator.py took 0.083 seconds
[2023-06-23T13:46:50.308+0000] {processor.py:157} INFO - Started process (PID=1120) to work on /home/airflow/.local/lib/python3.7/site-packages/airflow/example_dags/example_branch_day_of_week_operator.py
[2023-06-23T13:46:50.310+0000] {processor.py:826} INFO - Processing file /home/airflow/.local/lib/python3.7/site-packages/airflow/example_dags/example_branch_day_of_week_operator.py for tasks to queue
[2023-06-23T13:46:50.311+0000] {logging_mixin.py:149} INFO - [2023-06-23T13:46:50.310+0000] {dagbag.py:541} INFO - Filling up the DagBag from /home/airflow/.local/lib/python3.7/site-packages/airflow/example_dags/example_branch_day_of_week_operator.py
[2023-06-23T13:46:50.319+0000] {processor.py:836} INFO - DAG(s) dict_keys(['example_weekday_branch_operator']) retrieved from /home/airflow/.local/lib/python3.7/site-packages/airflow/example_dags/example_branch_day_of_week_operator.py
[2023-06-23T13:46:50.343+0000] {logging_mixin.py:149} INFO - [2023-06-23T13:46:50.343+0000] {dag.py:2726} INFO - Sync 1 DAGs
[2023-06-23T13:46:50.369+0000] {logging_mixin.py:149} INFO - [2023-06-23T13:46:50.369+0000] {dag.py:3490} INFO - Setting next_dagrun for example_weekday_branch_operator to 2023-06-22T00:00:00+00:00, run_after=2023-06-23T00:00:00+00:00
[2023-06-23T13:46:50.390+0000] {processor.py:179} INFO - Processing /home/airflow/.local/lib/python3.7/site-packages/airflow/example_dags/example_branch_day_of_week_operator.py took 0.085 seconds
[2023-06-23T13:47:20.556+0000] {processor.py:157} INFO - Started process (PID=1186) to work on /home/airflow/.local/lib/python3.7/site-packages/airflow/example_dags/example_branch_day_of_week_operator.py
[2023-06-23T13:47:20.558+0000] {processor.py:826} INFO - Processing file /home/airflow/.local/lib/python3.7/site-packages/airflow/example_dags/example_branch_day_of_week_operator.py for tasks to queue
[2023-06-23T13:47:20.559+0000] {logging_mixin.py:149} INFO - [2023-06-23T13:47:20.558+0000] {dagbag.py:541} INFO - Filling up the DagBag from /home/airflow/.local/lib/python3.7/site-packages/airflow/example_dags/example_branch_day_of_week_operator.py
[2023-06-23T13:47:20.567+0000] {processor.py:836} INFO - DAG(s) dict_keys(['example_weekday_branch_operator']) retrieved from /home/airflow/.local/lib/python3.7/site-packages/airflow/example_dags/example_branch_day_of_week_operator.py
[2023-06-23T13:47:20.590+0000] {logging_mixin.py:149} INFO - [2023-06-23T13:47:20.590+0000] {dag.py:2726} INFO - Sync 1 DAGs
[2023-06-23T13:47:20.615+0000] {logging_mixin.py:149} INFO - [2023-06-23T13:47:20.615+0000] {dag.py:3490} INFO - Setting next_dagrun for example_weekday_branch_operator to 2023-06-22T00:00:00+00:00, run_after=2023-06-23T00:00:00+00:00
[2023-06-23T13:47:20.634+0000] {processor.py:179} INFO - Processing /home/airflow/.local/lib/python3.7/site-packages/airflow/example_dags/example_branch_day_of_week_operator.py took 0.081 seconds
[2023-06-23T13:47:50.974+0000] {processor.py:157} INFO - Started process (PID=1253) to work on /home/airflow/.local/lib/python3.7/site-packages/airflow/example_dags/example_branch_day_of_week_operator.py
[2023-06-23T13:47:50.975+0000] {processor.py:826} INFO - Processing file /home/airflow/.local/lib/python3.7/site-packages/airflow/example_dags/example_branch_day_of_week_operator.py for tasks to queue
[2023-06-23T13:47:50.976+0000] {logging_mixin.py:149} INFO - [2023-06-23T13:47:50.976+0000] {dagbag.py:541} INFO - Filling up the DagBag from /home/airflow/.local/lib/python3.7/site-packages/airflow/example_dags/example_branch_day_of_week_operator.py
[2023-06-23T13:47:50.982+0000] {processor.py:836} INFO - DAG(s) dict_keys(['example_weekday_branch_operator']) retrieved from /home/airflow/.local/lib/python3.7/site-packages/airflow/example_dags/example_branch_day_of_week_operator.py
[2023-06-23T13:47:51.005+0000] {logging_mixin.py:149} INFO - [2023-06-23T13:47:51.005+0000] {dag.py:2726} INFO - Sync 1 DAGs
[2023-06-23T13:47:51.029+0000] {logging_mixin.py:149} INFO - [2023-06-23T13:47:51.029+0000] {dag.py:3490} INFO - Setting next_dagrun for example_weekday_branch_operator to 2023-06-22T00:00:00+00:00, run_after=2023-06-23T00:00:00+00:00
[2023-06-23T13:47:51.048+0000] {processor.py:179} INFO - Processing /home/airflow/.local/lib/python3.7/site-packages/airflow/example_dags/example_branch_day_of_week_operator.py took 0.077 seconds
[2023-06-23T13:48:21.348+0000] {processor.py:157} INFO - Started process (PID=1319) to work on /home/airflow/.local/lib/python3.7/site-packages/airflow/example_dags/example_branch_day_of_week_operator.py
[2023-06-23T13:48:21.349+0000] {processor.py:826} INFO - Processing file /home/airflow/.local/lib/python3.7/site-packages/airflow/example_dags/example_branch_day_of_week_operator.py for tasks to queue
[2023-06-23T13:48:21.352+0000] {logging_mixin.py:149} INFO - [2023-06-23T13:48:21.352+0000] {dagbag.py:541} INFO - Filling up the DagBag from /home/airflow/.local/lib/python3.7/site-packages/airflow/example_dags/example_branch_day_of_week_operator.py
[2023-06-23T13:48:21.359+0000] {processor.py:836} INFO - DAG(s) dict_keys(['example_weekday_branch_operator']) retrieved from /home/airflow/.local/lib/python3.7/site-packages/airflow/example_dags/example_branch_day_of_week_operator.py
[2023-06-23T13:48:21.383+0000] {logging_mixin.py:149} INFO - [2023-06-23T13:48:21.383+0000] {dag.py:2726} INFO - Sync 1 DAGs
[2023-06-23T13:48:21.409+0000] {logging_mixin.py:149} INFO - [2023-06-23T13:48:21.408+0000] {dag.py:3490} INFO - Setting next_dagrun for example_weekday_branch_operator to 2023-06-22T00:00:00+00:00, run_after=2023-06-23T00:00:00+00:00
[2023-06-23T13:48:21.429+0000] {processor.py:179} INFO - Processing /home/airflow/.local/lib/python3.7/site-packages/airflow/example_dags/example_branch_day_of_week_operator.py took 0.084 seconds
[2023-06-23T13:48:51.981+0000] {processor.py:157} INFO - Started process (PID=1385) to work on /home/airflow/.local/lib/python3.7/site-packages/airflow/example_dags/example_branch_day_of_week_operator.py
[2023-06-23T13:48:51.982+0000] {processor.py:826} INFO - Processing file /home/airflow/.local/lib/python3.7/site-packages/airflow/example_dags/example_branch_day_of_week_operator.py for tasks to queue
[2023-06-23T13:48:51.983+0000] {logging_mixin.py:149} INFO - [2023-06-23T13:48:51.983+0000] {dagbag.py:541} INFO - Filling up the DagBag from /home/airflow/.local/lib/python3.7/site-packages/airflow/example_dags/example_branch_day_of_week_operator.py
[2023-06-23T13:48:51.989+0000] {processor.py:836} INFO - DAG(s) dict_keys(['example_weekday_branch_operator']) retrieved from /home/airflow/.local/lib/python3.7/site-packages/airflow/example_dags/example_branch_day_of_week_operator.py
[2023-06-23T13:48:52.012+0000] {logging_mixin.py:149} INFO - [2023-06-23T13:48:52.012+0000] {dag.py:2726} INFO - Sync 1 DAGs
[2023-06-23T13:48:52.037+0000] {logging_mixin.py:149} INFO - [2023-06-23T13:48:52.037+0000] {dag.py:3490} INFO - Setting next_dagrun for example_weekday_branch_operator to 2023-06-22T00:00:00+00:00, run_after=2023-06-23T00:00:00+00:00
[2023-06-23T13:48:52.057+0000] {processor.py:179} INFO - Processing /home/airflow/.local/lib/python3.7/site-packages/airflow/example_dags/example_branch_day_of_week_operator.py took 0.079 seconds
[2023-06-23T13:49:22.457+0000] {processor.py:157} INFO - Started process (PID=1451) to work on /home/airflow/.local/lib/python3.7/site-packages/airflow/example_dags/example_branch_day_of_week_operator.py
[2023-06-23T13:49:22.458+0000] {processor.py:826} INFO - Processing file /home/airflow/.local/lib/python3.7/site-packages/airflow/example_dags/example_branch_day_of_week_operator.py for tasks to queue
[2023-06-23T13:49:22.459+0000] {logging_mixin.py:149} INFO - [2023-06-23T13:49:22.459+0000] {dagbag.py:541} INFO - Filling up the DagBag from /home/airflow/.local/lib/python3.7/site-packages/airflow/example_dags/example_branch_day_of_week_operator.py
[2023-06-23T13:49:22.465+0000] {processor.py:836} INFO - DAG(s) dict_keys(['example_weekday_branch_operator']) retrieved from /home/airflow/.local/lib/python3.7/site-packages/airflow/example_dags/example_branch_day_of_week_operator.py
[2023-06-23T13:49:22.491+0000] {logging_mixin.py:149} INFO - [2023-06-23T13:49:22.491+0000] {dag.py:2726} INFO - Sync 1 DAGs
[2023-06-23T13:49:22.515+0000] {logging_mixin.py:149} INFO - [2023-06-23T13:49:22.515+0000] {dag.py:3490} INFO - Setting next_dagrun for example_weekday_branch_operator to 2023-06-22T00:00:00+00:00, run_after=2023-06-23T00:00:00+00:00
[2023-06-23T13:49:22.532+0000] {processor.py:179} INFO - Processing /home/airflow/.local/lib/python3.7/site-packages/airflow/example_dags/example_branch_day_of_week_operator.py took 0.078 seconds
[2023-06-23T13:49:52.697+0000] {processor.py:157} INFO - Started process (PID=1517) to work on /home/airflow/.local/lib/python3.7/site-packages/airflow/example_dags/example_branch_day_of_week_operator.py
[2023-06-23T13:49:52.698+0000] {processor.py:826} INFO - Processing file /home/airflow/.local/lib/python3.7/site-packages/airflow/example_dags/example_branch_day_of_week_operator.py for tasks to queue
[2023-06-23T13:49:52.699+0000] {logging_mixin.py:149} INFO - [2023-06-23T13:49:52.699+0000] {dagbag.py:541} INFO - Filling up the DagBag from /home/airflow/.local/lib/python3.7/site-packages/airflow/example_dags/example_branch_day_of_week_operator.py
[2023-06-23T13:49:52.706+0000] {processor.py:836} INFO - DAG(s) dict_keys(['example_weekday_branch_operator']) retrieved from /home/airflow/.local/lib/python3.7/site-packages/airflow/example_dags/example_branch_day_of_week_operator.py
[2023-06-23T13:49:52.732+0000] {logging_mixin.py:149} INFO - [2023-06-23T13:49:52.732+0000] {dag.py:2726} INFO - Sync 1 DAGs
[2023-06-23T13:49:52.757+0000] {logging_mixin.py:149} INFO - [2023-06-23T13:49:52.757+0000] {dag.py:3490} INFO - Setting next_dagrun for example_weekday_branch_operator to 2023-06-22T00:00:00+00:00, run_after=2023-06-23T00:00:00+00:00
[2023-06-23T13:49:52.776+0000] {processor.py:179} INFO - Processing /home/airflow/.local/lib/python3.7/site-packages/airflow/example_dags/example_branch_day_of_week_operator.py took 0.081 seconds
[2023-06-23T13:50:23.173+0000] {processor.py:157} INFO - Started process (PID=1584) to work on /home/airflow/.local/lib/python3.7/site-packages/airflow/example_dags/example_branch_day_of_week_operator.py
[2023-06-23T13:50:23.174+0000] {processor.py:826} INFO - Processing file /home/airflow/.local/lib/python3.7/site-packages/airflow/example_dags/example_branch_day_of_week_operator.py for tasks to queue
[2023-06-23T13:50:23.175+0000] {logging_mixin.py:149} INFO - [2023-06-23T13:50:23.175+0000] {dagbag.py:541} INFO - Filling up the DagBag from /home/airflow/.local/lib/python3.7/site-packages/airflow/example_dags/example_branch_day_of_week_operator.py
[2023-06-23T13:50:23.183+0000] {processor.py:836} INFO - DAG(s) dict_keys(['example_weekday_branch_operator']) retrieved from /home/airflow/.local/lib/python3.7/site-packages/airflow/example_dags/example_branch_day_of_week_operator.py
[2023-06-23T13:50:23.208+0000] {logging_mixin.py:149} INFO - [2023-06-23T13:50:23.208+0000] {dag.py:2726} INFO - Sync 1 DAGs
[2023-06-23T13:50:23.238+0000] {logging_mixin.py:149} INFO - [2023-06-23T13:50:23.238+0000] {dag.py:3490} INFO - Setting next_dagrun for example_weekday_branch_operator to 2023-06-22T00:00:00+00:00, run_after=2023-06-23T00:00:00+00:00
[2023-06-23T13:50:23.259+0000] {processor.py:179} INFO - Processing /home/airflow/.local/lib/python3.7/site-packages/airflow/example_dags/example_branch_day_of_week_operator.py took 0.089 seconds
[2023-06-23T13:50:53.464+0000] {processor.py:157} INFO - Started process (PID=1651) to work on /home/airflow/.local/lib/python3.7/site-packages/airflow/example_dags/example_branch_day_of_week_operator.py
[2023-06-23T13:50:53.465+0000] {processor.py:826} INFO - Processing file /home/airflow/.local/lib/python3.7/site-packages/airflow/example_dags/example_branch_day_of_week_operator.py for tasks to queue
[2023-06-23T13:50:53.466+0000] {logging_mixin.py:149} INFO - [2023-06-23T13:50:53.466+0000] {dagbag.py:541} INFO - Filling up the DagBag from /home/airflow/.local/lib/python3.7/site-packages/airflow/example_dags/example_branch_day_of_week_operator.py
[2023-06-23T13:50:53.474+0000] {processor.py:836} INFO - DAG(s) dict_keys(['example_weekday_branch_operator']) retrieved from /home/airflow/.local/lib/python3.7/site-packages/airflow/example_dags/example_branch_day_of_week_operator.py
[2023-06-23T13:50:53.497+0000] {logging_mixin.py:149} INFO - [2023-06-23T13:50:53.497+0000] {dag.py:2726} INFO - Sync 1 DAGs
[2023-06-23T13:50:53.525+0000] {logging_mixin.py:149} INFO - [2023-06-23T13:50:53.524+0000] {dag.py:3490} INFO - Setting next_dagrun for example_weekday_branch_operator to 2023-06-22T00:00:00+00:00, run_after=2023-06-23T00:00:00+00:00
[2023-06-23T13:50:53.546+0000] {processor.py:179} INFO - Processing /home/airflow/.local/lib/python3.7/site-packages/airflow/example_dags/example_branch_day_of_week_operator.py took 0.086 seconds
[2023-06-23T13:51:24.050+0000] {processor.py:157} INFO - Started process (PID=1717) to work on /home/airflow/.local/lib/python3.7/site-packages/airflow/example_dags/example_branch_day_of_week_operator.py
[2023-06-23T13:51:24.051+0000] {processor.py:826} INFO - Processing file /home/airflow/.local/lib/python3.7/site-packages/airflow/example_dags/example_branch_day_of_week_operator.py for tasks to queue
[2023-06-23T13:51:24.052+0000] {logging_mixin.py:149} INFO - [2023-06-23T13:51:24.052+0000] {dagbag.py:541} INFO - Filling up the DagBag from /home/airflow/.local/lib/python3.7/site-packages/airflow/example_dags/example_branch_day_of_week_operator.py
[2023-06-23T13:51:24.060+0000] {processor.py:836} INFO - DAG(s) dict_keys(['example_weekday_branch_operator']) retrieved from /home/airflow/.local/lib/python3.7/site-packages/airflow/example_dags/example_branch_day_of_week_operator.py
[2023-06-23T13:51:24.087+0000] {logging_mixin.py:149} INFO - [2023-06-23T13:51:24.087+0000] {dag.py:2726} INFO - Sync 1 DAGs
[2023-06-23T13:51:24.116+0000] {logging_mixin.py:149} INFO - [2023-06-23T13:51:24.116+0000] {dag.py:3490} INFO - Setting next_dagrun for example_weekday_branch_operator to 2023-06-22T00:00:00+00:00, run_after=2023-06-23T00:00:00+00:00
[2023-06-23T13:51:24.138+0000] {processor.py:179} INFO - Processing /home/airflow/.local/lib/python3.7/site-packages/airflow/example_dags/example_branch_day_of_week_operator.py took 0.091 seconds
[2023-06-23T13:51:54.290+0000] {processor.py:157} INFO - Started process (PID=1783) to work on /home/airflow/.local/lib/python3.7/site-packages/airflow/example_dags/example_branch_day_of_week_operator.py
[2023-06-23T13:51:54.291+0000] {processor.py:826} INFO - Processing file /home/airflow/.local/lib/python3.7/site-packages/airflow/example_dags/example_branch_day_of_week_operator.py for tasks to queue
[2023-06-23T13:51:54.292+0000] {logging_mixin.py:149} INFO - [2023-06-23T13:51:54.292+0000] {dagbag.py:541} INFO - Filling up the DagBag from /home/airflow/.local/lib/python3.7/site-packages/airflow/example_dags/example_branch_day_of_week_operator.py
[2023-06-23T13:51:54.298+0000] {processor.py:836} INFO - DAG(s) dict_keys(['example_weekday_branch_operator']) retrieved from /home/airflow/.local/lib/python3.7/site-packages/airflow/example_dags/example_branch_day_of_week_operator.py
[2023-06-23T13:51:54.325+0000] {logging_mixin.py:149} INFO - [2023-06-23T13:51:54.325+0000] {dag.py:2726} INFO - Sync 1 DAGs
[2023-06-23T13:51:54.352+0000] {logging_mixin.py:149} INFO - [2023-06-23T13:51:54.352+0000] {dag.py:3490} INFO - Setting next_dagrun for example_weekday_branch_operator to 2023-06-22T00:00:00+00:00, run_after=2023-06-23T00:00:00+00:00
[2023-06-23T13:51:54.375+0000] {processor.py:179} INFO - Processing /home/airflow/.local/lib/python3.7/site-packages/airflow/example_dags/example_branch_day_of_week_operator.py took 0.088 seconds
[2023-06-23T13:52:24.687+0000] {processor.py:157} INFO - Started process (PID=1849) to work on /home/airflow/.local/lib/python3.7/site-packages/airflow/example_dags/example_branch_day_of_week_operator.py
[2023-06-23T13:52:24.688+0000] {processor.py:826} INFO - Processing file /home/airflow/.local/lib/python3.7/site-packages/airflow/example_dags/example_branch_day_of_week_operator.py for tasks to queue
[2023-06-23T13:52:24.689+0000] {logging_mixin.py:149} INFO - [2023-06-23T13:52:24.689+0000] {dagbag.py:541} INFO - Filling up the DagBag from /home/airflow/.local/lib/python3.7/site-packages/airflow/example_dags/example_branch_day_of_week_operator.py
[2023-06-23T13:52:24.698+0000] {processor.py:836} INFO - DAG(s) dict_keys(['example_weekday_branch_operator']) retrieved from /home/airflow/.local/lib/python3.7/site-packages/airflow/example_dags/example_branch_day_of_week_operator.py
[2023-06-23T13:52:24.725+0000] {logging_mixin.py:149} INFO - [2023-06-23T13:52:24.725+0000] {dag.py:2726} INFO - Sync 1 DAGs
[2023-06-23T13:52:24.752+0000] {logging_mixin.py:149} INFO - [2023-06-23T13:52:24.752+0000] {dag.py:3490} INFO - Setting next_dagrun for example_weekday_branch_operator to 2023-06-22T00:00:00+00:00, run_after=2023-06-23T00:00:00+00:00
[2023-06-23T13:52:24.773+0000] {processor.py:179} INFO - Processing /home/airflow/.local/lib/python3.7/site-packages/airflow/example_dags/example_branch_day_of_week_operator.py took 0.089 seconds
[2023-06-23T13:52:54.888+0000] {processor.py:157} INFO - Started process (PID=1915) to work on /home/airflow/.local/lib/python3.7/site-packages/airflow/example_dags/example_branch_day_of_week_operator.py
[2023-06-23T13:52:54.889+0000] {processor.py:826} INFO - Processing file /home/airflow/.local/lib/python3.7/site-packages/airflow/example_dags/example_branch_day_of_week_operator.py for tasks to queue
[2023-06-23T13:52:54.890+0000] {logging_mixin.py:149} INFO - [2023-06-23T13:52:54.890+0000] {dagbag.py:541} INFO - Filling up the DagBag from /home/airflow/.local/lib/python3.7/site-packages/airflow/example_dags/example_branch_day_of_week_operator.py
[2023-06-23T13:52:54.897+0000] {processor.py:836} INFO - DAG(s) dict_keys(['example_weekday_branch_operator']) retrieved from /home/airflow/.local/lib/python3.7/site-packages/airflow/example_dags/example_branch_day_of_week_operator.py
[2023-06-23T13:52:54.922+0000] {logging_mixin.py:149} INFO - [2023-06-23T13:52:54.922+0000] {dag.py:2726} INFO - Sync 1 DAGs
[2023-06-23T13:52:54.953+0000] {logging_mixin.py:149} INFO - [2023-06-23T13:52:54.953+0000] {dag.py:3490} INFO - Setting next_dagrun for example_weekday_branch_operator to 2023-06-22T00:00:00+00:00, run_after=2023-06-23T00:00:00+00:00
[2023-06-23T13:52:54.975+0000] {processor.py:179} INFO - Processing /home/airflow/.local/lib/python3.7/site-packages/airflow/example_dags/example_branch_day_of_week_operator.py took 0.090 seconds
[2023-06-23T13:53:25.812+0000] {processor.py:157} INFO - Started process (PID=1981) to work on /home/airflow/.local/lib/python3.7/site-packages/airflow/example_dags/example_branch_day_of_week_operator.py
[2023-06-23T13:53:25.813+0000] {processor.py:826} INFO - Processing file /home/airflow/.local/lib/python3.7/site-packages/airflow/example_dags/example_branch_day_of_week_operator.py for tasks to queue
[2023-06-23T13:53:25.814+0000] {logging_mixin.py:149} INFO - [2023-06-23T13:53:25.814+0000] {dagbag.py:541} INFO - Filling up the DagBag from /home/airflow/.local/lib/python3.7/site-packages/airflow/example_dags/example_branch_day_of_week_operator.py
[2023-06-23T13:53:25.821+0000] {processor.py:836} INFO - DAG(s) dict_keys(['example_weekday_branch_operator']) retrieved from /home/airflow/.local/lib/python3.7/site-packages/airflow/example_dags/example_branch_day_of_week_operator.py
[2023-06-23T13:53:25.846+0000] {logging_mixin.py:149} INFO - [2023-06-23T13:53:25.846+0000] {dag.py:2726} INFO - Sync 1 DAGs
[2023-06-23T13:53:25.875+0000] {logging_mixin.py:149} INFO - [2023-06-23T13:53:25.875+0000] {dag.py:3490} INFO - Setting next_dagrun for example_weekday_branch_operator to 2023-06-22T00:00:00+00:00, run_after=2023-06-23T00:00:00+00:00
[2023-06-23T13:53:25.896+0000] {processor.py:179} INFO - Processing /home/airflow/.local/lib/python3.7/site-packages/airflow/example_dags/example_branch_day_of_week_operator.py took 0.087 seconds
[2023-06-23T13:53:56.230+0000] {processor.py:157} INFO - Started process (PID=2047) to work on /home/airflow/.local/lib/python3.7/site-packages/airflow/example_dags/example_branch_day_of_week_operator.py
[2023-06-23T13:53:56.232+0000] {processor.py:826} INFO - Processing file /home/airflow/.local/lib/python3.7/site-packages/airflow/example_dags/example_branch_day_of_week_operator.py for tasks to queue
[2023-06-23T13:53:56.232+0000] {logging_mixin.py:149} INFO - [2023-06-23T13:53:56.232+0000] {dagbag.py:541} INFO - Filling up the DagBag from /home/airflow/.local/lib/python3.7/site-packages/airflow/example_dags/example_branch_day_of_week_operator.py
[2023-06-23T13:53:56.240+0000] {processor.py:836} INFO - DAG(s) dict_keys(['example_weekday_branch_operator']) retrieved from /home/airflow/.local/lib/python3.7/site-packages/airflow/example_dags/example_branch_day_of_week_operator.py
[2023-06-23T13:53:56.265+0000] {logging_mixin.py:149} INFO - [2023-06-23T13:53:56.265+0000] {dag.py:2726} INFO - Sync 1 DAGs
[2023-06-23T13:53:56.300+0000] {logging_mixin.py:149} INFO - [2023-06-23T13:53:56.300+0000] {dag.py:3490} INFO - Setting next_dagrun for example_weekday_branch_operator to 2023-06-22T00:00:00+00:00, run_after=2023-06-23T00:00:00+00:00
[2023-06-23T13:53:56.324+0000] {processor.py:179} INFO - Processing /home/airflow/.local/lib/python3.7/site-packages/airflow/example_dags/example_branch_day_of_week_operator.py took 0.098 seconds
[2023-06-23T13:54:26.732+0000] {processor.py:157} INFO - Started process (PID=2113) to work on /home/airflow/.local/lib/python3.7/site-packages/airflow/example_dags/example_branch_day_of_week_operator.py
[2023-06-23T13:54:26.733+0000] {processor.py:826} INFO - Processing file /home/airflow/.local/lib/python3.7/site-packages/airflow/example_dags/example_branch_day_of_week_operator.py for tasks to queue
[2023-06-23T13:54:26.734+0000] {logging_mixin.py:149} INFO - [2023-06-23T13:54:26.734+0000] {dagbag.py:541} INFO - Filling up the DagBag from /home/airflow/.local/lib/python3.7/site-packages/airflow/example_dags/example_branch_day_of_week_operator.py
[2023-06-23T13:54:26.741+0000] {processor.py:836} INFO - DAG(s) dict_keys(['example_weekday_branch_operator']) retrieved from /home/airflow/.local/lib/python3.7/site-packages/airflow/example_dags/example_branch_day_of_week_operator.py
[2023-06-23T13:54:26.767+0000] {logging_mixin.py:149} INFO - [2023-06-23T13:54:26.766+0000] {dag.py:2726} INFO - Sync 1 DAGs
[2023-06-23T13:54:26.797+0000] {logging_mixin.py:149} INFO - [2023-06-23T13:54:26.796+0000] {dag.py:3490} INFO - Setting next_dagrun for example_weekday_branch_operator to 2023-06-22T00:00:00+00:00, run_after=2023-06-23T00:00:00+00:00
[2023-06-23T13:54:26.820+0000] {processor.py:179} INFO - Processing /home/airflow/.local/lib/python3.7/site-packages/airflow/example_dags/example_branch_day_of_week_operator.py took 0.091 seconds
[2023-06-23T13:54:57.091+0000] {processor.py:157} INFO - Started process (PID=2179) to work on /home/airflow/.local/lib/python3.7/site-packages/airflow/example_dags/example_branch_day_of_week_operator.py
[2023-06-23T13:54:57.092+0000] {processor.py:826} INFO - Processing file /home/airflow/.local/lib/python3.7/site-packages/airflow/example_dags/example_branch_day_of_week_operator.py for tasks to queue
[2023-06-23T13:54:57.093+0000] {logging_mixin.py:149} INFO - [2023-06-23T13:54:57.093+0000] {dagbag.py:541} INFO - Filling up the DagBag from /home/airflow/.local/lib/python3.7/site-packages/airflow/example_dags/example_branch_day_of_week_operator.py
[2023-06-23T13:54:57.100+0000] {processor.py:836} INFO - DAG(s) dict_keys(['example_weekday_branch_operator']) retrieved from /home/airflow/.local/lib/python3.7/site-packages/airflow/example_dags/example_branch_day_of_week_operator.py
[2023-06-23T13:54:57.123+0000] {logging_mixin.py:149} INFO - [2023-06-23T13:54:57.123+0000] {dag.py:2726} INFO - Sync 1 DAGs
[2023-06-23T13:54:57.149+0000] {logging_mixin.py:149} INFO - [2023-06-23T13:54:57.148+0000] {dag.py:3490} INFO - Setting next_dagrun for example_weekday_branch_operator to 2023-06-22T00:00:00+00:00, run_after=2023-06-23T00:00:00+00:00
[2023-06-23T13:54:57.170+0000] {processor.py:179} INFO - Processing /home/airflow/.local/lib/python3.7/site-packages/airflow/example_dags/example_branch_day_of_week_operator.py took 0.081 seconds
[2023-06-23T13:55:27.401+0000] {processor.py:157} INFO - Started process (PID=2245) to work on /home/airflow/.local/lib/python3.7/site-packages/airflow/example_dags/example_branch_day_of_week_operator.py
[2023-06-23T13:55:27.402+0000] {processor.py:826} INFO - Processing file /home/airflow/.local/lib/python3.7/site-packages/airflow/example_dags/example_branch_day_of_week_operator.py for tasks to queue
[2023-06-23T13:55:27.403+0000] {logging_mixin.py:149} INFO - [2023-06-23T13:55:27.403+0000] {dagbag.py:541} INFO - Filling up the DagBag from /home/airflow/.local/lib/python3.7/site-packages/airflow/example_dags/example_branch_day_of_week_operator.py
[2023-06-23T13:55:27.410+0000] {processor.py:836} INFO - DAG(s) dict_keys(['example_weekday_branch_operator']) retrieved from /home/airflow/.local/lib/python3.7/site-packages/airflow/example_dags/example_branch_day_of_week_operator.py
[2023-06-23T13:55:27.432+0000] {logging_mixin.py:149} INFO - [2023-06-23T13:55:27.432+0000] {dag.py:2726} INFO - Sync 1 DAGs
[2023-06-23T13:55:27.456+0000] {logging_mixin.py:149} INFO - [2023-06-23T13:55:27.455+0000] {dag.py:3490} INFO - Setting next_dagrun for example_weekday_branch_operator to 2023-06-22T00:00:00+00:00, run_after=2023-06-23T00:00:00+00:00
[2023-06-23T13:55:27.476+0000] {processor.py:179} INFO - Processing /home/airflow/.local/lib/python3.7/site-packages/airflow/example_dags/example_branch_day_of_week_operator.py took 0.077 seconds
[2023-06-23T13:55:57.840+0000] {processor.py:157} INFO - Started process (PID=2311) to work on /home/airflow/.local/lib/python3.7/site-packages/airflow/example_dags/example_branch_day_of_week_operator.py
[2023-06-23T13:55:57.841+0000] {processor.py:826} INFO - Processing file /home/airflow/.local/lib/python3.7/site-packages/airflow/example_dags/example_branch_day_of_week_operator.py for tasks to queue
[2023-06-23T13:55:57.843+0000] {logging_mixin.py:149} INFO - [2023-06-23T13:55:57.842+0000] {dagbag.py:541} INFO - Filling up the DagBag from /home/airflow/.local/lib/python3.7/site-packages/airflow/example_dags/example_branch_day_of_week_operator.py
[2023-06-23T13:55:57.850+0000] {processor.py:836} INFO - DAG(s) dict_keys(['example_weekday_branch_operator']) retrieved from /home/airflow/.local/lib/python3.7/site-packages/airflow/example_dags/example_branch_day_of_week_operator.py
[2023-06-23T13:55:57.877+0000] {logging_mixin.py:149} INFO - [2023-06-23T13:55:57.877+0000] {dag.py:2726} INFO - Sync 1 DAGs
[2023-06-23T13:55:57.907+0000] {logging_mixin.py:149} INFO - [2023-06-23T13:55:57.907+0000] {dag.py:3490} INFO - Setting next_dagrun for example_weekday_branch_operator to 2023-06-22T00:00:00+00:00, run_after=2023-06-23T00:00:00+00:00
[2023-06-23T13:55:57.931+0000] {processor.py:179} INFO - Processing /home/airflow/.local/lib/python3.7/site-packages/airflow/example_dags/example_branch_day_of_week_operator.py took 0.094 seconds
[2023-06-23T13:56:28.355+0000] {processor.py:157} INFO - Started process (PID=2377) to work on /home/airflow/.local/lib/python3.7/site-packages/airflow/example_dags/example_branch_day_of_week_operator.py
[2023-06-23T13:56:28.356+0000] {processor.py:826} INFO - Processing file /home/airflow/.local/lib/python3.7/site-packages/airflow/example_dags/example_branch_day_of_week_operator.py for tasks to queue
[2023-06-23T13:56:28.357+0000] {logging_mixin.py:149} INFO - [2023-06-23T13:56:28.357+0000] {dagbag.py:541} INFO - Filling up the DagBag from /home/airflow/.local/lib/python3.7/site-packages/airflow/example_dags/example_branch_day_of_week_operator.py
[2023-06-23T13:56:28.364+0000] {processor.py:836} INFO - DAG(s) dict_keys(['example_weekday_branch_operator']) retrieved from /home/airflow/.local/lib/python3.7/site-packages/airflow/example_dags/example_branch_day_of_week_operator.py
[2023-06-23T13:56:28.388+0000] {logging_mixin.py:149} INFO - [2023-06-23T13:56:28.387+0000] {dag.py:2726} INFO - Sync 1 DAGs
[2023-06-23T13:56:28.412+0000] {logging_mixin.py:149} INFO - [2023-06-23T13:56:28.412+0000] {dag.py:3490} INFO - Setting next_dagrun for example_weekday_branch_operator to 2023-06-22T00:00:00+00:00, run_after=2023-06-23T00:00:00+00:00
[2023-06-23T13:56:28.430+0000] {processor.py:179} INFO - Processing /home/airflow/.local/lib/python3.7/site-packages/airflow/example_dags/example_branch_day_of_week_operator.py took 0.078 seconds
[2023-06-23T13:56:58.641+0000] {processor.py:157} INFO - Started process (PID=2443) to work on /home/airflow/.local/lib/python3.7/site-packages/airflow/example_dags/example_branch_day_of_week_operator.py
[2023-06-23T13:56:58.642+0000] {processor.py:826} INFO - Processing file /home/airflow/.local/lib/python3.7/site-packages/airflow/example_dags/example_branch_day_of_week_operator.py for tasks to queue
[2023-06-23T13:56:58.643+0000] {logging_mixin.py:149} INFO - [2023-06-23T13:56:58.643+0000] {dagbag.py:541} INFO - Filling up the DagBag from /home/airflow/.local/lib/python3.7/site-packages/airflow/example_dags/example_branch_day_of_week_operator.py
[2023-06-23T13:56:58.649+0000] {processor.py:836} INFO - DAG(s) dict_keys(['example_weekday_branch_operator']) retrieved from /home/airflow/.local/lib/python3.7/site-packages/airflow/example_dags/example_branch_day_of_week_operator.py
[2023-06-23T13:56:58.672+0000] {logging_mixin.py:149} INFO - [2023-06-23T13:56:58.672+0000] {dag.py:2726} INFO - Sync 1 DAGs
[2023-06-23T13:56:58.700+0000] {logging_mixin.py:149} INFO - [2023-06-23T13:56:58.700+0000] {dag.py:3490} INFO - Setting next_dagrun for example_weekday_branch_operator to 2023-06-22T00:00:00+00:00, run_after=2023-06-23T00:00:00+00:00
[2023-06-23T13:56:58.719+0000] {processor.py:179} INFO - Processing /home/airflow/.local/lib/python3.7/site-packages/airflow/example_dags/example_branch_day_of_week_operator.py took 0.081 seconds
[2023-06-23T13:57:29.179+0000] {processor.py:157} INFO - Started process (PID=2509) to work on /home/airflow/.local/lib/python3.7/site-packages/airflow/example_dags/example_branch_day_of_week_operator.py
[2023-06-23T13:57:29.180+0000] {processor.py:826} INFO - Processing file /home/airflow/.local/lib/python3.7/site-packages/airflow/example_dags/example_branch_day_of_week_operator.py for tasks to queue
[2023-06-23T13:57:29.181+0000] {logging_mixin.py:149} INFO - [2023-06-23T13:57:29.180+0000] {dagbag.py:541} INFO - Filling up the DagBag from /home/airflow/.local/lib/python3.7/site-packages/airflow/example_dags/example_branch_day_of_week_operator.py
[2023-06-23T13:57:29.187+0000] {processor.py:836} INFO - DAG(s) dict_keys(['example_weekday_branch_operator']) retrieved from /home/airflow/.local/lib/python3.7/site-packages/airflow/example_dags/example_branch_day_of_week_operator.py
[2023-06-23T13:57:29.215+0000] {logging_mixin.py:149} INFO - [2023-06-23T13:57:29.215+0000] {dag.py:2726} INFO - Sync 1 DAGs
[2023-06-23T13:57:29.241+0000] {logging_mixin.py:149} INFO - [2023-06-23T13:57:29.241+0000] {dag.py:3490} INFO - Setting next_dagrun for example_weekday_branch_operator to 2023-06-22T00:00:00+00:00, run_after=2023-06-23T00:00:00+00:00
[2023-06-23T13:57:29.261+0000] {processor.py:179} INFO - Processing /home/airflow/.local/lib/python3.7/site-packages/airflow/example_dags/example_branch_day_of_week_operator.py took 0.085 seconds
[2023-06-23T13:57:59.533+0000] {processor.py:157} INFO - Started process (PID=2575) to work on /home/airflow/.local/lib/python3.7/site-packages/airflow/example_dags/example_branch_day_of_week_operator.py
[2023-06-23T13:57:59.534+0000] {processor.py:826} INFO - Processing file /home/airflow/.local/lib/python3.7/site-packages/airflow/example_dags/example_branch_day_of_week_operator.py for tasks to queue
[2023-06-23T13:57:59.535+0000] {logging_mixin.py:149} INFO - [2023-06-23T13:57:59.535+0000] {dagbag.py:541} INFO - Filling up the DagBag from /home/airflow/.local/lib/python3.7/site-packages/airflow/example_dags/example_branch_day_of_week_operator.py
[2023-06-23T13:57:59.542+0000] {processor.py:836} INFO - DAG(s) dict_keys(['example_weekday_branch_operator']) retrieved from /home/airflow/.local/lib/python3.7/site-packages/airflow/example_dags/example_branch_day_of_week_operator.py
[2023-06-23T13:57:59.565+0000] {logging_mixin.py:149} INFO - [2023-06-23T13:57:59.565+0000] {dag.py:2726} INFO - Sync 1 DAGs
[2023-06-23T13:57:59.591+0000] {logging_mixin.py:149} INFO - [2023-06-23T13:57:59.591+0000] {dag.py:3490} INFO - Setting next_dagrun for example_weekday_branch_operator to 2023-06-22T00:00:00+00:00, run_after=2023-06-23T00:00:00+00:00
[2023-06-23T13:57:59.611+0000] {processor.py:179} INFO - Processing /home/airflow/.local/lib/python3.7/site-packages/airflow/example_dags/example_branch_day_of_week_operator.py took 0.081 seconds
[2023-06-23T13:58:29.883+0000] {processor.py:157} INFO - Started process (PID=2641) to work on /home/airflow/.local/lib/python3.7/site-packages/airflow/example_dags/example_branch_day_of_week_operator.py
[2023-06-23T13:58:29.884+0000] {processor.py:826} INFO - Processing file /home/airflow/.local/lib/python3.7/site-packages/airflow/example_dags/example_branch_day_of_week_operator.py for tasks to queue
[2023-06-23T13:58:29.885+0000] {logging_mixin.py:149} INFO - [2023-06-23T13:58:29.884+0000] {dagbag.py:541} INFO - Filling up the DagBag from /home/airflow/.local/lib/python3.7/site-packages/airflow/example_dags/example_branch_day_of_week_operator.py
[2023-06-23T13:58:29.892+0000] {processor.py:836} INFO - DAG(s) dict_keys(['example_weekday_branch_operator']) retrieved from /home/airflow/.local/lib/python3.7/site-packages/airflow/example_dags/example_branch_day_of_week_operator.py
[2023-06-23T13:58:29.916+0000] {logging_mixin.py:149} INFO - [2023-06-23T13:58:29.915+0000] {dag.py:2726} INFO - Sync 1 DAGs
[2023-06-23T13:58:29.943+0000] {logging_mixin.py:149} INFO - [2023-06-23T13:58:29.943+0000] {dag.py:3490} INFO - Setting next_dagrun for example_weekday_branch_operator to 2023-06-22T00:00:00+00:00, run_after=2023-06-23T00:00:00+00:00
[2023-06-23T13:58:29.964+0000] {processor.py:179} INFO - Processing /home/airflow/.local/lib/python3.7/site-packages/airflow/example_dags/example_branch_day_of_week_operator.py took 0.084 seconds
[2023-06-23T13:59:00.252+0000] {processor.py:157} INFO - Started process (PID=2707) to work on /home/airflow/.local/lib/python3.7/site-packages/airflow/example_dags/example_branch_day_of_week_operator.py
[2023-06-23T13:59:00.253+0000] {processor.py:826} INFO - Processing file /home/airflow/.local/lib/python3.7/site-packages/airflow/example_dags/example_branch_day_of_week_operator.py for tasks to queue
[2023-06-23T13:59:00.254+0000] {logging_mixin.py:149} INFO - [2023-06-23T13:59:00.254+0000] {dagbag.py:541} INFO - Filling up the DagBag from /home/airflow/.local/lib/python3.7/site-packages/airflow/example_dags/example_branch_day_of_week_operator.py
[2023-06-23T13:59:00.260+0000] {processor.py:836} INFO - DAG(s) dict_keys(['example_weekday_branch_operator']) retrieved from /home/airflow/.local/lib/python3.7/site-packages/airflow/example_dags/example_branch_day_of_week_operator.py
[2023-06-23T13:59:00.284+0000] {logging_mixin.py:149} INFO - [2023-06-23T13:59:00.284+0000] {dag.py:2726} INFO - Sync 1 DAGs
[2023-06-23T13:59:00.307+0000] {logging_mixin.py:149} INFO - [2023-06-23T13:59:00.307+0000] {dag.py:3490} INFO - Setting next_dagrun for example_weekday_branch_operator to 2023-06-22T00:00:00+00:00, run_after=2023-06-23T00:00:00+00:00
[2023-06-23T13:59:00.326+0000] {processor.py:179} INFO - Processing /home/airflow/.local/lib/python3.7/site-packages/airflow/example_dags/example_branch_day_of_week_operator.py took 0.077 seconds
[2023-06-23T13:59:30.561+0000] {processor.py:157} INFO - Started process (PID=2773) to work on /home/airflow/.local/lib/python3.7/site-packages/airflow/example_dags/example_branch_day_of_week_operator.py
[2023-06-23T13:59:30.562+0000] {processor.py:826} INFO - Processing file /home/airflow/.local/lib/python3.7/site-packages/airflow/example_dags/example_branch_day_of_week_operator.py for tasks to queue
[2023-06-23T13:59:30.563+0000] {logging_mixin.py:149} INFO - [2023-06-23T13:59:30.563+0000] {dagbag.py:541} INFO - Filling up the DagBag from /home/airflow/.local/lib/python3.7/site-packages/airflow/example_dags/example_branch_day_of_week_operator.py
[2023-06-23T13:59:30.570+0000] {processor.py:836} INFO - DAG(s) dict_keys(['example_weekday_branch_operator']) retrieved from /home/airflow/.local/lib/python3.7/site-packages/airflow/example_dags/example_branch_day_of_week_operator.py
[2023-06-23T13:59:30.593+0000] {logging_mixin.py:149} INFO - [2023-06-23T13:59:30.593+0000] {dag.py:2726} INFO - Sync 1 DAGs
[2023-06-23T13:59:30.617+0000] {logging_mixin.py:149} INFO - [2023-06-23T13:59:30.617+0000] {dag.py:3490} INFO - Setting next_dagrun for example_weekday_branch_operator to 2023-06-22T00:00:00+00:00, run_after=2023-06-23T00:00:00+00:00
[2023-06-23T13:59:30.638+0000] {processor.py:179} INFO - Processing /home/airflow/.local/lib/python3.7/site-packages/airflow/example_dags/example_branch_day_of_week_operator.py took 0.079 seconds
[2023-06-23T14:00:00.726+0000] {processor.py:157} INFO - Started process (PID=2839) to work on /home/airflow/.local/lib/python3.7/site-packages/airflow/example_dags/example_branch_day_of_week_operator.py
[2023-06-23T14:00:00.727+0000] {processor.py:826} INFO - Processing file /home/airflow/.local/lib/python3.7/site-packages/airflow/example_dags/example_branch_day_of_week_operator.py for tasks to queue
[2023-06-23T14:00:00.728+0000] {logging_mixin.py:149} INFO - [2023-06-23T14:00:00.728+0000] {dagbag.py:541} INFO - Filling up the DagBag from /home/airflow/.local/lib/python3.7/site-packages/airflow/example_dags/example_branch_day_of_week_operator.py
[2023-06-23T14:00:00.734+0000] {processor.py:836} INFO - DAG(s) dict_keys(['example_weekday_branch_operator']) retrieved from /home/airflow/.local/lib/python3.7/site-packages/airflow/example_dags/example_branch_day_of_week_operator.py
[2023-06-23T14:00:00.759+0000] {logging_mixin.py:149} INFO - [2023-06-23T14:00:00.759+0000] {dag.py:2726} INFO - Sync 1 DAGs
[2023-06-23T14:00:00.786+0000] {logging_mixin.py:149} INFO - [2023-06-23T14:00:00.786+0000] {dag.py:3490} INFO - Setting next_dagrun for example_weekday_branch_operator to 2023-06-22T00:00:00+00:00, run_after=2023-06-23T00:00:00+00:00
[2023-06-23T14:00:00.805+0000] {processor.py:179} INFO - Processing /home/airflow/.local/lib/python3.7/site-packages/airflow/example_dags/example_branch_day_of_week_operator.py took 0.082 seconds
[2023-06-23T14:00:31.265+0000] {processor.py:157} INFO - Started process (PID=2905) to work on /home/airflow/.local/lib/python3.7/site-packages/airflow/example_dags/example_branch_day_of_week_operator.py
[2023-06-23T14:00:31.266+0000] {processor.py:826} INFO - Processing file /home/airflow/.local/lib/python3.7/site-packages/airflow/example_dags/example_branch_day_of_week_operator.py for tasks to queue
[2023-06-23T14:00:31.267+0000] {logging_mixin.py:149} INFO - [2023-06-23T14:00:31.267+0000] {dagbag.py:541} INFO - Filling up the DagBag from /home/airflow/.local/lib/python3.7/site-packages/airflow/example_dags/example_branch_day_of_week_operator.py
[2023-06-23T14:00:31.273+0000] {processor.py:836} INFO - DAG(s) dict_keys(['example_weekday_branch_operator']) retrieved from /home/airflow/.local/lib/python3.7/site-packages/airflow/example_dags/example_branch_day_of_week_operator.py
[2023-06-23T14:00:31.299+0000] {logging_mixin.py:149} INFO - [2023-06-23T14:00:31.299+0000] {dag.py:2726} INFO - Sync 1 DAGs
[2023-06-23T14:00:31.325+0000] {logging_mixin.py:149} INFO - [2023-06-23T14:00:31.325+0000] {dag.py:3490} INFO - Setting next_dagrun for example_weekday_branch_operator to 2023-06-22T00:00:00+00:00, run_after=2023-06-23T00:00:00+00:00
[2023-06-23T14:00:31.348+0000] {processor.py:179} INFO - Processing /home/airflow/.local/lib/python3.7/site-packages/airflow/example_dags/example_branch_day_of_week_operator.py took 0.086 seconds
[2023-06-23T14:01:01.512+0000] {processor.py:157} INFO - Started process (PID=2972) to work on /home/airflow/.local/lib/python3.7/site-packages/airflow/example_dags/example_branch_day_of_week_operator.py
[2023-06-23T14:01:01.513+0000] {processor.py:826} INFO - Processing file /home/airflow/.local/lib/python3.7/site-packages/airflow/example_dags/example_branch_day_of_week_operator.py for tasks to queue
[2023-06-23T14:01:01.515+0000] {logging_mixin.py:149} INFO - [2023-06-23T14:01:01.514+0000] {dagbag.py:541} INFO - Filling up the DagBag from /home/airflow/.local/lib/python3.7/site-packages/airflow/example_dags/example_branch_day_of_week_operator.py
[2023-06-23T14:01:01.521+0000] {processor.py:836} INFO - DAG(s) dict_keys(['example_weekday_branch_operator']) retrieved from /home/airflow/.local/lib/python3.7/site-packages/airflow/example_dags/example_branch_day_of_week_operator.py
[2023-06-23T14:01:01.545+0000] {logging_mixin.py:149} INFO - [2023-06-23T14:01:01.544+0000] {dag.py:2726} INFO - Sync 1 DAGs
[2023-06-23T14:01:01.569+0000] {logging_mixin.py:149} INFO - [2023-06-23T14:01:01.569+0000] {dag.py:3490} INFO - Setting next_dagrun for example_weekday_branch_operator to 2023-06-22T00:00:00+00:00, run_after=2023-06-23T00:00:00+00:00
[2023-06-23T14:01:01.590+0000] {processor.py:179} INFO - Processing /home/airflow/.local/lib/python3.7/site-packages/airflow/example_dags/example_branch_day_of_week_operator.py took 0.080 seconds
[2023-06-23T14:01:31.760+0000] {processor.py:157} INFO - Started process (PID=3038) to work on /home/airflow/.local/lib/python3.7/site-packages/airflow/example_dags/example_branch_day_of_week_operator.py
[2023-06-23T14:01:31.762+0000] {processor.py:826} INFO - Processing file /home/airflow/.local/lib/python3.7/site-packages/airflow/example_dags/example_branch_day_of_week_operator.py for tasks to queue
[2023-06-23T14:01:31.763+0000] {logging_mixin.py:149} INFO - [2023-06-23T14:01:31.762+0000] {dagbag.py:541} INFO - Filling up the DagBag from /home/airflow/.local/lib/python3.7/site-packages/airflow/example_dags/example_branch_day_of_week_operator.py
[2023-06-23T14:01:31.769+0000] {processor.py:836} INFO - DAG(s) dict_keys(['example_weekday_branch_operator']) retrieved from /home/airflow/.local/lib/python3.7/site-packages/airflow/example_dags/example_branch_day_of_week_operator.py
[2023-06-23T14:01:31.793+0000] {logging_mixin.py:149} INFO - [2023-06-23T14:01:31.793+0000] {dag.py:2726} INFO - Sync 1 DAGs
[2023-06-23T14:01:31.817+0000] {logging_mixin.py:149} INFO - [2023-06-23T14:01:31.817+0000] {dag.py:3490} INFO - Setting next_dagrun for example_weekday_branch_operator to 2023-06-22T00:00:00+00:00, run_after=2023-06-23T00:00:00+00:00
[2023-06-23T14:01:31.838+0000] {processor.py:179} INFO - Processing /home/airflow/.local/lib/python3.7/site-packages/airflow/example_dags/example_branch_day_of_week_operator.py took 0.081 seconds
[2023-06-23T14:02:02.146+0000] {processor.py:157} INFO - Started process (PID=3104) to work on /home/airflow/.local/lib/python3.7/site-packages/airflow/example_dags/example_branch_day_of_week_operator.py
[2023-06-23T14:02:02.147+0000] {processor.py:826} INFO - Processing file /home/airflow/.local/lib/python3.7/site-packages/airflow/example_dags/example_branch_day_of_week_operator.py for tasks to queue
[2023-06-23T14:02:02.148+0000] {logging_mixin.py:149} INFO - [2023-06-23T14:02:02.148+0000] {dagbag.py:541} INFO - Filling up the DagBag from /home/airflow/.local/lib/python3.7/site-packages/airflow/example_dags/example_branch_day_of_week_operator.py
[2023-06-23T14:02:02.154+0000] {processor.py:836} INFO - DAG(s) dict_keys(['example_weekday_branch_operator']) retrieved from /home/airflow/.local/lib/python3.7/site-packages/airflow/example_dags/example_branch_day_of_week_operator.py
[2023-06-23T14:02:02.178+0000] {logging_mixin.py:149} INFO - [2023-06-23T14:02:02.178+0000] {dag.py:2726} INFO - Sync 1 DAGs
[2023-06-23T14:02:02.204+0000] {logging_mixin.py:149} INFO - [2023-06-23T14:02:02.204+0000] {dag.py:3490} INFO - Setting next_dagrun for example_weekday_branch_operator to 2023-06-22T00:00:00+00:00, run_after=2023-06-23T00:00:00+00:00
[2023-06-23T14:02:02.226+0000] {processor.py:179} INFO - Processing /home/airflow/.local/lib/python3.7/site-packages/airflow/example_dags/example_branch_day_of_week_operator.py took 0.083 seconds
[2023-06-23T14:02:32.361+0000] {processor.py:157} INFO - Started process (PID=3170) to work on /home/airflow/.local/lib/python3.7/site-packages/airflow/example_dags/example_branch_day_of_week_operator.py
[2023-06-23T14:02:32.362+0000] {processor.py:826} INFO - Processing file /home/airflow/.local/lib/python3.7/site-packages/airflow/example_dags/example_branch_day_of_week_operator.py for tasks to queue
[2023-06-23T14:02:32.362+0000] {logging_mixin.py:149} INFO - [2023-06-23T14:02:32.362+0000] {dagbag.py:541} INFO - Filling up the DagBag from /home/airflow/.local/lib/python3.7/site-packages/airflow/example_dags/example_branch_day_of_week_operator.py
[2023-06-23T14:02:32.369+0000] {processor.py:836} INFO - DAG(s) dict_keys(['example_weekday_branch_operator']) retrieved from /home/airflow/.local/lib/python3.7/site-packages/airflow/example_dags/example_branch_day_of_week_operator.py
[2023-06-23T14:02:32.392+0000] {logging_mixin.py:149} INFO - [2023-06-23T14:02:32.391+0000] {dag.py:2726} INFO - Sync 1 DAGs
[2023-06-23T14:02:32.416+0000] {logging_mixin.py:149} INFO - [2023-06-23T14:02:32.415+0000] {dag.py:3490} INFO - Setting next_dagrun for example_weekday_branch_operator to 2023-06-22T00:00:00+00:00, run_after=2023-06-23T00:00:00+00:00
[2023-06-23T14:02:32.435+0000] {processor.py:179} INFO - Processing /home/airflow/.local/lib/python3.7/site-packages/airflow/example_dags/example_branch_day_of_week_operator.py took 0.077 seconds
[2023-06-23T14:03:02.690+0000] {processor.py:157} INFO - Started process (PID=3236) to work on /home/airflow/.local/lib/python3.7/site-packages/airflow/example_dags/example_branch_day_of_week_operator.py
[2023-06-23T14:03:02.691+0000] {processor.py:826} INFO - Processing file /home/airflow/.local/lib/python3.7/site-packages/airflow/example_dags/example_branch_day_of_week_operator.py for tasks to queue
[2023-06-23T14:03:02.692+0000] {logging_mixin.py:149} INFO - [2023-06-23T14:03:02.692+0000] {dagbag.py:541} INFO - Filling up the DagBag from /home/airflow/.local/lib/python3.7/site-packages/airflow/example_dags/example_branch_day_of_week_operator.py
[2023-06-23T14:03:02.699+0000] {processor.py:836} INFO - DAG(s) dict_keys(['example_weekday_branch_operator']) retrieved from /home/airflow/.local/lib/python3.7/site-packages/airflow/example_dags/example_branch_day_of_week_operator.py
[2023-06-23T14:03:02.722+0000] {logging_mixin.py:149} INFO - [2023-06-23T14:03:02.722+0000] {dag.py:2726} INFO - Sync 1 DAGs
[2023-06-23T14:03:02.746+0000] {logging_mixin.py:149} INFO - [2023-06-23T14:03:02.746+0000] {dag.py:3490} INFO - Setting next_dagrun for example_weekday_branch_operator to 2023-06-22T00:00:00+00:00, run_after=2023-06-23T00:00:00+00:00
[2023-06-23T14:03:02.765+0000] {processor.py:179} INFO - Processing /home/airflow/.local/lib/python3.7/site-packages/airflow/example_dags/example_branch_day_of_week_operator.py took 0.078 seconds
[2023-06-23T14:03:33.129+0000] {processor.py:157} INFO - Started process (PID=3302) to work on /home/airflow/.local/lib/python3.7/site-packages/airflow/example_dags/example_branch_day_of_week_operator.py
[2023-06-23T14:03:33.130+0000] {processor.py:826} INFO - Processing file /home/airflow/.local/lib/python3.7/site-packages/airflow/example_dags/example_branch_day_of_week_operator.py for tasks to queue
[2023-06-23T14:03:33.131+0000] {logging_mixin.py:149} INFO - [2023-06-23T14:03:33.131+0000] {dagbag.py:541} INFO - Filling up the DagBag from /home/airflow/.local/lib/python3.7/site-packages/airflow/example_dags/example_branch_day_of_week_operator.py
[2023-06-23T14:03:33.137+0000] {processor.py:836} INFO - DAG(s) dict_keys(['example_weekday_branch_operator']) retrieved from /home/airflow/.local/lib/python3.7/site-packages/airflow/example_dags/example_branch_day_of_week_operator.py
[2023-06-23T14:03:33.160+0000] {logging_mixin.py:149} INFO - [2023-06-23T14:03:33.160+0000] {dag.py:2726} INFO - Sync 1 DAGs
[2023-06-23T14:03:33.185+0000] {logging_mixin.py:149} INFO - [2023-06-23T14:03:33.185+0000] {dag.py:3490} INFO - Setting next_dagrun for example_weekday_branch_operator to 2023-06-22T00:00:00+00:00, run_after=2023-06-23T00:00:00+00:00
[2023-06-23T14:03:33.203+0000] {processor.py:179} INFO - Processing /home/airflow/.local/lib/python3.7/site-packages/airflow/example_dags/example_branch_day_of_week_operator.py took 0.077 seconds
