[2023-06-23T13:14:30.062+0000] {processor.py:157} INFO - Started process (PID=40) to work on /home/airflow/.local/lib/python3.7/site-packages/airflow/example_dags/tutorial_dag.py
[2023-06-23T13:14:30.063+0000] {processor.py:826} INFO - Processing file /home/airflow/.local/lib/python3.7/site-packages/airflow/example_dags/tutorial_dag.py for tasks to queue
[2023-06-23T13:14:30.064+0000] {logging_mixin.py:149} INFO - [2023-06-23T13:14:30.064+0000] {dagbag.py:541} INFO - Filling up the DagBag from /home/airflow/.local/lib/python3.7/site-packages/airflow/example_dags/tutorial_dag.py
[2023-06-23T13:14:30.076+0000] {processor.py:836} INFO - DAG(s) dict_keys(['tutorial_dag']) retrieved from /home/airflow/.local/lib/python3.7/site-packages/airflow/example_dags/tutorial_dag.py
[2023-06-23T13:14:30.091+0000] {logging_mixin.py:149} INFO - [2023-06-23T13:14:30.091+0000] {dag.py:2726} INFO - Sync 1 DAGs
[2023-06-23T13:14:30.127+0000] {logging_mixin.py:149} INFO - [2023-06-23T13:14:30.127+0000] {dag.py:3490} INFO - Setting next_dagrun for tutorial_dag to None, run_after=None
[2023-06-23T13:14:30.151+0000] {processor.py:179} INFO - Processing /home/airflow/.local/lib/python3.7/site-packages/airflow/example_dags/tutorial_dag.py took 0.094 seconds
[2023-06-23T13:15:00.820+0000] {processor.py:157} INFO - Started process (PID=106) to work on /home/airflow/.local/lib/python3.7/site-packages/airflow/example_dags/tutorial_dag.py
[2023-06-23T13:15:00.821+0000] {processor.py:826} INFO - Processing file /home/airflow/.local/lib/python3.7/site-packages/airflow/example_dags/tutorial_dag.py for tasks to queue
[2023-06-23T13:15:00.823+0000] {logging_mixin.py:149} INFO - [2023-06-23T13:15:00.822+0000] {dagbag.py:541} INFO - Filling up the DagBag from /home/airflow/.local/lib/python3.7/site-packages/airflow/example_dags/tutorial_dag.py
[2023-06-23T13:15:00.829+0000] {processor.py:836} INFO - DAG(s) dict_keys(['tutorial_dag']) retrieved from /home/airflow/.local/lib/python3.7/site-packages/airflow/example_dags/tutorial_dag.py
[2023-06-23T13:15:00.844+0000] {logging_mixin.py:149} INFO - [2023-06-23T13:15:00.844+0000] {dag.py:2726} INFO - Sync 1 DAGs
[2023-06-23T13:15:00.877+0000] {logging_mixin.py:149} INFO - [2023-06-23T13:15:00.876+0000] {dag.py:3490} INFO - Setting next_dagrun for tutorial_dag to None, run_after=None
[2023-06-23T13:15:00.902+0000] {processor.py:179} INFO - Processing /home/airflow/.local/lib/python3.7/site-packages/airflow/example_dags/tutorial_dag.py took 0.086 seconds
[2023-06-23T13:15:30.976+0000] {processor.py:157} INFO - Started process (PID=172) to work on /home/airflow/.local/lib/python3.7/site-packages/airflow/example_dags/tutorial_dag.py
[2023-06-23T13:15:30.977+0000] {processor.py:826} INFO - Processing file /home/airflow/.local/lib/python3.7/site-packages/airflow/example_dags/tutorial_dag.py for tasks to queue
[2023-06-23T13:15:30.978+0000] {logging_mixin.py:149} INFO - [2023-06-23T13:15:30.977+0000] {dagbag.py:541} INFO - Filling up the DagBag from /home/airflow/.local/lib/python3.7/site-packages/airflow/example_dags/tutorial_dag.py
[2023-06-23T13:15:30.982+0000] {processor.py:836} INFO - DAG(s) dict_keys(['tutorial_dag']) retrieved from /home/airflow/.local/lib/python3.7/site-packages/airflow/example_dags/tutorial_dag.py
[2023-06-23T13:15:31.005+0000] {logging_mixin.py:149} INFO - [2023-06-23T13:15:31.005+0000] {dag.py:2726} INFO - Sync 1 DAGs
[2023-06-23T13:15:31.032+0000] {logging_mixin.py:149} INFO - [2023-06-23T13:15:31.032+0000] {dag.py:3490} INFO - Setting next_dagrun for tutorial_dag to None, run_after=None
[2023-06-23T13:15:31.053+0000] {processor.py:179} INFO - Processing /home/airflow/.local/lib/python3.7/site-packages/airflow/example_dags/tutorial_dag.py took 0.080 seconds
[2023-06-23T13:16:01.564+0000] {processor.py:157} INFO - Started process (PID=238) to work on /home/airflow/.local/lib/python3.7/site-packages/airflow/example_dags/tutorial_dag.py
[2023-06-23T13:16:01.565+0000] {processor.py:826} INFO - Processing file /home/airflow/.local/lib/python3.7/site-packages/airflow/example_dags/tutorial_dag.py for tasks to queue
[2023-06-23T13:16:01.566+0000] {logging_mixin.py:149} INFO - [2023-06-23T13:16:01.566+0000] {dagbag.py:541} INFO - Filling up the DagBag from /home/airflow/.local/lib/python3.7/site-packages/airflow/example_dags/tutorial_dag.py
[2023-06-23T13:16:01.570+0000] {processor.py:836} INFO - DAG(s) dict_keys(['tutorial_dag']) retrieved from /home/airflow/.local/lib/python3.7/site-packages/airflow/example_dags/tutorial_dag.py
[2023-06-23T13:16:01.593+0000] {logging_mixin.py:149} INFO - [2023-06-23T13:16:01.593+0000] {dag.py:2726} INFO - Sync 1 DAGs
[2023-06-23T13:16:01.617+0000] {logging_mixin.py:149} INFO - [2023-06-23T13:16:01.617+0000] {dag.py:3490} INFO - Setting next_dagrun for tutorial_dag to None, run_after=None
[2023-06-23T13:16:01.637+0000] {processor.py:179} INFO - Processing /home/airflow/.local/lib/python3.7/site-packages/airflow/example_dags/tutorial_dag.py took 0.076 seconds
[2023-06-23T13:38:39.806+0000] {processor.py:157} INFO - Started process (PID=39) to work on /home/airflow/.local/lib/python3.7/site-packages/airflow/example_dags/tutorial_dag.py
[2023-06-23T13:38:39.808+0000] {processor.py:826} INFO - Processing file /home/airflow/.local/lib/python3.7/site-packages/airflow/example_dags/tutorial_dag.py for tasks to queue
[2023-06-23T13:38:39.809+0000] {logging_mixin.py:149} INFO - [2023-06-23T13:38:39.809+0000] {dagbag.py:541} INFO - Filling up the DagBag from /home/airflow/.local/lib/python3.7/site-packages/airflow/example_dags/tutorial_dag.py
[2023-06-23T13:38:39.834+0000] {processor.py:836} INFO - DAG(s) dict_keys(['tutorial_dag']) retrieved from /home/airflow/.local/lib/python3.7/site-packages/airflow/example_dags/tutorial_dag.py
[2023-06-23T13:38:39.848+0000] {logging_mixin.py:149} INFO - [2023-06-23T13:38:39.848+0000] {dag.py:2726} INFO - Sync 1 DAGs
[2023-06-23T13:38:39.881+0000] {logging_mixin.py:149} INFO - [2023-06-23T13:38:39.881+0000] {dag.py:3490} INFO - Setting next_dagrun for tutorial_dag to None, run_after=None
[2023-06-23T13:38:39.904+0000] {processor.py:179} INFO - Processing /home/airflow/.local/lib/python3.7/site-packages/airflow/example_dags/tutorial_dag.py took 0.101 seconds
[2023-06-23T13:39:10.193+0000] {processor.py:157} INFO - Started process (PID=105) to work on /home/airflow/.local/lib/python3.7/site-packages/airflow/example_dags/tutorial_dag.py
[2023-06-23T13:39:10.194+0000] {processor.py:826} INFO - Processing file /home/airflow/.local/lib/python3.7/site-packages/airflow/example_dags/tutorial_dag.py for tasks to queue
[2023-06-23T13:39:10.195+0000] {logging_mixin.py:149} INFO - [2023-06-23T13:39:10.195+0000] {dagbag.py:541} INFO - Filling up the DagBag from /home/airflow/.local/lib/python3.7/site-packages/airflow/example_dags/tutorial_dag.py
[2023-06-23T13:39:10.200+0000] {processor.py:836} INFO - DAG(s) dict_keys(['tutorial_dag']) retrieved from /home/airflow/.local/lib/python3.7/site-packages/airflow/example_dags/tutorial_dag.py
[2023-06-23T13:39:10.224+0000] {logging_mixin.py:149} INFO - [2023-06-23T13:39:10.224+0000] {dag.py:2726} INFO - Sync 1 DAGs
[2023-06-23T13:39:10.251+0000] {logging_mixin.py:149} INFO - [2023-06-23T13:39:10.251+0000] {dag.py:3490} INFO - Setting next_dagrun for tutorial_dag to None, run_after=None
[2023-06-23T13:39:10.276+0000] {processor.py:179} INFO - Processing /home/airflow/.local/lib/python3.7/site-packages/airflow/example_dags/tutorial_dag.py took 0.087 seconds
[2023-06-23T13:39:40.740+0000] {processor.py:157} INFO - Started process (PID=171) to work on /home/airflow/.local/lib/python3.7/site-packages/airflow/example_dags/tutorial_dag.py
[2023-06-23T13:39:40.741+0000] {processor.py:826} INFO - Processing file /home/airflow/.local/lib/python3.7/site-packages/airflow/example_dags/tutorial_dag.py for tasks to queue
[2023-06-23T13:39:40.742+0000] {logging_mixin.py:149} INFO - [2023-06-23T13:39:40.742+0000] {dagbag.py:541} INFO - Filling up the DagBag from /home/airflow/.local/lib/python3.7/site-packages/airflow/example_dags/tutorial_dag.py
[2023-06-23T13:39:40.747+0000] {processor.py:836} INFO - DAG(s) dict_keys(['tutorial_dag']) retrieved from /home/airflow/.local/lib/python3.7/site-packages/airflow/example_dags/tutorial_dag.py
[2023-06-23T13:39:40.769+0000] {logging_mixin.py:149} INFO - [2023-06-23T13:39:40.769+0000] {dag.py:2726} INFO - Sync 1 DAGs
[2023-06-23T13:39:40.796+0000] {logging_mixin.py:149} INFO - [2023-06-23T13:39:40.796+0000] {dag.py:3490} INFO - Setting next_dagrun for tutorial_dag to None, run_after=None
[2023-06-23T13:39:40.817+0000] {processor.py:179} INFO - Processing /home/airflow/.local/lib/python3.7/site-packages/airflow/example_dags/tutorial_dag.py took 0.080 seconds
[2023-06-23T13:40:11.536+0000] {processor.py:157} INFO - Started process (PID=237) to work on /home/airflow/.local/lib/python3.7/site-packages/airflow/example_dags/tutorial_dag.py
[2023-06-23T13:40:11.537+0000] {processor.py:826} INFO - Processing file /home/airflow/.local/lib/python3.7/site-packages/airflow/example_dags/tutorial_dag.py for tasks to queue
[2023-06-23T13:40:11.538+0000] {logging_mixin.py:149} INFO - [2023-06-23T13:40:11.538+0000] {dagbag.py:541} INFO - Filling up the DagBag from /home/airflow/.local/lib/python3.7/site-packages/airflow/example_dags/tutorial_dag.py
[2023-06-23T13:40:11.543+0000] {processor.py:836} INFO - DAG(s) dict_keys(['tutorial_dag']) retrieved from /home/airflow/.local/lib/python3.7/site-packages/airflow/example_dags/tutorial_dag.py
[2023-06-23T13:40:11.564+0000] {logging_mixin.py:149} INFO - [2023-06-23T13:40:11.564+0000] {dag.py:2726} INFO - Sync 1 DAGs
[2023-06-23T13:40:11.589+0000] {logging_mixin.py:149} INFO - [2023-06-23T13:40:11.589+0000] {dag.py:3490} INFO - Setting next_dagrun for tutorial_dag to None, run_after=None
[2023-06-23T13:40:11.608+0000] {processor.py:179} INFO - Processing /home/airflow/.local/lib/python3.7/site-packages/airflow/example_dags/tutorial_dag.py took 0.075 seconds
[2023-06-23T13:40:41.806+0000] {processor.py:157} INFO - Started process (PID=303) to work on /home/airflow/.local/lib/python3.7/site-packages/airflow/example_dags/tutorial_dag.py
[2023-06-23T13:40:41.807+0000] {processor.py:826} INFO - Processing file /home/airflow/.local/lib/python3.7/site-packages/airflow/example_dags/tutorial_dag.py for tasks to queue
[2023-06-23T13:40:41.808+0000] {logging_mixin.py:149} INFO - [2023-06-23T13:40:41.808+0000] {dagbag.py:541} INFO - Filling up the DagBag from /home/airflow/.local/lib/python3.7/site-packages/airflow/example_dags/tutorial_dag.py
[2023-06-23T13:40:41.812+0000] {processor.py:836} INFO - DAG(s) dict_keys(['tutorial_dag']) retrieved from /home/airflow/.local/lib/python3.7/site-packages/airflow/example_dags/tutorial_dag.py
[2023-06-23T13:40:41.835+0000] {logging_mixin.py:149} INFO - [2023-06-23T13:40:41.834+0000] {dag.py:2726} INFO - Sync 1 DAGs
[2023-06-23T13:40:41.858+0000] {logging_mixin.py:149} INFO - [2023-06-23T13:40:41.858+0000] {dag.py:3490} INFO - Setting next_dagrun for tutorial_dag to None, run_after=None
[2023-06-23T13:40:41.876+0000] {processor.py:179} INFO - Processing /home/airflow/.local/lib/python3.7/site-packages/airflow/example_dags/tutorial_dag.py took 0.074 seconds
[2023-06-23T13:41:12.290+0000] {processor.py:157} INFO - Started process (PID=369) to work on /home/airflow/.local/lib/python3.7/site-packages/airflow/example_dags/tutorial_dag.py
[2023-06-23T13:41:12.291+0000] {processor.py:826} INFO - Processing file /home/airflow/.local/lib/python3.7/site-packages/airflow/example_dags/tutorial_dag.py for tasks to queue
[2023-06-23T13:41:12.292+0000] {logging_mixin.py:149} INFO - [2023-06-23T13:41:12.292+0000] {dagbag.py:541} INFO - Filling up the DagBag from /home/airflow/.local/lib/python3.7/site-packages/airflow/example_dags/tutorial_dag.py
[2023-06-23T13:41:12.298+0000] {processor.py:836} INFO - DAG(s) dict_keys(['tutorial_dag']) retrieved from /home/airflow/.local/lib/python3.7/site-packages/airflow/example_dags/tutorial_dag.py
[2023-06-23T13:41:12.325+0000] {logging_mixin.py:149} INFO - [2023-06-23T13:41:12.325+0000] {dag.py:2726} INFO - Sync 1 DAGs
[2023-06-23T13:41:12.353+0000] {logging_mixin.py:149} INFO - [2023-06-23T13:41:12.353+0000] {dag.py:3490} INFO - Setting next_dagrun for tutorial_dag to None, run_after=None
[2023-06-23T13:41:12.376+0000] {processor.py:179} INFO - Processing /home/airflow/.local/lib/python3.7/site-packages/airflow/example_dags/tutorial_dag.py took 0.089 seconds
[2023-06-23T13:41:43.084+0000] {processor.py:157} INFO - Started process (PID=435) to work on /home/airflow/.local/lib/python3.7/site-packages/airflow/example_dags/tutorial_dag.py
[2023-06-23T13:41:43.085+0000] {processor.py:826} INFO - Processing file /home/airflow/.local/lib/python3.7/site-packages/airflow/example_dags/tutorial_dag.py for tasks to queue
[2023-06-23T13:41:43.086+0000] {logging_mixin.py:149} INFO - [2023-06-23T13:41:43.086+0000] {dagbag.py:541} INFO - Filling up the DagBag from /home/airflow/.local/lib/python3.7/site-packages/airflow/example_dags/tutorial_dag.py
[2023-06-23T13:41:43.090+0000] {processor.py:836} INFO - DAG(s) dict_keys(['tutorial_dag']) retrieved from /home/airflow/.local/lib/python3.7/site-packages/airflow/example_dags/tutorial_dag.py
[2023-06-23T13:41:43.113+0000] {logging_mixin.py:149} INFO - [2023-06-23T13:41:43.113+0000] {dag.py:2726} INFO - Sync 1 DAGs
[2023-06-23T13:41:43.136+0000] {logging_mixin.py:149} INFO - [2023-06-23T13:41:43.136+0000] {dag.py:3490} INFO - Setting next_dagrun for tutorial_dag to None, run_after=None
[2023-06-23T13:41:43.156+0000] {processor.py:179} INFO - Processing /home/airflow/.local/lib/python3.7/site-packages/airflow/example_dags/tutorial_dag.py took 0.074 seconds
[2023-06-23T13:42:13.205+0000] {processor.py:157} INFO - Started process (PID=500) to work on /home/airflow/.local/lib/python3.7/site-packages/airflow/example_dags/tutorial_dag.py
[2023-06-23T13:42:13.206+0000] {processor.py:826} INFO - Processing file /home/airflow/.local/lib/python3.7/site-packages/airflow/example_dags/tutorial_dag.py for tasks to queue
[2023-06-23T13:42:13.207+0000] {logging_mixin.py:149} INFO - [2023-06-23T13:42:13.207+0000] {dagbag.py:541} INFO - Filling up the DagBag from /home/airflow/.local/lib/python3.7/site-packages/airflow/example_dags/tutorial_dag.py
[2023-06-23T13:42:13.212+0000] {processor.py:836} INFO - DAG(s) dict_keys(['tutorial_dag']) retrieved from /home/airflow/.local/lib/python3.7/site-packages/airflow/example_dags/tutorial_dag.py
[2023-06-23T13:42:13.237+0000] {logging_mixin.py:149} INFO - [2023-06-23T13:42:13.237+0000] {dag.py:2726} INFO - Sync 1 DAGs
[2023-06-23T13:42:13.264+0000] {logging_mixin.py:149} INFO - [2023-06-23T13:42:13.264+0000] {dag.py:3490} INFO - Setting next_dagrun for tutorial_dag to None, run_after=None
[2023-06-23T13:42:13.285+0000] {processor.py:179} INFO - Processing /home/airflow/.local/lib/python3.7/site-packages/airflow/example_dags/tutorial_dag.py took 0.082 seconds
[2023-06-23T13:42:43.719+0000] {processor.py:157} INFO - Started process (PID=566) to work on /home/airflow/.local/lib/python3.7/site-packages/airflow/example_dags/tutorial_dag.py
[2023-06-23T13:42:43.720+0000] {processor.py:826} INFO - Processing file /home/airflow/.local/lib/python3.7/site-packages/airflow/example_dags/tutorial_dag.py for tasks to queue
[2023-06-23T13:42:43.721+0000] {logging_mixin.py:149} INFO - [2023-06-23T13:42:43.721+0000] {dagbag.py:541} INFO - Filling up the DagBag from /home/airflow/.local/lib/python3.7/site-packages/airflow/example_dags/tutorial_dag.py
[2023-06-23T13:42:43.726+0000] {processor.py:836} INFO - DAG(s) dict_keys(['tutorial_dag']) retrieved from /home/airflow/.local/lib/python3.7/site-packages/airflow/example_dags/tutorial_dag.py
[2023-06-23T13:42:43.749+0000] {logging_mixin.py:149} INFO - [2023-06-23T13:42:43.749+0000] {dag.py:2726} INFO - Sync 1 DAGs
[2023-06-23T13:42:43.774+0000] {logging_mixin.py:149} INFO - [2023-06-23T13:42:43.774+0000] {dag.py:3490} INFO - Setting next_dagrun for tutorial_dag to None, run_after=None
[2023-06-23T13:42:43.794+0000] {processor.py:179} INFO - Processing /home/airflow/.local/lib/python3.7/site-packages/airflow/example_dags/tutorial_dag.py took 0.078 seconds
[2023-06-23T13:43:14.001+0000] {processor.py:157} INFO - Started process (PID=632) to work on /home/airflow/.local/lib/python3.7/site-packages/airflow/example_dags/tutorial_dag.py
[2023-06-23T13:43:14.002+0000] {processor.py:826} INFO - Processing file /home/airflow/.local/lib/python3.7/site-packages/airflow/example_dags/tutorial_dag.py for tasks to queue
[2023-06-23T13:43:14.003+0000] {logging_mixin.py:149} INFO - [2023-06-23T13:43:14.003+0000] {dagbag.py:541} INFO - Filling up the DagBag from /home/airflow/.local/lib/python3.7/site-packages/airflow/example_dags/tutorial_dag.py
[2023-06-23T13:43:14.007+0000] {processor.py:836} INFO - DAG(s) dict_keys(['tutorial_dag']) retrieved from /home/airflow/.local/lib/python3.7/site-packages/airflow/example_dags/tutorial_dag.py
[2023-06-23T13:43:14.030+0000] {logging_mixin.py:149} INFO - [2023-06-23T13:43:14.030+0000] {dag.py:2726} INFO - Sync 1 DAGs
[2023-06-23T13:43:14.054+0000] {logging_mixin.py:149} INFO - [2023-06-23T13:43:14.054+0000] {dag.py:3490} INFO - Setting next_dagrun for tutorial_dag to None, run_after=None
[2023-06-23T13:43:14.074+0000] {processor.py:179} INFO - Processing /home/airflow/.local/lib/python3.7/site-packages/airflow/example_dags/tutorial_dag.py took 0.076 seconds
[2023-06-23T13:43:44.601+0000] {processor.py:157} INFO - Started process (PID=699) to work on /home/airflow/.local/lib/python3.7/site-packages/airflow/example_dags/tutorial_dag.py
[2023-06-23T13:43:44.602+0000] {processor.py:826} INFO - Processing file /home/airflow/.local/lib/python3.7/site-packages/airflow/example_dags/tutorial_dag.py for tasks to queue
[2023-06-23T13:43:44.603+0000] {logging_mixin.py:149} INFO - [2023-06-23T13:43:44.603+0000] {dagbag.py:541} INFO - Filling up the DagBag from /home/airflow/.local/lib/python3.7/site-packages/airflow/example_dags/tutorial_dag.py
[2023-06-23T13:43:44.608+0000] {processor.py:836} INFO - DAG(s) dict_keys(['tutorial_dag']) retrieved from /home/airflow/.local/lib/python3.7/site-packages/airflow/example_dags/tutorial_dag.py
[2023-06-23T13:43:44.631+0000] {logging_mixin.py:149} INFO - [2023-06-23T13:43:44.631+0000] {dag.py:2726} INFO - Sync 1 DAGs
[2023-06-23T13:43:44.655+0000] {logging_mixin.py:149} INFO - [2023-06-23T13:43:44.655+0000] {dag.py:3490} INFO - Setting next_dagrun for tutorial_dag to None, run_after=None
[2023-06-23T13:43:44.678+0000] {processor.py:179} INFO - Processing /home/airflow/.local/lib/python3.7/site-packages/airflow/example_dags/tutorial_dag.py took 0.080 seconds
[2023-06-23T13:44:15.055+0000] {processor.py:157} INFO - Started process (PID=765) to work on /home/airflow/.local/lib/python3.7/site-packages/airflow/example_dags/tutorial_dag.py
[2023-06-23T13:44:15.056+0000] {processor.py:826} INFO - Processing file /home/airflow/.local/lib/python3.7/site-packages/airflow/example_dags/tutorial_dag.py for tasks to queue
[2023-06-23T13:44:15.057+0000] {logging_mixin.py:149} INFO - [2023-06-23T13:44:15.057+0000] {dagbag.py:541} INFO - Filling up the DagBag from /home/airflow/.local/lib/python3.7/site-packages/airflow/example_dags/tutorial_dag.py
[2023-06-23T13:44:15.062+0000] {processor.py:836} INFO - DAG(s) dict_keys(['tutorial_dag']) retrieved from /home/airflow/.local/lib/python3.7/site-packages/airflow/example_dags/tutorial_dag.py
[2023-06-23T13:44:15.084+0000] {logging_mixin.py:149} INFO - [2023-06-23T13:44:15.084+0000] {dag.py:2726} INFO - Sync 1 DAGs
[2023-06-23T13:44:15.107+0000] {logging_mixin.py:149} INFO - [2023-06-23T13:44:15.107+0000] {dag.py:3490} INFO - Setting next_dagrun for tutorial_dag to None, run_after=None
[2023-06-23T13:44:15.127+0000] {processor.py:179} INFO - Processing /home/airflow/.local/lib/python3.7/site-packages/airflow/example_dags/tutorial_dag.py took 0.075 seconds
[2023-06-23T13:44:45.314+0000] {processor.py:157} INFO - Started process (PID=830) to work on /home/airflow/.local/lib/python3.7/site-packages/airflow/example_dags/tutorial_dag.py
[2023-06-23T13:44:45.315+0000] {processor.py:826} INFO - Processing file /home/airflow/.local/lib/python3.7/site-packages/airflow/example_dags/tutorial_dag.py for tasks to queue
[2023-06-23T13:44:45.316+0000] {logging_mixin.py:149} INFO - [2023-06-23T13:44:45.316+0000] {dagbag.py:541} INFO - Filling up the DagBag from /home/airflow/.local/lib/python3.7/site-packages/airflow/example_dags/tutorial_dag.py
[2023-06-23T13:44:45.321+0000] {processor.py:836} INFO - DAG(s) dict_keys(['tutorial_dag']) retrieved from /home/airflow/.local/lib/python3.7/site-packages/airflow/example_dags/tutorial_dag.py
[2023-06-23T13:44:45.344+0000] {logging_mixin.py:149} INFO - [2023-06-23T13:44:45.344+0000] {dag.py:2726} INFO - Sync 1 DAGs
[2023-06-23T13:44:45.370+0000] {logging_mixin.py:149} INFO - [2023-06-23T13:44:45.370+0000] {dag.py:3490} INFO - Setting next_dagrun for tutorial_dag to None, run_after=None
[2023-06-23T13:44:45.391+0000] {processor.py:179} INFO - Processing /home/airflow/.local/lib/python3.7/site-packages/airflow/example_dags/tutorial_dag.py took 0.080 seconds
[2023-06-23T13:45:15.760+0000] {processor.py:157} INFO - Started process (PID=896) to work on /home/airflow/.local/lib/python3.7/site-packages/airflow/example_dags/tutorial_dag.py
[2023-06-23T13:45:15.761+0000] {processor.py:826} INFO - Processing file /home/airflow/.local/lib/python3.7/site-packages/airflow/example_dags/tutorial_dag.py for tasks to queue
[2023-06-23T13:45:15.762+0000] {logging_mixin.py:149} INFO - [2023-06-23T13:45:15.762+0000] {dagbag.py:541} INFO - Filling up the DagBag from /home/airflow/.local/lib/python3.7/site-packages/airflow/example_dags/tutorial_dag.py
[2023-06-23T13:45:15.767+0000] {processor.py:836} INFO - DAG(s) dict_keys(['tutorial_dag']) retrieved from /home/airflow/.local/lib/python3.7/site-packages/airflow/example_dags/tutorial_dag.py
[2023-06-23T13:45:15.797+0000] {logging_mixin.py:149} INFO - [2023-06-23T13:45:15.796+0000] {dag.py:2726} INFO - Sync 1 DAGs
[2023-06-23T13:45:15.823+0000] {logging_mixin.py:149} INFO - [2023-06-23T13:45:15.822+0000] {dag.py:3490} INFO - Setting next_dagrun for tutorial_dag to None, run_after=None
[2023-06-23T13:45:15.840+0000] {processor.py:179} INFO - Processing /home/airflow/.local/lib/python3.7/site-packages/airflow/example_dags/tutorial_dag.py took 0.083 seconds
[2023-06-23T13:45:46.163+0000] {processor.py:157} INFO - Started process (PID=963) to work on /home/airflow/.local/lib/python3.7/site-packages/airflow/example_dags/tutorial_dag.py
[2023-06-23T13:45:46.164+0000] {processor.py:826} INFO - Processing file /home/airflow/.local/lib/python3.7/site-packages/airflow/example_dags/tutorial_dag.py for tasks to queue
[2023-06-23T13:45:46.165+0000] {logging_mixin.py:149} INFO - [2023-06-23T13:45:46.165+0000] {dagbag.py:541} INFO - Filling up the DagBag from /home/airflow/.local/lib/python3.7/site-packages/airflow/example_dags/tutorial_dag.py
[2023-06-23T13:45:46.170+0000] {processor.py:836} INFO - DAG(s) dict_keys(['tutorial_dag']) retrieved from /home/airflow/.local/lib/python3.7/site-packages/airflow/example_dags/tutorial_dag.py
[2023-06-23T13:45:46.195+0000] {logging_mixin.py:149} INFO - [2023-06-23T13:45:46.195+0000] {dag.py:2726} INFO - Sync 1 DAGs
[2023-06-23T13:45:46.220+0000] {logging_mixin.py:149} INFO - [2023-06-23T13:45:46.220+0000] {dag.py:3490} INFO - Setting next_dagrun for tutorial_dag to None, run_after=None
[2023-06-23T13:45:46.241+0000] {processor.py:179} INFO - Processing /home/airflow/.local/lib/python3.7/site-packages/airflow/example_dags/tutorial_dag.py took 0.080 seconds
[2023-06-23T13:46:16.383+0000] {processor.py:157} INFO - Started process (PID=1028) to work on /home/airflow/.local/lib/python3.7/site-packages/airflow/example_dags/tutorial_dag.py
[2023-06-23T13:46:16.384+0000] {processor.py:826} INFO - Processing file /home/airflow/.local/lib/python3.7/site-packages/airflow/example_dags/tutorial_dag.py for tasks to queue
[2023-06-23T13:46:16.385+0000] {logging_mixin.py:149} INFO - [2023-06-23T13:46:16.385+0000] {dagbag.py:541} INFO - Filling up the DagBag from /home/airflow/.local/lib/python3.7/site-packages/airflow/example_dags/tutorial_dag.py
[2023-06-23T13:46:16.390+0000] {processor.py:836} INFO - DAG(s) dict_keys(['tutorial_dag']) retrieved from /home/airflow/.local/lib/python3.7/site-packages/airflow/example_dags/tutorial_dag.py
[2023-06-23T13:46:16.414+0000] {logging_mixin.py:149} INFO - [2023-06-23T13:46:16.414+0000] {dag.py:2726} INFO - Sync 1 DAGs
[2023-06-23T13:46:16.441+0000] {logging_mixin.py:149} INFO - [2023-06-23T13:46:16.441+0000] {dag.py:3490} INFO - Setting next_dagrun for tutorial_dag to None, run_after=None
[2023-06-23T13:46:16.461+0000] {processor.py:179} INFO - Processing /home/airflow/.local/lib/python3.7/site-packages/airflow/example_dags/tutorial_dag.py took 0.081 seconds
[2023-06-23T13:46:46.591+0000] {processor.py:157} INFO - Started process (PID=1094) to work on /home/airflow/.local/lib/python3.7/site-packages/airflow/example_dags/tutorial_dag.py
[2023-06-23T13:46:46.592+0000] {processor.py:826} INFO - Processing file /home/airflow/.local/lib/python3.7/site-packages/airflow/example_dags/tutorial_dag.py for tasks to queue
[2023-06-23T13:46:46.593+0000] {logging_mixin.py:149} INFO - [2023-06-23T13:46:46.593+0000] {dagbag.py:541} INFO - Filling up the DagBag from /home/airflow/.local/lib/python3.7/site-packages/airflow/example_dags/tutorial_dag.py
[2023-06-23T13:46:46.598+0000] {processor.py:836} INFO - DAG(s) dict_keys(['tutorial_dag']) retrieved from /home/airflow/.local/lib/python3.7/site-packages/airflow/example_dags/tutorial_dag.py
[2023-06-23T13:46:46.621+0000] {logging_mixin.py:149} INFO - [2023-06-23T13:46:46.620+0000] {dag.py:2726} INFO - Sync 1 DAGs
[2023-06-23T13:46:46.649+0000] {logging_mixin.py:149} INFO - [2023-06-23T13:46:46.649+0000] {dag.py:3490} INFO - Setting next_dagrun for tutorial_dag to None, run_after=None
[2023-06-23T13:46:46.670+0000] {processor.py:179} INFO - Processing /home/airflow/.local/lib/python3.7/site-packages/airflow/example_dags/tutorial_dag.py took 0.081 seconds
[2023-06-23T13:47:17.116+0000] {processor.py:157} INFO - Started process (PID=1161) to work on /home/airflow/.local/lib/python3.7/site-packages/airflow/example_dags/tutorial_dag.py
[2023-06-23T13:47:17.117+0000] {processor.py:826} INFO - Processing file /home/airflow/.local/lib/python3.7/site-packages/airflow/example_dags/tutorial_dag.py for tasks to queue
[2023-06-23T13:47:17.118+0000] {logging_mixin.py:149} INFO - [2023-06-23T13:47:17.118+0000] {dagbag.py:541} INFO - Filling up the DagBag from /home/airflow/.local/lib/python3.7/site-packages/airflow/example_dags/tutorial_dag.py
[2023-06-23T13:47:17.124+0000] {processor.py:836} INFO - DAG(s) dict_keys(['tutorial_dag']) retrieved from /home/airflow/.local/lib/python3.7/site-packages/airflow/example_dags/tutorial_dag.py
[2023-06-23T13:47:17.150+0000] {logging_mixin.py:149} INFO - [2023-06-23T13:47:17.150+0000] {dag.py:2726} INFO - Sync 1 DAGs
[2023-06-23T13:47:17.181+0000] {logging_mixin.py:149} INFO - [2023-06-23T13:47:17.181+0000] {dag.py:3490} INFO - Setting next_dagrun for tutorial_dag to None, run_after=None
[2023-06-23T13:47:17.204+0000] {processor.py:179} INFO - Processing /home/airflow/.local/lib/python3.7/site-packages/airflow/example_dags/tutorial_dag.py took 0.091 seconds
[2023-06-23T13:47:47.531+0000] {processor.py:157} INFO - Started process (PID=1228) to work on /home/airflow/.local/lib/python3.7/site-packages/airflow/example_dags/tutorial_dag.py
[2023-06-23T13:47:47.532+0000] {processor.py:826} INFO - Processing file /home/airflow/.local/lib/python3.7/site-packages/airflow/example_dags/tutorial_dag.py for tasks to queue
[2023-06-23T13:47:47.533+0000] {logging_mixin.py:149} INFO - [2023-06-23T13:47:47.533+0000] {dagbag.py:541} INFO - Filling up the DagBag from /home/airflow/.local/lib/python3.7/site-packages/airflow/example_dags/tutorial_dag.py
[2023-06-23T13:47:47.537+0000] {processor.py:836} INFO - DAG(s) dict_keys(['tutorial_dag']) retrieved from /home/airflow/.local/lib/python3.7/site-packages/airflow/example_dags/tutorial_dag.py
[2023-06-23T13:47:47.559+0000] {logging_mixin.py:149} INFO - [2023-06-23T13:47:47.559+0000] {dag.py:2726} INFO - Sync 1 DAGs
[2023-06-23T13:47:47.584+0000] {logging_mixin.py:149} INFO - [2023-06-23T13:47:47.584+0000] {dag.py:3490} INFO - Setting next_dagrun for tutorial_dag to None, run_after=None
[2023-06-23T13:47:47.602+0000] {processor.py:179} INFO - Processing /home/airflow/.local/lib/python3.7/site-packages/airflow/example_dags/tutorial_dag.py took 0.074 seconds
[2023-06-23T13:48:17.863+0000] {processor.py:157} INFO - Started process (PID=1294) to work on /home/airflow/.local/lib/python3.7/site-packages/airflow/example_dags/tutorial_dag.py
[2023-06-23T13:48:17.865+0000] {processor.py:826} INFO - Processing file /home/airflow/.local/lib/python3.7/site-packages/airflow/example_dags/tutorial_dag.py for tasks to queue
[2023-06-23T13:48:17.866+0000] {logging_mixin.py:149} INFO - [2023-06-23T13:48:17.866+0000] {dagbag.py:541} INFO - Filling up the DagBag from /home/airflow/.local/lib/python3.7/site-packages/airflow/example_dags/tutorial_dag.py
[2023-06-23T13:48:17.871+0000] {processor.py:836} INFO - DAG(s) dict_keys(['tutorial_dag']) retrieved from /home/airflow/.local/lib/python3.7/site-packages/airflow/example_dags/tutorial_dag.py
[2023-06-23T13:48:17.895+0000] {logging_mixin.py:149} INFO - [2023-06-23T13:48:17.894+0000] {dag.py:2726} INFO - Sync 1 DAGs
[2023-06-23T13:48:17.919+0000] {logging_mixin.py:149} INFO - [2023-06-23T13:48:17.919+0000] {dag.py:3490} INFO - Setting next_dagrun for tutorial_dag to None, run_after=None
[2023-06-23T13:48:17.939+0000] {processor.py:179} INFO - Processing /home/airflow/.local/lib/python3.7/site-packages/airflow/example_dags/tutorial_dag.py took 0.079 seconds
[2023-06-23T13:48:48.424+0000] {processor.py:157} INFO - Started process (PID=1360) to work on /home/airflow/.local/lib/python3.7/site-packages/airflow/example_dags/tutorial_dag.py
[2023-06-23T13:48:48.425+0000] {processor.py:826} INFO - Processing file /home/airflow/.local/lib/python3.7/site-packages/airflow/example_dags/tutorial_dag.py for tasks to queue
[2023-06-23T13:48:48.426+0000] {logging_mixin.py:149} INFO - [2023-06-23T13:48:48.426+0000] {dagbag.py:541} INFO - Filling up the DagBag from /home/airflow/.local/lib/python3.7/site-packages/airflow/example_dags/tutorial_dag.py
[2023-06-23T13:48:48.431+0000] {processor.py:836} INFO - DAG(s) dict_keys(['tutorial_dag']) retrieved from /home/airflow/.local/lib/python3.7/site-packages/airflow/example_dags/tutorial_dag.py
[2023-06-23T13:48:48.454+0000] {logging_mixin.py:149} INFO - [2023-06-23T13:48:48.454+0000] {dag.py:2726} INFO - Sync 1 DAGs
[2023-06-23T13:48:48.480+0000] {logging_mixin.py:149} INFO - [2023-06-23T13:48:48.480+0000] {dag.py:3490} INFO - Setting next_dagrun for tutorial_dag to None, run_after=None
[2023-06-23T13:48:48.502+0000] {processor.py:179} INFO - Processing /home/airflow/.local/lib/python3.7/site-packages/airflow/example_dags/tutorial_dag.py took 0.081 seconds
[2023-06-23T13:49:18.662+0000] {processor.py:157} INFO - Started process (PID=1425) to work on /home/airflow/.local/lib/python3.7/site-packages/airflow/example_dags/tutorial_dag.py
[2023-06-23T13:49:18.663+0000] {processor.py:826} INFO - Processing file /home/airflow/.local/lib/python3.7/site-packages/airflow/example_dags/tutorial_dag.py for tasks to queue
[2023-06-23T13:49:18.664+0000] {logging_mixin.py:149} INFO - [2023-06-23T13:49:18.664+0000] {dagbag.py:541} INFO - Filling up the DagBag from /home/airflow/.local/lib/python3.7/site-packages/airflow/example_dags/tutorial_dag.py
[2023-06-23T13:49:18.669+0000] {processor.py:836} INFO - DAG(s) dict_keys(['tutorial_dag']) retrieved from /home/airflow/.local/lib/python3.7/site-packages/airflow/example_dags/tutorial_dag.py
[2023-06-23T13:49:18.696+0000] {logging_mixin.py:149} INFO - [2023-06-23T13:49:18.696+0000] {dag.py:2726} INFO - Sync 1 DAGs
[2023-06-23T13:49:18.727+0000] {logging_mixin.py:149} INFO - [2023-06-23T13:49:18.726+0000] {dag.py:3490} INFO - Setting next_dagrun for tutorial_dag to None, run_after=None
[2023-06-23T13:49:18.750+0000] {processor.py:179} INFO - Processing /home/airflow/.local/lib/python3.7/site-packages/airflow/example_dags/tutorial_dag.py took 0.092 seconds
[2023-06-23T13:49:49.257+0000] {processor.py:157} INFO - Started process (PID=1492) to work on /home/airflow/.local/lib/python3.7/site-packages/airflow/example_dags/tutorial_dag.py
[2023-06-23T13:49:49.258+0000] {processor.py:826} INFO - Processing file /home/airflow/.local/lib/python3.7/site-packages/airflow/example_dags/tutorial_dag.py for tasks to queue
[2023-06-23T13:49:49.259+0000] {logging_mixin.py:149} INFO - [2023-06-23T13:49:49.259+0000] {dagbag.py:541} INFO - Filling up the DagBag from /home/airflow/.local/lib/python3.7/site-packages/airflow/example_dags/tutorial_dag.py
[2023-06-23T13:49:49.264+0000] {processor.py:836} INFO - DAG(s) dict_keys(['tutorial_dag']) retrieved from /home/airflow/.local/lib/python3.7/site-packages/airflow/example_dags/tutorial_dag.py
[2023-06-23T13:49:49.286+0000] {logging_mixin.py:149} INFO - [2023-06-23T13:49:49.286+0000] {dag.py:2726} INFO - Sync 1 DAGs
[2023-06-23T13:49:49.310+0000] {logging_mixin.py:149} INFO - [2023-06-23T13:49:49.310+0000] {dag.py:3490} INFO - Setting next_dagrun for tutorial_dag to None, run_after=None
[2023-06-23T13:49:49.330+0000] {processor.py:179} INFO - Processing /home/airflow/.local/lib/python3.7/site-packages/airflow/example_dags/tutorial_dag.py took 0.075 seconds
[2023-06-23T13:50:19.559+0000] {processor.py:157} INFO - Started process (PID=1559) to work on /home/airflow/.local/lib/python3.7/site-packages/airflow/example_dags/tutorial_dag.py
[2023-06-23T13:50:19.560+0000] {processor.py:826} INFO - Processing file /home/airflow/.local/lib/python3.7/site-packages/airflow/example_dags/tutorial_dag.py for tasks to queue
[2023-06-23T13:50:19.561+0000] {logging_mixin.py:149} INFO - [2023-06-23T13:50:19.561+0000] {dagbag.py:541} INFO - Filling up the DagBag from /home/airflow/.local/lib/python3.7/site-packages/airflow/example_dags/tutorial_dag.py
[2023-06-23T13:50:19.566+0000] {processor.py:836} INFO - DAG(s) dict_keys(['tutorial_dag']) retrieved from /home/airflow/.local/lib/python3.7/site-packages/airflow/example_dags/tutorial_dag.py
[2023-06-23T13:50:19.590+0000] {logging_mixin.py:149} INFO - [2023-06-23T13:50:19.589+0000] {dag.py:2726} INFO - Sync 1 DAGs
[2023-06-23T13:50:19.614+0000] {logging_mixin.py:149} INFO - [2023-06-23T13:50:19.614+0000] {dag.py:3490} INFO - Setting next_dagrun for tutorial_dag to None, run_after=None
[2023-06-23T13:50:19.635+0000] {processor.py:179} INFO - Processing /home/airflow/.local/lib/python3.7/site-packages/airflow/example_dags/tutorial_dag.py took 0.080 seconds
[2023-06-23T13:50:49.892+0000] {processor.py:157} INFO - Started process (PID=1626) to work on /home/airflow/.local/lib/python3.7/site-packages/airflow/example_dags/tutorial_dag.py
[2023-06-23T13:50:49.893+0000] {processor.py:826} INFO - Processing file /home/airflow/.local/lib/python3.7/site-packages/airflow/example_dags/tutorial_dag.py for tasks to queue
[2023-06-23T13:50:49.894+0000] {logging_mixin.py:149} INFO - [2023-06-23T13:50:49.893+0000] {dagbag.py:541} INFO - Filling up the DagBag from /home/airflow/.local/lib/python3.7/site-packages/airflow/example_dags/tutorial_dag.py
[2023-06-23T13:50:49.898+0000] {processor.py:836} INFO - DAG(s) dict_keys(['tutorial_dag']) retrieved from /home/airflow/.local/lib/python3.7/site-packages/airflow/example_dags/tutorial_dag.py
[2023-06-23T13:50:49.920+0000] {logging_mixin.py:149} INFO - [2023-06-23T13:50:49.919+0000] {dag.py:2726} INFO - Sync 1 DAGs
[2023-06-23T13:50:49.942+0000] {logging_mixin.py:149} INFO - [2023-06-23T13:50:49.942+0000] {dag.py:3490} INFO - Setting next_dagrun for tutorial_dag to None, run_after=None
[2023-06-23T13:50:49.961+0000] {processor.py:179} INFO - Processing /home/airflow/.local/lib/python3.7/site-packages/airflow/example_dags/tutorial_dag.py took 0.072 seconds
[2023-06-23T13:51:20.495+0000] {processor.py:157} INFO - Started process (PID=1692) to work on /home/airflow/.local/lib/python3.7/site-packages/airflow/example_dags/tutorial_dag.py
[2023-06-23T13:51:20.496+0000] {processor.py:826} INFO - Processing file /home/airflow/.local/lib/python3.7/site-packages/airflow/example_dags/tutorial_dag.py for tasks to queue
[2023-06-23T13:51:20.497+0000] {logging_mixin.py:149} INFO - [2023-06-23T13:51:20.497+0000] {dagbag.py:541} INFO - Filling up the DagBag from /home/airflow/.local/lib/python3.7/site-packages/airflow/example_dags/tutorial_dag.py
[2023-06-23T13:51:20.503+0000] {processor.py:836} INFO - DAG(s) dict_keys(['tutorial_dag']) retrieved from /home/airflow/.local/lib/python3.7/site-packages/airflow/example_dags/tutorial_dag.py
[2023-06-23T13:51:20.529+0000] {logging_mixin.py:149} INFO - [2023-06-23T13:51:20.529+0000] {dag.py:2726} INFO - Sync 1 DAGs
[2023-06-23T13:51:20.558+0000] {logging_mixin.py:149} INFO - [2023-06-23T13:51:20.557+0000] {dag.py:3490} INFO - Setting next_dagrun for tutorial_dag to None, run_after=None
[2023-06-23T13:51:20.577+0000] {processor.py:179} INFO - Processing /home/airflow/.local/lib/python3.7/site-packages/airflow/example_dags/tutorial_dag.py took 0.085 seconds
[2023-06-23T13:51:50.893+0000] {processor.py:157} INFO - Started process (PID=1758) to work on /home/airflow/.local/lib/python3.7/site-packages/airflow/example_dags/tutorial_dag.py
[2023-06-23T13:51:50.894+0000] {processor.py:826} INFO - Processing file /home/airflow/.local/lib/python3.7/site-packages/airflow/example_dags/tutorial_dag.py for tasks to queue
[2023-06-23T13:51:50.895+0000] {logging_mixin.py:149} INFO - [2023-06-23T13:51:50.895+0000] {dagbag.py:541} INFO - Filling up the DagBag from /home/airflow/.local/lib/python3.7/site-packages/airflow/example_dags/tutorial_dag.py
[2023-06-23T13:51:50.900+0000] {processor.py:836} INFO - DAG(s) dict_keys(['tutorial_dag']) retrieved from /home/airflow/.local/lib/python3.7/site-packages/airflow/example_dags/tutorial_dag.py
[2023-06-23T13:51:50.924+0000] {logging_mixin.py:149} INFO - [2023-06-23T13:51:50.924+0000] {dag.py:2726} INFO - Sync 1 DAGs
[2023-06-23T13:51:50.951+0000] {logging_mixin.py:149} INFO - [2023-06-23T13:51:50.951+0000] {dag.py:3490} INFO - Setting next_dagrun for tutorial_dag to None, run_after=None
[2023-06-23T13:51:50.972+0000] {processor.py:179} INFO - Processing /home/airflow/.local/lib/python3.7/site-packages/airflow/example_dags/tutorial_dag.py took 0.083 seconds
[2023-06-23T13:52:21.247+0000] {processor.py:157} INFO - Started process (PID=1824) to work on /home/airflow/.local/lib/python3.7/site-packages/airflow/example_dags/tutorial_dag.py
[2023-06-23T13:52:21.248+0000] {processor.py:826} INFO - Processing file /home/airflow/.local/lib/python3.7/site-packages/airflow/example_dags/tutorial_dag.py for tasks to queue
[2023-06-23T13:52:21.249+0000] {logging_mixin.py:149} INFO - [2023-06-23T13:52:21.248+0000] {dagbag.py:541} INFO - Filling up the DagBag from /home/airflow/.local/lib/python3.7/site-packages/airflow/example_dags/tutorial_dag.py
[2023-06-23T13:52:21.253+0000] {processor.py:836} INFO - DAG(s) dict_keys(['tutorial_dag']) retrieved from /home/airflow/.local/lib/python3.7/site-packages/airflow/example_dags/tutorial_dag.py
[2023-06-23T13:52:21.276+0000] {logging_mixin.py:149} INFO - [2023-06-23T13:52:21.276+0000] {dag.py:2726} INFO - Sync 1 DAGs
[2023-06-23T13:52:21.301+0000] {logging_mixin.py:149} INFO - [2023-06-23T13:52:21.301+0000] {dag.py:3490} INFO - Setting next_dagrun for tutorial_dag to None, run_after=None
[2023-06-23T13:52:21.323+0000] {processor.py:179} INFO - Processing /home/airflow/.local/lib/python3.7/site-packages/airflow/example_dags/tutorial_dag.py took 0.079 seconds
[2023-06-23T13:52:51.382+0000] {processor.py:157} INFO - Started process (PID=1890) to work on /home/airflow/.local/lib/python3.7/site-packages/airflow/example_dags/tutorial_dag.py
[2023-06-23T13:52:51.383+0000] {processor.py:826} INFO - Processing file /home/airflow/.local/lib/python3.7/site-packages/airflow/example_dags/tutorial_dag.py for tasks to queue
[2023-06-23T13:52:51.384+0000] {logging_mixin.py:149} INFO - [2023-06-23T13:52:51.384+0000] {dagbag.py:541} INFO - Filling up the DagBag from /home/airflow/.local/lib/python3.7/site-packages/airflow/example_dags/tutorial_dag.py
[2023-06-23T13:52:51.389+0000] {processor.py:836} INFO - DAG(s) dict_keys(['tutorial_dag']) retrieved from /home/airflow/.local/lib/python3.7/site-packages/airflow/example_dags/tutorial_dag.py
[2023-06-23T13:52:51.411+0000] {logging_mixin.py:149} INFO - [2023-06-23T13:52:51.411+0000] {dag.py:2726} INFO - Sync 1 DAGs
[2023-06-23T13:52:51.434+0000] {logging_mixin.py:149} INFO - [2023-06-23T13:52:51.434+0000] {dag.py:3490} INFO - Setting next_dagrun for tutorial_dag to None, run_after=None
[2023-06-23T13:52:51.454+0000] {processor.py:179} INFO - Processing /home/airflow/.local/lib/python3.7/site-packages/airflow/example_dags/tutorial_dag.py took 0.075 seconds
[2023-06-23T13:53:22.288+0000] {processor.py:157} INFO - Started process (PID=1956) to work on /home/airflow/.local/lib/python3.7/site-packages/airflow/example_dags/tutorial_dag.py
[2023-06-23T13:53:22.289+0000] {processor.py:826} INFO - Processing file /home/airflow/.local/lib/python3.7/site-packages/airflow/example_dags/tutorial_dag.py for tasks to queue
[2023-06-23T13:53:22.290+0000] {logging_mixin.py:149} INFO - [2023-06-23T13:53:22.290+0000] {dagbag.py:541} INFO - Filling up the DagBag from /home/airflow/.local/lib/python3.7/site-packages/airflow/example_dags/tutorial_dag.py
[2023-06-23T13:53:22.295+0000] {processor.py:836} INFO - DAG(s) dict_keys(['tutorial_dag']) retrieved from /home/airflow/.local/lib/python3.7/site-packages/airflow/example_dags/tutorial_dag.py
[2023-06-23T13:53:22.317+0000] {logging_mixin.py:149} INFO - [2023-06-23T13:53:22.316+0000] {dag.py:2726} INFO - Sync 1 DAGs
[2023-06-23T13:53:22.342+0000] {logging_mixin.py:149} INFO - [2023-06-23T13:53:22.342+0000] {dag.py:3490} INFO - Setting next_dagrun for tutorial_dag to None, run_after=None
[2023-06-23T13:53:22.362+0000] {processor.py:179} INFO - Processing /home/airflow/.local/lib/python3.7/site-packages/airflow/example_dags/tutorial_dag.py took 0.077 seconds
[2023-06-23T13:53:53.275+0000] {processor.py:157} INFO - Started process (PID=2022) to work on /home/airflow/.local/lib/python3.7/site-packages/airflow/example_dags/tutorial_dag.py
[2023-06-23T13:53:53.277+0000] {processor.py:826} INFO - Processing file /home/airflow/.local/lib/python3.7/site-packages/airflow/example_dags/tutorial_dag.py for tasks to queue
[2023-06-23T13:53:53.278+0000] {logging_mixin.py:149} INFO - [2023-06-23T13:53:53.277+0000] {dagbag.py:541} INFO - Filling up the DagBag from /home/airflow/.local/lib/python3.7/site-packages/airflow/example_dags/tutorial_dag.py
[2023-06-23T13:53:53.283+0000] {processor.py:836} INFO - DAG(s) dict_keys(['tutorial_dag']) retrieved from /home/airflow/.local/lib/python3.7/site-packages/airflow/example_dags/tutorial_dag.py
[2023-06-23T13:53:53.310+0000] {logging_mixin.py:149} INFO - [2023-06-23T13:53:53.310+0000] {dag.py:2726} INFO - Sync 1 DAGs
[2023-06-23T13:53:53.336+0000] {logging_mixin.py:149} INFO - [2023-06-23T13:53:53.336+0000] {dag.py:3490} INFO - Setting next_dagrun for tutorial_dag to None, run_after=None
[2023-06-23T13:53:53.359+0000] {processor.py:179} INFO - Processing /home/airflow/.local/lib/python3.7/site-packages/airflow/example_dags/tutorial_dag.py took 0.087 seconds
[2023-06-23T13:54:23.905+0000] {processor.py:157} INFO - Started process (PID=2088) to work on /home/airflow/.local/lib/python3.7/site-packages/airflow/example_dags/tutorial_dag.py
[2023-06-23T13:54:23.906+0000] {processor.py:826} INFO - Processing file /home/airflow/.local/lib/python3.7/site-packages/airflow/example_dags/tutorial_dag.py for tasks to queue
[2023-06-23T13:54:23.907+0000] {logging_mixin.py:149} INFO - [2023-06-23T13:54:23.907+0000] {dagbag.py:541} INFO - Filling up the DagBag from /home/airflow/.local/lib/python3.7/site-packages/airflow/example_dags/tutorial_dag.py
[2023-06-23T13:54:23.912+0000] {processor.py:836} INFO - DAG(s) dict_keys(['tutorial_dag']) retrieved from /home/airflow/.local/lib/python3.7/site-packages/airflow/example_dags/tutorial_dag.py
[2023-06-23T13:54:23.943+0000] {logging_mixin.py:149} INFO - [2023-06-23T13:54:23.943+0000] {dag.py:2726} INFO - Sync 1 DAGs
[2023-06-23T13:54:23.969+0000] {logging_mixin.py:149} INFO - [2023-06-23T13:54:23.969+0000] {dag.py:3490} INFO - Setting next_dagrun for tutorial_dag to None, run_after=None
[2023-06-23T13:54:23.990+0000] {processor.py:179} INFO - Processing /home/airflow/.local/lib/python3.7/site-packages/airflow/example_dags/tutorial_dag.py took 0.087 seconds
[2023-06-23T13:54:54.492+0000] {processor.py:157} INFO - Started process (PID=2154) to work on /home/airflow/.local/lib/python3.7/site-packages/airflow/example_dags/tutorial_dag.py
[2023-06-23T13:54:54.494+0000] {processor.py:826} INFO - Processing file /home/airflow/.local/lib/python3.7/site-packages/airflow/example_dags/tutorial_dag.py for tasks to queue
[2023-06-23T13:54:54.495+0000] {logging_mixin.py:149} INFO - [2023-06-23T13:54:54.495+0000] {dagbag.py:541} INFO - Filling up the DagBag from /home/airflow/.local/lib/python3.7/site-packages/airflow/example_dags/tutorial_dag.py
[2023-06-23T13:54:54.500+0000] {processor.py:836} INFO - DAG(s) dict_keys(['tutorial_dag']) retrieved from /home/airflow/.local/lib/python3.7/site-packages/airflow/example_dags/tutorial_dag.py
[2023-06-23T13:54:54.523+0000] {logging_mixin.py:149} INFO - [2023-06-23T13:54:54.523+0000] {dag.py:2726} INFO - Sync 1 DAGs
[2023-06-23T13:54:54.552+0000] {logging_mixin.py:149} INFO - [2023-06-23T13:54:54.552+0000] {dag.py:3490} INFO - Setting next_dagrun for tutorial_dag to None, run_after=None
[2023-06-23T13:54:54.574+0000] {processor.py:179} INFO - Processing /home/airflow/.local/lib/python3.7/site-packages/airflow/example_dags/tutorial_dag.py took 0.085 seconds
[2023-06-23T13:55:24.858+0000] {processor.py:157} INFO - Started process (PID=2220) to work on /home/airflow/.local/lib/python3.7/site-packages/airflow/example_dags/tutorial_dag.py
[2023-06-23T13:55:24.859+0000] {processor.py:826} INFO - Processing file /home/airflow/.local/lib/python3.7/site-packages/airflow/example_dags/tutorial_dag.py for tasks to queue
[2023-06-23T13:55:24.860+0000] {logging_mixin.py:149} INFO - [2023-06-23T13:55:24.860+0000] {dagbag.py:541} INFO - Filling up the DagBag from /home/airflow/.local/lib/python3.7/site-packages/airflow/example_dags/tutorial_dag.py
[2023-06-23T13:55:24.865+0000] {processor.py:836} INFO - DAG(s) dict_keys(['tutorial_dag']) retrieved from /home/airflow/.local/lib/python3.7/site-packages/airflow/example_dags/tutorial_dag.py
[2023-06-23T13:55:24.887+0000] {logging_mixin.py:149} INFO - [2023-06-23T13:55:24.887+0000] {dag.py:2726} INFO - Sync 1 DAGs
[2023-06-23T13:55:24.912+0000] {logging_mixin.py:149} INFO - [2023-06-23T13:55:24.912+0000] {dag.py:3490} INFO - Setting next_dagrun for tutorial_dag to None, run_after=None
[2023-06-23T13:55:24.931+0000] {processor.py:179} INFO - Processing /home/airflow/.local/lib/python3.7/site-packages/airflow/example_dags/tutorial_dag.py took 0.075 seconds
[2023-06-23T13:55:55.261+0000] {processor.py:157} INFO - Started process (PID=2285) to work on /home/airflow/.local/lib/python3.7/site-packages/airflow/example_dags/tutorial_dag.py
[2023-06-23T13:55:55.263+0000] {processor.py:826} INFO - Processing file /home/airflow/.local/lib/python3.7/site-packages/airflow/example_dags/tutorial_dag.py for tasks to queue
[2023-06-23T13:55:55.264+0000] {logging_mixin.py:149} INFO - [2023-06-23T13:55:55.263+0000] {dagbag.py:541} INFO - Filling up the DagBag from /home/airflow/.local/lib/python3.7/site-packages/airflow/example_dags/tutorial_dag.py
[2023-06-23T13:55:55.269+0000] {processor.py:836} INFO - DAG(s) dict_keys(['tutorial_dag']) retrieved from /home/airflow/.local/lib/python3.7/site-packages/airflow/example_dags/tutorial_dag.py
[2023-06-23T13:55:55.291+0000] {logging_mixin.py:149} INFO - [2023-06-23T13:55:55.291+0000] {dag.py:2726} INFO - Sync 1 DAGs
[2023-06-23T13:55:55.315+0000] {logging_mixin.py:149} INFO - [2023-06-23T13:55:55.315+0000] {dag.py:3490} INFO - Setting next_dagrun for tutorial_dag to None, run_after=None
[2023-06-23T13:55:55.333+0000] {processor.py:179} INFO - Processing /home/airflow/.local/lib/python3.7/site-packages/airflow/example_dags/tutorial_dag.py took 0.075 seconds
[2023-06-23T13:56:25.810+0000] {processor.py:157} INFO - Started process (PID=2352) to work on /home/airflow/.local/lib/python3.7/site-packages/airflow/example_dags/tutorial_dag.py
[2023-06-23T13:56:25.811+0000] {processor.py:826} INFO - Processing file /home/airflow/.local/lib/python3.7/site-packages/airflow/example_dags/tutorial_dag.py for tasks to queue
[2023-06-23T13:56:25.812+0000] {logging_mixin.py:149} INFO - [2023-06-23T13:56:25.812+0000] {dagbag.py:541} INFO - Filling up the DagBag from /home/airflow/.local/lib/python3.7/site-packages/airflow/example_dags/tutorial_dag.py
[2023-06-23T13:56:25.816+0000] {processor.py:836} INFO - DAG(s) dict_keys(['tutorial_dag']) retrieved from /home/airflow/.local/lib/python3.7/site-packages/airflow/example_dags/tutorial_dag.py
[2023-06-23T13:56:25.837+0000] {logging_mixin.py:149} INFO - [2023-06-23T13:56:25.837+0000] {dag.py:2726} INFO - Sync 1 DAGs
[2023-06-23T13:56:25.861+0000] {logging_mixin.py:149} INFO - [2023-06-23T13:56:25.861+0000] {dag.py:3490} INFO - Setting next_dagrun for tutorial_dag to None, run_after=None
[2023-06-23T13:56:25.880+0000] {processor.py:179} INFO - Processing /home/airflow/.local/lib/python3.7/site-packages/airflow/example_dags/tutorial_dag.py took 0.073 seconds
[2023-06-23T13:56:56.040+0000] {processor.py:157} INFO - Started process (PID=2418) to work on /home/airflow/.local/lib/python3.7/site-packages/airflow/example_dags/tutorial_dag.py
[2023-06-23T13:56:56.040+0000] {processor.py:826} INFO - Processing file /home/airflow/.local/lib/python3.7/site-packages/airflow/example_dags/tutorial_dag.py for tasks to queue
[2023-06-23T13:56:56.041+0000] {logging_mixin.py:149} INFO - [2023-06-23T13:56:56.041+0000] {dagbag.py:541} INFO - Filling up the DagBag from /home/airflow/.local/lib/python3.7/site-packages/airflow/example_dags/tutorial_dag.py
[2023-06-23T13:56:56.046+0000] {processor.py:836} INFO - DAG(s) dict_keys(['tutorial_dag']) retrieved from /home/airflow/.local/lib/python3.7/site-packages/airflow/example_dags/tutorial_dag.py
[2023-06-23T13:56:56.070+0000] {logging_mixin.py:149} INFO - [2023-06-23T13:56:56.070+0000] {dag.py:2726} INFO - Sync 1 DAGs
[2023-06-23T13:56:56.095+0000] {logging_mixin.py:149} INFO - [2023-06-23T13:56:56.095+0000] {dag.py:3490} INFO - Setting next_dagrun for tutorial_dag to None, run_after=None
[2023-06-23T13:56:56.114+0000] {processor.py:179} INFO - Processing /home/airflow/.local/lib/python3.7/site-packages/airflow/example_dags/tutorial_dag.py took 0.077 seconds
[2023-06-23T13:57:26.430+0000] {processor.py:157} INFO - Started process (PID=2484) to work on /home/airflow/.local/lib/python3.7/site-packages/airflow/example_dags/tutorial_dag.py
[2023-06-23T13:57:26.431+0000] {processor.py:826} INFO - Processing file /home/airflow/.local/lib/python3.7/site-packages/airflow/example_dags/tutorial_dag.py for tasks to queue
[2023-06-23T13:57:26.432+0000] {logging_mixin.py:149} INFO - [2023-06-23T13:57:26.432+0000] {dagbag.py:541} INFO - Filling up the DagBag from /home/airflow/.local/lib/python3.7/site-packages/airflow/example_dags/tutorial_dag.py
[2023-06-23T13:57:26.436+0000] {processor.py:836} INFO - DAG(s) dict_keys(['tutorial_dag']) retrieved from /home/airflow/.local/lib/python3.7/site-packages/airflow/example_dags/tutorial_dag.py
[2023-06-23T13:57:26.458+0000] {logging_mixin.py:149} INFO - [2023-06-23T13:57:26.458+0000] {dag.py:2726} INFO - Sync 1 DAGs
[2023-06-23T13:57:26.484+0000] {logging_mixin.py:149} INFO - [2023-06-23T13:57:26.484+0000] {dag.py:3490} INFO - Setting next_dagrun for tutorial_dag to None, run_after=None
[2023-06-23T13:57:26.506+0000] {processor.py:179} INFO - Processing /home/airflow/.local/lib/python3.7/site-packages/airflow/example_dags/tutorial_dag.py took 0.079 seconds
[2023-06-23T13:57:56.847+0000] {processor.py:157} INFO - Started process (PID=2550) to work on /home/airflow/.local/lib/python3.7/site-packages/airflow/example_dags/tutorial_dag.py
[2023-06-23T13:57:56.848+0000] {processor.py:826} INFO - Processing file /home/airflow/.local/lib/python3.7/site-packages/airflow/example_dags/tutorial_dag.py for tasks to queue
[2023-06-23T13:57:56.849+0000] {logging_mixin.py:149} INFO - [2023-06-23T13:57:56.849+0000] {dagbag.py:541} INFO - Filling up the DagBag from /home/airflow/.local/lib/python3.7/site-packages/airflow/example_dags/tutorial_dag.py
[2023-06-23T13:57:56.854+0000] {processor.py:836} INFO - DAG(s) dict_keys(['tutorial_dag']) retrieved from /home/airflow/.local/lib/python3.7/site-packages/airflow/example_dags/tutorial_dag.py
[2023-06-23T13:57:56.876+0000] {logging_mixin.py:149} INFO - [2023-06-23T13:57:56.876+0000] {dag.py:2726} INFO - Sync 1 DAGs
[2023-06-23T13:57:56.901+0000] {logging_mixin.py:149} INFO - [2023-06-23T13:57:56.901+0000] {dag.py:3490} INFO - Setting next_dagrun for tutorial_dag to None, run_after=None
[2023-06-23T13:57:56.920+0000] {processor.py:179} INFO - Processing /home/airflow/.local/lib/python3.7/site-packages/airflow/example_dags/tutorial_dag.py took 0.076 seconds
[2023-06-23T13:58:27.108+0000] {processor.py:157} INFO - Started process (PID=2616) to work on /home/airflow/.local/lib/python3.7/site-packages/airflow/example_dags/tutorial_dag.py
[2023-06-23T13:58:27.109+0000] {processor.py:826} INFO - Processing file /home/airflow/.local/lib/python3.7/site-packages/airflow/example_dags/tutorial_dag.py for tasks to queue
[2023-06-23T13:58:27.110+0000] {logging_mixin.py:149} INFO - [2023-06-23T13:58:27.110+0000] {dagbag.py:541} INFO - Filling up the DagBag from /home/airflow/.local/lib/python3.7/site-packages/airflow/example_dags/tutorial_dag.py
[2023-06-23T13:58:27.115+0000] {processor.py:836} INFO - DAG(s) dict_keys(['tutorial_dag']) retrieved from /home/airflow/.local/lib/python3.7/site-packages/airflow/example_dags/tutorial_dag.py
[2023-06-23T13:58:27.136+0000] {logging_mixin.py:149} INFO - [2023-06-23T13:58:27.136+0000] {dag.py:2726} INFO - Sync 1 DAGs
[2023-06-23T13:58:27.159+0000] {logging_mixin.py:149} INFO - [2023-06-23T13:58:27.159+0000] {dag.py:3490} INFO - Setting next_dagrun for tutorial_dag to None, run_after=None
[2023-06-23T13:58:27.177+0000] {processor.py:179} INFO - Processing /home/airflow/.local/lib/python3.7/site-packages/airflow/example_dags/tutorial_dag.py took 0.072 seconds
[2023-06-23T13:58:57.535+0000] {processor.py:157} INFO - Started process (PID=2682) to work on /home/airflow/.local/lib/python3.7/site-packages/airflow/example_dags/tutorial_dag.py
[2023-06-23T13:58:57.536+0000] {processor.py:826} INFO - Processing file /home/airflow/.local/lib/python3.7/site-packages/airflow/example_dags/tutorial_dag.py for tasks to queue
[2023-06-23T13:58:57.537+0000] {logging_mixin.py:149} INFO - [2023-06-23T13:58:57.537+0000] {dagbag.py:541} INFO - Filling up the DagBag from /home/airflow/.local/lib/python3.7/site-packages/airflow/example_dags/tutorial_dag.py
[2023-06-23T13:58:57.541+0000] {processor.py:836} INFO - DAG(s) dict_keys(['tutorial_dag']) retrieved from /home/airflow/.local/lib/python3.7/site-packages/airflow/example_dags/tutorial_dag.py
[2023-06-23T13:58:57.563+0000] {logging_mixin.py:149} INFO - [2023-06-23T13:58:57.563+0000] {dag.py:2726} INFO - Sync 1 DAGs
[2023-06-23T13:58:57.585+0000] {logging_mixin.py:149} INFO - [2023-06-23T13:58:57.585+0000] {dag.py:3490} INFO - Setting next_dagrun for tutorial_dag to None, run_after=None
[2023-06-23T13:58:57.604+0000] {processor.py:179} INFO - Processing /home/airflow/.local/lib/python3.7/site-packages/airflow/example_dags/tutorial_dag.py took 0.072 seconds
[2023-06-23T13:59:27.914+0000] {processor.py:157} INFO - Started process (PID=2748) to work on /home/airflow/.local/lib/python3.7/site-packages/airflow/example_dags/tutorial_dag.py
[2023-06-23T13:59:27.915+0000] {processor.py:826} INFO - Processing file /home/airflow/.local/lib/python3.7/site-packages/airflow/example_dags/tutorial_dag.py for tasks to queue
[2023-06-23T13:59:27.916+0000] {logging_mixin.py:149} INFO - [2023-06-23T13:59:27.916+0000] {dagbag.py:541} INFO - Filling up the DagBag from /home/airflow/.local/lib/python3.7/site-packages/airflow/example_dags/tutorial_dag.py
[2023-06-23T13:59:27.921+0000] {processor.py:836} INFO - DAG(s) dict_keys(['tutorial_dag']) retrieved from /home/airflow/.local/lib/python3.7/site-packages/airflow/example_dags/tutorial_dag.py
[2023-06-23T13:59:27.943+0000] {logging_mixin.py:149} INFO - [2023-06-23T13:59:27.943+0000] {dag.py:2726} INFO - Sync 1 DAGs
[2023-06-23T13:59:27.967+0000] {logging_mixin.py:149} INFO - [2023-06-23T13:59:27.967+0000] {dag.py:3490} INFO - Setting next_dagrun for tutorial_dag to None, run_after=None
[2023-06-23T13:59:27.986+0000] {processor.py:179} INFO - Processing /home/airflow/.local/lib/python3.7/site-packages/airflow/example_dags/tutorial_dag.py took 0.075 seconds
[2023-06-23T13:59:58.196+0000] {processor.py:157} INFO - Started process (PID=2814) to work on /home/airflow/.local/lib/python3.7/site-packages/airflow/example_dags/tutorial_dag.py
[2023-06-23T13:59:58.197+0000] {processor.py:826} INFO - Processing file /home/airflow/.local/lib/python3.7/site-packages/airflow/example_dags/tutorial_dag.py for tasks to queue
[2023-06-23T13:59:58.198+0000] {logging_mixin.py:149} INFO - [2023-06-23T13:59:58.198+0000] {dagbag.py:541} INFO - Filling up the DagBag from /home/airflow/.local/lib/python3.7/site-packages/airflow/example_dags/tutorial_dag.py
[2023-06-23T13:59:58.202+0000] {processor.py:836} INFO - DAG(s) dict_keys(['tutorial_dag']) retrieved from /home/airflow/.local/lib/python3.7/site-packages/airflow/example_dags/tutorial_dag.py
[2023-06-23T13:59:58.224+0000] {logging_mixin.py:149} INFO - [2023-06-23T13:59:58.224+0000] {dag.py:2726} INFO - Sync 1 DAGs
[2023-06-23T13:59:58.248+0000] {logging_mixin.py:149} INFO - [2023-06-23T13:59:58.248+0000] {dag.py:3490} INFO - Setting next_dagrun for tutorial_dag to None, run_after=None
[2023-06-23T13:59:58.268+0000] {processor.py:179} INFO - Processing /home/airflow/.local/lib/python3.7/site-packages/airflow/example_dags/tutorial_dag.py took 0.075 seconds
[2023-06-23T14:00:28.411+0000] {processor.py:157} INFO - Started process (PID=2879) to work on /home/airflow/.local/lib/python3.7/site-packages/airflow/example_dags/tutorial_dag.py
[2023-06-23T14:00:28.412+0000] {processor.py:826} INFO - Processing file /home/airflow/.local/lib/python3.7/site-packages/airflow/example_dags/tutorial_dag.py for tasks to queue
[2023-06-23T14:00:28.413+0000] {logging_mixin.py:149} INFO - [2023-06-23T14:00:28.413+0000] {dagbag.py:541} INFO - Filling up the DagBag from /home/airflow/.local/lib/python3.7/site-packages/airflow/example_dags/tutorial_dag.py
[2023-06-23T14:00:28.419+0000] {processor.py:836} INFO - DAG(s) dict_keys(['tutorial_dag']) retrieved from /home/airflow/.local/lib/python3.7/site-packages/airflow/example_dags/tutorial_dag.py
[2023-06-23T14:00:28.444+0000] {logging_mixin.py:149} INFO - [2023-06-23T14:00:28.444+0000] {dag.py:2726} INFO - Sync 1 DAGs
[2023-06-23T14:00:28.470+0000] {logging_mixin.py:149} INFO - [2023-06-23T14:00:28.470+0000] {dag.py:3490} INFO - Setting next_dagrun for tutorial_dag to None, run_after=None
[2023-06-23T14:00:28.491+0000] {processor.py:179} INFO - Processing /home/airflow/.local/lib/python3.7/site-packages/airflow/example_dags/tutorial_dag.py took 0.083 seconds
[2023-06-23T14:00:58.848+0000] {processor.py:157} INFO - Started process (PID=2946) to work on /home/airflow/.local/lib/python3.7/site-packages/airflow/example_dags/tutorial_dag.py
[2023-06-23T14:00:58.850+0000] {processor.py:826} INFO - Processing file /home/airflow/.local/lib/python3.7/site-packages/airflow/example_dags/tutorial_dag.py for tasks to queue
[2023-06-23T14:00:58.851+0000] {logging_mixin.py:149} INFO - [2023-06-23T14:00:58.850+0000] {dagbag.py:541} INFO - Filling up the DagBag from /home/airflow/.local/lib/python3.7/site-packages/airflow/example_dags/tutorial_dag.py
[2023-06-23T14:00:58.855+0000] {processor.py:836} INFO - DAG(s) dict_keys(['tutorial_dag']) retrieved from /home/airflow/.local/lib/python3.7/site-packages/airflow/example_dags/tutorial_dag.py
[2023-06-23T14:00:58.880+0000] {logging_mixin.py:149} INFO - [2023-06-23T14:00:58.879+0000] {dag.py:2726} INFO - Sync 1 DAGs
[2023-06-23T14:00:58.909+0000] {logging_mixin.py:149} INFO - [2023-06-23T14:00:58.908+0000] {dag.py:3490} INFO - Setting next_dagrun for tutorial_dag to None, run_after=None
[2023-06-23T14:00:58.931+0000] {processor.py:179} INFO - Processing /home/airflow/.local/lib/python3.7/site-packages/airflow/example_dags/tutorial_dag.py took 0.086 seconds
[2023-06-23T14:01:29.177+0000] {processor.py:157} INFO - Started process (PID=3013) to work on /home/airflow/.local/lib/python3.7/site-packages/airflow/example_dags/tutorial_dag.py
[2023-06-23T14:01:29.179+0000] {processor.py:826} INFO - Processing file /home/airflow/.local/lib/python3.7/site-packages/airflow/example_dags/tutorial_dag.py for tasks to queue
[2023-06-23T14:01:29.180+0000] {logging_mixin.py:149} INFO - [2023-06-23T14:01:29.179+0000] {dagbag.py:541} INFO - Filling up the DagBag from /home/airflow/.local/lib/python3.7/site-packages/airflow/example_dags/tutorial_dag.py
[2023-06-23T14:01:29.184+0000] {processor.py:836} INFO - DAG(s) dict_keys(['tutorial_dag']) retrieved from /home/airflow/.local/lib/python3.7/site-packages/airflow/example_dags/tutorial_dag.py
[2023-06-23T14:01:29.208+0000] {logging_mixin.py:149} INFO - [2023-06-23T14:01:29.208+0000] {dag.py:2726} INFO - Sync 1 DAGs
[2023-06-23T14:01:29.234+0000] {logging_mixin.py:149} INFO - [2023-06-23T14:01:29.234+0000] {dag.py:3490} INFO - Setting next_dagrun for tutorial_dag to None, run_after=None
[2023-06-23T14:01:29.253+0000] {processor.py:179} INFO - Processing /home/airflow/.local/lib/python3.7/site-packages/airflow/example_dags/tutorial_dag.py took 0.079 seconds
[2023-06-23T14:01:59.482+0000] {processor.py:157} INFO - Started process (PID=3079) to work on /home/airflow/.local/lib/python3.7/site-packages/airflow/example_dags/tutorial_dag.py
[2023-06-23T14:01:59.483+0000] {processor.py:826} INFO - Processing file /home/airflow/.local/lib/python3.7/site-packages/airflow/example_dags/tutorial_dag.py for tasks to queue
[2023-06-23T14:01:59.484+0000] {logging_mixin.py:149} INFO - [2023-06-23T14:01:59.484+0000] {dagbag.py:541} INFO - Filling up the DagBag from /home/airflow/.local/lib/python3.7/site-packages/airflow/example_dags/tutorial_dag.py
[2023-06-23T14:01:59.488+0000] {processor.py:836} INFO - DAG(s) dict_keys(['tutorial_dag']) retrieved from /home/airflow/.local/lib/python3.7/site-packages/airflow/example_dags/tutorial_dag.py
[2023-06-23T14:01:59.510+0000] {logging_mixin.py:149} INFO - [2023-06-23T14:01:59.510+0000] {dag.py:2726} INFO - Sync 1 DAGs
[2023-06-23T14:01:59.532+0000] {logging_mixin.py:149} INFO - [2023-06-23T14:01:59.532+0000] {dag.py:3490} INFO - Setting next_dagrun for tutorial_dag to None, run_after=None
[2023-06-23T14:01:59.550+0000] {processor.py:179} INFO - Processing /home/airflow/.local/lib/python3.7/site-packages/airflow/example_dags/tutorial_dag.py took 0.071 seconds
[2023-06-23T14:02:29.815+0000] {processor.py:157} INFO - Started process (PID=3145) to work on /home/airflow/.local/lib/python3.7/site-packages/airflow/example_dags/tutorial_dag.py
[2023-06-23T14:02:29.816+0000] {processor.py:826} INFO - Processing file /home/airflow/.local/lib/python3.7/site-packages/airflow/example_dags/tutorial_dag.py for tasks to queue
[2023-06-23T14:02:29.817+0000] {logging_mixin.py:149} INFO - [2023-06-23T14:02:29.817+0000] {dagbag.py:541} INFO - Filling up the DagBag from /home/airflow/.local/lib/python3.7/site-packages/airflow/example_dags/tutorial_dag.py
[2023-06-23T14:02:29.822+0000] {processor.py:836} INFO - DAG(s) dict_keys(['tutorial_dag']) retrieved from /home/airflow/.local/lib/python3.7/site-packages/airflow/example_dags/tutorial_dag.py
[2023-06-23T14:02:29.842+0000] {logging_mixin.py:149} INFO - [2023-06-23T14:02:29.842+0000] {dag.py:2726} INFO - Sync 1 DAGs
[2023-06-23T14:02:29.865+0000] {logging_mixin.py:149} INFO - [2023-06-23T14:02:29.865+0000] {dag.py:3490} INFO - Setting next_dagrun for tutorial_dag to None, run_after=None
[2023-06-23T14:02:29.883+0000] {processor.py:179} INFO - Processing /home/airflow/.local/lib/python3.7/site-packages/airflow/example_dags/tutorial_dag.py took 0.070 seconds
[2023-06-23T14:03:00.168+0000] {processor.py:157} INFO - Started process (PID=3211) to work on /home/airflow/.local/lib/python3.7/site-packages/airflow/example_dags/tutorial_dag.py
[2023-06-23T14:03:00.169+0000] {processor.py:826} INFO - Processing file /home/airflow/.local/lib/python3.7/site-packages/airflow/example_dags/tutorial_dag.py for tasks to queue
[2023-06-23T14:03:00.170+0000] {logging_mixin.py:149} INFO - [2023-06-23T14:03:00.170+0000] {dagbag.py:541} INFO - Filling up the DagBag from /home/airflow/.local/lib/python3.7/site-packages/airflow/example_dags/tutorial_dag.py
[2023-06-23T14:03:00.175+0000] {processor.py:836} INFO - DAG(s) dict_keys(['tutorial_dag']) retrieved from /home/airflow/.local/lib/python3.7/site-packages/airflow/example_dags/tutorial_dag.py
[2023-06-23T14:03:00.196+0000] {logging_mixin.py:149} INFO - [2023-06-23T14:03:00.196+0000] {dag.py:2726} INFO - Sync 1 DAGs
[2023-06-23T14:03:00.219+0000] {logging_mixin.py:149} INFO - [2023-06-23T14:03:00.219+0000] {dag.py:3490} INFO - Setting next_dagrun for tutorial_dag to None, run_after=None
[2023-06-23T14:03:00.239+0000] {processor.py:179} INFO - Processing /home/airflow/.local/lib/python3.7/site-packages/airflow/example_dags/tutorial_dag.py took 0.074 seconds
[2023-06-23T14:03:30.387+0000] {processor.py:157} INFO - Started process (PID=3277) to work on /home/airflow/.local/lib/python3.7/site-packages/airflow/example_dags/tutorial_dag.py
[2023-06-23T14:03:30.388+0000] {processor.py:826} INFO - Processing file /home/airflow/.local/lib/python3.7/site-packages/airflow/example_dags/tutorial_dag.py for tasks to queue
[2023-06-23T14:03:30.389+0000] {logging_mixin.py:149} INFO - [2023-06-23T14:03:30.389+0000] {dagbag.py:541} INFO - Filling up the DagBag from /home/airflow/.local/lib/python3.7/site-packages/airflow/example_dags/tutorial_dag.py
[2023-06-23T14:03:30.393+0000] {processor.py:836} INFO - DAG(s) dict_keys(['tutorial_dag']) retrieved from /home/airflow/.local/lib/python3.7/site-packages/airflow/example_dags/tutorial_dag.py
[2023-06-23T14:03:30.416+0000] {logging_mixin.py:149} INFO - [2023-06-23T14:03:30.415+0000] {dag.py:2726} INFO - Sync 1 DAGs
[2023-06-23T14:03:30.439+0000] {logging_mixin.py:149} INFO - [2023-06-23T14:03:30.439+0000] {dag.py:3490} INFO - Setting next_dagrun for tutorial_dag to None, run_after=None
[2023-06-23T14:03:30.457+0000] {processor.py:179} INFO - Processing /home/airflow/.local/lib/python3.7/site-packages/airflow/example_dags/tutorial_dag.py took 0.073 seconds
[2023-06-23T14:04:00.702+0000] {processor.py:157} INFO - Started process (PID=3343) to work on /home/airflow/.local/lib/python3.7/site-packages/airflow/example_dags/tutorial_dag.py
[2023-06-23T14:04:00.703+0000] {processor.py:826} INFO - Processing file /home/airflow/.local/lib/python3.7/site-packages/airflow/example_dags/tutorial_dag.py for tasks to queue
[2023-06-23T14:04:00.705+0000] {logging_mixin.py:149} INFO - [2023-06-23T14:04:00.704+0000] {dagbag.py:541} INFO - Filling up the DagBag from /home/airflow/.local/lib/python3.7/site-packages/airflow/example_dags/tutorial_dag.py
[2023-06-23T14:04:00.709+0000] {processor.py:836} INFO - DAG(s) dict_keys(['tutorial_dag']) retrieved from /home/airflow/.local/lib/python3.7/site-packages/airflow/example_dags/tutorial_dag.py
[2023-06-23T14:04:00.735+0000] {logging_mixin.py:149} INFO - [2023-06-23T14:04:00.735+0000] {dag.py:2726} INFO - Sync 1 DAGs
[2023-06-23T14:04:00.763+0000] {logging_mixin.py:149} INFO - [2023-06-23T14:04:00.763+0000] {dag.py:3490} INFO - Setting next_dagrun for tutorial_dag to None, run_after=None
[2023-06-23T14:04:00.791+0000] {processor.py:179} INFO - Processing /home/airflow/.local/lib/python3.7/site-packages/airflow/example_dags/tutorial_dag.py took 0.092 seconds
