[2023-06-23T13:14:32.179+0000] {processor.py:157} INFO - Started process (PID=69) to work on /home/airflow/.local/lib/python3.7/site-packages/airflow/example_dags/tutorial.py
[2023-06-23T13:14:32.181+0000] {processor.py:826} INFO - Processing file /home/airflow/.local/lib/python3.7/site-packages/airflow/example_dags/tutorial.py for tasks to queue
[2023-06-23T13:14:32.183+0000] {logging_mixin.py:149} INFO - [2023-06-23T13:14:32.182+0000] {dagbag.py:541} INFO - Filling up the DagBag from /home/airflow/.local/lib/python3.7/site-packages/airflow/example_dags/tutorial.py
[2023-06-23T13:14:32.191+0000] {processor.py:836} INFO - DAG(s) dict_keys(['tutorial']) retrieved from /home/airflow/.local/lib/python3.7/site-packages/airflow/example_dags/tutorial.py
[2023-06-23T13:14:32.206+0000] {logging_mixin.py:149} INFO - [2023-06-23T13:14:32.206+0000] {dag.py:2726} INFO - Sync 1 DAGs
[2023-06-23T13:14:32.238+0000] {logging_mixin.py:149} INFO - [2023-06-23T13:14:32.238+0000] {dag.py:3490} INFO - Setting next_dagrun for tutorial to 2023-06-22T13:14:32.238294+00:00, run_after=2023-06-23T13:14:32.238294+00:00
[2023-06-23T13:14:32.264+0000] {processor.py:179} INFO - Processing /home/airflow/.local/lib/python3.7/site-packages/airflow/example_dags/tutorial.py took 0.089 seconds
[2023-06-23T13:15:02.657+0000] {processor.py:157} INFO - Started process (PID=135) to work on /home/airflow/.local/lib/python3.7/site-packages/airflow/example_dags/tutorial.py
[2023-06-23T13:15:02.659+0000] {processor.py:826} INFO - Processing file /home/airflow/.local/lib/python3.7/site-packages/airflow/example_dags/tutorial.py for tasks to queue
[2023-06-23T13:15:02.660+0000] {logging_mixin.py:149} INFO - [2023-06-23T13:15:02.660+0000] {dagbag.py:541} INFO - Filling up the DagBag from /home/airflow/.local/lib/python3.7/site-packages/airflow/example_dags/tutorial.py
[2023-06-23T13:15:02.665+0000] {processor.py:836} INFO - DAG(s) dict_keys(['tutorial']) retrieved from /home/airflow/.local/lib/python3.7/site-packages/airflow/example_dags/tutorial.py
[2023-06-23T13:15:02.679+0000] {logging_mixin.py:149} INFO - [2023-06-23T13:15:02.678+0000] {dag.py:2726} INFO - Sync 1 DAGs
[2023-06-23T13:15:02.703+0000] {logging_mixin.py:149} INFO - [2023-06-23T13:15:02.703+0000] {dag.py:3490} INFO - Setting next_dagrun for tutorial to 2023-06-22T13:15:02.703357+00:00, run_after=2023-06-23T13:15:02.703357+00:00
[2023-06-23T13:15:02.726+0000] {processor.py:179} INFO - Processing /home/airflow/.local/lib/python3.7/site-packages/airflow/example_dags/tutorial.py took 0.072 seconds
[2023-06-23T13:15:32.959+0000] {processor.py:157} INFO - Started process (PID=201) to work on /home/airflow/.local/lib/python3.7/site-packages/airflow/example_dags/tutorial.py
[2023-06-23T13:15:32.960+0000] {processor.py:826} INFO - Processing file /home/airflow/.local/lib/python3.7/site-packages/airflow/example_dags/tutorial.py for tasks to queue
[2023-06-23T13:15:32.961+0000] {logging_mixin.py:149} INFO - [2023-06-23T13:15:32.961+0000] {dagbag.py:541} INFO - Filling up the DagBag from /home/airflow/.local/lib/python3.7/site-packages/airflow/example_dags/tutorial.py
[2023-06-23T13:15:32.966+0000] {processor.py:836} INFO - DAG(s) dict_keys(['tutorial']) retrieved from /home/airflow/.local/lib/python3.7/site-packages/airflow/example_dags/tutorial.py
[2023-06-23T13:15:32.987+0000] {logging_mixin.py:149} INFO - [2023-06-23T13:15:32.987+0000] {dag.py:2726} INFO - Sync 1 DAGs
[2023-06-23T13:15:33.009+0000] {logging_mixin.py:149} INFO - [2023-06-23T13:15:33.009+0000] {dag.py:3490} INFO - Setting next_dagrun for tutorial to 2023-06-22T13:15:33.008982+00:00, run_after=2023-06-23T13:15:33.008982+00:00
[2023-06-23T13:15:33.028+0000] {processor.py:179} INFO - Processing /home/airflow/.local/lib/python3.7/site-packages/airflow/example_dags/tutorial.py took 0.072 seconds
[2023-06-23T13:16:03.168+0000] {processor.py:157} INFO - Started process (PID=267) to work on /home/airflow/.local/lib/python3.7/site-packages/airflow/example_dags/tutorial.py
[2023-06-23T13:16:03.170+0000] {processor.py:826} INFO - Processing file /home/airflow/.local/lib/python3.7/site-packages/airflow/example_dags/tutorial.py for tasks to queue
[2023-06-23T13:16:03.171+0000] {logging_mixin.py:149} INFO - [2023-06-23T13:16:03.171+0000] {dagbag.py:541} INFO - Filling up the DagBag from /home/airflow/.local/lib/python3.7/site-packages/airflow/example_dags/tutorial.py
[2023-06-23T13:16:03.176+0000] {processor.py:836} INFO - DAG(s) dict_keys(['tutorial']) retrieved from /home/airflow/.local/lib/python3.7/site-packages/airflow/example_dags/tutorial.py
[2023-06-23T13:16:03.198+0000] {logging_mixin.py:149} INFO - [2023-06-23T13:16:03.198+0000] {dag.py:2726} INFO - Sync 1 DAGs
[2023-06-23T13:16:03.226+0000] {logging_mixin.py:149} INFO - [2023-06-23T13:16:03.226+0000] {dag.py:3490} INFO - Setting next_dagrun for tutorial to 2023-06-22T13:16:03.225874+00:00, run_after=2023-06-23T13:16:03.225874+00:00
[2023-06-23T13:16:03.251+0000] {processor.py:179} INFO - Processing /home/airflow/.local/lib/python3.7/site-packages/airflow/example_dags/tutorial.py took 0.085 seconds
